--------- beginning of /dev/log/main
--------- beginning of /dev/log/system
V/DBox    (  579): 87591 + Lcom/facebook/katana/provider/LoggingProvider; onCreate
V/DBox    (  579): 87641 - Lcom/facebook/katana/provider/LoggingProvider; onCreate
V/DBox    (  579): 87651 + Lcom/facebook/katana/provider/NotificationsProvider; onCreate
V/DBox    (  579): 87651 - Lcom/facebook/katana/provider/NotificationsProvider; onCreate
V/DBox    (  579): 87658 + Lcom/facebook/katana/provider/KeyValueProvider; onCreate
V/DBox    (  579): 87658 - Lcom/facebook/katana/provider/KeyValueProvider; onCreate
V/DBox    (  579): 87659 + Lcom/facebook/katana/provider/UserValuesProvider; onCreate
V/DBox    (  579): 87661 - Lcom/facebook/katana/provider/UserValuesProvider; onCreate
V/DBox    (  579): 87672 + Lcom/facebook/katana/provider/FriendsProvider; onCreate
V/DBox    (  579): 87672 - Lcom/facebook/katana/provider/FriendsProvider; onCreate
V/DBox    (  579): 87686 + Lcom/facebook/katana/provider/MailboxProvider; onCreate
V/DBox    (  579): 87687 - Lcom/facebook/katana/provider/MailboxProvider; onCreate
V/DBox    (  579): 87692 + Lcom/facebook/katana/provider/UserStatusesProvider; onCreate
V/DBox    (  579): 87699 - Lcom/facebook/katana/provider/UserStatusesProvider; onCreate
V/DBox    (  579): 87706 + Lcom/facebook/katana/provider/PhotosProvider; onCreate
V/DBox    (  579): 87706 - Lcom/facebook/katana/provider/PhotosProvider; onCreate
V/DBox    (  579): 87710 + Lcom/facebook/katana/provider/EventsProvider; onCreate
V/DBox    (  579): 87711 - Lcom/facebook/katana/provider/EventsProvider; onCreate
V/DBox    (  579): 87726 + Lcom/facebook/katana/LoginActivity; onCreate
V/DBox    (  579): 87894 - Lcom/facebook/katana/LoginActivity; onCreate
V/DBox    (  579): 87894 + Lcom/facebook/katana/LoginActivity; onResume
V/DBox    (  579): 87895 + Lcom/facebook/katana/FacebookActivity; onResume
V/DBox    (  579): 87911 - Lcom/facebook/katana/FacebookActivity; onResume
V/DBox    (  579): 87918 - Lcom/facebook/katana/LoginActivity; onResume
V/DBox    (  579): 103782 + Lcom/facebook/katana/LoginActivity; onClick android.widget.Button@43f3b988
V/DBox    (  579): 103852 - Lcom/facebook/katana/LoginActivity; onClick
V/DBox    (  579): 103873 + Lcom/facebook/katana/service/FacebookService; onCreate
V/DBox    (  579): 103876 - Lcom/facebook/katana/service/FacebookService; onCreate
V/DBox    (  579): 103877 + Lcom/facebook/katana/service/FacebookService; onStart
V/DBox    (  579): 103915 - Lcom/facebook/katana/service/FacebookService; onStart
V/DBox    (  579): 106431 < Lcom/facebook/katana/binding/AppSession; releaseWakeLock
V/DBox    (  579): 106439 + Lcom/facebook/katana/LoginActivity; onPause
V/DBox    (  579): 106441 + Lcom/facebook/katana/FacebookActivity; onPause
V/DBox    (  579): 106442 - Lcom/facebook/katana/FacebookActivity; onPause
V/DBox    (  579): 106444 - Lcom/facebook/katana/LoginActivity; onPause
V/DBox    (  579): 106456 + Lcom/facebook/katana/SyncContactsSetupActivity; onCreate
V/DBox    (  579): 106652 - Lcom/facebook/katana/SyncContactsSetupActivity; onCreate
V/DBox    (  579): 106653 + Lcom/facebook/katana/FacebookActivity; onResume
V/DBox    (  579): 106657 - Lcom/facebook/katana/FacebookActivity; onResume
V/DBox    (  579): 106873 + Lcom/facebook/katana/LoginActivity; onDestroy
V/DBox    (  579): 106875 - Lcom/facebook/katana/LoginActivity; onDestroy
V/DBox    (  579): 107393 + Lcom/facebook/katana/service/FacebookService; onCreate
V/DBox    (  579): 107394 - Lcom/facebook/katana/service/FacebookService; onCreate
V/DBox    (  579): 107397 + Lcom/facebook/katana/service/FacebookService; onStart
V/DBox    (  579): 107417 > Lcom/facebook/katana/binding/AppSession; acquireWakeLock
V/DBox    (  579): 107419 - Lcom/facebook/katana/service/FacebookService; onStart
V/DBox    (  579): 107421 + Lcom/facebook/katana/service/FacebookService; onStart
V/DBox    (  579): 107445 - Lcom/facebook/katana/service/FacebookService; onStart
V/DBox    (  579): 108109 + Lcom/facebook/katana/service/FacebookService; onStart
V/DBox    (  579): 108115 - Lcom/facebook/katana/service/FacebookService; onStart
V/DBox    (  579): 108116 + Lcom/facebook/katana/service/FacebookService; onStart
V/DBox    (  579): 108117 - Lcom/facebook/katana/service/FacebookService; onStart
V/DBox    (  579): 108117 + Lcom/facebook/katana/service/FacebookService; onStart
V/DBox    (  579): 108117 - Lcom/facebook/katana/service/FacebookService; onStart
V/DBox    (  579): 108118 + Lcom/facebook/katana/service/FacebookService; onStart
V/DBox    (  579): 108121 - Lcom/facebook/katana/service/FacebookService; onStart
V/DBox    (  579): 108128 + Lcom/facebook/katana/service/FacebookService; onStart
V/DBox    (  579): 108129 - Lcom/facebook/katana/service/FacebookService; onStart
V/DBox    (  579): 108131 + Lcom/facebook/katana/service/FacebookService; onStart
V/DBox    (  579): 108134 - Lcom/facebook/katana/service/FacebookService; onStart
V/DBox    (  579): 108135 + Lcom/facebook/katana/service/FacebookService; onStart
V/DBox    (  579): 108136 - Lcom/facebook/katana/service/FacebookService; onStart
V/DBox    (  579): 108623 + Lcom/facebook/katana/SyncContactsSetupActivity; onClick android.widget.RelativeLayout@43fb4ab0
V/DBox    (  579): 108624 - Lcom/facebook/katana/SyncContactsSetupActivity; onClick
V/DBox    (  579): 108757 + Lcom/facebook/katana/SyncContactsSetupActivity; onClick android.widget.RelativeLayout@43fb4ab0
V/DBox    (  579): 108757 - Lcom/facebook/katana/SyncContactsSetupActivity; onClick
V/DBox    (  579): 109107 + Lcom/facebook/katana/service/FacebookService; onStart
V/DBox    (  579): 109108 > Lcom/facebook/katana/binding/AppSession; acquireWakeLock
V/DBox    (  579): 109112 - Lcom/facebook/katana/service/FacebookService; onStart
V/DBox    (  579): 109113 + Lcom/facebook/katana/service/FacebookService; onStart
V/DBox    (  579): 109186 - Lcom/facebook/katana/service/FacebookService; onStart
V/DBox    (  579): 109707 + Lcom/facebook/katana/SyncContactsSetupActivity; onClick android.widget.Button@43fca198
V/DBox    (  579): 109733 - Lcom/facebook/katana/SyncContactsSetupActivity; onClick
V/DBox    (  579): 109737 + Lcom/facebook/katana/FacebookActivity; onPause
V/DBox    (  579): 109738 - Lcom/facebook/katana/FacebookActivity; onPause
V/DBox    (  579): 109752 + Lcom/facebook/katana/HelpfulHintsActivity; onCreate
V/DBox    (  579): 109801 - Lcom/facebook/katana/HelpfulHintsActivity; onCreate
V/DBox    (  579): 109803 + Lcom/facebook/katana/FacebookActivity; onResume
V/DBox    (  579): 109803 - Lcom/facebook/katana/FacebookActivity; onResume
V/DBox    (  579): 111190 < Lcom/facebook/katana/binding/AppSession; releaseWakeLock
V/DBox    (  579): 113259 + Lcom/facebook/katana/HelpfulHintsActivity; onClick android.widget.Button@43f282f0
V/DBox    (  579): 113333 - Lcom/facebook/katana/HelpfulHintsActivity; onClick
V/DBox    (  579): 113357 + Lcom/facebook/katana/FacebookActivity; onPause
V/DBox    (  579): 113358 - Lcom/facebook/katana/FacebookActivity; onPause
V/DBox    (  579): 113389 + Lcom/facebook/katana/StreamActivity; onCreate
V/DBox    (  579): 113447 - Lcom/facebook/katana/StreamActivity; onCreate
V/DBox    (  579): 113448 + Lcom/facebook/katana/StreamActivity; onResume
V/DBox    (  579): 113448 + Lcom/facebook/katana/FacebookListActivity; onResume
V/DBox    (  579): 113448 - Lcom/facebook/katana/FacebookListActivity; onResume
V/DBox    (  579): 113673 - Lcom/facebook/katana/StreamActivity; onResume
V/DBox    (  579): 113694 + Lcom/facebook/katana/service/FacebookService; onCreate
V/DBox    (  579): 113695 - Lcom/facebook/katana/service/FacebookService; onCreate
V/DBox    (  579): 113695 + Lcom/facebook/katana/service/FacebookService; onStart
V/DBox    (  579): 113724 - Lcom/facebook/katana/service/FacebookService; onStart
V/DBox    (  579): 114146 + Lcom/facebook/katana/service/FacebookService; onStart
V/DBox    (  579): 114184 - Lcom/facebook/katana/service/FacebookService; onStart
V/DBox    (  579): 114899 + Lcom/facebook/katana/platform/FacebookSyncAdapterService; onCreate
V/DBox    (  579): 114901 - Lcom/facebook/katana/platform/FacebookSyncAdapterService; onCreate
V/DBox    (  579): 116399 < Lcom/facebook/katana/binding/AppSession; releaseWakeLock
V/DBox    (  579): 116519 + Lcom/facebook/katana/service/FacebookService; onStart
V/DBox    (  579): 116521 > Lcom/facebook/katana/binding/AppSession; acquireWakeLock
V/DBox    (  579): 116523 - Lcom/facebook/katana/service/FacebookService; onStart
V/DBox    (  579): 116526 + Lcom/facebook/katana/service/FacebookService; onCreate
V/DBox    (  579): 116527 - Lcom/facebook/katana/service/FacebookService; onCreate
V/DBox    (  579): 116528 + Lcom/facebook/katana/service/FacebookService; onStart
V/DBox    (  579): 116532 - Lcom/facebook/katana/service/FacebookService; onStart
V/DBox    (  579): 116533 + Lcom/facebook/katana/service/FacebookService; onStart
V/DBox    (  579): 116534 > Lcom/facebook/katana/binding/AppSession; acquireWakeLock
V/DBox    (  579): 116537 - Lcom/facebook/katana/service/FacebookService; onStart
V/DBox    (  579): 116538 + Lcom/facebook/katana/service/FacebookService; onStart
V/DBox    (  579): 116539 - Lcom/facebook/katana/service/FacebookService; onStart
V/DBox    (  579): 116540 + Lcom/facebook/katana/service/FacebookService; onStart
V/DBox    (  579): 116568 - Lcom/facebook/katana/service/FacebookService; onStart
V/DBox    (  579): 116569 + Lcom/facebook/katana/service/FacebookService; onStart
V/DBox    (  579): 116600 - Lcom/facebook/katana/service/FacebookService; onStart
V/DBox    (  579): 117850 < Lcom/facebook/katana/binding/AppSession; releaseWakeLock
V/DBox    (  579): 120181 + Lcom/facebook/katana/StreamActivity; onPause
V/DBox    (  579): 120184 + Lcom/facebook/katana/FacebookListActivity; onPause
V/DBox    (  579): 120185 - Lcom/facebook/katana/FacebookListActivity; onPause
V/DBox    (  579): 120203 - Lcom/facebook/katana/StreamActivity; onPause
V/DBox    (  579): 120230 + Lcom/facebook/katana/HomeActivity; onCreate
V/DBox    (  579): 120361 - Lcom/facebook/katana/HomeActivity; onCreate
V/DBox    (  579): 120362 + Lcom/facebook/katana/HomeActivity; onResume
V/DBox    (  579): 120362 + Lcom/facebook/katana/FacebookListActivity; onResume
V/DBox    (  579): 120362 - Lcom/facebook/katana/FacebookListActivity; onResume
V/DBox    (  579): 120368 - Lcom/facebook/katana/HomeActivity; onResume
V/DBox    (  579): 120374 + Lcom/facebook/katana/service/FacebookService; onCreate
V/DBox    (  579): 120375 - Lcom/facebook/katana/service/FacebookService; onCreate
V/DBox    (  579): 120376 + Lcom/facebook/katana/service/FacebookService; onStart
V/DBox    (  579): 120383 - Lcom/facebook/katana/service/FacebookService; onStart
V/DBox    (  579): 120384 + Lcom/facebook/katana/service/FacebookService; onStart
V/DBox    (  579): 120391 - Lcom/facebook/katana/service/FacebookService; onStart
V/DBox    (  579): 120392 + Lcom/facebook/katana/service/FacebookService; onStart
V/DBox    (  579): 120404 - Lcom/facebook/katana/service/FacebookService; onStart
V/DBox    (  579): 120806 + Lcom/facebook/katana/StreamActivity; onStop
V/DBox    (  579): 120806 - Lcom/facebook/katana/StreamActivity; onStop
V/DBox    (  579): 120807 + Lcom/facebook/katana/StreamActivity; onDestroy
V/DBox    (  579): 120808 - Lcom/facebook/katana/StreamActivity; onDestroy
V/DBox    (  579): 123562 + Lcom/facebook/katana/HomeActivity; onClick android.widget.LinearLayout@44002cc0
V/DBox    (  579): 123575 - Lcom/facebook/katana/HomeActivity; onClick
V/DBox    (  579): 123582 + Lcom/facebook/katana/HomeActivity; onPause
V/DBox    (  579): 123584 + Lcom/facebook/katana/FacebookListActivity; onPause
V/DBox    (  579): 123584 - Lcom/facebook/katana/FacebookListActivity; onPause
V/DBox    (  579): 123585 - Lcom/facebook/katana/HomeActivity; onPause
V/DBox    (  579): 123624 + Lcom/facebook/katana/ProfileTabHostActivity; onCreate
V/DBox    (  579): 123690 + Lcom/facebook/katana/StreamActivity; onCreate
V/DBox    (  579): 123716 - Lcom/facebook/katana/StreamActivity; onCreate
V/DBox    (  579): 123727 - Lcom/facebook/katana/ProfileTabHostActivity; onCreate
V/DBox    (  579): 123728 + Lcom/facebook/katana/ProfileTabHostActivity; onResume
V/DBox    (  579): 123729 + Lcom/facebook/katana/FacebookTabActivity; onResume
V/DBox    (  579): 123729 + Lcom/facebook/katana/StreamActivity; onResume
V/DBox    (  579): 123730 + Lcom/facebook/katana/FacebookListActivity; onResume
V/DBox    (  579): 123730 - Lcom/facebook/katana/FacebookListActivity; onResume
V/DBox    (  579): 123738 - Lcom/facebook/katana/StreamActivity; onResume
V/DBox    (  579): 123738 - Lcom/facebook/katana/FacebookTabActivity; onResume
V/DBox    (  579): 123741 - Lcom/facebook/katana/ProfileTabHostActivity; onResume
V/DBox    (  579): 123747 + Lcom/facebook/katana/service/FacebookService; onStart
V/DBox    (  579): 123782 - Lcom/facebook/katana/service/FacebookService; onStart
V/DBox    (  579): 123859 + Lcom/facebook/katana/service/FacebookService; onStart
V/DBox    (  579): 123865 - Lcom/facebook/katana/service/FacebookService; onStart
V/DBox    (  579): 124370 + Lcom/facebook/katana/service/FacebookService; onStart
V/DBox    (  579): 124371 - Lcom/facebook/katana/service/FacebookService; onStart
V/DBox    (  579): 127313 + Lcom/facebook/katana/ProfileTabHostActivity; onPause
V/DBox    (  579): 127315 + Lcom/facebook/katana/FacebookTabActivity; onPause
V/DBox    (  579): 127316 + Lcom/facebook/katana/StreamActivity; onPause
V/DBox    (  579): 127320 + Lcom/facebook/katana/FacebookListActivity; onPause
V/DBox    (  579): 127322 - Lcom/facebook/katana/FacebookListActivity; onPause
V/DBox    (  579): 127329 - Lcom/facebook/katana/StreamActivity; onPause
V/DBox    (  579): 127331 - Lcom/facebook/katana/FacebookTabActivity; onPause
V/DBox    (  579): 127333 - Lcom/facebook/katana/ProfileTabHostActivity; onPause
V/DBox    (  579): 127352 + Lcom/facebook/katana/HomeActivity; onResume
V/DBox    (  579): 127352 + Lcom/facebook/katana/FacebookListActivity; onResume
V/DBox    (  579): 127352 - Lcom/facebook/katana/FacebookListActivity; onResume
V/DBox    (  579): 127360 - Lcom/facebook/katana/HomeActivity; onResume
V/DBox    (  579): 127372 + Lcom/facebook/katana/service/FacebookService; onStart
V/DBox    (  579): 127378 - Lcom/facebook/katana/service/FacebookService; onStart
V/DBox    (  579): 127379 + Lcom/facebook/katana/service/FacebookService; onStart
V/DBox    (  579): 127394 - Lcom/facebook/katana/service/FacebookService; onStart
V/DBox    (  579): 127738 + Lcom/facebook/katana/StreamActivity; onStop
V/DBox    (  579): 127777 - Lcom/facebook/katana/StreamActivity; onStop
V/DBox    (  579): 127778 + Lcom/facebook/katana/ProfileTabHostActivity; onDestroy
V/DBox    (  579): 127778 + Lcom/facebook/katana/StreamActivity; onDestroy
V/DBox    (  579): 127778 - Lcom/facebook/katana/StreamActivity; onDestroy
V/DBox    (  579): 127779 - Lcom/facebook/katana/ProfileTabHostActivity; onDestroy
V/DBox    (  579): 128857 + Lcom/facebook/katana/HomeActivity; onClick android.widget.LinearLayout@43f572a8
V/DBox    (  579): 128874 - Lcom/facebook/katana/HomeActivity; onClick
V/DBox    (  579): 128878 + Lcom/facebook/katana/HomeActivity; onPause
V/DBox    (  579): 128880 + Lcom/facebook/katana/FacebookListActivity; onPause
V/DBox    (  579): 128881 - Lcom/facebook/katana/FacebookListActivity; onPause
V/DBox    (  579): 128883 - Lcom/facebook/katana/HomeActivity; onPause
V/DBox    (  579): 128898 + Lcom/facebook/katana/UsersTabHostActivity; onCreate
V/DBox    (  579): 128918 + Lcom/facebook/katana/FriendsActivity; onCreate
V/DBox    (  579): 128938 - Lcom/facebook/katana/FriendsActivity; onCreate
V/DBox    (  579): 128947 - Lcom/facebook/katana/UsersTabHostActivity; onCreate
V/DBox    (  579): 128949 + Lcom/facebook/katana/FacebookTabActivity; onResume
V/DBox    (  579): 128950 + Lcom/facebook/katana/FriendsActivity; onResume
V/DBox    (  579): 128954 - Lcom/facebook/katana/FriendsActivity; onResume
V/DBox    (  579): 128954 - Lcom/facebook/katana/FacebookTabActivity; onResume
V/DBox    (  579): 132258 + Lcom/facebook/katana/FriendsActivity; onItemClick android.widget.ListView@440a2df0
V/DBox    (  579): 132268 - Lcom/facebook/katana/FriendsActivity; onItemClick
V/DBox    (  579): 132280 + Lcom/facebook/katana/FacebookTabActivity; onPause
V/DBox    (  579): 132297 + Lcom/facebook/katana/FriendsActivity; onPause
V/DBox    (  579): 132298 - Lcom/facebook/katana/FriendsActivity; onPause
V/DBox    (  579): 132298 - Lcom/facebook/katana/FacebookTabActivity; onPause
V/DBox    (  579): 132312 + Lcom/facebook/katana/ProfileTabHostActivity; onCreate
V/DBox    (  579): 132342 + Lcom/facebook/katana/StreamActivity; onCreate
V/DBox    (  579): 132364 - Lcom/facebook/katana/StreamActivity; onCreate
V/DBox    (  579): 132369 - Lcom/facebook/katana/ProfileTabHostActivity; onCreate
V/DBox    (  579): 132370 + Lcom/facebook/katana/ProfileTabHostActivity; onResume
V/DBox    (  579): 132371 + Lcom/facebook/katana/FacebookTabActivity; onResume
V/DBox    (  579): 132373 + Lcom/facebook/katana/StreamActivity; onResume
V/DBox    (  579): 132374 + Lcom/facebook/katana/FacebookListActivity; onResume
V/DBox    (  579): 132374 - Lcom/facebook/katana/FacebookListActivity; onResume
V/DBox    (  579): 132381 - Lcom/facebook/katana/StreamActivity; onResume
V/DBox    (  579): 132381 - Lcom/facebook/katana/FacebookTabActivity; onResume
V/DBox    (  579): 132384 - Lcom/facebook/katana/ProfileTabHostActivity; onResume
V/DBox    (  579): 132388 + Lcom/facebook/katana/service/FacebookService; onStart
V/DBox    (  579): 132418 - Lcom/facebook/katana/service/FacebookService; onStart
V/DBox    (  579): 134356 + Lcom/facebook/katana/service/FacebookService; onStart
V/DBox    (  579): 134360 - Lcom/facebook/katana/service/FacebookService; onStart
V/DBox    (  579): 134361 + Lcom/facebook/katana/service/FacebookService; onStart
V/DBox    (  579): 134361 - Lcom/facebook/katana/service/FacebookService; onStart
V/DBox    (  579): 134371 + Lcom/facebook/katana/service/FacebookService; onStart
V/DBox    (  579): 134372 - Lcom/facebook/katana/service/FacebookService; onStart
V/DBox    (  579): 135564 + Lcom/facebook/katana/service/FacebookService; onStart
V/DBox    (  579): 135565 - Lcom/facebook/katana/service/FacebookService; onStart
V/DBox    (  579): 135664 + Lcom/facebook/katana/service/FacebookService; onStart
V/DBox    (  579): 135665 - Lcom/facebook/katana/service/FacebookService; onStart
V/DBox    (  579): 136039 + Lcom/facebook/katana/service/FacebookService; onStart
V/DBox    (  579): 136041 - Lcom/facebook/katana/service/FacebookService; onStart
V/DBox    (  579): 136249 + Lcom/facebook/katana/service/FacebookService; onStart
V/DBox    (  579): 136251 - Lcom/facebook/katana/service/FacebookService; onStart
V/DBox    (  579): 136252 + Lcom/facebook/katana/service/FacebookService; onStart
V/DBox    (  579): 136253 - Lcom/facebook/katana/service/FacebookService; onStart
V/DBox    (  579): 136641 + Lcom/facebook/katana/service/FacebookService; onStart
V/DBox    (  579): 136642 - Lcom/facebook/katana/service/FacebookService; onStart
V/DBox    (  579): 138042 + Lcom/facebook/katana/service/FacebookService; onStart
V/DBox    (  579): 138043 - Lcom/facebook/katana/service/FacebookService; onStart
V/DBox    (  579): 140365 + Lcom/facebook/katana/ProfileTabHostActivity; onPause
V/DBox    (  579): 140366 + Lcom/facebook/katana/FacebookTabActivity; onPause
V/DBox    (  579): 140368 + Lcom/facebook/katana/StreamActivity; onPause
V/DBox    (  579): 140369 + Lcom/facebook/katana/FacebookListActivity; onPause
V/DBox    (  579): 140372 - Lcom/facebook/katana/FacebookListActivity; onPause
V/DBox    (  579): 140373 - Lcom/facebook/katana/StreamActivity; onPause
V/DBox    (  579): 140375 - Lcom/facebook/katana/FacebookTabActivity; onPause
V/DBox    (  579): 140380 - Lcom/facebook/katana/ProfileTabHostActivity; onPause
V/DBox    (  579): 140398 + Lcom/facebook/katana/FacebookTabActivity; onResume
V/DBox    (  579): 140401 + Lcom/facebook/katana/FriendsActivity; onResume
V/DBox    (  579): 140401 - Lcom/facebook/katana/FriendsActivity; onResume
V/DBox    (  579): 140402 - Lcom/facebook/katana/FacebookTabActivity; onResume
V/DBox    (  579): 140626 + Lcom/facebook/katana/StreamActivity; onStop
V/DBox    (  579): 140627 - Lcom/facebook/katana/StreamActivity; onStop
V/DBox    (  579): 140627 + Lcom/facebook/katana/ProfileTabHostActivity; onDestroy
V/DBox    (  579): 140627 + Lcom/facebook/katana/StreamActivity; onDestroy
V/DBox    (  579): 140628 - Lcom/facebook/katana/StreamActivity; onDestroy
V/DBox    (  579): 140628 - Lcom/facebook/katana/ProfileTabHostActivity; onDestroy
V/DBox    (  579): 142979 + Lcom/facebook/katana/MyTabWidget$TabClickListener; onClick android.widget.LinearLayout@43fb86e8
V/DBox    (  579): 142983 + Lcom/facebook/katana/FriendsActivity; onPause
V/DBox    (  579): 142985 - Lcom/facebook/katana/FriendsActivity; onPause
V/DBox    (  579): 142988 + Lcom/facebook/katana/UserSearchResultsActivity; onCreate
V/DBox    (  579): 143017 + Lcom/facebook/katana/UserSearchResultsActivity; onScroll android.widget.ListView@43fd2208
V/DBox    (  579): 143020 - Lcom/facebook/katana/UserSearchResultsActivity; onScroll
V/DBox    (  579): 143022 - Lcom/facebook/katana/UserSearchResultsActivity; onCreate
V/DBox    (  579): 143023 + Lcom/facebook/katana/UserSearchResultsActivity; onResume
V/DBox    (  579): 143024 - Lcom/facebook/katana/UserSearchResultsActivity; onResume
V/DBox    (  579): 143034 - Lcom/facebook/katana/MyTabWidget$TabClickListener; onClick
V/DBox    (  579): 143081 + Lcom/facebook/katana/UserSearchResultsActivity; onScroll android.widget.ListView@43fd2208
V/DBox    (  579): 143087 - Lcom/facebook/katana/UserSearchResultsActivity; onScroll
V/DBox    (  579): 144171 + Lcom/facebook/katana/MyTabWidget$TabClickListener; onClick android.widget.LinearLayout@43fdf248
V/DBox    (  579): 144173 + Lcom/facebook/katana/UserSearchResultsActivity; onSaveInstanceState
V/DBox    (  579): 144175 - Lcom/facebook/katana/UserSearchResultsActivity; onSaveInstanceState
V/DBox    (  579): 144176 + Lcom/facebook/katana/UserSearchResultsActivity; onPause
V/DBox    (  579): 144176 - Lcom/facebook/katana/UserSearchResultsActivity; onPause
V/DBox    (  579): 144177 + Lcom/facebook/katana/FriendsActivity; onResume
V/DBox    (  579): 144177 - Lcom/facebook/katana/FriendsActivity; onResume
V/DBox    (  579): 144180 - Lcom/facebook/katana/MyTabWidget$TabClickListener; onClick
V/DBox    (  579): 148281 + Lcom/facebook/katana/FriendsActivity; onItemClick android.widget.ListView@440a2df0
V/DBox    (  579): 148300 - Lcom/facebook/katana/FriendsActivity; onItemClick
V/DBox    (  579): 148316 + Lcom/facebook/katana/UserSearchResultsActivity; onSaveInstanceState
V/DBox    (  579): 148317 - Lcom/facebook/katana/UserSearchResultsActivity; onSaveInstanceState
V/DBox    (  579): 148318 + Lcom/facebook/katana/FacebookTabActivity; onPause
V/DBox    (  579): 148333 + Lcom/facebook/katana/FriendsActivity; onPause
V/DBox    (  579): 148333 - Lcom/facebook/katana/FriendsActivity; onPause
V/DBox    (  579): 148334 - Lcom/facebook/katana/FacebookTabActivity; onPause
V/DBox    (  579): 148349 + Lcom/facebook/katana/ProfileTabHostActivity; onCreate
V/DBox    (  579): 148385 + Lcom/facebook/katana/StreamActivity; onCreate
V/DBox    (  579): 148405 - Lcom/facebook/katana/StreamActivity; onCreate
V/DBox    (  579): 148411 - Lcom/facebook/katana/ProfileTabHostActivity; onCreate
V/DBox    (  579): 148412 + Lcom/facebook/katana/ProfileTabHostActivity; onResume
V/DBox    (  579): 148412 + Lcom/facebook/katana/FacebookTabActivity; onResume
V/DBox    (  579): 148414 + Lcom/facebook/katana/StreamActivity; onResume
V/DBox    (  579): 148414 + Lcom/facebook/katana/FacebookListActivity; onResume
V/DBox    (  579): 148415 - Lcom/facebook/katana/FacebookListActivity; onResume
V/DBox    (  579): 148421 - Lcom/facebook/katana/StreamActivity; onResume
V/DBox    (  579): 148422 - Lcom/facebook/katana/FacebookTabActivity; onResume
V/DBox    (  579): 148425 - Lcom/facebook/katana/ProfileTabHostActivity; onResume
V/DBox    (  579): 148430 + Lcom/facebook/katana/service/FacebookService; onStart
V/DBox    (  579): 148458 - Lcom/facebook/katana/service/FacebookService; onStart
V/DBox    (  579): 148699 + Lcom/facebook/katana/UserSearchResultsActivity; onScroll android.widget.ListView@43fd2208
V/DBox    (  579): 148700 - Lcom/facebook/katana/UserSearchResultsActivity; onScroll
V/DBox    (  579): 150275 + Lcom/facebook/katana/service/FacebookService; onStart
V/DBox    (  579): 150278 - Lcom/facebook/katana/service/FacebookService; onStart
V/DBox    (  579): 157415 + Lcom/facebook/katana/ProfileTabHostActivity; onPause
V/DBox    (  579): 157416 + Lcom/facebook/katana/FacebookTabActivity; onPause
V/DBox    (  579): 157418 + Lcom/facebook/katana/StreamActivity; onPause
V/DBox    (  579): 157419 + Lcom/facebook/katana/FacebookListActivity; onPause
V/DBox    (  579): 157422 - Lcom/facebook/katana/FacebookListActivity; onPause
V/DBox    (  579): 157423 - Lcom/facebook/katana/StreamActivity; onPause
V/DBox    (  579): 157424 - Lcom/facebook/katana/FacebookTabActivity; onPause
V/DBox    (  579): 157425 - Lcom/facebook/katana/ProfileTabHostActivity; onPause
V/DBox    (  579): 157445 + Lcom/facebook/katana/FacebookTabActivity; onResume
V/DBox    (  579): 157452 + Lcom/facebook/katana/FriendsActivity; onResume
V/DBox    (  579): 157453 - Lcom/facebook/katana/FriendsActivity; onResume
V/DBox    (  579): 157453 - Lcom/facebook/katana/FacebookTabActivity; onResume
V/DBox    (  579): 157698 + Lcom/facebook/katana/StreamActivity; onStop
V/DBox    (  579): 157702 - Lcom/facebook/katana/StreamActivity; onStop
V/DBox    (  579): 157704 + Lcom/facebook/katana/ProfileTabHostActivity; onDestroy
V/DBox    (  579): 157705 + Lcom/facebook/katana/StreamActivity; onDestroy
V/DBox    (  579): 157706 - Lcom/facebook/katana/StreamActivity; onDestroy
V/DBox    (  579): 157707 - Lcom/facebook/katana/ProfileTabHostActivity; onDestroy
V/DBox    (  579): 158336 + Lcom/facebook/katana/FacebookTabActivity; onPause
V/DBox    (  579): 158337 + Lcom/facebook/katana/FriendsActivity; onPause
V/DBox    (  579): 158339 - Lcom/facebook/katana/FriendsActivity; onPause
V/DBox    (  579): 158342 - Lcom/facebook/katana/FacebookTabActivity; onPause
V/DBox    (  579): 158364 + Lcom/facebook/katana/HomeActivity; onResume
V/DBox    (  579): 158365 + Lcom/facebook/katana/FacebookListActivity; onResume
V/DBox    (  579): 158367 - Lcom/facebook/katana/FacebookListActivity; onResume
V/DBox    (  579): 158384 - Lcom/facebook/katana/HomeActivity; onResume
V/DBox    (  579): 158393 + Lcom/facebook/katana/service/FacebookService; onStart
V/DBox    (  579): 158399 - Lcom/facebook/katana/service/FacebookService; onStart
V/DBox    (  579): 158400 + Lcom/facebook/katana/service/FacebookService; onStart
V/DBox    (  579): 158410 - Lcom/facebook/katana/service/FacebookService; onStart
V/DBox    (  579): 158677 + Lcom/facebook/katana/UsersTabHostActivity; onDestroy
V/DBox    (  579): 158679 + Lcom/facebook/katana/UserSearchResultsActivity; onScroll android.widget.ListView@43fd2208
V/DBox    (  579): 158681 - Lcom/facebook/katana/UserSearchResultsActivity; onScroll
V/DBox    (  579): 158686 - Lcom/facebook/katana/UsersTabHostActivity; onDestroy
V/DBox    (  579): 159856 + Lcom/facebook/katana/HomeActivity; onClick android.widget.LinearLayout@44002cc0
V/DBox    (  579): 159866 - Lcom/facebook/katana/HomeActivity; onClick
V/DBox    (  579): 159869 + Lcom/facebook/katana/HomeActivity; onPause
V/DBox    (  579): 159872 + Lcom/facebook/katana/FacebookListActivity; onPause
V/DBox    (  579): 159874 - Lcom/facebook/katana/FacebookListActivity; onPause
V/DBox    (  579): 159875 - Lcom/facebook/katana/HomeActivity; onPause
V/DBox    (  579): 159896 + Lcom/facebook/katana/ProfileTabHostActivity; onCreate
V/DBox    (  579): 159923 + Lcom/facebook/katana/StreamActivity; onCreate
V/DBox    (  579): 159943 - Lcom/facebook/katana/StreamActivity; onCreate
V/DBox    (  579): 159949 - Lcom/facebook/katana/ProfileTabHostActivity; onCreate
V/DBox    (  579): 159950 + Lcom/facebook/katana/ProfileTabHostActivity; onResume
V/DBox    (  579): 159951 + Lcom/facebook/katana/FacebookTabActivity; onResume
V/DBox    (  579): 159952 + Lcom/facebook/katana/StreamActivity; onResume
V/DBox    (  579): 159952 + Lcom/facebook/katana/FacebookListActivity; onResume
V/DBox    (  579): 159953 - Lcom/facebook/katana/FacebookListActivity; onResume
V/DBox    (  579): 159958 - Lcom/facebook/katana/StreamActivity; onResume
V/DBox    (  579): 159958 - Lcom/facebook/katana/FacebookTabActivity; onResume
V/DBox    (  579): 159962 - Lcom/facebook/katana/ProfileTabHostActivity; onResume
V/DBox    (  579): 160095 + Lcom/facebook/katana/service/FacebookService; onStart
V/DBox    (  579): 160101 - Lcom/facebook/katana/service/FacebookService; onStart
V/DBox    (  579): 164411 + Lcom/facebook/katana/MyTabWidget$TabClickListener; onClick android.widget.LinearLayout@440938f0
V/DBox    (  579): 164423 + Lcom/facebook/katana/StreamActivity; onPause
V/DBox    (  579): 164424 + Lcom/facebook/katana/FacebookListActivity; onPause
V/DBox    (  579): 164425 - Lcom/facebook/katana/FacebookListActivity; onPause
V/DBox    (  579): 164427 - Lcom/facebook/katana/StreamActivity; onPause
V/DBox    (  579): 164430 + Lcom/facebook/katana/UserInfoActivity; onCreate
V/DBox    (  579): 164459 - Lcom/facebook/katana/UserInfoActivity; onCreate
V/DBox    (  579): 164460 + Lcom/facebook/katana/UserInfoActivity; onResume
V/DBox    (  579): 164460 + Lcom/facebook/katana/FacebookListActivity; onResume
V/DBox    (  579): 164461 - Lcom/facebook/katana/FacebookListActivity; onResume
V/DBox    (  579): 164463 - Lcom/facebook/katana/UserInfoActivity; onResume
V/DBox    (  579): 164465 - Lcom/facebook/katana/MyTabWidget$TabClickListener; onClick
V/DBox    (  579): 164490 + Lcom/facebook/katana/service/FacebookService; onStart
V/DBox    (  579): 164520 - Lcom/facebook/katana/service/FacebookService; onStart
V/DBox    (  579): 168027 + Lcom/facebook/katana/MyTabWidget$TabClickListener; onClick android.widget.LinearLayout@43fa0d50
V/DBox    (  579): 168034 + Lcom/facebook/katana/UserInfoActivity; onPause
V/DBox    (  579): 168035 + Lcom/facebook/katana/FacebookListActivity; onPause
V/DBox    (  579): 168037 - Lcom/facebook/katana/FacebookListActivity; onPause
V/DBox    (  579): 168038 - Lcom/facebook/katana/UserInfoActivity; onPause
V/DBox    (  579): 168043 + Lcom/facebook/katana/AlbumsActivity; onCreate
V/DBox    (  579): 168146 - Lcom/facebook/katana/AlbumsActivity; onCreate
V/DBox    (  579): 168146 + Lcom/facebook/katana/AlbumsActivity; onResume
V/DBox    (  579): 168146 + Lcom/facebook/katana/FacebookListActivity; onResume
V/DBox    (  579): 168147 - Lcom/facebook/katana/FacebookListActivity; onResume
V/DBox    (  579): 168149 - Lcom/facebook/katana/AlbumsActivity; onResume
V/DBox    (  579): 168152 - Lcom/facebook/katana/MyTabWidget$TabClickListener; onClick
V/DBox    (  579): 168195 + Lcom/facebook/katana/service/FacebookService; onStart
V/DBox    (  579): 168206 - Lcom/facebook/katana/service/FacebookService; onStart
V/DBox    (  579): 168737 + Lcom/facebook/katana/service/FacebookService; onStart
V/DBox    (  579): 168740 - Lcom/facebook/katana/service/FacebookService; onStart
V/DBox    (  579): 170384 + Lcom/facebook/katana/AlbumsActivity; onItemClick android.widget.ListView@43f83248
V/DBox    (  579): 170402 - Lcom/facebook/katana/AlbumsActivity; onItemClick
V/DBox    (  579): 170425 + Lcom/facebook/katana/AlbumsActivity; onSaveInstanceState
V/DBox    (  579): 170426 - Lcom/facebook/katana/AlbumsActivity; onSaveInstanceState
V/DBox    (  579): 170427 + Lcom/facebook/katana/ProfileTabHostActivity; onPause
V/DBox    (  579): 170427 + Lcom/facebook/katana/FacebookTabActivity; onPause
V/DBox    (  579): 170428 + Lcom/facebook/katana/AlbumsActivity; onPause
V/DBox    (  579): 170428 + Lcom/facebook/katana/FacebookListActivity; onPause
V/DBox    (  579): 170428 - Lcom/facebook/katana/FacebookListActivity; onPause
V/DBox    (  579): 170429 - Lcom/facebook/katana/AlbumsActivity; onPause
V/DBox    (  579): 170429 - Lcom/facebook/katana/FacebookTabActivity; onPause
V/DBox    (  579): 170431 - Lcom/facebook/katana/ProfileTabHostActivity; onPause
V/DBox    (  579): 170446 + Lcom/facebook/katana/PhotosActivity; onCreate
V/DBox    (  579): 170473 - Lcom/facebook/katana/PhotosActivity; onCreate
V/DBox    (  579): 170474 + Lcom/facebook/katana/PhotosActivity; onResume
V/DBox    (  579): 170474 + Lcom/facebook/katana/FacebookActivity; onResume
V/DBox    (  579): 170475 - Lcom/facebook/katana/FacebookActivity; onResume
V/DBox    (  579): 170479 - Lcom/facebook/katana/PhotosActivity; onResume
V/DBox    (  579): 170482 + Lcom/facebook/katana/service/FacebookService; onStart
V/DBox    (  579): 170489 - Lcom/facebook/katana/service/FacebookService; onStart
V/DBox    (  579): 170513 + Lcom/facebook/katana/service/FacebookService; onStart
V/DBox    (  579): 170517 - Lcom/facebook/katana/service/FacebookService; onStart
V/DBox    (  579): 170716 + Lcom/facebook/katana/StreamActivity; onStop
V/DBox    (  579): 170717 - Lcom/facebook/katana/StreamActivity; onStop
V/DBox    (  579): 172138 + Lcom/facebook/katana/PhotosActivity; onItemClick android.widget.GridView@43f9e300
V/DBox    (  579): 172145 - Lcom/facebook/katana/PhotosActivity; onItemClick
V/DBox    (  579): 172146 + Lcom/facebook/katana/PhotosActivity; onSaveInstanceState
V/DBox    (  579): 172147 - Lcom/facebook/katana/PhotosActivity; onSaveInstanceState
V/DBox    (  579): 172147 + Lcom/facebook/katana/PhotosActivity; onPause
V/DBox    (  579): 172148 + Lcom/facebook/katana/FacebookActivity; onPause
V/DBox    (  579): 172148 - Lcom/facebook/katana/FacebookActivity; onPause
V/DBox    (  579): 172149 - Lcom/facebook/katana/PhotosActivity; onPause
V/DBox    (  579): 172162 + Lcom/facebook/katana/ViewPhotoActivity; onCreate
V/DBox    (  579): 172233 - Lcom/facebook/katana/ViewPhotoActivity; onCreate
V/DBox    (  579): 172234 + Lcom/facebook/katana/ViewPhotoActivity; onResume
V/DBox    (  579): 172234 + Lcom/facebook/katana/FacebookActivity; onResume
V/DBox    (  579): 172234 - Lcom/facebook/katana/FacebookActivity; onResume
V/DBox    (  579): 172241 - Lcom/facebook/katana/ViewPhotoActivity; onResume
V/DBox    (  579): 172244 + Lcom/facebook/katana/service/FacebookService; onStart
V/DBox    (  579): 172252 - Lcom/facebook/katana/service/FacebookService; onStart
V/DBox    (  579): 172276 + Lcom/facebook/katana/service/FacebookService; onStart
V/DBox    (  579): 172279 - Lcom/facebook/katana/service/FacebookService; onStart
V/DBox    (  579): 174360 + Lcom/facebook/katana/ViewPhotoActivity; onPause
V/DBox    (  579): 174362 + Lcom/facebook/katana/FacebookActivity; onPause
V/DBox    (  579): 174364 - Lcom/facebook/katana/FacebookActivity; onPause
V/DBox    (  579): 174365 - Lcom/facebook/katana/ViewPhotoActivity; onPause
V/DBox    (  579): 174388 + Lcom/facebook/katana/PhotosActivity; onResume
V/DBox    (  579): 174390 + Lcom/facebook/katana/FacebookActivity; onResume
V/DBox    (  579): 174391 - Lcom/facebook/katana/FacebookActivity; onResume
V/DBox    (  579): 174396 - Lcom/facebook/katana/PhotosActivity; onResume
V/DBox    (  579): 174614 + Lcom/facebook/katana/ViewPhotoActivity; onStop
V/DBox    (  579): 174649 - Lcom/facebook/katana/ViewPhotoActivity; onStop
V/DBox    (  579): 174652 + Lcom/facebook/katana/ViewPhotoActivity; onDestroy
V/DBox    (  579): 174658 - Lcom/facebook/katana/ViewPhotoActivity; onDestroy
V/DBox    (  579): 175532 + Lcom/facebook/katana/PhotosActivity; onPause
V/DBox    (  579): 175534 + Lcom/facebook/katana/FacebookActivity; onPause
V/DBox    (  579): 175535 - Lcom/facebook/katana/FacebookActivity; onPause
V/DBox    (  579): 175538 - Lcom/facebook/katana/PhotosActivity; onPause
V/DBox    (  579): 175580 + Lcom/facebook/katana/ProfileTabHostActivity; onResume
V/DBox    (  579): 175580 + Lcom/facebook/katana/FacebookTabActivity; onResume
V/DBox    (  579): 175590 + Lcom/facebook/katana/AlbumsActivity; onResume
V/DBox    (  579): 175591 + Lcom/facebook/katana/FacebookListActivity; onResume
V/DBox    (  579): 175597 - Lcom/facebook/katana/FacebookListActivity; onResume
V/DBox    (  579): 175599 - Lcom/facebook/katana/AlbumsActivity; onResume
V/DBox    (  579): 175600 - Lcom/facebook/katana/FacebookTabActivity; onResume
V/DBox    (  579): 175601 - Lcom/facebook/katana/ProfileTabHostActivity; onResume
V/DBox    (  579): 175625 + Lcom/facebook/katana/service/FacebookService; onStart
V/DBox    (  579): 175650 - Lcom/facebook/katana/service/FacebookService; onStart
V/DBox    (  579): 176614 + Lcom/facebook/katana/ProfileTabHostActivity; onPause
V/DBox    (  579): 176616 + Lcom/facebook/katana/FacebookTabActivity; onPause
V/DBox    (  579): 176616 + Lcom/facebook/katana/AlbumsActivity; onPause
V/DBox    (  579): 176618 + Lcom/facebook/katana/FacebookListActivity; onPause
V/DBox    (  579): 176618 - Lcom/facebook/katana/FacebookListActivity; onPause
V/DBox    (  579): 176619 - Lcom/facebook/katana/AlbumsActivity; onPause
V/DBox    (  579): 176621 - Lcom/facebook/katana/FacebookTabActivity; onPause
V/DBox    (  579): 176622 - Lcom/facebook/katana/ProfileTabHostActivity; onPause
V/DBox    (  579): 176635 + Lcom/facebook/katana/HomeActivity; onResume
V/DBox    (  579): 176636 + Lcom/facebook/katana/FacebookListActivity; onResume
V/DBox    (  579): 176636 - Lcom/facebook/katana/FacebookListActivity; onResume
V/DBox    (  579): 176644 - Lcom/facebook/katana/HomeActivity; onResume
V/DBox    (  579): 176658 + Lcom/facebook/katana/service/FacebookService; onStart
V/DBox    (  579): 176670 - Lcom/facebook/katana/service/FacebookService; onStart
V/DBox    (  579): 176671 + Lcom/facebook/katana/service/FacebookService; onStart
V/DBox    (  579): 176692 - Lcom/facebook/katana/service/FacebookService; onStart
V/DBox    (  579): 176982 + Lcom/facebook/katana/ProfileTabHostActivity; onDestroy
V/DBox    (  579): 176983 + Lcom/facebook/katana/StreamActivity; onDestroy
V/DBox    (  579): 176983 - Lcom/facebook/katana/StreamActivity; onDestroy
V/DBox    (  579): 176985 - Lcom/facebook/katana/ProfileTabHostActivity; onDestroy
V/DBox    (  579): 182601 + Lcom/facebook/katana/HomeActivity; onCreateOptionsMenu com.android.internal.view.menu.MenuBuilder@44111528
V/DBox    (  579): 182604 - Lcom/facebook/katana/HomeActivity; onCreateOptionsMenu
V/DBox    (  579): 184149 + Lcom/facebook/katana/HomeActivity; onOptionsItemSelected Settings
V/DBox    (  579): 184160 - Lcom/facebook/katana/HomeActivity; onOptionsItemSelected
V/DBox    (  579): 184176 + Lcom/facebook/katana/HomeActivity; onPause
V/DBox    (  579): 184177 + Lcom/facebook/katana/FacebookListActivity; onPause
V/DBox    (  579): 184177 - Lcom/facebook/katana/FacebookListActivity; onPause
V/DBox    (  579): 184177 - Lcom/facebook/katana/HomeActivity; onPause
V/DBox    (  579): 184195 + Lcom/facebook/katana/SettingsActivity; onCreate
V/DBox    (  579): 184228 - Lcom/facebook/katana/SettingsActivity; onCreate
V/DBox    (  579): 184228 + Lcom/facebook/katana/SettingsActivity; onResume
V/DBox    (  579): 184239 - Lcom/facebook/katana/SettingsActivity; onResume
V/DBox    (  579): 192463 + Lcom/facebook/katana/HomeActivity; onResume
V/DBox    (  579): 192464 + Lcom/facebook/katana/FacebookListActivity; onResume
V/DBox    (  579): 192464 - Lcom/facebook/katana/FacebookListActivity; onResume
V/DBox    (  579): 192474 - Lcom/facebook/katana/HomeActivity; onResume
V/DBox    (  579): 192482 + Lcom/facebook/katana/service/FacebookService; onStart
V/DBox    (  579): 192490 - Lcom/facebook/katana/service/FacebookService; onStart
V/DBox    (  579): 192491 + Lcom/facebook/katana/service/FacebookService; onStart
V/DBox    (  579): 192504 - Lcom/facebook/katana/service/FacebookService; onStart
V/DBox    (  579): 193750 + Lcom/facebook/katana/HomeActivity; onClick android.widget.LinearLayout@43f76b00
V/DBox    (  579): 193762 - Lcom/facebook/katana/HomeActivity; onClick
V/DBox    (  579): 193765 + Lcom/facebook/katana/HomeActivity; onPause
V/DBox    (  579): 193767 + Lcom/facebook/katana/FacebookListActivity; onPause
V/DBox    (  579): 193768 - Lcom/facebook/katana/FacebookListActivity; onPause
V/DBox    (  579): 193769 - Lcom/facebook/katana/HomeActivity; onPause
V/DBox    (  579): 193788 + Lcom/facebook/katana/AlbumsActivity; onCreate
V/DBox    (  579): 193817 - Lcom/facebook/katana/AlbumsActivity; onCreate
V/DBox    (  579): 193817 + Lcom/facebook/katana/AlbumsActivity; onResume
V/DBox    (  579): 193818 + Lcom/facebook/katana/FacebookListActivity; onResume
V/DBox    (  579): 193818 - Lcom/facebook/katana/FacebookListActivity; onResume
V/DBox    (  579): 193821 - Lcom/facebook/katana/AlbumsActivity; onResume
V/DBox    (  579): 193825 + Lcom/facebook/katana/service/FacebookService; onStart
V/DBox    (  579): 193833 - Lcom/facebook/katana/service/FacebookService; onStart
V/DBox    (  579): 195111 + Lcom/facebook/katana/AlbumsActivity; onPause
V/DBox    (  579): 195112 + Lcom/facebook/katana/FacebookListActivity; onPause
V/DBox    (  579): 195112 - Lcom/facebook/katana/FacebookListActivity; onPause
V/DBox    (  579): 195113 - Lcom/facebook/katana/AlbumsActivity; onPause
V/DBox    (  579): 195123 + Lcom/facebook/katana/HomeActivity; onResume
V/DBox    (  579): 195128 + Lcom/facebook/katana/FacebookListActivity; onResume
V/DBox    (  579): 195129 - Lcom/facebook/katana/FacebookListActivity; onResume
V/DBox    (  579): 195137 - Lcom/facebook/katana/HomeActivity; onResume
V/DBox    (  579): 195157 + Lcom/facebook/katana/service/FacebookService; onStart
V/DBox    (  579): 195164 - Lcom/facebook/katana/service/FacebookService; onStart
V/DBox    (  579): 195168 + Lcom/facebook/katana/service/FacebookService; onStart
V/DBox    (  579): 195189 - Lcom/facebook/katana/service/FacebookService; onStart
V/DBox    (  579): 196157 + Lcom/facebook/katana/HomeActivity; onClick android.widget.LinearLayout@43fe4150
V/DBox    (  579): 196161 - Lcom/facebook/katana/HomeActivity; onClick
V/DBox    (  579): 196164 + Lcom/facebook/katana/HomeActivity; onPause
V/DBox    (  579): 196164 + Lcom/facebook/katana/FacebookListActivity; onPause
V/DBox    (  579): 196164 - Lcom/facebook/katana/FacebookListActivity; onPause
V/DBox    (  579): 196165 - Lcom/facebook/katana/HomeActivity; onPause
V/DBox    (  579): 196176 + Lcom/facebook/katana/MailboxTabHostActivity; onCreate
V/DBox    (  579): 196202 + Lcom/facebook/katana/MailboxThreadsActivity; onCreate
V/DBox    (  579): 196212 + Lcom/facebook/katana/MailboxThreadsActivity; onScroll android.widget.ListView@4403ad30
V/DBox    (  579): 196212 - Lcom/facebook/katana/MailboxThreadsActivity; onScroll
V/DBox    (  579): 196214 - Lcom/facebook/katana/MailboxThreadsActivity; onCreate
V/DBox    (  579): 196222 - Lcom/facebook/katana/MailboxTabHostActivity; onCreate
V/DBox    (  579): 196223 + Lcom/facebook/katana/FacebookTabActivity; onResume
V/DBox    (  579): 196224 + Lcom/facebook/katana/MailboxThreadsActivity; onResume
V/DBox    (  579): 196224 + Lcom/facebook/katana/FacebookListActivity; onResume
V/DBox    (  579): 196224 - Lcom/facebook/katana/FacebookListActivity; onResume
V/DBox    (  579): 196229 - Lcom/facebook/katana/MailboxThreadsActivity; onResume
V/DBox    (  579): 196230 - Lcom/facebook/katana/FacebookTabActivity; onResume
V/DBox    (  579): 196235 + Lcom/facebook/katana/MailboxThreadsActivity; onScroll android.widget.ListView@4403ad30
V/DBox    (  579): 196235 - Lcom/facebook/katana/MailboxThreadsActivity; onScroll
V/DBox    (  579): 196256 + Lcom/facebook/katana/service/FacebookService; onStart
V/DBox    (  579): 196265 - Lcom/facebook/katana/service/FacebookService; onStart
V/DBox    (  579): 198073 + Lcom/facebook/katana/MyTabWidget$TabClickListener; onClick android.widget.LinearLayout@43ffb560
V/DBox    (  579): 198079 + Lcom/facebook/katana/MailboxThreadsActivity; onPause
V/DBox    (  579): 198081 + Lcom/facebook/katana/FacebookListActivity; onPause
V/DBox    (  579): 198082 - Lcom/facebook/katana/FacebookListActivity; onPause
V/DBox    (  579): 198084 - Lcom/facebook/katana/MailboxThreadsActivity; onPause
V/DBox    (  579): 198085 + Lcom/facebook/katana/MailboxThreadsActivity; onCreate
V/DBox    (  579): 198110 + Lcom/facebook/katana/MailboxThreadsActivity; onScroll android.widget.ListView@4410d240
V/DBox    (  579): 198110 - Lcom/facebook/katana/MailboxThreadsActivity; onScroll
V/DBox    (  579): 198111 - Lcom/facebook/katana/MailboxThreadsActivity; onCreate
V/DBox    (  579): 198112 + Lcom/facebook/katana/MailboxThreadsActivity; onResume
V/DBox    (  579): 198112 + Lcom/facebook/katana/FacebookListActivity; onResume
V/DBox    (  579): 198113 - Lcom/facebook/katana/FacebookListActivity; onResume
V/DBox    (  579): 198117 - Lcom/facebook/katana/MailboxThreadsActivity; onResume
V/DBox    (  579): 198121 - Lcom/facebook/katana/MyTabWidget$TabClickListener; onClick
V/DBox    (  579): 198150 + Lcom/facebook/katana/MailboxThreadsActivity; onScroll android.widget.ListView@4410d240
V/DBox    (  579): 198151 - Lcom/facebook/katana/MailboxThreadsActivity; onScroll
V/DBox    (  579): 198171 + Lcom/facebook/katana/service/FacebookService; onStart
V/DBox    (  579): 198182 - Lcom/facebook/katana/service/FacebookService; onStart
V/DBox    (  579): 200485 + Lcom/facebook/katana/MyTabWidget$TabClickListener; onClick android.widget.LinearLayout@44006508
V/DBox    (  579): 200487 + Lcom/facebook/katana/MailboxThreadsActivity; onPause
V/DBox    (  579): 200487 + Lcom/facebook/katana/FacebookListActivity; onPause
V/DBox    (  579): 200488 - Lcom/facebook/katana/FacebookListActivity; onPause
V/DBox    (  579): 200488 - Lcom/facebook/katana/MailboxThreadsActivity; onPause
V/DBox    (  579): 200490 + Lcom/facebook/katana/MailboxThreadsActivity; onCreate
V/DBox    (  579): 200497 + Lcom/facebook/katana/MailboxThreadsActivity; onScroll android.widget.ListView@4400f6a8
V/DBox    (  579): 200498 - Lcom/facebook/katana/MailboxThreadsActivity; onScroll
V/DBox    (  579): 200498 - Lcom/facebook/katana/MailboxThreadsActivity; onCreate
V/DBox    (  579): 200499 + Lcom/facebook/katana/MailboxThreadsActivity; onResume
V/DBox    (  579): 200499 + Lcom/facebook/katana/FacebookListActivity; onResume
V/DBox    (  579): 200500 - Lcom/facebook/katana/FacebookListActivity; onResume
V/DBox    (  579): 200505 - Lcom/facebook/katana/MailboxThreadsActivity; onResume
V/DBox    (  579): 200506 - Lcom/facebook/katana/MyTabWidget$TabClickListener; onClick
V/DBox    (  579): 200522 + Lcom/facebook/katana/MailboxThreadsActivity; onScroll android.widget.ListView@4400f6a8
V/DBox    (  579): 200522 - Lcom/facebook/katana/MailboxThreadsActivity; onScroll
V/DBox    (  579): 200528 + Lcom/facebook/katana/service/FacebookService; onStart
V/DBox    (  579): 200538 - Lcom/facebook/katana/service/FacebookService; onStart
V/DBox    (  579): 203927 + Lcom/facebook/katana/FacebookTabActivity; onPause
V/DBox    (  579): 203928 + Lcom/facebook/katana/MailboxThreadsActivity; onPause
V/DBox    (  579): 203931 + Lcom/facebook/katana/FacebookListActivity; onPause
V/DBox    (  579): 203938 - Lcom/facebook/katana/FacebookListActivity; onPause
V/DBox    (  579): 203939 - Lcom/facebook/katana/MailboxThreadsActivity; onPause
V/DBox    (  579): 203942 - Lcom/facebook/katana/FacebookTabActivity; onPause
V/DBox    (  579): 203968 + Lcom/facebook/katana/HomeActivity; onResume
V/DBox    (  579): 203968 + Lcom/facebook/katana/FacebookListActivity; onResume
V/DBox    (  579): 203968 - Lcom/facebook/katana/FacebookListActivity; onResume
V/DBox    (  579): 203976 - Lcom/facebook/katana/HomeActivity; onResume
V/DBox    (  579): 203984 + Lcom/facebook/katana/service/FacebookService; onStart
V/DBox    (  579): 203990 - Lcom/facebook/katana/service/FacebookService; onStart
V/DBox    (  579): 203991 + Lcom/facebook/katana/service/FacebookService; onStart
V/DBox    (  579): 204096 - Lcom/facebook/katana/service/FacebookService; onStart
V/DBox    (  579): 204343 + Lcom/facebook/katana/MailboxThreadsActivity; onScroll android.widget.ListView@4403ad30
V/DBox    (  579): 204344 - Lcom/facebook/katana/MailboxThreadsActivity; onScroll
V/DBox    (  579): 204354 + Lcom/facebook/katana/MailboxThreadsActivity; onScroll android.widget.ListView@4410d240
V/DBox    (  579): 204355 - Lcom/facebook/katana/MailboxThreadsActivity; onScroll
V/DBox    (  579): 204359 + Lcom/facebook/katana/MailboxThreadsActivity; onScroll android.widget.ListView@4400f6a8
V/DBox    (  579): 204361 - Lcom/facebook/katana/MailboxThreadsActivity; onScroll
V/DBox    (  579): 204362 + Lcom/facebook/katana/MailboxTabHostActivity; onDestroy
V/DBox    (  579): 204363 + Lcom/facebook/katana/MailboxThreadsActivity; onScroll android.widget.ListView@4403ad30
V/DBox    (  579): 204363 - Lcom/facebook/katana/MailboxThreadsActivity; onScroll
V/DBox    (  579): 204366 + Lcom/facebook/katana/MailboxThreadsActivity; onScroll android.widget.ListView@4410d240
V/DBox    (  579): 204366 - Lcom/facebook/katana/MailboxThreadsActivity; onScroll
V/DBox    (  579): 204368 + Lcom/facebook/katana/MailboxThreadsActivity; onScroll android.widget.ListView@4400f6a8
V/DBox    (  579): 204369 - Lcom/facebook/katana/MailboxThreadsActivity; onScroll
V/DBox    (  579): 204370 - Lcom/facebook/katana/MailboxTabHostActivity; onDestroy
V/DBox    (  579): 205774 + Lcom/facebook/katana/HomeActivity; onClick android.widget.LinearLayout@44002cc0
V/DBox    (  579): 205784 - Lcom/facebook/katana/HomeActivity; onClick
V/DBox    (  579): 205788 + Lcom/facebook/katana/HomeActivity; onPause
V/DBox    (  579): 205789 + Lcom/facebook/katana/FacebookListActivity; onPause
V/DBox    (  579): 205792 - Lcom/facebook/katana/FacebookListActivity; onPause
V/DBox    (  579): 205793 - Lcom/facebook/katana/HomeActivity; onPause
V/DBox    (  579): 205817 + Lcom/facebook/katana/ProfileTabHostActivity; onCreate
V/DBox    (  579): 205845 + Lcom/facebook/katana/StreamActivity; onCreate
V/DBox    (  579): 205865 - Lcom/facebook/katana/StreamActivity; onCreate
V/DBox    (  579): 205871 - Lcom/facebook/katana/ProfileTabHostActivity; onCreate
V/DBox    (  579): 205872 + Lcom/facebook/katana/ProfileTabHostActivity; onResume
V/DBox    (  579): 205872 + Lcom/facebook/katana/FacebookTabActivity; onResume
V/DBox    (  579): 205873 + Lcom/facebook/katana/StreamActivity; onResume
V/DBox    (  579): 205873 + Lcom/facebook/katana/FacebookListActivity; onResume
V/DBox    (  579): 205874 - Lcom/facebook/katana/FacebookListActivity; onResume
V/DBox    (  579): 205877 - Lcom/facebook/katana/StreamActivity; onResume
V/DBox    (  579): 205878 - Lcom/facebook/katana/FacebookTabActivity; onResume
V/DBox    (  579): 205881 - Lcom/facebook/katana/ProfileTabHostActivity; onResume
V/DBox    (  579): 205991 + Lcom/facebook/katana/service/FacebookService; onStart
V/DBox    (  579): 205994 - Lcom/facebook/katana/service/FacebookService; onStart
V/DBox    (  579): 206884 + Lcom/facebook/katana/StreamActivity; onCreateOptionsMenu com.android.internal.view.menu.MenuBuilder@440140d0
V/DBox    (  579): 206886 + Lcom/facebook/katana/ProfileTabHostActivity; onCreateOptionsMenu com.android.internal.view.menu.MenuBuilder@440140d0
V/DBox    (  579): 206888 - Lcom/facebook/katana/ProfileTabHostActivity; onCreateOptionsMenu
V/DBox    (  579): 206889 - Lcom/facebook/katana/StreamActivity; onCreateOptionsMenu
V/DBox    (  579): 208215 + Lcom/facebook/katana/StreamActivity; onOptionsItemSelected Refresh
V/DBox    (  579): 208218 - Lcom/facebook/katana/StreamActivity; onOptionsItemSelected
V/DBox    (  579): 208235 + Lcom/facebook/katana/service/FacebookService; onStart
V/DBox    (  579): 208273 - Lcom/facebook/katana/service/FacebookService; onStart
V/DBox    (  579): 212093 + Lcom/facebook/katana/ProfileTabHostActivity; onPause
V/DBox    (  579): 212093 + Lcom/facebook/katana/FacebookTabActivity; onPause
V/DBox    (  579): 212094 + Lcom/facebook/katana/StreamActivity; onPause
V/DBox    (  579): 212094 + Lcom/facebook/katana/FacebookListActivity; onPause
V/DBox    (  579): 212096 - Lcom/facebook/katana/FacebookListActivity; onPause
V/DBox    (  579): 212097 - Lcom/facebook/katana/StreamActivity; onPause
V/DBox    (  579): 212097 - Lcom/facebook/katana/FacebookTabActivity; onPause
V/DBox    (  579): 212098 - Lcom/facebook/katana/ProfileTabHostActivity; onPause
V/DBox    (  579): 212113 + Lcom/facebook/katana/HomeActivity; onResume
V/DBox    (  579): 212114 + Lcom/facebook/katana/FacebookListActivity; onResume
V/DBox    (  579): 212114 - Lcom/facebook/katana/FacebookListActivity; onResume
V/DBox    (  579): 212126 - Lcom/facebook/katana/HomeActivity; onResume
V/DBox    (  579): 212137 + Lcom/facebook/katana/service/FacebookService; onStart
V/DBox    (  579): 212150 - Lcom/facebook/katana/service/FacebookService; onStart
V/DBox    (  579): 212152 + Lcom/facebook/katana/service/FacebookService; onStart
V/DBox    (  579): 212172 - Lcom/facebook/katana/service/FacebookService; onStart
V/DBox    (  579): 212409 + Lcom/facebook/katana/StreamActivity; onStop
V/DBox    (  579): 212410 - Lcom/facebook/katana/StreamActivity; onStop
V/DBox    (  579): 212412 + Lcom/facebook/katana/ProfileTabHostActivity; onDestroy
V/DBox    (  579): 212413 + Lcom/facebook/katana/StreamActivity; onDestroy
V/DBox    (  579): 212414 - Lcom/facebook/katana/StreamActivity; onDestroy
V/DBox    (  579): 212415 - Lcom/facebook/katana/ProfileTabHostActivity; onDestroy
V/DBox    (  579): 214509 + Lcom/facebook/katana/HomeActivity; onPause
V/DBox    (  579): 214509 + Lcom/facebook/katana/FacebookListActivity; onPause
V/DBox    (  579): 214510 - Lcom/facebook/katana/FacebookListActivity; onPause
V/DBox    (  579): 214510 - Lcom/facebook/katana/HomeActivity; onPause
V/DBox    (  579): 214520 + Lcom/facebook/katana/StreamActivity; onCreate
V/DBox    (  579): 214537 - Lcom/facebook/katana/StreamActivity; onCreate
V/DBox    (  579): 214538 + Lcom/facebook/katana/StreamActivity; onResume
V/DBox    (  579): 214538 + Lcom/facebook/katana/FacebookListActivity; onResume
V/DBox    (  579): 214539 - Lcom/facebook/katana/FacebookListActivity; onResume
V/DBox    (  579): 214564 - Lcom/facebook/katana/StreamActivity; onResume
V/DBox    (  579): 218212 + Lcom/facebook/katana/StreamActivity; onPause
V/DBox    (  579): 218212 + Lcom/facebook/katana/FacebookListActivity; onPause
V/DBox    (  579): 218213 - Lcom/facebook/katana/FacebookListActivity; onPause
V/DBox    (  579): 218224 - Lcom/facebook/katana/StreamActivity; onPause
V/DBox    (  579): 218236 + Lcom/facebook/katana/UsersTabHostActivity; onCreate
V/DBox    (  579): 218269 + Lcom/facebook/katana/FriendsActivity; onCreate
V/DBox    (  579): 218281 - Lcom/facebook/katana/FriendsActivity; onCreate
V/DBox    (  579): 218288 + Lcom/facebook/katana/UserSearchResultsActivity; onCreate
V/DBox    (  579): 218297 + Lcom/facebook/katana/UserSearchResultsActivity; onScroll android.widget.ListView@44043a50
V/DBox    (  579): 218298 - Lcom/facebook/katana/UserSearchResultsActivity; onScroll
V/DBox    (  579): 218298 - Lcom/facebook/katana/UserSearchResultsActivity; onCreate
V/DBox    (  579): 218303 - Lcom/facebook/katana/UsersTabHostActivity; onCreate
V/DBox    (  579): 218304 + Lcom/facebook/katana/FacebookTabActivity; onResume
V/DBox    (  579): 218305 + Lcom/facebook/katana/UserSearchResultsActivity; onResume
V/DBox    (  579): 218306 - Lcom/facebook/katana/UserSearchResultsActivity; onResume
V/DBox    (  579): 218309 - Lcom/facebook/katana/FacebookTabActivity; onResume
V/DBox    (  579): 218314 + Lcom/facebook/katana/UserSearchResultsActivity; onScroll android.widget.ListView@44043a50
V/DBox    (  579): 218315 - Lcom/facebook/katana/UserSearchResultsActivity; onScroll
V/DBox    (  579): 218569 + Lcom/facebook/katana/StreamActivity; onStop
V/DBox    (  579): 218572 - Lcom/facebook/katana/StreamActivity; onStop
V/DBox    (  579): 222333 + Lcom/facebook/katana/FacebookTabActivity; onPause
V/DBox    (  579): 222334 + Lcom/facebook/katana/UserSearchResultsActivity; onPause
V/DBox    (  579): 222335 - Lcom/facebook/katana/UserSearchResultsActivity; onPause
V/DBox    (  579): 222337 - Lcom/facebook/katana/FacebookTabActivity; onPause
V/DBox    (  579): 222354 + Lcom/facebook/katana/StreamActivity; onResume
V/DBox    (  579): 222355 + Lcom/facebook/katana/FacebookListActivity; onResume
V/DBox    (  579): 222356 - Lcom/facebook/katana/FacebookListActivity; onResume
V/DBox    (  579): 222364 - Lcom/facebook/katana/StreamActivity; onResume
V/DBox    (  579): 222612 + Lcom/facebook/katana/UserSearchResultsActivity; onScroll android.widget.ListView@44043a50
V/DBox    (  579): 222612 - Lcom/facebook/katana/UserSearchResultsActivity; onScroll
V/DBox    (  579): 222612 + Lcom/facebook/katana/UsersTabHostActivity; onDestroy
V/DBox    (  579): 222614 + Lcom/facebook/katana/UserSearchResultsActivity; onScroll android.widget.ListView@44043a50
V/DBox    (  579): 222618 - Lcom/facebook/katana/UserSearchResultsActivity; onScroll
V/DBox    (  579): 222618 - Lcom/facebook/katana/UsersTabHostActivity; onDestroy
V/DBox    (  579): 224107 + Lcom/facebook/katana/StreamActivity; onPause
V/DBox    (  579): 224108 + Lcom/facebook/katana/FacebookListActivity; onPause
V/DBox    (  579): 224110 - Lcom/facebook/katana/FacebookListActivity; onPause
V/DBox    (  579): 224129 - Lcom/facebook/katana/StreamActivity; onPause
V/DBox    (  579): 224152 + Lcom/facebook/katana/HomeActivity; onCreate
V/DBox    (  579): 224224 - Lcom/facebook/katana/HomeActivity; onCreate
V/DBox    (  579): 224225 + Lcom/facebook/katana/HomeActivity; onResume
V/DBox    (  579): 224225 + Lcom/facebook/katana/FacebookListActivity; onResume
V/DBox    (  579): 224226 - Lcom/facebook/katana/FacebookListActivity; onResume
V/DBox    (  579): 224232 - Lcom/facebook/katana/HomeActivity; onResume
V/DBox    (  579): 224240 + Lcom/facebook/katana/service/FacebookService; onStart
V/DBox    (  579): 224247 - Lcom/facebook/katana/service/FacebookService; onStart
V/DBox    (  579): 224247 + Lcom/facebook/katana/service/FacebookService; onStart
V/DBox    (  579): 224255 - Lcom/facebook/katana/service/FacebookService; onStart
V/DBox    (  579): 224256 + Lcom/facebook/katana/service/FacebookService; onStart
V/DBox    (  579): 224267 - Lcom/facebook/katana/service/FacebookService; onStart
V/DBox    (  579): 224516 + Lcom/facebook/katana/StreamActivity; onStop
V/DBox    (  579): 224517 - Lcom/facebook/katana/StreamActivity; onStop
V/DBox    (  579): 224517 + Lcom/facebook/katana/StreamActivity; onDestroy
V/DBox    (  579): 224518 - Lcom/facebook/katana/StreamActivity; onDestroy
V/DBox    (  579): 226646 + Lcom/facebook/katana/HomeActivity; onClick android.widget.LinearLayout@43fa4d68
V/DBox    (  579): 226654 - Lcom/facebook/katana/HomeActivity; onClick
V/DBox    (  579): 226655 + Lcom/facebook/katana/HomeActivity; onPause
V/DBox    (  579): 226655 + Lcom/facebook/katana/FacebookListActivity; onPause
V/DBox    (  579): 226655 - Lcom/facebook/katana/FacebookListActivity; onPause
V/DBox    (  579): 226656 - Lcom/facebook/katana/HomeActivity; onPause
V/DBox    (  579): 226672 + Lcom/facebook/katana/EventsActivity; onCreate
V/DBox    (  579): 226695 - Lcom/facebook/katana/EventsActivity; onCreate
V/DBox    (  579): 226695 + Lcom/facebook/katana/EventsActivity; onResume
V/DBox    (  579): 226696 + Lcom/facebook/katana/FacebookListActivity; onResume
V/DBox    (  579): 226696 - Lcom/facebook/katana/FacebookListActivity; onResume
V/DBox    (  579): 226710 - Lcom/facebook/katana/EventsActivity; onResume
V/DBox    (  579): 226713 + Lcom/facebook/katana/service/FacebookService; onStart
V/DBox    (  579): 226745 - Lcom/facebook/katana/service/FacebookService; onStart
V/DBox    (  579): 228756 + Lcom/facebook/katana/EventsActivity; onItemClick android.widget.ListView@44050120
V/DBox    (  579): 228763 - Lcom/facebook/katana/EventsActivity; onItemClick
V/DBox    (  579): 228766 + Lcom/facebook/katana/EventsActivity; onPause
V/DBox    (  579): 228767 + Lcom/facebook/katana/FacebookListActivity; onPause
V/DBox    (  579): 228768 - Lcom/facebook/katana/FacebookListActivity; onPause
V/DBox    (  579): 228770 - Lcom/facebook/katana/EventsActivity; onPause
V/DBox    (  579): 228793 + Lcom/facebook/katana/EventBirthdaysActivity; onCreate
V/DBox    (  579): 228818 - Lcom/facebook/katana/EventBirthdaysActivity; onCreate
V/DBox    (  579): 228819 + Lcom/facebook/katana/EventBirthdaysActivity; onResume
V/DBox    (  579): 228819 + Lcom/facebook/katana/FacebookListActivity; onResume
V/DBox    (  579): 228819 - Lcom/facebook/katana/FacebookListActivity; onResume
V/DBox    (  579): 228820 - Lcom/facebook/katana/EventBirthdaysActivity; onResume
V/DBox    (  579): 230503 + Lcom/facebook/katana/EventBirthdaysActivity; onPause
V/DBox    (  579): 230505 + Lcom/facebook/katana/FacebookListActivity; onPause
V/DBox    (  579): 230507 - Lcom/facebook/katana/FacebookListActivity; onPause
V/DBox    (  579): 230509 - Lcom/facebook/katana/EventBirthdaysActivity; onPause
V/DBox    (  579): 230539 + Lcom/facebook/katana/EventsActivity; onResume
V/DBox    (  579): 230540 + Lcom/facebook/katana/FacebookListActivity; onResume
V/DBox    (  579): 230540 - Lcom/facebook/katana/FacebookListActivity; onResume
V/DBox    (  579): 230544 - Lcom/facebook/katana/EventsActivity; onResume
V/DBox    (  579): 230569 + Lcom/facebook/katana/service/FacebookService; onStart
V/DBox    (  579): 230591 - Lcom/facebook/katana/service/FacebookService; onStart
V/DBox    (  579): 231652 + Lcom/facebook/katana/EventsActivity; onItemClick android.widget.ListView@44050120
V/DBox    (  579): 231656 - Lcom/facebook/katana/EventsActivity; onItemClick
V/DBox    (  579): 231658 + Lcom/facebook/katana/EventsActivity; onPause
V/DBox    (  579): 231659 + Lcom/facebook/katana/FacebookListActivity; onPause
V/DBox    (  579): 231660 - Lcom/facebook/katana/FacebookListActivity; onPause
V/DBox    (  579): 231661 - Lcom/facebook/katana/EventsActivity; onPause
V/DBox    (  579): 231672 + Lcom/facebook/katana/EventBirthdaysActivity; onCreate
V/DBox    (  579): 231693 - Lcom/facebook/katana/EventBirthdaysActivity; onCreate
V/DBox    (  579): 231694 + Lcom/facebook/katana/EventBirthdaysActivity; onResume
V/DBox    (  579): 231694 + Lcom/facebook/katana/FacebookListActivity; onResume
V/DBox    (  579): 231695 - Lcom/facebook/katana/FacebookListActivity; onResume
V/DBox    (  579): 231695 - Lcom/facebook/katana/EventBirthdaysActivity; onResume
V/DBox    (  579): 233210 + Lcom/facebook/katana/EventBirthdaysActivity; onPause
V/DBox    (  579): 233211 + Lcom/facebook/katana/FacebookListActivity; onPause
V/DBox    (  579): 233211 - Lcom/facebook/katana/FacebookListActivity; onPause
V/DBox    (  579): 233214 - Lcom/facebook/katana/EventBirthdaysActivity; onPause
V/DBox    (  579): 233238 + Lcom/facebook/katana/EventsActivity; onResume
V/DBox    (  579): 233239 + Lcom/facebook/katana/FacebookListActivity; onResume
V/DBox    (  579): 233240 - Lcom/facebook/katana/FacebookListActivity; onResume
V/DBox    (  579): 233247 - Lcom/facebook/katana/EventsActivity; onResume
V/DBox    (  579): 233258 + Lcom/facebook/katana/service/FacebookService; onStart
V/DBox    (  579): 233282 - Lcom/facebook/katana/service/FacebookService; onStart
V/DBox    (  579): 234256 + Lcom/facebook/katana/EventsActivity; onItemClick android.widget.ListView@44050120
V/DBox    (  579): 234259 - Lcom/facebook/katana/EventsActivity; onItemClick
V/DBox    (  579): 234264 + Lcom/facebook/katana/EventsActivity; onPause
V/DBox    (  579): 234265 + Lcom/facebook/katana/FacebookListActivity; onPause
V/DBox    (  579): 234266 - Lcom/facebook/katana/FacebookListActivity; onPause
V/DBox    (  579): 234268 - Lcom/facebook/katana/EventsActivity; onPause
V/DBox    (  579): 234292 + Lcom/facebook/katana/EventBirthdaysActivity; onCreate
V/DBox    (  579): 234315 - Lcom/facebook/katana/EventBirthdaysActivity; onCreate
V/DBox    (  579): 234315 + Lcom/facebook/katana/EventBirthdaysActivity; onResume
V/DBox    (  579): 234316 + Lcom/facebook/katana/FacebookListActivity; onResume
V/DBox    (  579): 234316 - Lcom/facebook/katana/FacebookListActivity; onResume
V/DBox    (  579): 234317 - Lcom/facebook/katana/EventBirthdaysActivity; onResume
V/DBox    (  579): 235840 + Lcom/facebook/katana/EventBirthdaysActivity; onPause
V/DBox    (  579): 235841 + Lcom/facebook/katana/FacebookListActivity; onPause
V/DBox    (  579): 235842 - Lcom/facebook/katana/FacebookListActivity; onPause
V/DBox    (  579): 235842 - Lcom/facebook/katana/EventBirthdaysActivity; onPause
V/DBox    (  579): 235866 + Lcom/facebook/katana/EventsActivity; onResume
V/DBox    (  579): 235867 + Lcom/facebook/katana/FacebookListActivity; onResume
V/DBox    (  579): 235867 - Lcom/facebook/katana/FacebookListActivity; onResume
V/DBox    (  579): 235873 - Lcom/facebook/katana/EventsActivity; onResume
V/DBox    (  579): 235882 + Lcom/facebook/katana/service/FacebookService; onStart
V/DBox    (  579): 235902 - Lcom/facebook/katana/service/FacebookService; onStart
V/DBox    (  579): 237298 + Lcom/facebook/katana/EventsActivity; onPause
V/DBox    (  579): 237299 + Lcom/facebook/katana/FacebookListActivity; onPause
V/DBox    (  579): 237300 - Lcom/facebook/katana/FacebookListActivity; onPause
V/DBox    (  579): 237302 - Lcom/facebook/katana/EventsActivity; onPause
V/DBox    (  579): 237327 + Lcom/facebook/katana/HomeActivity; onResume
V/DBox    (  579): 237327 + Lcom/facebook/katana/FacebookListActivity; onResume
V/DBox    (  579): 237328 - Lcom/facebook/katana/FacebookListActivity; onResume
V/DBox    (  579): 237345 - Lcom/facebook/katana/HomeActivity; onResume
V/DBox    (  579): 237356 + Lcom/facebook/katana/service/FacebookService; onStart
V/DBox    (  579): 237363 - Lcom/facebook/katana/service/FacebookService; onStart
V/DBox    (  579): 237363 + Lcom/facebook/katana/service/FacebookService; onStart
V/DBox    (  579): 237376 - Lcom/facebook/katana/service/FacebookService; onStart
V/DBox    (  579): 238633 + Lcom/facebook/katana/HomeActivity; onClick android.widget.LinearLayout@44051b90
V/DBox    (  579): 238637 - Lcom/facebook/katana/HomeActivity; onClick
V/DBox    (  579): 238640 + Lcom/facebook/katana/HomeActivity; onPause
V/DBox    (  579): 238641 + Lcom/facebook/katana/FacebookListActivity; onPause
V/DBox    (  579): 238642 - Lcom/facebook/katana/FacebookListActivity; onPause
V/DBox    (  579): 238643 - Lcom/facebook/katana/HomeActivity; onPause
V/DBox    (  579): 238656 + Lcom/facebook/katana/MailboxTabHostActivity; onCreate
V/DBox    (  579): 238696 + Lcom/facebook/katana/MailboxThreadsActivity; onCreate
V/DBox    (  579): 238714 + Lcom/facebook/katana/MailboxThreadsActivity; onScroll android.widget.ListView@44035950
V/DBox    (  579): 238715 - Lcom/facebook/katana/MailboxThreadsActivity; onScroll
V/DBox    (  579): 238715 - Lcom/facebook/katana/MailboxThreadsActivity; onCreate
V/DBox    (  579): 238725 - Lcom/facebook/katana/MailboxTabHostActivity; onCreate
V/DBox    (  579): 238730 + Lcom/facebook/katana/FacebookTabActivity; onResume
V/DBox    (  579): 238730 + Lcom/facebook/katana/MailboxThreadsActivity; onResume
V/DBox    (  579): 238731 + Lcom/facebook/katana/FacebookListActivity; onResume
V/DBox    (  579): 238731 - Lcom/facebook/katana/FacebookListActivity; onResume
V/DBox    (  579): 238735 - Lcom/facebook/katana/MailboxThreadsActivity; onResume
V/DBox    (  579): 238735 - Lcom/facebook/katana/FacebookTabActivity; onResume
V/DBox    (  579): 238740 + Lcom/facebook/katana/MailboxThreadsActivity; onScroll android.widget.ListView@44035950
V/DBox    (  579): 238748 - Lcom/facebook/katana/MailboxThreadsActivity; onScroll
V/DBox    (  579): 238769 + Lcom/facebook/katana/service/FacebookService; onStart
V/DBox    (  579): 238781 - Lcom/facebook/katana/service/FacebookService; onStart
V/DBox    (  579): 241284 + Lcom/facebook/katana/MyTabWidget$TabClickListener; onClick android.widget.LinearLayout@44018b90
V/DBox    (  579): 241293 + Lcom/facebook/katana/MailboxThreadsActivity; onPause
V/DBox    (  579): 241294 + Lcom/facebook/katana/FacebookListActivity; onPause
V/DBox    (  579): 241296 - Lcom/facebook/katana/FacebookListActivity; onPause
V/DBox    (  579): 241297 - Lcom/facebook/katana/MailboxThreadsActivity; onPause
V/DBox    (  579): 241300 + Lcom/facebook/katana/MailboxThreadsActivity; onCreate
V/DBox    (  579): 241322 + Lcom/facebook/katana/MailboxThreadsActivity; onScroll android.widget.ListView@440cb9b8
V/DBox    (  579): 241323 - Lcom/facebook/katana/MailboxThreadsActivity; onScroll
V/DBox    (  579): 241325 - Lcom/facebook/katana/MailboxThreadsActivity; onCreate
V/DBox    (  579): 241327 + Lcom/facebook/katana/MailboxThreadsActivity; onResume
V/DBox    (  579): 241328 + Lcom/facebook/katana/FacebookListActivity; onResume
V/DBox    (  579): 241329 - Lcom/facebook/katana/FacebookListActivity; onResume
V/DBox    (  579): 241335 - Lcom/facebook/katana/MailboxThreadsActivity; onResume
V/DBox    (  579): 241336 - Lcom/facebook/katana/MyTabWidget$TabClickListener; onClick
V/DBox    (  579): 241358 + Lcom/facebook/katana/MailboxThreadsActivity; onScroll android.widget.ListView@440cb9b8
V/DBox    (  579): 241360 - Lcom/facebook/katana/MailboxThreadsActivity; onScroll
V/DBox    (  579): 241370 + Lcom/facebook/katana/service/FacebookService; onStart
V/DBox    (  579): 241378 - Lcom/facebook/katana/service/FacebookService; onStart
V/DBox    (  579): 242831 + Lcom/facebook/katana/MyTabWidget$TabClickListener; onClick android.widget.LinearLayout@4406de10
V/DBox    (  579): 242836 + Lcom/facebook/katana/MailboxThreadsActivity; onPause
V/DBox    (  579): 242838 + Lcom/facebook/katana/FacebookListActivity; onPause
V/DBox    (  579): 242839 - Lcom/facebook/katana/FacebookListActivity; onPause
V/DBox    (  579): 242842 - Lcom/facebook/katana/MailboxThreadsActivity; onPause
V/DBox    (  579): 242846 + Lcom/facebook/katana/MailboxThreadsActivity; onCreate
V/DBox    (  579): 242863 + Lcom/facebook/katana/MailboxThreadsActivity; onScroll android.widget.ListView@44043a50
V/DBox    (  579): 242864 - Lcom/facebook/katana/MailboxThreadsActivity; onScroll
V/DBox    (  579): 242867 - Lcom/facebook/katana/MailboxThreadsActivity; onCreate
V/DBox    (  579): 242869 + Lcom/facebook/katana/MailboxThreadsActivity; onResume
V/DBox    (  579): 242870 + Lcom/facebook/katana/FacebookListActivity; onResume
V/DBox    (  579): 242872 - Lcom/facebook/katana/FacebookListActivity; onResume
V/DBox    (  579): 242880 - Lcom/facebook/katana/MailboxThreadsActivity; onResume
V/DBox    (  579): 242883 - Lcom/facebook/katana/MyTabWidget$TabClickListener; onClick
V/DBox    (  579): 242898 + Lcom/facebook/katana/MailboxThreadsActivity; onScroll android.widget.ListView@44043a50
V/DBox    (  579): 242898 - Lcom/facebook/katana/MailboxThreadsActivity; onScroll
V/DBox    (  579): 242908 + Lcom/facebook/katana/service/FacebookService; onStart
V/DBox    (  579): 242917 - Lcom/facebook/katana/service/FacebookService; onStart
V/DBox    (  579): 244924 + Lcom/facebook/katana/FacebookTabActivity; onPause
V/DBox    (  579): 244925 + Lcom/facebook/katana/MailboxThreadsActivity; onPause
V/DBox    (  579): 244925 + Lcom/facebook/katana/FacebookListActivity; onPause
V/DBox    (  579): 244926 - Lcom/facebook/katana/FacebookListActivity; onPause
V/DBox    (  579): 244926 - Lcom/facebook/katana/MailboxThreadsActivity; onPause
V/DBox    (  579): 244927 - Lcom/facebook/katana/FacebookTabActivity; onPause
V/DBox    (  579): 244937 + Lcom/facebook/katana/MessageComposeActivity; onCreate
V/DBox    (  579): 244966 - Lcom/facebook/katana/MessageComposeActivity; onCreate
V/DBox    (  579): 244967 + Lcom/facebook/katana/MessageComposeActivity; onResume
V/DBox    (  579): 244967 + Lcom/facebook/katana/FacebookActivity; onResume
V/DBox    (  579): 244968 - Lcom/facebook/katana/FacebookActivity; onResume
V/DBox    (  579): 244968 - Lcom/facebook/katana/MessageComposeActivity; onResume
V/DBox    (  579): 245278 + Lcom/facebook/katana/MailboxThreadsActivity; onScroll android.widget.ListView@44035950
V/DBox    (  579): 245279 - Lcom/facebook/katana/MailboxThreadsActivity; onScroll
V/DBox    (  579): 245281 + Lcom/facebook/katana/MailboxThreadsActivity; onScroll android.widget.ListView@440cb9b8
V/DBox    (  579): 245284 - Lcom/facebook/katana/MailboxThreadsActivity; onScroll
V/DBox    (  579): 245286 + Lcom/facebook/katana/MailboxThreadsActivity; onScroll android.widget.ListView@44043a50
V/DBox    (  579): 245287 - Lcom/facebook/katana/MailboxThreadsActivity; onScroll
V/DBox    (  579): 249732 + Lcom/facebook/katana/MessageComposeActivity; onPause
V/DBox    (  579): 249732 + Lcom/facebook/katana/FacebookActivity; onPause
V/DBox    (  579): 249733 - Lcom/facebook/katana/FacebookActivity; onPause
V/DBox    (  579): 249733 - Lcom/facebook/katana/MessageComposeActivity; onPause
V/DBox    (  579): 249749 + Lcom/facebook/katana/UsersTabHostActivity; onCreate
V/DBox    (  579): 249766 + Lcom/facebook/katana/FriendsActivity; onCreate
V/DBox    (  579): 249778 - Lcom/facebook/katana/FriendsActivity; onCreate
V/DBox    (  579): 249784 + Lcom/facebook/katana/UserSearchResultsActivity; onCreate
V/DBox    (  579): 249794 + Lcom/facebook/katana/UserSearchResultsActivity; onScroll android.widget.ListView@440ee650
V/DBox    (  579): 249795 - Lcom/facebook/katana/UserSearchResultsActivity; onScroll
V/DBox    (  579): 249795 - Lcom/facebook/katana/UserSearchResultsActivity; onCreate
V/DBox    (  579): 249798 - Lcom/facebook/katana/UsersTabHostActivity; onCreate
V/DBox    (  579): 249799 + Lcom/facebook/katana/FacebookTabActivity; onResume
V/DBox    (  579): 249800 + Lcom/facebook/katana/UserSearchResultsActivity; onResume
V/DBox    (  579): 249802 - Lcom/facebook/katana/UserSearchResultsActivity; onResume
V/DBox    (  579): 249803 - Lcom/facebook/katana/FacebookTabActivity; onResume
V/DBox    (  579): 249845 + Lcom/facebook/katana/UserSearchResultsActivity; onScroll android.widget.ListView@440ee650
V/DBox    (  579): 249846 - Lcom/facebook/katana/UserSearchResultsActivity; onScroll
V/DBox    (  579): 252335 + Lcom/facebook/katana/MyTabWidget$TabClickListener; onClick android.widget.LinearLayout@43f655a0
V/DBox    (  579): 252338 + Lcom/facebook/katana/UserSearchResultsActivity; onSaveInstanceState
V/DBox    (  579): 252340 - Lcom/facebook/katana/UserSearchResultsActivity; onSaveInstanceState
V/DBox    (  579): 252342 + Lcom/facebook/katana/UserSearchResultsActivity; onPause
V/DBox    (  579): 252344 - Lcom/facebook/katana/UserSearchResultsActivity; onPause
V/DBox    (  579): 252345 + Lcom/facebook/katana/FriendsActivity; onResume
V/DBox    (  579): 252353 - Lcom/facebook/katana/FriendsActivity; onResume
V/DBox    (  579): 252365 - Lcom/facebook/katana/MyTabWidget$TabClickListener; onClick
V/DBox    (  579): 254128 + Lcom/facebook/katana/FacebookTabActivity; onPause
V/DBox    (  579): 254128 + Lcom/facebook/katana/FriendsActivity; onPause
V/DBox    (  579): 254129 - Lcom/facebook/katana/FriendsActivity; onPause
V/DBox    (  579): 254129 - Lcom/facebook/katana/FacebookTabActivity; onPause
V/DBox    (  579): 254139 + Lcom/facebook/katana/MessageComposeActivity; onResume
V/DBox    (  579): 254140 + Lcom/facebook/katana/FacebookActivity; onResume
V/DBox    (  579): 254141 - Lcom/facebook/katana/FacebookActivity; onResume
V/DBox    (  579): 254142 - Lcom/facebook/katana/MessageComposeActivity; onResume
V/DBox    (  579): 254374 + Lcom/facebook/katana/UserSearchResultsActivity; onScroll android.widget.ListView@440ee650
V/DBox    (  579): 254375 - Lcom/facebook/katana/UserSearchResultsActivity; onScroll
V/DBox    (  579): 254376 + Lcom/facebook/katana/UsersTabHostActivity; onDestroy
V/DBox    (  579): 254386 + Lcom/facebook/katana/UserSearchResultsActivity; onScroll android.widget.ListView@440ee650
V/DBox    (  579): 254387 - Lcom/facebook/katana/UserSearchResultsActivity; onScroll
V/DBox    (  579): 254393 - Lcom/facebook/katana/UsersTabHostActivity; onDestroy
V/DBox    (  579): 255736 + Lcom/facebook/katana/MessageComposeActivity; onPause
V/DBox    (  579): 255737 + Lcom/facebook/katana/FacebookActivity; onPause
V/DBox    (  579): 255738 - Lcom/facebook/katana/FacebookActivity; onPause
V/DBox    (  579): 255739 - Lcom/facebook/katana/MessageComposeActivity; onPause
V/DBox    (  579): 255774 + Lcom/facebook/katana/FacebookTabActivity; onResume
V/DBox    (  579): 255779 + Lcom/facebook/katana/MailboxThreadsActivity; onScroll android.widget.ListView@44043a50
V/DBox    (  579): 255781 - Lcom/facebook/katana/MailboxThreadsActivity; onScroll
V/DBox    (  579): 255782 + Lcom/facebook/katana/MailboxThreadsActivity; onResume
V/DBox    (  579): 255782 + Lcom/facebook/katana/FacebookListActivity; onResume
V/DBox    (  579): 255783 - Lcom/facebook/katana/FacebookListActivity; onResume
V/DBox    (  579): 255786 - Lcom/facebook/katana/MailboxThreadsActivity; onResume
V/DBox    (  579): 255787 - Lcom/facebook/katana/FacebookTabActivity; onResume
V/DBox    (  579): 255794 + Lcom/facebook/katana/MailboxThreadsActivity; onScroll android.widget.ListView@44043a50
V/DBox    (  579): 255795 - Lcom/facebook/katana/MailboxThreadsActivity; onScroll
V/DBox    (  579): 255826 + Lcom/facebook/katana/service/FacebookService; onStart
V/DBox    (  579): 255836 - Lcom/facebook/katana/service/FacebookService; onStart
V/DBox    (  579): 257296 + Lcom/facebook/katana/FacebookTabActivity; onPause
V/DBox    (  579): 257297 + Lcom/facebook/katana/MailboxThreadsActivity; onPause
V/DBox    (  579): 257297 + Lcom/facebook/katana/FacebookListActivity; onPause
V/DBox    (  579): 257297 - Lcom/facebook/katana/FacebookListActivity; onPause
V/DBox    (  579): 257298 - Lcom/facebook/katana/MailboxThreadsActivity; onPause
V/DBox    (  579): 257298 - Lcom/facebook/katana/FacebookTabActivity; onPause
V/DBox    (  579): 257320 + Lcom/facebook/katana/HomeActivity; onResume
V/DBox    (  579): 257321 + Lcom/facebook/katana/FacebookListActivity; onResume
V/DBox    (  579): 257323 - Lcom/facebook/katana/FacebookListActivity; onResume
V/DBox    (  579): 257340 - Lcom/facebook/katana/HomeActivity; onResume
V/DBox    (  579): 257348 + Lcom/facebook/katana/service/FacebookService; onStart
V/DBox    (  579): 257354 - Lcom/facebook/katana/service/FacebookService; onStart
V/DBox    (  579): 257355 + Lcom/facebook/katana/service/FacebookService; onStart
V/DBox    (  579): 257366 - Lcom/facebook/katana/service/FacebookService; onStart
V/DBox    (  579): 257621 + Lcom/facebook/katana/MailboxThreadsActivity; onScroll android.widget.ListView@44043a50
V/DBox    (  579): 257621 - Lcom/facebook/katana/MailboxThreadsActivity; onScroll
V/DBox    (  579): 257622 + Lcom/facebook/katana/MailboxTabHostActivity; onDestroy
V/DBox    (  579): 257623 + Lcom/facebook/katana/MailboxThreadsActivity; onScroll android.widget.ListView@44035950
V/DBox    (  579): 257626 - Lcom/facebook/katana/MailboxThreadsActivity; onScroll
V/DBox    (  579): 257627 + Lcom/facebook/katana/MailboxThreadsActivity; onScroll android.widget.ListView@440cb9b8
V/DBox    (  579): 257627 - Lcom/facebook/katana/MailboxThreadsActivity; onScroll
V/DBox    (  579): 257628 + Lcom/facebook/katana/MailboxThreadsActivity; onScroll android.widget.ListView@44043a50
V/DBox    (  579): 257629 - Lcom/facebook/katana/MailboxThreadsActivity; onScroll
V/DBox    (  579): 257630 - Lcom/facebook/katana/MailboxTabHostActivity; onDestroy
V/DBox    (  579): 260993 + Lcom/facebook/katana/HomeActivity; onClick android.widget.LinearLayout@43fa4d68
V/DBox    (  579): 261012 - Lcom/facebook/katana/HomeActivity; onClick
V/DBox    (  579): 261014 + Lcom/facebook/katana/HomeActivity; onPause
V/DBox    (  579): 261016 + Lcom/facebook/katana/FacebookListActivity; onPause
V/DBox    (  579): 261017 - Lcom/facebook/katana/FacebookListActivity; onPause
V/DBox    (  579): 261018 - Lcom/facebook/katana/HomeActivity; onPause
V/DBox    (  579): 261066 + Lcom/facebook/katana/EventsActivity; onCreate
V/DBox    (  579): 261090 - Lcom/facebook/katana/EventsActivity; onCreate
V/DBox    (  579): 261096 + Lcom/facebook/katana/EventsActivity; onResume
V/DBox    (  579): 261097 + Lcom/facebook/katana/FacebookListActivity; onResume
V/DBox    (  579): 261097 - Lcom/facebook/katana/FacebookListActivity; onResume
V/DBox    (  579): 261100 - Lcom/facebook/katana/EventsActivity; onResume
V/DBox    (  579): 261104 + Lcom/facebook/katana/service/FacebookService; onStart
V/DBox    (  579): 261131 - Lcom/facebook/katana/service/FacebookService; onStart
V/DBox    (  579): 262665 + Lcom/facebook/katana/EventsActivity; onPause
V/DBox    (  579): 262666 + Lcom/facebook/katana/FacebookListActivity; onPause
V/DBox    (  579): 262667 - Lcom/facebook/katana/FacebookListActivity; onPause
V/DBox    (  579): 262670 - Lcom/facebook/katana/EventsActivity; onPause
V/DBox    (  579): 262686 + Lcom/facebook/katana/HomeActivity; onResume
V/DBox    (  579): 262690 + Lcom/facebook/katana/FacebookListActivity; onResume
V/DBox    (  579): 262690 - Lcom/facebook/katana/FacebookListActivity; onResume
V/DBox    (  579): 262703 - Lcom/facebook/katana/HomeActivity; onResume
V/DBox    (  579): 262714 + Lcom/facebook/katana/service/FacebookService; onStart
V/DBox    (  579): 262723 - Lcom/facebook/katana/service/FacebookService; onStart
V/DBox    (  579): 262729 + Lcom/facebook/katana/service/FacebookService; onStart
V/DBox    (  579): 262750 - Lcom/facebook/katana/service/FacebookService; onStart
V/DBox    (  579): 264102 + Lcom/facebook/katana/HomeActivity; onClick android.widget.LinearLayout@44061e00
V/DBox    (  579): 264116 - Lcom/facebook/katana/HomeActivity; onClick
V/DBox    (  579): 264117 + Lcom/facebook/katana/HomeActivity; onPause
V/DBox    (  579): 264118 + Lcom/facebook/katana/FacebookListActivity; onPause
V/DBox    (  579): 264118 - Lcom/facebook/katana/FacebookListActivity; onPause
V/DBox    (  579): 264119 - Lcom/facebook/katana/HomeActivity; onPause
V/DBox    (  579): 264128 + Lcom/facebook/katana/RequestsActivity; onCreate
V/DBox    (  579): 264155 - Lcom/facebook/katana/RequestsActivity; onCreate
V/DBox    (  579): 264155 + Lcom/facebook/katana/FacebookListActivity; onResume
V/DBox    (  579): 264156 - Lcom/facebook/katana/FacebookListActivity; onResume
V/DBox    (  579): 264160 + Lcom/facebook/katana/service/FacebookService; onStart
V/DBox    (  579): 264179 - Lcom/facebook/katana/service/FacebookService; onStart
V/DBox    (  579): 265467 + Lcom/facebook/katana/FacebookListActivity; onPause
V/DBox    (  579): 265468 - Lcom/facebook/katana/FacebookListActivity; onPause
V/DBox    (  579): 265482 + Lcom/facebook/katana/HomeActivity; onCreate
V/DBox    (  579): 265630 - Lcom/facebook/katana/HomeActivity; onCreate
V/DBox    (  579): 265631 + Lcom/facebook/katana/HomeActivity; onResume
V/DBox    (  579): 265631 + Lcom/facebook/katana/FacebookListActivity; onResume
V/DBox    (  579): 265632 - Lcom/facebook/katana/FacebookListActivity; onResume
V/DBox    (  579): 265644 - Lcom/facebook/katana/HomeActivity; onResume
V/DBox    (  579): 265656 + Lcom/facebook/katana/service/FacebookService; onStart
V/DBox    (  579): 265664 - Lcom/facebook/katana/service/FacebookService; onStart
V/DBox    (  579): 265665 + Lcom/facebook/katana/service/FacebookService; onStart
V/DBox    (  579): 265671 - Lcom/facebook/katana/service/FacebookService; onStart
V/DBox    (  579): 265672 + Lcom/facebook/katana/service/FacebookService; onStart
V/DBox    (  579): 265683 - Lcom/facebook/katana/service/FacebookService; onStart
V/DBox    (  579): 266018 + Lcom/facebook/katana/RequestsActivity; onDestroy
V/DBox    (  579): 266018 - Lcom/facebook/katana/RequestsActivity; onDestroy
V/DBox    (  579): 269997 + Lcom/facebook/katana/HomeActivity; onCreateOptionsMenu com.android.internal.view.menu.MenuBuilder@440af970
V/DBox    (  579): 270002 - Lcom/facebook/katana/HomeActivity; onCreateOptionsMenu
V/DBox    (  579): 271625 + Lcom/facebook/katana/HomeActivity; onOptionsItemSelected Refresh
V/DBox    (  579): 271629 - Lcom/facebook/katana/HomeActivity; onOptionsItemSelected
V/DBox    (  579): 271653 + Lcom/facebook/katana/service/FacebookService; onStart
V/DBox    (  579): 271658 - Lcom/facebook/katana/service/FacebookService; onStart
V/DBox    (  579): 271660 + Lcom/facebook/katana/service/FacebookService; onStart
V/DBox    (  579): 271682 - Lcom/facebook/katana/service/FacebookService; onStart
V/DBox    (  579): 274227 + Lcom/facebook/katana/HomeActivity; onClick android.widget.LinearLayout@440a8230
V/DBox    (  579): 274231 - Lcom/facebook/katana/HomeActivity; onClick
V/DBox    (  579): 274234 + Lcom/facebook/katana/HomeActivity; onPause
V/DBox    (  579): 274235 + Lcom/facebook/katana/FacebookListActivity; onPause
V/DBox    (  579): 274235 - Lcom/facebook/katana/FacebookListActivity; onPause
V/DBox    (  579): 274237 - Lcom/facebook/katana/HomeActivity; onPause
V/DBox    (  579): 274252 + Lcom/facebook/katana/StreamActivity; onCreate
V/DBox    (  579): 274287 - Lcom/facebook/katana/StreamActivity; onCreate
V/DBox    (  579): 274288 + Lcom/facebook/katana/StreamActivity; onResume
V/DBox    (  579): 274288 + Lcom/facebook/katana/FacebookListActivity; onResume
V/DBox    (  579): 274289 - Lcom/facebook/katana/FacebookListActivity; onResume
V/DBox    (  579): 274295 - Lcom/facebook/katana/StreamActivity; onResume
V/DBox    (  579): 277101 + Lcom/facebook/katana/StreamActivity; onItemClick android.widget.ListView@44043a50
V/DBox    (  579): 277108 - Lcom/facebook/katana/StreamActivity; onItemClick
V/DBox    (  579): 277161 + Lcom/facebook/katana/service/FacebookService; onStart
V/DBox    (  579): 277189 - Lcom/facebook/katana/service/FacebookService; onStart
V/DBox    (  579): 279742 + Lcom/facebook/katana/service/FacebookService; onStart
V/DBox    (  579): 279746 - Lcom/facebook/katana/service/FacebookService; onStart
V/DBox    (  579): 279748 + Lcom/facebook/katana/service/FacebookService; onStart
V/DBox    (  579): 279749 - Lcom/facebook/katana/service/FacebookService; onStart
V/DBox    (  579): 279751 + Lcom/facebook/katana/service/FacebookService; onStart
V/DBox    (  579): 279751 - Lcom/facebook/katana/service/FacebookService; onStart
V/DBox    (  579): 280270 + Lcom/facebook/katana/service/FacebookService; onStart
V/DBox    (  579): 280270 - Lcom/facebook/katana/service/FacebookService; onStart
V/DBox    (  579): 285111 + Lcom/facebook/katana/StreamActivity; onPause
V/DBox    (  579): 285117 + Lcom/facebook/katana/FacebookListActivity; onPause
V/DBox    (  579): 285117 - Lcom/facebook/katana/FacebookListActivity; onPause
V/DBox    (  579): 285137 - Lcom/facebook/katana/StreamActivity; onPause
V/DBox    (  579): 285147 + Lcom/facebook/katana/HomeActivity; onResume
V/DBox    (  579): 285147 + Lcom/facebook/katana/FacebookListActivity; onResume
V/DBox    (  579): 285148 - Lcom/facebook/katana/FacebookListActivity; onResume
V/DBox    (  579): 285164 - Lcom/facebook/katana/HomeActivity; onResume
V/DBox    (  579): 285190 + Lcom/facebook/katana/service/FacebookService; onStart
V/DBox    (  579): 285199 - Lcom/facebook/katana/service/FacebookService; onStart
V/DBox    (  579): 285201 + Lcom/facebook/katana/service/FacebookService; onStart
V/DBox    (  579): 285216 - Lcom/facebook/katana/service/FacebookService; onStart
V/DBox    (  579): 285224 + Lcom/facebook/katana/service/FacebookService; onStart
V/DBox    (  579): 285227 - Lcom/facebook/katana/service/FacebookService; onStart
V/DBox    (  579): 285228 + Lcom/facebook/katana/service/FacebookService; onStart
V/DBox    (  579): 285228 - Lcom/facebook/katana/service/FacebookService; onStart
V/DBox    (  579): 285229 + Lcom/facebook/katana/HomeActivity$ReelListener; onItemSelected android.widget.Gallery@43fa1390
V/DBox    (  579): 285229 - Lcom/facebook/katana/HomeActivity$ReelListener; onItemSelected
V/DBox    (  579): 285465 + Lcom/facebook/katana/StreamActivity; onStop
V/DBox    (  579): 285467 - Lcom/facebook/katana/StreamActivity; onStop
V/DBox    (  579): 285467 + Lcom/facebook/katana/StreamActivity; onDestroy
V/DBox    (  579): 285468 - Lcom/facebook/katana/StreamActivity; onDestroy
V/DBox    (  579): 286519 + Lcom/facebook/katana/HomeActivity; onClick android.widget.LinearLayout@440f1000
V/DBox    (  579): 286527 - Lcom/facebook/katana/HomeActivity; onClick
V/DBox    (  579): 286532 + Lcom/facebook/katana/HomeActivity; onPause
V/DBox    (  579): 286533 + Lcom/facebook/katana/FacebookListActivity; onPause
V/DBox    (  579): 286535 - Lcom/facebook/katana/FacebookListActivity; onPause
V/DBox    (  579): 286536 - Lcom/facebook/katana/HomeActivity; onPause
V/DBox    (  579): 286567 + Lcom/facebook/katana/ProfileTabHostActivity; onCreate
V/DBox    (  579): 286648 + Lcom/facebook/katana/StreamActivity; onCreate
V/DBox    (  579): 286688 - Lcom/facebook/katana/StreamActivity; onCreate
V/DBox    (  579): 286694 - Lcom/facebook/katana/ProfileTabHostActivity; onCreate
V/DBox    (  579): 286695 + Lcom/facebook/katana/ProfileTabHostActivity; onResume
V/DBox    (  579): 286695 + Lcom/facebook/katana/FacebookTabActivity; onResume
V/DBox    (  579): 286696 + Lcom/facebook/katana/StreamActivity; onResume
V/DBox    (  579): 286696 + Lcom/facebook/katana/FacebookListActivity; onResume
V/DBox    (  579): 286697 - Lcom/facebook/katana/FacebookListActivity; onResume
V/DBox    (  579): 286703 - Lcom/facebook/katana/StreamActivity; onResume
V/DBox    (  579): 286704 - Lcom/facebook/katana/FacebookTabActivity; onResume
V/DBox    (  579): 286706 - Lcom/facebook/katana/ProfileTabHostActivity; onResume
V/DBox    (  579): 286709 + Lcom/facebook/katana/service/FacebookService; onStart
V/DBox    (  579): 286732 - Lcom/facebook/katana/service/FacebookService; onStart
V/DBox    (  579): 286795 + Lcom/facebook/katana/service/FacebookService; onStart
V/DBox    (  579): 286796 - Lcom/facebook/katana/service/FacebookService; onStart
V/DBox    (  579): 291388 + Lcom/facebook/katana/ProfileTabHostActivity; onPause
V/DBox    (  579): 291388 + Lcom/facebook/katana/FacebookTabActivity; onPause
V/DBox    (  579): 291389 + Lcom/facebook/katana/StreamActivity; onPause
V/DBox    (  579): 291389 + Lcom/facebook/katana/FacebookListActivity; onPause
V/DBox    (  579): 291390 - Lcom/facebook/katana/FacebookListActivity; onPause
V/DBox    (  579): 291391 - Lcom/facebook/katana/StreamActivity; onPause
V/DBox    (  579): 291392 - Lcom/facebook/katana/FacebookTabActivity; onPause
V/DBox    (  579): 291395 - Lcom/facebook/katana/ProfileTabHostActivity; onPause
V/DBox    (  579): 291414 + Lcom/facebook/katana/HomeActivity; onCreate
V/DBox    (  579): 291507 - Lcom/facebook/katana/HomeActivity; onCreate
V/DBox    (  579): 291508 + Lcom/facebook/katana/HomeActivity; onResume
V/DBox    (  579): 291508 + Lcom/facebook/katana/FacebookListActivity; onResume
V/DBox    (  579): 291509 - Lcom/facebook/katana/FacebookListActivity; onResume
V/DBox    (  579): 291518 - Lcom/facebook/katana/HomeActivity; onResume
V/DBox    (  579): 291527 + Lcom/facebook/katana/service/FacebookService; onStart
V/DBox    (  579): 291535 - Lcom/facebook/katana/service/FacebookService; onStart
V/DBox    (  579): 291535 + Lcom/facebook/katana/service/FacebookService; onStart
V/DBox    (  579): 291563 - Lcom/facebook/katana/service/FacebookService; onStart
V/DBox    (  579): 291565 + Lcom/facebook/katana/service/FacebookService; onStart
V/DBox    (  579): 291612 - Lcom/facebook/katana/service/FacebookService; onStart
V/DBox    (  579): 291692 + Lcom/facebook/katana/HomeActivity$ReelListener; onItemSelected android.widget.Gallery@43fe7ed0
V/DBox    (  579): 291693 - Lcom/facebook/katana/HomeActivity$ReelListener; onItemSelected
V/DBox    (  579): 291881 + Lcom/facebook/katana/StreamActivity; onStop
V/DBox    (  579): 291884 - Lcom/facebook/katana/StreamActivity; onStop
V/DBox    (  579): 291885 + Lcom/facebook/katana/ProfileTabHostActivity; onDestroy
V/DBox    (  579): 291885 + Lcom/facebook/katana/StreamActivity; onDestroy
V/DBox    (  579): 291886 - Lcom/facebook/katana/StreamActivity; onDestroy
V/DBox    (  579): 291886 - Lcom/facebook/katana/ProfileTabHostActivity; onDestroy
V/DBox    (  579): 293694 + Lcom/facebook/katana/HomeActivity; onCreateOptionsMenu com.android.internal.view.menu.MenuBuilder@440e0708
V/DBox    (  579): 293698 - Lcom/facebook/katana/HomeActivity; onCreateOptionsMenu
V/DBox    (  579): 295801 + Lcom/facebook/katana/HomeActivity; onOptionsItemSelected Logout
V/DBox    (  579): 295837 - Lcom/facebook/katana/HomeActivity; onOptionsItemSelected
V/DBox    (  579): 297182 + Lcom/facebook/katana/HomeActivity$5; onClick android.app.AlertDialog@440fa2c0
V/DBox    (  579): 297203 - Lcom/facebook/katana/HomeActivity$5; onClick
V/DBox    (  579): 297209 + Lcom/facebook/katana/service/FacebookService; onStart
V/DBox    (  579): 297217 - Lcom/facebook/katana/service/FacebookService; onStart
V/DBox    (  579): 298081 + Lcom/facebook/katana/platform/FacebookAuthenticationService; onCreate
V/DBox    (  579): 298083 - Lcom/facebook/katana/platform/FacebookAuthenticationService; onCreate
V/DBox    (  579): 298245 < Lcom/facebook/katana/binding/AppSession; releaseWakeLock
V/DBox    (  579): 298277 < Lcom/facebook/katana/binding/AppSession; releaseWakeLock
V/DBox    (  579): 298284 + Lcom/facebook/katana/HomeActivity; onPause
V/DBox    (  579): 298285 + Lcom/facebook/katana/FacebookListActivity; onPause
V/DBox    (  579): 298286 - Lcom/facebook/katana/FacebookListActivity; onPause
V/DBox    (  579): 298286 - Lcom/facebook/katana/HomeActivity; onPause
V/DBox    (  579): 298304 + Lcom/facebook/katana/LoginActivity; onCreate
V/DBox    (  579): 298349 - Lcom/facebook/katana/LoginActivity; onCreate
V/DBox    (  579): 298350 + Lcom/facebook/katana/LoginActivity; onResume
V/DBox    (  579): 298351 + Lcom/facebook/katana/FacebookActivity; onResume
V/DBox    (  579): 298351 - Lcom/facebook/katana/FacebookActivity; onResume
V/DBox    (  579): 298357 - Lcom/facebook/katana/LoginActivity; onResume
