up_time cpu_freq utime work_time total_time screen_on brightness wifi_on wifi_rx_bytes wifi_tx_bytes
 790443	 0.8965517	 8858 15765 78657	 1 0.00392156862745098	 1 72688168 1703434
 790948	 0.8965517	 8865 15780 78706	 1 0.00392156862745098	 1 72688604 1703434
 791410	 0.8965517	 8893 15816 78757	 1 0.00392156862745098	 1 72688726 1703434
 791906	 0.8965517	 8901 15827 78805	 1 0.00392156862745098	 1 72688856 1703434
 792394	 0.8965517	 8917 15852 78852	 1 0.00392156862745098	 1 72688978 1703434
 792909	 0.22000718	 8934 15882 78905	 1 0.00392156862745098	 1 72689238 1703434
 793414	 0.22000718	 8969 15926 78967	 1 0.00392156862745098	 1 72689590 1703434
 793941	 0.22000718	 8976 15937 79007	 1 0.00392156862745098	 1 72689728 1703434
 794395	 0.22000718	 8985 15948 79057	 1 0.00392156862745098	 1 72689866 1703434
 794895	 0.22000718	 8991 15957 79105	 1 0.00392156862745098	 1 72690064 1703434
 795406	 0.22000718	 8996 15968 79155	 1 0.00392156862745098	 1 72690378 1703434
 795912	 0.8965517	 9013 16003 79204	 1 0.00392156862745098	 1 72925914 1708508
 796427	 0.8965517	 9028 16042 79256	 1 0.00392156862745098	 1 73684936 1726476
 796904	 0.8965517	 9036 16076 79303	 1 0.00392156862745098	 1 74202990 1738726
 797431	 0.5862069	 9050 16121 79353	 1 0.00392156862745098	 1 75000216 1757276
 797994	 0.8965517	 9065 16164 79406	 1 0.00392156862745098	 1 75816450 1775056
 798425	 0.22000718	 9070 16181 79452	 1 0.00392156862745098	 1 75882397 1777016
 798896	 0.22000718	 9076 16192 79501	 1 0.00392156862745098	 1 75882665 1777016
 799405	 0.22000718	 9080 16203 79550	 1 0.00392156862745098	 1 75883155 1777016
 799910	 0.22000718	 9089 16217 79604	 1 0.00392156862745098	 1 75883419 1777086
 800409	 0.22000718	 9095 16227 79650	 1 0.00392156862745098	 1 75883465 1777086
 800905	 0.22000718	 9102 16237 79700	 1 0.00392156862745098	 1 75883595 1777086
 801421	 0.22000718	 9114 16253 79751	 1 0.00392156862745098	 1 75883785 1777086
 801915	 0.22000718	 9123 16265 79802	 1 0.00392156862745098	 1 75883785 1777086
 802418	 0.8965517	 9131 16280 79851	 1 0.00392156862745098	 1 75884107 1777086
 802905	 0.8965517	 9138 16289 79899	 1 0.00392156862745098	 1 75884475 1777086
 803420	 0.22000718	 9146 16302 79951	 1 0.00392156862745098	 1 75885059 1777156
 803905	 0.22000718	 9150 16311 80000	 1 0.00392156862745098	 1 75885633 1777156
 804405	 0.22000718	 9160 16326 80054	 1 0.00392156862745098	 1 75885817 1777156
 804894	 0.22000718	 9170 16340 80102	 1 0.00392156862745098	 1 75886261 1777156
 805419	 0.8965517	 9175 16350 80149	 1 0.00392156862745098	 1 75886399 1777156
 805901	 0.7241379	 9182 16366 80195	 1 0.00392156862745098	 1 76076303 1782454
 806417	 0.86206895	 9193 16406 80245	 1 0.00392156862745098	 1 76732445 1797364
 806928	 0.4827586	 9209 16445 80295	 1 0.00392156862745098	 1 77474011 1815182
 807436	 0.8965517	 9217 16486 80343	 1 0.00392156862745098	 1 77988797 1827152
 807929	 0.8965517	 9228 16519 80388	 1 0.00392156862745098	 1 78789051 1845212
 808416	 0.22000718	 9237 16541 80439	 1 0.00392156862745098	 1 79080046 1852002
 808914	 0.8965517	 9247 16556 80492	 1 0.00392156862745098	 1 79080360 1852002
 809414	 0.22000718	 9254 16567 80538	 1 0.00392156862745098	 1 79080674 1852002
 809895	 0.22000718	 9259 16578 80588	 1 0.00392156862745098	 1 79080842 1852002
 810395	 0.22000718	 9266 16589 80637	 1 0.00392156862745098	 1 79081278 1852002
 810897	 0.22000718	 9271 16598 80686	 1 0.00392156862745098	 1 79081718 1852072
 811414	 0.22000718	 9281 16614 80738	 1 0.00392156862745098	 1 79082162 1852072
 811895	 0.8965517	 9285 16626 80788	 1 0.00392156862745098	 1 79082514 1852072
 812399	 0.8965517	 9286 16637 80838	 1 0.00392156862745098	 1 79082560 1852072
 812917	 0.22000718	 9293 16650 80887	 1 0.00392156862745098	 1 79082928 1852072
 813394	 0.8965517	 9306 16667 80941	 1 0.00392156862745098	 1 79083250 1852072
 813917	 0.22000718	 9313 16678 80987	 1 0.00392156862745098	 1 79083342 1852072
 814409	 0.8965517	 9322 16690 81037	 1 0.00392156862745098	 1 79083664 1852072
 814894	 0.22000718	 9329 16700 81088	 1 0.00392156862745098	 1 79083802 1852072
 815415	 0.22000718	 9339 16715 81142	 1 0.00392156862745098	 1 79083940 1852072
 815921	 0.8965517	 9344 16735 81187	 1 0.00392156862745098	 1 79320902 1857812
 816391	 0.8965517	 9353 16768 81233	 1 0.00392156862745098	 1 79930040 1871882
 816933	 0.4827586	 9362 16803 81283	 1 0.00392156862745098	 1 80741756 1890852
 817407	 0.8965517	 9375 16840 81327	 1 0.00392156862745098	 1 81382214 1905998
 817938	 0.8965517	 9384 16865 81377	 1 0.00392156862745098	 1 81661848 1911962
 818403	 0.86206895	 9402 16908 81433	 1 0.00392156862745098	 1 82282991 1926558
 818921	 0.22000718	 9406 16922 81476	 1 0.00392156862745098	 1 82283347 1926558
 819394	 0.22000718	 9415 16935 81526	 1 0.00392156862745098	 1 82283469 1926558
 819896	 0.22000718	 9427 16949 81579	 1 0.00392156862745098	 1 82283905 1926558
 820420	 0.8965517	 9432 16960 81624	 1 0.00392156862745098	 1 82283981 1926558
 820895	 0.22000718	 9439 16969 81674	 1 0.00392156862745098	 1 82284111 1926558
 821405	 0.22000718	 9445 16981 81725	 1 0.00392156862745098	 1 82284271 1926558
 821905	 0.22000718	 9451 16991 81774	 1 0.00392156862745098	 1 82284271 1926558
 822419	 0.22000718	 9463 17007 81826	 1 0.00392156862745098	 1 82284309 1926558
 822905	 0.22000718	 9468 17018 81875	 1 0.00392156862745098	 1 82284393 1926558
 823405	 0.22000718	 9477 17033 81925	 1 0.00392156862745098	 1 82284485 1926558
 823914	 0.22000718	 9487 17048 81975	 1 0.00392156862745098	 1 82284661 1926558
 824421	 0.22000718	 9492 17057 82024	 1 0.00392156862745098	 1 82284753 1926558
 824895	 0.22000718	 9500 17071 82073	 1 0.00392156862745098	 1 82285143 1926558
 825404	 0.22000718	 9507 17081 82123	 1 0.00392156862745098	 1 82285491 1926628
 825924	 0.7586207	 9515 17099 82170	 1 0.00392156862745098	 1 82543885 1932962
 826426	 0.8965517	 9526 17135 82216	 1 0.00392156862745098	 1 83317147 1950532
 827013	 0.8965517	 9543 17181 82271	 1 0.00392156862745098	 1 84192933 1971042
 827429	 0.7241379	 9551 17215 82312	 1 0.00392156862745098	 1 84916007 1987352
 827896	 0.8965517	 9559 17246 82361	 1 0.00392156862745098	 1 85475320 2000792
 828396	 0.22000718	 9562 17255 82411	 1 0.00392156862745098	 1 85475458 2000792
 828917	 0.22000718	 9571 17268 82462	 1 0.00392156862745098	 1 85475596 2000792
 829413	 0.22000718	 9581 17287 82511	 1 0.00392156862745098	 1 85475918 2000792
 829910	 0.22000718	 9586 17298 82562	 1 0.00392156862745098	 1 85475918 2000792
 830395	 0.22000718	 9593 17308 82611	 1 0.00392156862745098	 1 85476056 2000792
 830894	 0.22000718	 9600 17320 82663	 1 0.00392156862745098	 1 85476102 2000792
 831499	 0.8965517	 9613 17336 82718	 1 0.00392156862745098	 1 85476178 2000792
 831894	 0.22000718	 9622 17350 82761	 1 0.00392156862745098	 1 85476584 2000792
 832419	 0.22000718	 9631 17364 82812	 1 0.00392156862745098	 1 85476760 2000792
 832898	 0.8965517	 9638 17377 82861	 1 0.00392156862745098	 1 85477074 2000792
 833405	 0.8965517	 9643 17387 82911	 1 0.00392156862745098	 1 85477334 2000792
 833919	 0.22000718	 9652 17403 82961	 1 0.00392156862745098	 1 85477548 2000792
 834414	 0.22000718	 9659 17415 83012	 1 0.00392156862745098	 1 85477816 2000792
 834919	 0.22000718	 9669 17427 83063	 1 0.00392156862745098	 1 85478252 2000792
 835419	 0.22000718	 9675 17438 83112	 1 0.00392156862745098	 1 85478520 2000792
 835892	 0.8965517	 9685 17461 83158	 1 0.00392156862745098	 1 85639948 2005634
 836422	 0.5862069	 9694 17501 83205	 1 0.00392156862745098	 1 86401662 2023134
 836920	 0.7586207	 9706 17541 83254	 1 0.00392156862745098	 1 87219028 2041850
 837403	 0.8965517	 9717 17574 83301	 1 0.00392156862745098	 1 87899528 2058266
 837904	 0.44827586	 9727 17610 83347	 1 0.00392156862745098	 1 88672541 2076886
 838405	 0.22000718	 9739 17629 83399	 1 0.00392156862745098	 1 88672839 2076886
 838904	 0.8965517	 9747 17638 83448	 1 0.00392156862745098	 1 88672977 2076886
 839423	 0.22000718	 9756 17651 83501	 1 0.00392156862745098	 1 88673069 2076886
 839915	 0.22000718	 9765 17661 83550	 1 0.00392156862745098	 1 88673391 2076886
 840405	 0.22000718	 9775 17675 83600	 1 0.00392156862745098	 1 88673805 2076886
 840895	 0.22000718	 9779 17685 83649	 1 0.00392156862745098	 1 88673851 2076886
 841408	 0.22000718	 9785 17696 83697	 1 0.00392156862745098	 1 88674081 2076886
 841920	 0.22000718	 9791 17708 83750	 1 0.00392156862745098	 1 88674127 2076886
 842415	 0.8965517	 9796 17719 83800	 1 0.00392156862745098	 1 88674387 2076886
 842920	 0.22000718	 9807 17737 83849	 1 0.00392156862745098	 1 88674647 2076886
 843405	 0.22000718	 9813 17747 83899	 1 0.00392156862745098	 1 88674731 2076886
 843921	 0.8965517	 9820 17758 83949	 1 0.00392156862745098	 1 88674861 2076886
 844405	 0.22000718	 9828 17769 84000	 1 0.00392156862745098	 1 88674953 2076886
 844905	 0.8965517	 9840 17795 84053	 1 0.00392156862745098	 1 88675411 2077232
 845405	 0.22000718	 9847 17805 84099	 1 0.00392156862745098	 1 88675457 2077232
 845923	 0.8965517	 9855 17820 84146	 1 0.00392156862745098	 1 88839837 2081116
 846413	 0.51724136	 9864 17857 84194	 1 0.00392156862745098	 1 89665491 2100506
 846922	 0.8965517	 9873 17898 84243	 1 0.00392156862745098	 1 90505589 2120440
 847398	 0.8965517	 9887 17927 84291	 1 0.00392156862745098	 1 90733975 2125716
 847912	 0.4827586	 9896 17965 84343	 1 0.00392156862745098	 1 91612705 2146436
 848405	 0.22000718	 9906 17987 84393	 1 0.00392156862745098	 1 91868180 2152316
 848905	 0.22000718	 9914 17998 84442	 1 0.00392156862745098	 1 91868364 2152316
 849419	 0.8965517	 9930 18018 84501	 1 0.00392156862745098	 1 91868686 2152316
 849916	 0.8965517	 9936 18030 84544	 1 0.00392156862745098	 1 91868962 2152316
 850416	 0.22000718	 9946 18043 84592	 1 0.00392156862745098	 1 91869146 2152316
 850913	 0.8965517	 9953 18054 84642	 1 0.00392156862745098	 1 91869514 2152316
 851396	 0.22000718	 9960 18064 84692	 1 0.00392156862745098	 1 91869698 2152316
 851919	 0.22000718	 9974 18080 84743	 1 0.00392156862745098	 1 91870296 2152316
 852406	 0.22000718	 9980 18091 84792	 1 0.00392156862745098	 1 91870702 2152316
 852905	 0.22000718	 9985 18104 84843	 1 0.00392156862745098	 1 91870974 2152316
 853406	 0.22000718	 9995 18117 84893	 1 0.00392156862745098	 1 91871464 2152316
 853895	 0.8965517	 10009 18136 84952	 1 0.00392156862745098	 1 91871878 2152316
 854417	 0.22000718	 10015 18146 84992	 1 0.00392156862745098	 1 91871962 2152316
 854894	 0.8965517	 10024 18157 85042	 1 0.00392156862745098	 1 91872294 2152386
 855405	 0.22000718	 10031 18167 85092	 1 0.00392156862745098	 1 91872378 2152386
 855892	 0.82758623	 10034 18186 85140	 1 0.00392156862745098	 1 91872730 2152386
 856415	 0.22000718	 10058 18223 85194	 1 0.00392156862745098	 1 91872822 2152386
 856918	 0.22000718	 10069 18243 85242	 1 0.00392156862745098	 1 91872868 2152386
 857405	 0.22000718	 10085 18273 85294	 1 0.00392156862745098	 1 91872960 2152386
 857905	 0.22000718	 10091 18284 85343	 1 0.00392156862745098	 1 91873282 2152386
 858405	 0.8965517	 10101 18297 85396	 1 0.00392156862745098	 1 91873374 2152386
 858932	 0.8965517	 10109 18306 85442	 1 0.00392156862745098	 1 91873512 2152386
 859395	 0.8965517	 10113 18316 85492	 1 0.00392156862745098	 1 91873604 2152386
 859905	 0.22000718	 10120 18327 85543	 1 0.00392156862745098	 1 91873696 2152386
 860398	 0.8965517	 10130 18342 85592	 1 0.00392156862745098	 1 91873834 2152386
 860900	 0.22000718	 10147 18368 85643	 1 0.00392156862745098	 1 91873880 2152386
 861395	 0.22000718	 10154 18379 85693	 1 0.00392156862745098	 1 91874110 2152386
 861928	 0.8965517	 10176 18410 85745	 1 0.00392156862745098	 1 91874248 2152386
 862405	 0.8965517	 10184 18435 85793	 1 0.00392156862745098	 1 91874294 2152386
 862910	 0.8965517	 10220 18481 85850	 1 0.00392156862745098	 1 91874570 2152386
 863405	 0.8965517	 10225 18491 85891	 1 0.00392156862745098	 1 91874662 2152386
 863914	 0.8965517	 10240 18512 85941	 1 0.00392156862745098	 1 91874838 2152386
