up_time cpu_freq utime work_time total_time screen_on brightness wifi_on wifi_rx_bytes wifi_tx_bytes
 4643357	 0.22000718	 17919 42992 372782	 1 0.00392156862745098	 1 161163210 3754092
 4643877	 0.8965517	 17941 43020 372843	 1 0.00392156862745098	 1 161163624 3754092
 4644330	 0.22000718	 17954 43040 372879	 1 0.00392156862745098	 1 161163716 3754092
 4644808	 0.8965517	 17982 43083 372938	 1 0.00392156862745098	 1 161163946 3754092
 4645334	 0.22000718	 17997 43109 372980	 1 0.00392156862745098	 1 161164130 3754092
 4645848	 0.8965517	 18006 43121 373031	 1 0.00392156862745098	 1 161164268 3754092
 4646337	 0.22000718	 18024 43148 373079	 1 0.00392156862745098	 1 161164452 3754092
 4646821	 0.22000718	 18028 43159 373131	 1 0.00392156862745098	 1 161164452 3754092
 4647320	 0.8965517	 18041 43176 373187	 1 0.00392156862745098	 1 161164544 3754092
 4647820	 0.22000718	 18046 43186 373230	 1 0.00392156862745098	 1 161164896 3754092
 4648310	 0.22000718	 18053 43199 373279	 1 0.00392156862745098	 1 161165026 3754092
 4648814	 0.8965517	 18065 43229 373326	 1 0.00392156862745098	 1 161275558 3757012
 4649325	 0.8965517	 18078 43273 373378	 1 0.00392156862745098	 1 162132714 3776192
 4649829	 0.22000718	 18092 43306 373428	 1 0.00392156862745098	 1 162762215 3792624
 4650331	 0.8965517	 18101 43320 373479	 1 0.00392156862745098	 1 162762537 3792624
 4650906	 0.8965517	 18114 43335 373532	 1 0.00392156862745098	 1 162762813 3792624
 4651321	 0.22000718	 18122 43345 373576	 1 0.00392156862745098	 1 162763457 3792624
 4651820	 0.22000718	 18127 43356 373627	 1 0.00392156862745098	 1 162763779 3792624
 4652310	 0.22000718	 18131 43368 373676	 1 0.00392156862745098	 1 162763871 3792624
 4652820	 0.22000718	 18140 43379 373726	 1 0.00392156862745098	 1 162764239 3792624
 4653307	 0.8965517	 18147 43394 373773	 1 0.00392156862745098	 1 162764751 3792970
 4653838	 0.8965517	 18154 43407 373826	 1 0.00392156862745098	 1 162764935 3792970
 4654340	 0.22000718	 18164 43423 373877	 1 0.00392156862745098	 1 162765257 3792970
 4654810	 0.22000718	 18171 43437 373928	 1 0.00392156862745098	 1 162765257 3792970
 4655311	 0.22000718	 18178 43450 373978	 1 0.00392156862745098	 1 162765395 3792970
 4655821	 0.22000718	 18186 43459 374026	 1 0.00392156862745098	 1 162765487 3792970
 4656334	 0.22000718	 18195 43469 374076	 1 0.00392156862745098	 1 162765579 3792970
 4656811	 0.22000718	 18201 43480 374127	 1 0.00392156862745098	 1 162765809 3792970
 4657320	 0.22000718	 18209 43491 374177	 1 0.00392156862745098	 1 162766085 3792970
 4657820	 0.8965517	 18220 43507 374228	 1 0.00392156862745098	 1 162766269 3792970
 4658333	 0.22000718	 18226 43518 374276	 1 0.00392156862745098	 1 162766767 3792970
 4658821	 0.8965517	 18232 43538 374325	 1 0.00392156862745098	 1 162925253 3797780
 4659349	 0.8965517	 18241 43579 374376	 1 0.00392156862745098	 1 163711307 3816120
 4659815	 0.55172414	 18253 43614 374421	 1 0.00392156862745098	 1 164363540 3831380
 4660310	 0.22000718	 18261 43626 374474	 1 0.00392156862745098	 1 164363678 3831380
 4660821	 0.22000718	 18268 43637 374525	 1 0.00392156862745098	 1 164363862 3831380
 4661338	 0.22000718	 18280 43652 374575	 1 0.00392156862745098	 1 164363946 3831380
 4661810	 0.22000718	 18285 43662 374624	 1 0.00392156862745098	 1 164364034 3831380
 4662310	 0.22000718	 18290 43672 374674	 1 0.00392156862745098	 1 164364072 3831380
 4662810	 0.22000718	 18297 43682 374724	 1 0.00392156862745098	 1 164364194 3831380
 4663325	 0.8965517	 18300 43693 374774	 1 0.00392156862745098	 1 164364408 3831380
 4663810	 0.22000718	 18308 43703 374824	 1 0.00392156862745098	 1 164364760 3831380
 4664324	 0.8965517	 18316 43714 374874	 1 0.00392156862745098	 1 164364806 3831380
 4664838	 0.22000718	 18329 43733 374925	 1 0.00392156862745098	 1 164365036 3831380
 4665332	 0.22000718	 18337 43745 374975	 1 0.00392156862745098	 1 164365434 3831380
 4665825	 0.22000718	 18344 43756 375024	 1 0.00392156862745098	 1 164365656 3831380
 4666335	 0.22000718	 18350 43768 375075	 1 0.00392156862745098	 1 164366352 3831520
 4666811	 0.22000718	 18356 43778 375124	 1 0.00392156862745098	 1 164366574 3831520
 4667319	 0.22000718	 18364 43792 375175	 1 0.00392156862745098	 1 164366972 3831520
 4667821	 0.8965517	 18370 43802 375223	 1 0.00392156862745098	 1 164367370 3831520
 4668311	 0.22000718	 18381 43818 375275	 1 0.00392156862745098	 1 164367454 3831520
 4668827	 0.8965517	 18385 43835 375320	 1 0.00392156862745098	 1 164541702 3835334
 4669326	 0.8965517	 18396 43870 375365	 1 0.00392156862745098	 1 165360324 3855356
 4669819	 0.22000718	 18407 43906 375416	 1 0.00392156862745098	 1 165982289 3870952
 4670338	 0.22000718	 18414 43920 375468	 1 0.00392156862745098	 1 165982703 3870952
 4670834	 0.22000718	 18420 43930 375517	 1 0.00392156862745098	 1 165982933 3870952
 4671310	 0.22000718	 18427 43942 375566	 1 0.00392156862745098	 1 165983555 3870952
 4671831	 0.22000718	 18439 43963 375617	 1 0.00392156862745098	 1 165983865 3870952
 4672335	 0.22000718	 18448 43975 375666	 1 0.00392156862745098	 1 165984087 3870952
 4672811	 0.8965517	 18456 43985 375715	 1 0.00392156862745098	 1 165984301 3870952
 4673330	 0.22000718	 18463 43997 375766	 1 0.00392156862745098	 1 165984995 3870952
 4673820	 0.22000718	 18470 44007 375816	 1 0.00392156862745098	 1 165985263 3870952
 4674322	 0.22000718	 18477 44017 375865	 1 0.00392156862745098	 1 165985745 3870952
 4674835	 0.22000718	 18490 44033 375919	 1 0.00392156862745098	 1 165986319 3870952
 4675321	 0.22000718	 18498 44043 375965	 1 0.00392156862745098	 1 165986625 3870952
 4675836	 0.22000718	 18504 44055 376017	 1 0.00392156862745098	 1 165987015 3870952
 4676339	 0.8965517	 18513 44066 376065	 1 0.00392156862745098	 1 165987153 3870952
 4676810	 0.22000718	 18518 44075 376115	 1 0.00392156862745098	 1 165987245 3870952
 4677310	 0.22000718	 18526 44086 376165	 1 0.00392156862745098	 1 165987337 3870952
 4677823	 0.22000718	 18533 44096 376215	 1 0.00392156862745098	 1 165987337 3870952
 4678333	 0.22000718	 18541 44112 376269	 1 0.00392156862745098	 1 165987429 3870952
 4678834	 0.86206895	 18544 44130 376313	 1 0.00392156862745098	 1 166192973 3876156
 4679310	 0.8965517	 18553 44166 376358	 1 0.00392156862745098	 1 166736469 3888896
 4679823	 0.5862069	 18562 44202 376409	 1 0.00392156862745098	 1 167583964 3909406
 4680327	 0.22000718	 18571 44217 376460	 1 0.00392156862745098	 1 167584236 3909406
 4680834	 0.22000718	 18575 44228 376509	 1 0.00392156862745098	 1 167584596 3909406
 4681321	 0.22000718	 18585 44240 376559	 1 0.00392156862745098	 1 167585002 3909406
 4681824	 0.22000718	 18599 44259 376618	 1 0.00392156862745098	 1 167585132 3909406
 4682337	 0.22000718	 18606 44270 376658	 1 0.00392156862745098	 1 167585224 3909406
 4682821	 0.8965517	 18614 44281 376709	 1 0.00392156862745098	 1 167585454 3909406
 4683321	 0.22000718	 18619 44291 376759	 1 0.00392156862745098	 1 167585454 3909406
 4683810	 0.22000718	 18627 44303 376810	 1 0.00392156862745098	 1 167585492 3909406
 4684331	 0.22000718	 18634 44315 376859	 1 0.00392156862745098	 1 167585538 3909406
 4684821	 0.22000718	 18640 44326 376908	 1 0.00392156862745098	 1 167585630 3909406
 4685336	 0.8965517	 18654 44345 376967	 1 0.00392156862745098	 1 167585722 3909406
 4685821	 0.22000718	 18661 44355 377008	 1 0.00392156862745098	 1 167585768 3909406
 4686310	 0.22000718	 18670 44366 377058	 1 0.00392156862745098	 1 167585998 3909406
 4686829	 0.8965517	 18676 44376 377108	 1 0.00392156862745098	 1 167586224 3909406
 4687340	 0.22000718	 18684 44388 377159	 1 0.00392156862745098	 1 167586342 3909406
 4687821	 0.22000718	 18692 44400 377209	 1 0.00392156862745098	 1 167586598 3909406
 4688335	 0.22000718	 18702 44412 377258	 1 0.00392156862745098	 1 167586872 3909406
 4688835	 0.8965517	 18709 44435 377310	 1 0.00392156862745098	 1 167826594 3916248
 4689339	 0.8965517	 18719 44471 377356	 1 0.00392156862745098	 1 168575502 3933888
 4689826	 0.22000718	 18734 44505 377404	 1 0.00392156862745098	 1 169183199 3948448
 4690334	 0.22000718	 18743 44516 377455	 1 0.00392156862745098	 1 169183421 3948448
 4690820	 0.22000718	 18751 44528 377505	 1 0.00392156862745098	 1 169183421 3948448
 4691334	 0.22000718	 18761 44540 377555	 1 0.00392156862745098	 1 169183467 3948448
 4691813	 0.22000718	 18771 44551 377604	 1 0.00392156862745098	 1 169183727 3948448
 4692310	 0.8965517	 18786 44569 377661	 1 0.00392156862745098	 1 169184183 3948448
 4692821	 0.22000718	 18792 44580 377704	 1 0.00392156862745098	 1 169184459 3948448
 4693336	 0.22000718	 18800 44592 377755	 1 0.00392156862745098	 1 169185325 3948448
 4693834	 0.22000718	 18806 44601 377803	 1 0.00392156862745098	 1 169185921 3948448
 4694311	 0.22000718	 18814 44612 377853	 1 0.00392156862745098	 1 169186625 3948448
 4694830	 0.22000718	 18823 44625 377904	 1 0.00392156862745098	 1 169187091 3948448
 4695310	 0.8965517	 18831 44636 377954	 1 0.00392156862745098	 1 169187137 3948448
 4695820	 0.8965517	 18840 44649 378002	 1 0.00392156862745098	 1 169187275 3948448
 4696320	 0.22000718	 18847 44661 378054	 1 0.00392156862745098	 1 169187535 3948448
 4696831	 0.22000718	 18854 44674 378105	 1 0.00392156862745098	 1 169187673 3948448
 4697310	 0.22000718	 18859 44684 378153	 1 0.00392156862745098	 1 169187849 3948448
 4697810	 0.22000718	 18865 44694 378203	 1 0.00392156862745098	 1 169188033 3948448
 4698330	 0.22000718	 18871 44705 378254	 1 0.00392156862745098	 1 169188309 3948448
 4698821	 0.8965517	 18875 44723 378300	 1 0.00392156862745098	 1 169313169 3952402
 4699322	 0.8965517	 18890 44761 378345	 1 0.00392156862745098	 1 169962403 3968388
 4699834	 0.8965517	 18900 44804 378395	 1 0.00392156862745098	 1 170786032 3988198
 4700310	 0.22000718	 18904 44814 378446	 1 0.00392156862745098	 1 170786676 3988198
 4700835	 0.22000718	 18909 44826 378497	 1 0.00392156862745098	 1 170787044 3988198
 4701321	 0.22000718	 18914 44838 378548	 1 0.00392156862745098	 1 170787764 3988198
 4701811	 0.22000718	 18919 44850 378596	 1 0.00392156862745098	 1 170787994 3988198
 4702340	 0.22000718	 18928 44861 378647	 1 0.00392156862745098	 1 170788726 3988198
 4702839	 0.8965517	 18942 44876 378701	 1 0.00392156862745098	 1 170789040 3988198
 4703335	 0.22000718	 18948 44886 378746	 1 0.00392156862745098	 1 170789132 3988198
 4703830	 0.22000718	 18955 44898 378796	 1 0.00392156862745098	 1 170789354 3988198
 4704329	 0.22000718	 18962 44910 378847	 1 0.00392156862745098	 1 170790104 3988198
 4704820	 0.22000718	 18973 44924 378897	 1 0.00392156862745098	 1 170790414 3988198
 4705335	 0.22000718	 18979 44936 378947	 1 0.00392156862745098	 1 170790942 3988198
 4705835	 0.22000718	 18990 44948 378998	 1 0.00392156862745098	 1 170791210 3988198
 4706311	 0.8965517	 19009 44971 379054	 1 0.00392156862745098	 1 170791562 3988198
 4706811	 0.22000718	 19015 44982 379096	 1 0.00392156862745098	 1 170791784 3988198
 4707310	 0.22000718	 19022 44993 379147	 1 0.00392156862745098	 1 170792006 3988198
 4707834	 0.22000718	 19030 45006 379197	 1 0.00392156862745098	 1 170792434 3988198
 4708331	 0.22000718	 19038 45017 379247	 1 0.00392156862745098	 1 170792656 3988198
 4708812	 0.8965517	 19048 45036 379294	 1 0.00392156862745098	 1 170792878 3988198
 4709310	 0.22000718	 19072 45070 379348	 1 0.00392156862745098	 1 170793222 3988198
 4709824	 0.22000718	 19093 45098 379396	 1 0.00392156862745098	 1 170793590 3988198
 4710320	 0.22000718	 19110 45124 379447	 1 0.00392156862745098	 1 170793774 3988198
 4710835	 0.22000718	 19116 45136 379497	 1 0.00392156862745098	 1 170794188 3988198
 4711310	 0.22000718	 19123 45147 379546	 1 0.00392156862745098	 1 170794506 3988198
 4711835	 0.22000718	 19133 45161 379597	 1 0.00392156862745098	 1 170795100 3988198
 4712322	 0.22000718	 19139 45171 379647	 1 0.00392156862745098	 1 170795744 3988198
 4712810	 0.22000718	 19146 45183 379697	 1 0.00392156862745098	 1 170796020 3988198
 4713330	 0.22000718	 19156 45198 379747	 1 0.00392156862745098	 1 170796594 3988198
 4713837	 0.22000718	 19168 45216 379798	 1 0.00392156862745098	 1 170797130 3988198
 4714329	 0.22000718	 19182 45234 379846	 1 0.00392156862745098	 1 170797444 3988198
 4714811	 0.8965517	 19193 45257 379904	 1 0.00392156862745098	 1 170797766 3988198
 4715310	 0.8965517	 19208 45286 379948	 1 0.00392156862745098	 1 170798042 3988198
 4715813	 0.8965517	 19214 45304 379996	 1 0.00392156862745098	 1 170798318 3988198
 4716341	 0.8965517	 19235 45342 380048	 1 0.00392156862745098	 1 170798870 3988198
 4716811	 0.22000718	 19246 45358 380097	 1 0.00392156862745098	 1 170799008 3988198
 4717310	 0.22000718	 19257 45373 380146	 1 0.00392156862745098	 1 170799606 3988198
 4717820	 0.22000718	 19268 45387 380199	 1 0.00392156862745098	 1 170799882 3988198
