up_time cpu_freq utime work_time total_time screen_on brightness wifi_on wifi_rx_bytes wifi_tx_bytes
 792861	 0.8965517	 10389 14529 79155	 1 0.00392156862745098	 1 424229 39190
 793378	 0.8965517	 10395 14544 79206	 1 0.00392156862745098	 1 424229 39190
 793806	 0.8965517	 10414 14577 79254	 1 0.00392156862745098	 1 424229 39190
 794328	 0.8965517	 10421 14588 79305	 1 0.00392156862745098	 1 424229 39190
 794843	 0.8965517	 10429 14603 79356	 1 0.00392156862745098	 1 424229 39190
 795307	 0.8965517	 10451 14645 79405	 1 0.00392156862745098	 1 424229 39190
 795834	 0.22000718	 10474 14677 79454	 1 0.00392156862745098	 1 424229 39190
 796325	 0.8965517	 10483 14689 79503	 1 0.00392156862745098	 1 424229 39190
 796825	 0.22000718	 10489 14699 79554	 1 0.00392156862745098	 1 424229 39190
 797329	 0.22000718	 10495 14708 79603	 1 0.00392156862745098	 1 424229 39190
 797823	 0.22000718	 10505 14724 79655	 1 0.00392156862745098	 1 424229 39190
 798307	 0.8965517	 10518 14741 79713	 1 0.00392156862745098	 1 424229 39190
 798825	 0.22000718	 10526 14752 79755	 1 0.00392156862745098	 1 424229 39190
 799316	 0.8965517	 10530 14763 79805	 1 0.00392156862745098	 1 424229 39190
 799806	 0.8965517	 10540 14781 79854	 1 1.0	 1 424229 39190
 800317	 0.8965517	 10545 14790 79903	 1 1.0	 1 424229 39190
 800825	 0.22000718	 10552 14802 79953	 1 1.0	 1 424229 39190
 801325	 0.22000718	 10557 14813 80004	 1 1.0	 1 424229 39190
 801815	 0.22000718	 10567 14827 80053	 1 1.0	 1 424229 39190
 802307	 0.22000718	 10574 14837 80103	 1 1.0	 1 424229 39190
 802834	 0.8965517	 10580 14846 80152	 1 1.0	 1 424229 39190
 803325	 0.22000718	 10586 14857 80203	 1 1.0	 1 424229 39190
 803830	 0.22000718	 10592 14866 80253	 1 1.0	 1 424229 39190
 804332	 0.22000718	 10600 14876 80303	 1 1.0	 1 424229 39190
 804815	 0.8965517	 10609 14888 80351	 1 1.0	 1 424229 39190
 805329	 0.22000718	 10619 14898 80402	 1 1.0	 1 424229 39190
 805815	 0.8965517	 10623 14908 80451	 1 1.0	 1 424229 39190
 806316	 0.22000718	 10630 14917 80502	 1 1.0	 1 424229 39190
 806806	 0.22000718	 10635 14927 80551	 1 1.0	 1 424229 39190
 807315	 0.8965517	 10642 14938 80603	 1 1.0	 1 424229 39190
 807806	 0.22000718	 10653 14950 80655	 1 1.0	 1 424229 39190
 808307	 0.22000718	 10660 14960 80701	 1 1.0	 1 424229 39190
 808806	 0.22000718	 10666 14971 80753	 1 1.0	 1 424229 39190
 809314	 0.22000718	 10672 14981 80802	 1 1.0	 1 424229 39190
 809815	 0.8965517	 10683 15002 80851	 1 0.8	 1 424229 39190
 810326	 0.22000718	 10687 15011 80901	 1 0.8	 1 424229 39190
 810815	 0.22000718	 10692 15022 80952	 1 0.8	 1 424229 39190
 811329	 0.22000718	 10700 15036 81001	 1 0.8	 1 424229 39190
 811815	 0.22000718	 10708 15046 81051	 1 0.8	 1 424229 39190
 812307	 0.22000718	 10713 15056 81101	 1 0.8	 1 424229 39190
 812829	 0.8965517	 10716 15065 81150	 1 0.8	 1 424229 39190
 813319	 0.22000718	 10720 15074 81200	 1 0.8	 1 424229 39190
 813807	 0.22000718	 10725 15085 81251	 1 0.8	 1 424229 39190
 814316	 0.8965517	 10732 15098 81304	 1 0.8	 1 424229 39190
 814825	 0.22000718	 10740 15108 81352	 1 0.8	 1 424229 39190
 815306	 0.22000718	 10746 15117 81401	 1 0.8	 1 424229 39190
 815815	 0.22000718	 10750 15128 81451	 1 0.8	 1 424229 39190
 816315	 0.22000718	 10758 15137 81501	 1 0.8	 1 424229 39190
 816816	 0.22000718	 10763 15146 81551	 1 0.8	 1 424229 39190
 817314	 0.22000718	 10770 15157 81601	 1 0.8	 1 424229 39190
 817844	 0.22000718	 10780 15172 81652	 1 0.8	 1 424229 39190
 818307	 0.22000718	 10789 15182 81701	 1 0.8	 1 424229 39190
 818828	 0.8965517	 10795 15190 81749	 1 0.8	 1 424229 39190
 819315	 0.22000718	 10796 15199 81799	 1 0.8	 1 424229 39190
 819829	 0.22000718	 10807 15223 81852	 1 0.6	 1 424229 39190
 820315	 0.22000718	 10813 15232 81901	 1 0.6	 1 424229 39190
 820832	 0.22000718	 10825 15246 81955	 1 0.6	 1 424229 39190
 821330	 0.22000718	 10831 15257 82002	 1 0.6	 1 424229 39190
 821816	 0.22000718	 10836 15266 82051	 1 0.6	 1 424229 39190
 822309	 0.8965517	 10843 15276 82101	 1 0.6	 1 424229 39190
 822828	 0.22000718	 10848 15285 82151	 1 0.6	 1 424229 39190
 823307	 0.22000718	 10856 15294 82201	 1 0.6	 1 424229 39190
 823815	 0.22000718	 10862 15305 82251	 1 0.6	 1 424229 39190
 824329	 0.22000718	 10875 15320 82302	 1 0.6	 1 424229 39190
 824815	 0.22000718	 10883 15329 82351	 1 0.6	 1 424229 39190
 825315	 0.22000718	 10887 15340 82401	 1 0.6	 1 424229 39190
 825825	 0.22000718	 10893 15350 82451	 1 0.6	 1 424229 39190
 826307	 0.22000718	 10896 15359 82500	 1 0.6	 1 424229 39190
 826828	 0.22000718	 10901 15370 82551	 1 0.6	 1 424229 39190
 827315	 0.22000718	 10906 15381 82601	 1 0.6	 1 424229 39190
 827807	 0.22000718	 10914 15397 82652	 1 0.6	 1 424229 39190
 828333	 0.8965517	 10920 15405 82700	 1 0.6	 1 424229 39190
 828834	 0.22000718	 10925 15415 82752	 1 0.6	 1 424229 39190
 829329	 0.22000718	 10929 15424 82801	 1 0.6	 1 424229 39190
 829815	 0.22000718	 10939 15448 82852	 1 0.4	 1 424229 39190
 830315	 0.22000718	 10944 15457 82900	 1 0.4	 1 424229 39190
 830808	 0.22000718	 10954 15471 82955	 1 0.4	 1 424229 39190
 831329	 0.22000718	 10960 15481 83000	 1 0.4	 1 424229 39190
 831829	 0.22000718	 10965 15492 83050	 1 0.4	 1 424229 39190
 832314	 0.8965517	 10971 15499 83098	 1 0.4	 1 424229 39190
 832815	 0.22000718	 10979 15509 83150	 1 0.4	 1 424229 39190
 833307	 0.22000718	 10985 15519 83200	 1 0.4	 1 424229 39190
 833807	 0.22000718	 10993 15528 83250	 1 0.4	 1 424229 39190
 834326	 0.22000718	 11003 15541 83300	 1 0.4	 1 424229 39190
 834807	 0.22000718	 11008 15550 83349	 1 0.4	 1 424229 39190
 835325	 0.22000718	 11014 15560 83400	 1 0.4	 1 424229 39190
 835833	 0.22000718	 11019 15570 83450	 1 0.4	 1 424229 39190
 836320	 0.22000718	 11024 15579 83499	 1 0.4	 1 424229 39190
 836815	 0.22000718	 11032 15590 83550	 1 0.4	 1 424229 39190
 837315	 0.22000718	 11043 15605 83606	 1 0.4	 1 424229 39190
 837816	 0.8965517	 11049 15613 83649	 1 0.4	 1 424229 39190
 838307	 0.22000718	 11053 15622 83699	 1 0.4	 1 424229 39190
 838815	 0.22000718	 11062 15632 83750	 1 0.4	 1 424229 39190
 839307	 0.22000718	 11069 15642 83800	 1 0.4	 1 424229 39190
 839815	 0.22000718	 11081 15665 83851	 1 0.20392156862745098	 1 424229 39190
 840325	 0.22000718	 11086 15674 83900	 1 0.20392156862745098	 1 424229 39190
 840807	 0.8965517	 11096 15687 83953	 1 0.20392156862745098	 1 424229 39190
 841325	 0.22000718	 11103 15697 84000	 1 0.20392156862745098	 1 424229 39190
 841825	 0.22000718	 11107 15707 84050	 1 0.20392156862745098	 1 424229 39190
 842325	 0.22000718	 11110 15717 84100	 1 0.20392156862745098	 1 424229 39190
 842815	 0.22000718	 11116 15726 84150	 1 0.20392156862745098	 1 424229 39190
 843315	 0.22000718	 11121 15735 84199	 1 0.20392156862745098	 1 424229 39190
 843830	 0.22000718	 11129 15747 84251	 1 0.20392156862745098	 1 424229 39190
 844329	 0.8965517	 11138 15760 84299	 1 0.20392156862745098	 1 424229 39190
 844825	 0.22000718	 11143 15772 84351	 1 0.20392156862745098	 1 424229 39190
 845315	 0.8965517	 11148 15781 84399	 1 0.20392156862745098	 1 424229 39190
 845807	 0.22000718	 11154 15792 84451	 1 0.20392156862745098	 1 424229 39190
 846325	 0.22000718	 11160 15801 84500	 1 0.20392156862745098	 1 424229 39190
 846826	 0.22000718	 11169 15811 84550	 1 0.20392156862745098	 1 424229 39190
 847315	 0.8965517	 11177 15825 84604	 1 0.20392156862745098	 1 424229 39190
 847807	 0.22000718	 11183 15834 84650	 1 0.20392156862745098	 1 424229 39190
 848317	 0.22000718	 11191 15844 84699	 1 0.20392156862745098	 1 424229 39190
 848815	 0.8965517	 11196 15853 84749	 1 0.20392156862745098	 1 424229 39190
 849307	 0.22000718	 11201 15862 84800	 1 0.20392156862745098	 1 424229 39190
 849816	 0.22000718	 11216 15886 84851	 1 0.00392156862745098	 1 424229 39190
 850315	 0.22000718	 11223 15894 84899	 1 0.00392156862745098	 1 424229 39190
 850834	 0.22000718	 11235 15908 84951	 1 0.00392156862745098	 1 424229 39190
 851325	 0.22000718	 11241 15918 85000	 1 0.00392156862745098	 1 424229 39190
 851825	 0.22000718	 11249 15928 85050	 1 0.00392156862745098	 1 424229 39190
 852306	 0.8965517	 11255 15938 85100	 1 0.00392156862745098	 1 424229 39190
 852816	 0.3448276	 11265 15951 85147	 1 0.00392156862745098	 1 424229 39190
 853315	 0.22000718	 11273 15961 85200	 1 0.00392156862745098	 1 424229 39190
 853825	 0.8965517	 11284 15977 85257	 1 0.00392156862745098	 1 424229 39190
 854329	 0.8965517	 11289 15986 85299	 1 0.00392156862745098	 1 424229 39190
 854806	 0.22000718	 11302 16001 85349	 1 0.00392156862745098	 1 424229 39190
 855306	 0.22000718	 11306 16012 85400	 1 0.00392156862745098	 1 424229 39190
 855829	 0.22000718	 11314 16022 85450	 1 0.00392156862745098	 1 424229 39190
 856315	 0.22000718	 11323 16033 85500	 1 0.00392156862745098	 1 424229 39190
 856827	 0.8965517	 11327 16042 85548	 1 0.00392156862745098	 1 424229 39190
 857329	 0.22000718	 11338 16056 85600	 1 0.00392156862745098	 1 424229 39190
 857807	 0.22000718	 11343 16066 85650	 1 0.00392156862745098	 1 424229 39190
 858330	 0.22000718	 11350 16076 85700	 1 0.00392156862745098	 1 424229 39190
 858829	 0.22000718	 11357 16086 85750	 1 0.00392156862745098	 1 424229 39190
 859330	 0.22000718	 11366 16096 85800	 1 0.00392156862745098	 1 424229 39190
 859830	 0.8965517	 11386 16130 85850	 1 0.00392156862745098	 1 424229 39190
 860338	 0.22000718	 11408 16161 85905	 1 0.00392156862745098	 1 424229 39190
 860815	 0.8965517	 11415 16175 85950	 1 0.00392156862745098	 1 424229 39190
 861307	 0.22000718	 11431 16198 86000	 1 0.00392156862745098	 1 424229 39190
 861828	 0.22000718	 11445 16220 86050	 1 0.00392156862745098	 1 424229 39190
 862307	 0.22000718	 11452 16229 86099	 1 0.00392156862745098	 1 424229 39190
 862829	 0.22000718	 11459 16240 86151	 1 0.00392156862745098	 1 424229 39190
 863315	 0.8965517	 11467 16254 86199	 1 0.00392156862745098	 1 424229 39190
 863839	 0.8965517	 11495 16290 86251	 1 0.00392156862745098	 1 424229 39190
 864316	 0.22000718	 11501 16304 86300	 1 0.00392156862745098	 1 424229 39190
 864805	 0.8965517	 11526 16335 86346	 1 0.00392156862745098	 1 424229 39190
 865306	 0.8965517	 11535 16354 86398	 1 0.00392156862745098	 1 424229 39190
 865827	 0.8965517	 11544 16368 86452	 1 0.00392156862745098	 1 424229 39190
