up_time cpu_freq utime work_time total_time screen_on brightness wifi_on wifi_rx_bytes wifi_tx_bytes
 5144009	 0.8965517	 23727 53142 422691	 1 0.00392156862745098	 1 191300586 4474910
 5144512	 0.8965517	 23744 53162 422748	 1 0.00392156862745098	 1 191301362 4474910
 5144992	 0.22000718	 23750 53173 422791	 1 0.00392156862745098	 1 191301606 4474910
 5145470	 0.22000718	 23756 53184 422842	 1 0.00392156862745098	 1 191302002 4474910
 5145973	 0.8965517	 23770 53203 422893	 1 0.00392156862745098	 1 191302710 4474910
 5146471	 0.22000718	 23788 53231 422941	 1 0.00392156862745098	 1 191302954 4474910
 5146973	 0.8965517	 23810 53268 422988	 1 0.00392156862745098	 1 191303762 4474910
 5147481	 0.22000718	 23843 53308 423043	 1 0.00392156862745098	 1 191304700 4474910
 5147995	 0.22000718	 23852 53318 423092	 1 0.00392156862745098	 1 191304906 4474910
 5148494	 0.22000718	 23860 53330 423141	 1 0.00392156862745098	 1 191305852 4474910
 5148983	 0.8965517	 23872 53345 423189	 1 0.00392156862745098	 1 191306066 4474910
 5149488	 0.22000718	 23879 53357 423240	 1 0.00392156862745098	 1 191307234 4474910
 5149994	 0.22000718	 23887 53370 423292	 1 0.00392156862745098	 1 191308042 4474910
 5150500	 0.22000718	 23892 53384 423343	 1 0.00392156862745098	 1 191308256 4474910
 5150998	 0.79310346	 23902 53423 423389	 1 0.00392156862745098	 1 191712588 4483968
 5151497	 0.8965517	 23914 53463 423436	 1 0.00392156862745098	 1 192360770 4498738
 5151995	 0.22000718	 23925 53481 423487	 1 0.00392156862745098	 1 192374670 4499438
 5152471	 0.22000718	 23931 53492 423537	 1 0.00392156862745098	 1 192375364 4499438
 5152971	 0.22000718	 23943 53506 423586	 1 0.00392156862745098	 1 192376190 4499438
 5153489	 0.22000718	 23949 53516 423636	 1 0.00392156862745098	 1 192376488 4499438
 5153993	 0.22000718	 23957 53528 423687	 1 0.00392156862745098	 1 192377670 4499438
 5154489	 0.22000718	 23964 53539 423735	 1 0.00392156862745098	 1 192378136 4499438
 5154985	 0.22000718	 23973 53549 423786	 1 0.00392156862745098	 1 192378800 4499438
 5155496	 0.8965517	 23981 53562 423837	 1 0.00392156862745098	 1 192379722 4499438
 5155995	 0.22000718	 23992 53579 423893	 1 0.00392156862745098	 1 192380226 4499438
 5156502	 0.22000718	 24003 53594 423936	 1 0.00392156862745098	 1 192380874 4499438
 5156972	 0.22000718	 24010 53605 423987	 1 0.00392156862745098	 1 192381614 4499438
 5157470	 0.22000718	 24017 53621 424036	 1 0.00392156862745098	 1 192381874 4499438
 5157985	 0.22000718	 24024 53633 424087	 1 0.00392156862745098	 1 192382796 4499438
 5158484	 0.8965517	 24031 53645 424137	 1 0.00392156862745098	 1 192383240 4499438
 5158970	 0.22000718	 24039 53656 424186	 1 0.00392156862745098	 1 192383786 4499508
 5159470	 0.22000718	 24045 53666 424236	 1 0.00392156862745098	 1 192384656 4499508
 5159971	 0.22000718	 24051 53675 424285	 1 0.00392156862745098	 1 192384992 4499508
 5160470	 0.22000718	 24059 53686 424336	 1 0.00392156862745098	 1 192385854 4499508
 5161017	 0.8965517	 24064 53715 424388	 1 0.00392156862745098	 1 192696076 4507452
 5161464	 0.8965517	 24081 53750 424433	 1 0.00392156862745098	 1 193256702 4520122
 5161971	 0.22000718	 24088 53769 424484	 1 0.00392156862745098	 1 193450720 4525232
 5162497	 0.22000718	 24094 53782 424535	 1 0.00392156862745098	 1 193451116 4525232
 5162981	 0.22000718	 24098 53792 424583	 1 0.00392156862745098	 1 193451444 4525232
 5163470	 0.22000718	 24106 53802 424633	 1 0.00392156862745098	 1 193452012 4525232
 5163970	 0.22000718	 24112 53815 424683	 1 0.00392156862745098	 1 193452302 4525232
 5164471	 0.22000718	 24118 53825 424733	 1 0.00392156862745098	 1 193452866 4525232
 5164970	 0.22000718	 24120 53835 424783	 1 0.00392156862745098	 1 193453880 4525232
 5165494	 0.22000718	 24136 53855 424843	 1 0.00392156862745098	 1 193454698 4525232
 5165970	 0.22000718	 24144 53866 424884	 1 0.00392156862745098	 1 193455034 4525232
 5166470	 0.8965517	 24151 53877 424934	 1 0.00392156862745098	 1 193455752 4525232
 5166985	 0.8965517	 24157 53887 424983	 1 0.00392156862745098	 1 193456150 4525232
 5167485	 0.22000718	 24163 53897 425033	 1 0.00392156862745098	 1 193456898 4525232
 5167990	 0.8965517	 24170 53907 425082	 1 0.00392156862745098	 1 193457158 4525232
 5168485	 0.22000718	 24178 53919 425134	 1 0.00392156862745098	 1 193458184 4525232
 5168985	 0.8965517	 24184 53930 425184	 1 0.00392156862745098	 1 193459474 4525232
 5169470	 0.22000718	 24192 53941 425233	 1 0.00392156862745098	 1 193459902 4525232
 5169985	 0.22000718	 24200 53956 425283	 1 0.00392156862745098	 1 193460672 4525232
 5170488	 0.22000718	 24206 53966 425333	 1 0.00392156862745098	 1 193461496 4525232
 5170999	 0.51724136	 24214 53996 425381	 1 0.00392156862745098	 1 193972654 4537166
 5171486	 0.22000718	 24229 54028 425427	 1 0.00392156862745098	 1 194526238 4550396
 5171992	 0.22000718	 24236 54039 425476	 1 0.00392156862745098	 1 194526498 4550396
 5172471	 0.22000718	 24243 54051 425528	 1 0.00392156862745098	 1 194527124 4550396
 5172999	 0.22000718	 24252 54064 425577	 1 0.00392156862745098	 1 194527994 4550396
 5173483	 0.8965517	 24254 54076 425627	 1 0.00392156862745098	 1 194528864 4550396
 5173995	 0.22000718	 24267 54092 425676	 1 0.00392156862745098	 1 194529306 4550396
 5174479	 0.22000718	 24273 54103 425726	 1 0.00392156862745098	 1 194530106 4550396
 5174970	 0.22000718	 24280 54114 425775	 1 0.00392156862745098	 1 194530182 4550396
 5175495	 0.22000718	 24286 54126 425826	 1 0.00392156862745098	 1 194530882 4550396
 5175970	 0.8965517	 24289 54136 425874	 1 0.00392156862745098	 1 194531080 4550396
 5176470	 0.22000718	 24298 54149 425926	 1 0.00392156862745098	 1 194531782 4550396
 5176970	 0.22000718	 24303 54160 425976	 1 0.00392156862745098	 1 194532530 4550396
 5177470	 0.22000718	 24306 54170 426025	 1 0.00392156862745098	 1 194532782 4550396
 5177983	 0.22000718	 24317 54186 426080	 1 0.00392156862745098	 1 194533444 4550396
 5178484	 0.22000718	 24327 54198 426126	 1 0.00392156862745098	 1 194533932 4550396
 5178985	 0.22000718	 24334 54207 426175	 1 0.00392156862745098	 1 194534070 4550396
 5179489	 0.22000718	 24342 54219 426226	 1 0.00392156862745098	 1 194534848 4550396
 5179985	 0.22000718	 24348 54231 426275	 1 0.00392156862745098	 1 194535352 4550396
 5180495	 0.22000718	 24355 54243 426327	 1 0.00392156862745098	 1 194535638 4550396
 5180996	 0.8965517	 24365 54275 426374	 1 0.00392156862745098	 1 195052708 4562330
 5181485	 0.22000718	 24375 54309 426421	 1 0.00392156862745098	 1 195599928 4575490
 5181991	 0.22000718	 24380 54321 426472	 1 0.00392156862745098	 1 195600606 4575490
 5182471	 0.22000718	 24390 54336 426521	 1 0.00392156862745098	 1 195601230 4575490
 5182988	 0.22000718	 24397 54347 426571	 1 0.00392156862745098	 1 195601398 4575490
 5183494	 0.22000718	 24406 54358 426622	 1 0.00392156862745098	 1 195602366 4575490
 5184000	 0.8965517	 24413 54367 426670	 1 0.00392156862745098	 1 195602808 4575490
 5184481	 0.22000718	 24423 54381 426723	 1 0.00392156862745098	 1 195603022 4575490
 5185000	 0.8965517	 24427 54392 426771	 1 0.00392156862745098	 1 195603746 4575490
 5185488	 0.22000718	 24433 54402 426821	 1 0.00392156862745098	 1 195603792 4575490
 5185970	 0.22000718	 24441 54414 426871	 1 0.00392156862745098	 1 195604754 4575490
 5186482	 0.8965517	 24457 54435 426930	 1 0.00392156862745098	 1 195605556 4575490
 5186980	 0.22000718	 24465 54447 426972	 1 0.00392156862745098	 1 195606046 4575490
 5187481	 0.22000718	 24470 54458 427021	 1 0.00392156862745098	 1 195607100 4575490
 5187993	 0.22000718	 24478 54470 427072	 1 0.00392156862745098	 1 195607712 4575490
 5188470	 0.8965517	 24486 54482 427122	 1 0.00392156862745098	 1 195607918 4575490
 5188995	 0.22000718	 24495 54496 427173	 1 0.00392156862745098	 1 195608862 4575490
 5189496	 0.22000718	 24500 54506 427222	 1 0.00392156862745098	 1 195609148 4575490
 5189984	 0.22000718	 24506 54515 427270	 1 0.00392156862745098	 1 195609746 4575490
 5190507	 0.8965517	 24514 54530 427326	 1 0.00392156862745098	 1 195610338 4575490
 5190993	 0.8965517	 24528 54558 427369	 1 0.00392156862745098	 1 196101260 4587004
 5191480	 0.22000718	 24535 54595 427420	 1 0.00392156862745098	 1 196674728 4600934
 5191971	 0.22000718	 24540 54608 427471	 1 0.00392156862745098	 1 196675698 4600934
 5192470	 0.22000718	 24547 54618 427521	 1 0.00392156862745098	 1 196675950 4600934
 5192984	 0.22000718	 24555 54630 427571	 1 0.00392156862745098	 1 196676912 4600934
 5193503	 0.22000718	 24560 54641 427620	 1 0.00392156862745098	 1 196677798 4600934
 5193970	 0.22000718	 24565 54651 427670	 1 0.00392156862745098	 1 196678004 4600934
 5194483	 0.22000718	 24569 54663 427721	 1 0.00392156862745098	 1 196678888 4600934
 5194970	 0.22000718	 24578 54678 427770	 1 0.00392156862745098	 1 196679064 4600934
 5195485	 0.22000718	 24587 54688 427819	 1 0.00392156862745098	 1 196680034 4600934
 5195979	 0.22000718	 24596 54699 427870	 1 0.00392156862745098	 1 196680668 4600934
 5196484	 0.22000718	 24606 54712 427919	 1 0.00392156862745098	 1 196681042 4600934
 5196980	 0.22000718	 24612 54725 427969	 1 0.00392156862745098	 1 196682248 4600934
 5197480	 0.22000718	 24617 54736 428020	 1 0.00392156862745098	 1 196682988 4600934
 5197980	 0.22000718	 24624 54746 428069	 1 0.00392156862745098	 1 196683118 4600934
 5198480	 0.22000718	 24633 54759 428121	 1 0.00392156862745098	 1 196683934 4600934
 5198970	 0.22000718	 24641 54775 428174	 1 0.00392156862745098	 1 196684492 4600934
 5199495	 0.22000718	 24647 54787 428220	 1 0.00392156862745098	 1 196684698 4600934
 5199980	 0.22000718	 24654 54800 428271	 1 0.00392156862745098	 1 196685484 4600934
 5200471	 0.22000718	 24663 54810 428319	 1 0.00392156862745098	 1 196685660 4600934
 5201001	 0.6551724	 24669 54838 428365	 1 0.00392156862745098	 1 197187016 4612448
 5201484	 0.22000718	 24680 54874 428414	 1 0.00392156862745098	 1 197750062 4626098
 5201988	 0.22000718	 24686 54885 428465	 1 0.00392156862745098	 1 197750184 4626098
 5202479	 0.22000718	 24693 54898 428516	 1 0.00392156862745098	 1 197751076 4626098
 5202973	 0.8965517	 24697 54907 428564	 1 0.00392156862745098	 1 197751556 4626098
 5203479	 0.22000718	 24711 54923 428615	 1 0.00392156862745098	 1 197751930 4626098
 5203998	 0.22000718	 24715 54934 428664	 1 0.00392156862745098	 1 197752342 4626098
 5204480	 0.22000718	 24722 54945 428715	 1 0.00392156862745098	 1 197752632 4626098
 5204999	 0.8965517	 24727 54956 428763	 1 0.00392156862745098	 1 197753586 4626098
 5205481	 0.22000718	 24732 54966 428814	 1 0.00392156862745098	 1 197754636 4626098
 5205985	 0.22000718	 24736 54976 428864	 1 0.00392156862745098	 1 197754900 4626098
 5206494	 0.22000718	 24744 54989 428914	 1 0.00392156862745098	 1 197755920 4626098
 5206970	 0.22000718	 24748 55000 428963	 1 0.00392156862745098	 1 197756406 4626098
 5207471	 0.22000718	 24760 55015 429013	 1 0.00392156862745098	 1 197757028 4626098
 5207997	 0.22000718	 24767 55027 429065	 1 0.00392156862745098	 1 197758002 4626098
 5208498	 0.22000718	 24771 55038 429113	 1 0.00392156862745098	 1 197758048 4626098
 5208971	 0.22000718	 24776 55048 429163	 1 0.00392156862745098	 1 197758826 4626098
 5209485	 0.22000718	 24782 55059 429213	 1 0.00392156862745098	 1 197759490 4626098
 5209998	 0.22000718	 24790 55072 429264	 1 0.00392156862745098	 1 197760140 4626098
 5210484	 0.22000718	 24798 55083 429314	 1 0.00392156862745098	 1 197761286 4626098
 5210969	 0.3448276	 24819 55117 429367	 1 0.00392156862745098	 1 197762370 4626098
 5211483	 0.22000718	 24845 55150 429420	 1 0.00392156862745098	 1 197762722 4626098
 5212001	 0.8965517	 24857 55170 429464	 1 0.00392156862745098	 1 197763586 4626098
 5212498	 0.22000718	 24867 55192 429512	 1 0.00392156862745098	 1 197763868 4626098
 5212970	 0.22000718	 24875 55204 429563	 1 0.00392156862745098	 1 197764700 4626098
 5213471	 0.8965517	 24885 55220 429613	 1 0.00392156862745098	 1 197765196 4626098
 5213972	 0.22000718	 24897 55237 429661	 1 0.00392156862745098	 1 197765448 4626098
 5214494	 0.22000718	 24906 55249 429712	 1 0.00392156862745098	 1 197766494 4626098
 5214981	 0.22000718	 24928 55277 429762	 1 0.00392156862745098	 1 197767448 4626098
 5215479	 0.8965517	 24935 55301 429812	 1 0.00392156862745098	 1 197768356 4626098
 5215980	 0.8965517	 24962 55336 429860	 1 0.00392156862745098	 1 197768784 4626098
 5216485	 0.22000718	 24974 55353 429912	 1 0.00392156862745098	 1 197769120 4626098
