up_time cpu_freq utime work_time total_time screen_on brightness wifi_on wifi_rx_bytes wifi_tx_bytes
 4906363	 0.8965517	 21053 48445 398997	 1 0.00392156862745098	 1 178872441 4184530
 4906765	 0.8965517	 21070 48468 399038	 1 0.00392156862745098	 1 178872533 4184530
 4907261	 0.22000718	 21085 48491 399091	 1 0.00392156862745098	 1 178872855 4184530
 4907761	 0.41379312	 21110 48526 399141	 1 0.00392156862745098	 1 178873269 4184530
 4908275	 0.22000718	 21118 48540 399191	 1 0.00392156862745098	 1 178873499 4184530
 4908781	 0.22000718	 21124 48553 399243	 1 0.00392156862745098	 1 178873683 4184530
 4909260	 0.8965517	 21146 48580 399290	 1 0.00392156862745098	 1 178874093 4184530
 4909780	 0.22000718	 21157 48597 399342	 1 0.00392156862745098	 1 178874361 4184530
 4910261	 0.8965517	 21163 48607 399389	 1 0.00392156862745098	 1 178874583 4184530
 4910782	 0.8965517	 21167 48617 399440	 1 0.00392156862745098	 1 178874713 4184530
 4911279	 0.22000718	 21175 48626 399489	 1 0.00392156862745098	 1 178875023 4184530
 4911764	 0.8965517	 21184 48645 399541	 1 0.00392156862745098	 1 178875207 4184530
 4912294	 0.8965517	 21193 48684 399590	 1 0.00392156862745098	 1 179263325 4192964
 4912791	 0.8965517	 21208 48716 399638	 1 0.00392156862745098	 1 180070999 4212006
 4913263	 0.8965517	 21218 48744 399688	 1 0.00392156862745098	 1 180472210 4221946
 4913786	 0.22000718	 21231 48761 399739	 1 0.00392156862745098	 1 180472348 4221946
 4914274	 0.8965517	 21234 48771 399787	 1 0.00392156862745098	 1 180472670 4221946
 4914785	 0.22000718	 21240 48784 399839	 1 0.00392156862745098	 1 180472854 4221946
 4915271	 0.22000718	 21247 48795 399888	 1 0.00392156862745098	 1 180473314 4221946
 4915780	 0.22000718	 21254 48806 399938	 1 0.00392156862745098	 1 180473544 4221946
 4916284	 0.22000718	 21260 48817 399988	 1 0.00392156862745098	 1 180473636 4221946
 4916787	 0.8965517	 21267 48829 400036	 1 0.00392156862745098	 1 180473912 4221946
 4917261	 0.8965517	 21283 48851 400098	 1 0.00392156862745098	 1 180474096 4221946
 4917785	 0.8965517	 21288 48861 400137	 1 0.00392156862745098	 1 180474096 4221946
 4918280	 0.22000718	 21298 48874 400188	 1 0.00392156862745098	 1 180474142 4221946
 4918761	 0.22000718	 21306 48885 400238	 1 0.00392156862745098	 1 180474142 4221946
 4919285	 0.22000718	 21310 48895 400286	 1 0.00392156862745098	 1 180474402 4221946
 4919761	 0.22000718	 21317 48907 400338	 1 0.00392156862745098	 1 180474490 4221946
 4920261	 0.22000718	 21324 48917 400387	 1 0.00392156862745098	 1 180474804 4221946
 4920771	 0.22000718	 21331 48929 400439	 1 0.00392156862745098	 1 180474918 4221946
 4921280	 0.22000718	 21341 48945 400488	 1 0.00392156862745098	 1 180474994 4221946
 4921770	 0.8965517	 21344 48954 400536	 1 0.00392156862745098	 1 180474994 4221946
 4922291	 0.7586207	 21355 48977 400586	 1 0.00392156862745098	 1 180714990 4227966
 4922780	 0.8965517	 21365 49014 400633	 1 0.00392156862745098	 1 181475048 4245886
 4923261	 0.22000718	 21375 49049 400683	 1 0.00392156862745098	 1 182071345 4260376
 4923781	 0.22000718	 21382 49060 400733	 1 0.00392156862745098	 1 182071391 4260376
 4924280	 0.22000718	 21389 49071 400783	 1 0.00392156862745098	 1 182071575 4260376
 4924761	 0.22000718	 21396 49082 400833	 1 0.00392156862745098	 1 182071575 4260376
 4925272	 0.22000718	 21407 49097 400882	 1 0.00392156862745098	 1 182071713 4260376
 4925780	 0.22000718	 21414 49110 400933	 1 0.00392156862745098	 1 182071713 4260376
 4926285	 0.22000718	 21419 49123 400983	 1 0.00392156862745098	 1 182071989 4260376
 4926771	 0.22000718	 21423 49133 401032	 1 0.00392156862745098	 1 182072035 4260376
 4927288	 0.22000718	 21430 49145 401083	 1 0.00392156862745098	 1 182072265 4260376
 4927771	 0.22000718	 21436 49157 401134	 1 0.00392156862745098	 1 182072403 4260376
 4928270	 0.22000718	 21447 49171 401184	 1 0.00392156862745098	 1 182072449 4260376
 4928771	 0.22000718	 21456 49185 401237	 1 0.00392156862745098	 1 182072617 4260376
 4929270	 0.22000718	 21462 49197 401283	 1 0.00392156862745098	 1 182072785 4260376
 4929785	 0.8965517	 21467 49207 401332	 1 0.00392156862745098	 1 182072945 4260376
 4930286	 0.22000718	 21471 49218 401382	 1 0.00392156862745098	 1 182073159 4260376
 4930775	 0.8965517	 21476 49228 401431	 1 0.00392156862745098	 1 182073289 4260376
 4931261	 0.22000718	 21481 49239 401481	 1 0.00392156862745098	 1 182073557 4260376
 4931776	 0.22000718	 21486 49251 401532	 1 0.00392156862745098	 1 182073741 4260376
 4932258	 0.7241379	 21491 49275 401579	 1 0.00392156862745098	 1 182401007 4268110
 4932788	 0.44827586	 21507 49316 401630	 1 0.00392156862745098	 1 183025871 4282778
 4933258	 0.8965517	 21520 49352 401676	 1 0.00392156862745098	 1 183671142 4297338
 4933788	 0.22000718	 21528 49365 401730	 1 0.00392156862745098	 1 183671364 4297338
 4934288	 0.22000718	 21535 49378 401780	 1 0.00392156862745098	 1 183671624 4297338
 4934770	 0.8965517	 21542 49388 401829	 1 0.00392156862745098	 1 183672022 4297338
 4935273	 0.22000718	 21556 49406 401880	 1 0.00392156862745098	 1 183672206 4297338
 4935797	 0.8965517	 21561 49417 401930	 1 0.00392156862745098	 1 183672520 4297338
 4936287	 0.22000718	 21568 49427 401980	 1 0.00392156862745098	 1 183672750 4297338
 4936779	 0.8965517	 21578 49442 402029	 1 0.00392156862745098	 1 183672750 4297338
 4937287	 0.22000718	 21581 49453 402080	 1 0.00392156862745098	 1 183673160 4297338
 4937785	 0.22000718	 21589 49464 402130	 1 0.00392156862745098	 1 183673390 4297338
 4938281	 0.22000718	 21595 49476 402181	 1 0.00392156862745098	 1 183673804 4297338
 4938787	 0.8965517	 21597 49485 402229	 1 0.00392156862745098	 1 183674424 4297338
 4939283	 0.22000718	 21603 49496 402279	 1 0.00392156862745098	 1 183674998 4297338
 4939780	 0.8965517	 21611 49507 402329	 1 0.00392156862745098	 1 183675518 4297338
 4940272	 0.22000718	 21625 49527 402385	 1 0.00392156862745098	 1 183676246 4297338
 4940780	 0.22000718	 21635 49538 402430	 1 0.00392156862745098	 1 183676422 4297338
 4941280	 0.22000718	 21641 49549 402480	 1 0.00392156862745098	 1 183676606 4297338
 4941771	 0.22000718	 21646 49559 402528	 1 0.00392156862745098	 1 183676698 4297338
 4942313	 0.8965517	 21656 49585 402580	 1 0.00392156862745098	 1 183939320 4303952
 4942792	 0.8965517	 21671 49617 402629	 1 0.00392156862745098	 1 184552920 4317930
 4943269	 0.8965517	 21677 49655 402675	 1 0.00392156862745098	 1 185067844 4330018
 4943761	 0.22000718	 21687 49678 402726	 1 0.00392156862745098	 1 185273493 4335408
 4944264	 0.8965517	 21697 49693 402779	 1 0.00392156862745098	 1 185273677 4335408
 4944771	 0.22000718	 21704 49702 402824	 1 0.00392156862745098	 1 185273807 4335408
 4945280	 0.22000718	 21710 49713 402875	 1 0.00392156862745098	 1 185274105 4335408
 4945761	 0.8965517	 21715 49723 402923	 1 0.00392156862745098	 1 185274281 4335408
 4946261	 0.22000718	 21724 49735 402976	 1 0.00392156862745098	 1 185274511 4335408
 4946785	 0.22000718	 21731 49746 403025	 1 0.00392156862745098	 1 185274905 4335408
 4947261	 0.22000718	 21737 49758 403073	 1 0.00392156862745098	 1 185274985 4335408
 4947761	 0.22000718	 21743 49769 403124	 1 0.00392156862745098	 1 185275211 4335408
 4948261	 0.22000718	 21755 49785 403173	 1 0.00392156862745098	 1 185275585 4335408
 4948761	 0.8965517	 21764 49797 403223	 1 0.00392156862745098	 1 185276029 4335408
 4949280	 0.8965517	 21771 49807 403273	 1 0.00392156862745098	 1 185276297 4335408
 4949761	 0.8965517	 21779 49817 403323	 1 0.00392156862745098	 1 185276687 4335408
 4950282	 0.22000718	 21784 49827 403373	 1 0.00392156862745098	 1 185277115 4335408
 4950780	 0.8965517	 21789 49839 403424	 1 0.00392156862745098	 1 185277421 4335408
 4951261	 0.22000718	 21795 49849 403472	 1 0.00392156862745098	 1 185277421 4335408
 4951781	 0.22000718	 21806 49865 403528	 1 0.00392156862745098	 1 185277513 4335408
 4952270	 0.7586207	 21816 49890 403569	 1 0.00392156862745098	 1 185648563 4343492
 4952792	 0.8965517	 21829 49933 403619	 1 0.00392156862745098	 1 186403147 4361110
 4953262	 0.5862069	 21841 49959 403660	 1 0.00392156862745098	 1 186874002 4372100
 4953786	 0.22000718	 21849 49984 403714	 1 0.00392156862745098	 1 186874376 4372446
 4954261	 0.8965517	 21855 49994 403762	 1 0.00392156862745098	 1 186874698 4372446
 4954786	 0.22000718	 21862 50005 403814	 1 0.00392156862745098	 1 186875406 4372446
 4955271	 0.8965517	 21870 50016 403864	 1 0.00392156862745098	 1 186875662 4372446
 4955781	 0.22000718	 21884 50032 403914	 1 0.00392156862745098	 1 186875976 4372446
 4956271	 0.22000718	 21893 50045 403965	 1 0.00392156862745098	 1 186876604 4372446
 4956770	 0.22000718	 21897 50055 404013	 1 0.00392156862745098	 1 186876780 4372446
 4957285	 0.22000718	 21905 50069 404065	 1 0.00392156862745098	 1 186877500 4372446
 4957761	 0.8965517	 21910 50077 404112	 1 0.00392156862745098	 1 186877546 4372446
 4958261	 0.22000718	 21920 50092 404164	 1 0.00392156862745098	 1 186878296 4372446
 4958770	 0.22000718	 21927 50104 404215	 1 0.00392156862745098	 1 186879012 4372446
 4959279	 0.22000718	 21930 50113 404262	 1 0.00392156862745098	 1 186879234 4372446
 4959781	 0.22000718	 21939 50130 404314	 1 0.00392156862745098	 1 186880284 4372446
 4960285	 0.22000718	 21945 50140 404363	 1 0.00392156862745098	 1 186881048 4372446
 4960761	 0.8965517	 21951 50149 404412	 1 0.00392156862745098	 1 186881582 4372446
 4961287	 0.22000718	 21962 50163 404464	 1 0.00392156862745098	 1 186882398 4372446
 4961781	 0.22000718	 21968 50173 404513	 1 0.00392156862745098	 1 186883198 4372446
 4962277	 0.22000718	 21974 50184 404563	 1 0.00392156862745098	 1 186883648 4372446
 4962797	 0.8965517	 21980 50193 404612	 1 0.00392156862745098	 1 186884242 4372446
 4963270	 0.22000718	 21993 50210 404668	 1 0.00392156862745098	 1 186885002 4372446
 4963771	 0.22000718	 21999 50221 404713	 1 0.00392156862745098	 1 186885540 4372446
 4964261	 0.8965517	 22005 50231 404763	 1 0.00392156862745098	 1 186886292 4372446
 4964780	 0.22000718	 22010 50242 404813	 1 0.00392156862745098	 1 186886712 4372446
 4965270	 0.22000718	 22017 50254 404863	 1 0.00392156862745098	 1 186887352 4372446
 4965772	 0.8965517	 22020 50264 404913	 1 0.00392156862745098	 1 186887978 4372446
 4966286	 0.22000718	 22025 50275 404962	 1 0.00392156862745098	 1 186888282 4372446
 4966780	 0.22000718	 22030 50285 405012	 1 0.00392156862745098	 1 186888808 4372446
 4967285	 0.8965517	 22044 50302 405068	 1 0.00392156862745098	 1 186889288 4372446
 4967780	 0.22000718	 22049 50313 405112	 1 0.00392156862745098	 1 186889676 4372446
 4968271	 0.22000718	 22052 50323 405162	 1 0.00392156862745098	 1 186890402 4372446
 4968761	 0.22000718	 22056 50335 405214	 1 0.00392156862745098	 1 186890616 4372446
 4969280	 0.22000718	 22062 50349 405263	 1 0.00392156862745098	 1 186891394 4372446
 4969782	 0.8965517	 22070 50360 405312	 1 0.00392156862745098	 1 186892126 4372446
 4970269	 0.22000718	 22077 50371 405362	 1 0.00392156862745098	 1 186892684 4372446
 4970770	 0.22000718	 22085 50383 405413	 1 0.00392156862745098	 1 186893302 4372446
 4971283	 0.22000718	 22097 50400 405463	 1 0.00392156862745098	 1 186893814 4372446
 4971780	 0.8965517	 22107 50414 405510	 1 0.00392156862745098	 1 186894836 4372446
 4972274	 0.3448276	 22123 50443 405563	 1 0.00392156862745098	 1 186895760 4372446
 4972761	 0.8965517	 22138 50463 405611	 1 0.00392156862745098	 1 186896188 4372446
 4973281	 0.22000718	 22150 50484 405666	 1 0.00392156862745098	 1 186897460 4372446
 4973782	 0.22000718	 22165 50507 405714	 1 0.00392156862745098	 1 186898154 4372446
 4974261	 0.22000718	 22169 50519 405763	 1 0.00392156862745098	 1 186898702 4372446
 4974785	 0.22000718	 22179 50534 405817	 1 0.00392156862745098	 1 186899106 4372446
 4975276	 0.22000718	 22189 50547 405863	 1 0.00392156862745098	 1 186899570 4372446
 4975782	 0.22000718	 22206 50571 405912	 1 0.00392156862745098	 1 186899760 4372446
 4976261	 0.8965517	 22212 50588 405964	 1 0.00392156862745098	 1 186899806 4372446
 4976780	 0.8965517	 22231 50616 406010	 1 0.00392156862745098	 1 186899806 4372446
 4977268	 0.8965517	 22250 50648 406058	 1 0.00392156862745098	 1 186899806 4372446
 4977781	 0.8965517	 22265 50673 406112	 1 0.00392156862745098	 1 186900036 4372446
