up_time cpu_freq utime work_time total_time screen_on brightness wifi_on wifi_rx_bytes wifi_tx_bytes
 5801834	 0.22000718	 28336 61475 488328	 1 0.00392156862745098	 1 206676964 4833800
 5802344	 0.8965517	 28343 61493 488381	 1 0.00392156862745098	 1 206677378 4833800
 5802790	 0.22000718	 28359 61520 488426	 1 0.00392156862745098	 1 206677608 4833800
 5803284	 0.8965517	 28378 61551 488473	 1 0.00392156862745098	 1 206677838 4833800
 5803781	 0.22000718	 28404 61590 488532	 1 0.00392156862745098	 1 206677884 4833800
 5804310	 0.8965517	 28410 61601 488576	 1 0.00392156862745098	 1 206677930 4833800
 5804795	 0.8965517	 28433 61629 488624	 1 0.00392156862745098	 1 206677930 4833800
 5805291	 0.22000718	 28436 61641 488676	 1 0.00392156862745098	 1 206678068 4833800
 5805800	 0.22000718	 28444 61652 488725	 1 0.00392156862745098	 1 206678206 4833800
 5806302	 0.22000718	 28451 61664 488776	 1 0.00392156862745098	 1 206678298 4833800
 5806801	 0.22000718	 28458 61675 488826	 1 0.00392156862745098	 1 206678608 4833870
 5807277	 0.8965517	 28474 61698 488872	 1 0.00392156862745098	 1 206678700 4833870
 5807796	 0.8965517	 28488 61738 488924	 1 0.00392156862745098	 1 207210873 4845890
 5808282	 0.22000718	 28494 61749 488975	 1 0.00392156862745098	 1 207211179 4845890
 5808778	 0.8965517	 28514 61773 489031	 1 0.00392156862745098	 1 207211715 4845890
 5809290	 0.22000718	 28519 61783 489074	 1 0.00392156862745098	 1 207211891 4845890
 5809781	 0.22000718	 28532 61803 489125	 1 0.00392156862745098	 1 207212105 4845890
 5810300	 0.8965517	 28539 61814 489175	 1 0.00392156862745098	 1 207212197 4845890
 5810800	 0.22000718	 28545 61825 489225	 1 0.00392156862745098	 1 207212335 4845890
 5811280	 0.22000718	 28553 61834 489274	 1 0.00392156862745098	 1 207212427 4845890
 5811782	 0.8965517	 28561 61847 489320	 1 0.00392156862745098	 1 207212519 4845890
 5812304	 0.22000718	 28567 61862 489376	 1 0.00392156862745098	 1 207212795 4845890
 5812791	 0.22000718	 28577 61874 489425	 1 0.00392156862745098	 1 207212841 4845890
 5813290	 0.22000718	 28587 61892 489480	 1 0.00392156862745098	 1 207213255 4845890
 5813780	 0.8965517	 28597 61905 489524	 1 0.00392156862745098	 1 207213531 4845890
 5814281	 0.22000718	 28602 61915 489575	 1 0.00392156862745098	 1 207213807 4845890
 5814781	 0.22000718	 28609 61932 489625	 1 0.00392156862745098	 1 207214175 4845890
 5815290	 0.22000718	 28614 61942 489674	 1 0.00392156862745098	 1 207214381 4845890
 5815801	 0.22000718	 28620 61953 489725	 1 0.00392156862745098	 1 207214419 4845890
 5816300	 0.22000718	 28625 61967 489776	 1 0.00392156862745098	 1 207214595 4845890
 5816780	 0.22000718	 28631 61979 489824	 1 0.00392156862745098	 1 207214771 4845890
 5817283	 0.8965517	 28637 61989 489874	 1 0.00392156862745098	 1 207214909 4845890
 5817795	 0.22000718	 28647 62022 489924	 1 0.00392156862745098	 1 207746864 4859294
 5818281	 0.22000718	 28657 62037 489974	 1 0.00392156862745098	 1 207746956 4859294
 5818801	 0.22000718	 28664 62049 490024	 1 0.00392156862745098	 1 207747278 4859294
 5819281	 0.22000718	 28668 62060 490074	 1 0.00392156862745098	 1 207747370 4859294
 5819802	 0.8965517	 28677 62072 490124	 1 0.00392156862745098	 1 207747692 4859294
 5820281	 0.22000718	 28683 62083 490174	 1 0.00392156862745098	 1 207747968 4859294
 5820790	 0.22000718	 28692 62095 490225	 1 0.00392156862745098	 1 207748244 4859294
 5821281	 0.8965517	 28698 62104 490272	 1 0.00392156862745098	 1 207748336 4859294
 5821791	 0.22000718	 28705 62116 490324	 1 0.00392156862745098	 1 207748872 4859294
 5822300	 0.22000718	 28712 62127 490374	 1 0.00392156862745098	 1 207748964 4859294
 5822789	 0.22000718	 28724 62143 490429	 1 0.00392156862745098	 1 207749270 4859294
 5823290	 0.22000718	 28732 62156 490474	 1 0.00392156862745098	 1 207749760 4859294
 5823802	 0.8965517	 28740 62167 490524	 1 0.00392156862745098	 1 207750036 4859294
 5824309	 0.22000718	 28747 62179 490574	 1 0.00392156862745098	 1 207750450 4859294
 5824781	 0.22000718	 28753 62189 490623	 1 0.00392156862745098	 1 207751082 4859294
 5825280	 0.8965517	 28758 62198 490672	 1 0.00392156862745098	 1 207751338 4859294
 5825790	 0.22000718	 28767 62209 490723	 1 0.00392156862745098	 1 207751970 4859294
 5826280	 0.22000718	 28774 62219 490774	 1 0.00392156862745098	 1 207752138 4859294
 5826790	 0.22000718	 28782 62230 490824	 1 0.00392156862745098	 1 207752566 4859294
 5827289	 0.22000718	 28789 62240 490873	 1 0.00392156862745098	 1 207799808 4860728
 5827795	 0.22000718	 28804 62277 490921	 1 0.00392156862745098	 1 208284497 4872278
 5828281	 0.22000718	 28808 62286 490970	 1 0.00392156862745098	 1 208284619 4872278
 5828800	 0.22000718	 28814 62297 491021	 1 0.00392156862745098	 1 208284757 4872278
 5829309	 0.22000718	 28823 62311 491072	 1 0.00392156862745098	 1 208284803 4872278
 5829804	 0.22000718	 28828 62322 491122	 1 0.00392156862745098	 1 208285033 4872278
 5830305	 0.22000718	 28835 62333 491171	 1 0.00392156862745098	 1 208285385 4872278
 5830780	 0.22000718	 28839 62342 491219	 1 0.00392156862745098	 1 208285515 4872278
 5831304	 0.22000718	 28846 62354 491271	 1 0.00392156862745098	 1 208285729 4872278
 5831809	 0.8965517	 28851 62364 491319	 1 0.00392156862745098	 1 208285989 4872278
 5832290	 0.8965517	 28864 62378 491374	 1 0.00392156862745098	 1 208286081 4872278
 5832802	 0.8965517	 28871 62390 491419	 1 0.00392156862745098	 1 208286265 4872278
 5833281	 0.22000718	 28878 62401 491470	 1 0.00392156862745098	 1 208286311 4872278
 5833790	 0.22000718	 28885 62412 491520	 1 0.00392156862745098	 1 208286863 4872278
 5834300	 0.22000718	 28891 62422 491570	 1 0.00392156862745098	 1 208287231 4872278
 5834781	 0.8965517	 28897 62431 491618	 1 0.00392156862745098	 1 208287599 4872278
 5835300	 0.22000718	 28903 62442 491670	 1 0.00392156862745098	 1 208288013 4872278
 5835805	 0.8965517	 28910 62453 491719	 1 0.00392156862745098	 1 208288151 4872278
 5836296	 0.8965517	 28917 62464 491768	 1 0.00392156862745098	 1 208288657 4872278
 5836800	 0.22000718	 28921 62473 491818	 1 0.00392156862745098	 1 208288841 4872278
 5837281	 0.22000718	 28934 62490 491869	 1 0.00392156862745098	 1 208289161 4872426
 5837790	 0.22000718	 28942 62522 491918	 1 0.00392156862745098	 1 208821106 4885752
 5838300	 0.22000718	 28947 62533 491968	 1 0.00392156862745098	 1 208821474 4885752
 5838781	 0.22000718	 28950 62543 492018	 1 0.00392156862745098	 1 208821520 4885752
 5839299	 0.22000718	 28958 62553 492066	 1 0.00392156862745098	 1 208821796 4885752
 5839780	 0.22000718	 28963 62563 492116	 1 0.00392156862745098	 1 208821980 4885752
 5840304	 0.22000718	 28972 62576 492167	 1 0.00392156862745098	 1 208822256 4885752
 5840804	 0.22000718	 28977 62586 492217	 1 0.00392156862745098	 1 208822624 4885752
 5841281	 0.8965517	 28981 62596 492265	 1 0.00392156862745098	 1 208822762 4885752
 5841808	 0.22000718	 28991 62614 492324	 1 0.00392156862745098	 1 208823038 4885752
 5842281	 0.22000718	 28995 62625 492367	 1 0.00392156862745098	 1 208823544 4885752
 5842793	 0.8965517	 29001 62638 492416	 1 0.00392156862745098	 1 208823728 4885752
 5843281	 0.22000718	 29009 62649 492467	 1 0.00392156862745098	 1 208823774 4885752
 5843800	 0.22000718	 29016 62659 492517	 1 0.00392156862745098	 1 208823820 4885752
 5844280	 0.8965517	 29022 62670 492565	 1 0.00392156862745098	 1 208824188 4885752
 5844790	 0.22000718	 29028 62681 492617	 1 0.00392156862745098	 1 208824280 4885752
 5845291	 0.22000718	 29031 62692 492667	 1 0.00392156862745098	 1 208824418 4885752
 5845794	 0.22000718	 29037 62703 492716	 1 0.00392156862745098	 1 208824510 4885752
 5846290	 0.8965517	 29045 62713 492767	 1 0.00392156862745098	 1 208824694 4885752
 5846790	 0.22000718	 29055 62730 492817	 1 0.00392156862745098	 1 208824786 4885752
 5847302	 0.22000718	 29062 62742 492867	 1 0.00392156862745098	 1 208825118 4885900
 5847782	 0.3448276	 29073 62773 492911	 1 0.00392156862745098	 1 209357063 4898946
 5848281	 0.22000718	 29082 62786 492963	 1 0.00392156862745098	 1 209357431 4898946
 5848804	 0.8965517	 29090 62797 493013	 1 0.00392156862745098	 1 209357661 4898946
 5849281	 0.22000718	 29093 62806 493062	 1 0.00392156862745098	 1 209357753 4898946
 5849799	 0.22000718	 29099 62817 493113	 1 0.00392156862745098	 1 209357845 4898946
 5850281	 0.22000718	 29105 62827 493163	 1 0.00392156862745098	 1 209358075 4898946
 5850805	 0.22000718	 29111 62839 493215	 1 0.00392156862745098	 1 209358121 4898946
 5851291	 0.22000718	 29123 62854 493270	 1 0.00392156862745098	 1 209358351 4898946
 5851790	 0.22000718	 29127 62864 493313	 1 0.00392156862745098	 1 209358489 4898946
 5852300	 0.22000718	 29135 62875 493364	 1 0.00392156862745098	 1 209358489 4898946
 5852781	 0.22000718	 29144 62887 493412	 1 0.00392156862745098	 1 209358673 4898946
 5853300	 0.22000718	 29148 62896 493462	 1 0.00392156862745098	 1 209358719 4898946
 5853799	 0.8965517	 29158 62907 493514	 1 0.00392156862745098	 1 209359033 4898946
 5854280	 0.22000718	 29162 62917 493563	 1 0.00392156862745098	 1 209359259 4898946
 5854790	 0.22000718	 29167 62927 493613	 1 0.00392156862745098	 1 209359259 4898946
 5855290	 0.8965517	 29172 62937 493663	 1 0.00392156862745098	 1 209359489 4898946
 5855800	 0.22000718	 29176 62950 493714	 1 0.00392156862745098	 1 209359719 4898946
 5856316	 0.22000718	 29190 62967 493764	 1 0.00392156862745098	 1 209360041 4898946
 5856800	 0.22000718	 29198 62980 493814	 1 0.00392156862745098	 1 209360685 4898946
 5857285	 0.8965517	 29202 62997 493860	 1 0.00392156862745098	 1 209361115 4899676
 5857805	 0.22000718	 29213 63027 493913	 1 0.00392156862745098	 1 209893382 4912766
 5858311	 0.22000718	 29220 63037 493962	 1 0.00392156862745098	 1 209894210 4912766
 5858803	 0.22000718	 29224 63047 494012	 1 0.00392156862745098	 1 209894348 4912766
 5859290	 0.22000718	 29235 63061 494063	 1 0.00392156862745098	 1 209894670 4912766
 5859806	 0.22000718	 29241 63072 494114	 1 0.00392156862745098	 1 209894808 4912766
 5860281	 0.22000718	 29247 63083 494163	 1 0.00392156862745098	 1 209894808 4912766
 5860780	 0.22000718	 29262 63100 494219	 1 0.00392156862745098	 1 209894808 4912766
 5861290	 0.8965517	 29268 63111 494262	 1 0.00392156862745098	 1 209894854 4912766
 5861806	 0.8965517	 29274 63121 494311	 1 0.00392156862745098	 1 209894900 4912766
 5862305	 0.22000718	 29280 63131 494363	 1 0.00392156862745098	 1 209894900 4912766
 5862801	 0.22000718	 29287 63143 494413	 1 0.00392156862745098	 1 209894900 4912766
 5863308	 0.22000718	 29293 63154 494463	 1 0.00392156862745098	 1 209895290 4912766
 5863790	 0.22000718	 29298 63165 494513	 1 0.00392156862745098	 1 209895504 4912766
 5864291	 0.22000718	 29303 63176 494563	 1 0.00392156862745098	 1 209895634 4912766
 5864803	 0.8965517	 29307 63186 494611	 1 0.00392156862745098	 1 209895726 4912766
 5865289	 0.22000718	 29312 63195 494660	 1 0.00392156862745098	 1 209896232 4912766
 5865805	 0.22000718	 29326 63212 494711	 1 0.00392156862745098	 1 209896324 4912766
 5866302	 0.8965517	 29332 63222 494759	 1 0.00392156862745098	 1 209896554 4912766
 5866805	 0.22000718	 29337 63232 494810	 1 0.00392156862745098	 1 209896646 4912766
 5867313	 0.8965517	 29345 63243 494861	 1 0.00392156862745098	 1 209896646 4912766
 5867798	 0.22000718	 29360 63276 494911	 1 0.00392156862745098	 1 209896830 4912766
 5868302	 0.22000718	 29376 63302 494961	 1 0.00392156862745098	 1 209896876 4912766
 5868793	 0.8965517	 29389 63327 495013	 1 0.00392156862745098	 1 209896968 4912766
 5869293	 0.22000718	 29404 63345 495061	 1 0.00392156862745098	 1 209897106 4912766
 5869790	 0.22000718	 29412 63364 495112	 1 0.00392156862745098	 1 209897336 4912766
 5870299	 0.22000718	 29430 63388 495167	 1 0.00392156862745098	 1 209897382 4912766
 5870778	 0.8965517	 29439 63407 495206	 1 0.00392156862745098	 1 209897382 4912766
 5871291	 0.22000718	 29454 63439 495260	 1 0.00392156862745098	 1 209897778 4912766
 5871780	 0.22000718	 29464 63458 495312	 1 0.00392156862745098	 1 209898146 4912766
 5872285	 0.8965517	 29488 63492 495360	 1 0.00392156862745098	 1 209898238 4912766
 5872790	 0.8965517	 29498 63509 495412	 1 0.00392156862745098	 1 209898422 4912766
