up_time cpu_freq utime work_time total_time screen_on brightness wifi_on wifi_rx_bytes wifi_tx_bytes
 12714361	 0.8965517	 141522 223504 1177103	 1 0.4	 1 279397851 20446718
 12714868	 0.8965517	 141526 223518 1177151	 1 0.4	 1 279397851 20446718
 12715330	 0.22000718	 141531 223530 1177200	 1 0.4	 1 279398127 20446718
 12715853	 0.8965517	 141539 223543 1177251	 1 0.4	 1 279398295 20446718
 12716377	 0.8965517	 141568 223584 1177302	 1 0.4	 1 279398547 20446718
 12716812	 0.8965517	 141590 223610 1177348	 1 0.4	 1 279398715 20446718
 12717308	 0.6896552	 141626 223654 1177397	 1 0.4	 1 279399075 20446718
 12717840	 0.8965517	 141646 223680 1177460	 1 0.4	 1 279399343 20446718
 12718315	 0.8965517	 141665 223708 1177496	 1 0.4	 1 279399435 20446796
 12718813	 0.8965517	 141705 223756 1177546	 1 0.4	 1 279399527 20446796
 12719308	 0.8965517	 141750 223806 1177596	 1 0.4	 1 279399703 20446796
 12719808	 0.8965517	 141793 223857 1177647	 1 0.4	 1 279399933 20446796
 12720308	 0.8965517	 141838 223908 1177698	 1 0.4	 1 279400071 20446796
 12720815	 0.8965517	 141883 223957 1177747	 1 0.4	 1 279400201 20446796
 12721312	 0.8965517	 141921 224007 1177797	 1 0.4	 1 279400331 20446874
 12721815	 0.8965517	 141964 224056 1177846	 1 0.4	 1 279400699 20448144
 12722311	 0.8965517	 142031 224136 1177926	 1 0.4	 1 279402293 20449799
 12722820	 0.8965517	 142048 224158 1177948	 1 0.4	 1 279402293 20449799
 12723311	 0.8965517	 142087 224206 1177997	 1 0.4	 1 279402477 20449799
 12723809	 0.8965517	 142129 224255 1178046	 1 0.4	 1 279402615 20449799
 12724311	 0.8965517	 142172 224306 1178097	 1 0.4	 1 279403075 20449799
 12724808	 0.8965517	 142216 224356 1178147	 1 0.4	 1 279403489 20449799
 12725316	 0.8965517	 142252 224405 1178196	 1 0.4	 1 279403719 20449799
 12725817	 0.8965517	 142294 224456 1178247	 1 0.4	 1 279403995 20449799
 12726309	 0.44827586	 142336 224502 1178298	 1 0.4	 1 279404087 20449799
 12726812	 0.8965517	 142371 224542 1178348	 1 0.4	 1 279404225 20449799
 12727307	 0.7586207	 142409 224589 1178398	 1 0.4	 1 279404363 20449799
 12727809	 0.4827586	 142446 224630 1178448	 1 0.4	 1 279404547 20449799
 12728313	 0.51724136	 142478 224671 1178498	 1 0.4	 1 279404639 20449799
 12728845	 0.8965517	 142517 224716 1178550	 1 0.4	 1 279404685 20449799
 12729328	 0.8965517	 142550 224758 1178598	 1 0.4	 1 279404731 20449799
 12729817	 0.82758623	 142580 224800 1178647	 1 0.4	 1 279405007 20449799
 12730309	 0.37931034	 142615 224845 1178698	 1 0.4	 1 279405053 20449799
 12730811	 0.7241379	 142652 224889 1178747	 1 0.4	 1 279405099 20449799
 12731310	 0.5862069	 142694 224934 1178798	 1 0.4	 1 279405191 20449799
 12731811	 0.44827586	 142734 224980 1178848	 1 0.4	 1 279405283 20449799
 12732318	 0.51724136	 142766 225027 1178899	 1 0.4	 1 279405421 20449799
 12732811	 0.8965517	 142800 225071 1178948	 1 0.4	 1 279405789 20449799
 12733333	 0.8965517	 142832 225109 1178997	 1 0.4	 1 279405835 20449799
 12733813	 0.44827586	 142871 225154 1179049	 1 0.4	 1 279406019 20449799
 12734319	 0.7241379	 142904 225195 1179098	 1 0.4	 1 279406341 20449799
 12734819	 0.51724136	 142936 225235 1179148	 1 0.4	 1 279406571 20449799
 12735309	 0.51724136	 142968 225275 1179198	 1 0.4	 1 279406617 20449799
 12735818	 0.37931034	 143003 225319 1179250	 1 0.4	 1 279406709 20449799
 12736308	 0.6551724	 143040 225366 1179300	 1 0.4	 1 279406801 20449799
 12736813	 0.8965517	 143072 225406 1179347	 1 0.4	 1 279406939 20449799
 12737311	 0.8965517	 143107 225448 1179397	 1 0.4	 1 279407031 20449799
 12737809	 0.79310346	 143142 225490 1179447	 1 0.4	 1 279407123 20449799
 12738315	 0.8965517	 143180 225537 1179498	 1 0.4	 1 279407307 20449799
 12738809	 0.41379312	 143220 225580 1179548	 1 0.4	 1 279407445 20449799
 12739308	 0.8965517	 143257 225624 1179599	 1 0.4	 1 279407537 20449799
 12739816	 0.8965517	 143288 225665 1179646	 1 0.4	 1 279407675 20449799
 12740320	 0.8965517	 143327 225713 1179697	 1 0.4	 1 279407905 20449799
 12740821	 0.8965517	 143364 225757 1179746	 1 0.4	 1 279407951 20449799
 12741326	 0.37931034	 143407 225802 1179798	 1 0.4	 1 279407997 20449799
 12741814	 0.44827586	 143443 225848 1179848	 1 0.4	 1 279408131 20449799
 12742311	 0.37931034	 143480 225892 1179897	 1 0.4	 1 279408491 20449799
 12742808	 0.7586207	 143520 225935 1179947	 1 0.4	 1 279408491 20449799
 12743312	 0.8965517	 143553 225978 1179997	 1 0.4	 1 279408621 20449799
 12743829	 0.37931034	 143590 226020 1180048	 1 0.4	 1 279408987 20449799
 12744320	 0.6551724	 143622 226060 1180096	 1 0.4	 1 279409117 20449799
 12744808	 0.51724136	 143653 226100 1180147	 1 0.4	 1 279409331 20449799
 12745313	 0.8965517	 143699 226161 1180218	 1 0.4	 1 279409515 20449799
 12745808	 0.51724136	 143719 226187 1180247	 1 0.4	 1 279409561 20449799
 12746311	 0.4827586	 143754 226228 1180298	 1 0.4	 1 279409653 20449799
 12746830	 0.37931034	 143791 226274 1180349	 1 0.4	 1 279409653 20449799
 12747308	 0.8965517	 143820 226315 1180395	 1 0.4	 1 279409745 20449799
 12747808	 0.62068963	 143855 226356 1180446	 1 0.4	 1 279409929 20449799
 12748309	 0.3448276	 143888 226399 1180496	 1 0.4	 1 279409929 20449799
 12748815	 0.3448276	 143921 226447 1180548	 1 0.4	 1 279409975 20449799
 12749323	 0.8965517	 143955 226488 1180597	 1 0.4	 1 279410021 20449799
 12749833	 0.3448276	 144005 226553 1180667	 1 0.4	 1 279410251 20449799
 12750309	 0.8965517	 144023 226580 1180697	 1 0.4	 1 279410389 20449799
 12750814	 0.8965517	 144052 226625 1180746	 1 0.4	 1 279410573 20449799
 12751321	 0.8965517	 144087 226671 1180796	 1 0.4	 1 279410711 20449799
 12751808	 0.5862069	 144121 226715 1180846	 1 0.4	 1 279410803 20449799
 12752314	 0.8965517	 144146 226753 1180897	 1 0.4	 1 279410895 20449799
 12752815	 0.3448276	 144176 226792 1180949	 1 0.4	 1 279411447 20449799
 12753334	 0.8965517	 144202 226830 1180998	 1 0.4	 1 279411723 20449799
 12753811	 0.3448276	 144234 226869 1181048	 1 0.4	 1 279411769 20449799
 12754308	 0.8965517	 144287 226933 1181116	 1 0.4	 1 279412037 20449799
 12754813	 0.51724136	 144307 226961 1181148	 1 0.4	 1 279412221 20449799
 12755310	 0.6896552	 144339 227006 1181196	 1 0.4	 1 279412267 20449799
 12755823	 0.41379312	 144370 227051 1181248	 1 0.4	 1 279412359 20449799
 12756319	 0.8965517	 144403 227091 1181298	 1 0.4	 1 279412543 20449799
 12756826	 0.3448276	 144443 227135 1181348	 1 0.4	 1 279412773 20449799
 12757314	 0.8965517	 144475 227174 1181396	 1 0.4	 1 279413221 20449799
 12757809	 0.8965517	 144511 227221 1181447	 1 0.4	 1 279413401 20449799
 12758308	 0.86206895	 144548 227265 1181496	 1 0.4	 1 279413949 20449799
 12758811	 0.51724136	 144602 227328 1181566	 1 0.4	 1 279414477 20449799
 12759308	 0.44827586	 144623 227356 1181598	 1 0.4	 1 279414699 20449799
 12759814	 0.8965517	 144657 227399 1181646	 1 0.4	 1 279414867 20449799
 12760307	 0.7586207	 144698 227445 1181696	 1 0.4	 1 279414951 20449799
 12760811	 0.8965517	 144731 227488 1181745	 1 0.4	 1 279414989 20449799
 12761310	 0.8965517	 144768 227532 1181796	 1 0.4	 1 279415303 20449799
 12761808	 0.51724136	 144801 227572 1181847	 1 0.4	 1 279415437 20449799
 12762326	 0.51724136	 144828 227609 1181896	 1 0.4	 1 279415797 20449799
 12762813	 0.51724136	 144870 227655 1181947	 1 0.4	 1 279415957 20449799
 12763312	 0.51724136	 144918 227710 1182012	 1 0.4	 1 279416301 20449799
 12763818	 0.8965517	 144945 227744 1182046	 1 0.4	 1 279416339 20449799
 12764321	 0.44827586	 144976 227781 1182097	 1 0.4	 1 279416607 20449799
 12764812	 0.79310346	 145010 227823 1182146	 1 0.4	 1 279416929 20449799
 12765319	 0.4827586	 145041 227865 1182197	 1 0.4	 1 279417159 20449799
 12765820	 0.44827586	 145074 227904 1182247	 1 0.4	 1 279417343 20449799
 12766318	 0.41379312	 145108 227949 1182298	 1 0.4	 1 279417481 20449799
 12766809	 0.4827586	 145139 227990 1182349	 1 0.4	 1 279417619 20449799
 12767324	 0.51724136	 145175 228031 1182397	 1 0.4	 1 279417711 20449799
 12767823	 0.4827586	 145208 228075 1182448	 1 0.4	 1 279417941 20449799
 12768512	 0.8965517	 145264 228135 1182518	 1 0.4	 1 279418063 20449799
 12768819	 0.8965517	 145286 228162 1182547	 1 0.4	 1 279418063 20449799
 12769315	 0.44827586	 145325 228206 1182598	 1 0.4	 1 279418231 20449799
 12769823	 0.37931034	 145364 228253 1182649	 1 0.4	 1 279418269 20449799
 12770314	 0.8965517	 145391 228294 1182697	 1 0.4	 1 279418399 20449799
 12770811	 0.79310346	 145425 228337 1182746	 1 0.4	 1 279418491 20449799
 12771312	 0.79310346	 145463 228380 1182795	 1 0.4	 1 279418629 20449799
 12771812	 0.6551724	 145493 228424 1182846	 1 0.4	 1 279418859 20449799
 12772311	 0.37931034	 145529 228470 1182899	 1 0.4	 1 279419043 20449799
 12772818	 0.8965517	 145577 228528 1182965	 1 0.4	 1 279419043 20449799
 12773312	 0.55172414	 145603 228557 1182998	 1 0.4	 1 279419135 20449799
 12773814	 0.8965517	 145641 228598 1183048	 1 0.4	 1 279419181 20449799
 12774329	 0.8965517	 145672 228638 1183096	 1 0.4	 1 279419273 20449799
 12774808	 0.8965517	 145701 228679 1183145	 1 0.4	 1 279419319 20449799
 12775311	 0.8965517	 145733 228719 1183195	 1 0.4	 1 279419365 20449799
 12775811	 0.44827586	 145767 228762 1183247	 1 0.4	 1 279419411 20449799
 12776314	 0.8965517	 145800 228801 1183297	 1 0.4	 1 279419457 20449799
 12776831	 0.37931034	 145836 228845 1183350	 1 0.4	 1 279419541 20449799
 12777307	 0.8965517	 145880 228903 1183415	 1 0.4	 1 279419633 20449799
 12777809	 0.8965517	 145903 228931 1183446	 1 0.4	 1 279419633 20449799
 12778308	 0.62068963	 145936 228975 1183496	 1 0.4	 1 279419725 20449799
 12778809	 0.7586207	 145974 229019 1183546	 1 0.4	 1 279419725 20449799
 12779326	 0.8965517	 146009 229061 1183596	 1 0.4	 1 279419725 20449799
 12779814	 0.41379312	 146044 229107 1183647	 1 0.4	 1 279419817 20449799
 12780312	 0.3448276	 146080 229150 1183697	 1 0.4	 1 279419863 20449799
 12780812	 0.44827586	 146118 229195 1183748	 1 0.4	 1 279419909 20449799
 12781312	 0.8965517	 146151 229240 1183799	 1 0.4	 1 279419955 20449799
 12781833	 0.8965517	 146208 229301 1183865	 1 0.4	 1 279420185 20449799
 12782309	 0.3448276	 146230 229329 1183899	 1 0.4	 1 279420231 20449799
 12782812	 0.5862069	 146258 229368 1183946	 1 0.4	 1 279420461 20449799
 12783321	 0.44827586	 146292 229412 1183998	 1 0.4	 1 279420507 20449799
 12783809	 0.41379312	 146327 229456 1184048	 1 0.4	 1 279420553 20449799
 12784320	 0.8965517	 146362 229500 1184097	 1 0.4	 1 279420645 20449799
 12784809	 0.37931034	 146396 229543 1184148	 1 0.4	 1 279420737 20449799
 12785309	 0.3448276	 146427 229582 1184198	 1 0.4	 1 279421105 20449799
 12785815	 0.51724136	 146459 229621 1184247	 1 0.4	 1 279421335 20449799
 12786309	 0.37931034	 146489 229662 1184298	 1 0.4	 1 279421427 20449799
 12786825	 0.8965517	 146529 229709 1184347	 1 0.4	 1 279421565 20449799
 12787309	 0.8965517	 146562 229755 1184398	 1 0.4	 1 279421795 20449799
 12787810	 0.6896552	 146593 229795 1184446	 1 0.4	 1 279421979 20449799
 12788317	 0.7241379	 146623 229838 1184496	 1 0.4	 1 279422255 20449799
 12788808	 0.8965517	 146658 229886 1184546	 1 0.4	 1 279422393 20449799
 12789313	 0.7241379	 146688 229929 1184595	 1 0.4	 1 279422669 20449799
 12789808	 0.41379312	 146723 229976 1184647	 1 0.4	 1 279423083 20449799
 12790331	 0.41379312	 146758 230022 1184699	 1 0.4	 1 279423175 20449799
 12790821	 0.37931034	 146792 230064 1184748	 1 0.4	 1 279423497 20449799
 12791314	 0.8965517	 146830 230107 1184798	 1 0.4	 1 279423589 20449799
 12791808	 0.8965517	 146862 230151 1184846	 1 0.4	 1 279424239 20450145
 12792312	 0.6896552	 146899 230194 1184896	 1 0.4	 1 279424653 20450145
 12792808	 0.4827586	 146931 230237 1184946	 1 0.4	 1 279424837 20450145
 12793324	 0.8965517	 146965 230280 1184998	 1 0.4	 1 279425021 20450145
 12793810	 0.7241379	 146996 230321 1185046	 1 0.4	 1 279425435 20450145
 12794308	 0.6551724	 147029 230365 1185096	 1 0.4	 1 279425481 20450145
 12794827	 0.8965517	 147063 230405 1185146	 1 0.4	 1 279425619 20450145
 12795322	 0.37931034	 147097 230452 1185199	 1 0.4	 1 279425803 20450145
 12795821	 0.55172414	 147135 230497 1185247	 1 0.4	 1 279426033 20450145
 12796308	 0.41379312	 147168 230540 1185298	 1 0.4	 1 279426079 20450145
 12796830	 0.37931034	 147202 230583 1185349	 1 0.4	 1 279426125 20450191
 12797310	 0.8965517	 147235 230625 1185397	 1 0.4	 1 279426217 20450191
 12797810	 0.51724136	 147271 230669 1185447	 1 0.4	 1 279426585 20450191
 12798311	 0.41379312	 147308 230712 1185497	 1 0.4	 1 279426631 20450191
 12798808	 0.8965517	 147345 230754 1185545	 1 0.4	 1 279426907 20450191
 12799320	 0.41379312	 147381 230802 1185598	 1 0.4	 1 279427367 20450191
 12799809	 0.8965517	 147417 230844 1185646	 1 0.4	 1 279427413 20450191
 12800309	 0.3448276	 147475 230911 1185718	 1 0.4	 1 279427551 20450191
 12800810	 0.6551724	 147499 230939 1185746	 1 0.4	 1 279427551 20450191
 12801328	 0.8965517	 147538 230985 1185797	 1 0.4	 1 279427643 20450191
 12801808	 0.8965517	 147569 231027 1185845	 1 0.4	 1 279427689 20450191
 12802311	 0.55172414	 147600 231071 1185896	 1 0.4	 1 279427689 20450191
 12802827	 0.37931034	 147636 231114 1185948	 1 0.4	 1 279427735 20450191
 12803311	 0.62068963	 147669 231153 1185996	 1 0.4	 1 279427735 20450191
 12803813	 0.44827586	 147707 231197 1186048	 1 0.4	 1 279427781 20450191
 12804327	 0.37931034	 147745 231239 1186099	 1 0.4	 1 279427919 20450191
 12804820	 0.8965517	 147788 231295 1186165	 1 0.4	 1 279427965 20450191
 12805324	 0.41379312	 147812 231324 1186198	 1 0.4	 1 279427965 20450191
 12805815	 0.5862069	 147845 231363 1186246	 1 0.4	 1 279428103 20450191
 12806310	 0.3448276	 147881 231409 1186298	 1 0.4	 1 279428103 20450191
 12806809	 0.51724136	 147914 231450 1186347	 1 0.4	 1 279428149 20450191
 12807319	 0.37931034	 147946 231491 1186398	 1 0.4	 1 279428195 20450191
 12807819	 0.8965517	 147981 231533 1186447	 1 0.4	 1 279428195 20450191
 12808328	 0.8965517	 148015 231574 1186497	 1 0.4	 1 279428379 20450191
 12808809	 0.62068963	 148049 231617 1186546	 1 0.4	 1 279428379 20450191
 12809314	 0.8965517	 148086 231661 1186596	 1 0.4	 1 279428471 20450191
 12809818	 0.8965517	 148120 231708 1186648	 1 0.4	 1 279428517 20450191
 12810310	 0.37931034	 148150 231752 1186699	 1 0.4	 1 279428655 20450191
 12810826	 0.3448276	 148184 231795 1186748	 1 0.4	 1 279428815 20450191
 12811324	 0.37931034	 148214 231838 1186799	 1 0.4	 1 279429159 20450191
 12811809	 0.8965517	 148247 231882 1186847	 1 0.4	 1 279429197 20450191
 12812312	 0.51724136	 148277 231923 1186897	 1 0.4	 1 279429433 20450191
 12812816	 0.51724136	 148309 231965 1186947	 1 0.4	 1 279429479 20450191
 12813308	 0.44827586	 148342 232006 1186998	 1 0.4	 1 279429663 20450191
 12813809	 0.37931034	 148385 232060 1187063	 1 0.4	 1 279429847 20450191
 12814310	 0.8965517	 148410 232093 1187096	 1 0.4	 1 279429847 20450191
 12814809	 0.8965517	 148444 232135 1187146	 1 0.4	 1 279429939 20450191
 12815318	 0.8965517	 148473 232179 1187196	 1 0.4	 1 279430169 20450191
 12815819	 0.7241379	 148502 232221 1187246	 1 0.4	 1 279430307 20450191
 12816314	 0.6896552	 148538 232262 1187296	 1 0.4	 1 279430629 20450191
 12816810	 0.51724136	 148573 232303 1187346	 1 0.4	 1 279430767 20450191
 12817315	 0.8965517	 148609 232346 1187397	 1 0.4	 1 279430767 20450191
 12817826	 0.3448276	 148648 232393 1187448	 1 0.4	 1 279430813 20450191
 12818310	 0.8965517	 148679 232434 1187495	 1 0.4	 1 279430813 20450191
 12818982	 0.8965517	 148737 232499 1187567	 1 0.4	 1 279430859 20450191
 12819321	 0.8965517	 148755 232522 1187597	 1 0.4	 1 279430951 20450191
 12819811	 0.37931034	 148785 232561 1187648	 1 0.4	 1 279431043 20450191
 12820324	 0.8965517	 148813 232604 1187698	 1 0.4	 1 279431135 20450191
 12820809	 0.37931034	 148848 232647 1187748	 1 0.4	 1 279431319 20450191
 12821326	 0.8965517	 148878 232688 1187797	 1 0.4	 1 279431457 20450191
 12821809	 0.6551724	 148912 232732 1187847	 1 0.4	 1 279431641 20450191
 12822308	 0.6896552	 148943 232772 1187896	 1 0.4	 1 279431687 20450191
 12822817	 0.7586207	 148979 232813 1187945	 1 0.4	 1 279431917 20450191
 12823308	 0.8965517	 149029 232875 1188017	 1 0.4	 1 279432239 20450191
 12823809	 0.3448276	 149050 232899 1188048	 1 0.4	 1 279432377 20450191
 12824325	 0.8965517	 149081 232938 1188097	 1 0.4	 1 279432653 20450191
 12824811	 0.6551724	 149115 232979 1188146	 1 0.4	 1 279432699 20450191
 12825322	 0.44827586	 149142 233023 1188198	 1 0.4	 1 279432745 20450191
 12825812	 0.37931034	 149180 233065 1188248	 1 0.4	 1 279432929 20450191
 12826325	 0.51724136	 149215 233104 1188298	 1 0.4	 1 279432975 20450191
 12826809	 0.5862069	 149251 233143 1188347	 1 0.4	 1 279433297 20450191
 12827309	 0.4827586	 149288 233187 1188397	 1 0.4	 1 279433481 20450191
 12827815	 0.8965517	 149336 233252 1188467	 1 0.4	 1 279433573 20450191
 12828315	 0.41379312	 149357 233280 1188498	 1 0.4	 1 279433619 20450191
 12828810	 0.8965517	 149392 233321 1188545	 1 0.4	 1 279433941 20450191
 12829312	 0.44827586	 149428 233367 1188597	 1 0.4	 1 279433941 20450191
 12829825	 0.37931034	 149465 233413 1188649	 1 0.4	 1 279434125 20450191
 12830318	 0.41379312	 149497 233454 1188698	 1 0.4	 1 279434263 20450191
 12830815	 0.8965517	 149532 233497 1188747	 1 0.4	 1 279434309 20450191
 12831309	 0.8965517	 149566 233540 1188797	 1 0.4	 1 279434539 20450191
 12831819	 0.5862069	 149592 233580 1188847	 1 0.4	 1 279434585 20450191
 12832308	 0.8965517	 149622 233621 1188894	 1 0.4	 1 279435051 20450191
 12832809	 0.37931034	 149660 233668 1188947	 1 0.4	 1 279435135 20450191
 12833309	 0.3448276	 149691 233707 1188997	 1 0.4	 1 279435211 20450191
 12833809	 0.3448276	 149725 233751 1189049	 1 0.4	 1 279435417 20450191
 12834324	 0.82758623	 149755 233789 1189095	 1 0.4	 1 279435463 20450191
 12834809	 0.86206895	 149790 233830 1189145	 1 0.4	 1 279435463 20450191
 12835308	 0.55172414	 149827 233875 1189197	 1 0.4	 1 279435601 20450191
 12835812	 0.8965517	 149857 233917 1189246	 1 0.4	 1 279435693 20450191
 12836313	 0.51724136	 149890 233957 1189295	 1 0.4	 1 279435693 20450191
 12836827	 0.8965517	 149923 234000 1189346	 1 0.4	 1 279435869 20450191
 12837336	 0.3448276	 149967 234049 1189397	 1 0.4	 1 279435869 20450191
 12837811	 0.8965517	 150000 234092 1189446	 1 0.4	 1 279436007 20450191
 12838331	 0.8965517	 150034 234135 1189495	 1 0.4	 1 279436099 20450191
 12838811	 0.8965517	 150064 234179 1189544	 1 0.4	 1 279436145 20450191
 12839315	 0.8965517	 150097 234222 1189594	 1 0.4	 1 279436421 20450191
 12839818	 0.55172414	 150132 234266 1189645	 1 0.4	 1 279436605 20450191
 12840311	 0.41379312	 150167 234308 1189696	 1 0.4	 1 279436697 20450191
 12840819	 0.8965517	 150201 234348 1189747	 1 0.4	 1 279436835 20450191
 12841333	 0.8965517	 150227 234384 1189797	 1 0.4	 1 279436835 20450191
 12841809	 0.8965517	 150270 234442 1189864	 1 0.4	 1 279437065 20450191
 12842333	 0.37931034	 150291 234470 1189897	 1 0.4	 1 279437065 20450191
 12842815	 0.4827586	 150321 234508 1189945	 1 0.4	 1 279437103 20450191
 12843319	 0.37931034	 150352 234547 1189996	 1 0.4	 1 279437241 20450191
 12843816	 0.3448276	 150386 234586 1190047	 1 0.4	 1 279437241 20450191
 12844332	 0.8965517	 150422 234626 1190097	 1 0.4	 1 279437287 20450191
 12844836	 0.3448276	 150455 234666 1190147	 1 0.4	 1 279437379 20450191
 12845308	 0.7241379	 150485 234705 1190194	 1 0.4	 1 279437379 20450191
 12845811	 0.8965517	 150519 234747 1190243	 1 0.4	 1 279437425 20450191
 12846326	 0.6896552	 150574 234811 1190315	 1 0.4	 1 279437425 20450191
 12846810	 0.8965517	 150595 234837 1190345	 1 0.4	 1 279437471 20450191
 12847327	 0.3448276	 150628 234881 1190396	 1 0.4	 1 279437563 20450191
 12847811	 0.41379312	 150660 234926 1190446	 1 0.4	 1 279437609 20450191
 12848318	 0.8965517	 150690 234966 1190494	 1 0.4	 1 279437655 20450191
 12848824	 0.62068963	 150722 235010 1190545	 1 0.4	 1 279437977 20450191
 12849311	 0.8965517	 150760 235054 1190594	 1 0.4	 1 279438023 20450191
 12849808	 0.7241379	 150794 235097 1190643	 1 0.4	 1 279438161 20450191
 12850322	 0.41379312	 150823 235140 1190695	 1 0.4	 1 279438345 20450191
 12850824	 0.37931034	 150853 235180 1190745	 1 0.4	 1 279438529 20450191
 12851334	 0.3448276	 150892 235226 1190797	 1 0.4	 1 279438575 20450191
 12851808	 0.5862069	 150919 235264 1190846	 1 0.4	 1 279438713 20450191
 12852308	 0.8965517	 150953 235307 1190893	 1 0.4	 1 279438759 20450191
 12852831	 0.37931034	 150987 235351 1190946	 1 0.4	 1 279438989 20450191
 12853320	 0.7241379	 151023 235391 1190994	 1 0.4	 1 279438989 20450191
 12853819	 0.44827586	 151056 235430 1191045	 1 0.4	 1 279439173 20450191
 12854313	 0.37931034	 151087 235475 1191097	 1 0.4	 1 279439219 20450191
 12854809	 0.37931034	 151120 235516 1191146	 1 0.4	 1 279439311 20450191
 12855311	 0.8965517	 151152 235557 1191194	 1 0.4	 1 279439541 20450191
 12855823	 0.55172414	 151185 235604 1191244	 1 0.4	 1 279439541 20450191
 12856309	 0.6551724	 151217 235645 1191294	 1 0.4	 1 279439633 20450191
 12856810	 0.3448276	 151259 235691 1191345	 1 0.4	 1 279439817 20450191
 12857309	 0.8965517	 151292 235736 1191395	 1 0.4	 1 279439863 20450191
 12857834	 0.37931034	 151329 235779 1191445	 1 0.4	 1 279439909 20450191
 12858335	 0.3448276	 151360 235819 1191494	 1 0.4	 1 279440093 20450191
 12858814	 0.8965517	 151392 235861 1191543	 1 0.4	 1 279440185 20450191
 12859310	 0.6551724	 151428 235904 1191593	 1 0.4	 1 279440277 20450191
 12859818	 0.4827586	 151467 235947 1191644	 1 0.4	 1 279440507 20450191
 12860321	 0.37931034	 151505 235991 1191695	 1 0.4	 1 279440553 20450191
 12860809	 0.3448276	 151532 236029 1191745	 1 0.4	 1 279440737 20450191
 12861312	 0.3448276	 151566 236074 1191795	 1 0.4	 1 279440829 20450191
 12861824	 0.3448276	 151600 236116 1191844	 1 0.4	 1 279440921 20450191
 12862315	 0.8965517	 151634 236158 1191893	 1 0.4	 1 279441105 20450191
 12862818	 0.44827586	 151666 236201 1191945	 1 0.4	 1 279441197 20450191
 12863309	 0.44827586	 151694 236238 1191995	 1 0.4	 1 279441335 20450191
 12863828	 0.37931034	 151727 236280 1192046	 1 0.4	 1 279441473 20450191
 12864339	 0.3448276	 151759 236322 1192096	 1 0.4	 1 279441565 20450191
 12864811	 0.8965517	 151805 236381 1192161	 1 0.4	 1 279441657 20450191
 12865322	 0.8965517	 151828 236410 1192193	 1 0.4	 1 279441657 20450191
 12865821	 0.6551724	 151862 236451 1192243	 1 0.4	 1 279441749 20450191
 12866322	 0.41379312	 151900 236495 1192294	 1 0.4	 1 279441795 20450191
 12866809	 0.37931034	 151933 236537 1192344	 1 0.4	 1 279441887 20450191
 12867327	 0.3448276	 151964 236584 1192395	 1 0.4	 1 279441887 20450191
 12867811	 0.8965517	 151997 236628 1192444	 1 0.4	 1 279441979 20450191
 12868314	 0.8965517	 152032 236670 1192494	 1 0.4	 1 279442071 20450191
 12868818	 0.55172414	 152068 236712 1192543	 1 0.4	 1 279442209 20450191
 12869312	 0.44827586	 152120 236772 1192610	 1 0.4	 1 279442393 20450191
 12869813	 0.3448276	 152142 236799 1192645	 1 0.4	 1 279442439 20450191
 12870319	 0.3448276	 152174 236840 1192696	 1 0.4	 1 279442485 20450191
 12870815	 0.8965517	 152203 236881 1192743	 1 0.4	 1 279442485 20450191
 12871309	 0.5862069	 152233 236924 1192794	 1 0.4	 1 279442715 20450191
 12871815	 0.44827586	 152266 236967 1192844	 1 0.4	 1 279442807 20450191
 12872312	 0.3448276	 152301 237008 1192895	 1 0.4	 1 279442807 20450191
 12872813	 0.8965517	 152333 237047 1192944	 1 0.4	 1 279442853 20450191
 12873329	 0.3448276	 152368 237089 1192995	 1 0.4	 1 279443083 20450191
 12873810	 0.8965517	 152396 237129 1193043	 1 0.4	 1 279443175 20450191
 12874313	 0.8965517	 152432 237177 1193094	 1 0.4	 1 279443175 20450191
 12874808	 0.8965517	 152463 237217 1193142	 1 0.4	 1 279443221 20450191
 12875308	 0.6896552	 152494 237259 1193193	 1 0.4	 1 279443313 20450191
 12875823	 0.51724136	 152526 237301 1193244	 1 0.4	 1 279443405 20450191
 12876321	 0.41379312	 152561 237344 1193295	 1 0.4	 1 279443527 20450191
 12876816	 0.8965517	 152592 237386 1193344	 1 0.4	 1 279443695 20450191
 12877315	 0.3448276	 152631 237430 1193395	 1 0.4	 1 279443863 20450191
 12877819	 0.8965517	 152663 237472 1193444	 1 0.4	 1 279443947 20450191
 12878314	 0.6551724	 152697 237513 1193493	 1 0.4	 1 279444131 20450191
 12878811	 0.41379312	 152742 237563 1193546	 1 0.4	 1 279444131 20450191
 12879311	 0.41379312	 152774 237605 1193596	 1 0.4	 1 279444177 20450191
 12879821	 0.55172414	 152806 237645 1193643	 1 0.4	 1 279444453 20450191
 12880328	 0.41379312	 152838 237689 1193695	 1 0.4	 1 279444453 20450191
 12880827	 0.8965517	 152870 237728 1193744	 1 0.4	 1 279444453 20450191
 12881309	 0.8965517	 152906 237769 1193793	 1 0.4	 1 279444453 20450191
 12881808	 0.5862069	 152936 237813 1193843	 1 0.4	 1 279444683 20450191
 12882312	 0.55172414	 152966 237850 1193892	 1 0.4	 1 279444729 20450191
 12882809	 0.8965517	 152998 237889 1193943	 1 0.4	 1 279444867 20450191
 12883325	 0.8965517	 153050 237948 1194012	 1 0.4	 1 279444867 20450191
 12883813	 0.3448276	 153070 237976 1194043	 1 0.4	 1 279444913 20450191
 12884317	 0.86206895	 153097 238016 1194091	 1 0.4	 1 279445143 20450191
 12884808	 0.5862069	 153126 238058 1194143	 1 0.4	 1 279445511 20450191
 12885316	 0.3448276	 153159 238099 1194192	 1 0.4	 1 279446155 20450191
 12885811	 0.3448276	 153190 238143 1194244	 1 0.4	 1 279446461 20450191
 12886314	 0.8965517	 153225 238187 1194293	 1 0.4	 1 279446951 20450191
 12886809	 0.3448276	 153259 238231 1194344	 1 0.4	 1 279447257 20450191
 12887313	 0.8965517	 153291 238270 1194391	 1 0.4	 1 279447349 20450191
 12887811	 0.3448276	 153346 238336 1194463	 1 0.4	 1 279447625 20450191
 12888312	 0.8965517	 153363 238362 1194493	 1 0.4	 1 279447717 20450191
 12888815	 0.3448276	 153396 238404 1194544	 1 0.4	 1 279448031 20450191
 12889311	 0.8965517	 153424 238442 1194593	 1 0.4	 1 279448505 20450191
 12889819	 0.3448276	 153458 238483 1194644	 1 0.4	 1 279448635 20450191
 12890312	 0.8965517	 153494 238525 1194693	 1 0.4	 1 279448903 20450191
 12890812	 0.37931034	 153529 238569 1194744	 1 0.4	 1 279449041 20450191
 12891308	 0.62068963	 153559 238608 1194792	 1 0.4	 1 279449083 20450191
 12891808	 0.79310346	 153584 238648 1194841	 1 0.4	 1 279449213 20450191
 12892327	 0.8965517	 153613 238688 1194893	 1 0.4	 1 279449435 20450191
 12892813	 0.3448276	 153652 238734 1194944	 1 0.4	 1 279449549 20450191
 12893318	 0.8965517	 153686 238775 1194993	 1 0.4	 1 279449947 20450191
 12893811	 0.8965517	 153720 238818 1195044	 1 0.4	 1 279450169 20450191
 12894319	 0.8965517	 153745 238856 1195091	 1 0.4	 1 279450299 20450191
 12894829	 0.8965517	 153777 238899 1195143	 1 0.4	 1 279450667 20450191
 12895314	 0.3448276	 153810 238940 1195193	 1 0.4	 1 279450667 20450191
 12895844	 0.8965517	 153842 238983 1195244	 1 0.4	 1 279450851 20450191
 12896327	 0.3448276	 153878 239025 1195294	 1 0.4	 1 279450943 20450191
 12896811	 0.22000718	 153913 239070 1195347	 1 0.4	 1 279451081 20450191
 12897329	 0.3448276	 153949 239114 1195394	 1 0.4	 1 279451127 20450191
 12897810	 0.8965517	 153981 239154 1195443	 1 0.4	 1 279451173 20450191
 12898315	 0.51724136	 154016 239199 1195494	 1 0.4	 1 279451265 20450191
 12898809	 0.4827586	 154050 239242 1195544	 1 0.4	 1 279451449 20450191
 12899311	 0.51724136	 154083 239283 1195592	 1 0.4	 1 279451633 20450191
 12899822	 0.3448276	 154117 239329 1195643	 1 0.4	 1 279451679 20450191
 12900309	 0.37931034	 154151 239370 1195694	 1 0.4	 1 279451909 20450191
 12900808	 0.55172414	 154177 239411 1195743	 1 0.4	 1 279452047 20450191
 12901331	 0.8965517	 154210 239452 1195793	 1 0.4	 1 279452185 20450191
 12901809	 0.37931034	 154248 239498 1195844	 1 0.4	 1 279452231 20450191
 12902309	 0.5862069	 154279 239538 1195892	 1 0.4	 1 279452415 20450191
 12902811	 0.8965517	 154313 239577 1195942	 1 0.4	 1 279452691 20450269
 12903312	 0.55172414	 154346 239624 1195993	 1 0.4	 1 279458541 20451032
 12903813	 0.8965517	 154383 239671 1196041	 1 0.4	 1 279459020 20451370
 12904354	 0.8965517	 154418 239722 1196098	 1 0.4	 1 279459499 20452630
 12904816	 0.8965517	 154442 239753 1196141	 1 0.4	 1 279460802 20452700
 12905326	 0.8965517	 154468 239792 1196194	 1 0.4	 1 279461078 20452700
 12905810	 0.8965517	 154506 239840 1196242	 1 0.4	 1 279461308 20452778
 12906313	 0.8965517	 154566 239907 1196309	 1 0.4	 1 279461810 20452778
 12906808	 0.8965517	 154597 239940 1196342	 1 0.4	 1 279461944 20452778
 12907316	 0.8965517	 154638 239989 1196391	 1 0.4	 1 279462078 20452778
 12907808	 0.8965517	 154681 240040 1196442	 1 0.4	 1 279462392 20452778
 12908310	 0.8965517	 154721 240089 1196491	 1 0.4	 1 279462606 20452778
 12908812	 0.8965517	 154767 240139 1196541	 1 0.4	 1 279462644 20452778
 12909307	 0.8965517	 154809 240190 1196592	 1 0.4	 1 279462766 20452778
 12909809	 0.8965517	 154852 240239 1196641	 1 0.4	 1 279462850 20452778
 12910312	 0.8965517	 154895 240289 1196691	 1 0.4	 1 279462942 20452778
 12910820	 0.8965517	 154933 240344 1196754	 1 0.4	 1 279463072 20452778
 12911335	 0.8965517	 154940 240355 1196794	 1 0.4	 1 279463110 20452778
 12911809	 0.8965517	 154973 240397 1196842	 1 0.4	 1 279463316 20452778
 12912311	 0.8965517	 155006 240439 1196897	 1 0.4	 1 279463522 20452778
 12912821	 0.8965517	 155033 240475 1196947	 1 0.4	 1 279463744 20452778
 12913337	 0.22000718	 155040 240487 1196994	 1 0.4	 1 279464058 20452778
 12913811	 0.8965517	 155045 240496 1197043	 1 0.4	 1 279464104 20452778
 12914321	 0.22000718	 155052 240508 1197095	 1 0.4	 1 279464472 20452778
 12914831	 0.22000718	 155060 240520 1197145	 1 0.4	 1 279464472 20452778
 12915334	 0.22000718	 155067 240531 1197194	 1 0.4	 1 279464748 20452778
 12915811	 0.22000718	 155083 240550 1197244	 1 0.4	 1 279464840 20452778
 12916314	 0.8965517	 155105 240586 1197305	 1 0.4	 1 279465070 20452778
