up_time cpu_freq utime work_time total_time screen_on brightness wifi_on wifi_rx_bytes wifi_tx_bytes
 2089785	 0.5862069	 11596 31668 208695	 1 0.00392156862745098	 0 0 0
 2090283	 0.22000718	 11603 31681 208744	 1 0.00392156862745098	 0 0 0
 2090762	 0.22000718	 11608 31692 208793	 1 0.00392156862745098	 0 0 0
 2091244	 0.22000718	 11639 31733 208846	 1 0.00392156862745098	 0 0 0
 2091766	 0.22000718	 11647 31748 208892	 1 0.00392156862745098	 0 0 0
 2092253	 0.44827586	 11669 31786 208941	 1 0.00392156862745098	 0 0 0
 2092745	 0.5862069	 11693 31820 208991	 1 0.00392156862745098	 0 0 0
 2093255	 0.5862069	 11700 31831 209041	 1 0.00392156862745098	 0 0 0
 2093745	 0.22000718	 11710 31843 209091	 1 0.00392156862745098	 0 0 0
 2094245	 0.22000718	 11718 31854 209141	 1 0.00392156862745098	 0 0 0
 2094755	 0.22000718	 11726 31866 209191	 1 0.00392156862745098	 0 0 0
 2095245	 0.22000718	 11741 31884 209248	 1 0.00392156862745098	 0 0 0
 2095747	 0.5862069	 11759 31916 209290	 1 0.00392156862745098	 0 0 0
 2096249	 0.5862069	 11764 31965 209339	 1 0.00392156862745098	 0 0 0
 2096738	 0.5862069	 11767 32015 209389	 1 0.00392156862745098	 0 0 0
 2097242	 0.5862069	 11772 32064 209438	 1 0.00392156862745098	 0 0 0
 2097749	 0.5862069	 11778 32114 209488	 1 0.00392156862745098	 0 0 0
 2098242	 0.5862069	 11781 32165 209539	 1 0.00392156862745098	 0 0 0
 2098739	 0.5862069	 11786 32215 209589	 1 0.00392156862745098	 0 0 0
 2099242	 0.5862069	 11796 32271 209645	 1 0.00392156862745098	 0 0 0
 2099740	 0.5862069	 11800 32315 209689	 1 0.00392156862745098	 0 0 0
 2100246	 0.5862069	 11805 32364 209738	 1 0.00392156862745098	 0 0 0
 2100748	 0.5862069	 11810 32414 209788	 1 0.00392156862745098	 0 0 0
 2101252	 0.5862069	 11817 32465 209839	 1 0.00392156862745098	 0 0 0
 2101749	 0.5862069	 11821 32514 209888	 1 0.00392156862745098	 0 0 0
 2102242	 0.5862069	 11825 32564 209938	 1 0.00392156862745098	 0 0 0
 2102742	 0.5862069	 11830 32614 209988	 1 0.00392156862745098	 0 0 0
 2103246	 0.5862069	 11834 32664 210038	 1 0.00392156862745098	 0 0 0
 2103749	 0.5862069	 11845 32714 210088	 1 0.00392156862745098	 0 0 0
 2104242	 0.5862069	 11851 32765 210139	 1 0.00392156862745098	 0 0 0
 2104743	 0.5862069	 11854 32814 210188	 1 0.00392156862745098	 0 0 0
 2105249	 0.5862069	 11861 32864 210238	 1 0.00392156862745098	 0 0 0
 2105751	 0.5862069	 11866 32915 210289	 1 0.00392156862745098	 0 0 0
 2106249	 0.5862069	 11870 32964 210338	 1 0.00392156862745098	 0 0 0
 2106743	 0.5862069	 11876 33014 210388	 1 0.00392156862745098	 0 0 0
 2107242	 0.5862069	 11882 33064 210438	 1 0.00392156862745098	 0 0 0
 2107749	 0.5862069	 11893 33115 210489	 1 0.00392156862745098	 0 0 0
 2108242	 0.5862069	 11906 33173 210547	 1 0.00392156862745098	 0 0 0
 2108742	 0.5862069	 11910 33214 210588	 1 0.00392156862745098	 0 0 0
 2109242	 0.5862069	 11914 33264 210638	 1 0.00392156862745098	 0 0 0
 2109745	 0.5862069	 11917 33314 210688	 1 0.00392156862745098	 0 0 0
 2110249	 0.5862069	 11921 33364 210738	 1 0.00392156862745098	 0 0 0
 2110749	 0.5862069	 11926 33414 210788	 1 0.00392156862745098	 0 0 0
 2111254	 0.5862069	 11930 33465 210839	 1 0.00392156862745098	 0 0 0
 2111829	 0.5862069	 11939 33522 210896	 1 0.00392156862745098	 0 0 0
 2112239	 0.5862069	 11944 33565 210939	 1 0.00392156862745098	 0 0 0
 2112746	 0.5862069	 11947 33614 210988	 1 0.00392156862745098	 0 0 0
 2113242	 0.5862069	 11951 33665 211039	 1 0.00392156862745098	 0 0 0
 2113742	 0.5862069	 11955 33714 211088	 1 0.00392156862745098	 0 0 0
 2114249	 0.5862069	 11960 33764 211138	 1 0.00392156862745098	 0 0 0
 2114740	 0.5862069	 11962 33815 211189	 1 0.00392156862745098	 0 0 0
 2115242	 0.5862069	 11966 33865 211239	 1 0.00392156862745098	 0 0 0
 2115739	 0.5862069	 11975 33921 211295	 1 0.00392156862745098	 0 0 0
 2116242	 0.5862069	 11979 33965 211339	 1 0.00392156862745098	 0 0 0
 2116743	 0.5862069	 11984 34014 211388	 1 0.00392156862745098	 0 0 0
 2117244	 0.5862069	 11990 34063 211437	 1 0.00392156862745098	 0 0 0
 2117742	 0.5862069	 11995 34114 211488	 1 0.00392156862745098	 0 0 0
 2118252	 0.5862069	 12000 34165 211539	 1 0.00392156862745098	 0 0 0
 2118739	 0.5862069	 12006 34215 211589	 1 0.00392156862745098	 0 0 0
 2119246	 0.5862069	 12011 34264 211638	 1 0.00392156862745098	 0 0 0
 2119758	 0.5862069	 12023 34321 211695	 1 0.00392156862745098	 0 0 0
 2120246	 0.5862069	 12026 34364 211738	 1 0.00392156862745098	 0 0 0
 2120742	 0.5862069	 12031 34415 211789	 1 0.00392156862745098	 0 0 0
 2121242	 0.5862069	 12036 34465 211839	 1 0.00392156862745098	 0 0 0
 2121749	 0.5862069	 12040 34514 211888	 1 0.00392156862745098	 0 0 0
 2122244	 0.5862069	 12045 34565 211939	 1 0.00392156862745098	 0 0 0
 2122746	 0.5862069	 12048 34614 211988	 1 0.00392156862745098	 0 0 0
 2123242	 0.5862069	 12053 34665 212039	 1 0.00392156862745098	 0 0 0
 2123745	 0.5862069	 12057 34715 212089	 1 0.00392156862745098	 0 0 0
 2124242	 0.5862069	 12069 34764 212138	 1 0.00392156862745098	 0 0 0
 2124738	 0.5862069	 12073 34815 212189	 1 0.00392156862745098	 0 0 0
 2125243	 0.5862069	 12077 34864 212238	 1 0.00392156862745098	 0 0 0
 2125748	 0.5862069	 12083 34914 212288	 1 0.00392156862745098	 0 0 0
 2126239	 0.5862069	 12087 34965 212339	 1 0.00392156862745098	 0 0 0
 2126759	 0.5862069	 12112 35004 212392	 1 0.00392156862745098	 0 0 0
 2127249	 0.22000718	 12129 35033 212443	 1 0.00392156862745098	 0 0 0
 2127756	 0.3448276	 12143 35059 212492	 1 0.00392156862745098	 0 0 0
 2128254	 0.22000718	 12164 35092 212541	 1 0.00392156862745098	 0 0 0
 2128756	 0.22000718	 12173 35109 212593	 1 0.00392156862745098	 0 0 0
 2129261	 0.22000718	 12200 35148 212644	 1 0.00392156862745098	 0 0 0
 2129746	 0.5862069	 12211 35176 212691	 1 0.00392156862745098	 0 0 0
 2130254	 0.22000718	 12239 35215 212742	 1 0.00392156862745098	 0 0 0
