up_time cpu_freq utime work_time total_time screen_on brightness wifi_on wifi_rx_bytes wifi_tx_bytes
 4390043	 0.8965517	 15361 37985 347584	 1 0.00392156862745098	 1 130700671 3046792
 4390531	 0.8965517	 15370 37998 347632	 1 0.00392156862745098	 1 130701261 3046792
 4391000	 0.22000718	 15378 38006 347680	 1 0.00392156862745098	 1 130701675 3046792
 4391511	 0.8965517	 15398 38035 347732	 1 0.00392156862745098	 1 130702319 3046792
 4392014	 0.22000718	 15413 38055 347782	 1 0.00392156862745098	 1 130702671 3046792
 4392492	 0.51724136	 15428 38091 347831	 1 0.00392156862745098	 1 130703223 3046792
 4392991	 0.8965517	 15456 38127 347882	 1 0.00392156862745098	 1 130703775 3046792
 4393502	 0.22000718	 15463 38140 347932	 1 0.00392156862745098	 1 130703959 3046792
 4393987	 0.8965517	 15471 38160 347979	 1 0.00392156862745098	 1 130704441 3046838
 4394517	 0.8965517	 15480 38177 348032	 1 0.00392156862745098	 1 130705175 3047236
 4395004	 0.8965517	 15500 38223 348091	 1 0.00392156862745098	 1 131320285 3062128
 4395527	 0.8965517	 15510 38254 348132	 1 0.00392156862745098	 1 131963687 3075988
 4396011	 0.8965517	 15518 38289 348176	 1 0.00392156862745098	 1 132746837 3094074
 4396508	 0.55172414	 15530 38333 348229	 1 0.00392156862745098	 1 133646965 3114164
 4397023	 0.8965517	 15541 38372 348272	 1 0.00392156862745098	 1 134454162 3133134
 4397536	 0.8965517	 15550 38406 348324	 1 0.00392156862745098	 1 134916500 3145368
 4398014	 0.8965517	 15569 38431 348379	 1 0.00392156862745098	 1 134963509 3146698
 4398491	 0.22000718	 15576 38443 348423	 1 0.00392156862745098	 1 134963919 3146698
 4399005	 0.22000718	 15583 38453 348471	 1 0.00392156862745098	 1 134964099 3146698
 4399486	 0.22000718	 15588 38466 348522	 1 0.00392156862745098	 1 134964401 3146698
 4400008	 0.22000718	 15596 38476 348571	 1 0.00392156862745098	 1 134964447 3146698
 4400505	 0.22000718	 15605 38490 348621	 1 0.00392156862745098	 1 134964723 3146698
 4400990	 0.8965517	 15616 38507 348678	 1 0.00392156862745098	 1 134964861 3146698
 4401491	 0.8965517	 15621 38517 348721	 1 0.00392156862745098	 1 134965121 3146698
 4402017	 0.22000718	 15632 38529 348772	 1 0.00392156862745098	 1 134965489 3146698
 4402486	 0.22000718	 15640 38541 348822	 1 0.00392156862745098	 1 134966363 3146698
 4403000	 0.22000718	 15650 38556 348871	 1 0.00392156862745098	 1 134966593 3146698
 4403502	 0.22000718	 15655 38566 348921	 1 0.00392156862745098	 1 134967053 3146698
 4403991	 0.22000718	 15660 38578 348972	 1 0.00392156862745098	 1 134971761 3147082
 4404514	 0.8965517	 15676 38619 349023	 1 0.00392156862745098	 1 135747993 3165410
 4405026	 0.8965517	 15687 38655 349065	 1 0.00392156862745098	 1 136578155 3183168
 4405498	 0.8965517	 15701 38695 349113	 1 0.00392156862745098	 1 137513749 3203468
 4405986	 0.8965517	 15710 38733 349155	 1 0.00392156862745098	 1 138285529 3220338
 4406484	 0.8965517	 15717 38773 349205	 1 0.00392156862745098	 1 139122354 3240428
 4407001	 0.22000718	 15724 38788 349260	 1 0.00392156862745098	 1 139222209 3243228
 4407491	 0.22000718	 15737 38802 349309	 1 0.00392156862745098	 1 139222645 3243228
 4407991	 0.22000718	 15743 38813 349360	 1 0.00392156862745098	 1 139222775 3243228
 4408491	 0.22000718	 15748 38822 349408	 1 0.00392156862745098	 1 139223135 3243228
 4409005	 0.22000718	 15756 38832 349458	 1 0.00392156862745098	 1 139223793 3243228
 4409494	 0.8965517	 15764 38841 349507	 1 0.00392156862745098	 1 139224153 3243228
 4409990	 0.22000718	 15770 38851 349558	 1 0.00392156862745098	 1 139224551 3243228
 4410485	 0.22000718	 15784 38867 349609	 1 0.00392156862745098	 1 139225279 3243228
 4410990	 0.22000718	 15792 38879 349659	 1 0.00392156862745098	 1 139225509 3243228
 4411501	 0.22000718	 15802 38893 349711	 1 0.00392156862745098	 1 139226291 3243228
 4412002	 0.22000718	 15809 38902 349758	 1 0.00392156862745098	 1 139226475 3243228
 4412511	 0.22000718	 15816 38914 349808	 1 0.00392156862745098	 1 139226873 3243228
 4412991	 0.8965517	 15824 38924 349858	 1 0.00392156862745098	 1 139227309 3243228
 4413560	 0.8965517	 15832 38938 349911	 1 0.00392156862745098	 1 139227531 3243228
 4413995	 0.22000718	 15838 38952 349960	 1 0.00392156862745098	 1 139232307 3243612
 4414536	 0.8965517	 15848 38988 350006	 1 0.00392156862745098	 1 140041475 3263664
 4415045	 0.8965517	 15856 39032 350056	 1 0.00392156862745098	 1 140851581 3281340
 4415519	 0.7586207	 15869 39076 350104	 1 0.00392156862745098	 1 141683077 3299250
 4415986	 0.8965517	 15878 39112 350150	 1 0.00392156862745098	 1 142420503 3317970
 4416484	 0.8965517	 15899 39161 350203	 1 0.00392156862745098	 1 143285806 3337920
 4416990	 0.22000718	 15906 39181 350247	 1 0.00392156862745098	 1 143485581 3343170
 4417505	 0.22000718	 15914 39193 350296	 1 0.00392156862745098	 1 143486501 3343170
 4417990	 0.22000718	 15919 39203 350346	 1 0.00392156862745098	 1 143486639 3343170
 4418491	 0.22000718	 15927 39214 350397	 1 0.00392156862745098	 1 143487513 3343170
 4419001	 0.22000718	 15934 39225 350446	 1 0.00392156862745098	 1 143488003 3343170
 4419509	 0.22000718	 15947 39242 350502	 1 0.00392156862745098	 1 143488631 3343170
 4420017	 0.22000718	 15954 39253 350547	 1 0.00392156862745098	 1 143489397 3343170
 4420490	 0.22000718	 15959 39264 350596	 1 0.00392156862745098	 1 143490033 3343170
 4421005	 0.22000718	 15966 39274 350646	 1 0.00392156862745098	 1 143490309 3343170
 4421500	 0.22000718	 15975 39285 350697	 1 0.00392156862745098	 1 143490447 3343170
 4422000	 0.22000718	 15982 39298 350747	 1 0.00392156862745098	 1 143490769 3343170
 4422486	 0.22000718	 15991 39314 350802	 1 0.00392156862745098	 1 143491045 3343170
 4423012	 0.22000718	 15998 39324 350847	 1 0.00392156862745098	 1 143491643 3343170
 4423517	 0.22000718	 16003 39332 350895	 1 0.00392156862745098	 1 143491781 3343170
 4424015	 0.22000718	 16010 39345 350947	 1 0.00392156862745098	 1 143496259 3343554
 4424491	 0.8965517	 16018 39380 350989	 1 0.00392156862745098	 1 144256839 3361438
 4425011	 0.8965517	 16027 39421 351036	 1 0.00392156862745098	 1 145177521 3381948
 4425511	 0.8965517	 16037 39462 351086	 1 0.00392156862745098	 1 146108829 3403088
 4426038	 0.8965517	 16049 39498 351132	 1 0.00392156862745098	 1 146970267 3422268
 4426515	 0.8965517	 16064 39540 351180	 1 0.00392156862745098	 1 147745629 3439628
 4426991	 0.8965517	 16070 39548 351228	 1 0.00392156862745098	 1 147745759 3439628
 4427506	 0.22000718	 16080 39559 351279	 1 0.00392156862745098	 1 147746069 3439628
 4428008	 0.22000718	 16086 39568 351328	 1 0.00392156862745098	 1 147746473 3439628
 4428505	 0.22000718	 16093 39579 351379	 1 0.00392156862745098	 1 147746595 3439628
 4429010	 0.22000718	 16106 39595 351431	 1 0.00392156862745098	 1 147746931 3439628
 4429491	 0.8965517	 16112 39604 351479	 1 0.00392156862745098	 1 147746969 3439628
 4430005	 0.22000718	 16118 39613 351529	 1 0.00392156862745098	 1 147747107 3439628
 4430500	 0.22000718	 16124 39624 351580	 1 0.00392156862745098	 1 147747191 3439628
 4431013	 0.8965517	 16132 39632 351628	 1 0.00392156862745098	 1 147747191 3439628
 4431490	 0.22000718	 16140 39645 351679	 1 0.00392156862745098	 1 147747375 3439628
 4432005	 0.22000718	 16154 39664 351729	 1 0.00392156862745098	 1 147747881 3439628
 4432505	 0.22000718	 16160 39674 351779	 1 0.00392156862745098	 1 147747973 3439628
 4433002	 0.22000718	 16166 39686 351830	 1 0.00392156862745098	 1 147748249 3439628
 4433491	 0.22000718	 16170 39695 351879	 1 0.00392156862745098	 1 147748379 3439628
 4434013	 0.8965517	 16175 39706 351927	 1 0.00392156862745098	 1 147749081 3440012
 4434510	 0.8965517	 16186 39753 351979	 1 0.00392156862745098	 1 148653909 3460148
 4434992	 0.8965517	 16203 39793 352027	 1 0.00392156862745098	 1 149395803 3477792
 4435511	 0.41379312	 16211 39829 352072	 1 0.00392156862745098	 1 150214503 3499024
 4436004	 0.79310346	 16222 39870 352117	 1 0.00392156862745098	 1 151008766 3515474
 4436489	 0.8965517	 16229 39903 352158	 1 0.00392156862745098	 1 151693514 3531224
 4436990	 0.22000718	 16239 39928 352208	 1 0.00392156862745098	 1 152007131 3540000
 4437509	 0.22000718	 16244 39938 352258	 1 0.00392156862745098	 1 152007353 3540000
 4438005	 0.22000718	 16256 39954 352313	 1 0.00392156862745098	 1 152007399 3540000
 4438510	 0.22000718	 16264 39964 352359	 1 0.00392156862745098	 1 152007537 3540000
 4439004	 0.22000718	 16271 39975 352409	 1 0.00392156862745098	 1 152007583 3540000
 4439491	 0.22000718	 16279 39987 352459	 1 0.00392156862745098	 1 152007629 3540000
 4439985	 0.22000718	 16282 39997 352508	 1 0.00392156862745098	 1 152007805 3540000
 4440505	 0.22000718	 16289 40007 352557	 1 0.00392156862745098	 1 152007805 3540000
 4440991	 0.22000718	 16294 40017 352607	 1 0.00392156862745098	 1 152007897 3540000
 4441509	 0.22000718	 16306 40033 352658	 1 0.00392156862745098	 1 152008249 3540000
 4442011	 0.8965517	 16313 40044 352708	 1 0.00392156862745098	 1 152008379 3540000
 4442490	 0.22000718	 16319 40054 352757	 1 0.00392156862745098	 1 152008639 3540000
 4442986	 0.22000718	 16326 40065 352807	 1 0.00392156862745098	 1 152008685 3540000
 4443503	 0.8965517	 16330 40076 352857	 1 0.00392156862745098	 1 152009091 3540000
 4444026	 0.8965517	 16334 40087 352907	 1 0.00392156862745098	 1 152022449 3541232
 4444513	 0.8965517	 16349 40131 352956	 1 0.00392156862745098	 1 152801339 3558338
 4444987	 0.8965517	 16356 40175 353003	 1 0.00392156862745098	 1 153635871 3576538
 4445488	 0.8965517	 16369 40213 353052	 1 0.00392156862745098	 1 154541565 3596768
 4446011	 0.8965517	 16379 40261 353103	 1 0.00392156862745098	 1 155469983 3617488
 4446488	 0.8965517	 16393 40295 353146	 1 0.00392156862745098	 1 156262327 3636318
 4447008	 0.8965517	 16399 40305 353199	 1 0.00392156862745098	 1 156262511 3636318
 4447491	 0.8965517	 16409 40319 353253	 1 0.00392156862745098	 1 156262787 3636318
 4448012	 0.22000718	 16416 40331 353302	 1 0.00392156862745098	 1 156263063 3636318
 4448516	 0.22000718	 16423 40342 353350	 1 0.00392156862745098	 1 156263109 3636318
 4449005	 0.22000718	 16426 40353 353399	 1 0.00392156862745098	 1 156263499 3636318
 4449503	 0.8965517	 16441 40370 353457	 1 0.00392156862745098	 1 156263889 3636318
 4450008	 0.22000718	 16448 40381 353500	 1 0.00392156862745098	 1 156264011 3636318
 4450500	 0.22000718	 16458 40397 353554	 1 0.00392156862745098	 1 156264125 3636318
 4450986	 0.22000718	 16464 40408 353600	 1 0.00392156862745098	 1 156264171 3636318
 4451485	 0.22000718	 16474 40420 353652	 1 0.00392156862745098	 1 156264309 3636318
 4452002	 0.8965517	 16478 40430 353700	 1 0.00392156862745098	 1 156264715 3636318
 4452517	 0.22000718	 16482 40441 353751	 1 0.00392156862745098	 1 156264899 3636318
 4453004	 0.22000718	 16488 40450 353800	 1 0.00392156862745098	 1 156265175 3636318
 4453486	 0.22000718	 16495 40461 353850	 1 0.00392156862745098	 1 156265451 3636318
 4453990	 0.8965517	 16507 40477 353900	 1 0.00392156862745098	 1 156265635 3636318
 4454500	 0.22000718	 16529 40513 353951	 1 0.00392156862745098	 1 156265635 3636318
 4455015	 0.8965517	 16544 40537 354000	 1 0.00392156862745098	 1 156265681 3636318
 4455487	 0.8965517	 16561 40567 354047	 1 0.00392156862745098	 1 156265773 3636318
 4456001	 0.22000718	 16568 40584 354100	 1 0.00392156862745098	 1 156265865 3636318
 4456513	 0.22000718	 16575 40595 354151	 1 0.00392156862745098	 1 156265949 3636318
 4457000	 0.22000718	 16585 40609 354205	 1 0.00392156862745098	 1 156266267 3636318
 4457501	 0.8965517	 16592 40621 354251	 1 0.00392156862745098	 1 156266673 3636318
 4458000	 0.8965517	 16604 40644 354301	 1 0.00392156862745098	 1 156266853 3636318
 4458485	 0.22000718	 16621 40667 354352	 1 0.00392156862745098	 1 156267267 3636318
 4459018	 0.22000718	 16636 40690 354401	 1 0.00392156862745098	 1 156267811 3636318
 4459504	 0.22000718	 16651 40714 354450	 1 0.00392156862745098	 1 156268025 3636318
 4460003	 0.22000718	 16658 40727 354501	 1 0.00392156862745098	 1 156268649 3636318
 4460501	 0.3448276	 16675 40748 354549	 1 0.00392156862745098	 1 156269177 3636318
 4461021	 0.8965517	 16691 40771 354604	 1 0.00392156862745098	 1 156269453 3636318
 4461491	 0.22000718	 16712 40805 354651	 1 0.00392156862745098	 1 156269821 3636318
 4462008	 0.22000718	 16720 40819 354700	 1 0.00392156862745098	 1 156270051 3636318
 4462485	 0.8965517	 16736 40841 354748	 1 0.00392156862745098	 1 156270511 3636318
 4462990	 0.22000718	 16760 40873 354801	 1 0.00392156862745098	 1 156271155 3636318
 4463486	 0.8965517	 16772 40893 354850	 1 0.00392156862745098	 1 156271507 3636318
