up_time cpu_freq utime work_time total_time screen_on brightness wifi_on wifi_rx_bytes wifi_tx_bytes
 11075696	 0.8965517	 117586 190975 1013403	 1 0.4	 1 272239236 20268289
 11076173	 0.8965517	 117594 190987 1013451	 1 0.4	 1 272239508 20268289
 11076640	 0.22000718	 117599 190997 1013501	 1 0.4	 1 272239730 20268289
 11077150	 0.22000718	 117607 191009 1013553	 1 0.4	 1 272240028 20268289
 11077638	 0.37931034	 117630 191041 1013609	 1 0.4	 1 272240510 20268289
 11078141	 0.22000718	 117642 191056 1013652	 1 0.4	 1 272240640 20268289
 11078637	 0.8965517	 117674 191094 1013698	 1 0.4	 1 272240916 20268289
 11079140	 0.22000718	 117704 191137 1013751	 1 0.4	 1 272241238 20268289
 11079645	 0.8965517	 117715 191161 1013803	 1 0.4	 1 272241330 20268289
 11080130	 0.8965517	 117758 191216 1013858	 1 0.4	 1 272241606 20268289
 11080634	 0.8965517	 117795 191260 1013902	 1 0.4	 1 272241744 20268289
 11081137	 0.79310346	 117834 191305 1013947	 1 0.4	 1 272242020 20269127
 11081637	 0.8965517	 117871 191356 1013998	 1 0.4	 1 272242467 20269357
 11082137	 0.8965517	 117905 191403 1014046	 1 0.4	 1 272247363 20270545
 11082637	 0.79310346	 117928 191436 1014097	 1 0.4	 1 272249968 20272574
 11083132	 0.3448276	 117949 191473 1014149	 1 0.4	 1 272260174 20273064
 11083633	 0.8965517	 117977 191510 1014196	 1 0.4	 1 272260358 20273064
 11084150	 0.22000718	 117998 191536 1014264	 1 0.4	 1 272260450 20273064
 11084651	 0.8965517	 118009 191551 1014299	 1 0.4	 1 272260542 20273064
 11085134	 0.22000718	 118017 191563 1014350	 1 0.4	 1 272260772 20273064
 11085636	 0.79310346	 118031 191589 1014396	 1 0.4	 1 272260864 20273064
 11086134	 0.8965517	 118056 191625 1014450	 1 0.4	 1 272263104 20274292
 11086659	 0.8965517	 118073 191646 1014501	 1 0.4	 1 272263288 20274292
 11087133	 0.8965517	 118095 191674 1014547	 1 0.4	 1 272263380 20274292
 11087644	 0.8965517	 118120 191706 1014600	 1 0.4	 1 272263610 20274292
 11088160	 0.22000718	 118138 191729 1014650	 1 0.4	 1 272264024 20274292
 11088643	 0.8965517	 118153 191750 1014697	 1 0.4	 1 272264254 20274292
 11089159	 0.8965517	 118179 191779 1014748	 1 0.4	 1 272264392 20274292
 11089631	 0.22000718	 118195 191801 1014799	 1 0.4	 1 272264576 20274292
 11090143	 0.8965517	 118216 191825 1014853	 1 0.4	 1 272264668 20274292
 11090671	 0.8965517	 118227 191842 1014898	 1 0.4	 1 272264714 20274292
 11091162	 0.8965517	 118245 191862 1014947	 1 0.4	 1 272264760 20274292
 11091703	 0.8965517	 118260 191883 1015001	 1 0.4	 1 272264806 20274292
 11092178	 0.8965517	 118284 191908 1015048	 1 0.4	 1 272264944 20274292
 11092677	 0.8965517	 118301 191931 1015099	 1 0.4	 1 272265082 20274292
 11093133	 0.8965517	 118321 191958 1015150	 1 0.4	 1 272265174 20274292
 11093670	 0.8965517	 118345 191987 1015207	 1 0.4	 1 272265312 20274292
 11094174	 0.8965517	 118360 192008 1015250	 1 0.4	 1 272265404 20274292
 11094652	 0.8965517	 118378 192031 1015298	 1 0.4	 1 272265572 20274292
 11095156	 0.8965517	 118393 192051 1015348	 1 0.4	 1 272265664 20274292
 11095694	 0.8965517	 118409 192071 1015399	 1 0.4	 1 272265924 20274292
 11096163	 0.8965517	 118427 192092 1015448	 1 0.4	 1 272266008 20274292
 11096704	 0.8965517	 118440 192116 1015502	 1 0.4	 1 272266100 20274292
 11097137	 0.8965517	 118473 192159 1015545	 1 0.4	 1 272266146 20274292
 11097638	 0.8965517	 118516 192211 1015597	 1 0.4	 1 272266192 20274292
 11098201	 0.8965517	 118554 192260 1015668	 1 0.4	 1 272266468 20274292
 11098672	 0.22000718	 118568 192280 1015700	 1 0.4	 1 272266514 20274292
 11099169	 0.22000718	 118588 192304 1015751	 1 0.4	 1 272266606 20274292
 11099689	 0.8965517	 118611 192336 1015802	 1 0.4	 1 272266606 20274292
 11100134	 0.44827586	 118637 192369 1015847	 1 0.4	 1 272266744 20274292
 11100640	 0.8965517	 118656 192391 1015897	 1 0.4	 1 272266836 20274292
 11101131	 0.8965517	 118680 192431 1015944	 1 0.4	 1 272270751 20274889
 11101632	 0.8965517	 118721 192482 1015996	 1 0.4	 1 272272037 20274959
 11102153	 0.22000718	 118738 192520 1016048	 1 0.4	 1 272273917 20278590
 11102633	 0.82758623	 118755 192547 1016092	 1 0.4	 1 272296603 20279220
 11103168	 0.22000718	 118784 192587 1016147	 1 0.4	 1 272297210 20279513
 11103673	 0.8965517	 118803 192613 1016196	 1 0.4	 1 272297486 20279513
 11104159	 0.8965517	 118816 192638 1016247	 1 0.4	 1 272297762 20279513
 11104662	 0.8965517	 118836 192668 1016295	 1 0.4	 1 272297854 20279513
 11105170	 0.8965517	 118856 192695 1016347	 1 0.4	 1 272297946 20279513
 11105675	 0.8965517	 118868 192716 1016396	 1 0.4	 1 272298084 20279513
 11106146	 0.8965517	 118893 192752 1016446	 1 0.4	 1 272728184 20289951
 11106644	 0.22000718	 118912 192786 1016495	 1 0.4	 1 272789318 20290581
 11107135	 0.22000718	 118927 192809 1016546	 1 0.4	 1 272789646 20290651
 11107662	 0.8965517	 118957 192849 1016609	 1 0.4	 1 272857462 20292471
 11108131	 0.4827586	 118972 192878 1016644	 1 0.4	 1 273022970 20294711
 11108669	 0.3448276	 118994 192916 1016695	 1 0.4	 1 273188784 20297091
 11109132	 0.3448276	 119013 192951 1016741	 1 0.4	 1 273271622 20298281
 11109665	 0.8965517	 119042 192994 1016793	 1 0.4	 1 273437388 20301221
 11110135	 0.41379312	 119072 193032 1016841	 1 0.4	 1 273543202 20304091
 11110655	 0.8965517	 119104 193075 1016892	 1 0.4	 1 273681524 20306191
 11111154	 0.8965517	 119131 193111 1016941	 1 0.4	 1 273683052 20306261
 11111650	 0.4827586	 119160 193151 1016994	 1 0.4	 1 273848742 20309271
 11112159	 0.8965517	 119191 193197 1017043	 1 0.4	 1 273931724 20311021
 11112638	 0.8965517	 119229 193243 1017091	 1 0.4	 1 274014530 20312771
 11113142	 0.4827586	 119262 193284 1017141	 1 0.4	 1 274015010 20312841
 11113645	 0.55172414	 119298 193330 1017191	 1 0.4	 1 274096428 20314591
 11114145	 0.5862069	 119328 193371 1017239	 1 0.4	 1 274179502 20315851
 11114641	 0.5862069	 119361 193413 1017288	 1 0.4	 1 274253533 20317531
 11115136	 0.5862069	 119396 193458 1017338	 1 0.4	 1 274253877 20317531
 11115634	 0.5862069	 119432 193504 1017388	 1 0.4	 1 274253975 20317601
 11116147	 0.5862069	 119470 193551 1017439	 1 0.4	 1 274254127 20317601
 11116633	 0.62068963	 119505 193592 1017488	 1 0.4	 1 274254471 20317601
 11117166	 0.8965517	 119543 193641 1017552	 1 0.4	 1 274254647 20317601
 11117645	 0.55172414	 119558 193661 1017588	 1 0.4	 1 274254785 20317601
 11118133	 0.8965517	 119577 193687 1017640	 1 0.4	 1 274254969 20317601
 11118651	 0.3448276	 119594 193715 1017688	 1 0.4	 1 274255199 20317601
 11119137	 0.62068963	 119619 193751 1017736	 1 0.4	 1 274255429 20317601
 11119636	 0.8965517	 119655 193801 1017787	 1 0.4	 1 274256521 20319431
 11120131	 0.8965517	 119686 193853 1017839	 1 0.4	 1 274290682 20321762
 11120635	 0.8965517	 119724 193901 1017887	 1 0.4	 1 274291280 20321832
 11121133	 0.8965517	 119769 193950 1017936	 1 0.4	 1 274295716 20322459
 11121648	 0.22000718	 119800 194001 1017990	 1 0.4	 1 275486466 20344810
 11122661	 0.8965517	 119838 194099 1018088	 1 0.4	 1 276384162 20356430
 11123191	 0.22000718	 119859 194140 1018139	 1 0.4	 1 276395396 20356500
 11123719	 0.8965517	 119889 194178 1018197	 1 0.4	 1 276395718 20356500
 11124133	 0.8965517	 119918 194211 1018230	 1 0.4	 1 276395902 20356500
 11124640	 0.22000718	 119951 194251 1018285	 1 0.4	 1 276396538 20356500
 11125161	 0.8965517	 119965 194272 1018331	 1 0.4	 1 276396676 20356500
 11125669	 0.8965517	 119986 194298 1018385	 1 0.4	 1 276396814 20356500
 11126168	 0.22000718	 120005 194323 1018436	 1 0.4	 1 276396958 20356640
 11126672	 0.8965517	 120024 194345 1018484	 1 0.4	 1 276397004 20356640
 11127132	 0.22000718	 120047 194372 1018533	 1 0.4	 1 276397050 20356640
 11127634	 0.8965517	 120063 194397 1018586	 1 0.4	 1 276397050 20356640
 11128194	 0.8965517	 120082 194422 1018634	 1 0.4	 1 276397376 20356780
 11128634	 0.22000718	 120106 194449 1018682	 1 0.4	 1 276397422 20356780
 11129144	 0.8965517	 120132 194478 1018732	 1 0.4	 1 276397468 20356780
 11129665	 0.8965517	 120154 194505 1018783	 1 0.4	 1 276397606 20356780
 11130159	 0.8965517	 120172 194529 1018834	 1 0.4	 1 276397882 20356780
 11130668	 0.8965517	 120191 194552 1018883	 1 0.4	 1 276398020 20356780
 11131150	 0.22000718	 120212 194578 1018935	 1 0.4	 1 276398526 20356780
 11131653	 0.8965517	 120238 194611 1018992	 1 0.4	 1 276398886 20356780
 11132176	 0.8965517	 120253 194629 1019034	 1 0.4	 1 276399024 20356780
 11132658	 0.22000718	 120271 194655 1019084	 1 0.4	 1 276399208 20356780
 11133130	 0.3448276	 120286 194675 1019130	 1 0.4	 1 276399484 20356780
 11133652	 0.8965517	 120306 194700 1019184	 1 0.4	 1 276399576 20356780
 11134135	 0.22000718	 120328 194727 1019234	 1 0.4	 1 276399760 20356780
 11134665	 0.8965517	 120348 194754 1019284	 1 0.4	 1 276399806 20356780
 11135158	 0.8965517	 120367 194781 1019334	 1 0.4	 1 276399898 20356780
 11135680	 0.8965517	 120390 194807 1019384	 1 0.4	 1 276400082 20356780
 11136163	 0.8965517	 120410 194831 1019432	 1 0.4	 1 276400450 20356780
 11136662	 0.8965517	 120438 194865 1019493	 1 0.4	 1 276400680 20356780
 11137176	 0.8965517	 120452 194883 1019532	 1 0.4	 1 276400910 20356780
 11137679	 0.8965517	 120465 194902 1019584	 1 0.4	 1 276401048 20356780
 11138163	 0.8965517	 120480 194922 1019635	 1 0.4	 1 276401324 20356780
 11138663	 0.8965517	 120493 194944 1019680	 1 0.4	 1 276401370 20356780
 11139164	 0.8965517	 120517 194970 1019731	 1 0.4	 1 276401692 20356780
 11139678	 0.8965517	 120535 194996 1019780	 1 0.4	 1 276401922 20356780
 11140169	 0.8965517	 120554 195022 1019829	 1 0.4	 1 276402014 20356780
 11140650	 0.8965517	 120571 195044 1019878	 1 0.4	 1 276402198 20356780
 11141169	 0.8965517	 120590 195069 1019930	 1 0.4	 1 276402474 20356780
 11141683	 0.8965517	 120614 195097 1019979	 1 0.4	 1 276402566 20356780
 11142177	 0.8965517	 120629 195118 1020030	 1 0.4	 1 276402704 20356780
 11142684	 0.8965517	 120643 195140 1020082	 1 0.4	 1 276402796 20356780
 11143162	 0.8965517	 120658 195160 1020129	 1 0.4	 1 276402964 20356780
 11143641	 0.8965517	 120677 195187 1020181	 1 0.4	 1 276403178 20356780
 11144173	 0.8965517	 120695 195212 1020231	 1 0.4	 1 276403308 20356780
 11144674	 0.8965517	 120716 195239 1020279	 1 0.4	 1 276403438 20356780
 11145150	 0.22000718	 120734 195265 1020328	 1 0.4	 1 276403484 20356780
 11145656	 0.8965517	 120758 195292 1020380	 1 0.4	 1 276403744 20356780
 11146262	 0.8965517	 120784 195323 1020437	 1 0.4	 1 276404672 20357291
 11146675	 0.8965517	 120801 195345 1020478	 1 0.4	 1 276404710 20357291
 11147178	 0.8965517	 120817 195369 1020528	 1 0.4	 1 276404916 20357291
 11147641	 0.8965517	 120834 195391 1020580	 1 0.4	 1 276405008 20357291
 11148172	 0.8965517	 120849 195410 1020629	 1 0.4	 1 276405146 20357291
 11148678	 0.8965517	 120869 195434 1020679	 1 0.4	 1 276405192 20357291
 11149188	 0.8965517	 120892 195460 1020731	 1 0.4	 1 276405406 20357291
 11149662	 0.22000718	 120917 195491 1020780	 1 0.4	 1 276405406 20357291
 11150181	 0.8965517	 120937 195518 1020830	 1 0.4	 1 276405544 20357291
 11150661	 0.8965517	 120960 195547 1020886	 1 0.4	 1 276405682 20357291
 11151140	 0.8965517	 120973 195566 1020928	 1 0.4	 1 276405812 20357291
 11151660	 0.22000718	 120995 195593 1020980	 1 0.4	 1 276406042 20357291
 11152171	 0.8965517	 121013 195615 1021028	 1 0.4	 1 276406218 20357291
 11152633	 0.8965517	 121029 195637 1021078	 1 0.4	 1 276406440 20357291
 11153145	 0.22000718	 121046 195660 1021129	 1 0.4	 1 276406700 20357291
 11153674	 0.8965517	 121061 195677 1021176	 1 0.4	 1 276406700 20357291
 11154132	 0.44827586	 121076 195701 1021225	 1 0.4	 1 276406884 20357291
 11154692	 0.8965517	 121099 195729 1021278	 1 0.4	 1 276406930 20357291
 11155179	 0.8965517	 121122 195759 1021327	 1 0.4	 1 276407252 20357291
 11155676	 0.8965517	 121147 195788 1021377	 1 0.4	 1 276407482 20357291
 11156178	 0.8965517	 121165 195807 1021428	 1 0.4	 1 276407528 20357291
 11156664	 0.8965517	 121183 195828 1021477	 1 0.4	 1 276407758 20357291
 11157181	 0.8965517	 121203 195853 1021529	 1 0.4	 1 276408172 20357291
 11157712	 0.8965517	 121219 195872 1021580	 1 0.4	 1 276408310 20357291
 11158174	 0.8965517	 121236 195894 1021629	 1 0.4	 1 276408586 20357291
 11158684	 0.8965517	 121248 195910 1021677	 1 0.4	 1 276408770 20357291
 11159161	 0.8965517	 121261 195930 1021727	 1 0.4	 1 276409076 20357291
 11159669	 0.8965517	 121286 195957 1021779	 1 0.4	 1 276409190 20357291
 11160154	 0.8965517	 121316 195993 1021836	 1 0.4	 1 276409320 20357291
 11160656	 0.22000718	 121335 196019 1021879	 1 0.4	 1 276409542 20357291
 11161180	 0.8965517	 121353 196041 1021928	 1 0.4	 1 276409710 20357291
 11161672	 0.8965517	 121372 196063 1021978	 1 0.4	 1 276409802 20357291
 11162170	 0.8965517	 121394 196089 1022028	 1 0.4	 1 276409940 20357291
 11162658	 0.22000718	 121410 196111 1022080	 1 0.4	 1 276410124 20357291
 11163164	 0.8965517	 121427 196135 1022131	 1 0.4	 1 276410124 20357291
 11163692	 0.8965517	 121443 196155 1022178	 1 0.4	 1 276410446 20357291
 11164179	 0.8965517	 121460 196174 1022225	 1 0.4	 1 276410538 20357291
 11164655	 0.22000718	 121478 196198 1022278	 1 0.4	 1 276410676 20357291
 11165161	 0.8965517	 121505 196231 1022328	 1 0.4	 1 276411044 20357291
 11165669	 0.8965517	 121524 196256 1022374	 1 0.4	 1 276411136 20357291
 11166165	 0.8965517	 121544 196279 1022426	 1 0.4	 1 276411274 20357291
 11166671	 0.8965517	 121562 196302 1022477	 1 0.4	 1 276411412 20357291
 11167163	 0.8965517	 121580 196323 1022524	 1 0.4	 1 276411412 20357291
 11167660	 0.8965517	 121597 196343 1022574	 1 0.4	 1 276411596 20357291
 11168162	 0.8965517	 121611 196363 1022626	 1 0.4	 1 276411596 20357291
 11168634	 0.8965517	 121629 196386 1022675	 1 0.4	 1 276411642 20357291
 11169171	 0.8965517	 121644 196405 1022725	 1 0.4	 1 276411734 20357291
 11169673	 0.8965517	 121673 196437 1022784	 1 0.4	 1 276411780 20357291
 11170166	 0.8965517	 121691 196460 1022825	 1 0.4	 1 276411826 20357291
 11170679	 0.8965517	 121717 196493 1022877	 1 0.4	 1 276411826 20357291
 11171172	 0.8965517	 121738 196519 1022927	 1 0.4	 1 276411826 20357291
 11171634	 0.8965517	 121755 196542 1022976	 1 0.4	 1 276411964 20357291
 11172185	 0.8965517	 121775 196567 1023026	 1 0.4	 1 276412010 20357291
 11172701	 0.8965517	 121796 196593 1023079	 1 0.4	 1 276412240 20357291
 11173176	 0.8965517	 121814 196612 1023128	 1 0.4	 1 276412470 20357291
 11173646	 0.22000718	 121828 196633 1023177	 1 0.4	 1 276412562 20357291
 11174157	 0.8965517	 121844 196655 1023226	 1 0.4	 1 276412792 20357291
 11174682	 0.8965517	 121871 196685 1023275	 1 0.4	 1 276413068 20357291
 11175161	 0.8965517	 121889 196710 1023325	 1 0.4	 1 276413206 20357291
 11175634	 0.8965517	 121918 196741 1023376	 1 0.4	 1 276413482 20357291
 11176155	 0.22000718	 121939 196768 1023426	 1 0.4	 1 276413574 20357291
 11176665	 0.8965517	 121956 196789 1023475	 1 0.4	 1 276413620 20357291
 11177168	 0.8965517	 121977 196813 1023525	 1 0.4	 1 276413620 20357291
 11177641	 0.8965517	 121995 196835 1023575	 1 0.4	 1 276413620 20357291
 11178133	 0.8965517	 122009 196856 1023623	 1 0.4	 1 276414122 20357291
 11178666	 0.8965517	 122027 196878 1023673	 1 0.4	 1 276414574 20357291
 11179166	 0.8965517	 122056 196917 1023740	 1 0.4	 1 276415034 20357291
 11179701	 0.8965517	 122069 196934 1023776	 1 0.4	 1 276415394 20357291
 11180143	 0.8965517	 122085 196960 1023827	 1 0.4	 1 276416014 20357291
 11180668	 0.8965517	 122106 196984 1023873	 1 0.4	 1 276416236 20357291
 11181168	 0.8965517	 122130 197013 1023924	 1 0.4	 1 276416680 20357291
 11181654	 0.8965517	 122147 197038 1023976	 1 0.4	 1 276416726 20357291
 11182171	 0.8965517	 122166 197061 1024027	 1 0.4	 1 276416726 20357291
 11182673	 0.8965517	 122182 197081 1024074	 1 0.4	 1 276416726 20357291
 11183179	 0.8965517	 122202 197103 1024125	 1 0.4	 1 276417002 20357291
 11183669	 0.8965517	 122218 197123 1024174	 1 0.4	 1 276417140 20357291
 11184180	 0.8965517	 122242 197150 1024227	 1 0.4	 1 276417186 20357291
 11184650	 0.8965517	 122259 197169 1024276	 1 0.4	 1 276417232 20357291
 11185185	 0.8965517	 122274 197189 1024326	 1 0.4	 1 276417462 20357291
 11185687	 0.8965517	 122291 197209 1024375	 1 0.4	 1 276417600 20357291
 11186162	 0.8965517	 122315 197238 1024425	 1 0.4	 1 276417876 20357291
 11186679	 0.8965517	 122335 197262 1024475	 1 0.4	 1 276418152 20357291
 11187154	 0.8965517	 122353 197282 1024525	 1 0.4	 1 276418336 20357291
 11187687	 0.8965517	 122381 197313 1024576	 1 0.4	 1 276418428 20357291
 11188190	 0.8965517	 122398 197334 1024625	 1 0.4	 1 276418704 20357291
 11188671	 0.8965517	 122420 197361 1024674	 1 0.4	 1 276418796 20357291
 11189164	 0.8965517	 122437 197383 1024727	 1 0.4	 1 276418934 20357291
 11189659	 0.8965517	 122456 197405 1024777	 1 0.4	 1 276419302 20357291
 11190166	 0.8965517	 122469 197424 1024824	 1 0.4	 1 276419440 20357291
 11190697	 0.8965517	 122492 197454 1024876	 1 0.4	 1 276419670 20357291
 11191166	 0.8965517	 122516 197481 1024924	 1 0.4	 1 276419808 20357291
 11191676	 0.8965517	 122532 197506 1024975	 1 0.4	 1 276419946 20357291
 11192161	 0.8965517	 122549 197525 1025023	 1 0.4	 1 276420222 20357291
 11192653	 0.8965517	 122574 197551 1025075	 1 0.4	 1 276420314 20357291
 11193174	 0.8965517	 122601 197583 1025134	 1 0.4	 1 276420912 20357291
 11193643	 0.22000718	 122615 197603 1025174	 1 0.4	 1 276421004 20357291
 11194173	 0.8965517	 122629 197624 1025225	 1 0.4	 1 276421326 20357291
 11194640	 0.8965517	 122643 197643 1025273	 1 0.4	 1 276421418 20357291
 11195198	 0.8965517	 122659 197664 1025326	 1 0.4	 1 276421464 20357291
 11195678	 0.8965517	 122675 197686 1025374	 1 0.4	 1 276421648 20357291
 11196173	 0.8965517	 122697 197713 1025425	 1 0.4	 1 276422062 20357291
 11196682	 0.8965517	 122718 197739 1025475	 1 0.4	 1 276422108 20357291
 11197179	 0.8965517	 122739 197764 1025526	 1 0.4	 1 276422200 20357291
 11197640	 0.8965517	 122755 197788 1025575	 1 0.4	 1 276422338 20357291
 11198171	 0.8965517	 122783 197818 1025626	 1 0.4	 1 276422598 20357291
 11198640	 0.8965517	 122800 197842 1025675	 1 0.4	 1 276422950 20357291
 11199191	 0.8965517	 122815 197860 1025724	 1 0.4	 1 276422988 20357291
 11199663	 0.22000718	 122831 197884 1025774	 1 0.4	 1 276423394 20357291
 11200164	 0.8965517	 122844 197905 1025824	 1 0.4	 1 276423624 20357291
 11200660	 0.22000718	 122862 197926 1025875	 1 0.4	 1 276423716 20357291
 11201144	 0.22000718	 122880 197951 1025925	 1 0.4	 1 276423808 20357291
 11201633	 0.8965517	 122899 197976 1025973	 1 0.4	 1 276423992 20357291
 11202161	 0.8965517	 122920 198004 1026022	 1 0.4	 1 276424130 20357291
 11202670	 0.8965517	 122941 198029 1026074	 1 0.4	 1 276424222 20357291
 11203134	 0.22000718	 122964 198060 1026124	 1 0.4	 1 276424544 20357291
 11203651	 0.22000718	 122980 198084 1026174	 1 0.4	 1 276425096 20357291
 11204161	 0.8965517	 122996 198105 1026223	 1 0.4	 1 276425326 20357291
 11204673	 0.8965517	 123009 198122 1026271	 1 0.4	 1 276425464 20357291
 11205166	 0.22000718	 123026 198144 1026322	 1 0.4	 1 276425970 20357291
 11205665	 0.8965517	 123040 198164 1026371	 1 0.4	 1 276426108 20357291
 11206161	 0.22000718	 123059 198188 1026423	 1 0.4	 1 276426306 20357732
 11206643	 0.8965517	 123084 198217 1026472	 1 0.4	 1 276427152 20357802
 11207131	 0.8965517	 123103 198245 1026519	 1 0.4	 1 276427198 20357802
 11207681	 0.8965517	 123133 198282 1026582	 1 0.4	 1 276427336 20357802
 11208167	 0.8965517	 123150 198304 1026623	 1 0.4	 1 276427612 20357802
 11208677	 0.8965517	 123167 198328 1026674	 1 0.4	 1 276427704 20357802
 11209172	 0.8965517	 123182 198348 1026723	 1 0.4	 1 276427888 20357802
 11209643	 0.22000718	 123200 198371 1026775	 1 0.4	 1 276428118 20357802
 11210193	 0.8965517	 123216 198394 1026825	 1 0.4	 1 276428286 20357802
 11210671	 0.8965517	 123228 198412 1026870	 1 0.4	 1 276428538 20357802
 11211202	 0.8965517	 123240 198430 1026924	 1 0.4	 1 276429242 20357802
 11211642	 0.8965517	 123265 198458 1026972	 1 0.4	 1 276429464 20357802
 11212199	 0.8965517	 123289 198488 1027024	 1 0.4	 1 276429648 20357802
 11212685	 0.8965517	 123308 198515 1027072	 1 0.4	 1 276429694 20357802
 11213162	 0.8965517	 123326 198537 1027122	 1 0.4	 1 276429786 20357802
 11213674	 0.8965517	 123345 198560 1027172	 1 0.4	 1 276429970 20357802
 11214153	 0.22000718	 123361 198581 1027224	 1 0.4	 1 276430016 20357802
 11214660	 0.8965517	 123377 198601 1027270	 1 0.4	 1 276430146 20357802
 11215162	 0.8965517	 123396 198621 1027321	 1 0.4	 1 276430238 20357802
 11215675	 0.8965517	 123412 198644 1027371	 1 0.4	 1 276430422 20357802
 11216179	 0.22000718	 123427 198666 1027424	 1 0.4	 1 276430920 20357802
 11216655	 0.8965517	 123442 198688 1027470	 1 0.4	 1 276430966 20357802
 11217192	 0.8965517	 123466 198719 1027522	 1 0.4	 1 276431288 20357802
 11217702	 0.8965517	 123482 198744 1027573	 1 0.4	 1 276431410 20357802
 11218176	 0.8965517	 123502 198768 1027622	 1 0.4	 1 276431532 20357802
 11218640	 0.8965517	 123515 198790 1027670	 1 0.4	 1 276432068 20357802
 11219171	 0.8965517	 123532 198809 1027720	 1 0.4	 1 276432358 20357802
 11219663	 0.8965517	 123549 198831 1027772	 1 0.4	 1 276432358 20357802
 11220171	 0.8965517	 123563 198850 1027820	 1 0.4	 1 276432450 20357802
 11220635	 0.8965517	 123578 198870 1027871	 1 0.4	 1 276432680 20357802
 11221179	 0.8965517	 123592 198889 1027920	 1 0.4	 1 276432940 20357802
 11221665	 0.8965517	 123617 198920 1027980	 1 0.4	 1 276433346 20357802
 11222161	 0.8965517	 123635 198941 1028020	 1 0.4	 1 276433568 20357802
 11222668	 0.8965517	 123660 198970 1028071	 1 0.4	 1 276433836 20357802
 11223178	 0.22000718	 123681 198995 1028121	 1 0.4	 1 276433882 20357802
 11223671	 0.8965517	 123700 199021 1028170	 1 0.4	 1 276433882 20357802
 11224169	 0.8965517	 123719 199044 1028222	 1 0.4	 1 276434112 20357802
 11224678	 0.22000718	 123733 199067 1028271	 1 0.4	 1 276434158 20357802
 11225198	 0.8965517	 123751 199088 1028322	 1 0.4	 1 276434388 20357802
 11225682	 0.8965517	 123765 199109 1028372	 1 0.4	 1 276434526 20357802
 11226186	 0.8965517	 123780 199128 1028421	 1 0.4	 1 276434844 20357802
 11226645	 0.8965517	 123799 199155 1028469	 1 0.4	 1 276434928 20357802
 11227170	 0.8965517	 123819 199181 1028521	 1 0.4	 1 276435238 20357802
 11227656	 0.22000718	 123843 199210 1028572	 1 0.4	 1 276435422 20357802
 11228139	 0.8965517	 123862 199237 1028620	 1 0.4	 1 276435850 20357802
 11228695	 0.8965517	 123880 199261 1028671	 1 0.4	 1 276436270 20357802
 11229134	 0.8965517	 123898 199284 1028720	 1 0.4	 1 276436530 20357802
 11229662	 0.8965517	 123917 199305 1028774	 1 0.4	 1 276436690 20357802
 11230152	 0.22000718	 123934 199326 1028822	 1 0.4	 1 276436690 20357802
 11230668	 0.8965517	 123945 199346 1028870	 1 0.4	 1 276436736 20357802
 11231140	 0.8965517	 123971 199378 1028931	 1 0.4	 1 276436920 20357802
 11231675	 0.22000718	 123985 199396 1028971	 1 0.4	 1 276436966 20357802
 11232170	 0.8965517	 124003 199422 1029019	 1 0.4	 1 276437188 20357802
 11232660	 0.8965517	 124026 199449 1029070	 1 0.4	 1 276437372 20357802
 11233163	 0.8965517	 124046 199476 1029119	 1 0.4	 1 276437602 20357802
 11233698	 0.8965517	 124066 199502 1029172	 1 0.4	 1 276438268 20357802
 11234166	 0.22000718	 124082 199524 1029220	 1 0.4	 1 276438628 20357802
 11234669	 0.8965517	 124097 199544 1029269	 1 0.4	 1 276438988 20357802
 11235170	 0.8965517	 124112 199565 1029321	 1 0.4	 1 276439524 20357802
 11235680	 0.8965517	 124124 199585 1029370	 1 0.4	 1 276439984 20357802
 11236200	 0.8965517	 124149 199615 1029422	 1 0.4	 1 276440260 20357802
 11236681	 0.8965517	 124162 199632 1029471	 1 0.4	 1 276440582 20357802
 11237183	 0.8965517	 124178 199652 1029521	 1 0.4	 1 276440674 20357802
 11237661	 0.8965517	 124205 199683 1029571	 1 0.4	 1 276440950 20357802
 11238165	 0.8965517	 124227 199708 1029622	 1 0.4	 1 276441088 20357802
 11238681	 0.8965517	 124246 199733 1029671	 1 0.4	 1 276441180 20357802
 11239181	 0.8965517	 124265 199756 1029719	 1 0.4	 1 276441502 20357802
 11239662	 0.8965517	 124279 199775 1029769	 1 0.4	 1 276441778 20357802
 11240183	 0.8965517	 124296 199796 1029820	 1 0.4	 1 276442008 20357802
 11240665	 0.8965517	 124319 199827 1029879	 1 0.4	 1 276442414 20357802
 11241160	 0.22000718	 124332 199845 1029921	 1 0.4	 1 276442686 20357802
 11241659	 0.8965517	 124347 199865 1029968	 1 0.4	 1 276443000 20357802
 11242142	 0.8965517	 124363 199886 1030019	 1 0.4	 1 276443138 20357802
 11242666	 0.8965517	 124382 199907 1030068	 1 0.4	 1 276443276 20357802
 11243188	 0.22000718	 124403 199935 1030120	 1 0.4	 1 276443742 20357802
 11243634	 0.8965517	 124418 199955 1030166	 1 0.4	 1 276443834 20357802
 11244146	 0.8965517	 124438 199978 1030217	 1 0.4	 1 276443880 20357802
 11244639	 0.8965517	 124452 199998 1030268	 1 0.4	 1 276444064 20357802
 11245179	 0.8965517	 124470 200018 1030318	 1 0.4	 1 276444340 20357802
 11245674	 0.8965517	 124491 200044 1030367	 1 0.4	 1 276444386 20357802
 11246170	 0.8965517	 124509 200067 1030420	 1 0.4	 1 276444662 20357802
 11246668	 0.8965517	 124524 200085 1030470	 1 0.4	 1 276444662 20357802
 11247198	 0.8965517	 124540 200104 1030520	 1 0.4	 1 276444800 20357802
 11247675	 0.8965517	 124559 200130 1030572	 1 0.4	 1 276444938 20357802
 11248173	 0.8965517	 124580 200156 1030619	 1 0.4	 1 276445030 20357802
 11248674	 0.8965517	 124602 200184 1030668	 1 0.4	 1 276445260 20357802
 11249177	 0.8965517	 124623 200209 1030720	 1 0.4	 1 276445398 20357802
 11249681	 0.8965517	 124639 200231 1030769	 1 0.4	 1 276445796 20357802
 11250154	 0.8965517	 124662 200259 1030828	 1 0.4	 1 276446064 20357802
 11250688	 0.8965517	 124678 200279 1030870	 1 0.4	 1 276446772 20357802
 11251172	 0.8965517	 124698 200303 1030918	 1 0.4	 1 276446894 20357802
 11251635	 0.8965517	 124718 200328 1030971	 1 0.4	 1 276447372 20357802
 11252180	 0.8965517	 124730 200346 1031021	 1 0.4	 1 276447594 20357802
 11252661	 0.8965517	 124742 200362 1031068	 1 0.4	 1 276448188 20357802
 11253182	 0.8965517	 124765 200389 1031120	 1 0.4	 1 276448326 20357802
 11253673	 0.8965517	 124779 200410 1031168	 1 0.4	 1 276448954 20357802
 11254165	 0.22000718	 124800 200436 1031220	 1 0.4	 1 276449276 20357802
 11254642	 0.22000718	 124819 200460 1031270	 1 0.4	 1 276449782 20357802
 11255158	 0.8965517	 124840 200488 1031318	 1 0.4	 1 276450012 20357802
 11255691	 0.8965517	 124852 200506 1031369	 1 0.4	 1 276450288 20357802
 11256161	 0.8965517	 124873 200531 1031417	 1 0.4	 1 276450426 20357802
 11256634	 0.8965517	 124889 200553 1031468	 1 0.4	 1 276450794 20357802
 11257133	 0.3448276	 124901 200569 1031516	 1 0.4	 1 276451070 20357802
 11257641	 0.8965517	 124911 200585 1031566	 1 0.4	 1 276451300 20357802
 11258144	 0.22000718	 124932 200613 1031619	 1 0.4	 1 276451668 20357802
 11258642	 0.8965517	 124956 200638 1031667	 1 0.4	 1 276451668 20357802
 11259133	 0.8965517	 124981 200665 1031715	 1 0.4	 1 276451806 20357802
 11259651	 0.8965517	 125005 200692 1031764	 1 0.4	 1 276451898 20357802
 11260174	 0.8965517	 125022 200715 1031815	 1 0.4	 1 276452450 20357802
 11260680	 0.8965517	 125038 200735 1031867	 1 0.4	 1 276452772 20357802
 11261175	 0.8965517	 125054 200755 1031917	 1 0.4	 1 276452956 20357802
 11261681	 0.8965517	 125071 200775 1031965	 1 0.4	 1 276453232 20357802
 11262168	 0.8965517	 125086 200797 1032018	 1 0.4	 1 276453554 20357802
 11262703	 0.8965517	 125099 200816 1032069	 1 0.4	 1 276453738 20357802
 11263173	 0.8965517	 125114 200838 1032116	 1 0.4	 1 276453922 20357802
 11263652	 0.22000718	 125134 200862 1032167	 1 0.4	 1 276454198 20357802
 11264184	 0.8965517	 125164 200900 1032226	 1 0.4	 1 276454796 20357802
 11264678	 0.8965517	 125178 200919 1032265	 1 0.4	 1 276455118 20357802
 11265173	 0.8965517	 125192 200939 1032316	 1 0.4	 1 276455532 20357802
 11265655	 0.22000718	 125209 200961 1032368	 1 0.4	 1 276455854 20357802
 11266163	 0.8965517	 125221 200981 1032415	 1 0.4	 1 276456360 20357802
 11266662	 0.8965517	 125238 201000 1032466	 1 0.4	 1 276456544 20357880
 11267170	 0.8965517	 125251 201019 1032516	 1 0.4	 1 276456866 20357880
 11267674	 0.22000718	 125266 201038 1032568	 1 0.4	 1 276457092 20357880
 11268152	 0.22000718	 125283 201060 1032617	 1 0.4	 1 276457138 20357880
 11268659	 0.8965517	 125301 201085 1032665	 1 0.4	 1 276457368 20357880
 11269189	 0.8965517	 125327 201117 1032716	 1 0.4	 1 276457368 20357880
 11269682	 0.8965517	 125356 201152 1032768	 1 0.4	 1 276458178 20358391
 11270143	 0.8965517	 125370 201174 1032814	 1 0.4	 1 276458454 20358391
 11270651	 0.8965517	 125386 201196 1032864	 1 0.4	 1 276458500 20358391
 11271168	 0.8965517	 125403 201217 1032915	 1 0.4	 1 276458638 20358391
 11271669	 0.8965517	 125418 201238 1032965	 1 0.4	 1 276458822 20358391
 11272164	 0.8965517	 125433 201260 1033014	 1 0.4	 1 276458914 20358391
 11272673	 0.8965517	 125447 201278 1033062	 1 0.4	 1 276459144 20358391
 11273169	 0.8965517	 125462 201298 1033114	 1 0.4	 1 276459320 20358391
 11273675	 0.8965517	 125493 201332 1033177	 1 0.4	 1 276459412 20358391
 11274175	 0.8965517	 125513 201354 1033215	 1 0.4	 1 276459550 20358391
 11274669	 0.8965517	 125533 201380 1033264	 1 0.4	 1 276459688 20358391
 11275184	 0.8965517	 125548 201405 1033314	 1 0.4	 1 276460010 20358391
 11275635	 0.8965517	 125566 201425 1033363	 1 0.4	 1 276460416 20358391
 11276160	 0.8965517	 125585 201447 1033415	 1 0.4	 1 276460550 20358391
 11276633	 0.8965517	 125604 201469 1033464	 1 0.4	 1 276460956 20358391
 11277150	 0.22000718	 125619 201489 1033514	 1 0.4	 1 276461270 20358391
 11277651	 0.8965517	 125634 201508 1033563	 1 0.4	 1 276461316 20358391
 11278180	 0.8965517	 125648 201526 1033612	 1 0.4	 1 276461630 20358391
 11278677	 0.8965517	 125670 201555 1033663	 1 0.4	 1 276462224 20358391
 11279154	 0.8965517	 125689 201579 1033715	 1 0.4	 1 276462722 20358391
 11279634	 0.8965517	 125709 201607 1033764	 1 0.4	 1 276463656 20358391
 11280189	 0.8965517	 125727 201631 1033812	 1 0.4	 1 276464054 20358391
 11280635	 0.8965517	 125742 201651 1033861	 1 0.4	 1 276464690 20358391
 11281138	 0.22000718	 125759 201673 1033910	 1 0.4	 1 276465218 20358391
 11281653	 0.8965517	 125776 201696 1033963	 1 0.4	 1 276465540 20358391
 11282149	 0.8965517	 125793 201718 1034010	 1 0.4	 1 276465808 20358391
 11282668	 0.8965517	 125806 201745 1034062	 1 0.4	 1 276466504 20358737
 11283133	 0.22000718	 125829 201773 1034119	 1 0.4	 1 276467048 20358737
 11283650	 0.8965517	 125841 201789 1034161	 1 0.4	 1 276467554 20358737
 11284156	 0.8965517	 125859 201810 1034210	 1 0.4	 1 276467738 20358737
 11284664	 0.8965517	 125883 201839 1034261	 1 0.4	 1 276467960 20358737
 11285140	 0.8965517	 125900 201864 1034310	 1 0.4	 1 276468466 20358737
 11285681	 0.22000718	 125914 201889 1034364	 1 0.4	 1 276468788 20358737
 11286141	 0.8965517	 125929 201907 1034409	 1 0.4	 1 276469018 20358737
 11286652	 0.8965517	 125944 201926 1034459	 1 0.4	 1 276469202 20358737
 11287135	 0.3448276	 125960 201947 1034507	 1 0.4	 1 276469662 20358737
 11287642	 0.8965517	 125974 201969 1034562	 1 0.4	 1 276469846 20358737
 11288157	 0.22000718	 125997 201997 1034610	 1 0.4	 1 276470030 20358737
 11288688	 0.8965517	 126013 202016 1034660	 1 0.4	 1 276470352 20358737
 11289178	 0.8965517	 126031 202036 1034708	 1 0.4	 1 276470398 20358737
 11289665	 0.8965517	 126052 202061 1034760	 1 0.4	 1 276470628 20358737
 11290179	 0.8965517	 126076 202089 1034809	 1 0.4	 1 276470858 20358737
 11290656	 0.22000718	 126097 202113 1034859	 1 0.4	 1 276471272 20358737
 11291133	 0.8965517	 126114 202137 1034905	 1 0.4	 1 276471272 20358737
 11291637	 0.8965517	 126144 202178 1034955	 1 0.4	 1 276476259 20360738
 11292140	 0.22000718	 126161 202207 1035010	 1 0.4	 1 276476357 20360738
 11292668	 0.8965517	 126192 202248 1035073	 1 0.4	 1 276476633 20360738
 11293131	 0.8965517	 126217 202279 1035104	 1 0.4	 1 276476679 20360738
 11293634	 0.8965517	 126244 202315 1035156	 1 0.4	 1 276480902 20362973
 11294134	 0.22000718	 126270 202355 1035210	 1 0.4	 1 276482565 20365453
 11294651	 0.8965517	 126284 202385 1035259	 1 0.4	 1 276571407 20369763
 11295133	 0.22000718	 126308 202423 1035307	 1 0.4	 1 276748795 20373613
 11295661	 0.22000718	 126316 202432 1035357	 1 0.4	 1 276748879 20373613
 11296161	 0.8965517	 126322 202443 1035407	 1 0.4	 1 276749193 20373613
 11296634	 0.8965517	 126335 202460 1035453	 1 0.4	 1 276749369 20373613
 11297133	 0.8965517	 126354 202491 1035501	 1 0.4	 1 276791196 20377008
 11297646	 0.8965517	 126399 202543 1035553	 1 0.4	 1 276791392 20377148
 11298133	 0.8965517	 126422 202572 1035605	 1 0.4	 1 276791568 20377148
 11298679	 0.8965517	 126431 202587 1035655	 1 0.4	 1 276792158 20377148
 11299175	 0.8965517	 126441 202604 1035705	 1 0.4	 1 276792204 20377148
 11299675	 0.8965517	 126457 202624 1035757	 1 0.4	 1 276792292 20377148
 11300187	 0.8965517	 126472 202643 1035806	 1 0.4	 1 276792464 20377148
 11300659	 0.22000718	 126497 202671 1035856	 1 0.4	 1 276792924 20377148
 11301189	 0.8965517	 126518 202696 1035906	 1 0.4	 1 276793058 20377148
 11301677	 0.8965517	 126537 202716 1035955	 1 0.4	 1 276793242 20377148
 11302171	 0.8965517	 126565 202748 1036015	 1 0.4	 1 276793472 20377148
 11302641	 0.8965517	 126583 202769 1036055	 1 0.4	 1 276793794 20377148
 11303142	 0.22000718	 126600 202791 1036107	 1 0.4	 1 276793978 20377148
 11303671	 0.8965517	 126613 202810 1036156	 1 0.4	 1 276794384 20377148
 11304141	 0.8965517	 126626 202829 1036205	 1 0.4	 1 276794748 20377148
 11304669	 0.22000718	 126640 202848 1036258	 1 0.4	 1 276794794 20377148
 11305161	 0.8965517	 126657 202867 1036305	 1 0.4	 1 276795012 20377148
 11305668	 0.8965517	 126680 202893 1036355	 1 0.4	 1 276795192 20377148
 11306168	 0.8965517	 126707 202922 1036406	 1 0.4	 1 276795376 20377148
 11306677	 0.22000718	 126723 202947 1036458	 1 0.4	 1 276795744 20377148
 11307172	 0.8965517	 126748 202976 1036507	 1 0.4	 1 276795790 20377148
 11307652	 0.8965517	 126763 202995 1036555	 1 0.4	 1 276795974 20377148
 11308163	 0.8965517	 126777 203014 1036603	 1 0.4	 1 276796020 20377148
 11308672	 0.8965517	 126795 203039 1036656	 1 0.4	 1 276796158 20377148
 11309177	 0.8965517	 126812 203060 1036705	 1 0.4	 1 276796296 20377148
 11309675	 0.8965517	 126829 203078 1036753	 1 0.4	 1 276796342 20377148
 11310140	 0.8965517	 126844 203098 1036805	 1 0.4	 1 276796434 20377148
 11310671	 0.8965517	 126863 203121 1036854	 1 0.4	 1 276796710 20377148
 11311170	 0.8965517	 126886 203148 1036906	 1 0.4	 1 276796794 20377148
 11311650	 0.8965517	 126909 203176 1036955	 1 0.4	 1 276796794 20377148
 11312174	 0.8965517	 126926 203197 1037004	 1 0.4	 1 276797070 20377148
 11312671	 0.8965517	 126944 203216 1037054	 1 0.4	 1 276797070 20377148
 11313135	 0.8965517	 126969 203251 1037105	 1 0.4	 1 277114470 20386474
 11313657	 0.22000718	 126996 203297 1037161	 1 0.4	 1 277345666 20391094
 11314143	 0.22000718	 127011 203317 1037202	 1 0.4	 1 277345942 20391094
 11314636	 0.8965517	 127033 203344 1037252	 1 0.4	 1 277363244 20391514
 11315136	 0.8965517	 127048 203372 1037301	 1 0.4	 1 277508840 20394384
 11315641	 0.82758623	 127068 203408 1037348	 1 0.4	 1 277690034 20397394
 11316152	 0.8965517	 127114 203466 1037417	 1 0.4	 1 277821462 20399424
 11316641	 0.51724136	 127131 203492 1037447	 1 0.4	 1 277957024 20401104
 11317136	 0.8965517	 127166 203539 1037499	 1 0.4	 1 278047184 20402504
 11317639	 0.3448276	 127200 203578 1037548	 1 0.4	 1 278130076 20403694
 11318144	 0.37931034	 127233 203624 1037597	 1 0.4	 1 278212882 20405444
 11318632	 0.37931034	 127263 203662 1037646	 1 0.4	 1 278378942 20408314
 11319169	 0.8965517	 127293 203705 1037695	 1 0.4	 1 278462024 20410064
 11319631	 0.4827586	 127331 203748 1037742	 1 0.4	 1 278544916 20411744
 11320152	 0.41379312	 127368 203792 1037793	 1 0.4	 1 278545822 20411954
 11320635	 0.8965517	 127401 203838 1037844	 1 0.4	 1 278668381 20415174
 11321138	 0.62068963	 127440 203882 1037891	 1 0.4	 1 278668519 20415174
 11321633	 0.8965517	 127481 203926 1037941	 1 0.4	 1 278669077 20415244
 11322148	 0.44827586	 127523 203973 1037992	 1 0.4	 1 278669215 20415244
 11322652	 0.51724136	 127559 204018 1038043	 1 0.4	 1 278669583 20415244
 11323134	 0.22000718	 127587 204051 1038094	 1 0.4	 1 278669675 20415244
 11323689	 0.8965517	 127602 204072 1038144	 1 0.4	 1 278670135 20415244
 11324164	 0.8965517	 127619 204093 1038194	 1 0.4	 1 278670679 20415244
 11324670	 0.8965517	 127633 204114 1038245	 1 0.4	 1 278670817 20415244
 11325141	 0.22000718	 127646 204135 1038295	 1 0.4	 1 278671047 20415244
 11325679	 0.8965517	 127670 204163 1038353	 1 0.4	 1 278671277 20415244
 11326135	 0.8965517	 127683 204182 1038392	 1 0.4	 1 278671461 20415244
 11326653	 0.8965517	 127703 204209 1038443	 1 0.4	 1 278671599 20415244
 11327158	 0.22000718	 127721 204232 1038493	 1 0.4	 1 278671645 20415244
 11327655	 0.8965517	 127735 204250 1038542	 1 0.4	 1 278672013 20415244
 11328159	 0.22000718	 127747 204267 1038592	 1 0.4	 1 278672059 20415244
 11328634	 0.8965517	 127752 204274 1038639	 1 0.4	 1 278672105 20415244
 11329131	 0.8965517	 127765 204299 1038688	 1 0.4	 1 278716614 20417007
 11329637	 0.8965517	 127807 204348 1038737	 1 0.4	 1 278722542 20418093
 11330133	 0.8965517	 127840 204389 1038791	 1 0.4	 1 278722680 20418938
 11330637	 0.8965517	 127870 204428 1038838	 1 0.4	 1 278733848 20421551
 11331140	 0.8965517	 127903 204469 1038886	 1 0.4	 1 278735608 20426267
 11331677	 0.8965517	 127934 204507 1038943	 1 0.4	 1 278735700 20426267
 11332173	 0.8965517	 127954 204532 1038990	 1 0.4	 1 278736068 20426267
 11332680	 0.8965517	 127973 204561 1039038	 1 0.4	 1 278739820 20427739
 11333151	 0.22000718	 127997 204590 1039089	 1 0.4	 1 278740062 20429043
 11333633	 0.8965517	 128017 204613 1039139	 1 0.4	 1 278740544 20429043
 11334178	 0.8965517	 128035 204634 1039187	 1 0.4	 1 278740628 20429043
 11334650	 0.8965517	 128051 204659 1039238	 1 0.4	 1 278740850 20429043
 11335133	 0.8965517	 128079 204691 1039298	 1 0.4	 1 278740980 20429043
 11335663	 0.8965517	 128096 204710 1039338	 1 0.4	 1 278740980 20429043
 11336152	 0.55172414	 128115 204737 1039386	 1 0.4	 1 278741667 20429773
 11336632	 0.3448276	 128146 204780 1039438	 1 0.4	 1 278741667 20429773
 11337169	 0.22000718	 128174 204814 1039490	 1 0.4	 1 278741759 20429773
 11337668	 0.8965517	 128196 204843 1039539	 1 0.4	 1 278742439 20430193
 11338151	 0.22000718	 128218 204871 1039587	 1 0.4	 1 278742531 20430193
 11338669	 0.8965517	 128237 204896 1039638	 1 0.4	 1 278742707 20430193
 11339174	 0.8965517	 128253 204919 1039688	 1 0.4	 1 278743071 20430193
 11339640	 0.8965517	 128282 204955 1039751	 1 0.4	 1 278743431 20430193
 11340135	 0.8965517	 128290 204973 1039783	 1 0.4	 1 278748644 20432198
 11340651	 0.22000718	 128299 204986 1039836	 1 0.4	 1 278748926 20432198
 11341187	 0.8965517	 128307 204998 1039887	 1 0.4	 1 278749386 20432198
 11341631	 0.8965517	 128343 205041 1039933	 1 0.4	 1 278749754 20432198
 11342140	 0.22000718	 128379 205085 1039986	 1 0.4	 1 278752666 20432442
 11342662	 0.8965517	 128383 205095 1040037	 1 0.4	 1 278752850 20432442
 11343132	 0.3448276	 128412 205132 1040086	 1 0.4	 1 278753080 20432442
 11343640	 0.22000718	 128421 205156 1040136	 1 0.4	 1 278753172 20432442
 11344156	 0.22000718	 128429 205167 1040186	 1 0.4	 1 278753264 20432442
 11344643	 0.8965517	 128456 205201 1040233	 1 0.4	 1 278753310 20432442
 11345135	 0.55172414	 128495 205249 1040283	 1 0.4	 1 278753394 20432442
 11345672	 0.8965517	 128523 205286 1040336	 1 0.4	 1 278753524 20432442
 11346134	 0.22000718	 128532 205297 1040386	 1 0.4	 1 278753750 20432442
 11346650	 0.22000718	 128539 205308 1040437	 1 0.4	 1 278753926 20432442
 11347152	 0.22000718	 128546 205317 1040485	 1 0.4	 1 278754202 20432442
 11347650	 0.22000718	 128551 205327 1040536	 1 0.4	 1 278754294 20432442
 11348140	 0.22000718	 128561 205343 1040586	 1 0.4	 1 278754386 20432442
 11348654	 0.22000718	 128566 205354 1040636	 1 0.4	 1 278754478 20432442
 11349144	 0.8965517	 128585 205382 1040703	 1 0.4	 1 278754800 20432442
 11349642	 0.8965517	 128593 205398 1040736	 1 0.4	 1 278754984 20432442
