up_time cpu_freq utime work_time total_time screen_on brightness wifi_on wifi_rx_bytes wifi_tx_bytes
 1276381	 0.8965517	 13216 24144 127056	 1 0.00392156862745098	 1 116526180 2734210
 1276884	 0.8965517	 13245 24187 127104	 1 0.00392156862745098	 1 116526272 2734210
 1277318	 0.8965517	 13258 24203 127148	 1 0.00392156862745098	 1 116526364 2734210
 1277876	 0.8965517	 13271 24224 127204	 1 0.00392156862745098	 1 116526594 2734210
 1278318	 0.8965517	 13296 24262 127248	 1 0.00392156862745098	 1 116526686 2734210
 1278833	 0.8965517	 13309 24279 127299	 1 0.00392156862745098	 1 116527004 2734210
 1279334	 0.8965517	 13332 24313 127349	 1 0.00392156862745098	 1 116527448 2734210
 1279797	 0.22000718	 13336 24326 127399	 1 0.00392156862745098	 1 116527586 2734210
 1280287	 0.22000718	 13348 24340 127449	 1 0.00392156862745098	 1 116527942 2734210
 1280822	 0.8965517	 13359 24355 127502	 1 0.00392156862745098	 1 116528224 2734210
 1281289	 0.8965517	 13366 24367 127547	 1 0.00392156862745098	 1 116528438 2734210
 1281811	 0.8965517	 13373 24378 127598	 1 0.00392156862745098	 1 116528766 2734210
 1282276	 0.8965517	 13388 24409 127655	 1 0.00392156862745098	 1 116528854 2734210
 1282805	 0.8965517	 13397 24446 127696	 1 0.00392156862745098	 1 117028374 2745600
 1283300	 0.8965517	 13406 24487 127746	 1 0.00392156862745098	 1 117864328 2765424
 1283811	 0.7586207	 13419 24520 127788	 1 0.00392156862745098	 1 118600420 2782952
 1284287	 0.22000718	 13432 24544 127840	 1 0.00392156862745098	 1 118676385 2784912
 1284780	 0.8965517	 13436 24554 127889	 1 0.00392156862745098	 1 118676699 2784912
 1285287	 0.8965517	 13442 24565 127939	 1 0.00392156862745098	 1 118677303 2784912
 1285817	 0.8965517	 13455 24581 127991	 1 0.00392156862745098	 1 118677785 2784912
 1286306	 0.22000718	 13465 24592 128040	 1 0.00392156862745098	 1 118677961 2784912
 1286797	 0.22000718	 13470 24601 128089	 1 0.00392156862745098	 1 118678405 2784912
 1287304	 0.22000718	 13480 24620 128140	 1 0.00392156862745098	 1 118678773 2784912
 1287811	 0.8965517	 13489 24631 128189	 1 0.00392156862745098	 1 118678819 2784912
 1288287	 0.8965517	 13496 24643 128239	 1 0.00392156862745098	 1 118679239 2784912
 1288813	 0.8965517	 13508 24659 128293	 1 0.00392156862745098	 1 118679659 2784912
 1289311	 0.22000718	 13515 24672 128340	 1 0.00392156862745098	 1 118679973 2784912
 1289789	 0.22000718	 13524 24684 128390	 1 0.00392156862745098	 1 118680195 2784912
 1290305	 0.8965517	 13533 24698 128442	 1 0.00392156862745098	 1 118680425 2784912
 1290797	 0.8965517	 13539 24711 128491	 1 0.00392156862745098	 1 118680831 2784912
 1291307	 0.22000718	 13547 24723 128540	 1 0.00392156862745098	 1 118681245 2784912
 1291787	 0.8965517	 13553 24734 128590	 1 0.00392156862745098	 1 118681521 2784912
 1292322	 0.8965517	 13560 24749 128639	 1 0.00392156862745098	 1 118681889 2784912
 1292778	 0.8965517	 13576 24789 128687	 1 0.00392156862745098	 1 119329499 2800696
 1293313	 0.55172414	 13584 24819 128735	 1 0.00392156862745098	 1 120244991 2822466
 1293786	 0.8965517	 13599 24852 128781	 1 0.00392156862745098	 1 120808204 2836046
 1294297	 0.8965517	 13606 24862 128831	 1 0.00392156862745098	 1 120808338 2836046
 1294805	 0.8965517	 13620 24882 128882	 1 0.00392156862745098	 1 120808422 2836046
 1295312	 0.8965517	 13627 24894 128934	 1 0.00392156862745098	 1 120808536 2836046
 1295796	 0.8965517	 13635 24904 128981	 1 0.00392156862745098	 1 120808582 2836046
 1296297	 0.8965517	 13639 24915 129031	 1 0.00392156862745098	 1 120808842 2836046
 1296809	 0.8965517	 13650 24930 129086	 1 0.00392156862745098	 1 120809064 2836046
 1297296	 0.8965517	 13656 24941 129130	 1 0.00392156862745098	 1 120809102 2836046
 1297786	 0.22000718	 13662 24952 129182	 1 0.00392156862745098	 1 120809194 2836046
 1298287	 0.8965517	 13672 24966 129235	 1 0.00392156862745098	 1 120809194 2836046
 1298780	 0.22000718	 13681 24979 129282	 1 0.00392156862745098	 1 120809286 2836046
 1299306	 0.22000718	 13686 24990 129331	 1 0.00392156862745098	 1 120809466 2836046
 1299780	 0.8965517	 13695 25002 129380	 1 0.00392156862745098	 1 120809512 2836046
 1300285	 0.22000718	 13707 25017 129432	 1 0.00392156862745098	 1 120809818 2836046
 1300798	 0.8965517	 13714 25027 129481	 1 0.00392156862745098	 1 120809948 2836046
 1301300	 0.8965517	 13721 25038 129531	 1 0.00392156862745098	 1 120810024 2836046
 1301797	 0.8965517	 13729 25052 129581	 1 0.00392156862745098	 1 120810146 2836046
 1302285	 0.8965517	 13736 25063 129631	 1 0.00392156862745098	 1 120810268 2836046
 1302801	 0.51724136	 13743 25103 129679	 1 0.00392156862745098	 1 121586210 2854914
 1303287	 0.8965517	 13757 25128 129731	 1 0.00392156862745098	 1 121793026 2860020
 1303808	 0.8965517	 13760 25147 129774	 1 0.00392156862745098	 1 122119626 2867686
 1304305	 0.8965517	 13772 25184 129820	 1 0.00392156862745098	 1 122953557 2886586
 1304786	 0.8965517	 13781 25199 129876	 1 0.00392156862745098	 1 122953729 2886726
 1305286	 0.22000718	 13786 25209 129921	 1 0.00392156862745098	 1 122953775 2886726
 1305809	 0.8965517	 13794 25221 129972	 1 0.00392156862745098	 1 122954051 2886726
 1306318	 0.8965517	 13799 25231 130021	 1 0.00392156862745098	 1 122954327 2886726
 1306786	 0.8965517	 13810 25244 130070	 1 0.00392156862745098	 1 122954373 2886726
 1307310	 0.22000718	 13814 25254 130121	 1 0.00392156862745098	 1 122954695 2886726
 1307808	 0.8965517	 13822 25265 130170	 1 0.00392156862745098	 1 122954879 2886726
 1308313	 0.22000718	 13833 25281 130221	 1 0.00392156862745098	 1 122955293 2886726
 1308823	 0.22000718	 13840 25292 130272	 1 0.00392156862745098	 1 122955569 2886726
 1309308	 0.22000718	 13850 25305 130322	 1 0.00392156862745098	 1 122955661 2886726
 1309795	 0.8965517	 13857 25317 130372	 1 0.00392156862745098	 1 122955983 2886726
 1310317	 0.22000718	 13861 25328 130420	 1 0.00392156862745098	 1 122956075 2886726
 1310803	 0.8965517	 13869 25337 130469	 1 0.00392156862745098	 1 122956075 2886726
 1311304	 0.22000718	 13879 25351 130524	 1 0.00392156862745098	 1 122956393 2886726
 1311784	 0.3448276	 13887 25366 130569	 1 0.00392156862745098	 1 122956435 2886726
 1312306	 0.22000718	 13897 25379 130621	 1 0.00392156862745098	 1 122956859 2886726
 1312792	 0.8965517	 13905 25412 130667	 1 0.00392156862745098	 1 123617645 2902580
 1313316	 0.8965517	 13919 25450 130716	 1 0.00392156862745098	 1 124306609 2918204
 1313835	 0.8965517	 13928 25490 130767	 1 0.00392156862745098	 1 124814517 2929932
 1314306	 0.8965517	 13933 25508 130810	 1 0.00392156862745098	 1 125034319 2936064
 1314788	 0.22000718	 13947 25528 130862	 1 0.00392156862745098	 1 125093840 2937674
 1315303	 0.8965517	 13953 25538 130911	 1 0.00392156862745098	 1 125094038 2937674
 1315780	 0.22000718	 13962 25550 130963	 1 0.00392156862745098	 1 125094168 2937674
 1316302	 0.8965517	 13974 25564 131015	 1 0.00392156862745098	 1 125094206 2937674
 1316786	 0.8965517	 13979 25576 131062	 1 0.00392156862745098	 1 125094336 2937674
 1317311	 0.8965517	 13989 25588 131112	 1 0.00392156862745098	 1 125094428 2937674
 1317785	 0.22000718	 13995 25597 131161	 1 0.00392156862745098	 1 125094704 2937674
 1318307	 0.22000718	 14005 25610 131211	 1 0.00392156862745098	 1 125095102 2937674
 1318786	 0.8965517	 14012 25620 131261	 1 0.00392156862745098	 1 125095240 2937674
 1319296	 0.22000718	 14015 25630 131311	 1 0.00392156862745098	 1 125095638 2937674
 1319813	 0.22000718	 14026 25645 131361	 1 0.00392156862745098	 1 125095906 2937674
 1320280	 0.22000718	 14032 25655 131411	 1 0.00392156862745098	 1 125095998 2937674
 1320813	 0.8965517	 14041 25667 131462	 1 0.00392156862745098	 1 125096504 2937674
 1321303	 0.8965517	 14050 25680 131514	 1 0.00392156862745098	 1 125096688 2937674
 1321796	 0.22000718	 14059 25690 131561	 1 0.00392156862745098	 1 125096734 2937674
 1322295	 0.8965517	 14066 25701 131609	 1 0.00392156862745098	 1 125097006 2937674
 1322793	 0.7241379	 14082 25746 131663	 1 0.00392156862745098	 1 125734772 2953782
 1323310	 0.8965517	 14092 25775 131706	 1 0.00392156862745098	 1 126369610 2969396
 1323802	 0.44827586	 14102 25804 131753	 1 0.00392156862745098	 1 126947446 2982416
 1324295	 0.22000718	 14112 25828 131802	 1 0.00392156862745098	 1 127229645 2989346
 1324801	 0.8965517	 14123 25841 131851	 1 0.00392156862745098	 1 127230379 2989346
 1325280	 0.22000718	 14129 25853 131903	 1 0.00392156862745098	 1 127230539 2989346
 1325785	 0.8965517	 14135 25862 131951	 1 0.00392156862745098	 1 127230921 2989346
 1326286	 0.8965517	 14146 25874 132001	 1 0.00392156862745098	 1 127231043 2989346
 1326786	 0.22000718	 14153 25884 132052	 1 0.00392156862745098	 1 127231269 2989346
 1327295	 0.22000718	 14159 25893 132101	 1 0.00392156862745098	 1 127231491 2989346
 1327794	 0.22000718	 14175 25910 132159	 1 0.00392156862745098	 1 127231889 2989346
 1328296	 0.8965517	 14180 25920 132203	 1 0.00392156862745098	 1 127232095 2989346
 1328800	 0.22000718	 14187 25931 132253	 1 0.00392156862745098	 1 127232385 2989346
 1329279	 0.22000718	 14195 25942 132302	 1 0.00392156862745098	 1 127232583 2989346
 1329786	 0.22000718	 14206 25957 132353	 1 0.00392156862745098	 1 127232667 2989346
 1330279	 0.22000718	 14212 25966 132402	 1 0.00392156862745098	 1 127232881 2989346
 1330799	 0.22000718	 14220 25976 132452	 1 0.00392156862745098	 1 127232881 2989346
 1331279	 0.22000718	 14231 25990 132503	 1 0.00392156862745098	 1 127232927 2989346
 1331786	 0.22000718	 14239 26000 132552	 1 0.00392156862745098	 1 127233057 2989346
 1332280	 0.22000718	 14245 26010 132603	 1 0.00392156862745098	 1 127233057 2989346
 1332775	 0.8965517	 14262 26045 132650	 1 0.00392156862745098	 1 127930665 3005830
 1333306	 0.79310346	 14270 26080 132692	 1 0.00392156862745098	 1 128656679 3022982
 1333817	 0.8965517	 14275 26115 132736	 1 0.00392156862745098	 1 129281447 3038012
 1334280	 0.8965517	 14288 26134 132790	 1 0.00392156862745098	 1 129362714 3040112
 1334801	 0.22000718	 14293 26146 132835	 1 0.00392156862745098	 1 129362802 3040112
 1335297	 0.22000718	 14300 26156 132885	 1 0.00392156862745098	 1 129362986 3040112
 1335798	 0.22000718	 14309 26167 132935	 1 0.00392156862745098	 1 129363384 3040112
 1336308	 0.22000718	 14320 26180 132984	 1 0.00392156862745098	 1 129363460 3040112
 1336779	 0.22000718	 14328 26192 133035	 1 0.00392156862745098	 1 129363888 3040112
 1337316	 0.8965517	 14333 26202 133084	 1 0.00392156862745098	 1 129364324 3040112
 1337803	 0.22000718	 14342 26218 133135	 1 0.00392156862745098	 1 129364408 3040112
 1338301	 0.22000718	 14347 26227 133183	 1 0.00392156862745098	 1 129364890 3040112
 1338812	 0.8965517	 14351 26237 133233	 1 0.00392156862745098	 1 129364982 3040112
 1339300	 0.22000718	 14363 26254 133290	 1 0.00392156862745098	 1 129365350 3040112
 1339779	 0.22000718	 14371 26266 133334	 1 0.00392156862745098	 1 129365848 3040112
 1340299	 0.8965517	 14377 26276 133384	 1 0.00392156862745098	 1 129366166 3040112
 1340811	 0.22000718	 14384 26286 133434	 1 0.00392156862745098	 1 129366664 3040112
 1341297	 0.22000718	 14393 26301 133485	 1 0.00392156862745098	 1 129367100 3040112
 1341811	 0.22000718	 14398 26311 133534	 1 0.00392156862745098	 1 129367284 3040112
 1342297	 0.22000718	 14408 26322 133585	 1 0.00392156862745098	 1 129367544 3040112
 1342796	 0.22000718	 14432 26358 133635	 1 0.00392156862745098	 1 129367904 3040112
 1343286	 0.8965517	 14451 26383 133685	 1 0.00392156862745098	 1 129368172 3040112
 1343793	 0.37931034	 14465 26404 133734	 1 0.00392156862745098	 1 129368448 3040112
 1344286	 0.8965517	 14477 26424 133791	 1 0.00392156862745098	 1 129368632 3040112
 1344804	 0.8965517	 14485 26434 133833	 1 0.00392156862745098	 1 129368838 3040112
 1345301	 0.22000718	 14492 26445 133885	 1 0.00392156862745098	 1 129368922 3040112
 1345800	 0.22000718	 14501 26459 133938	 1 0.00392156862745098	 1 129368922 3040112
 1346303	 0.22000718	 14508 26469 133985	 1 0.00392156862745098	 1 129369060 3040112
 1346808	 0.8965517	 14519 26485 134040	 1 0.00392156862745098	 1 129369304 3040112
 1347295	 0.8965517	 14524 26495 134084	 1 0.00392156862745098	 1 129369442 3040112
 1347818	 0.8965517	 14535 26509 134136	 1 0.00392156862745098	 1 129369534 3040112
 1348279	 0.8965517	 14550 26529 134185	 1 0.00392156862745098	 1 129369580 3040112
 1348780	 0.8965517	 14554 26538 134233	 1 0.00392156862745098	 1 129369856 3040112
 1349280	 0.22000718	 14561 26551 134284	 1 0.00392156862745098	 1 129370224 3040112
 1349779	 0.22000718	 14568 26562 134334	 1 0.00392156862745098	 1 129370316 3040112
 1350316	 0.8965517	 14572 26574 134385	 1 0.00392156862745098	 1 129370454 3040112
 1350814	 0.8965517	 14596 26613 134441	 1 0.00392156862745098	 1 129370852 3040112
 1351285	 0.22000718	 14601 26627 134484	 1 0.00392156862745098	 1 129371020 3040112
 1351817	 0.8965517	 14608 26643 134536	 1 0.00392156862745098	 1 129371112 3040112
 1352344	 0.8965517	 14636 26683 134587	 1 0.00392156862745098	 1 129371434 3040112
 1352817	 0.8965517	 14645 26699 134636	 1 0.00392156862745098	 1 129371434 3040112
