up_time cpu_freq utime work_time total_time screen_on brightness wifi_on wifi_rx_bytes wifi_tx_bytes
 6048725	 0.22000718	 30395 65114 512989	 1 0.00392156862745098	 1 209974494 4913384
 6049184	 0.8965517	 30417 65141 513029	 1 0.00392156862745098	 1 209974586 4913384
 6049692	 0.22000718	 30429 65168 513081	 1 0.00392156862745098	 1 209974678 4913384
 6050173	 0.8965517	 30462 65210 513131	 1 0.00392156862745098	 1 209974914 4913384
 6050696	 0.8965517	 30490 65247 513183	 1 0.00392156862745098	 1 209975212 4913384
 6051180	 0.8965517	 30498 65258 513231	 1 0.00392156862745098	 1 209975464 4913384
 6051680	 0.22000718	 30529 65296 513283	 1 0.00392156862745098	 1 209975732 4913384
 6052201	 0.22000718	 30536 65308 513333	 1 0.00392156862745098	 1 209976352 4913384
 6052675	 0.22000718	 30545 65319 513382	 1 0.00392156862745098	 1 209976666 4913384
 6053198	 0.8965517	 30552 65334 513436	 1 0.00392156862745098	 1 209977340 4913384
 6053676	 0.22000718	 30561 65344 513481	 1 0.00392156862745098	 1 209977512 4913384
 6054182	 0.41379312	 30577 65374 513530	 1 0.00392156862745098	 1 209978106 4913618
 6054679	 0.22000718	 30590 65412 513580	 1 0.00392156862745098	 1 210511593 4928128
 6055180	 0.22000718	 30598 65423 513629	 1 0.00392156862745098	 1 210511753 4928128
 6055681	 0.22000718	 30605 65434 513679	 1 0.00392156862745098	 1 210512067 4928128
 6056180	 0.22000718	 30612 65447 513729	 1 0.00392156862745098	 1 210512649 4928128
 6056690	 0.22000718	 30618 65459 513778	 1 0.00392156862745098	 1 210512871 4928128
 6057205	 0.22000718	 30625 65473 513827	 1 0.00392156862745098	 1 210513055 4928128
 6057675	 0.22000718	 30632 65485 513878	 1 0.00392156862745098	 1 210513469 4928128
 6058195	 0.22000718	 30644 65503 513927	 1 0.00392156862745098	 1 210513653 4928128
 6058696	 0.22000718	 30650 65513 513977	 1 0.00392156862745098	 1 210513975 4928128
 6059196	 0.22000718	 30657 65523 514027	 1 0.00392156862745098	 1 210514067 4928128
 6059681	 0.8965517	 30665 65535 514076	 1 0.00392156862745098	 1 210514297 4928128
 6060190	 0.22000718	 30671 65548 514128	 1 0.00392156862745098	 1 210514481 4928128
 6060690	 0.22000718	 30678 65558 514177	 1 0.00392156862745098	 1 210514573 4928128
 6061180	 0.22000718	 30686 65570 514228	 1 0.00392156862745098	 1 210514745 4928128
 6061693	 0.22000718	 30695 65582 514278	 1 0.00392156862745098	 1 210514921 4928128
 6062180	 0.22000718	 30707 65598 514327	 1 0.00392156862745098	 1 210515139 4928128
 6062690	 0.22000718	 30723 65616 514385	 1 0.00392156862745098	 1 210515491 4928128
 6063209	 0.8965517	 30731 65627 514427	 1 0.00392156862745098	 1 210515659 4928198
 6063691	 0.22000718	 30735 65639 514478	 1 0.00392156862745098	 1 210515927 4928198
 6064196	 0.8965517	 30738 65654 514524	 1 0.00392156862745098	 1 210583225 4929982
 6064676	 0.22000718	 30746 65684 514574	 1 0.00392156862745098	 1 211049560 4942810
 6065204	 0.22000718	 30754 65695 514625	 1 0.00392156862745098	 1 211049728 4942810
 6065676	 0.22000718	 30760 65705 514674	 1 0.00392156862745098	 1 211049950 4942810
 6066180	 0.22000718	 30768 65717 514725	 1 0.00392156862745098	 1 211049950 4942810
 6066675	 0.8965517	 30772 65727 514774	 1 0.00392156862745098	 1 211050226 4942810
 6067176	 0.22000718	 30780 65740 514823	 1 0.00392156862745098	 1 211050318 4942810
 6067692	 0.22000718	 30792 65756 514873	 1 0.00392156862745098	 1 211050502 4942810
 6068180	 0.22000718	 30799 65766 514924	 1 0.00392156862745098	 1 211050594 4942810
 6068676	 0.22000718	 30808 65777 514974	 1 0.00392156862745098	 1 211050774 4942810
 6069190	 0.22000718	 30816 65788 515025	 1 0.00392156862745098	 1 211051004 4942810
 6069690	 0.8965517	 30825 65799 515074	 1 0.00392156862745098	 1 211051322 4942810
 6070180	 0.22000718	 30829 65809 515124	 1 0.00392156862745098	 1 211051414 4942810
 6070701	 0.22000718	 30837 65820 515175	 1 0.00392156862745098	 1 211051770 4942810
 6071180	 0.22000718	 30842 65830 515224	 1 0.00392156862745098	 1 211051816 4942810
 6071681	 0.22000718	 30852 65842 515275	 1 0.00392156862745098	 1 211052084 4942810
 6072176	 0.8965517	 30868 65863 515335	 1 0.00392156862745098	 1 211052268 4942810
 6072690	 0.22000718	 30876 65876 515376	 1 0.00392156862745098	 1 211052314 4942810
 6073180	 0.22000718	 30884 65886 515424	 1 0.00392156862745098	 1 211052544 4942810
 6073707	 0.22000718	 30890 65897 515475	 1 0.00392156862745098	 1 211052636 4942810
 6074192	 0.8965517	 30894 65910 515522	 1 0.00392156862745098	 1 211119858 4944594
 6074695	 0.22000718	 30905 65938 515572	 1 0.00392156862745098	 1 211586109 4957316
 6075181	 0.22000718	 30914 65949 515621	 1 0.00392156862745098	 1 211586155 4957316
 6075680	 0.22000718	 30921 65960 515671	 1 0.00392156862745098	 1 211586247 4957316
 6076180	 0.8965517	 30926 65970 515721	 1 0.00392156862745098	 1 211586385 4957316
 6076675	 0.22000718	 30933 65981 515772	 1 0.00392156862745098	 1 211586519 4957316
 6077192	 0.22000718	 30944 65999 515823	 1 0.00392156862745098	 1 211586607 4957316
 6077680	 0.22000718	 30949 66009 515871	 1 0.00392156862745098	 1 211586741 4957316
 6078180	 0.22000718	 30958 66020 515922	 1 0.00392156862745098	 1 211586871 4957316
 6078696	 0.22000718	 30966 66031 515972	 1 0.00392156862745098	 1 211586985 4957316
 6079191	 0.22000718	 30971 66042 516021	 1 0.00392156862745098	 1 211586985 4957316
 6079691	 0.22000718	 30981 66055 516071	 1 0.00392156862745098	 1 211586985 4957316
 6080181	 0.22000718	 30987 66066 516121	 1 0.00392156862745098	 1 211587123 4957316
 6080694	 0.22000718	 30992 66075 516171	 1 0.00392156862745098	 1 211587123 4957316
 6081190	 0.22000718	 30996 66086 516222	 1 0.00392156862745098	 1 211587353 4957316
 6081690	 0.22000718	 31008 66102 516270	 1 0.00392156862745098	 1 211587537 4957316
 6082197	 0.22000718	 31016 66112 516321	 1 0.00392156862745098	 1 211587537 4957316
 6082681	 0.22000718	 31026 66123 516372	 1 0.00392156862745098	 1 211587675 4957316
 6083191	 0.22000718	 31040 66140 516421	 1 0.00392156862745098	 1 211587889 4957316
 6083695	 0.22000718	 31049 66151 516471	 1 0.00392156862745098	 1 211587935 4957316
 6084224	 0.8965517	 31059 66166 516521	 1 0.00392156862745098	 1 211653861 4959030
 6084681	 0.22000718	 31069 66196 516568	 1 0.00392156862745098	 1 212120058 4970510
 6085210	 0.8965517	 31077 66208 516619	 1 0.00392156862745098	 1 212120142 4970510
 6085691	 0.22000718	 31085 66220 516669	 1 0.00392156862745098	 1 212120280 4970510
 6086196	 0.8965517	 31098 66236 516725	 1 0.00392156862745098	 1 212120602 4970510
 6086696	 0.22000718	 31106 66246 516768	 1 0.00392156862745098	 1 212120648 4970510
 6087181	 0.22000718	 31113 66256 516818	 1 0.00392156862745098	 1 212120786 4970510
 6087695	 0.22000718	 31119 66267 516868	 1 0.00392156862745098	 1 212120878 4970510
 6088181	 0.22000718	 31129 66281 516918	 1 0.00392156862745098	 1 212121246 4970510
 6088680	 0.22000718	 31136 66291 516968	 1 0.00392156862745098	 1 212121338 4970510
 6089176	 0.22000718	 31142 66302 517019	 1 0.00392156862745098	 1 212121522 4970510
 6089680	 0.22000718	 31150 66315 517068	 1 0.00392156862745098	 1 212121568 4970510
 6090175	 0.22000718	 31155 66324 517117	 1 0.00392156862745098	 1 212121706 4970510
 6090693	 0.22000718	 31163 66337 517169	 1 0.00392156862745098	 1 212121936 4970510
 6091198	 0.22000718	 31174 66352 517217	 1 0.00392156862745098	 1 212122074 4970510
 6091702	 0.22000718	 31179 66362 517268	 1 0.00392156862745098	 1 212122074 4970510
 6092195	 0.22000718	 31185 66372 517318	 1 0.00392156862745098	 1 212122120 4970510
 6092696	 0.22000718	 31192 66382 517367	 1 0.00392156862745098	 1 212122212 4970510
 6093190	 0.8965517	 31201 66394 517420	 1 0.00392156862745098	 1 212122350 4970510
 6093680	 0.22000718	 31209 66405 517468	 1 0.00392156862745098	 1 212122488 4970510
 6094194	 0.8965517	 31215 66420 517516	 1 0.00392156862745098	 1 212189744 4972504
 6094682	 0.22000718	 31228 66457 517565	 1 0.00392156862745098	 1 212655949 4984850
 6095181	 0.22000718	 31233 66468 517617	 1 0.00392156862745098	 1 212656179 4984850
 6095694	 0.22000718	 31238 66477 517666	 1 0.00392156862745098	 1 212656225 4984850
 6096175	 0.22000718	 31252 66495 517717	 1 0.00392156862745098	 1 212656455 4984850
 6096689	 0.22000718	 31258 66504 517765	 1 0.00392156862745098	 1 212656593 4984850
 6097190	 0.22000718	 31266 66513 517815	 1 0.00392156862745098	 1 212656823 4984850
 6097693	 0.8965517	 31273 66523 517866	 1 0.00392156862745098	 1 212657007 4984850
 6098190	 0.22000718	 31281 66532 517915	 1 0.00392156862745098	 1 212657099 4984850
 6098681	 0.22000718	 31289 66543 517967	 1 0.00392156862745098	 1 212657467 4984850
 6099180	 0.22000718	 31294 66553 518016	 1 0.00392156862745098	 1 212657743 4984850
 6099692	 0.8965517	 31302 66565 518065	 1 0.00392156862745098	 1 212657881 4984850
 6100181	 0.22000718	 31308 66575 518116	 1 0.00392156862745098	 1 212658203 4984850
 6100681	 0.86206895	 31323 66593 518173	 1 0.00392156862745098	 1 212658295 4984850
 6101190	 0.22000718	 31331 66604 518215	 1 0.00392156862745098	 1 212658433 4984850
 6101718	 0.8965517	 31337 66615 518265	 1 0.00392156862745098	 1 212658755 4984850
 6102208	 0.22000718	 31344 66625 518316	 1 0.00392156862745098	 1 212658893 4984850
 6102681	 0.22000718	 31352 66637 518366	 1 0.00392156862745098	 1 212659307 4984850
 6103194	 0.22000718	 31360 66648 518416	 1 0.00392156862745098	 1 212659533 4984850
 6103675	 0.22000718	 31368 66660 518466	 1 0.00392156862745098	 1 212659667 4984850
 6104215	 0.8965517	 31373 66674 518515	 1 0.00392156862745098	 1 212727207 4986564
 6104690	 0.22000718	 31384 66702 518564	 1 0.00392156862745098	 1 213193534 4999322
 6105195	 0.22000718	 31388 66711 518613	 1 0.00392156862745098	 1 213193534 4999322
 6105680	 0.22000718	 31400 66730 518666	 1 0.00392156862745098	 1 213193886 4999322
 6106175	 0.22000718	 31407 66739 518714	 1 0.00392156862745098	 1 213193924 4999322
 6106707	 0.22000718	 31414 66750 518765	 1 0.00392156862745098	 1 213194154 4999322
 6107181	 0.22000718	 31419 66761 518815	 1 0.00392156862745098	 1 213194384 4999322
 6107680	 0.22000718	 31424 66774 518864	 1 0.00392156862745098	 1 213194660 4999322
 6108192	 0.22000718	 31434 66786 518915	 1 0.00392156862745098	 1 213195028 4999322
 6108705	 0.22000718	 31439 66795 518964	 1 0.00392156862745098	 1 213195304 4999322
 6109180	 0.22000718	 31446 66805 519014	 1 0.00392156862745098	 1 213195350 4999322
 6109680	 0.22000718	 31455 66818 519064	 1 0.00392156862745098	 1 213195626 4999322
 6110180	 0.8965517	 31472 66837 519124	 1 0.00392156862745098	 1 213195902 4999322
 6110698	 0.22000718	 31480 66847 519164	 1 0.00392156862745098	 1 213196040 4999322
 6111175	 0.22000718	 31486 66858 519215	 1 0.00392156862745098	 1 213196316 4999322
 6111676	 0.8965517	 31494 66872 519265	 1 0.00392156862745098	 1 213196592 4999322
 6112175	 0.22000718	 31501 66885 519315	 1 0.00392156862745098	 1 213196868 4999322
 6112700	 0.22000718	 31505 66896 519365	 1 0.00392156862745098	 1 213197374 4999322
 6113193	 0.22000718	 31513 66905 519413	 1 0.00392156862745098	 1 213197604 4999322
 6113690	 0.22000718	 31518 66917 519464	 1 0.00392156862745098	 1 213197972 4999322
 6114172	 0.8965517	 31528 66930 519510	 1 0.00392156862745098	 1 213198524 4999322
 6114686	 0.22000718	 31547 66966 519565	 1 0.00392156862745098	 1 213198960 4999322
 6115194	 0.8965517	 31569 66996 519613	 1 0.00392156862745098	 1 213199212 4999322
 6115725	 0.8965517	 31590 67026 519667	 1 0.00392156862745098	 1 213199648 4999322
 6116191	 0.22000718	 31594 67039 519715	 1 0.00392156862745098	 1 213199740 4999322
 6116680	 0.22000718	 31601 67049 519764	 1 0.00392156862745098	 1 213199970 4999322
 6117180	 0.22000718	 31609 67059 519814	 1 0.00392156862745098	 1 213200016 4999322
 6117680	 0.22000718	 31625 67080 519865	 1 0.00392156862745098	 1 213200100 4999322
 6118190	 0.22000718	 31639 67099 519914	 1 0.00392156862745098	 1 213200146 4999322
 6118680	 0.8965517	 31653 67122 519961	 1 0.00392156862745098	 1 213200238 4999322
 6119193	 0.22000718	 31669 67151 520014	 1 0.00392156862745098	 1 213200238 4999322
 6119680	 0.8965517	 31687 67176 520061	 1 0.00392156862745098	 1 213200560 4999322
 6120180	 0.22000718	 31716 67217 520115	 1 0.00392156862745098	 1 213200560 4999322
 6120694	 0.22000718	 31722 67226 520163	 1 0.00392156862745098	 1 213200560 4999322
 6121193	 0.22000718	 31729 67237 520215	 1 0.00392156862745098	 1 213200560 4999322
