up_time cpu_freq utime work_time total_time screen_on brightness wifi_on wifi_rx_bytes wifi_tx_bytes
 5392436	 0.8965517	 25994 57221 447460	 1 0.00392156862745098	 1 200080606 4677868
 5392921	 0.8965517	 26010 57242 447509	 1 0.00392156862745098	 1 200080858 4677868
 5393333	 0.22000718	 26025 57267 447551	 1 0.00392156862745098	 1 200081408 4677868
 5393830	 0.22000718	 26036 57287 447607	 1 0.00392156862745098	 1 200081882 4677868
 5394310	 0.22000718	 26064 57324 447653	 1 0.00392156862745098	 1 200081928 4677868
 5394839	 0.22000718	 26074 57338 447703	 1 0.00392156862745098	 1 200082342 4677868
 5395316	 0.22000718	 26094 57367 447753	 1 0.00392156862745098	 1 200082468 4677938
 5395810	 0.22000718	 26100 57379 447802	 1 0.00392156862745098	 1 200082552 4677938
 5396331	 0.22000718	 26112 57396 447857	 1 0.00392156862745098	 1 200082728 4677938
 5396835	 0.22000718	 26119 57406 447902	 1 0.00392156862745098	 1 200083004 4677938
 5397334	 0.22000718	 26126 57416 447952	 1 0.00392156862745098	 1 200083050 4677938
 5397837	 0.8965517	 26132 57430 448002	 1 0.00392156862745098	 1 200083188 4677938
 5398318	 0.8965517	 26142 57474 448049	 1 0.00392156862745098	 1 200621260 4691072
 5398833	 0.8965517	 26158 57511 448106	 1 0.00392156862745098	 1 201148598 4703952
 5399330	 0.22000718	 26163 57525 448150	 1 0.00392156862745098	 1 201148644 4703952
 5399813	 0.22000718	 26170 57536 448200	 1 0.00392156862745098	 1 201149150 4703952
 5400311	 0.8965517	 26174 57545 448247	 1 0.00392156862745098	 1 201149380 4703952
 5400821	 0.8965517	 26181 57557 448298	 1 0.00392156862745098	 1 201149610 4703952
 5401310	 0.22000718	 26194 57574 448348	 1 0.00392156862745098	 1 201149878 4703952
 5401821	 0.22000718	 26200 57585 448399	 1 0.00392156862745098	 1 201150016 4703952
 5402336	 0.22000718	 26207 57595 448448	 1 0.00392156862745098	 1 201150468 4703952
 5402830	 0.22000718	 26212 57604 448497	 1 0.00392156862745098	 1 201150836 4703952
 5403321	 0.22000718	 26219 57614 448549	 1 0.00392156862745098	 1 201150974 4703952
 5403821	 0.22000718	 26224 57628 448600	 1 0.00392156862745098	 1 201151338 4703952
 5404321	 0.22000718	 26233 57640 448648	 1 0.00392156862745098	 1 201151882 4703952
 5404830	 0.22000718	 26243 57651 448699	 1 0.00392156862745098	 1 201151974 4703952
 5405325	 0.8965517	 26247 57660 448747	 1 0.00392156862745098	 1 201152430 4703952
 5405820	 0.22000718	 26263 57678 448799	 1 0.00392156862745098	 1 201152702 4703952
 5406311	 0.22000718	 26270 57691 448850	 1 0.00392156862745098	 1 201153116 4703952
 5406830	 0.8965517	 26276 57703 448900	 1 0.00392156862745098	 1 201153652 4703952
 5407311	 0.22000718	 26284 57714 448949	 1 0.00392156862745098	 1 201153828 4703952
 5407834	 0.22000718	 26292 57727 448999	 1 0.00392156862745098	 1 201155440 4703952
 5408332	 0.6896552	 26300 57752 449042	 1 0.00392156862745098	 1 201766808 4718196
 5408819	 0.22000718	 26310 57785 449095	 1 0.00392156862745098	 1 202222186 4728696
 5409355	 0.8965517	 26315 57798 449146	 1 0.00392156862745098	 1 202224836 4728696
 5409835	 0.22000718	 26321 57809 449193	 1 0.00392156862745098	 1 202227426 4728696
 5410320	 0.22000718	 26333 57829 449244	 1 0.00392156862745098	 1 202228690 4728696
 5410811	 0.22000718	 26342 57841 449294	 1 0.00392156862745098	 1 202229486 4728696
 5411310	 0.22000718	 26350 57851 449344	 1 0.00392156862745098	 1 202229524 4728696
 5411811	 0.22000718	 26358 57862 449394	 1 0.00392156862745098	 1 202229616 4728696
 5412334	 0.22000718	 26363 57872 449444	 1 0.00392156862745098	 1 202230030 4728696
 5412810	 0.22000718	 26370 57881 449492	 1 0.00392156862745098	 1 202230076 4728696
 5413331	 0.22000718	 26377 57892 449543	 1 0.00392156862745098	 1 202230260 4728696
 5413820	 0.22000718	 26387 57906 449593	 1 0.00392156862745098	 1 202230704 4728696
 5414324	 0.8965517	 26399 57923 449648	 1 0.00392156862745098	 1 202230834 4728696
 5414820	 0.8965517	 26405 57933 449692	 1 0.00392156862745098	 1 202231132 4728696
 5415321	 0.22000718	 26409 57943 449742	 1 0.00392156862745098	 1 202231354 4728696
 5415835	 0.22000718	 26415 57954 449792	 1 0.00392156862745098	 1 202231676 4728696
 5416335	 0.22000718	 26422 57965 449844	 1 0.00392156862745098	 1 202231906 4728696
 5416835	 0.22000718	 26429 57975 449892	 1 0.00392156862745098	 1 202232036 4728696
 5417330	 0.22000718	 26434 57987 449943	 1 0.00392156862745098	 1 202232410 4728696
 5417822	 0.22000718	 26439 57996 449992	 1 0.00392156862745098	 1 202232632 4728696
 5418335	 0.8965517	 26446 58030 450041	 1 0.00392156862745098	 1 202791998 4743192
 5418836	 0.22000718	 26460 58062 450096	 1 0.00392156862745098	 1 203084386 4750414
 5419324	 0.8965517	 26467 58083 450134	 1 0.00392156862745098	 1 203302052 4755874
 5419822	 0.22000718	 26478 58097 450185	 1 0.00392156862745098	 1 203302236 4755874
 5420310	 0.22000718	 26485 58109 450236	 1 0.00392156862745098	 1 203302488 4755874
 5420832	 0.8965517	 26490 58119 450285	 1 0.00392156862745098	 1 203302564 4755874
 5421335	 0.22000718	 26499 58132 450335	 1 0.00392156862745098	 1 203303000 4755874
 5421830	 0.8965517	 26504 58143 450384	 1 0.00392156862745098	 1 203303390 4755874
 5422338	 0.8965517	 26508 58154 450434	 1 0.00392156862745098	 1 203303528 4755874
 5422843	 0.22000718	 26514 58167 450485	 1 0.00392156862745098	 1 203303894 4755874
 5423329	 0.8965517	 26525 58183 450541	 1 0.00392156862745098	 1 203304422 4755874
 5423811	 0.8965517	 26530 58194 450584	 1 0.00392156862745098	 1 203304874 4755874
 5424334	 0.22000718	 26536 58206 450636	 1 0.00392156862745098	 1 203305440 4755874
 5424830	 0.22000718	 26542 58217 450685	 1 0.00392156862745098	 1 203305670 4755874
 5425321	 0.22000718	 26548 58227 450734	 1 0.00392156862745098	 1 203305938 4755874
 5425811	 0.22000718	 26554 58238 450785	 1 0.00392156862745098	 1 203306470 4755944
 5426311	 0.22000718	 26563 58249 450835	 1 0.00392156862745098	 1 203306780 4755944
 5426811	 0.22000718	 26568 58261 450884	 1 0.00392156862745098	 1 203306956 4755944
 5427325	 0.8965517	 26574 58272 450934	 1 0.00392156862745098	 1 203307262 4755944
 5427810	 0.22000718	 26584 58286 450989	 1 0.00392156862745098	 1 203307438 4755944
 5428351	 0.8965517	 26589 58315 451033	 1 0.00392156862745098	 1 203793980 4768628
 5428820	 0.8965517	 26600 58352 451077	 1 0.00392156862745098	 1 204373710 4782418
 5429332	 0.22000718	 26610 58363 451130	 1 0.00392156862745098	 1 204373786 4782418
 5429811	 0.22000718	 26617 58374 451180	 1 0.00392156862745098	 1 204373862 4782418
 5430310	 0.22000718	 26622 58384 451229	 1 0.00392156862745098	 1 204373900 4782418
 5430820	 0.22000718	 26628 58395 451280	 1 0.00392156862745098	 1 204374114 4782418
 5431331	 0.22000718	 26635 58406 451330	 1 0.00392156862745098	 1 204374482 4782418
 5431820	 0.22000718	 26640 58418 451379	 1 0.00392156862745098	 1 204374666 4782418
 5432319	 0.8965517	 26650 58432 451435	 1 0.00392156862745098	 1 204375126 4782418
 5432820	 0.22000718	 26659 58443 451480	 1 0.00392156862745098	 1 204375402 4782418
 5433322	 0.22000718	 26665 58453 451528	 1 0.00392156862745098	 1 204375858 4782418
 5433819	 0.22000718	 26673 58467 451579	 1 0.00392156862745098	 1 204376724 4782418
 5434320	 0.22000718	 26680 58479 451628	 1 0.00392156862745098	 1 204377184 4782418
 5434820	 0.22000718	 26685 58489 451679	 1 0.00392156862745098	 1 204377980 4782418
 5435330	 0.22000718	 26691 58501 451728	 1 0.00392156862745098	 1 204378692 4782418
 5435835	 0.22000718	 26698 58513 451779	 1 0.00392156862745098	 1 204379052 4782418
 5436336	 0.22000718	 26703 58524 451829	 1 0.00392156862745098	 1 204379420 4782418
 5436848	 0.8965517	 26713 58542 451886	 1 0.00392156862745098	 1 204379972 4782418
 5437335	 0.22000718	 26721 58553 451928	 1 0.00392156862745098	 1 204380286 4782418
 5437830	 0.22000718	 26728 58564 451979	 1 0.00392156862745098	 1 204380746 4782418
 5438327	 0.7241379	 26738 58593 452024	 1 0.00392156862745098	 1 204905988 4795536
 5438820	 0.22000718	 26748 58622 452074	 1 0.00392156862745098	 1 205450484 4808626
 5439320	 0.22000718	 26754 58633 452125	 1 0.00392156862745098	 1 205450990 4808626
 5439820	 0.22000718	 26761 58644 452175	 1 0.00392156862745098	 1 205451082 4808626
 5440320	 0.22000718	 26765 58654 452224	 1 0.00392156862745098	 1 205451764 4808626
 5440812	 0.22000718	 26770 58664 452274	 1 0.00392156862745098	 1 205451994 4808626
 5441337	 0.22000718	 26782 58683 452331	 1 0.00392156862745098	 1 205452346 4808626
 5441835	 0.22000718	 26791 58693 452375	 1 0.00392156862745098	 1 205453264 4808626
 5442323	 0.8965517	 26797 58703 452424	 1 0.00392156862745098	 1 205453712 4808626
 5442810	 0.22000718	 26804 58715 452474	 1 0.00392156862745098	 1 205454420 4808626
 5443335	 0.22000718	 26809 58724 452523	 1 0.00392156862745098	 1 205455116 4808626
 5443820	 0.22000718	 26815 58737 452575	 1 0.00392156862745098	 1 205455414 4808626
 5444311	 0.22000718	 26823 58752 452626	 1 0.00392156862745098	 1 205455658 4808626
 5444811	 0.22000718	 26827 58762 452674	 1 0.00392156862745098	 1 205455834 4808626
 5445330	 0.22000718	 26833 58773 452725	 1 0.00392156862745098	 1 205456094 4808626
 5445814	 0.22000718	 26846 58789 452780	 1 0.00392156862745098	 1 205456232 4808626
 5446320	 0.22000718	 26852 58800 452824	 1 0.00392156862745098	 1 205456362 4808626
 5446821	 0.8965517	 26857 58810 452874	 1 0.00392156862745098	 1 205456898 4808626
 5447311	 0.22000718	 26865 58821 452923	 1 0.00392156862745098	 1 205457074 4808626
 5447820	 0.22000718	 26872 58830 452972	 1 0.00392156862745098	 1 205457166 4808626
 5448320	 0.22000718	 26879 58842 453024	 1 0.00392156862745098	 1 205457442 4808626
 5448821	 0.22000718	 26885 58852 453073	 1 0.00392156862745098	 1 205457710 4808626
 5449320	 0.22000718	 26890 58864 453122	 1 0.00392156862745098	 1 205457940 4808626
 5449839	 0.8965517	 26897 58873 453171	 1 0.00392156862745098	 1 205458170 4808626
 5450330	 0.22000718	 26910 58891 453229	 1 0.00392156862745098	 1 205458492 4808626
 5450820	 0.22000718	 26915 58902 453273	 1 0.00392156862745098	 1 205458584 4808626
 5451320	 0.22000718	 26921 58913 453323	 1 0.00392156862745098	 1 205458998 4808626
 5451820	 0.22000718	 26931 58930 453373	 1 0.00392156862745098	 1 205459090 4808626
 5452335	 0.22000718	 26938 58941 453423	 1 0.00392156862745098	 1 205459228 4808626
 5452811	 0.22000718	 26944 58951 453472	 1 0.00392156862745098	 1 205459320 4808626
 5453320	 0.22000718	 26951 58961 453523	 1 0.00392156862745098	 1 205459412 4808626
 5453820	 0.8965517	 26957 58971 453572	 1 0.00392156862745098	 1 205459734 4808626
 5454334	 0.8965517	 26964 58982 453622	 1 0.00392156862745098	 1 205459918 4808626
 5454820	 0.22000718	 26977 59001 453682	 1 0.00392156862745098	 1 205460286 4808626
 5455320	 0.22000718	 26985 59012 453722	 1 0.00392156862745098	 1 205460700 4808626
 5455811	 0.22000718	 26992 59023 453773	 1 0.00392156862745098	 1 205460792 4808626
 5456335	 0.22000718	 26998 59034 453823	 1 0.00392156862745098	 1 205461152 4808626
 5456830	 0.22000718	 27005 59044 453873	 1 0.00392156862745098	 1 205461474 4808626
 5457320	 0.22000718	 27010 59054 453923	 1 0.00392156862745098	 1 205461650 4808626
 5457830	 0.22000718	 27016 59067 453974	 1 0.00392156862745098	 1 205462018 4808626
 5458327	 0.3448276	 27039 59102 454022	 1 0.00392156862745098	 1 205462432 4808626
 5458829	 0.22000718	 27056 59130 454074	 1 0.00392156862745098	 1 205462616 4808626
 5459329	 0.8965517	 27077 59157 454129	 1 0.00392156862745098	 1 205462800 4808626
 5459830	 0.22000718	 27085 59172 454173	 1 0.00392156862745098	 1 205462846 4808626
 5460335	 0.22000718	 27093 59183 454222	 1 0.00392156862745098	 1 205462938 4808626
 5460835	 0.22000718	 27102 59194 454272	 1 0.00392156862745098	 1 205463076 4808626
 5461310	 0.22000718	 27110 59213 454323	 1 0.00392156862745098	 1 205463122 4808626
 5461820	 0.22000718	 27120 59234 454372	 1 0.00392156862745098	 1 205463582 4808626
 5462331	 0.22000718	 27134 59259 454423	 1 0.00392156862745098	 1 205463904 4808626
 5462830	 0.22000718	 27150 59284 454473	 1 0.00392156862745098	 1 205464222 4808626
 5463325	 0.22000718	 27167 59306 454522	 1 0.00392156862745098	 1 205464582 4808626
 5463811	 0.22000718	 27180 59323 454581	 1 0.00392156862745098	 1 205465126 4808626
 5464335	 0.22000718	 27187 59335 454622	 1 0.00392156862745098	 1 205465386 4808626
 5464820	 0.22000718	 27191 59344 454671	 1 0.00392156862745098	 1 205465872 4808626
 5465330	 0.22000718	 27196 59354 454721	 1 0.00392156862745098	 1 205466132 4808626
 5465811	 0.8965517	 27204 59368 454770	 1 0.00392156862745098	 1 205466582 4808626
 5466319	 0.3448276	 27216 59394 454818	 1 0.00392156862745098	 1 205466750 4808626
 5466811	 0.8965517	 27231 59425 454871	 1 0.00392156862745098	 1 205466880 4808626
 5467328	 0.22000718	 27260 59463 454923	 1 0.00392156862745098	 1 205466880 4808626
 5467820	 0.22000718	 27270 59476 454972	 1 0.00392156862745098	 1 205467148 4808626
