up_time cpu_freq utime work_time total_time screen_on brightness wifi_on wifi_rx_bytes wifi_tx_bytes
 1518692	 0.6896552	 6694 13802 151646	 1 0.00392156862745098	 1 1000280 25944
 1519189	 0.6896552	 6705 13820 151694	 1 0.00392156862745098	 1 1000808 25944
 1519638	 0.6896552	 6729 13856 151742	 1 0.00392156862745098	 1 1001382 25944
 1520180	 0.6896552	 6744 13874 151796	 1 0.00392156862745098	 1 1002032 25944
 1520685	 0.6896552	 6763 13912 151843	 1 0.00392156862745098	 1 1002330 25944
 1521137	 0.6896552	 6769 13923 151893	 1 0.00392156862745098	 1 1003352 25944
 1521638	 0.6896552	 6795 13955 151943	 1 0.00392156862745098	 1 1004060 25944
 1522160	 0.22000718	 6804 13971 151993	 1 0.00392156862745098	 1 1004408 25944
 1522637	 0.6896552	 6812 13986 152046	 1 0.00392156862745098	 1 1005058 25944
 1523145	 0.6896552	 6822 14001 152092	 1 0.00392156862745098	 1 1005280 25944
 1523633	 0.6896552	 6834 14047 152138	 1 0.00392156862745098	 1 1005876 25944
 1524136	 0.6896552	 6839 14098 152189	 1 0.00392156862745098	 1 1006006 25944
 1524634	 0.6896552	 6843 14149 152240	 1 0.00392156862745098	 1 1006384 25944
 1525133	 0.6896552	 6848 14198 152289	 1 0.00392156862745098	 1 1006598 25944
 1525643	 0.6896552	 6856 14253 152344	 1 0.00392156862745098	 1 1006842 25944
 1526142	 0.6896552	 6859 14298 152389	 1 0.00392156862745098	 1 1007186 25944
 1526652	 0.6896552	 6864 14348 152439	 1 0.00392156862745098	 1 1007362 25944
 1527140	 0.6896552	 6867 14398 152489	 1 0.00392156862745098	 1 1007408 25944
 1527642	 0.6896552	 6870 14447 152538	 1 0.00392156862745098	 1 1007408 25944
 1528136	 0.6896552	 6873 14498 152589	 1 0.00392156862745098	 1 1007454 25944
 1528633	 0.6896552	 6880 14547 152638	 1 0.00392156862745098	 1 1007638 25944
 1529134	 0.6896552	 6890 14598 152689	 1 0.00392156862745098	 1 1007684 25944
 1529642	 0.6896552	 6894 14648 152739	 1 0.00392156862745098	 1 1007776 25944
 1530134	 0.6896552	 6899 14698 152789	 1 0.00392156862745098	 1 1007822 25944
 1530637	 0.6896552	 6901 14748 152839	 1 0.00392156862745098	 1 1007956 25944
 1531143	 0.6896552	 6904 14797 152888	 1 0.00392156862745098	 1 1007956 25944
 1531641	 0.6896552	 6907 14847 152938	 1 0.00392156862745098	 1 1008316 25944
 1532142	 0.6896552	 6914 14897 152988	 1 0.00392156862745098	 1 1008400 25944
 1532634	 0.6896552	 6917 14948 153039	 1 0.00392156862745098	 1 1008476 25944
 1533134	 0.6896552	 6920 14998 153089	 1 0.00392156862745098	 1 1008560 25944
 1533634	 0.6896552	 6925 15048 153139	 1 0.00392156862745098	 1 1008598 25944
 1534144	 0.6896552	 6930 15098 153189	 1 0.00392156862745098	 1 1008796 25944
 1534633	 0.6896552	 6935 15147 153238	 1 0.00392156862745098	 1 1009148 25944
 1535138	 0.6896552	 6944 15202 153293	 1 0.00392156862745098	 1 1009232 25944
 1535642	 0.6896552	 6947 15248 153339	 1 0.00392156862745098	 1 1009278 25944
 1536140	 0.6896552	 6951 15298 153389	 1 0.00392156862745098	 1 1009370 25944
 1536634	 0.6896552	 6955 15349 153440	 1 0.00392156862745098	 1 1009692 25944
 1537146	 0.6896552	 6959 15397 153488	 1 0.00392156862745098	 1 1009868 25944
 1537637	 0.6896552	 6963 15448 153539	 1 0.00392156862745098	 1 1010052 25944
 1538140	 0.6896552	 6971 15502 153593	 1 0.00392156862745098	 1 1010374 25944
 1538643	 0.6896552	 6978 15547 153638	 1 0.00392156862745098	 1 1010642 25944
 1539133	 0.6896552	 6981 15598 153689	 1 0.00392156862745098	 1 1010734 25944
 1539634	 0.6896552	 6984 15648 153739	 1 0.00392156862745098	 1 1010872 25944
 1540134	 0.6896552	 6987 15698 153789	 1 0.00392156862745098	 1 1011178 25944
 1540646	 0.6896552	 6994 15749 153840	 1 0.00392156862745098	 1 1011254 25944
 1541139	 0.6896552	 6997 15798 153889	 1 0.00392156862745098	 1 1011598 25944
 1541634	 0.6896552	 7005 15847 153938	 1 0.00392156862745098	 1 1011942 25944
 1542143	 0.6896552	 7010 15897 153988	 1 0.00392156862745098	 1 1012026 25944
 1542634	 0.6896552	 7014 15947 154038	 1 0.00392156862745098	 1 1012302 25944
 1543142	 0.6896552	 7021 15997 154088	 1 0.00392156862745098	 1 1012348 25944
 1543634	 0.6896552	 7024 16047 154138	 1 0.00392156862745098	 1 1012578 25944
 1544139	 0.6896552	 7029 16097 154188	 1 0.00392156862745098	 1 1012808 25944
 1544696	 0.6896552	 7039 16152 154243	 1 0.00392156862745098	 1 1013038 25944
 1545136	 0.6896552	 7045 16197 154288	 1 0.00392156862745098	 1 1013314 25944
 1545642	 0.6896552	 7048 16246 154337	 1 0.00392156862745098	 1 1013406 25944
 1546133	 0.6896552	 7053 16297 154388	 1 0.00392156862745098	 1 1013682 25944
 1546642	 0.6896552	 7059 16346 154437	 1 0.00392156862745098	 1 1014188 25944
 1547134	 0.6896552	 7063 16397 154488	 1 0.00392156862745098	 1 1014372 25944
 1547639	 0.6896552	 7070 16451 154542	 1 0.00392156862745098	 1 1014648 25944
 1548137	 0.6896552	 7074 16497 154588	 1 0.00392156862745098	 1 1014694 25944
 1548654	 0.6896552	 7078 16547 154638	 1 0.00392156862745098	 1 1014732 25944
 1549133	 0.6896552	 7082 16596 154687	 1 0.00392156862745098	 1 1014916 25944
 1549634	 0.6896552	 7090 16647 154740	 1 0.00392156862745098	 1 1015054 25944
 1550158	 0.6896552	 7105 16671 154790	 1 0.00392156862745098	 1 1015284 25944
 1550656	 0.22000718	 7121 16693 154841	 1 0.00392156862745098	 1 1015376 25944
 1551159	 0.22000718	 7147 16726 154891	 1 0.00392156862745098	 1 1015744 25944
 1551659	 0.22000718	 7154 16739 154941	 1 0.00392156862745098	 1 1015924 25944
 1552147	 0.22000718	 7163 16751 154991	 1 0.00392156862745098	 1 1016238 25944
 1552663	 0.22000718	 7170 16762 155041	 1 0.00392156862745098	 1 1016376 25944
 1553138	 0.22000718	 7174 16771 155090	 1 0.00392156862745098	 1 1016640 25944
 1553645	 0.6896552	 7181 16781 155140	 1 0.00392156862745098	 1 1016838 25944
 1554165	 0.6896552	 7195 16797 155198	 1 0.00392156862745098	 1 1017098 25944
 1554655	 0.22000718	 7199 16810 155241	 1 0.00392156862745098	 1 1017182 25944
 1555159	 0.6896552	 7207 16820 155290	 1 0.00392156862745098	 1 1017274 25944
 1555637	 0.6896552	 7214 16833 155342	 1 0.00392156862745098	 1 1017588 25944
 1556165	 0.22000718	 7223 16844 155391	 1 0.00392156862745098	 1 1017772 25944
 1556646	 0.6896552	 7232 16857 155442	 1 0.00392156862745098	 1 1017818 25944
 1557137	 0.22000718	 7248 16878 155494	 1 0.00392156862745098	 1 1018186 25944
 1557640	 0.6896552	 7265 16902 155537	 1 0.00392156862745098	 1 1018462 25944
 1558147	 0.22000718	 7279 16930 155590	 1 0.00392156862745098	 1 1018554 25944
 1558645	 0.51724136	 7304 16966 155637	 1 0.00392156862745098	 1 1018738 25944
 1559155	 0.22000718	 7317 16984 155690	 1 0.00392156862745098	 1 1018922 25944
 1559637	 0.6896552	 7325 16999 155740	 1 0.00392156862745098	 1 1019060 25944
