up_time cpu_freq utime work_time total_time screen_on brightness wifi_on wifi_rx_bytes wifi_tx_bytes
 579170	 0.8965517	 7084 12298 57637	 1 0.00392156862745098	 1 51300855 1196846
 579661	 0.8965517	 7105 12326 57698	 1 0.00392156862745098	 1 51300947 1196846
 580115	 0.22000718	 7117 12345 57736	 1 0.00392156862745098	 1 51300993 1196846
 580629	 0.8965517	 7130 12363 57791	 1 0.00392156862745098	 1 51301115 1196846
 581125	 0.8965517	 7155 12398 57837	 1 0.00392156862745098	 1 51301375 1196846
 581640	 0.22000718	 7169 12417 57894	 1 0.00392156862745098	 1 51301559 1196846
 582138	 0.22000718	 7191 12446 57937	 1 0.00392156862745098	 1 51301697 1196846
 582631	 0.22000718	 7197 12457 57987	 1 0.00392156862745098	 1 51302171 1196846
 583140	 0.22000718	 7202 12467 58037	 1 0.00392156862745098	 1 51302171 1196846
 583616	 0.22000718	 7212 12483 58094	 1 0.00392156862745098	 1 51302217 1196846
 584125	 0.22000718	 7218 12492 58137	 1 0.00392156862745098	 1 51302309 1196846
 584616	 0.8965517	 7223 12501 58187	 1 0.00392156862745098	 1 51302631 1196846
 585115	 0.8965517	 7236 12535 58234	 1 0.00392156862745098	 1 51468693 1201402
 585637	 0.8965517	 7255 12580 58288	 1 0.00392156862745098	 1 52217619 1219138
 586144	 0.8965517	 7263 12615 58330	 1 0.00392156862745098	 1 52860837 1233628
 586616	 0.8965517	 7272 12654 58376	 1 0.00392156862745098	 1 53622551 1251338
 587152	 0.44827586	 7283 12695 58424	 1 0.00392156862745098	 1 54411221 1271708
 587648	 0.8965517	 7298 12739 58476	 1 0.00392156862745098	 1 55040409 1286618
 588123	 0.22000718	 7313 12772 58520	 1 0.00392156862745098	 1 55560112 1299288
 588616	 0.22000718	 7321 12782 58570	 1 0.00392156862745098	 1 55560434 1299288
 589136	 0.22000718	 7327 12792 58620	 1 0.00392156862745098	 1 55560756 1299288
 589637	 0.22000718	 7340 12807 58675	 1 0.00392156862745098	 1 55560940 1299288
 590119	 0.22000718	 7347 12817 58720	 1 0.00392156862745098	 1 55560986 1299288
 590626	 0.22000718	 7351 12827 58771	 1 0.00392156862745098	 1 55561078 1299288
 591135	 0.8965517	 7355 12836 58819	 1 0.00392156862745098	 1 55561078 1299288
 591625	 0.22000718	 7362 12850 58874	 1 0.00392156862745098	 1 55561162 1299288
 592125	 0.22000718	 7369 12861 58921	 1 0.00392156862745098	 1 55561254 1299288
 592625	 0.22000718	 7374 12870 58970	 1 0.00392156862745098	 1 55561300 1299288
 593135	 0.22000718	 7385 12884 59020	 1 0.00392156862745098	 1 55561438 1299288
 593625	 0.8965517	 7394 12895 59071	 1 0.00392156862745098	 1 55561622 1299288
 594139	 0.22000718	 7405 12909 59120	 1 0.00392156862745098	 1 55561714 1299288
 594634	 0.22000718	 7415 12921 59171	 1 0.00392156862745098	 1 55561898 1299288
 595149	 0.8965517	 7423 12945 59219	 1 0.00392156862745098	 1 55900106 1307162
 595644	 0.7241379	 7438 12981 59264	 1 0.00392156862745098	 1 56677604 1325152
 596132	 0.8965517	 7452 13017 59311	 1 0.00392156862745098	 1 57396584 1341742
 596646	 0.51724136	 7460 13058 59361	 1 0.00392156862745098	 1 58225274 1361426
 597161	 0.8965517	 7471 13098 59406	 1 0.00392156862745098	 1 58814626 1375684
 597646	 0.51724136	 7478 13134 59452	 1 0.00392156862745098	 1 59616222 1394760
 598190	 0.8965517	 7493 13158 59505	 1 0.00392156862745098	 1 59820883 1399730
 598625	 0.22000718	 7499 13168 59552	 1 0.00392156862745098	 1 59821151 1399730
 599125	 0.22000718	 7504 13179 59602	 1 0.00392156862745098	 1 59821289 1399730
 599641	 0.8965517	 7509 13187 59651	 1 0.00392156862745098	 1 59821657 1399730
 600125	 0.7241379	 7521 13200 59706	 1 0.00392156862745098	 1 59821971 1399730
 600635	 0.22000718	 7528 13211 59753	 1 0.00392156862745098	 1 59822055 1399730
 601146	 0.22000718	 7537 13223 59803	 1 0.00392156862745098	 1 59822407 1399730
 601625	 0.8965517	 7551 13242 59851	 1 0.00392156862745098	 1 59822583 1399730
 602139	 0.22000718	 7558 13254 59905	 1 0.00392156862745098	 1 59822843 1399730
 602643	 0.22000718	 7566 13265 59952	 1 0.00392156862745098	 1 59823027 1399730
 603125	 0.22000718	 7575 13277 60001	 1 0.00392156862745098	 1 59823157 1399730
 603640	 0.22000718	 7582 13287 60051	 1 0.00392156862745098	 1 59823249 1399730
 604125	 0.22000718	 7590 13301 60106	 1 0.00392156862745098	 1 59823387 1399730
 604625	 0.22000718	 7599 13313 60152	 1 0.00392156862745098	 1 59823387 1399730
 605150	 0.41379312	 7605 13333 60199	 1 0.00392156862745098	 1 60114629 1407210
 605647	 0.8965517	 7614 13370 60249	 1 0.00392156862745098	 1 60683977 1420580
 606116	 0.55172414	 7629 13414 60306	 1 0.00392156862745098	 1 61539669 1439760
 606632	 0.8965517	 7639 13445 60344	 1 0.00392156862745098	 1 62128905 1452990
 607116	 0.55172414	 7646 13481 60391	 1 0.00392156862745098	 1 62948939 1472300
 607656	 0.8965517	 7656 13520 60440	 1 0.00392156862745098	 1 63566519 1486510
 608120	 0.22000718	 7671 13556 60490	 1 0.00392156862745098	 1 64079050 1498830
 608624	 0.22000718	 7678 13568 60538	 1 0.00392156862745098	 1 64079096 1498830
 609144	 0.22000718	 7687 13579 60587	 1 0.00392156862745098	 1 64079280 1498830
 609641	 0.22000718	 7691 13588 60637	 1 0.00392156862745098	 1 64079510 1498830
 610126	 0.22000718	 7699 13597 60686	 1 0.00392156862745098	 1 64079602 1498830
 610619	 0.22000718	 7710 13611 60737	 1 0.00392156862745098	 1 64079984 1498830
 611134	 0.22000718	 7714 13622 60787	 1 0.00392156862745098	 1 64080214 1498830
 611638	 0.8965517	 7720 13631 60836	 1 0.00392156862745098	 1 64080658 1498830
 612125	 0.8965517	 7726 13644 60887	 1 0.00392156862745098	 1 64081064 1498830
 612625	 0.22000718	 7741 13662 60937	 1 0.00392156862745098	 1 64081324 1498830
 613125	 0.22000718	 7749 13675 60987	 1 0.00392156862745098	 1 64081806 1498830
 613625	 0.22000718	 7756 13684 61037	 1 0.00392156862745098	 1 64082150 1498830
 614139	 0.22000718	 7764 13695 61087	 1 0.00392156862745098	 1 64082380 1498830
 614636	 0.8965517	 7775 13707 61136	 1 0.00392156862745098	 1 64082518 1498830
 615138	 0.8965517	 7779 13729 61185	 1 0.00392156862745098	 1 64440782 1507650
 615614	 0.8965517	 7789 13760 61232	 1 0.00392156862745098	 1 64980306 1520110
 616158	 0.8965517	 7796 13804 61283	 1 0.00392156862745098	 1 65887518 1541530
 616630	 0.8965517	 7809 13842 61329	 1 0.00392156862745098	 1 66577886 1558382
 617140	 0.8965517	 7815 13876 61375	 1 0.00392156862745098	 1 67283894 1574342
 617640	 0.7241379	 7825 13912 61421	 1 0.00392156862745098	 1 68048368 1593684
 618164	 0.8965517	 7829 13935 61469	 1 0.00392156862745098	 1 68339785 1601766
 618620	 0.22000718	 7840 13952 61518	 1 0.00392156862745098	 1 68339969 1601766
 619116	 0.22000718	 7848 13962 61568	 1 0.00392156862745098	 1 68339969 1601766
 619635	 0.22000718	 7852 13974 61619	 1 0.00392156862745098	 1 68339969 1601766
 620139	 0.22000718	 7859 13984 61668	 1 0.00392156862745098	 1 68340107 1601766
 620683	 0.8965517	 7868 13996 61720	 1 0.00392156862745098	 1 68340153 1601766
 621135	 0.22000718	 7872 14007 61768	 1 0.00392156862745098	 1 68340475 1601766
 621642	 0.22000718	 7878 14018 61819	 1 0.00392156862745098	 1 68340659 1601766
 622140	 0.22000718	 7885 14027 61867	 1 0.00392156862745098	 1 68340797 1601766
 622625	 0.8965517	 7894 14041 61922	 1 0.00392156862745098	 1 68341257 1601766
 623134	 0.22000718	 7899 14051 61968	 1 0.00392156862745098	 1 68341533 1601766
 623635	 0.8965517	 7908 14062 62018	 1 0.00392156862745098	 1 68341809 1601766
 624155	 0.22000718	 7915 14073 62069	 1 0.00392156862745098	 1 68342269 1601766
 624643	 0.8965517	 7927 14088 62122	 1 0.00392156862745098	 1 68342797 1601766
 625115	 0.37931034	 7936 14107 62161	 1 0.00392156862745098	 1 68618391 1608870
 625658	 0.8965517	 7941 14145 62212	 1 0.00392156862745098	 1 69247661 1625004
 626137	 0.79310346	 7955 14183 62259	 1 0.00392156862745098	 1 69966365 1641924
 626656	 0.4827586	 7970 14231 62315	 1 0.00392156862745098	 1 70816491 1661454
 627140	 0.7241379	 7975 14260 62354	 1 0.00392156862745098	 1 71512609 1677484
 627637	 0.7586207	 7987 14299 62402	 1 0.00392156862745098	 1 72348429 1696830
 628138	 0.8965517	 7999 14322 62448	 1 0.00392156862745098	 1 72607002 1703200
 628616	 0.22000718	 8008 14337 62503	 1 0.00392156862745098	 1 72607178 1703200
 629116	 0.22000718	 8013 14347 62549	 1 0.00392156862745098	 1 72607316 1703200
 629625	 0.22000718	 8018 14357 62599	 1 0.00392156862745098	 1 72607408 1703200
 630115	 0.22000718	 8022 14368 62649	 1 0.00392156862745098	 1 72607546 1703200
 630642	 0.22000718	 8032 14382 62703	 1 0.00392156862745098	 1 72607814 1703200
 631138	 0.8965517	 8041 14393 62749	 1 0.00392156862745098	 1 72608090 1703200
 631617	 0.22000718	 8048 14404 62799	 1 0.00392156862745098	 1 72608412 1703200
 632138	 0.22000718	 8056 14414 62850	 1 0.00392156862745098	 1 72608826 1703200
 632640	 0.22000718	 8062 14424 62899	 1 0.00392156862745098	 1 72609240 1703200
 633125	 0.8965517	 8071 14439 62948	 1 0.00392156862745098	 1 72609424 1703200
 633617	 0.8965517	 8075 14447 62996	 1 0.00392156862745098	 1 72609650 1703200
 634125	 0.8965517	 8079 14457 63046	 1 0.00392156862745098	 1 72609830 1703200
 634625	 0.22000718	 8086 14467 63098	 1 0.00392156862745098	 1 72610056 1703200
 635140	 0.22000718	 8095 14481 63148	 1 0.00392156862745098	 1 72610216 1703200
 635636	 0.22000718	 8100 14491 63198	 1 0.00392156862745098	 1 72610254 1703200
 636125	 0.22000718	 8107 14501 63248	 1 0.00392156862745098	 1 72610330 1703200
 636616	 0.22000718	 8114 14513 63298	 1 0.00392156862745098	 1 72610460 1703200
 637136	 0.22000718	 8126 14529 63349	 1 0.00392156862745098	 1 72610506 1703200
 637618	 0.22000718	 8133 14539 63398	 1 0.00392156862745098	 1 72610544 1703200
 638125	 0.22000718	 8139 14548 63448	 1 0.00392156862745098	 1 72610544 1703200
 638644	 0.22000718	 8146 14559 63499	 1 0.00392156862745098	 1 72610636 1703200
 639142	 0.22000718	 8156 14572 63547	 1 0.00392156862745098	 1 72610820 1703200
 639640	 0.22000718	 8163 14582 63597	 1 0.00392156862745098	 1 72610820 1703200
 640125	 0.22000718	 8170 14593 63648	 1 0.00392156862745098	 1 72611004 1703200
 640616	 0.22000718	 8175 14603 63697	 1 0.00392156862745098	 1 72612154 1703200
 641117	 0.79310346	 8183 14615 63750	 1 0.00392156862745098	 1 72612614 1703200
 641635	 0.22000718	 8190 14625 63797	 1 0.00392156862745098	 1 72612882 1703200
 642135	 0.22000718	 8194 14637 63847	 1 0.00392156862745098	 1 72613296 1703200
 642615	 0.22000718	 8199 14647 63897	 1 0.00392156862745098	 1 72614124 1703200
 643116	 0.8965517	 8207 14661 63950	 1 0.00392156862745098	 1 72614630 1703200
 643624	 0.22000718	 8215 14672 63997	 1 0.00392156862745098	 1 72614906 1703200
 644143	 0.22000718	 8221 14682 64047	 1 0.00392156862745098	 1 72615366 1703200
 644638	 0.8965517	 8227 14691 64096	 1 0.00392156862745098	 1 72615596 1703200
 645117	 0.44827586	 8247 14724 64153	 1 0.00392156862745098	 1 72615734 1703200
 645635	 0.22000718	 8266 14745 64198	 1 0.00392156862745098	 1 72616186 1703200
 646131	 0.22000718	 8276 14763 64247	 1 0.00392156862745098	 1 72616738 1703200
 646634	 0.22000718	 8289 14790 64297	 1 0.00392156862745098	 1 72616922 1703200
 647116	 0.22000718	 8300 14803 64350	 1 0.00392156862745098	 1 72617198 1703200
 647641	 0.22000718	 8306 14814 64397	 1 0.00392156862745098	 1 72617382 1703200
 648140	 0.22000718	 8312 14824 64447	 1 0.00392156862745098	 1 72617934 1703200
 648626	 0.8965517	 8319 14833 64495	 1 0.00392156862745098	 1 72618256 1703200
 649124	 0.22000718	 8329 14846 64550	 1 0.00392156862745098	 1 72618256 1703200
 649624	 0.22000718	 8335 14856 64596	 1 0.00392156862745098	 1 72618348 1703200
 650116	 0.22000718	 8341 14866 64646	 1 0.00392156862745098	 1 72618394 1703200
 650628	 0.22000718	 8355 14886 64699	 1 0.00392156862745098	 1 72618394 1703200
 651139	 0.22000718	 8365 14903 64746	 1 0.00392156862745098	 1 72618532 1703200
 651613	 0.8965517	 8380 14929 64795	 1 0.00392156862745098	 1 72618532 1703200
 652139	 0.8965517	 8398 14960 64845	 1 0.00392156862745098	 1 72618808 1703200
 652621	 0.8965517	 8419 14995 64894	 1 0.00392156862745098	 1 72618892 1703200
 653134	 0.8965517	 8431 15018 64945	 1 0.00392156862745098	 1 72618984 1703200
