up_time cpu_freq utime work_time total_time screen_on brightness wifi_on wifi_rx_bytes wifi_tx_bytes
 8300459	 0.8965517	 47288 94086 737679	 1 0.4	 1 225687462 5480081
 8300932	 0.8965517	 47299 94099 737726	 1 0.4	 1 225687554 5480081
 8301398	 0.22000718	 47303 94111 737775	 1 0.4	 1 225687830 5480081
 8301887	 0.3448276	 47321 94139 737825	 1 0.4	 1 225688060 5480081
 8302383	 0.8965517	 47329 94156 737874	 1 0.4	 1 225688290 5480081
 8302880	 0.22000718	 47334 94169 737926	 1 0.4	 1 225688328 5480081
 8303388	 0.22000718	 47354 94200 737975	 1 0.4	 1 225688328 5480081
 8303880	 0.22000718	 47364 94213 738025	 1 0.4	 1 225688420 5480081
 8304380	 0.8965517	 47375 94230 738081	 1 0.4	 1 225688788 5480081
 8304880	 0.22000718	 47383 94241 738125	 1 0.4	 1 225688834 5480081
 8305380	 0.22000718	 47389 94253 738173	 1 0.4	 1 225689386 5480081
 8305893	 0.8965517	 47396 94266 738224	 1 0.4	 1 225689938 5480081
 8306380	 0.8965517	 47419 94306 738275	 1 0.4	 1 225690306 5480081
 8306871	 0.8965517	 47427 94318 738322	 1 0.4	 1 225690758 5480081
 8307402	 0.8965517	 47435 94330 738373	 1 0.4	 1 225691248 5480081
 8307892	 0.8965517	 47450 94351 738424	 1 0.4	 1 225691432 5480081
 8308370	 0.8965517	 47471 94393 738471	 1 0.4	 1 225691838 5480081
 8308895	 0.22000718	 47492 94425 738524	 1 0.4	 1 225692022 5480081
 8309373	 0.8965517	 47501 94442 738573	 1 0.4	 1 225692022 5480081
 8309884	 0.22000718	 47520 94468 738625	 1 0.4	 1 225692356 5480328
 8310370	 0.41379312	 47538 94500 738672	 1 0.4	 1 225692494 5480328
 8310869	 0.3448276	 47566 94537 738723	 1 0.4	 1 225692862 5480328
 8311373	 0.6896552	 47597 94574 738770	 1 0.4	 1 225693230 5480328
 8311879	 0.8965517	 47629 94617 738820	 1 0.4	 1 225693368 5480328
 8312381	 0.55172414	 47666 94661 738871	 1 0.4	 1 225693874 5480328
 8312875	 0.8965517	 47690 94703 738921	 1 0.4	 1 225694610 5480328
 8313374	 0.8965517	 47730 94751 738969	 1 0.4	 1 225699014 5481112
 8313891	 0.8965517	 47764 94798 739024	 1 0.4	 1 225700064 5482134
 8314368	 0.8965517	 47785 94832 739070	 1 0.4	 1 225704284 5482650
 8314887	 0.8965517	 47827 94883 739121	 1 0.4	 1 225704506 5482650
 8315370	 0.8965517	 47862 94932 739170	 1 0.4	 1 225704690 5482650
 8315876	 0.8965517	 47901 94981 739219	 1 0.4	 1 225704893 5482988
 8316370	 0.8965517	 47942 95030 739268	 1 0.4	 1 225705555 5482988
 8316872	 0.8965517	 47972 95076 739319	 1 0.4	 1 225707078 5483661
 8317414	 0.22000718	 48005 95124 739373	 1 0.4	 1 225708237 5484334
 8317867	 0.86206895	 48024 95155 739417	 1 0.4	 1 225709884 5485007
 8318380	 0.8965517	 48045 95190 739470	 1 0.4	 1 225715332 5486534
 8318870	 0.8965517	 48078 95230 739528	 1 0.4	 1 225717468 5487896
 8319380	 0.8965517	 48088 95253 739569	 1 0.4	 1 225719213 5488585
 8319871	 0.22000718	 48095 95267 739621	 1 0.4	 1 225719519 5488585
 8320371	 0.22000718	 48103 95279 739670	 1 0.4	 1 225719925 5488585
 8320896	 0.22000718	 48108 95290 739720	 1 0.4	 1 225720017 5488585
 8321370	 0.8965517	 48126 95319 739767	 1 0.4	 1 225720369 5488585
 8321899	 0.8965517	 48131 95331 739820	 1 0.4	 1 225720879 5488585
 8322390	 0.22000718	 48139 95343 739872	 1 0.4	 1 225721361 5488585
 8322867	 0.8965517	 48170 95378 739928	 1 0.4	 1 225721445 5488585
 8323381	 0.22000718	 48179 95395 739970	 1 0.4	 1 225722073 5488585
 8323868	 0.8965517	 48205 95428 740017	 1 0.4	 1 225722395 5488585
 8324371	 0.22000718	 48216 95444 740070	 1 0.4	 1 225722747 5488585
 8324886	 0.8965517	 48225 95458 740120	 1 0.4	 1 225722969 5488585
 8325382	 0.8965517	 48246 95486 740171	 1 0.4	 1 225724486 5489274
 8325872	 0.22000718	 48261 95514 740220	 1 0.4	 1 225726063 5490614
 8326368	 0.8965517	 48271 95539 740267	 1 0.4	 1 225729101 5491389
 8326893	 0.22000718	 48301 95579 740321	 1 0.4	 1 225731090 5492094
 8327367	 0.62068963	 48318 95614 740367	 1 0.4	 1 225732397 5492799
 8327882	 0.22000718	 48327 95626 740421	 1 0.4	 1 225732795 5492799
 8328390	 0.22000718	 48340 95645 740477	 1 0.4	 1 225733239 5492799
 8328896	 0.22000718	 48346 95656 740519	 1 0.4	 1 225733607 5492799
 8329395	 0.22000718	 48353 95670 740571	 1 0.4	 1 225734389 5492799
 8329898	 0.8965517	 48361 95682 740620	 1 0.4	 1 225734941 5492799
 8330404	 0.8965517	 48362 95693 740669	 1 0.4	 1 225735401 5492799
 8330900	 0.22000718	 48370 95704 740720	 1 0.4	 1 225735945 5492799
 8331370	 0.22000718	 48376 95715 740770	 1 0.4	 1 225736175 5492799
 8331870	 0.22000718	 48385 95730 740819	 1 0.4	 1 225737003 5492799
 8332380	 0.22000718	 48390 95741 740869	 1 0.4	 1 225737371 5492799
 8332892	 0.8965517	 48400 95753 740920	 1 0.4	 1 225737547 5492799
 8333370	 0.22000718	 48411 95771 740970	 1 0.4	 1 225737861 5492799
 8333898	 0.22000718	 48418 95780 741019	 1 0.4	 1 225738045 5492799
 8334383	 0.8965517	 48425 95794 741071	 1 0.4	 1 225738183 5492799
 8334871	 0.8965517	 48457 95834 741118	 1 0.4	 1 225738229 5492799
 8335392	 0.22000718	 48475 95861 741169	 1 0.4	 1 225738413 5492799
 8335891	 0.8965517	 48489 95879 741218	 1 0.4	 1 225738643 5492799
 8336380	 0.8965517	 48502 95902 741268	 1 0.4	 1 225739195 5492799
 8336892	 0.8965517	 48517 95920 741318	 1 0.4	 1 225739425 5492799
 8337367	 0.8965517	 48527 95939 741367	 1 0.4	 1 225739831 5492799
 8337897	 0.22000718	 48536 95952 741418	 1 0.4	 1 225740199 5492799
 8338379	 0.8965517	 48557 95980 741467	 1 0.4	 1 225740383 5492799
 8338872	 0.79310346	 48572 96005 741515	 1 0.4	 1 225740665 5493498
 8339367	 0.8965517	 48592 96033 741564	 1 0.4	 1 225741770 5493568
 8339868	 0.82758623	 48622 96072 741615	 1 0.4	 1 225742747 5494273
 8340390	 0.22000718	 48638 96097 741669	 1 0.4	 1 225743069 5494273
 8340890	 0.22000718	 48649 96114 741717	 1 0.4	 1 225743199 5494273
 8341380	 0.22000718	 48655 96126 741767	 1 0.4	 1 225743705 5494273
 8341881	 0.22000718	 48659 96136 741817	 1 0.4	 1 225744111 5494273
 8342370	 0.8965517	 48676 96162 741867	 1 0.4	 1 225744387 5494273
 8342891	 0.8965517	 48700 96191 741927	 1 0.4	 1 225745053 5494273
 8343390	 0.8965517	 48706 96202 741966	 1 0.4	 1 225745509 5494520
 8343880	 0.8965517	 48717 96215 742016	 1 0.4	 1 225745929 5494520
 8344372	 0.3448276	 48741 96246 742067	 1 0.4	 1 225746495 5494520
 8344870	 0.5862069	 48762 96282 742115	 1 0.4	 1 225747123 5494520
 8345386	 0.3448276	 48789 96321 742165	 1 0.4	 1 225747353 5494520
 8345874	 0.3448276	 48809 96356 742215	 1 0.4	 1 225747399 5494520
 8346375	 0.3448276	 48834 96393 742265	 1 0.4	 1 225747491 5494520
 8346867	 0.8965517	 48848 96415 742313	 1 0.4	 1 225748065 5494520
 8347370	 0.22000718	 48871 96454 742366	 1 0.4	 1 225748785 5494520
 8347867	 0.4827586	 48895 96487 742415	 1 0.4	 1 225748961 5494520
 8348390	 0.3448276	 48927 96529 742467	 1 0.4	 1 225749495 5494520
 8348868	 0.8965517	 48942 96552 742513	 1 0.4	 1 225749893 5494520
 8349378	 0.82758623	 48972 96593 742564	 1 0.4	 1 225750253 5494520
 8349869	 0.8965517	 49006 96635 742615	 1 0.4	 1 225750379 5494520
 8350372	 0.37931034	 49036 96678 742665	 1 0.4	 1 225750463 5494520
 8350868	 0.8965517	 49063 96716 742712	 1 0.4	 1 225750829 5494520
 8351372	 0.41379312	 49090 96753 742764	 1 0.4	 1 225751181 5494520
 8351871	 0.3448276	 49126 96796 742816	 1 0.4	 1 225751311 5494520
 8352388	 0.8965517	 49174 96850 742878	 1 0.4	 1 225751533 5494520
 8352879	 0.22000718	 49188 96867 742915	 1 0.4	 1 225751701 5494520
 8353375	 0.41379312	 49207 96898 742964	 1 0.4	 1 225752065 5494520
 8353890	 0.8965517	 49235 96935 743014	 1 0.4	 1 225752425 5494520
 8354369	 0.3448276	 49255 96964 743065	 1 0.4	 1 225752609 5494520
 8354895	 0.22000718	 49272 96997 743115	 1 0.4	 1 225752785 5494520
 8355389	 0.22000718	 49289 97024 743165	 1 0.4	 1 225753129 5494520
 8355870	 0.22000718	 49297 97036 743215	 1 0.4	 1 225753305 5494520
 8356369	 0.3448276	 49316 97064 743264	 1 0.4	 1 225753703 5494520
 8356890	 0.22000718	 49339 97091 743315	 1 0.4	 1 225753795 5494520
 8357375	 0.3448276	 49362 97124 743363	 1 0.4	 1 225754393 5494520
 8357890	 0.22000718	 49370 97137 743416	 1 0.4	 1 225755037 5494520
 8358391	 0.22000718	 49376 97150 743466	 1 0.4	 1 225755267 5494520
 8358880	 0.8965517	 49381 97160 743514	 1 0.4	 1 225755681 5494520
 8359380	 0.22000718	 49401 97187 743568	 1 0.4	 1 225756279 5494520
 8359871	 0.3448276	 49422 97219 743615	 1 0.4	 1 225756785 5494520
 8360391	 0.3448276	 49442 97245 743667	 1 0.4	 1 225757153 5494520
 8360867	 0.79310346	 49459 97270 743712	 1 0.4	 1 225757245 5494520
 8361381	 0.22000718	 49466 97281 743765	 1 0.4	 1 225757521 5494520
 8361896	 0.22000718	 49474 97292 743816	 1 0.4	 1 225758069 5494520
 8362414	 0.8965517	 49489 97311 743867	 1 0.4	 1 225758203 5494520
 8362882	 0.4827586	 49519 97349 743914	 1 0.4	 1 225758475 5494520
 8363372	 0.8965517	 49534 97371 743961	 1 0.4	 1 225758855 5494767
 8363886	 0.8965517	 49559 97403 744015	 1 0.4	 1 225759085 5494767
 8364390	 0.22000718	 49565 97418 744065	 1 0.4	 1 225759729 5494767
 8364894	 0.8965517	 49569 97428 744114	 1 0.4	 1 225760051 5494767
 8365387	 0.22000718	 49575 97440 744165	 1 0.4	 1 225760741 5494767
 8365900	 0.22000718	 49582 97450 744215	 1 0.4	 1 225761661 5494767
 8366380	 0.8965517	 49589 97462 744266	 1 0.4	 1 225761937 5494767
 8366892	 0.8965517	 49623 97512 744329	 1 0.4	 1 225762795 5494767
 8367379	 0.8965517	 49638 97533 744362	 1 0.4	 1 225763067 5494767
 8367880	 0.22000718	 49664 97574 744421	 1 0.4	 1 225763473 5494767
 8368397	 0.22000718	 49667 97584 744464	 1 0.4	 1 225763695 5494767
 8368880	 0.22000718	 49673 97595 744515	 1 0.4	 1 225764017 5494767
 8369383	 0.8965517	 49676 97606 744565	 1 0.4	 1 225764201 5494767
 8369928	 0.8965517	 49693 97633 744616	 1 0.4	 1 225764477 5494767
 8370380	 0.22000718	 49702 97648 744665	 1 0.4	 1 225764569 5494767
 8370880	 0.22000718	 49710 97660 744715	 1 0.4	 1 225764661 5494767
 8371380	 0.22000718	 49717 97670 744765	 1 0.4	 1 225764753 5494767
 8371888	 0.4827586	 49744 97709 744814	 1 0.4	 1 225764799 5494767
 8372371	 0.22000718	 49778 97755 744867	 1 0.4	 1 225764979 5494767
 8372880	 0.22000718	 49791 97778 744914	 1 0.4	 1 225765477 5494767
 8373385	 0.22000718	 49808 97801 744964	 1 0.4	 1 225765707 5494767
 8373899	 0.22000718	 49814 97813 745015	 1 0.4	 1 225765883 5494767
 8374371	 0.55172414	 49830 97839 745062	 1 0.4	 1 225766159 5494767
 8374900	 0.22000718	 49857 97879 745116	 1 0.4	 1 225766205 5494767
 8375395	 0.22000718	 49874 97901 745164	 1 0.4	 1 225766573 5494767
 8375871	 0.8965517	 49891 97928 745215	 1 0.4	 1 225766665 5494767
 8376392	 0.8965517	 49901 97945 745264	 1 0.4	 1 225766803 5494767
 8376916	 0.8965517	 49919 97967 745316	 1 0.4	 1 225767071 5494767
 8377390	 0.22000718	 49935 97991 745366	 1 0.4	 1 225767163 5494767
 8377869	 0.3448276	 49959 98023 745413	 1 0.4	 1 225767945 5494767
 8378395	 0.8965517	 49975 98045 745465	 1 0.4	 1 225768405 5494767
 8378889	 0.8965517	 50001 98078 745511	 1 0.4	 1 225768619 5494767
 8379399	 0.22000718	 50013 98093 745565	 1 0.4	 1 225769109 5494767
 8379870	 0.22000718	 50017 98102 745613	 1 0.4	 1 225769423 5494767
 8380395	 0.22000718	 50022 98115 745664	 1 0.4	 1 225770005 5494767
 8380874	 0.8965517	 50041 98160 745712	 1 0.4	 1 225771003 5494854
 8381372	 0.8965517	 50087 98221 745773	 1 0.4	 1 225775643 5495440
 8381889	 0.8965517	 50106 98253 745811	 1 0.4	 1 225776426 5495868
 8382378	 0.8965517	 50120 98291 745858	 1 0.4	 1 225780744 5698478
 8382889	 0.8965517	 50137 98327 745907	 1 0.4	 1 225787216 5980434
 8383396	 0.22000718	 50140 98339 745959	 1 0.4	 1 225788024 6006344
 8383890	 0.22000718	 50143 98350 746009	 1 0.4	 1 225788070 6006344
 8384402	 0.22000718	 50164 98380 746059	 1 0.4	 1 225788338 6006344
 8384875	 0.8965517	 50182 98412 746105	 1 0.4	 1 225790076 6011597
 8385368	 0.3448276	 50197 98451 746158	 1 0.4	 1 225795948 6242297
 8385897	 0.8965517	 50203 98487 746206	 1 0.4	 1 225803230 6540447
 8386380	 0.7586207	 50219 98525 746253	 1 0.4	 1 225809304 6774291
 8386882	 0.22000718	 50225 98537 746306	 1 0.4	 1 225809472 6774291
 8387371	 0.22000718	 50232 98550 746355	 1 0.4	 1 225809770 6774291
 8387870	 0.8965517	 50253 98587 746402	 1 0.4	 1 225810657 6774361
 8388375	 0.5862069	 50266 98623 746453	 1 0.4	 1 225815391 6951461
 8388897	 0.3448276	 50273 98661 746504	 1 0.4	 1 225823141 7241492
 8389398	 0.22000718	 50280 98677 746556	 1 0.4	 1 225824365 7274544
 8389874	 0.8965517	 50302 98706 746603	 1 1.0	 1 225825009 7274544
 8390380	 0.86206895	 50314 98733 746650	 1 1.0	 1 225826154 7284710
 8390868	 0.55172414	 50332 98776 746710	 1 1.0	 1 225832422 7492589
 8391401	 0.8965517	 50344 98804 746751	 1 1.0	 1 225834208 7560457
 8391900	 0.22000718	 50357 98837 746802	 1 1.0	 1 225838016 7686085
 8392404	 0.8965517	 50375 98868 746849	 1 1.0	 1 225840034 7732916
 8392881	 0.22000718	 50386 98889 746899	 1 1.0	 1 225840264 7732916
 8393400	 0.8965517	 50392 98908 746947	 1 1.0	 1 225841083 7732986
 8393903	 0.22000718	 50398 98934 747000	 1 1.0	 1 225843613 7849101
 8394395	 0.8965517	 50402 98957 747049	 1 1.0	 1 225846997 8020201
 8394897	 0.22000718	 50413 98983 747098	 1 1.0	 1 225848989 8105847
 8395371	 0.8965517	 50428 99014 747145	 1 1.0	 1 225850130 8105917
 8395872	 0.51724136	 50446 99058 747195	 1 1.0	 1 225851452 8150578
 8396389	 0.3448276	 50455 99098 747247	 1 1.0	 1 225856264 8395707
 8396890	 0.22000718	 50460 99123 747293	 1 1.0	 1 225861908 8608759
 8397391	 0.22000718	 50466 99134 747344	 1 1.0	 1 225862046 8608759
 8397880	 0.6551724	 50475 99169 747390	 1 1.0	 1 225866481 8763399
 8398374	 0.8965517	 50478 99206 747439	 1 1.0	 1 225874349 9086024
 8398868	 0.8965517	 50497 99235 747488	 1 1.0	 1 225875897 9142905
 8399370	 0.8965517	 50521 99266 747539	 1 1.0	 1 225876930 9142975
 8399875	 0.8965517	 50547 99309 747590	 1 1.0	 1 225878218 9185411
 8400384	 0.8965517	 50591 99370 747651	 1 1.0	 1 225879726 9257495
 8400892	 0.3448276	 50600 99399 747687	 1 1.0	 1 225885430 9471025
 8401369	 0.37931034	 50617 99438 747736	 1 1.0	 1 225890162 9665488
 8401891	 0.22000718	 50626 99450 747789	 1 1.0	 1 225890300 9665488
 8402375	 0.8965517	 50639 99479 747835	 1 1.0	 1 225891103 9665558
 8402869	 0.3448276	 50655 99523 747886	 1 1.0	 1 225896759 9901289
 8403370	 0.22000718	 50665 99556 747936	 1 1.0	 1 225902299 10123245
 8403872	 0.22000718	 50670 99568 747986	 1 1.0	 1 225903056 10123315
 8404371	 0.7586207	 50698 99610 748033	 1 1.0	 1 225904818 10193685
 8404898	 0.3448276	 50710 99653 748085	 1 1.0	 1 225912502 10517021
 8405382	 0.22000718	 50725 99678 748137	 1 1.0	 1 225914108 10569765
 8405871	 0.8965517	 50734 99698 748184	 1 1.0	 1 225914789 10569835
 8406378	 0.3448276	 50754 99740 748235	 1 1.0	 1 225917891 10695760
 8406869	 0.3448276	 50761 99779 748281	 1 1.0	 1 225925067 11003591
 8407382	 0.22000718	 50769 99792 748332	 1 1.0	 1 225925777 11022218
 8407875	 0.8965517	 50786 99819 748379	 1 1.0	 1 225926572 11022288
 8408376	 0.51724136	 50807 99859 748430	 1 1.0	 1 225931542 11206306
 8408877	 0.8965517	 50814 99893 748476	 1 1.0	 1 225939054 11494053
 8409396	 0.22000718	 50821 99909 748530	 1 1.0	 1 225939782 11517687
 8409880	 0.22000718	 50825 99919 748581	 1 1.0	 1 225939782 11517687
 8410375	 0.86206895	 50846 99957 748626	 1 1.0	 1 225941757 11563526
 8410868	 0.5862069	 50858 99994 748676	 1 1.0	 1 225949077 11877447
 8411380	 0.22000718	 50880 100032 748727	 1 1.0	 1 225952243 12003335
 8411895	 0.8965517	 50888 100043 748774	 1 1.0	 1 225952970 12003405
 8412370	 0.8965517	 50906 100079 748824	 1 1.0	 1 225955888 12109305
 8412876	 0.3448276	 50916 100118 748874	 1 1.0	 1 225962908 12410391
 8413393	 0.22000718	 50924 100141 748925	 1 1.0	 1 225965906 12522596
 8413870	 0.22000718	 50935 100159 748974	 1 1.0	 1 225966633 12522666
 8414398	 0.22000718	 50942 100184 749024	 1 1.0	 1 225968511 12598393
 8414871	 0.8965517	 50954 100209 749078	 1 1.0	 1 225971641 12746917
 8415415	 0.8965517	 50962 100234 749120	 1 1.0	 1 225975095 12920312
 8415871	 0.8965517	 50967 100247 749167	 1 1.0	 1 225976341 12946137
 8416378	 0.44827586	 50982 100270 749217	 1 1.0	 1 225977218 12946207
 8416907	 0.8965517	 50989 100304 749268	 1 1.0	 1 225981256 13136992
 8417404	 0.3448276	 50994 100338 749316	 1 1.0	 1 225988432 13423792
 8417902	 0.8965517	 51002 100372 749364	 1 1.0	 1 225994240 13685863
 8418391	 0.22000718	 51007 100396 749413	 1 1.0	 1 225997680 13818107
 8418883	 0.22000718	 51010 100405 749461	 1 1.0	 1 225997814 13818107
 8419373	 0.8965517	 51038 100445 749509	 1 1.0	 1 225998617 13818177
 8419880	 0.22000718	 51065 100480 749562	 1 1.0	 1 225998847 13818177
 8420394	 0.22000718	 51070 100490 749611	 1 1.0	 1 225998939 13818177
 8420879	 0.22000718	 51073 100500 749661	 1 1.0	 1 225998985 13818177
 8421378	 0.8965517	 51088 100528 749710	 1 1.0	 1 225999307 13818177
 8421870	 0.22000718	 51116 100568 749762	 1 1.0	 1 225999445 13818177
 8422401	 0.8965517	 51123 100580 749810	 1 1.0	 1 225999951 13818177
 8422868	 0.8965517	 51156 100618 749859	 1 1.0	 1 226000173 13818177
 8423368	 0.8965517	 51198 100667 749908	 1 1.0	 1 226000357 13818177
 8423874	 0.8965517	 51227 100713 749959	 1 1.0	 1 226000571 13818177
 8424371	 0.8965517	 51253 100747 750020	 1 1.0	 1 226001307 13818177
 8424880	 0.22000718	 51263 100761 750062	 1 1.0	 1 226001437 13818177
 8425381	 0.22000718	 51270 100774 750112	 1 1.0	 1 226001889 13818177
 8425895	 0.22000718	 51279 100786 750163	 1 1.0	 1 226002111 13818177
 8426396	 0.22000718	 51286 100796 750210	 1 1.0	 1 226002479 13818177
 8426877	 0.8965517	 51298 100809 750257	 1 1.0	 1 226002663 13818177
 8427392	 0.8965517	 51309 100828 750314	 1 1.0	 1 226002847 13818177
 8427880	 0.8965517	 51326 100857 750361	 1 1.0	 1 226002939 13818177
 8428390	 0.8965517	 51332 100873 750409	 1 1.0	 1 226003215 13818177
 8428880	 0.8965517	 51358 100909 750461	 1 1.0	 1 226003215 13818177
 8429391	 0.22000718	 51380 100936 750512	 1 1.0	 1 226003491 13818177
 8429880	 0.22000718	 51386 100946 750560	 1 1.0	 1 226003629 13818177
 8430398	 0.22000718	 51392 100958 750610	 1 1.0	 1 226003859 13818177
 8430894	 0.22000718	 51398 100969 750661	 1 1.0	 1 226004089 13818177
 8431371	 0.8965517	 51403 100977 750709	 1 1.0	 1 226004219 13818177
 8431900	 0.22000718	 51411 100988 750760	 1 1.0	 1 226004219 13818177
 8432392	 0.22000718	 51418 100999 750811	 1 1.0	 1 226004265 13818177
 8432890	 0.22000718	 51422 101009 750860	 1 1.0	 1 226004441 13818177
 8433391	 0.22000718	 51428 101021 750911	 1 1.0	 1 226004533 13818177
 8433891	 0.22000718	 51442 101038 750968	 1 1.0	 1 226004663 13818177
 8434370	 0.8965517	 51451 101059 751010	 1 1.0	 1 226004709 13818177
