up_time cpu_freq utime work_time total_time screen_on brightness wifi_on wifi_rx_bytes wifi_tx_bytes
 9487551	 0.8965517	 80434 143893 854858	 1 0.11764705882352941	 1 254646381 19709992
 9488045	 0.8965517	 80444 143908 854907	 1 0.11764705882352941	 1 254646511 19709992
 9488486	 0.22000718	 80471 143941 854956	 1 0.11764705882352941	 1 254646511 19709992
 9489005	 0.22000718	 80479 143954 855005	 1 0.11764705882352941	 1 254646879 19709992
 9489486	 0.8965517	 80489 143968 855053	 1 0.11764705882352941	 1 254647155 19709992
 9489994	 0.8965517	 80527 144016 855102	 1 0.11764705882352941	 1 254647231 19709992
 9490494	 0.3448276	 80563 144061 855155	 1 0.11764705882352941	 1 254647445 19709992
 9490987	 0.8965517	 80592 144104 855205	 1 0.11764705882352941	 1 254647491 19709992
 9491494	 0.8965517	 80631 144151 855252	 1 0.11764705882352941	 1 254647537 19709992
 9491988	 0.8965517	 80673 144204 855305	 1 0.11764705882352941	 1 254647843 19709992
 9492491	 0.8965517	 80710 144251 855352	 1 0.11764705882352941	 1 254648111 19709992
 9493161	 0.8965517	 80771 144321 855422	 1 0.11764705882352941	 1 254648341 19709992
 9493483	 0.8965517	 80797 144355 855456	 1 0.11764705882352941	 1 254648525 19709992
 9493988	 0.8965517	 80836 144401 855502	 1 0.11764705882352941	 1 254648709 19709992
 9494483	 0.8965517	 80883 144452 855553	 1 0.11764705882352941	 1 254649123 19709992
 9494983	 0.6551724	 80924 144496 855603	 1 0.11764705882352941	 1 254649621 19709992
 9495491	 0.8965517	 80967 144545 855652	 1 0.11764705882352941	 1 254649713 19709992
 9495987	 0.8965517	 81039 144629 855736	 1 0.11764705882352941	 1 254650541 19709992
 9496992	 0.8965517	 81096 144696 855803	 1 0.11764705882352941	 1 254651031 19709992
 9497483	 0.8965517	 81137 144746 855853	 1 0.11764705882352941	 1 254651537 19709992
 9497987	 0.8965517	 81178 144795 855902	 1 0.11764705882352941	 1 254651851 19709992
 9498491	 0.8965517	 81221 144845 855952	 1 0.11764705882352941	 1 254652035 19709992
 9498983	 0.8965517	 81261 144895 856002	 1 0.11764705882352941	 1 254652341 19709992
 9499483	 0.8965517	 81306 144945 856052	 1 0.11764705882352941	 1 254652965 19710074
 9499988	 0.8965517	 81345 144996 856103	 1 0.11764705882352941	 1 254657833 19710975
 9500491	 0.8965517	 81384 145045 856152	 1 0.11764705882352941	 1 254658213 19710975
 9500984	 0.8965517	 81432 145109 856216	 1 0.11764705882352941	 1 254658397 19710975
 9501490	 0.8965517	 81460 145144 856251	 1 0.11764705882352941	 1 254658811 19710975
 9501997	 0.8965517	 81491 145195 856302	 1 0.11764705882352941	 1 254659041 19710975
 9502491	 0.22000718	 81518 145233 856354	 1 0.11764705882352941	 1 254661132 19712095
 9502988	 0.8965517	 81557 145277 856404	 1 0.11764705882352941	 1 254668406 19715941
 9503484	 0.8965517	 81583 145327 856454	 1 0.11764705882352941	 1 254910538 19729503
 9503988	 0.8965517	 81611 145373 856501	 1 0.11764705882352941	 1 255103950 19739071
 9504511	 0.8965517	 81636 145417 856548	 1 0.11764705882352941	 1 255383639 19749922
 9505000	 0.22000718	 81670 145457 856598	 1 0.11764705882352941	 1 255458480 19753250
 9505504	 0.22000718	 81696 145492 856667	 1 0.11764705882352941	 1 255616016 19758250
 9505988	 0.8965517	 81712 145520 856695	 1 0.11764705882352941	 1 255616468 19758352
 9506496	 0.8965517	 81749 145569 856744	 1 0.11764705882352941	 1 255617080 19758862
 9506984	 0.79310346	 81785 145618 856794	 1 0.11764705882352941	 1 255617914 19759270
 9507504	 0.22000718	 81800 145643 856846	 1 0.11764705882352941	 1 255618052 19759270
 9507992	 0.8965517	 81822 145671 856892	 1 0.11764705882352941	 1 255618742 19759270
 9508490	 0.22000718	 81843 145701 856946	 1 0.11764705882352941	 1 255619162 19759270
 9509001	 0.22000718	 81851 145712 856997	 1 0.11764705882352941	 1 255619300 19759340
 9509492	 0.8965517	 81878 145747 857044	 1 0.11764705882352941	 1 255619766 19759410
 9509987	 0.8965517	 81910 145797 857094	 1 0.11764705882352941	 1 255620226 19759410
 9510518	 0.22000718	 81926 145819 857147	 1 0.11764705882352941	 1 255620226 19759410
 9510987	 0.8965517	 81951 145852 857193	 1 0.11764705882352941	 1 255620364 19759410
 9511486	 0.22000718	 81971 145885 857246	 1 0.11764705882352941	 1 255620410 19759410
 9512005	 0.22000718	 81979 145898 857296	 1 0.11764705882352941	 1 255620934 19759830
 9512486	 0.3448276	 81990 145919 857346	 1 0.11764705882352941	 1 255621256 19759830
 9513010	 0.22000718	 82000 145934 857397	 1 0.11764705882352941	 1 255621394 19759830
 9513491	 0.8965517	 82020 145958 857442	 1 0.11764705882352941	 1 255621900 19759830
 9514003	 0.22000718	 82038 145985 857495	 1 0.11764705882352941	 1 255621992 19759830
 9514504	 0.22000718	 82041 145998 857546	 1 0.11764705882352941	 1 255622268 19759830
 9515015	 0.8965517	 82058 146018 857596	 1 0.11764705882352941	 1 255622628 19759830
 9515490	 0.22000718	 82064 146029 857646	 1 0.11764705882352941	 1 255623180 19759830
 9516000	 0.8965517	 82071 146041 857697	 1 0.11764705882352941	 1 255623824 19759830
 9516490	 0.8965517	 82106 146083 857743	 1 0.11764705882352941	 1 255627617 19760749
 9517000	 0.22000718	 82136 146125 857797	 1 0.11764705882352941	 1 255628328 19761512
 9517510	 0.22000718	 82145 146137 857847	 1 0.11764705882352941	 1 255629226 19762115
 9518014	 0.22000718	 82153 146147 857896	 1 0.11764705882352941	 1 255630743 19762185
 9518490	 0.8965517	 82178 146186 857946	 1 0.11764705882352941	 1 255631438 19763626
 9518987	 0.8965517	 82214 146230 857994	 1 0.11764705882352941	 1 255631714 19763626
 9519487	 0.8965517	 82245 146273 858062	 1 0.11764705882352941	 1 255632645 19766166
 9519987	 0.8965517	 82253 146287 858093	 1 0.11764705882352941	 1 255633392 19766236
 9520505	 0.22000718	 82260 146305 858146	 1 0.11764705882352941	 1 255633780 19767511
 9520990	 0.8965517	 82267 146321 858198	 1 0.11764705882352941	 1 255633964 19767511
 9521508	 0.8965517	 82280 146341 858245	 1 0.11764705882352941	 1 255634408 19767511
 9522001	 0.22000718	 82288 146352 858296	 1 0.11764705882352941	 1 255634810 19767511
 9522509	 0.22000718	 82294 146362 858346	 1 0.11764705882352941	 1 255634990 19767511
 9522994	 0.8965517	 82320 146397 858393	 1 0.11764705882352941	 1 255716904 19769121
 9523483	 0.8965517	 82363 146447 858443	 1 0.11764705882352941	 1 255717172 19769121
 9523983	 0.8965517	 82422 146516 858512	 1 0.11764705882352941	 1 255717570 19769121
 9524491	 0.8965517	 82448 146548 858544	 1 0.11764705882352941	 1 255717930 19769121
 9524991	 0.8965517	 82495 146597 858593	 1 0.11764705882352941	 1 255718190 19769121
 9525488	 0.8965517	 82540 146647 858643	 1 0.11764705882352941	 1 255718542 19769121
 9525993	 0.8965517	 82576 146696 858692	 1 0.11764705882352941	 1 255735838 19769331
 9526486	 0.8965517	 82618 146748 858744	 1 0.11764705882352941	 1 255736052 19769331
 9526983	 0.8965517	 82658 146796 858793	 1 0.11764705882352941	 1 255736412 19769331
 9527488	 0.8965517	 82703 146844 858843	 1 0.11764705882352941	 1 255736588 19769331
 9527987	 0.8965517	 82746 146893 858893	 1 0.11764705882352941	 1 255736994 19769331
 9528491	 0.8965517	 82792 146942 858942	 1 0.11764705882352941	 1 255754796 19769541
 9528984	 0.8965517	 82842 146992 858992	 1 0.11764705882352941	 1 255755340 19769541
 9529488	 0.8965517	 82889 147041 859042	 1 0.11764705882352941	 1 255755754 19769541
 9529983	 0.8965517	 82936 147091 859092	 1 0.11764705882352941	 1 255756260 19769541
 9530491	 0.8965517	 82984 147141 859142	 1 0.11764705882352941	 1 255756658 19769541
 9530988	 0.8965517	 83029 147191 859192	 1 0.11764705882352941	 1 255757528 19769541
 9531484	 0.8965517	 83074 147240 859241	 1 0.11764705882352941	 1 255773549 19769751
 9531992	 0.8965517	 83118 147292 859293	 1 0.11764705882352941	 1 255774005 19769751
 9532488	 0.8965517	 83159 147341 859342	 1 0.11764705882352941	 1 255774411 19769751
 9532987	 0.8965517	 83207 147391 859392	 1 0.11764705882352941	 1 255774533 19769751
 9533490	 0.8965517	 83274 147469 859471	 1 0.11764705882352941	 1 255775069 19769751
 9533983	 0.8965517	 83288 147490 859492	 1 0.11764705882352941	 1 255775237 19769751
 9534491	 0.8965517	 83322 147536 859541	 1 0.11764705882352941	 1 255775421 19769821
 9534987	 0.8965517	 83367 147587 859592	 1 0.11764705882352941	 1 255775605 19769891
 9535491	 0.8965517	 83414 147637 859642	 1 0.11764705882352941	 1 255775811 19769891
 9535987	 0.8965517	 83462 147687 859692	 1 0.11764705882352941	 1 255775857 19769891
 9536487	 0.8965517	 83508 147738 859743	 1 0.11764705882352941	 1 255776041 19769891
 9536987	 0.8965517	 83552 147786 859792	 1 0.11764705882352941	 1 255776255 19769891
 9537491	 0.8965517	 83597 147834 859842	 1 0.11764705882352941	 1 255776523 19769891
 9537987	 0.8965517	 83645 147884 859892	 1 0.11764705882352941	 1 255776813 19769891
 9538500	 0.8965517	 83694 147934 859942	 1 0.11764705882352941	 1 255776889 19769891
 9538987	 0.8965517	 83742 147984 859992	 1 0.11764705882352941	 1 255777149 19769961
 9539488	 0.8965517	 83786 148035 860043	 1 0.11764705882352941	 1 255777409 19769961
 9539987	 0.8965517	 83828 148085 860093	 1 0.11764705882352941	 1 255777493 19769961
 9540490	 0.8965517	 83872 148135 860143	 1 0.11764705882352941	 1 255777585 19769961
 9540992	 0.8965517	 83916 148184 860192	 1 0.11764705882352941	 1 255777723 19769961
 9541487	 0.8965517	 83959 148234 860242	 1 0.11764705882352941	 1 255777907 19769961
 9541990	 0.8965517	 84005 148284 860292	 1 0.11764705882352941	 1 255778137 19769961
 9542491	 0.8965517	 84051 148332 860341	 1 0.11764705882352941	 1 255778275 19769961
 9542991	 0.8965517	 84099 148383 860392	 1 0.11764705882352941	 1 255778321 19769961
 9543493	 0.8965517	 84144 148434 860443	 1 0.11764705882352941	 1 255778735 19769961
 9543985	 0.8965517	 84188 148483 860492	 1 0.11764705882352941	 1 255778827 19770007
 9544491	 0.8965517	 84227 148533 860542	 1 0.11764705882352941	 1 255779129 19770007
 9544986	 0.8965517	 84266 148584 860593	 1 0.11764705882352941	 1 255779343 19770007
 9545496	 0.8965517	 84305 148630 860643	 1 0.11764705882352941	 1 255779557 19770007
 9545983	 0.8965517	 84344 148680 860693	 1 0.11764705882352941	 1 255779695 19770007
 9546494	 0.8965517	 84385 148728 860742	 1 0.11764705882352941	 1 255779925 19770007
 9546987	 0.8965517	 84421 148779 860793	 1 0.11764705882352941	 1 255780239 19770007
 9547500	 0.8965517	 84477 148855 860871	 1 0.11764705882352941	 1 255780599 19770007
 9547983	 0.86206895	 84494 148876 860893	 1 0.11764705882352941	 1 255780691 19770007
 9548484	 0.79310346	 84532 148924 860942	 1 0.11764705882352941	 1 255780875 19770007
 9548987	 0.8965517	 84567 148969 860992	 1 0.11764705882352941	 1 255781143 19770007
 9549493	 0.8965517	 84601 149012 861042	 1 0.11764705882352941	 1 255781235 19770007
 9549995	 0.8965517	 84638 149063 861094	 1 0.11764705882352941	 1 255781649 19771282
 9550514	 0.22000718	 84652 149083 861145	 1 0.11764705882352941	 1 255781839 19771282
 9551004	 0.8965517	 84659 149095 861194	 1 0.11764705882352941	 1 255782341 19771282
 9551515	 0.22000718	 84670 149111 861246	 1 0.11764705882352941	 1 255782793 19771282
 9551990	 0.22000718	 84689 149136 861294	 1 0.11764705882352941	 1 255783141 19771282
 9552505	 0.22000718	 84703 149154 861345	 1 0.11764705882352941	 1 255783635 19771282
 9553010	 0.8965517	 84712 149166 861395	 1 0.11764705882352941	 1 255783929 19771282
 9553504	 0.22000718	 84734 149202 861446	 1 0.11764705882352941	 1 255784159 19771282
 9553998	 0.8965517	 84750 149223 861492	 1 0.11764705882352941	 1 255784733 19771282
 9554500	 0.22000718	 84778 149261 861545	 1 0.11764705882352941	 1 255784909 19771282
 9554983	 0.8965517	 84803 149299 861592	 1 0.11764705882352941	 1 255785453 19771282
 9555484	 0.8965517	 84841 149349 861642	 1 0.11764705882352941	 1 255785721 19771282
 9556009	 0.22000718	 84852 149369 861693	 1 0.11764705882352941	 1 255785859 19771282
 9556484	 0.7241379	 84861 149384 861741	 1 0.11764705882352941	 1 255786227 19771282
 9557017	 0.22000718	 84885 149409 861794	 1 0.11764705882352941	 1 255786687 19771282
 9557502	 0.8965517	 84889 149418 861843	 1 0.11764705882352941	 1 255786733 19771282
 9557991	 0.8965517	 84920 149456 861890	 1 0.11764705882352941	 1 255871005 19774436
 9558488	 0.8965517	 84976 149521 861955	 1 0.11764705882352941	 1 255871553 19774436
 9558993	 0.8965517	 85006 149556 861990	 1 0.11764705882352941	 1 255871943 19774436
 9559495	 0.8965517	 85049 149606 862040	 1 0.11764705882352941	 1 255872153 19774436
 9559991	 0.8965517	 85090 149656 862090	 1 0.11764705882352941	 1 255872233 19774436
 9560487	 0.8965517	 85136 149706 862140	 1 0.11764705882352941	 1 255872723 19774436
 9560988	 0.8965517	 85182 149756 862190	 1 0.11764705882352941	 1 255872903 19774436
 9561486	 0.8965517	 85242 149817 862251	 1 0.11764705882352941	 1 255890413 19774646
 9561984	 0.8965517	 85280 149857 862291	 1 0.11764705882352941	 1 255890505 19774646
 9562491	 0.8965517	 85326 149906 862340	 1 0.11764705882352941	 1 255890735 19774646
 9562990	 0.8965517	 85373 149956 862390	 1 0.11764705882352941	 1 255890827 19774646
 9563484	 0.8965517	 85421 150006 862440	 1 0.11764705882352941	 1 255891103 19774646
 9563991	 0.8965517	 85468 150056 862490	 1 0.11764705882352941	 1 255891195 19774646
 9564490	 0.8965517	 85516 150108 862542	 1 0.11764705882352941	 1 255891379 19774646
 9564997	 0.8965517	 85560 150156 862590	 1 0.11764705882352941	 1 255908537 19774856
 9565483	 0.8965517	 85605 150206 862640	 1 0.11764705882352941	 1 255908583 19774856
 9565988	 0.8965517	 85671 150279 862713	 1 0.11764705882352941	 1 255908859 19774856
 9566491	 0.8965517	 85692 150306 862740	 1 0.11764705882352941	 1 255908951 19774856
 9566991	 0.8965517	 85735 150356 862790	 1 0.11764705882352941	 1 255909173 19774856
 9567490	 0.8965517	 85782 150406 862840	 1 0.11764705882352941	 1 255909633 19774856
 9567990	 0.8965517	 85822 150456 862890	 1 0.11764705882352941	 1 255909817 19774856
 9568488	 0.8965517	 85866 150507 862941	 1 0.11764705882352941	 1 255927251 19775066
 9568989	 0.8965517	 85912 150556 862990	 1 0.11764705882352941	 1 255927389 19775066
 9569483	 0.8965517	 85954 150608 863042	 1 0.11764705882352941	 1 255927619 19775066
 9570002	 0.8965517	 85996 150657 863091	 1 0.11764705882352941	 1 255927665 19775066
 9570491	 0.8965517	 86041 150706 863140	 1 0.11764705882352941	 1 255928033 19775066
 9570985	 0.8965517	 86078 150756 863190	 1 0.11764705882352941	 1 255928033 19775066
 9571483	 0.8965517	 86126 150806 863240	 1 0.11764705882352941	 1 255929547 19775206
 9571993	 0.8965517	 86172 150856 863290	 1 0.11764705882352941	 1 255948357 19775346
 9572488	 0.8965517	 86218 150907 863341	 1 0.11764705882352941	 1 255948487 19775346
 9572983	 0.8965517	 86258 150956 863390	 1 0.11764705882352941	 1 255948839 19775346
 9573483	 0.8965517	 86306 151007 863441	 1 0.11764705882352941	 1 255948969 19775346
 9573990	 0.8965517	 86355 151056 863490	 1 0.11764705882352941	 1 255949413 19775346
 9574489	 0.8965517	 86402 151106 863540	 1 0.11764705882352941	 1 255949773 19775346
 9574987	 0.8965517	 86448 151156 863590	 1 0.11764705882352941	 1 255949911 19775346
 9575487	 0.8965517	 86488 151206 863640	 1 0.11764705882352941	 1 255967391 19775556
 9575984	 0.8965517	 86528 151257 863691	 1 0.11764705882352941	 1 255967805 19775556
 9576487	 0.8965517	 86575 151306 863740	 1 0.11764705882352941	 1 255968127 19775602
 9576987	 0.8965517	 86617 151358 863792	 1 0.11764705882352941	 1 255968495 19775602
 9577495	 0.8965517	 86661 151406 863840	 1 0.11764705882352941	 1 255968771 19775602
 9577987	 0.8965517	 86704 151456 863890	 1 0.11764705882352941	 1 255968955 19775602
 9578487	 0.8965517	 86748 151506 863940	 1 0.11764705882352941	 1 255986205 19775812
 9578996	 0.8965517	 86791 151555 863989	 1 0.11764705882352941	 1 255986343 19775812
 9579488	 0.8965517	 86839 151605 864039	 1 0.11764705882352941	 1 255986895 19775812
 9579988	 0.8965517	 86903 151672 864106	 1 0.11764705882352941	 1 255987309 19775812
 9580487	 0.8965517	 86927 151703 864137	 1 0.11764705882352941	 1 255987631 19775812
 9580994	 0.8965517	 86974 151755 864189	 1 0.11764705882352941	 1 256005287 19776022
 9581484	 0.8965517	 87014 151803 864237	 1 0.11764705882352941	 1 256005747 19776022
 9581993	 0.8965517	 87059 151852 864286	 1 0.11764705882352941	 1 256005977 19776022
 9582491	 0.8965517	 87108 151904 864338	 1 0.11764705882352941	 1 256006383 19776022
 9582992	 0.8965517	 87152 151953 864387	 1 0.11764705882352941	 1 256006567 19776022
 9583485	 0.8965517	 87193 152004 864438	 1 0.11764705882352941	 1 256006705 19776022
 9583984	 0.8965517	 87238 152053 864487	 1 0.11764705882352941	 1 256009971 19776232
 9584483	 0.8965517	 87280 152103 864537	 1 0.11764705882352941	 1 256028831 19776372
 9584987	 0.8965517	 87326 152152 864586	 1 0.11764705882352941	 1 256029061 19776372
 9585494	 0.8965517	 87374 152203 864637	 1 0.11764705882352941	 1 256029889 19776372
 9585987	 0.7586207	 87417 152250 864685	 1 0.11764705882352941	 1 256030211 19776372
 9586491	 0.8965517	 87464 152302 864737	 1 0.11764705882352941	 1 256030763 19776372
 9586983	 0.8965517	 87508 152351 864786	 1 0.11764705882352941	 1 256031131 19776372
 9587491	 0.8965517	 87551 152400 864835	 1 0.11764705882352941	 1 256048289 19776582
 9587988	 0.8965517	 87597 152451 864886	 1 0.11764705882352941	 1 256048565 19776582
 9588487	 0.8965517	 87638 152501 864936	 1 0.11764705882352941	 1 256048749 19776582
 9588983	 0.8965517	 87684 152550 864985	 1 0.11764705882352941	 1 256066367 19776792
 9589487	 0.8965517	 87731 152601 865036	 1 0.11764705882352941	 1 256066643 19776792
 9589983	 0.8965517	 87774 152650 865085	 1 0.11764705882352941	 1 256067011 19776792
 9590491	 0.8965517	 87821 152700 865135	 1 0.11764705882352941	 1 256067455 19776792
 9590988	 0.8965517	 87868 152750 865185	 1 0.11764705882352941	 1 256083367 19777002
 9591484	 0.8965517	 87914 152800 865235	 1 0.11764705882352941	 1 256083903 19777002
 9591988	 0.8965517	 87957 152850 865285	 1 0.11764705882352941	 1 256084363 19777002
 9592488	 0.8965517	 88003 152900 865335	 1 0.11764705882352941	 1 256087479 19777212
 9592987	 0.8965517	 88052 152950 865385	 1 0.11764705882352941	 1 256106775 19777352
 9593492	 0.8965517	 88100 153000 865435	 1 0.11764705882352941	 1 256107005 19777352
 9593984	 0.8965517	 88159 153062 865498	 1 0.11764705882352941	 1 256107595 19777352
 9594484	 0.8965517	 88194 153098 865535	 1 0.11764705882352941	 1 256107817 19777352
 9594988	 0.8965517	 88244 153150 865588	 1 0.11764705882352941	 1 256125389 19777562
 9595492	 0.8965517	 88281 153197 865635	 1 0.11764705882352941	 1 256125657 19777562
 9595987	 0.8965517	 88327 153247 865685	 1 0.11764705882352941	 1 256126001 19777562
 9596492	 0.8965517	 88368 153296 865734	 1 0.11764705882352941	 1 256126399 19777562
 9596984	 0.8965517	 88410 153346 865784	 1 0.4	 1 256126851 19777562
 9597488	 0.8965517	 88459 153397 865835	 1 0.4	 1 256126943 19777562
 9597991	 0.8965517	 88505 153446 865884	 1 0.4	 1 256127165 19777562
 9598492	 0.8965517	 88553 153497 865935	 1 0.4	 1 256144645 19777772
 9598988	 0.8965517	 88602 153547 865985	 1 0.4	 1 256144737 19777772
 9599484	 0.8965517	 88649 153598 866036	 1 0.4	 1 256144829 19777772
 9599985	 0.8965517	 88691 153647 866085	 1 0.4	 1 256145059 19777818
 9600485	 0.8965517	 88731 153697 866135	 1 0.4	 1 256162539 19778028
 9600991	 0.8965517	 88779 153747 866185	 1 0.4	 1 256162677 19778028
 9601487	 0.8965517	 88824 153799 866237	 1 0.4	 1 256162815 19778028
 9601995	 0.8965517	 88869 153848 866286	 1 0.4	 1 256162999 19778028
 9602484	 0.7586207	 88913 153897 866336	 1 0.4	 1 256163321 19778028
 9602991	 0.8965517	 88959 153946 866385	 1 0.4	 1 256163367 19778028
 9603616	 0.8965517	 89016 154009 866448	 1 0.4	 1 256185079 19778378
 9603993	 0.8965517	 89051 154046 866485	 1 0.4	 1 256185217 19778378
 9604487	 0.8965517	 89100 154096 866535	 1 0.4	 1 256185309 19778378
 9604988	 0.8965517	 89148 154145 866584	 1 0.4	 1 256202651 19778588
 9605491	 0.8965517	 89194 154195 866634	 1 0.4	 1 256202743 19778588
 9605983	 0.8965517	 89240 154245 866684	 1 0.4	 1 256218475 19778798
 9606491	 0.79310346	 89285 154294 866734	 1 0.4	 1 256218521 19778798
 9606988	 0.8965517	 89331 154346 866786	 1 0.4	 1 256218567 19778798
 9607498	 0.8965517	 89374 154394 866834	 1 0.4	 1 256218843 19778798
 9607986	 0.8965517	 89437 154460 866900	 1 0.4	 1 256219161 19778798
 9608488	 0.8965517	 89467 154494 866934	 1 0.4	 1 256219295 19778798
 9608989	 0.8965517	 89514 154543 866984	 1 0.4	 1 256219521 19778798
 9609483	 0.8965517	 89561 154593 867034	 1 0.4	 1 256219651 19778798
 9609984	 0.8965517	 89609 154643 867084	 1 0.4	 1 256246615 19781768
 9610489	 0.8965517	 89639 154693 867134	 1 0.4	 1 256263205 19783426
 9610991	 0.8965517	 89670 154742 867183	 1 0.4	 1 256351996 19788841
 9611487	 0.8965517	 89699 154791 867232	 1 0.4	 1 256474954 19797424
 9611991	 0.8965517	 89723 154841 867282	 1 0.4	 1 256475353 19797482
 9612495	 0.8965517	 89750 154892 867333	 1 0.4	 1 256571728 19801085
 9612983	 0.8965517	 89795 154939 867380	 1 0.4	 1 256571950 19801085
 9613491	 0.8965517	 89843 154988 867429	 1 0.4	 1 256572341 19801375
 9613992	 0.8965517	 89891 155040 867481	 1 0.4	 1 256572563 19801375
 9614496	 0.8965517	 89934 155093 867534	 1 0.4	 1 256572647 19801375
 9614991	 0.8965517	 89980 155140 867581	 1 0.4	 1 256573087 19801445
 9615487	 0.8965517	 90025 155190 867631	 1 0.4	 1 256573301 19801445
 9615983	 0.8965517	 90068 155241 867682	 1 0.4	 1 256573484 19801585
 9616487	 0.8965517	 90107 155289 867730	 1 0.4	 1 256576655 19801865
 9616987	 0.8965517	 90150 155339 867780	 1 0.4	 1 256576739 19801865
 9617486	 0.8965517	 90207 155401 867842	 1 0.4	 1 256577015 19801865
 9617983	 0.8965517	 90241 155440 867881	 1 0.4	 1 256584524 19802075
 9618487	 0.8965517	 90280 155490 867931	 1 0.4	 1 256584984 19802655
 9618987	 0.8965517	 90327 155540 867981	 1 0.4	 1 256585532 19802655
 9619487	 0.8965517	 90370 155592 868033	 1 0.4	 1 256585758 19802655
 9619987	 0.8965517	 90408 155637 868080	 1 0.4	 1 256586214 19802655
 9620491	 0.8965517	 90457 155687 868130	 1 0.4	 1 256586696 19803090
 9620983	 0.8965517	 90499 155737 868180	 1 0.4	 1 256587064 19803090
 9621489	 0.8965517	 90544 155787 868230	 1 0.4	 1 256587898 19803090
 9621987	 0.8965517	 90593 155841 868284	 1 0.4	 1 256588556 19803090
 9622492	 0.8965517	 90636 155887 868330	 1 0.4	 1 256588686 19803090
 9622983	 0.8965517	 90686 155938 868381	 1 0.4	 1 256589008 19803160
 9623483	 0.8965517	 90730 155988 868431	 1 0.4	 1 256589376 19803160
 9623991	 0.8965517	 90777 156037 868480	 1 0.4	 1 256589782 19803160
 9624491	 0.8965517	 90821 156087 868530	 1 0.4	 1 256589966 19803160
 9624983	 0.8965517	 90867 156137 868580	 1 0.4	 1 256590150 19803160
 9625494	 0.8965517	 90913 156187 868630	 1 0.4	 1 256590602 19803160
 9625988	 0.8965517	 90961 156237 868680	 1 0.4	 1 256591108 19803160
 9626492	 0.8965517	 91010 156287 868730	 1 0.4	 1 256591384 19803160
 9627000	 0.8965517	 91074 156353 868796	 1 0.4	 1 256591614 19803160
 9627487	 0.8965517	 91104 156386 868829	 1 0.4	 1 256591936 19803160
 9627987	 0.79310346	 91149 156436 868880	 1 0.4	 1 256592304 19803160
 9628487	 0.8965517	 91196 156486 868930	 1 0.4	 1 256592802 19803160
 9628988	 0.8965517	 91244 156536 868980	 1 0.4	 1 256592940 19803160
 9629484	 0.8965517	 91288 156587 869031	 1 0.4	 1 256593392 19803160
 9629983	 0.62068963	 91323 156634 869080	 1 0.4	 1 256593526 19803160
 9630484	 0.8965517	 91360 156681 869130	 1 0.4	 1 256593748 19803160
 9631001	 0.8965517	 91402 156730 869184	 1 0.4	 1 256594076 19803160
 9631488	 0.8965517	 91437 156767 869230	 1 0.4	 1 256594198 19803160
 9631995	 0.7586207	 91476 156815 869281	 1 0.4	 1 256594416 19803160
 9632483	 0.8965517	 91508 156861 869331	 1 0.4	 1 256594592 19803160
 9632991	 0.7241379	 91540 156901 869380	 1 0.4	 1 256594638 19803160
 9633488	 0.8965517	 91577 156950 869431	 1 0.4	 1 256594768 19803160
 9633991	 0.8965517	 91611 156990 869479	 1 0.4	 1 256595158 19803160
 9634491	 0.8965517	 91647 157035 869531	 1 0.4	 1 256595380 19803160
 9634983	 0.8965517	 91677 157080 869581	 1 0.4	 1 256595778 19803160
 9635484	 0.8965517	 91715 157126 869630	 1 0.4	 1 256596054 19803160
 9635988	 0.8965517	 91747 157170 869681	 1 0.4	 1 256596468 19803160
 9636490	 0.8965517	 91785 157218 869730	 1 0.4	 1 256596694 19803160
 9636984	 0.8965517	 91814 157262 869780	 1 0.4	 1 256597104 19803160
 9637493	 0.8965517	 91849 157306 869831	 1 0.4	 1 256597280 19803160
 9637994	 0.62068963	 91879 157347 869882	 1 0.4	 1 256597670 19803160
 9638485	 0.8965517	 91907 157388 869930	 1 0.4	 1 256597716 19803160
 9638992	 0.51724136	 91939 157429 869981	 1 0.4	 1 256598498 19803160
 9639484	 0.55172414	 91978 157475 870032	 1 0.4	 1 256598912 19803160
 9639991	 0.8965517	 92004 157519 870080	 1 0.4	 1 256599142 19803160
 9640483	 0.8965517	 92043 157562 870130	 1 0.4	 1 256599510 19803160
 9640984	 0.7586207	 92090 157618 870195	 1 0.4	 1 256600108 19803160
 9641498	 0.8965517	 92112 157651 870232	 1 0.4	 1 256600292 19803160
 9642006	 0.22000718	 92132 157681 870283	 1 0.4	 1 256600666 19804435
 9642506	 0.8965517	 92140 157697 870335	 1 0.4	 1 256600804 19804435
 9642989	 0.3448276	 92169 157737 870383	 1 0.4	 1 256600942 19804435
 9643500	 0.22000718	 92187 157762 870434	 1 0.4	 1 256601034 19804435
 9644000	 0.22000718	 92192 157772 870483	 1 0.4	 1 256601256 19804435
 9644520	 0.22000718	 92199 157787 870533	 1 0.4	 1 256601386 19804435
 9645023	 0.8965517	 92212 157806 870583	 1 0.4	 1 256601524 19804435
 9645490	 0.22000718	 92243 157843 870632	 1 0.4	 1 256601800 19804435
 9645988	 0.3448276	 92277 157881 870684	 1 0.4	 1 256684002 19805975
 9646484	 0.8965517	 92312 157926 870730	 1 0.4	 1 256684140 19805975
 9646993	 0.8965517	 92355 157976 870780	 1 0.4	 1 256684684 19805975
 9647488	 0.8965517	 92400 158025 870829	 1 0.4	 1 256685094 19805975
 9647987	 0.8965517	 92448 158074 870878	 1 0.4	 1 256702436 19806115
 9648488	 0.8965517	 92495 158125 870929	 1 0.4	 1 256702964 19806185
 9648984	 0.8965517	 92538 158174 870978	 1 0.4	 1 256703370 19806185
 9649491	 0.8965517	 92586 158224 871028	 1 0.4	 1 256703860 19806185
 9649983	 0.8965517	 92631 158275 871079	 1 0.4	 1 256721194 19806395
 9650611	 0.8965517	 92687 158336 871140	 1 0.4	 1 256721528 19806395
 9650988	 0.8965517	 92723 158375 871179	 1 0.4	 1 256721804 19806395
 9651486	 0.8965517	 92772 158426 871230	 1 0.4	 1 256722126 19806395
 9651995	 0.8965517	 92812 158475 871279	 1 0.4	 1 256722172 19806395
 9652488	 0.8965517	 92853 158525 871329	 1 0.4	 1 256739468 19806605
 9652991	 0.8965517	 92901 158575 871379	 1 0.4	 1 256739836 19806605
 9653487	 0.8965517	 92950 158625 871429	 1 0.4	 1 256740250 19806605
 9653984	 0.8965517	 92995 158675 871479	 1 0.4	 1 256746958 19806605
 9654500	 0.8965517	 93041 158725 871529	 1 0.4	 1 256747180 19806605
 9654983	 0.8965517	 93097 158788 871592	 1 0.4	 1 256767420 19806885
 9655492	 0.8965517	 93130 158825 871629	 1 0.4	 1 256767818 19806885
 9655992	 0.8965517	 93173 158875 871679	 1 0.4	 1 256768216 19806885
 9656489	 0.8965517	 93220 158925 871729	 1 0.4	 1 256768476 19806885
 9656987	 0.8965517	 93268 158974 871778	 1 0.4	 1 256768568 19806885
 9657487	 0.8965517	 93317 159025 871829	 1 0.4	 1 256768966 19806885
 9657984	 0.8965517	 93373 159087 871891	 1 0.4	 1 256786480 19807095
 9658499	 0.8965517	 93407 159126 871930	 1 0.4	 1 256786710 19807095
 9658983	 0.8965517	 93452 159176 871980	 1 0.4	 1 256787100 19807095
 9659483	 0.8965517	 93496 159225 872029	 1 0.4	 1 256787506 19807095
 9659991	 0.8965517	 93542 159275 872079	 1 0.4	 1 256787812 19807095
 9660488	 0.8965517	 93587 159325 872129	 1 0.4	 1 256805360 19807305
 9661001	 0.8965517	 93635 159375 872179	 1 0.4	 1 256805536 19807305
 9661483	 0.8965517	 93683 159426 872230	 1 0.4	 1 256806080 19807305
 9661987	 0.8965517	 93722 159476 872280	 1 0.4	 1 256806486 19807305
 9662491	 0.8965517	 93766 159529 872333	 1 0.4	 1 256806624 19807305
 9662991	 0.8965517	 93804 159576 872380	 1 0.4	 1 256817656 19807515
 9663491	 0.8965517	 93850 159625 872429	 1 0.4	 1 256817962 19807515
 9663991	 0.8965517	 93899 159675 872479	 1 0.4	 1 256818084 19807585
 9664490	 0.8965517	 93964 159743 872547	 1 0.4	 1 256818528 19807585
 9664986	 0.8965517	 93991 159775 872579	 1 0.4	 1 256818528 19807585
 9665486	 0.8965517	 94038 159824 872628	 1 0.4	 1 256818712 19807631
 9665993	 0.8965517	 94088 159875 872679	 1 0.4	 1 256819218 19807631
 9666484	 0.8965517	 94135 159925 872729	 1 0.4	 1 256819494 19807631
 9666986	 0.8965517	 94183 159975 872779	 1 0.4	 1 256819908 19807631
 9667497	 0.8965517	 94231 160024 872828	 1 0.4	 1 256820498 19807631
 9667993	 0.8965517	 94277 160075 872879	 1 0.4	 1 256820866 19807631
 9668483	 0.8965517	 94324 160125 872929	 1 0.4	 1 256821556 19807631
 9668985	 0.8965517	 94370 160175 872979	 1 0.4	 1 256821786 19807631
 9669484	 0.7586207	 94407 160225 873030	 1 0.4	 1 256821878 19807631
 9669983	 0.8965517	 94437 160271 873080	 1 0.4	 1 256822154 19807631
 9670487	 0.82758623	 94467 160315 873131	 1 0.4	 1 256822280 19807631
 9670984	 0.8965517	 94497 160363 873184	 1 0.4	 1 256822594 19807631
 9671491	 0.8965517	 94524 160405 873229	 1 0.4	 1 256822900 19807631
 9671990	 0.8965517	 94560 160455 873281	 1 0.4	 1 256823060 19807631
 9672484	 0.8965517	 94600 160502 873329	 1 0.4	 1 256823328 19807631
 9672993	 0.8965517	 94638 160553 873382	 1 0.4	 1 256823634 19807631
 9673483	 0.79310346	 94667 160598 873429	 1 0.4	 1 256823948 19807631
 9673988	 0.79310346	 94693 160639 873478	 1 0.4	 1 256824270 19807631
 9674488	 0.86206895	 94722 160684 873529	 1 0.4	 1 256824848 19807631
 9674992	 0.6551724	 94746 160731 873580	 1 0.4	 1 256825346 19807631
 9675487	 0.8965517	 94778 160773 873628	 1 0.4	 1 256825920 19807631
 9675987	 0.8965517	 94808 160820 873678	 1 0.4	 1 256826180 19807631
