up_time cpu_freq utime work_time total_time screen_on brightness wifi_on wifi_rx_bytes wifi_tx_bytes
 12302718	 0.8965517	 129971 208663 1135953	 1 0.4	 1 279234744 20434830
 12303198	 0.8965517	 129979 208677 1135999	 1 0.4	 1 279234744 20434830
 12303679	 0.22000718	 129988 208688 1136050	 1 0.4	 1 279234790 20434830
 12304160	 0.8965517	 130001 208709 1136101	 1 0.4	 1 279234882 20434830
 12304660	 0.22000718	 130024 208738 1136149	 1 0.4	 1 279234974 20434830
 12305153	 0.8965517	 130065 208784 1136225	 1 0.4	 1 279234974 20434830
 12305647	 0.8965517	 130083 208805 1136246	 1 0.4	 1 279235020 20434830
 12306170	 0.8965517	 130095 208824 1136300	 1 0.4	 1 279235020 20434830
 12306676	 0.22000718	 130105 208836 1136349	 1 0.4	 1 279235020 20434830
 12307150	 0.22000718	 130114 208846 1136400	 1 0.4	 1 279235112 20434830
 12307676	 0.22000718	 130124 208860 1136450	 1 0.4	 1 279235158 20434830
 12308158	 0.8965517	 130136 208881 1136498	 1 0.4	 1 279235250 20434830
 12308661	 0.8965517	 130173 208932 1136549	 1 0.4	 1 279235773 20434987
 12309147	 0.8965517	 130219 208981 1136598	 1 0.4	 1 279235773 20434987
 12309656	 0.8965517	 130283 209054 1136671	 1 0.4	 1 279237594 20436560
 12310155	 0.8965517	 130300 209078 1136696	 1 0.4	 1 279237594 20436560
 12310652	 0.8965517	 130344 209136 1136754	 1 0.4	 1 279266633 20438747
 12311157	 0.8965517	 130376 209177 1136795	 1 0.4	 1 279266771 20438747
 12311655	 0.8965517	 130416 209227 1136845	 1 0.4	 1 279266863 20438747
 12312152	 0.8965517	 130452 209276 1136894	 1 0.4	 1 279267139 20438747
 12312648	 0.8965517	 130492 209326 1136944	 1 0.4	 1 279267277 20438747
 12313155	 0.8965517	 130532 209376 1136994	 1 0.4	 1 279267323 20438747
 12313650	 0.8965517	 130572 209425 1137044	 1 0.4	 1 279267507 20438747
 12314156	 0.8965517	 130612 209470 1137096	 1 0.4	 1 279267645 20438747
 12314667	 0.4827586	 130649 209514 1137146	 1 0.4	 1 279267691 20438747
 12315150	 0.4827586	 130683 209556 1137196	 1 0.4	 1 279267875 20438747
 12315655	 0.8965517	 130719 209595 1137245	 1 0.4	 1 279267875 20438747
 12316151	 0.55172414	 130753 209637 1137295	 1 0.4	 1 279268059 20438747
 12316652	 0.8965517	 130789 209682 1137345	 1 0.4	 1 279268059 20438747
 12317158	 0.8965517	 130830 209733 1137396	 1 0.4	 1 279268157 20438887
 12317650	 0.8965517	 130875 209781 1137444	 1 0.4	 1 279268295 20438887
 12318155	 0.8965517	 130919 209832 1137495	 1 0.4	 1 279268433 20438887
 12318656	 0.8965517	 130962 209880 1137544	 1 0.4	 1 279268709 20438887
 12319148	 0.8965517	 131010 209931 1137595	 1 0.4	 1 279268801 20438887
 12319648	 0.8965517	 131051 209980 1137645	 1 0.4	 1 279268893 20438887
 12320149	 0.8965517	 131094 210030 1137695	 1 0.4	 1 279269399 20438887
 12320656	 0.8965517	 131137 210078 1137745	 1 0.4	 1 279269399 20438887
 12321147	 0.8965517	 131176 210128 1137795	 1 0.4	 1 279269445 20438887
 12321649	 0.8965517	 131219 210177 1137844	 1 0.4	 1 279269629 20438887
 12322152	 0.8965517	 131264 210228 1137895	 1 0.4	 1 279270273 20438887
 12322649	 0.55172414	 131300 210272 1137945	 1 0.4	 1 279270319 20438887
 12323159	 0.41379312	 131335 210319 1137997	 1 0.4	 1 279270641 20438887
 12323664	 0.44827586	 131370 210367 1138047	 1 0.4	 1 279270687 20438887
 12324148	 0.4827586	 131405 210414 1138098	 1 0.4	 1 279271055 20438887
 12324653	 0.8965517	 131439 210456 1138145	 1 0.4	 1 279271461 20438887
 12325160	 0.55172414	 131475 210500 1138195	 1 0.4	 1 279271687 20438887
 12325664	 0.6896552	 131513 210544 1138245	 1 0.4	 1 279271817 20438887
 12326158	 0.37931034	 131552 210591 1138297	 1 0.4	 1 279271993 20438887
 12326651	 0.55172414	 131583 210632 1138346	 1 0.4	 1 279272039 20438887
 12327151	 0.51724136	 131618 210678 1138396	 1 0.4	 1 279272177 20438887
 12327648	 0.44827586	 131653 210720 1138447	 1 0.4	 1 279272269 20438887
 12328156	 0.8965517	 131707 210783 1138516	 1 0.4	 1 279272361 20438887
 12328659	 0.8965517	 131727 210809 1138546	 1 0.4	 1 279272499 20438887
 12329148	 0.79310346	 131760 210849 1138595	 1 0.4	 1 279272499 20438887
 12329655	 0.51724136	 131790 210887 1138645	 1 0.4	 1 279272545 20438887
 12330148	 0.44827586	 131826 210929 1138696	 1 0.4	 1 279272545 20438887
 12330665	 0.41379312	 131864 210974 1138747	 1 0.4	 1 279272683 20438887
 12331162	 0.8965517	 131900 211019 1138797	 1 0.4	 1 279272821 20438887
 12331653	 0.8965517	 131946 211076 1138860	 1 0.4	 1 279272913 20438887
 12332164	 0.8965517	 131964 211106 1138895	 1 0.4	 1 279272913 20438887
 12332664	 0.4827586	 132014 211169 1138965	 1 0.4	 1 279273005 20438887
 12333150	 0.41379312	 132037 211197 1138997	 1 0.4	 1 279273051 20438887
 12333650	 0.37931034	 132073 211240 1139047	 1 0.4	 1 279273143 20438887
 12334163	 0.37931034	 132106 211286 1139099	 1 0.4	 1 279273143 20438887
 12334654	 0.37931034	 132138 211329 1139147	 1 0.4	 1 279273281 20438887
 12335171	 0.8965517	 132175 211371 1139196	 1 0.4	 1 279273281 20438887
 12335671	 0.44827586	 132215 211414 1139247	 1 0.4	 1 279273557 20438887
 12336154	 0.8965517	 132252 211456 1139296	 1 0.4	 1 279273557 20438887
 12336662	 0.3448276	 132287 211499 1139347	 1 0.4	 1 279273649 20438887
 12337155	 0.82758623	 132340 211563 1139414	 1 0.4	 1 279273695 20438887
 12337665	 0.44827586	 132364 211591 1139446	 1 0.4	 1 279273879 20438887
 12338152	 0.37931034	 132398 211635 1139496	 1 0.4	 1 279273925 20438887
 12338651	 0.8965517	 132433 211678 1139545	 1 0.4	 1 279273971 20438887
 12339155	 0.5862069	 132467 211720 1139596	 1 0.4	 1 279274109 20438887
 12339669	 0.8965517	 132501 211765 1139648	 1 0.4	 1 279274339 20438887
 12340149	 0.37931034	 132536 211807 1139697	 1 0.4	 1 279274385 20438887
 12340650	 0.8965517	 132570 211847 1139744	 1 0.4	 1 279274523 20438887
 12341153	 0.41379312	 132601 211893 1139797	 1 0.4	 1 279274753 20438887
 12341647	 0.8965517	 132633 211934 1139844	 1 0.4	 1 279274983 20438887
 12342163	 0.41379312	 132670 211984 1139897	 1 0.4	 1 279275075 20438887
 12342662	 0.55172414	 132702 212025 1139946	 1 0.4	 1 279275121 20438887
 12343153	 0.41379312	 132735 212071 1139997	 1 0.4	 1 279275121 20438887
 12343648	 0.8965517	 132768 212112 1140045	 1 0.4	 1 279275121 20438887
 12344166	 0.44827586	 132804 212157 1140097	 1 0.4	 1 279275167 20438887
 12344649	 0.8965517	 132839 212200 1140146	 1 0.4	 1 279275343 20438887
 12345152	 0.8965517	 132868 212242 1140195	 1 0.4	 1 279275665 20438887
 12345662	 0.41379312	 132900 212282 1140246	 1 0.4	 1 279275757 20438887
 12346166	 0.37931034	 132930 212321 1140297	 1 0.4	 1 279276079 20438887
 12346666	 0.8965517	 132965 212364 1140346	 1 0.4	 1 279276125 20438887
 12347152	 0.37931034	 132994 212409 1140398	 1 0.4	 1 279276309 20438887
 12347649	 0.8965517	 133027 212449 1140446	 1 0.4	 1 279276723 20438887
 12348149	 0.3448276	 133063 212493 1140496	 1 0.4	 1 279276815 20438887
 12348649	 0.79310346	 133095 212532 1140545	 1 0.4	 1 279276953 20438887
 12349158	 0.4827586	 133126 212573 1140596	 1 0.4	 1 279277137 20438887
 12349658	 0.41379312	 133155 212614 1140646	 1 0.4	 1 279277275 20438887
 12350153	 0.3448276	 133185 212656 1140697	 1 0.4	 1 279277367 20438887
 12350652	 0.3448276	 133217 212696 1140747	 1 0.4	 1 279277597 20438887
 12351149	 0.8965517	 133265 212755 1140813	 1 0.4	 1 279277919 20438887
 12351654	 0.44827586	 133290 212786 1140847	 1 0.4	 1 279278011 20438887
 12352149	 0.37931034	 133326 212830 1140897	 1 0.4	 1 279278149 20438887
 12352659	 0.8965517	 133363 212873 1140946	 1 0.4	 1 279278379 20438887
 12353154	 0.3448276	 133398 212919 1140997	 1 0.4	 1 279278471 20438887
 12353650	 0.8965517	 133431 212958 1141044	 1 0.4	 1 279278517 20438887
 12354165	 0.8965517	 133468 213003 1141095	 1 0.4	 1 279278563 20438887
 12354651	 0.8965517	 133502 213044 1141145	 1 0.4	 1 279278839 20438887
 12355148	 0.6896552	 133537 213086 1141194	 1 0.4	 1 279278839 20438887
 12355659	 0.8965517	 133594 213152 1141265	 1 0.4	 1 279278931 20438887
 12356160	 0.79310346	 133613 213176 1141294	 1 0.4	 1 279278931 20438887
 12356651	 0.44827586	 133647 213216 1141345	 1 0.4	 1 279279023 20438887
 12357166	 0.8965517	 133683 213258 1141395	 1 0.4	 1 279279115 20438887
 12357662	 0.8965517	 133719 213302 1141444	 1 0.4	 1 279279207 20438887
 12358149	 0.41379312	 133753 213349 1141496	 1 0.4	 1 279279391 20438887
 12358652	 0.41379312	 133789 213392 1141546	 1 0.4	 1 279279529 20438887
 12359159	 0.62068963	 133820 213432 1141594	 1 0.4	 1 279279743 20438887
 12359650	 0.51724136	 133857 213477 1141645	 1 0.4	 1 279279919 20438887
 12360149	 0.8965517	 133913 213539 1141713	 1 0.4	 1 279280263 20438887
 12360658	 0.8965517	 133937 213569 1141745	 1 0.4	 1 279280347 20438887
 12361150	 0.8965517	 133974 213612 1141794	 1 0.4	 1 279280439 20438887
 12361654	 0.41379312	 134016 213657 1141845	 1 0.4	 1 279280439 20438887
 12362148	 0.6896552	 134050 213701 1141894	 1 0.4	 1 279280669 20438887
 12362661	 0.5862069	 134088 213744 1141944	 1 0.4	 1 279280929 20438887
 12363152	 0.44827586	 134126 213794 1141996	 1 0.4	 1 279281067 20438887
 12363650	 0.37931034	 134161 213835 1142045	 1 0.4	 1 279281573 20438887
 12364160	 0.8965517	 134199 213876 1142095	 1 0.4	 1 279282125 20438887
 12364651	 0.7241379	 134235 213919 1142144	 1 0.4	 1 279282631 20438887
 12365159	 0.37931034	 134275 213966 1142197	 1 0.4	 1 279282861 20438887
 12365648	 0.44827586	 134307 214005 1142245	 1 0.4	 1 279282999 20438887
 12366163	 0.37931034	 134349 214051 1142296	 1 0.4	 1 279283397 20438887
 12366674	 0.3448276	 134384 214094 1142347	 1 0.4	 1 279284001 20438887
 12367161	 0.55172414	 134416 214133 1142394	 1 0.4	 1 279284169 20438887
 12367648	 0.86206895	 134451 214177 1142444	 1 0.4	 1 279284489 20438887
 12368158	 0.6551724	 134486 214219 1142494	 1 0.4	 1 279284535 20438887
 12368650	 0.55172414	 134519 214264 1142545	 1 0.4	 1 279284535 20438887
 12369153	 0.41379312	 134548 214303 1142594	 1 0.4	 1 279284535 20438887
 12369667	 0.8965517	 134599 214362 1142661	 1 0.4	 1 279284757 20438887
 12370150	 0.8965517	 134620 214392 1142695	 1 0.4	 1 279284895 20438887
 12370649	 0.37931034	 134655 214435 1142746	 1 0.4	 1 279285079 20438887
 12371157	 0.6896552	 134686 214475 1142794	 1 0.4	 1 279285125 20438887
 12371649	 0.82758623	 134714 214517 1142844	 1 0.4	 1 279285247 20438887
 12372151	 0.3448276	 134751 214562 1142896	 1 0.4	 1 279285637 20438887
 12372650	 0.3448276	 134785 214606 1142946	 1 0.4	 1 279285675 20438887
 12373167	 0.51724136	 134816 214645 1142995	 1 0.4	 1 279286095 20438887
 12373669	 0.41379312	 134847 214688 1143046	 1 0.4	 1 279286225 20438887
 12374148	 0.4827586	 134901 214751 1143114	 1 0.4	 1 279286493 20438887
 12374671	 0.55172414	 134925 214779 1143145	 1 0.4	 1 279286539 20438887
 12375158	 0.4827586	 134958 214823 1143195	 1 0.4	 1 279286585 20438887
 12375661	 0.37931034	 134987 214861 1143245	 1 0.4	 1 279286715 20438887
 12376156	 0.8965517	 135022 214902 1143293	 1 0.4	 1 279286715 20438887
 12376648	 0.51724136	 135053 214946 1143345	 1 0.4	 1 279286761 20438887
 12377148	 0.8965517	 135091 214989 1143395	 1 0.4	 1 279286899 20438887
 12377663	 0.8965517	 135127 215030 1143444	 1 0.4	 1 279286991 20438887
 12378160	 0.62068963	 135162 215071 1143494	 1 0.4	 1 279287083 20438887
 12378666	 0.4827586	 135211 215130 1143562	 1 0.4	 1 279287359 20438887
 12379165	 0.41379312	 135234 215161 1143596	 1 0.4	 1 279287635 20438887
 12379661	 0.8965517	 135266 215202 1143644	 1 0.4	 1 279287819 20438887
 12380164	 0.62068963	 135294 215244 1143694	 1 0.4	 1 279288049 20438887
 12380652	 0.55172414	 135323 215286 1143745	 1 0.4	 1 279288187 20438887
 12381157	 0.6896552	 135359 215328 1143794	 1 0.4	 1 279288371 20438887
 12381647	 0.55172414	 135396 215372 1143844	 1 0.4	 1 279288509 20438887
 12382158	 0.4827586	 135432 215416 1143894	 1 0.4	 1 279288555 20438887
 12382652	 0.41379312	 135477 215475 1143960	 1 0.4	 1 279288831 20438887
 12383156	 0.8965517	 135505 215508 1143993	 1 0.4	 1 279288923 20438887
 12383654	 0.8965517	 135551 215559 1144044	 1 0.4	 1 279289015 20438887
 12384157	 0.79310346	 135594 215609 1144094	 1 0.4	 1 279289107 20438887
 12384652	 0.5862069	 135626 215653 1144145	 1 0.4	 1 279289337 20438887
 12385149	 0.51724136	 135659 215695 1144195	 1 0.4	 1 279289521 20438887
 12385651	 0.44827586	 135693 215739 1144246	 1 0.4	 1 279289567 20438887
 12386161	 0.8965517	 135727 215781 1144295	 1 0.4	 1 279289567 20438887
 12386665	 0.37931034	 135765 215826 1144347	 1 0.4	 1 279289613 20438887
 12387156	 0.8965517	 135796 215868 1144394	 1 0.4	 1 279289751 20438887
 12387663	 0.41379312	 135830 215912 1144445	 1 0.4	 1 279289935 20438887
 12388152	 0.44827586	 135869 215958 1144495	 1 0.4	 1 279290027 20438887
 12388648	 0.8965517	 135905 216004 1144545	 1 0.4	 1 279290027 20438887
 12389165	 0.37931034	 135935 216044 1144596	 1 0.4	 1 279290211 20438887
 12389675	 0.3448276	 135972 216087 1144647	 1 0.4	 1 279290349 20438887
 12390166	 0.8965517	 136004 216126 1144695	 1 0.4	 1 279290533 20438887
 12390648	 0.5862069	 136036 216164 1144743	 1 0.4	 1 279290625 20438887
 12391148	 0.5862069	 136068 216206 1144794	 1 0.4	 1 279290809 20438887
 12391648	 0.4827586	 136105 216251 1144845	 1 0.4	 1 279290855 20438887
 12392148	 0.51724136	 136141 216297 1144897	 1 0.4	 1 279290993 20438887
 12392662	 0.8965517	 136193 216356 1144963	 1 0.4	 1 279291131 20438887
 12393149	 0.8965517	 136210 216382 1144995	 1 0.4	 1 279291177 20438887
 12393653	 0.79310346	 136245 216424 1145044	 1 0.4	 1 279291361 20438887
 12394168	 0.4827586	 136280 216468 1145095	 1 0.4	 1 279291361 20438887
 12394660	 0.62068963	 136313 216510 1145144	 1 0.4	 1 279291453 20438887
 12395148	 0.8965517	 136349 216552 1145195	 1 0.4	 1 279291591 20438887
 12395662	 0.41379312	 136381 216594 1145245	 1 0.4	 1 279291729 20438887
 12396155	 0.7241379	 136410 216636 1145294	 1 0.4	 1 279291821 20438887
 12396661	 0.8965517	 136445 216676 1145344	 1 0.4	 1 279291821 20438887
 12397163	 0.7241379	 136496 216738 1145415	 1 0.4	 1 279291997 20438887
 12397652	 0.44827586	 136518 216765 1145446	 1 0.4	 1 279292089 20438887
 12398148	 0.5862069	 136549 216804 1145494	 1 0.4	 1 279292089 20438887
 12398667	 0.7241379	 136587 216849 1145545	 1 0.4	 1 279292273 20438887
 12399150	 0.3448276	 136621 216893 1145596	 1 0.4	 1 279292411 20438887
 12399650	 0.8965517	 136655 216935 1145645	 1 0.4	 1 279292411 20438887
 12400149	 0.8965517	 136692 216979 1145696	 1 0.4	 1 279292633 20438887
 12400648	 0.6551724	 136723 217018 1145744	 1 0.4	 1 279292671 20438887
 12401161	 0.62068963	 136757 217059 1145794	 1 0.4	 1 279292797 20438887
 12401654	 0.51724136	 136807 217123 1145863	 1 0.4	 1 279292835 20438887
 12402159	 0.4827586	 136826 217151 1145895	 1 0.4	 1 279292965 20438887
 12402667	 0.8965517	 136855 217195 1145945	 1 0.4	 1 279293233 20438887
 12403150	 0.8965517	 136888 217237 1145994	 1 0.4	 1 279293463 20438887
 12403651	 0.55172414	 136919 217281 1146045	 1 0.4	 1 279293555 20438887
 12404151	 0.5862069	 136954 217325 1146095	 1 0.4	 1 279293969 20438887
 12404652	 0.51724136	 136989 217368 1146145	 1 0.4	 1 279294199 20438887
 12405153	 0.8965517	 137023 217411 1146195	 1 0.4	 1 279294245 20438887
 12405649	 0.37931034	 137058 217452 1146246	 1 0.4	 1 279294513 20438887
 12406149	 0.8965517	 137092 217493 1146295	 1 0.4	 1 279294559 20438887
 12406659	 0.41379312	 137131 217539 1146346	 1 0.4	 1 279294835 20438887
 12407168	 0.37931034	 137168 217584 1146396	 1 0.4	 1 279295157 20438887
 12407659	 0.6551724	 137199 217625 1146444	 1 0.4	 1 279295387 20438887
 12408163	 0.8965517	 137228 217664 1146494	 1 0.4	 1 279295801 20438887
 12408652	 0.5862069	 137263 217708 1146546	 1 0.4	 1 279296031 20438887
 12409148	 0.62068963	 137293 217748 1146594	 1 0.4	 1 279296169 20438887
 12409649	 0.8965517	 137327 217789 1146644	 1 0.4	 1 279296399 20438887
 12410149	 0.8965517	 137356 217829 1146693	 1 0.4	 1 279296491 20438887
 12410655	 0.55172414	 137393 217873 1146744	 1 0.4	 1 279296951 20438887
 12411154	 0.37931034	 137430 217920 1146795	 1 0.4	 1 279297043 20438887
 12411659	 0.37931034	 137466 217966 1146848	 1 0.4	 1 279297043 20438887
 12412166	 0.44827586	 137499 218008 1146896	 1 0.4	 1 279297181 20438887
 12412662	 0.8965517	 137537 218052 1146945	 1 0.4	 1 279297227 20438887
 12413160	 0.8965517	 137569 218094 1146995	 1 0.4	 1 279297273 20438887
 12413667	 0.7241379	 137603 218136 1147044	 1 0.4	 1 279297411 20438887
 12414148	 0.4827586	 137636 218178 1147095	 1 0.4	 1 279297503 20438887
 12414651	 0.3448276	 137672 218223 1147147	 1 0.4	 1 279297595 20438887
 12415162	 0.3448276	 137705 218265 1147196	 1 0.4	 1 279297825 20438887
 12415649	 0.8965517	 137758 218327 1147263	 1 0.4	 1 279298285 20438887
 12416168	 0.37931034	 137776 218355 1147296	 1 0.4	 1 279298331 20438887
 12416648	 0.79310346	 137807 218398 1147344	 1 0.4	 1 279298515 20438887
 12417152	 0.51724136	 137841 218441 1147395	 1 0.4	 1 279298561 20438887
 12417649	 0.41379312	 137877 218484 1147446	 1 0.4	 1 279298925 20438887
 12418159	 0.41379312	 137911 218524 1147496	 1 0.4	 1 279299193 20438887
 12418652	 0.8965517	 137944 218567 1147548	 1 0.4	 1 279299285 20438887
 12419154	 0.8965517	 137978 218607 1147595	 1 0.4	 1 279299469 20438887
 12419658	 0.8965517	 138012 218653 1147645	 1 0.4	 1 279299729 20438887
 12420148	 0.8965517	 138060 218714 1147713	 1 0.4	 1 279300295 20438887
 12420654	 0.37931034	 138080 218742 1147746	 1 0.4	 1 279300471 20438887
 12421170	 0.3448276	 138115 218783 1147796	 1 0.4	 1 279300701 20438887
 12421670	 0.41379312	 138147 218825 1147846	 1 0.4	 1 279300747 20438887
 12422151	 0.8965517	 138184 218871 1147896	 1 0.4	 1 279300977 20438887
 12422661	 0.7586207	 138219 218911 1147944	 1 0.4	 1 279301023 20438887
 12423148	 0.8965517	 138258 218954 1147993	 1 0.4	 1 279301253 20438887
 12423661	 0.37931034	 138289 218999 1148046	 1 0.4	 1 279301299 20438887
 12424151	 0.8965517	 138325 219042 1148093	 1 0.4	 1 279301391 20438887
 12424659	 0.8965517	 138377 219103 1148163	 1 0.4	 1 279301483 20438887
 12425158	 0.3448276	 138400 219131 1148196	 1 0.4	 1 279301529 20438887
 12425660	 0.8965517	 138430 219173 1148245	 1 0.4	 1 279301759 20438887
 12426162	 0.8965517	 138469 219214 1148295	 1 0.4	 1 279302035 20438887
 12426652	 0.8965517	 138501 219256 1148344	 1 0.4	 1 279302219 20438887
 12427164	 0.8965517	 138535 219299 1148395	 1 0.4	 1 279302633 20438887
 12427648	 0.37931034	 138574 219344 1148446	 1 0.4	 1 279302817 20438887
 12428155	 0.37931034	 138604 219380 1148495	 1 0.4	 1 279303323 20438887
 12428650	 0.8965517	 138640 219422 1148544	 1 0.4	 1 279303553 20438887
 12429165	 0.8965517	 138675 219466 1148595	 1 0.4	 1 279303691 20438887
 12429649	 0.41379312	 138713 219515 1148646	 1 0.4	 1 279303691 20438887
 12430169	 0.8965517	 138745 219557 1148694	 1 0.4	 1 279303921 20438887
 12430657	 0.37931034	 138784 219603 1148746	 1 0.4	 1 279304013 20438887
 12431159	 0.8965517	 138816 219645 1148795	 1 0.4	 1 279304197 20438887
 12431650	 0.86206895	 138851 219688 1148844	 1 0.4	 1 279304381 20438887
 12432158	 0.8965517	 138881 219731 1148895	 1 0.4	 1 279304565 20438887
 12432653	 0.51724136	 138914 219773 1148944	 1 0.4	 1 279304887 20438887
 12433148	 0.41379312	 138947 219818 1148997	 1 0.4	 1 279305117 20438887
 12433663	 0.37931034	 138983 219861 1149045	 1 0.4	 1 279305301 20438887
 12434148	 0.8965517	 139020 219904 1149094	 1 0.4	 1 279305439 20438887
 12434665	 0.8965517	 139051 219947 1149145	 1 0.4	 1 279305623 20438887
 12435160	 0.51724136	 139085 219987 1149195	 1 0.4	 1 279305853 20438887
 12435648	 0.44827586	 139115 220030 1149245	 1 0.4	 1 279306037 20438887
 12436159	 0.82758623	 139152 220073 1149294	 1 0.4	 1 279306221 20438887
 12436653	 0.79310346	 139186 220113 1149343	 1 0.4	 1 279306359 20438887
 12437169	 0.44827586	 139218 220154 1149396	 1 0.4	 1 279306451 20438887
 12437649	 0.37931034	 139253 220196 1149445	 1 0.4	 1 279306589 20438887
 12438164	 0.55172414	 139281 220233 1149494	 1 0.4	 1 279306727 20438887
 12438662	 0.8965517	 139328 220293 1149562	 1 0.4	 1 279306911 20438887
 12439149	 0.8965517	 139349 220322 1149594	 1 0.4	 1 279306957 20438887
 12439647	 0.86206895	 139386 220364 1149644	 1 0.4	 1 279306957 20438887
 12440151	 0.37931034	 139422 220410 1149696	 1 0.4	 1 279307003 20438887
 12440654	 0.44827586	 139457 220453 1149745	 1 0.4	 1 279307187 20438887
 12441154	 0.3448276	 139491 220499 1149796	 1 0.4	 1 279307187 20438887
 12441649	 0.37931034	 139525 220540 1149846	 1 0.4	 1 279307279 20438887
 12442168	 0.3448276	 139560 220587 1149897	 1 0.4	 1 279307601 20438887
 12442655	 0.8965517	 139593 220626 1149944	 1 0.4	 1 279307785 20438887
 12443147	 0.86206895	 139629 220668 1149993	 1 0.4	 1 279307877 20438887
 12443669	 0.8965517	 139668 220714 1150046	 1 0.4	 1 279307923 20438887
 12444151	 0.8965517	 139697 220754 1150094	 1 0.4	 1 279308107 20438887
 12444648	 0.4827586	 139734 220799 1150146	 1 0.4	 1 279308337 20438887
 12445163	 0.37931034	 139771 220843 1150196	 1 0.4	 1 279308383 20438887
 12445661	 0.6896552	 139798 220883 1150245	 1 0.4	 1 279308383 20438887
 12446152	 0.8965517	 139834 220927 1150293	 1 0.4	 1 279308567 20438887
 12446648	 0.6551724	 139863 220970 1150343	 1 0.4	 1 279308659 20438887
 12447152	 0.51724136	 139894 221010 1150394	 1 0.4	 1 279308659 20438887
 12447658	 0.6551724	 139926 221052 1150443	 1 0.4	 1 279308843 20438887
 12448164	 0.44827586	 139971 221101 1150495	 1 0.4	 1 279308935 20438887
 12448650	 0.8965517	 140007 221145 1150544	 1 0.4	 1 279308981 20438887
 12449150	 0.8965517	 140051 221193 1150592	 1 0.4	 1 279309027 20438887
 12449657	 0.8965517	 140094 221243 1150642	 1 0.4	 1 279309257 20438887
 12450161	 0.51724136	 140134 221291 1150694	 1 0.4	 1 279309487 20438887
 12450648	 0.51724136	 140170 221335 1150744	 1 0.4	 1 279309533 20438887
 12451151	 0.37931034	 140211 221385 1150796	 1 0.4	 1 279309717 20438887
 12451663	 0.37931034	 140244 221426 1150845	 1 0.4	 1 279309855 20438887
 12452149	 0.8965517	 140277 221470 1150895	 1 0.4	 1 279309947 20438887
 12452676	 0.37931034	 140314 221515 1150945	 1 0.4	 1 279310131 20438887
 12453158	 0.8965517	 140350 221556 1150993	 1 0.4	 1 279310177 20438887
 12453651	 0.79310346	 140382 221598 1151044	 1 0.4	 1 279310269 20438887
 12454151	 0.22000718	 140413 221640 1151097	 1 0.4	 1 279310407 20438887
 12454669	 0.22000718	 140429 221667 1151146	 1 0.4	 1 279310591 20438887
 12455152	 0.3448276	 140447 221694 1151195	 1 0.4	 1 279310683 20438887
 12455651	 0.22000718	 140458 221707 1151246	 1 0.4	 1 279310729 20438887
 12456151	 0.8965517	 140465 221717 1151294	 1 0.4	 1 279310775 20438887
 12456648	 0.8965517	 140485 221747 1151343	 1 0.4	 1 279310913 20438965
 12457178	 0.8965517	 140521 221800 1151411	 1 0.4	 1 279317176 20439632
 12457687	 0.8965517	 140537 221825 1151448	 1 0.4	 1 279317963 20440058
 12458148	 0.37931034	 140555 221867 1151495	 1 0.4	 1 279318336 20440998
 12458649	 0.8965517	 140593 221915 1151543	 1 0.4	 1 279318618 20440998
 12459153	 0.8965517	 140638 221965 1151593	 1 0.4	 1 279318848 20440998
 12459657	 0.8965517	 140686 222017 1151645	 1 0.4	 1 279319170 20441076
 12460156	 0.8965517	 140724 222066 1151694	 1 0.4	 1 279321022 20442810
 12460680	 0.8965517	 140751 222110 1151745	 1 0.4	 1 279321271 20443766
 12461152	 0.22000718	 140770 222134 1151795	 1 0.4	 1 279322445 20444856
 12461681	 0.8965517	 140809 222183 1151872	 1 0.4	 1 279325268 20444926
 12462152	 0.8965517	 140824 222204 1151893	 1 0.4	 1 279325360 20444926
 12462710	 0.8965517	 140847 222241 1151948	 1 0.4	 1 279325891 20446116
 12463173	 0.8965517	 140875 222282 1151998	 1 0.4	 1 279327240 20446186
 12463651	 0.22000718	 140878 222293 1152047	 1 0.4	 1 279327516 20446186
 12464161	 0.22000718	 140883 222304 1152096	 1 0.4	 1 279327516 20446186
 12464651	 0.22000718	 140887 222316 1152146	 1 0.4	 1 279327930 20446186
 12465175	 0.22000718	 140897 222331 1152196	 1 0.4	 1 279328160 20446186
 12465651	 0.8965517	 140904 222342 1152245	 1 0.4	 1 279328344 20446186
 12466176	 0.22000718	 140912 222353 1152296	 1 0.4	 1 279328712 20446186
 12466651	 0.8965517	 140927 222371 1152345	 1 0.4	 1 279328804 20446186
 12467171	 0.22000718	 140932 222383 1152397	 1 0.4	 1 279329034 20446186
 12467698	 0.8965517	 140946 222407 1152447	 1 0.4	 1 279329402 20446186
