up_time cpu_freq utime work_time total_time screen_on brightness wifi_on wifi_rx_bytes wifi_tx_bytes
 1913082	 0.5862069	 9694 23517 191035	 1 0.00392156862745098	 1 1292750 26540
 1913547	 0.5862069	 9711 23541 191083	 1 0.00392156862745098	 1 1293256 26540
 1914047	 0.22000718	 9734 23572 191131	 1 0.00392156862745098	 1 1293486 26540
 1914532	 0.5862069	 9744 23598 191181	 1 0.00392156862745098	 1 1294324 26540
 1915068	 0.22000718	 9763 23630 191232	 1 0.00392156862745098	 1 1294416 26540
 1915545	 0.22000718	 9768 23642 191282	 1 0.00392156862745098	 1 1295366 26540
 1916049	 0.22000718	 9795 23679 191334	 1 0.00392156862745098	 1 1295588 26540
 1916564	 0.5862069	 9800 23692 191383	 1 0.00392156862745098	 1 1296674 26540
 1917049	 0.22000718	 9809 23704 191432	 1 0.00392156862745098	 1 1297034 26540
 1917549	 0.5862069	 9822 23725 191491	 1 0.00392156862745098	 1 1297378 26540
 1918049	 0.22000718	 9827 23738 191534	 1 0.00392156862745098	 1 1297776 26540
 1918530	 0.5862069	 9843 23770 191580	 1 0.00392156862745098	 1 1297860 26540
 1919032	 0.5862069	 9848 23820 191630	 1 0.00392156862745098	 1 1298266 26540
 1919537	 0.5862069	 9853 23870 191680	 1 0.00392156862745098	 1 1298450 26540
 1920030	 0.5862069	 9858 23920 191730	 1 0.00392156862745098	 1 1299238 26540
 1920530	 0.5862069	 9861 23970 191780	 1 0.00392156862745098	 1 1300524 26540
 1921040	 0.5862069	 9873 24026 191836	 1 0.00392156862745098	 1 1300998 26540
 1921530	 0.5862069	 9878 24071 191881	 1 0.00392156862745098	 1 1301580 26540
 1922040	 0.5862069	 9882 24120 191930	 1 0.00392156862745098	 1 1302636 26596
 1922532	 0.5862069	 9887 24170 191980	 1 0.00392156862745098	 1 1303118 26596
 1923039	 0.5862069	 9893 24219 192029	 1 0.00392156862745098	 1 1303898 26596
 1923541	 0.5862069	 9898 24269 192079	 1 0.00392156862745098	 1 1304204 26596
 1924036	 0.5862069	 9901 24319 192129	 1 0.00392156862745098	 1 1304670 26596
 1924530	 0.5862069	 9903 24370 192180	 1 0.00392156862745098	 1 1305038 26596
 1925030	 0.5862069	 9915 24419 192229	 1 0.00392156862745098	 1 1305536 26596
 1925540	 0.5862069	 9921 24470 192280	 1 0.00392156862745098	 1 1305996 26596
 1926033	 0.5862069	 9927 24520 192330	 1 0.00392156862745098	 1 1306386 26596
 1926529	 0.5862069	 9933 24570 192380	 1 0.00392156862745098	 1 1306600 26596
 1927029	 0.5862069	 9937 24620 192430	 1 0.00392156862745098	 1 1306996 26642
 1927539	 0.5862069	 9941 24671 192481	 1 0.00392156862745098	 1 1307272 26642
 1928039	 0.5862069	 9946 24719 192529	 1 0.00392156862745098	 1 1307548 26642
 1928536	 0.5862069	 9959 24770 192580	 1 0.00392156862745098	 1 1308106 26642
 1929033	 0.5862069	 9966 24820 192630	 1 0.00392156862745098	 1 1308198 26642
 1929530	 0.5862069	 9972 24870 192680	 1 0.00392156862745098	 1 1308756 26642
 1930032	 0.5862069	 9976 24920 192730	 1 0.00392156862745098	 1 1309012 26642
 1930532	 0.5862069	 9981 24970 192780	 1 0.00392156862745098	 1 1309460 26642
 1931030	 0.5862069	 9989 25020 192830	 1 0.00392156862745098	 1 1310000 26642
 1931532	 0.5862069	 9995 25070 192880	 1 0.00392156862745098	 1 1310528 26642
 1932033	 0.5862069	 10007 25125 192935	 1 0.00392156862745098	 1 1310620 26642
 1932539	 0.5862069	 10010 25170 192980	 1 0.00392156862745098	 1 1311384 26642
 1933036	 0.5862069	 10018 25220 193030	 1 0.00392156862745098	 1 1311564 26642
 1933532	 0.5862069	 10021 25270 193080	 1 0.00392156862745098	 1 1312214 26642
 1934042	 0.5862069	 10026 25320 193130	 1 0.00392156862745098	 1 1312620 26642
 1934539	 0.5862069	 10031 25370 193180	 1 0.00392156862745098	 1 1313316 26642
 1935032	 0.5862069	 10035 25420 193230	 1 0.00392156862745098	 1 1313730 26642
 1935532	 0.5862069	 10046 25475 193285	 1 0.00392156862745098	 1 1314228 26642
 1936033	 0.5862069	 10050 25519 193329	 1 0.00392156862745098	 1 1314550 26642
 1936539	 0.5862069	 10056 25569 193379	 1 0.00392156862745098	 1 1315040 26642
 1937033	 0.5862069	 10062 25620 193430	 1 0.00392156862745098	 1 1315530 26642
 1937534	 0.5862069	 10066 25669 193479	 1 0.00392156862745098	 1 1315844 26642
 1938042	 0.5862069	 10072 25721 193531	 1 0.00392156862745098	 1 1316074 26642
 1938530	 0.5862069	 10077 25769 193579	 1 0.00392156862745098	 1 1316250 26642
 1939030	 0.5862069	 10082 25820 193630	 1 0.00392156862745098	 1 1316816 26642
 1939529	 0.5862069	 10090 25870 193680	 1 0.00392156862745098	 1 1317206 26642
 1940039	 0.5862069	 10096 25920 193730	 1 0.00392156862745098	 1 1317542 26642
 1940529	 0.5862069	 10103 25970 193780	 1 0.00392156862745098	 1 1317962 26642
 1941033	 0.5862069	 10108 26019 193829	 1 0.00392156862745098	 1 1318466 26642
 1941542	 0.5862069	 10113 26070 193880	 1 0.00392156862745098	 1 1318626 26642
 1942039	 0.5862069	 10118 26120 193930	 1 0.00392156862745098	 1 1319008 26642
 1942543	 0.5862069	 10126 26170 193980	 1 0.00392156862745098	 1 1319264 26642
 1943039	 0.5862069	 10140 26226 194036	 1 0.00392156862745098	 1 1319540 26642
 1943536	 0.5862069	 10149 26279 194089	 1 0.00392156862745098	 1 1320562 26642
 1944033	 0.5862069	 10154 26319 194129	 1 0.00392156862745098	 1 1321002 26642
 1944530	 0.5862069	 10158 26370 194180	 1 0.00392156862745098	 1 1321806 26642
 1945030	 0.5862069	 10163 26420 194230	 1 0.00392156862745098	 1 1322616 26642
 1945533	 0.5862069	 10168 26471 194281	 1 0.00392156862745098	 1 1323166 26642
 1946030	 0.5862069	 10172 26520 194330	 1 0.00392156862745098	 1 1323724 26642
 1946532	 0.5862069	 10176 26570 194380	 1 0.00392156862745098	 1 1324260 26642
 1947037	 0.5862069	 10188 26620 194430	 1 0.00392156862745098	 1 1324398 26642
 1947532	 0.5862069	 10191 26669 194479	 1 0.00392156862745098	 1 1324904 26642
 1948039	 0.5862069	 10195 26720 194530	 1 0.00392156862745098	 1 1325134 26642
 1948530	 0.5862069	 10202 26770 194580	 1 0.00392156862745098	 1 1325502 26642
 1949033	 0.5862069	 10210 26820 194630	 1 0.00392156862745098	 1 1326146 26642
 1949530	 0.5862069	 10213 26871 194681	 1 0.00392156862745098	 1 1326422 26642
 1950034	 0.22000718	 10238 26914 194735	 1 0.00392156862745098	 1 1327158 26642
 1950534	 0.5862069	 10261 26947 194793	 1 0.00392156862745098	 1 1328032 26642
 1951041	 0.51724136	 10272 26965 194830	 1 0.00392156862745098	 1 1328396 26642
 1951563	 0.5862069	 10285 26986 194882	 1 0.00392156862745098	 1 1329242 26642
 1952049	 0.5862069	 10292 26999 194933	 1 0.00392156862745098	 1 1329636 26642
 1952552	 0.22000718	 10301 27018 194984	 1 0.00392156862745098	 1 1330274 26642
 1953071	 0.22000718	 10315 27044 195033	 1 0.00392156862745098	 1 1330790 26642
 1953545	 0.22000718	 10322 27056 195083	 1 0.00392156862745098	 1 1331012 26642
 1954035	 0.22000718	 10333 27074 195138	 1 0.00392156862745098	 1 1331570 26642
 1954535	 0.22000718	 10341 27086 195183	 1 0.00392156862745098	 1 1331800 26642
 1955059	 0.22000718	 10351 27099 195232	 1 0.00392156862745098	 1 1331960 26642
 1955530	 0.5862069	 10369 27127 195282	 1 0.00392156862745098	 1 1332250 26642
 1956051	 0.22000718	 10395 27163 195334	 1 0.00392156862745098	 1 1332648 26642
 1956532	 0.5862069	 10420 27200 195382	 1 0.00392156862745098	 1 1332950 26642
 1957034	 0.22000718	 10431 27222 195433	 1 0.00392156862745098	 1 1333490 26642
