up_time cpu_freq utime work_time total_time screen_on brightness wifi_on wifi_rx_bytes wifi_tx_bytes
 8637537	 0.8965517	 51841 101825 771307	 1 1.0	 1 226092231 13818816
 8638037	 0.8965517	 51854 101845 771358	 1 1.0	 1 226092683 13818816
 8638473	 0.22000718	 51869 101870 771404	 1 1.0	 1 226092959 13818816
 8638980	 0.22000718	 51877 101881 771456	 1 1.0	 1 226093281 13818816
 8639483	 0.8965517	 51883 101891 771504	 1 1.0	 1 226093511 13818816
 8639996	 0.22000718	 51890 101902 771554	 1 1.0	 1 226093833 13818816
 8640494	 0.8965517	 51906 101931 771603	 1 1.0	 1 226094339 13818816
 8640991	 0.8965517	 51912 101941 771653	 1 1.0	 1 226094385 13818816
 8641476	 0.22000718	 51924 101957 771703	 1 1.0	 1 226094845 13818816
 8641980	 0.22000718	 51933 101973 771754	 1 1.0	 1 226094983 13818816
 8642490	 0.8965517	 51942 101989 771805	 1 1.0	 1 226095351 13818816
 8642973	 0.8965517	 51978 102034 771850	 1 1.0	 1 226095443 13818894
 8643492	 0.22000718	 51990 102051 771905	 1 1.0	 1 226095443 13818894
 8643974	 0.8965517	 51998 102063 771953	 1 1.0	 1 226095711 13818894
 8644507	 0.8965517	 52016 102089 772005	 1 1.0	 1 226095757 13818894
 8644976	 0.22000718	 52039 102119 772053	 1 1.0	 1 226095895 13818894
 8645493	 0.22000718	 52043 102128 772103	 1 1.0	 1 226096125 13818894
 8645993	 0.3448276	 52071 102162 772166	 1 1.0	 1 226100253 13819678
 8646511	 0.8965517	 52085 102187 772205	 1 1.0	 1 226100646 13820383
 8646985	 0.22000718	 52107 102224 772252	 1 1.0	 1 226100968 13820383
 8647490	 0.22000718	 52117 102235 772303	 1 1.0	 1 226101569 13820630
 8647987	 0.3448276	 52143 102273 772351	 1 1.0	 1 226101765 13820700
 8648471	 0.3448276	 52177 102311 772403	 1 1.0	 1 226102179 13820700
 8648983	 0.44827586	 52201 102349 772453	 1 1.0	 1 226102317 13820700
 8649474	 0.79310346	 52232 102390 772500	 1 1.0	 1 226102685 13820700
 8649975	 0.8965517	 52264 102428 772550	 1 1.0	 1 226102915 13820700
 8650477	 0.8965517	 52293 102467 772599	 1 1.0	 1 226103091 13820700
 8650970	 0.8965517	 52331 102514 772650	 1 1.0	 1 226103267 13820700
 8651487	 0.37931034	 52365 102555 772702	 1 1.0	 1 226103397 13820700
 8651971	 0.8965517	 52396 102597 772750	 1 1.0	 1 226103565 13820700
 8652475	 0.44827586	 52431 102640 772801	 1 1.0	 1 226103871 13820700
 8652977	 0.8965517	 52462 102679 772849	 1 1.0	 1 226103909 13820700
 8653493	 0.3448276	 52490 102719 772901	 1 1.0	 1 226104391 13820700
 8653991	 0.3448276	 52514 102754 772951	 1 1.0	 1 226104575 13820700
 8654471	 0.3448276	 52540 102790 773000	 1 1.0	 1 226104667 13820700
 8654980	 0.8965517	 52553 102809 773051	 1 1.0	 1 226104843 13820700
 8655480	 0.8965517	 52591 102861 773116	 1 1.0	 1 226105049 13820700
 8655975	 0.22000718	 52605 102883 773149	 1 1.0	 1 226105133 13820700
 8656475	 0.8965517	 52619 102907 773198	 1 1.0	 1 226105439 13820700
 8656986	 0.41379312	 52646 102948 773248	 1 1.0	 1 226105745 13820700
 8657473	 0.8965517	 52672 102988 773299	 1 1.0	 1 226106067 13820700
 8657978	 0.8965517	 52698 103025 773349	 1 1.0	 1 226106251 13820700
 8658472	 0.3448276	 52727 103065 773400	 1 1.0	 1 226106297 13820700
 8658990	 0.22000718	 52745 103093 773450	 1 1.0	 1 226106657 13820700
 8659492	 0.22000718	 52757 103118 773500	 1 1.0	 1 226107117 13820700
 8659992	 0.22000718	 52765 103129 773550	 1 1.0	 1 226107531 13820700
 8660480	 0.8965517	 52775 103144 773607	 1 1.0	 1 226107945 13820700
 8660989	 0.22000718	 52783 103156 773651	 1 1.0	 1 226108083 13820700
 8661474	 0.22000718	 52789 103166 773700	 1 1.0	 1 226108175 13820700
 8661975	 0.22000718	 52796 103177 773750	 1 1.0	 1 226108681 13820700
 8662507	 0.22000718	 52799 103187 773799	 1 1.0	 1 226108773 13820700
 8662985	 0.22000718	 52804 103199 773850	 1 1.0	 1 226109095 13820700
 8663481	 0.22000718	 52812 103210 773899	 1 1.0	 1 226109141 13820700
 8663973	 0.8965517	 52816 103219 773947	 1 1.0	 1 226109371 13820700
 8664473	 0.22000718	 52821 103230 774000	 1 1.0	 1 226109417 13820700
 8664996	 0.8965517	 52830 103249 774048	 1 1.0	 1 226109969 13820700
 8665471	 0.22000718	 52854 103281 774097	 1 1.0	 1 226110245 13820700
 8665974	 0.22000718	 52861 103291 774149	 1 1.0	 1 226110659 13820700
 8666485	 0.55172414	 52877 103311 774197	 1 1.0	 1 226110935 13820700
 8667003	 0.8965517	 52906 103348 774250	 1 1.0	 1 226111165 13820700
 8667508	 0.8965517	 52919 103370 774300	 1 1.0	 1 226111303 13820700
 8667980	 0.8965517	 52927 103380 774347	 1 1.0	 1 226111441 13820700
 8668495	 0.22000718	 52932 103390 774399	 1 1.0	 1 226111801 13820700
 8668973	 0.22000718	 52943 103408 774449	 1 1.0	 1 226111985 13820700
 8669474	 0.8965517	 52963 103434 774495	 1 1.0	 1 226112123 13820700
 8669990	 0.22000718	 52979 103453 774557	 1 1.0	 1 226112399 13820700
 8670490	 0.22000718	 52983 103463 774600	 1 1.0	 1 226112537 13820700
 8671000	 0.22000718	 52988 103475 774649	 1 1.0	 1 226112951 13820700
 8671499	 0.22000718	 52993 103484 774698	 1 1.0	 1 226113181 13820700
 8671974	 0.22000718	 52998 103494 774749	 1 1.0	 1 226113319 13820700
 8672493	 0.22000718	 53002 103505 774800	 1 1.0	 1 226113319 13820700
 8672989	 0.8965517	 53016 103523 774848	 1 1.0	 1 226113319 13820700
 8673480	 0.22000718	 53019 103535 774899	 1 1.0	 1 226113809 13820700
 8673989	 0.22000718	 53039 103563 774950	 1 1.0	 1 226113977 13820700
 8674492	 0.8965517	 53052 103579 775000	 1 1.0	 1 226114145 13820700
 8674973	 0.8965517	 53069 103600 775049	 1 1.0	 1 226114359 13820700
 8675493	 0.22000718	 53093 103638 775099	 1 1.0	 1 226114911 13820700
 8675984	 0.22000718	 53114 103666 775149	 1 1.0	 1 226115033 13820700
 8676490	 0.22000718	 53126 103679 775200	 1 1.0	 1 226115305 13820700
 8676973	 0.22000718	 53131 103689 775249	 1 1.0	 1 226115569 13820700
 8677480	 0.22000718	 53138 103700 775299	 1 1.0	 1 226116163 13820700
 8677982	 0.8965517	 53149 103714 775346	 1 1.0	 1 226116821 13820700
 8678489	 0.3448276	 53174 103750 775398	 1 1.0	 1 226117189 13820700
 8678992	 0.22000718	 53198 103784 775449	 1 1.0	 1 226117411 13820700
 8679474	 0.8965517	 53221 103815 775499	 1 1.0	 1 226117709 13820700
 8679989	 0.22000718	 53249 103851 775549	 1 1.0	 1 226117931 13820700
 8680473	 0.8965517	 53265 103875 775597	 1 1.0	 1 226118207 13820700
 8680974	 0.22000718	 53290 103914 775650	 1 1.0	 1 226118575 13820700
 8681496	 0.8965517	 53319 103950 775698	 1 1.0	 1 226118621 13820700
 8682002	 0.8965517	 53345 103991 775751	 1 1.0	 1 226118851 13820700
 8682480	 0.8965517	 53366 104024 775798	 1 1.0	 1 226118989 13820700
 8682991	 0.22000718	 53382 104045 775849	 1 1.0	 1 226119081 13820700
 8683481	 0.22000718	 53398 104065 775898	 1 1.0	 1 226119357 13820700
 8683974	 0.22000718	 53405 104075 775948	 1 1.0	 1 226119533 13820700
 8684471	 0.8965517	 53416 104094 776001	 1 1.0	 1 226119763 13820700
 8684979	 0.22000718	 53433 104119 776049	 1 1.0	 1 226119947 13820700
 8685490	 0.22000718	 53447 104136 776098	 1 1.0	 1 226120039 13820700
 8685974	 0.8965517	 53472 104173 776149	 1 1.0	 1 226120131 13820700
 8686490	 0.22000718	 53487 104195 776199	 1 1.0	 1 226120637 13820700
 8686994	 0.22000718	 53503 104218 776247	 1 1.0	 1 226120821 13820700
 8687473	 0.22000718	 53508 104228 776298	 1 1.0	 1 226121235 13820700
 8687988	 0.3448276	 53518 104245 776347	 1 1.0	 1 226121373 13820700
 8688505	 0.22000718	 53546 104286 776399	 1 1.0	 1 226121603 13820700
 8688979	 0.8965517	 53558 104304 776447	 1 1.0	 1 226121833 13820700
 8689490	 0.22000718	 53573 104326 776498	 1 1.0	 1 226121925 13820700
 8689974	 0.22000718	 53578 104338 776548	 1 1.0	 1 226122431 13820700
 8690480	 0.22000718	 53589 104349 776598	 1 1.0	 1 226122615 13820700
 8690973	 0.22000718	 53595 104360 776648	 1 1.0	 1 226122937 13820700
 8691473	 0.22000718	 53602 104370 776697	 1 1.0	 1 226123351 13820700
 8691978	 0.82758623	 53618 104394 776744	 1 1.0	 1 226123489 13820700
 8692488	 0.3448276	 53646 104428 776796	 1 1.0	 1 226123719 13820700
 8692973	 0.22000718	 53661 104450 776848	 1 1.0	 1 226124271 13820700
 8693473	 0.8965517	 53671 104463 776896	 1 1.0	 1 226124317 13820700
 8693980	 0.8965517	 53698 104495 776958	 1 1.0	 1 226124363 13820700
 8694473	 0.22000718	 53713 104514 776996	 1 1.0	 1 226124593 13820700
 8694972	 0.22000718	 53727 104540 777046	 1 1.0	 1 226124869 13820700
 8695473	 0.8965517	 53733 104549 777096	 1 1.0	 1 226125053 13820700
 8695990	 0.22000718	 53742 104562 777147	 1 1.0	 1 226125145 13820700
 8696480	 0.22000718	 53750 104573 777198	 1 1.0	 1 226125375 13820700
 8697007	 0.22000718	 53759 104585 777248	 1 1.0	 1 226125927 13820700
 8697491	 0.22000718	 53780 104613 777296	 1 1.0	 1 226126111 13820700
 8697980	 0.8965517	 53785 104623 777348	 1 1.0	 1 226126249 13820700
 8698474	 0.22000718	 53800 104643 777397	 1 1.0	 1 226126479 13820700
 8698981	 0.8965517	 53825 104673 777444	 1 1.0	 1 226126617 13820700
 8699496	 0.22000718	 53851 104706 777496	 1 1.0	 1 226126839 13820700
 8699980	 0.8965517	 53871 104735 777548	 1 1.0	 1 226127023 13820700
 8700489	 0.3448276	 53902 104773 777595	 1 1.0	 1 226127161 13820700
 8700975	 0.4827586	 53930 104812 777646	 1 1.0	 1 226127429 13820700
 8701480	 0.8965517	 53952 104847 777697	 1 1.0	 1 226127563 13820700
 8701992	 0.22000718	 53977 104881 777748	 1 1.0	 1 226127831 13820700
 8702487	 0.3448276	 54003 104916 777795	 1 1.0	 1 226128007 13820700
 8702977	 0.8965517	 54023 104943 777843	 1 1.0	 1 226128191 13820700
 8703481	 0.22000718	 54038 104962 777896	 1 1.0	 1 226128237 13820700
 8703973	 0.22000718	 54052 104979 777947	 1 1.0	 1 226128283 13820700
 8704494	 0.22000718	 54058 104991 777999	 1 1.0	 1 226128421 13820700
 8704992	 0.8965517	 54062 104999 778046	 1 1.0	 1 226128927 13820700
 8705474	 0.22000718	 54069 105010 778097	 1 1.0	 1 226129157 13820700
 8705998	 0.22000718	 54076 105022 778147	 1 1.0	 1 226129479 13820700
 8706495	 0.22000718	 54080 105032 778197	 1 1.0	 1 226129939 13820700
 8707009	 0.8965517	 54100 105058 778248	 1 1.0	 1 226130261 13820700
 8707480	 0.22000718	 54109 105075 778297	 1 1.0	 1 226130629 13820700
 8707989	 0.22000718	 54114 105086 778348	 1 1.0	 1 226130997 13820700
 8708473	 0.8965517	 54156 105136 778411	 1 1.0	 1 226131365 13820700
 8709004	 0.22000718	 54174 105160 778447	 1 1.0	 1 226131503 13820700
 8709481	 0.22000718	 54191 105189 778496	 1 1.0	 1 226131687 13820700
 8709995	 0.22000718	 54199 105201 778546	 1 1.0	 1 226131909 13820700
 8710480	 0.22000718	 54206 105212 778597	 1 1.0	 1 226132115 13820700
 8710973	 0.8965517	 54210 105220 778644	 1 1.0	 1 226132153 13820700
 8711479	 0.22000718	 54228 105244 778695	 1 1.0	 1 226132329 13820700
 8711992	 0.8965517	 54235 105256 778747	 1 1.0	 1 226132773 13820700
 8712494	 0.22000718	 54240 105265 778795	 1 1.0	 1 226133003 13820700
 8712973	 0.22000718	 54244 105276 778846	 1 1.0	 1 226133555 13820700
 8713481	 0.22000718	 54260 105305 778900	 1 1.0	 1 226134015 13820700
 8713970	 0.8965517	 54287 105334 778943	 1 1.0	 1 226134291 13820700
 8714502	 0.22000718	 54305 105358 778997	 1 1.0	 1 226134689 13820700
 8714995	 0.22000718	 54312 105371 779046	 1 1.0	 1 226135011 13820700
 8715473	 0.8965517	 54319 105381 779096	 1 1.0	 1 226135379 13820700
 8715994	 0.8965517	 54340 105413 779145	 1 1.0	 1 226135739 13820700
 8716473	 0.22000718	 54360 105448 779195	 1 1.0	 1 226135739 13820700
 8716980	 0.22000718	 54380 105474 779245	 1 1.0	 1 226135923 13820700
 8717490	 0.22000718	 54386 105485 779296	 1 1.0	 1 226135969 13820700
 8717974	 0.22000718	 54403 105505 779358	 1 1.0	 1 226136191 13820700
 8718491	 0.22000718	 54407 105516 779397	 1 1.0	 1 226136513 13820700
 8718980	 0.22000718	 54412 105525 779446	 1 1.0	 1 226136689 13820700
 8719471	 0.62068963	 54418 105540 779494	 1 1.0	 1 226137593 13820700
 8719980	 0.22000718	 54428 105556 779546	 1 1.0	 1 226138297 13820700
 8720489	 0.22000718	 54447 105579 779596	 1 1.0	 1 226138473 13820700
 8720992	 0.22000718	 54453 105591 779646	 1 1.0	 1 226139231 13820700
 8721490	 0.22000718	 54462 105607 779696	 1 1.0	 1 226139461 13820700
 8721990	 0.22000718	 54470 105617 779746	 1 1.0	 1 226140189 13820700
 8722481	 0.8965517	 54478 105626 779795	 1 1.0	 1 226140327 13820700
 8722980	 0.8965517	 54488 105645 779845	 1 1.0	 1 226140411 13820700
 8723478	 0.6551724	 54511 105684 779896	 1 1.0	 1 226140541 13820700
 8723973	 0.8965517	 54545 105732 779944	 1 1.0	 1 226145175 13821216
 8724477	 0.8965517	 54564 105771 779992	 1 1.0	 1 226145430 13821554
 8725004	 0.22000718	 54574 105798 780046	 1 1.0	 1 226147988 13909724
 8725493	 0.22000718	 54593 105833 780092	 1 1.0	 1 226151310 14028430
 8725981	 0.22000718	 54601 105849 780142	 1 1.0	 1 226152418 14054714
 8726474	 0.22000718	 54606 105860 780193	 1 1.0	 1 226152970 14054714
 8726973	 0.8965517	 54637 105903 780240	 1 1.0	 1 226154516 14054866
 8727508	 0.22000718	 54666 105949 780301	 1 1.0	 1 226157876 14175037
 8727992	 0.22000718	 54676 105967 780340	 1 1.0	 1 226160370 14240373
 8728496	 0.22000718	 54685 105983 780390	 1 1.0	 1 226160692 14240373
 8728970	 0.8965517	 54702 106011 780437	 1 1.0	 1 226161695 14240443
 8729498	 0.22000718	 54718 106038 780491	 1 1.0	 1 226162685 14286639
 8729994	 0.8965517	 54725 106059 780538	 1 1.0	 1 226166265 14408433
 8730483	 0.22000718	 54737 106086 780590	 1 1.0	 1 226169009 14519683
 8730994	 0.22000718	 54744 106099 780641	 1 1.0	 1 226169621 14530607
 8731470	 0.8965517	 54753 106111 780687	 1 1.0	 1 226170394 14530677
 8731998	 0.22000718	 54780 106152 780740	 1 1.0	 1 226171820 14576782
 8732581	 0.8965517	 54796 106186 780795	 1 1.0	 1 226175962 14725647
 8733007	 0.22000718	 54805 106213 780838	 1 1.0	 1 226178972 14844353
 8733481	 0.8965517	 54815 106232 780891	 1 1.0	 1 226181276 14921700
 8733973	 0.79310346	 54827 106251 780934	 1 1.0	 1 226182179 14921770
 8734488	 0.3448276	 54849 106296 780987	 1 1.0	 1 226186407 15067790
 8734973	 0.22000718	 54857 106317 781037	 1 1.0	 1 226189301 15178007
 8735473	 0.8965517	 54868 106332 781083	 1 1.0	 1 226190104 15178077
 8735991	 0.8965517	 54889 106377 781134	 1 1.0	 1 226193286 15300403
 8736490	 0.22000718	 54898 106402 781186	 1 1.0	 1 226197232 15453400
 8736980	 0.22000718	 54903 106412 781236	 1 1.0	 1 226197508 15453400
 8737475	 0.5862069	 54938 106456 781284	 1 1.0	 1 226198557 15453470
 8738008	 0.3448276	 54947 106495 781335	 1 1.0	 1 226203985 15671007
 8738471	 0.8965517	 54957 106515 781382	 1 1.0	 1 226204375 15671007
 8738971	 0.8965517	 54981 106551 781430	 1 0.11764705882352941	 1 226205286 15677622
 8739490	 0.22000718	 54986 106585 781483	 1 0.11764705882352941	 1 226210168 15880435
 8739973	 0.8965517	 54988 106594 781532	 1 0.11764705882352941	 1 226210260 15880435
 8740470	 0.8965517	 55020 106634 781579	 1 0.11764705882352941	 1 226210987 15880505
 8740999	 0.8965517	 55039 106670 781632	 1 0.11764705882352941	 1 226214095 15982839
 8741485	 0.44827586	 55053 106705 781680	 1 0.11764705882352941	 1 226216877 16115567
 8741974	 0.8965517	 55103 106765 781741	 1 0.11764705882352941	 1 226218763 16115567
 8742480	 0.8965517	 55110 106777 781780	 1 0.11764705882352941	 1 226219612 16115637
 8743011	 0.8965517	 55122 106809 781829	 1 0.11764705882352941	 1 226223064 16242877
 8743515	 0.8965517	 55126 106844 781879	 1 0.11764705882352941	 1 226228908 16506377
 8743981	 0.22000718	 55136 106862 781928	 1 0.11764705882352941	 1 226230522 16536908
 8744481	 0.22000718	 55143 106872 781978	 1 0.11764705882352941	 1 226230844 16536908
 8744977	 0.8965517	 55163 106912 782029	 1 0.11764705882352941	 1 226234559 16616819
 8745471	 0.8965517	 55190 106958 782075	 1 0.11764705882352941	 1 226237679 16722488
 8745990	 0.22000718	 55200 106982 782126	 1 0.11764705882352941	 1 226241105 16868769
 8746478	 0.3448276	 55213 107002 782176	 1 0.11764705882352941	 1 226241243 16868769
 8746999	 0.22000718	 55228 107023 782226	 1 0.11764705882352941	 1 226241657 16868769
 8747480	 0.22000718	 55233 107033 782276	 1 0.11764705882352941	 1 226241979 16868769
 8747992	 0.8965517	 55239 107044 782325	 1 0.11764705882352941	 1 226242807 16868769
 8748491	 0.22000718	 55247 107055 782377	 1 0.11764705882352941	 1 226243037 16868769
 8748981	 0.22000718	 55258 107067 782426	 1 0.11764705882352941	 1 226243267 16868769
 8749480	 0.22000718	 55266 107077 782476	 1 0.11764705882352941	 1 226244041 16868769
 8749991	 0.22000718	 55276 107092 782527	 1 0.11764705882352941	 1 226244501 16868769
 8750477	 0.8965517	 55283 107103 782572	 1 0.11764705882352941	 1 226245212 16868839
 8750971	 0.3448276	 55303 107145 782622	 1 0.11764705882352941	 1 226248008 16985724
 8751483	 0.22000718	 55319 107174 782681	 1 0.11764705882352941	 1 226250936 17092259
 8751981	 0.22000718	 55329 107187 782723	 1 0.11764705882352941	 1 226251028 17092259
 8752491	 0.22000718	 55335 107198 782774	 1 0.11764705882352941	 1 226251350 17092259
 8752973	 0.22000718	 55340 107208 782823	 1 0.11764705882352941	 1 226251534 17092259
 8753477	 0.62068963	 55360 107239 782870	 1 0.11764705882352941	 1 226252675 17092329
 8754005	 0.22000718	 55388 107280 782925	 1 0.11764705882352941	 1 226252997 17092329
 8754480	 0.22000718	 55401 107296 782974	 1 0.11764705882352941	 1 226253273 17092329
 8754974	 0.22000718	 55408 107307 783024	 1 0.11764705882352941	 1 226253319 17092329
 8755492	 0.8965517	 55413 107316 783072	 1 0.11764705882352941	 1 226253457 17092329
 8755980	 0.22000718	 55421 107329 783123	 1 0.11764705882352941	 1 226253687 17092329
 8756481	 0.8965517	 55433 107346 783180	 1 0.11764705882352941	 1 226254101 17092329
 8756980	 0.8965517	 55452 107373 783223	 1 0.11764705882352941	 1 226254193 17092329
 8757502	 0.8965517	 55462 107387 783273	 1 0.11764705882352941	 1 226254377 17092329
 8757995	 0.22000718	 55469 107398 783323	 1 0.11764705882352941	 1 226254607 17092329
 8758481	 0.8965517	 55480 107410 783372	 1 0.11764705882352941	 1 226255105 17092329
 8758970	 0.8965517	 55494 107436 783420	 1 0.11764705882352941	 1 226255557 17092329
 8759480	 0.22000718	 55514 107469 783473	 1 0.11764705882352941	 1 226255879 17092329
 8759990	 0.22000718	 55537 107507 783524	 1 0.11764705882352941	 1 226256661 17092329
 8760481	 0.22000718	 55543 107519 783574	 1 0.11764705882352941	 1 226257297 17092329
 8760980	 0.22000718	 55550 107530 783623	 1 0.11764705882352941	 1 226257389 17092329
 8761480	 0.22000718	 55562 107546 783673	 1 0.11764705882352941	 1 226257967 17092329
 8761990	 0.22000718	 55572 107560 783723	 1 0.11764705882352941	 1 226258465 17092329
 8762490	 0.22000718	 55581 107573 783774	 1 0.11764705882352941	 1 226258687 17092329
 8762973	 0.22000718	 55586 107586 783824	 1 0.11764705882352941	 1 226259009 17092329
 8763495	 0.8965517	 55592 107597 783875	 1 0.11764705882352941	 1 226259415 17092329
 8763976	 0.8965517	 55604 107614 783923	 1 0.11764705882352941	 1 226259829 17092329
 8764490	 0.8965517	 55618 107635 783974	 1 0.11764705882352941	 1 226260427 17092329
