up_time cpu_freq utime work_time total_time screen_on brightness wifi_on wifi_rx_bytes wifi_tx_bytes
 976030	 0.8965517	 10519 19034 97149	 1 0.00392156862745098	 1 91926208 2152386
 976545	 0.8965517	 10525 19046 97196	 1 0.00392156862745098	 1 91926346 2152386
 977000	 0.22000718	 10549 19075 97244	 1 0.00392156862745098	 1 91926622 2152386
 977508	 0.8965517	 10556 19092 97296	 1 0.00392156862745098	 1 91926806 2152386
 977977	 0.8965517	 10575 19130 97347	 1 0.00392156862745098	 1 91926898 2152386
 978489	 0.8965517	 10580 19141 97393	 1 0.00392156862745098	 1 91927174 2152386
 978984	 0.22000718	 10604 19172 97443	 1 0.00392156862745098	 1 91927358 2152386
 979485	 0.22000718	 10610 19184 97494	 1 0.00392156862745098	 1 91927864 2152386
 979978	 0.37931034	 10618 19194 97540	 1 0.00392156862745098	 1 91928094 2152386
 980551	 0.8965517	 10627 19209 97596	 1 0.00392156862745098	 1 91928692 2152386
 980986	 0.8965517	 10636 19220 97642	 1 0.00392156862745098	 1 91929014 2152386
 981485	 0.8965517	 10650 19246 97692	 1 0.00392156862745098	 1 91929244 2152464
 981985	 0.8965517	 10658 19255 97742	 1 0.00392156862745098	 1 91929788 2152464
 982488	 0.22000718	 10666 19268 97794	 1 0.00392156862745098	 1 91930470 2152464
 982985	 0.8965517	 10676 19282 97843	 1 0.00392156862745098	 1 91930650 2152464
 983506	 0.8965517	 10680 19291 97892	 1 0.00392156862745098	 1 91930826 2152464
 983985	 0.8965517	 10683 19299 97941	 1 0.00392156862745098	 1 91930826 2152464
 984512	 0.8965517	 10686 19320 97990	 1 0.00392156862745098	 1 92297730 2161318
 984982	 0.8965517	 10699 19353 98034	 1 0.00392156862745098	 1 92938164 2177626
 985501	 0.62068963	 10711 19389 98085	 1 0.00392156862745098	 1 93684042 2195022
 985981	 0.8965517	 10722 19426 98130	 1 0.00392156862745098	 1 94375882 2211192
 986478	 0.3448276	 10730 19462 98179	 1 0.00392156862745098	 1 95124657 2229392
 987000	 0.22000718	 10737 19473 98231	 1 0.00392156862745098	 1 95124795 2229392
 987504	 0.22000718	 10745 19485 98282	 1 0.00392156862745098	 1 95125247 2229392
 987977	 0.22000718	 10756 19499 98331	 1 0.00392156862745098	 1 95125335 2229392
 988497	 0.8965517	 10763 19509 98379	 1 0.00392156862745098	 1 95125683 2229462
 988977	 0.22000718	 10766 19519 98431	 1 0.00392156862745098	 1 95125927 2229462
 989495	 0.22000718	 10770 19529 98480	 1 0.00392156862745098	 1 95126149 2229462
 989999	 0.22000718	 10778 19544 98534	 1 0.00392156862745098	 1 95126451 2229462
 990477	 0.22000718	 10788 19556 98581	 1 0.00392156862745098	 1 95126581 2229462
 990985	 0.22000718	 10794 19566 98630	 1 0.00392156862745098	 1 95126711 2229462
 991502	 0.7586207	 10803 19592 98677	 1 0.00392156862745098	 1 95485125 2237616
 991979	 0.8965517	 10816 19631 98726	 1 0.00392156862745098	 1 96222615 2254836
 992494	 0.8965517	 10827 19675 98781	 1 0.00392156862745098	 1 96982833 2273734
 992982	 0.8965517	 10837 19710 98823	 1 0.00392156862745098	 1 97648813 2289204
 993477	 0.22000718	 10852 19750 98876	 1 0.00392156862745098	 1 98319078 2305514
 993992	 0.22000718	 10857 19758 98924	 1 0.00392156862745098	 1 98319254 2305514
 994496	 0.22000718	 10863 19769 98975	 1 0.00392156862745098	 1 98319514 2305514
 994993	 0.8965517	 10874 19782 99024	 1 0.00392156862745098	 1 98319606 2305514
 995477	 0.8965517	 10877 19791 99074	 1 0.00392156862745098	 1 98319790 2305514
 996000	 0.22000718	 10883 19802 99125	 1 0.00392156862745098	 1 98319928 2305514
 996477	 0.22000718	 10892 19813 99175	 1 0.00392156862745098	 1 98320158 2305514
 996977	 0.22000718	 10898 19823 99225	 1 0.00392156862745098	 1 98320480 2305514
 997485	 0.22000718	 10907 19838 99276	 1 0.00392156862745098	 1 98320480 2305514
 997998	 0.22000718	 10913 19849 99326	 1 0.00392156862745098	 1 98320618 2305514
 998495	 0.22000718	 10921 19862 99374	 1 0.00392156862745098	 1 98320710 2305514
 998985	 0.22000718	 10927 19872 99425	 1 0.00392156862745098	 1 98320756 2305514
 999477	 0.22000718	 10933 19881 99475	 1 0.00392156862745098	 1 98320920 2305584
 999985	 0.22000718	 10943 19895 99524	 1 0.00392156862745098	 1 98321012 2305584
 1000477	 0.22000718	 10951 19906 99574	 1 0.00392156862745098	 1 98321150 2305584
 1000985	 0.8965517	 10954 19917 99625	 1 0.00392156862745098	 1 98321242 2305584
 1001475	 0.8965517	 10961 19940 99672	 1 0.00392156862745098	 1 98576702 2311568
 1002005	 0.8965517	 10974 19981 99727	 1 0.00392156862745098	 1 99088728 2327148
 1002484	 0.8965517	 10982 20013 99768	 1 0.00392156862745098	 1 99585206 2338838
 1003005	 0.6551724	 10992 20051 99817	 1 0.00392156862745098	 1 100352482 2357016
 1003502	 0.8965517	 11001 20081 99866	 1 0.00392156862745098	 1 101005766 2372242
 1004015	 0.8965517	 11005 20114 99915	 1 0.00392156862745098	 1 101495144 2383862
 1004496	 0.7586207	 11019 20135 99970	 1 0.00392156862745098	 1 101519645 2384632
 1004978	 0.22000718	 11026 20145 100014	 1 0.00392156862745098	 1 101520005 2384632
 1005495	 0.22000718	 11032 20157 100065	 1 0.00392156862745098	 1 101520227 2384632
 1005998	 0.22000718	 11036 20166 100113	 1 0.00392156862745098	 1 101520525 2384632
 1006499	 0.22000718	 11041 20178 100165	 1 0.00392156862745098	 1 101520847 2384632
 1006987	 0.8965517	 11054 20192 100214	 1 0.00392156862745098	 1 101521031 2384632
 1007495	 0.22000718	 11060 20202 100264	 1 0.00392156862745098	 1 101521169 2384632
 1007988	 0.22000718	 11066 20213 100313	 1 0.00392156862745098	 1 101521445 2384632
 1008499	 0.22000718	 11075 20223 100364	 1 0.00392156862745098	 1 101521629 2384632
 1008995	 0.8965517	 11079 20233 100413	 1 0.00392156862745098	 1 101521997 2384632
 1009477	 0.22000718	 11090 20249 100464	 1 0.00392156862745098	 1 101522227 2384632
 1010003	 0.22000718	 11099 20259 100514	 1 0.00392156862745098	 1 101522779 2384632
 1010495	 0.22000718	 11105 20270 100563	 1 0.00392156862745098	 1 101523239 2384632
 1011000	 0.8965517	 11109 20278 100612	 1 0.00392156862745098	 1 101523331 2384632
 1011484	 0.5862069	 11114 20302 100661	 1 0.00392156862745098	 1 101934211 2394396
 1012004	 0.86206895	 11137 20344 100712	 1 0.00392156862745098	 1 102578991 2410298
 1012506	 0.7241379	 11147 20382 100758	 1 0.00392156862745098	 1 103293505 2426608
 1012990	 0.8965517	 11158 20421 100805	 1 0.00392156862745098	 1 104079457 2444506
 1013493	 0.37931034	 11169 20452 100852	 1 0.00392156862745098	 1 104517561 2454306
 1013985	 0.22000718	 11189 20480 100915	 1 0.00392156862745098	 1 104717510 2459416
 1014505	 0.8965517	 11191 20489 100953	 1 0.00392156862745098	 1 104717686 2459416
 1014999	 0.22000718	 11196 20498 101003	 1 0.00392156862745098	 1 104717686 2459416
 1015498	 0.22000718	 11199 20508 101054	 1 0.00392156862745098	 1 104717962 2459416
 1016000	 0.22000718	 11205 20520 101104	 1 0.00392156862745098	 1 104718314 2459416
 1016485	 0.8965517	 11223 20541 101165	 1 0.00392156862745098	 1 104718712 2459416
 1016977	 0.22000718	 11231 20552 101204	 1 0.00392156862745098	 1 104718796 2459416
 1017500	 0.22000718	 11237 20563 101254	 1 0.00392156862745098	 1 104718972 2459416
 1017999	 0.22000718	 11245 20574 101304	 1 0.00392156862745098	 1 104719018 2459416
 1018507	 0.8965517	 11253 20585 101353	 1 0.00392156862745098	 1 104719170 2459416
 1019000	 0.22000718	 11261 20599 101404	 1 0.00392156862745098	 1 104719208 2459416
 1019485	 0.22000718	 11269 20611 101454	 1 0.00392156862745098	 1 104719330 2459416
 1019995	 0.22000718	 11274 20622 101504	 1 0.00392156862745098	 1 104719514 2459416
 1020477	 0.22000718	 11279 20633 101555	 1 0.00392156862745098	 1 104719606 2459416
 1020995	 0.22000718	 11284 20644 101603	 1 0.00392156862745098	 1 104719920 2459416
 1021508	 0.62068963	 11296 20671 101648	 1 0.00392156862745098	 1 105035502 2466660
 1021983	 0.8965517	 11307 20705 101694	 1 0.00392156862745098	 1 105884106 2485888
 1022512	 0.51724136	 11314 20744 101744	 1 0.00392156862745098	 1 106611856 2504062
 1023011	 0.8965517	 11326 20786 101790	 1 0.00392156862745098	 1 107360820 2521260
 1023477	 0.55172414	 11337 20816 101835	 1 0.00392156862745098	 1 107941545 2535190
 1023995	 0.22000718	 11348 20831 101887	 1 0.00392156862745098	 1 107941965 2535190
 1024486	 0.8965517	 11355 20840 101935	 1 0.00392156862745098	 1 107942125 2535190
 1024985	 0.22000718	 11361 20851 101987	 1 0.00392156862745098	 1 107942691 2535190
 1025495	 0.22000718	 11367 20860 102036	 1 0.00392156862745098	 1 107943227 2535190
 1025995	 0.22000718	 11372 20871 102087	 1 0.00392156862745098	 1 107943549 2535190
 1026477	 0.8965517	 11382 20885 102136	 1 0.00392156862745098	 1 107943871 2535190
 1026996	 0.22000718	 11389 20895 102188	 1 0.00392156862745098	 1 107944537 2535190
 1027489	 0.22000718	 11391 20904 102236	 1 0.00392156862745098	 1 107944851 2535190
 1027994	 0.8965517	 11399 20914 102286	 1 0.00392156862745098	 1 107945471 2535190
 1028496	 0.8965517	 11411 20929 102340	 1 0.00392156862745098	 1 107945747 2535190
 1028977	 0.22000718	 11417 20940 102387	 1 0.00392156862745098	 1 107946337 2535190
 1029477	 0.22000718	 11421 20951 102437	 1 0.00392156862745098	 1 107946739 2535190
 1029985	 0.22000718	 11426 20962 102486	 1 0.00392156862745098	 1 107946961 2535190
 1030495	 0.22000718	 11430 20973 102536	 1 0.00392156862745098	 1 107947443 2535190
 1030985	 0.22000718	 11444 20990 102594	 1 0.00392156862745098	 1 107947703 2535190
 1031499	 0.7586207	 11455 21012 102633	 1 0.00392156862745098	 1 108303113 2543544
 1032011	 0.8965517	 11461 21042 102677	 1 0.00392156862745098	 1 108926321 2558072
 1032475	 0.8965517	 11469 21076 102721	 1 0.00392156862745098	 1 109531037 2572470
 1033005	 0.8965517	 11482 21118 102770	 1 0.00392156862745098	 1 110359635 2591160
 1033492	 0.8965517	 11496 21162 102822	 1 0.00392156862745098	 1 111139840 2609430
 1033985	 0.8965517	 11502 21171 102870	 1 0.00392156862745098	 1 111139932 2609430
 1034495	 0.22000718	 11510 21182 102921	 1 0.00392156862745098	 1 111140062 2609430
 1034994	 0.22000718	 11518 21193 102972	 1 0.00392156862745098	 1 111140108 2609430
 1035485	 0.22000718	 11522 21202 103021	 1 0.00392156862745098	 1 111140154 2609430
 1036007	 0.22000718	 11531 21216 103070	 1 0.00392156862745098	 1 111140292 2609430
 1036500	 0.22000718	 11538 21225 103119	 1 0.00392156862745098	 1 111140372 2609430
 1036977	 0.22000718	 11546 21236 103170	 1 0.00392156862745098	 1 111140686 2609430
 1037495	 0.22000718	 11551 21245 103219	 1 0.00392156862745098	 1 111140912 2609430
 1037977	 0.22000718	 11558 21255 103269	 1 0.00392156862745098	 1 111140954 2609430
 1038491	 0.8965517	 11572 21274 103326	 1 0.00392156862745098	 1 111141264 2609430
 1038985	 0.22000718	 11580 21284 103369	 1 0.00392156862745098	 1 111141470 2609430
 1039504	 0.22000718	 11587 21294 103419	 1 0.00392156862745098	 1 111141814 2609430
 1040003	 0.8965517	 11592 21303 103468	 1 0.00392156862745098	 1 111142074 2609430
 1040495	 0.8965517	 11598 21312 103518	 1 0.00392156862745098	 1 111142288 2609430
 1040997	 0.22000718	 11610 21326 103570	 1 0.00392156862745098	 1 111142472 2609430
 1041486	 0.51724136	 11623 21352 103618	 1 0.00392156862745098	 1 111142564 2609430
 1041987	 0.8965517	 11640 21378 103668	 1 0.00392156862745098	 1 111142610 2609430
 1042484	 0.22000718	 11655 21397 103719	 1 0.00392156862745098	 1 111142794 2609430
 1042995	 0.22000718	 11671 21422 103770	 1 0.00392156862745098	 1 111143024 2609430
 1043495	 0.22000718	 11681 21437 103820	 1 0.00392156862745098	 1 111143334 2609500
 1043985	 0.22000718	 11687 21447 103869	 1 0.00392156862745098	 1 111143564 2609500
 1044485	 0.22000718	 11692 21456 103918	 1 0.00392156862745098	 1 111143748 2609500
 1044996	 0.8965517	 11701 21473 103967	 1 0.00392156862745098	 1 111144016 2609500
 1045477	 0.22000718	 11712 21490 104018	 1 0.00392156862745098	 1 111144154 2609500
 1045977	 0.8965517	 11728 21516 104066	 1 0.00392156862745098	 1 111144200 2609500
 1046484	 0.8965517	 11746 21550 104117	 1 0.00392156862745098	 1 111144568 2609500
 1046992	 0.3448276	 11767 21583 104167	 1 0.00392156862745098	 1 111144660 2609500
 1047477	 0.8965517	 11779 21599 104219	 1 0.00392156862745098	 1 111144844 2609500
