up_time cpu_freq utime work_time total_time screen_on brightness wifi_on wifi_rx_bytes wifi_tx_bytes
 2211691	 0.4827586	 12970 36294 220880	 1 0.00392156862745098	 0 0 0
 2212172	 0.4827586	 13000 36331 220929	 1 0.00392156862745098	 0 0 0
 2212655	 0.22000718	 13018 36356 220978	 1 0.00392156862745098	 0 0 0
 2213169	 0.22000718	 13024 36370 221029	 1 0.00392156862745098	 0 0 0
 2213647	 0.4827586	 13041 36398 221078	 1 0.00392156862745098	 0 0 0
 2214145	 0.22000718	 13067 36437 221129	 1 0.00392156862745098	 0 0 0
 2214672	 0.4827586	 13091 36469 221177	 1 0.00392156862745098	 0 0 0
 2215155	 0.4827586	 13095 36480 221227	 1 0.00392156862745098	 0 0 0
 2215646	 0.4827586	 13114 36505 221289	 1 0.00392156862745098	 0 0 0
 2216155	 0.22000718	 13129 36525 221328	 1 0.00392156862745098	 0 0 0
 2216646	 0.22000718	 13139 36537 221378	 1 0.00392156862745098	 0 0 0
 2217157	 0.4827586	 13157 36568 221426	 1 0.00392156862745098	 0 0 0
 2217661	 0.4827586	 13165 36619 221477	 1 0.00392156862745098	 0 0 0
 2218153	 0.4827586	 13171 36668 221526	 1 0.00392156862745098	 0 0 0
 2218653	 0.4827586	 13178 36718 221576	 1 0.00392156862745098	 0 0 0
 2219156	 0.4827586	 13190 36767 221625	 1 0.00392156862745098	 0 0 0
 2219647	 0.4827586	 13197 36817 221675	 1 0.00392156862745098	 0 0 0
 2220161	 0.4827586	 13208 36876 221734	 1 0.00392156862745098	 0 0 0
 2220652	 0.4827586	 13211 36917 221775	 1 0.00392156862745098	 0 0 0
 2221155	 0.4827586	 13219 36968 221826	 1 0.00392156862745098	 0 0 0
 2221652	 0.4827586	 13227 37018 221876	 1 0.00392156862745098	 0 0 0
 2222143	 0.4827586	 13235 37067 221925	 1 0.00392156862745098	 0 0 0
 2222652	 0.4827586	 13237 37117 221975	 1 0.00392156862745098	 0 0 0
 2223152	 0.4827586	 13243 37168 222026	 1 0.00392156862745098	 0 0 0
 2223647	 0.4827586	 13248 37217 222075	 1 0.00392156862745098	 0 0 0
 2224143	 0.4827586	 13254 37267 222125	 1 0.00392156862745098	 0 0 0
 2224738	 0.4827586	 13267 37325 222183	 1 0.00392156862745098	 0 0 0
 2225153	 0.4827586	 13271 37367 222225	 1 0.00392156862745098	 0 0 0
 2225643	 0.4827586	 13276 37417 222275	 1 0.00392156862745098	 0 0 0
 2226160	 0.4827586	 13281 37468 222326	 1 0.00392156862745098	 0 0 0
 2226647	 0.4827586	 13288 37517 222375	 1 0.00392156862745098	 0 0 0
 2227155	 0.4827586	 13295 37567 222425	 1 0.00392156862745098	 0 0 0
 2227643	 0.4827586	 13300 37617 222475	 1 0.00392156862745098	 0 0 0
 2228147	 0.4827586	 13302 37667 222525	 1 0.00392156862745098	 0 0 0
 2228655	 0.4827586	 13307 37718 222576	 1 0.00392156862745098	 0 0 0
 2229152	 0.4827586	 13317 37767 222625	 1 0.00392156862745098	 0 0 0
 2229653	 0.4827586	 13319 37818 222676	 1 0.00392156862745098	 0 0 0
 2230152	 0.4827586	 13323 37867 222725	 1 0.00392156862745098	 0 0 0
 2230648	 0.4827586	 13328 37917 222775	 1 0.00392156862745098	 0 0 0
 2231152	 0.4827586	 13334 37967 222825	 1 0.00392156862745098	 0 0 0
 2231655	 0.4827586	 13339 38017 222875	 1 0.00392156862745098	 0 0 0
 2232155	 0.4827586	 13341 38067 222925	 1 0.00392156862745098	 0 0 0
 2232643	 0.4827586	 13344 38117 222975	 1 0.00392156862745098	 0 0 0
 2233166	 0.4827586	 13360 38178 223036	 1 0.00392156862745098	 0 0 0
 2233652	 0.4827586	 13364 38217 223075	 1 0.00392156862745098	 0 0 0
 2234148	 0.4827586	 13370 38267 223125	 1 0.00392156862745098	 0 0 0
 2234652	 0.4827586	 13375 38318 223176	 1 0.00392156862745098	 0 0 0
 2235143	 0.4827586	 13379 38367 223225	 1 0.00392156862745098	 0 0 0
 2235643	 0.4827586	 13384 38417 223275	 1 0.00392156862745098	 0 0 0
 2236152	 0.4827586	 13388 38467 223325	 1 0.00392156862745098	 0 0 0
 2236643	 0.4827586	 13394 38519 223377	 1 0.00392156862745098	 0 0 0
 2237156	 0.4827586	 13398 38567 223425	 1 0.00392156862745098	 0 0 0
 2237643	 0.4827586	 13410 38617 223475	 1 0.00392156862745098	 0 0 0
 2238154	 0.4827586	 13415 38667 223525	 1 0.00392156862745098	 0 0 0
 2238647	 0.4827586	 13421 38717 223575	 1 0.00392156862745098	 0 0 0
 2239152	 0.4827586	 13427 38767 223625	 1 0.00392156862745098	 0 0 0
 2239651	 0.4827586	 13433 38817 223675	 1 0.00392156862745098	 0 0 0
 2240161	 0.4827586	 13438 38868 223726	 1 0.00392156862745098	 0 0 0
 2240647	 0.4827586	 13445 38917 223775	 1 0.00392156862745098	 0 0 0
 2241153	 0.4827586	 13450 38967 223825	 1 0.00392156862745098	 0 0 0
 2241660	 0.4827586	 13462 39025 223883	 1 0.00392156862745098	 0 0 0
 2242155	 0.4827586	 13467 39067 223925	 1 0.00392156862745098	 0 0 0
 2242656	 0.4827586	 13472 39117 223975	 1 0.00392156862745098	 0 0 0
 2243152	 0.4827586	 13474 39167 224025	 1 0.00392156862745098	 0 0 0
 2243643	 0.4827586	 13478 39217 224075	 1 0.00392156862745098	 0 0 0
 2244161	 0.4827586	 13481 39267 224125	 1 0.00392156862745098	 0 0 0
 2244653	 0.4827586	 13485 39317 224175	 1 0.00392156862745098	 0 0 0
 2245143	 0.4827586	 13492 39367 224225	 1 0.00392156862745098	 0 0 0
 2245655	 0.4827586	 13499 39417 224275	 1 0.00392156862745098	 0 0 0
 2246152	 0.4827586	 13510 39467 224325	 1 0.00392156862745098	 0 0 0
 2246643	 0.4827586	 13514 39517 224375	 1 0.00392156862745098	 0 0 0
 2247163	 0.4827586	 13520 39568 224426	 1 0.00392156862745098	 0 0 0
 2247643	 0.4827586	 13526 39617 224475	 1 0.00392156862745098	 0 0 0
 2248143	 0.4827586	 13533 39667 224525	 1 0.00392156862745098	 0 0 0
 2248652	 0.4827586	 13537 39717 224575	 1 0.00392156862745098	 0 0 0
 2249152	 0.4827586	 13540 39767 224625	 1 0.00392156862745098	 0 0 0
 2249656	 0.4827586	 13544 39818 224676	 1 0.00392156862745098	 0 0 0
 2250143	 0.4827586	 13556 39875 224733	 1 0.00392156862745098	 0 0 0
 2250643	 0.4827586	 13560 39917 224775	 1 0.00392156862745098	 0 0 0
 2251152	 0.4827586	 13566 39967 224825	 1 0.00392156862745098	 0 0 0
 2251652	 0.4827586	 13569 40017 224875	 1 0.00392156862745098	 0 0 0
 2252163	 0.4827586	 13572 40068 224926	 1 0.00392156862745098	 0 0 0
 2252652	 0.4827586	 13578 40117 224975	 1 0.00392156862745098	 0 0 0
 2253155	 0.4827586	 13582 40167 225025	 1 0.00392156862745098	 0 0 0
 2253643	 0.4827586	 13585 40217 225075	 1 0.00392156862745098	 0 0 0
 2254152	 0.4827586	 13589 40267 225125	 1 0.00392156862745098	 0 0 0
 2254655	 0.4827586	 13602 40317 225175	 1 0.00392156862745098	 0 0 0
 2255147	 0.4827586	 13608 40367 225225	 1 0.00392156862745098	 0 0 0
 2255655	 0.4827586	 13611 40417 225275	 1 0.00392156862745098	 0 0 0
 2256153	 0.4827586	 13620 40469 225328	 1 0.00392156862745098	 0 0 0
 2256648	 0.22000718	 13636 40497 225377	 1 0.00392156862745098	 0 0 0
 2257154	 0.22000718	 13653 40523 225427	 1 0.00392156862745098	 0 0 0
 2257666	 0.22000718	 13672 40551 225477	 1 0.00392156862745098	 0 0 0
 2258146	 0.22000718	 13680 40563 225528	 1 0.00392156862745098	 0 0 0
 2258646	 0.4827586	 13686 40577 225577	 1 0.00392156862745098	 0 0 0
 2259172	 0.22000718	 13714 40611 225629	 1 0.00392156862745098	 0 0 0
 2259655	 0.22000718	 13720 40622 225678	 1 0.00392156862745098	 0 0 0
 2260164	 0.22000718	 13748 40663 225729	 1 0.00392156862745098	 0 0 0
 2260664	 0.4827586	 13759 40690 225780	 1 0.00392156862745098	 0 0 0
 2261146	 0.4827586	 13789 40732 225828	 1 0.00392156862745098	 0 0 0
 2261683	 0.4827586	 13806 40753 225880	 1 0.00392156862745098	 0 0 0
