up_time cpu_freq utime work_time total_time screen_on brightness wifi_on wifi_rx_bytes wifi_tx_bytes
 256699	 0.8965517	 3890 5682 25635	 1 0.00392156862745098	 1 9211 2654
 257198	 0.8965517	 3908 5711 25679	 1 0.00392156862745098	 1 9303 2654
 257613	 0.8965517	 3921 5734 25725	 1 0.00392156862745098	 1 9617 2654
 258099	 0.8965517	 3949 5772 25777	 1 0.00392156862745098	 1 9755 2654
 258644	 0.8965517	 3964 5795 25823	 1 0.00392156862745098	 1 10077 2654
 259105	 0.8965517	 3999 5846 25885	 1 0.00392156862745098	 1 10123 2654
 259610	 0.8965517	 4019 5877 25923	 1 0.00392156862745098	 1 10253 2654
 260097	 0.8965517	 4029 5892 25974	 1 0.00392156862745098	 1 10437 2654
 260626	 0.8965517	 4036 5903 26022	 1 0.00392156862745098	 1 10759 2654
 261110	 0.8965517	 4044 5917 26072	 1 0.00392156862745098	 1 10897 2654
 261608	 0.8965517	 4049 5929 26123	 1 0.00392156862745098	 1 11265 2654
 262107	 0.8965517	 4054 5940 26173	 1 0.00392156862745098	 1 11357 2654
 262616	 0.79310346	 4071 5970 26221	 1 0.00392156862745098	 1 11867 2888
 263134	 0.8965517	 4077 6003 26271	 1 0.00392156862745098	 1 301397 9872
 263604	 0.6551724	 4091 6041 26320	 1 0.00392156862745098	 1 1018717 25786
 264153	 0.8965517	 4102 6081 26377	 1 0.00392156862745098	 1 1766071 46692
 264640	 0.3448276	 4120 6113 26418	 1 0.00392156862745098	 1 1985809 51570
 265137	 0.8965517	 4125 6140 26465	 1 0.00392156862745098	 1 2322525 59410
 265600	 0.6551724	 4138 6178 26512	 1 0.00392156862745098	 1 2924603 73480
 266110	 0.4827586	 4149 6214 26556	 1 0.00392156862745098	 1 3600619 89720
 266628	 0.8965517	 4161 6254 26606	 1 0.00392156862745098	 1 4205289 104002
 267108	 0.8965517	 4176 6275 26656	 1 0.00392156862745098	 1 4287314 106722
 267598	 0.8965517	 4187 6290 26707	 1 0.00392156862745098	 1 4287406 106722
 268125	 0.8965517	 4193 6300 26756	 1 0.00392156862745098	 1 4287582 106722
 268598	 0.8965517	 4197 6309 26805	 1 0.00392156862745098	 1 4287582 106722
 269125	 0.8965517	 4210 6324 26856	 1 0.00392156862745098	 1 4287758 106722
 269596	 0.22000718	 4223 6342 26906	 1 0.00392156862745098	 1 4287942 106722
 270099	 0.8965517	 4228 6352 26956	 1 0.00392156862745098	 1 4287988 106722
 270629	 0.8965517	 4240 6368 27009	 1 0.00392156862745098	 1 4288080 106722
 271145	 0.8965517	 4249 6380 27057	 1 0.00392156862745098	 1 4288172 106722
 271596	 0.8965517	 4257 6390 27105	 1 0.00392156862745098	 1 4288248 106722
 272123	 0.22000718	 4271 6406 27159	 1 0.00392156862745098	 1 4288362 106722
 272625	 0.22000718	 4278 6420 27206	 1 0.00392156862745098	 1 4304374 107876
 273122	 0.6896552	 4288 6457 27254	 1 0.00392156862745098	 1 4929312 122156
 273605	 0.8965517	 4299 6497 27302	 1 0.00392156862745098	 1 5718066 140776
 274100	 0.7241379	 4312 6534 27350	 1 0.00392156862745098	 1 6357112 156778
 274642	 0.8965517	 4330 6576 27401	 1 0.00392156862745098	 1 7033112 172528
 275118	 0.8965517	 4342 6614 27444	 1 0.00392156862745098	 1 7721984 188046
 275596	 0.8965517	 4361 6656 27496	 1 0.00392156862745098	 1 8164166 198826
 276131	 0.8965517	 4368 6680 27540	 1 0.00392156862745098	 1 8544171 208486
 276596	 0.8965517	 4373 6691 27591	 1 0.00392156862745098	 1 8544263 208486
 277125	 0.8965517	 4383 6705 27644	 1 0.00392156862745098	 1 8544493 208486
 277616	 0.8965517	 4392 6716 27691	 1 0.00392156862745098	 1 8544815 208486
 278106	 0.8965517	 4400 6727 27741	 1 0.00392156862745098	 1 8545275 208486
 278596	 0.8965517	 4410 6744 27796	 1 0.00392156862745098	 1 8545827 208486
 279123	 0.22000718	 4420 6756 27842	 1 0.00392156862745098	 1 8546149 208486
 279606	 0.8965517	 4429 6770 27891	 1 0.00392156862745098	 1 8546379 208486
 280124	 0.8965517	 4435 6780 27940	 1 0.00392156862745098	 1 8546609 208486
 280625	 0.8965517	 4445 6794 27991	 1 0.00392156862745098	 1 8546877 208486
 281096	 0.22000718	 4455 6807 28041	 1 0.00392156862745098	 1 8547153 208486
 281605	 0.8965517	 4461 6818 28091	 1 0.00392156862745098	 1 8547291 208486
 282123	 0.22000718	 4471 6833 28141	 1 0.00392156862745098	 1 8547429 208486
 282616	 0.8965517	 4484 6849 28191	 1 0.00392156862745098	 1 8547613 208486
 283122	 0.82758623	 4494 6883 28237	 1 0.00392156862745098	 1 9245401 225158
 283627	 0.8965517	 4507 6922 28290	 1 0.00392156862745098	 1 9865849 239614
 284108	 0.44827586	 4517 6956 28334	 1 0.00392156862745098	 1 10533355 255672
 284617	 0.8965517	 4530 6998 28382	 1 0.00392156862745098	 1 11086811 268296
 285094	 0.55172414	 4541 7040 28434	 1 0.00392156862745098	 1 11958097 289086
 285626	 0.8965517	 4549 7073 28476	 1 0.00392156862745098	 1 12696857 306262
 286129	 0.8965517	 4559 7089 28528	 1 0.00392156862745098	 1 12824330 309552
 286630	 0.22000718	 4567 7101 28578	 1 0.00392156862745098	 1 12824506 309552
 287095	 0.8965517	 4576 7117 28628	 1 0.00392156862745098	 1 12824766 309552
 287596	 0.22000718	 4582 7129 28679	 1 0.00392156862745098	 1 12824850 309552
 288125	 0.8965517	 4589 7140 28728	 1 0.00392156862745098	 1 12825202 309552
 288605	 0.8965517	 4599 7155 28784	 1 0.00392156862745098	 1 12825508 309552
 289131	 0.8965517	 4607 7163 28826	 1 0.00392156862745098	 1 12825600 309552
 289620	 0.22000718	 4613 7174 28877	 1 0.00392156862745098	 1 12825738 309552
 290104	 0.22000718	 4621 7188 28932	 1 0.00392156862745098	 1 12826056 309552
 290595	 0.22000718	 4631 7202 28978	 1 0.00392156862745098	 1 12826190 309552
 291124	 0.8965517	 4635 7213 29028	 1 0.00392156862745098	 1 12826554 309552
 291626	 0.22000718	 4640 7225 29078	 1 0.00392156862745098	 1 12826876 309552
 292115	 0.22000718	 4649 7242 29127	 1 0.00392156862745098	 1 12826876 309552
 292595	 0.22000718	 4657 7253 29176	 1 0.00392156862745098	 1 12827116 309700
 293106	 0.8965517	 4669 7288 29222	 1 0.00392156862745098	 1 13489187 325756
 293626	 0.62068963	 4685 7326 29270	 1 0.00392156862745098	 1 14222335 343142
 294113	 0.8965517	 4694 7358 29317	 1 0.00392156862745098	 1 14651561 353572
 294605	 0.8965517	 4700 7390 29362	 1 0.00392156862745098	 1 15358903 370174
 295123	 0.8965517	 4710 7436 29418	 1 0.00392156862745098	 1 16317313 392084
 295616	 0.7586207	 4720 7469 29456	 1 0.00392156862745098	 1 16984819 407624
 296121	 0.8965517	 4727 7484 29506	 1 0.00392156862745098	 1 17082271 410354
 296606	 0.22000718	 4737 7499 29560	 1 0.00392156862745098	 1 17082501 410354
 297095	 0.8965517	 4744 7508 29605	 1 0.00392156862745098	 1 17082731 410354
 297595	 0.22000718	 4753 7521 29657	 1 0.00392156862745098	 1 17083237 410354
 298121	 0.22000718	 4763 7531 29706	 1 0.00392156862745098	 1 17083643 410354
 298605	 0.8965517	 4773 7545 29756	 1 0.00392156862745098	 1 17083735 410354
 299131	 0.8965517	 4781 7556 29806	 1 0.00392156862745098	 1 17083957 410354
 299596	 0.8965517	 4789 7566 29856	 1 0.00392156862745098	 1 17084133 410354
 300095	 0.8965517	 4801 7583 29913	 1 0.00392156862745098	 1 17084561 410354
 300622	 0.22000718	 4813 7597 29957	 1 0.00392156862745098	 1 17084775 410354
 301124	 0.8965517	 4821 7608 30008	 1 0.00392156862745098	 1 17084859 410354
 301606	 0.8965517	 4832 7624 30061	 1 0.00392156862745098	 1 17085043 410354
 302106	 0.8965517	 4838 7633 30106	 1 0.00392156862745098	 1 17085135 410354
 302620	 0.22000718	 4846 7646 30157	 1 0.00392156862745098	 1 17095225 410878
 303113	 0.8965517	 4855 7683 30201	 1 0.00392156862745098	 1 17731445 425858
 303647	 0.8965517	 4868 7721 30254	 1 0.00392156862745098	 1 18216415 437468
 304123	 0.8965517	 4880 7757 30299	 1 0.00392156862745098	 1 18952323 454618
 304600	 0.82758623	 4894 7798 30348	 1 0.00392156862745098	 1 19791079 473798
 305115	 0.7586207	 4908 7840 30396	 1 0.00392156862745098	 1 20532691 491196
 305632	 0.8965517	 4918 7861 30444	 1 0.00392156862745098	 1 20793971 497570
 306097	 0.22000718	 4927 7893 30493	 1 0.00392156862745098	 1 21356420 511150
 306609	 0.8965517	 4940 7911 30549	 1 0.00392156862745098	 1 21356550 511150
 307120	 0.22000718	 4946 7922 30591	 1 0.00392156862745098	 1 21356872 511150
 307607	 0.22000718	 4953 7932 30640	 1 0.00392156862745098	 1 21356918 511150
 308106	 0.22000718	 4959 7943 30690	 1 0.00392156862745098	 1 21357278 511150
 308595	 0.8965517	 4967 7959 30741	 1 0.00392156862745098	 1 21357508 511150
 309115	 0.22000718	 4976 7970 30790	 1 0.00392156862745098	 1 21357600 511150
 309622	 0.8965517	 4980 7981 30840	 1 0.00392156862745098	 1 21357830 511150
 310128	 0.22000718	 4991 7996 30892	 1 0.00392156862745098	 1 21358106 511150
 310595	 0.8965517	 4999 8007 30941	 1 0.00392156862745098	 1 21358336 511150
 311116	 0.22000718	 5009 8021 30992	 1 0.00392156862745098	 1 21358888 511150
 311614	 0.8965517	 5021 8037 31047	 1 0.00392156862745098	 1 21359164 511150
 312095	 0.8965517	 5027 8049 31091	 1 0.00392156862745098	 1 21359624 511150
 312606	 0.8965517	 5032 8059 31139	 1 0.00392156862745098	 1 21360094 511298
 313106	 0.79310346	 5044 8092 31183	 1 0.00392156862745098	 1 22140661 529176
 313623	 0.8965517	 5059 8131 31233	 1 0.00392156862745098	 1 22873847 545906
 314126	 0.8965517	 5070 8168 31279	 1 0.00392156862745098	 1 23624153 562906
 314633	 0.8965517	 5081 8207 31330	 1 0.00392156862745098	 1 24398701 579952
 315125	 0.8965517	 5091 8241 31372	 1 0.00392156862745098	 1 24866605 591424
 315608	 0.86206895	 5104 8280 31417	 1 0.00392156862745098	 1 25575465 608146
 316125	 0.8965517	 5109 8297 31468	 1 0.00392156862745098	 1 25636217 609686
 316620	 0.8965517	 5116 8310 31520	 1 0.00392156862745098	 1 25636401 609686
 317095	 0.22000718	 5121 8320 31566	 1 0.00392156862745098	 1 25636493 609686
 317624	 0.8965517	 5125 8330 31615	 1 0.00392156862745098	 1 25636677 609686
 318122	 0.22000718	 5137 8347 31670	 1 0.00392156862745098	 1 25636815 609686
 318622	 0.22000718	 5144 8359 31716	 1 0.00392156862745098	 1 25637275 609686
 319114	 0.22000718	 5148 8370 31766	 1 0.00392156862745098	 1 25637321 609686
 319605	 0.22000718	 5156 8381 31816	 1 0.00392156862745098	 1 25637597 609686
 320124	 0.8965517	 5167 8395 31866	 1 0.00392156862745098	 1 25637735 609686
 320624	 0.8965517	 5174 8408 31915	 1 0.00392156862745098	 1 25638149 609686
 321119	 0.22000718	 5178 8420 31966	 1 0.00392156862745098	 1 25638287 609686
 321616	 0.8965517	 5188 8435 32019	 1 0.00392156862745098	 1 25638655 609686
 322109	 0.8965517	 5192 8445 32065	 1 0.00392156862745098	 1 25638931 609686
 322632	 0.22000718	 5200 8458 32118	 1 0.00392156862745098	 1 25639161 609686
 323104	 0.8965517	 5223 8496 32172	 1 0.00392156862745098	 1 25639253 609686
 323627	 0.8965517	 5236 8522 32217	 1 0.00392156862745098	 1 25639391 609686
 324094	 0.8965517	 5250 8544 32266	 1 0.00392156862745098	 1 25639529 609686
 324595	 0.22000718	 5258 8557 32315	 1 0.00392156862745098	 1 25639851 609686
 325105	 0.22000718	 5267 8572 32366	 1 0.00392156862745098	 1 25640127 609686
 325596	 0.8965517	 5273 8582 32415	 1 0.00392156862745098	 1 25640679 609686
 326107	 0.22000718	 5277 8593 32465	 1 0.00392156862745098	 1 25640993 609686
 326606	 0.8965517	 5290 8611 32523	 1 0.00392156862745098	 1 25641177 609686
 327095	 0.22000718	 5297 8622 32564	 1 0.00392156862745098	 1 25641269 609686
 327595	 0.22000718	 5310 8641 32621	 1 0.00392156862745098	 1 25641591 609686
 328106	 0.8965517	 5316 8650 32664	 1 0.00392156862745098	 1 25641591 609686
 328618	 0.8965517	 5329 8667 32716	 1 0.00392156862745098	 1 25641675 609686
 329115	 0.8965517	 5335 8677 32764	 1 0.00392156862745098	 1 25641675 609686
 329622	 0.8965517	 5345 8695 32816	 1 0.00392156862745098	 1 25641767 609686
 330122	 0.22000718	 5358 8712 32863	 1 0.00392156862745098	 1 25641947 609686
 330595	 0.8965517	 5368 8724 32914	 1 0.00392156862745098	 1 25641985 609686
 331099	 0.8965517	 5391 8759 32965	 1 0.00392156862745098	 1 25642069 609686
 331596	 0.22000718	 5400 8782 33018	 1 0.00392156862745098	 1 25642157 609686
 332090	 0.5862069	 5419 8814 33061	 1 0.00392156862745098	 1 25642241 609686
 332610	 0.22000718	 5430 8833 33114	 1 0.00392156862745098	 1 25642401 609686
 333095	 0.22000718	 5436 8843 33163	 1 0.00392156862745098	 1 25642715 609686
