up_time cpu_freq utime work_time total_time screen_on brightness wifi_on wifi_rx_bytes wifi_tx_bytes
 415748	 0.8965517	 7558 10279 41467	 1 0.11764705882352941	 0 0 0
 416309	 0.8965517	 7585 10315 41517	 1 0.11764705882352941	 0 0 0
 416667	 0.8965517	 7602 10341 41555	 1 0.11764705882352941	 0 0 0
 417149	 0.8965517	 7616 10361 41606	 1 0.11764705882352941	 0 0 0
 417654	 0.8965517	 7645 10399 41653	 1 0.11764705882352941	 0 0 0
 418149	 0.8965517	 7660 10422 41705	 1 0.11764705882352941	 0 0 0
 418650	 0.8965517	 7686 10454 41761	 1 0.11764705882352941	 0 0 0
 419185	 0.8965517	 7693 10469 41806	 1 0.11764705882352941	 0 0 0
 419647	 0.22000718	 7702 10480 41856	 1 0.11764705882352941	 0 0 0
 420171	 0.22000718	 7707 10490 41905	 1 0.11764705882352941	 0 0 0
 420667	 0.8965517	 7722 10508 41955	 1 0.11764705882352941	 0 0 0
 421183	 0.22000718	 7730 10520 42006	 1 0.11764705882352941	 0 0 0
 421647	 0.8965517	 7746 10548 42056	 1 1.0	 0 0 0
 422176	 0.22000718	 7756 10563 42109	 1 1.0	 0 0 0
 422649	 0.8965517	 7761 10572 42154	 1 1.0	 0 0 0
 423159	 0.8965517	 7765 10583 42205	 1 1.0	 0 0 0
 423676	 0.22000718	 7771 10593 42255	 1 1.0	 0 0 0
 424149	 0.8965517	 7780 10608 42306	 1 1.0	 0 0 0
 424647	 0.8965517	 7787 10619 42356	 1 1.0	 0 0 0
 425182	 0.8965517	 7793 10629 42405	 1 1.0	 0 0 0
 425677	 0.22000718	 7806 10643 42459	 1 1.0	 0 0 0
 426169	 0.22000718	 7814 10654 42505	 1 1.0	 0 0 0
 426666	 0.22000718	 7820 10664 42555	 1 1.0	 0 0 0
 427158	 0.8965517	 7827 10675 42604	 1 1.0	 0 0 0
 427659	 0.8965517	 7838 10689 42654	 1 1.0	 0 0 0
 428155	 0.22000718	 7844 10700 42706	 1 1.0	 0 0 0
 428673	 0.22000718	 7850 10709 42754	 1 1.0	 0 0 0
 429173	 0.8965517	 7863 10727 42812	 1 1.0	 0 0 0
 429646	 0.8965517	 7867 10736 42854	 1 1.0	 0 0 0
 430147	 0.8965517	 7873 10747 42905	 1 1.0	 0 0 0
 430676	 0.22000718	 7882 10759 42956	 1 1.0	 0 0 0
 431169	 0.8965517	 7890 10771 43004	 1 1.0	 0 0 0
 431691	 0.8965517	 7908 10797 43057	 1 0.8	 0 0 0
 432148	 0.8965517	 7916 10808 43104	 1 0.8	 0 0 0
 432771	 0.8965517	 7931 10826 43163	 1 0.8	 0 0 0
 433147	 0.22000718	 7940 10837 43206	 1 0.8	 0 0 0
 433656	 0.8965517	 7947 10848 43256	 1 0.8	 0 0 0
 434174	 0.22000718	 7957 10862 43310	 1 0.8	 0 0 0
 434646	 0.8965517	 7966 10874 43355	 1 0.8	 0 0 0
 435172	 0.22000718	 7974 10885 43405	 1 0.8	 0 0 0
 435647	 0.22000718	 7981 10895 43455	 1 0.8	 0 0 0
 436174	 0.22000718	 7989 10909 43505	 1 0.8	 0 0 0
 436656	 0.8965517	 7995 10918 43554	 1 0.8	 0 0 0
 437156	 0.8965517	 8001 10929 43605	 1 0.8	 0 0 0
 437656	 0.8965517	 8010 10943 43659	 1 0.8	 0 0 0
 438169	 0.22000718	 8018 10954 43705	 1 0.8	 0 0 0
 438662	 0.22000718	 8022 10965 43755	 1 0.8	 0 0 0
 439165	 0.22000718	 8029 10975 43805	 1 0.8	 0 0 0
 439646	 0.22000718	 8038 10988 43854	 1 0.8	 0 0 0
 440156	 0.22000718	 8044 10999 43905	 1 0.8	 0 0 0
 440657	 0.22000718	 8051 11010 43956	 1 0.8	 0 0 0
 441173	 0.8965517	 8065 11028 44014	 1 0.8	 0 0 0
 441684	 0.8965517	 8078 11050 44056	 1 0.6	 0 0 0
 442149	 0.8965517	 8082 11060 44104	 1 0.6	 0 0 0
 442664	 0.22000718	 8088 11069 44154	 1 0.6	 0 0 0
 443165	 0.8965517	 8096 11082 44204	 1 0.6	 0 0 0
 443674	 0.22000718	 8102 11093 44255	 1 0.6	 0 0 0
 444156	 0.22000718	 8109 11104 44306	 1 0.6	 0 0 0
 444645	 0.8965517	 8118 11119 44358	 1 0.6	 0 0 0
 445164	 0.22000718	 8126 11129 44404	 1 0.6	 0 0 0
 445666	 0.22000718	 8134 11140 44454	 1 0.6	 0 0 0
 446145	 0.22000718	 8143 11153 44507	 1 0.6	 0 0 0
 446675	 0.22000718	 8151 11164 44555	 1 0.6	 0 0 0
 447172	 0.22000718	 8157 11174 44604	 1 0.6	 0 0 0
 447645	 0.22000718	 8162 11184 44654	 1 0.6	 0 0 0
 448145	 0.8965517	 8175 11200 44709	 1 0.6	 0 0 0
 448664	 0.22000718	 8183 11210 44755	 1 0.6	 0 0 0
 449146	 0.22000718	 8189 11222 44806	 1 0.6	 0 0 0
 449659	 0.22000718	 8200 11234 44857	 1 0.6	 0 0 0
 450156	 0.22000718	 8207 11244 44904	 1 0.6	 0 0 0
 450655	 0.22000718	 8210 11254 44954	 1 0.6	 0 0 0
 451163	 0.22000718	 8217 11266 45005	 1 0.6	 0 0 0
 451675	 0.8965517	 8231 11290 45056	 1 0.4	 0 0 0
 452165	 0.22000718	 8236 11301 45105	 1 0.4	 0 0 0
 452670	 0.22000718	 8242 11311 45155	 1 0.4	 0 0 0
 453145	 0.22000718	 8251 11324 45208	 1 0.4	 0 0 0
 453667	 0.22000718	 8259 11335 45255	 1 0.4	 0 0 0
 454169	 0.22000718	 8265 11345 45305	 1 0.4	 0 0 0
 454666	 0.22000718	 8271 11354 45354	 1 0.4	 0 0 0
 455157	 0.8965517	 8282 11368 45405	 1 0.4	 0 0 0
 455655	 0.8965517	 8287 11377 45454	 1 0.4	 0 0 0
 456166	 0.22000718	 8297 11390 45506	 1 0.4	 0 0 0
 456670	 0.8965517	 8308 11405 45559	 1 0.4	 0 0 0
 457160	 0.8965517	 8313 11414 45604	 1 0.4	 0 0 0
 457645	 0.22000718	 8320 11424 45654	 1 0.4	 0 0 0
 458155	 0.22000718	 8325 11435 45705	 1 0.4	 0 0 0
 458660	 0.22000718	 8334 11450 45755	 1 0.4	 0 0 0
 459145	 0.22000718	 8343 11461 45806	 1 0.4	 0 0 0
 459673	 0.22000718	 8348 11470 45854	 1 0.4	 0 0 0
 460156	 0.8965517	 8355 11483 45908	 1 0.4	 0 0 0
 460674	 0.22000718	 8363 11495 45955	 1 0.4	 0 0 0
 461155	 0.22000718	 8370 11506 46004	 1 0.4	 0 0 0
 461663	 0.22000718	 8382 11526 46055	 1 0.20392156862745098	 0 0 0
 462170	 0.8965517	 8392 11540 46104	 1 0.20392156862745098	 0 0 0
 462665	 0.22000718	 8397 11549 46154	 1 0.20392156862745098	 0 0 0
 463166	 0.22000718	 8406 11560 46205	 1 0.20392156862745098	 0 0 0
 463666	 0.8965517	 8418 11575 46259	 1 0.20392156862745098	 0 0 0
 464159	 0.22000718	 8424 11584 46304	 1 0.20392156862745098	 0 0 0
 464664	 0.22000718	 8430 11596 46355	 1 0.20392156862745098	 0 0 0
 465163	 0.22000718	 8440 11609 46407	 1 0.20392156862745098	 0 0 0
 465671	 0.22000718	 8448 11619 46454	 1 0.20392156862745098	 0 0 0
 466145	 0.22000718	 8455 11629 46504	 1 0.20392156862745098	 0 0 0
 466660	 0.22000718	 8467 11645 46554	 1 0.20392156862745098	 0 0 0
 467166	 0.22000718	 8477 11660 46605	 1 0.20392156862745098	 0 0 0
 467663	 0.22000718	 8485 11671 46655	 1 0.20392156862745098	 0 0 0
 468157	 0.22000718	 8492 11681 46704	 1 0.20392156862745098	 0 0 0
 468655	 0.22000718	 8500 11695 46758	 1 0.20392156862745098	 0 0 0
 469155	 0.22000718	 8506 11706 46805	 1 0.20392156862745098	 0 0 0
 469668	 0.22000718	 8513 11718 46855	 1 0.20392156862745098	 0 0 0
 470155	 0.8965517	 8522 11728 46904	 1 0.20392156862745098	 0 0 0
 470645	 0.22000718	 8531 11741 46954	 1 0.20392156862745098	 0 0 0
 471162	 0.22000718	 8539 11751 47004	 1 0.20392156862745098	 0 0 0
 471670	 0.22000718	 8556 11777 47056	 1 0.00392156862745098	 0 0 0
 472163	 0.8965517	 8569 11792 47108	 1 0.00392156862745098	 0 0 0
 472668	 0.22000718	 8577 11803 47155	 1 0.00392156862745098	 0 0 0
 473167	 0.22000718	 8581 11812 47204	 1 0.00392156862745098	 0 0 0
 473665	 0.22000718	 8589 11824 47254	 1 0.00392156862745098	 0 0 0
 474145	 0.22000718	 8601 11838 47303	 1 0.00392156862745098	 0 0 0
 474655	 0.22000718	 8611 11849 47354	 1 0.00392156862745098	 0 0 0
 475149	 0.22000718	 8617 11859 47403	 1 0.00392156862745098	 0 0 0
 475673	 0.8965517	 8631 11878 47463	 1 0.00392156862745098	 0 0 0
 476144	 0.22000718	 8634 11888 47504	 1 0.00392156862745098	 0 0 0
 476669	 0.22000718	 8641 11898 47554	 1 0.00392156862745098	 0 0 0
 477164	 0.22000718	 8652 11911 47606	 1 0.00392156862745098	 0 0 0
 477655	 0.8965517	 8658 11921 47653	 1 0.00392156862745098	 0 0 0
 478155	 0.22000718	 8665 11932 47704	 1 0.00392156862745098	 0 0 0
 478663	 0.22000718	 8671 11942 47754	 1 0.00392156862745098	 0 0 0
 479145	 0.22000718	 8680 11957 47805	 1 0.00392156862745098	 0 0 0
 479655	 0.22000718	 8685 11967 47854	 1 0.00392156862745098	 0 0 0
 480146	 0.22000718	 8688 11976 47903	 1 0.00392156862745098	 0 0 0
 480645	 0.22000718	 8697 11989 47957	 1 0.00392156862745098	 0 0 0
 481164	 0.8965517	 8703 11998 48003	 1 0.00392156862745098	 0 0 0
 481651	 0.86206895	 8717 12019 48051	 1 0.00392156862745098	 0 0 0
 482144	 0.22000718	 8727 12045 48103	 1 0.00392156862745098	 0 0 0
 482644	 0.22000718	 8737 12066 48155	 1 0.00392156862745098	 0 0 0
 483159	 0.22000718	 8753 12090 48203	 1 0.00392156862745098	 0 0 0
 483655	 0.22000718	 8762 12101 48254	 1 0.00392156862745098	 0 0 0
 484145	 0.22000718	 8780 12128 48314	 1 0.00392156862745098	 0 0 0
 484657	 0.22000718	 8789 12143 48353	 1 0.00392156862745098	 0 0 0
 485155	 0.22000718	 8794 12153 48404	 1 0.00392156862745098	 0 0 0
 485645	 0.22000718	 8822 12189 48456	 1 0.00392156862745098	 0 0 0
 486172	 0.8965517	 8832 12209 48503	 1 0.00392156862745098	 0 0 0
 486646	 0.22000718	 8857 12248 48555	 1 0.00392156862745098	 0 0 0
 487170	 0.22000718	 8867 12260 48605	 1 0.00392156862745098	 0 0 0
 487682	 0.8965517	 8876 12274 48658	 1 0.00392156862745098	 0 0 0
