up_time cpu_freq utime work_time total_time screen_on brightness wifi_on wifi_rx_bytes wifi_tx_bytes
 10040944	 0.8965517	 104665 172772 910102	 1 0.4	 1 259040408 19953537
 10041421	 0.8965517	 104676 172783 910150	 1 0.4	 1 259040718 19953537
 10041904	 0.22000718	 104705 172821 910201	 1 0.4	 1 259041266 19953537
 10042396	 0.8965517	 104714 172835 910249	 1 0.4	 1 259041400 19953537
 10042871	 0.8965517	 104719 172846 910300	 1 0.4	 1 259041852 19953537
 10043372	 0.8965517	 104757 172892 910347	 1 0.4	 1 259042242 19953537
 10043870	 0.22000718	 104784 172935 910400	 1 0.4	 1 259042280 19953537
 10044383	 0.8965517	 104800 172957 910447	 1 0.4	 1 259042770 19953537
 10044867	 0.8965517	 104840 173005 910495	 1 0.4	 1 259042770 19953537
 10045395	 0.22000718	 104868 173042 910549	 1 0.4	 1 259043214 19953537
 10045881	 0.22000718	 104885 173070 910598	 1 0.4	 1 259043796 19953537
 10046370	 0.22000718	 104890 173081 910649	 1 0.4	 1 259043934 19953537
 10046871	 0.22000718	 104904 173098 910700	 1 0.4	 1 259044332 19953537
 10047380	 0.8965517	 104910 173106 910747	 1 0.4	 1 259044470 19953537
 10047881	 0.8965517	 104929 173134 910799	 1 0.4	 1 259044792 19953537
 10048376	 0.8965517	 104964 173179 910845	 1 0.4	 1 259044986 19953843
 10048871	 0.22000718	 104998 173228 910900	 1 0.4	 1 259048947 19954473
 10049395	 0.8965517	 105025 173276 910961	 1 0.4	 1 259070896 19956613
 10049880	 0.22000718	 105040 173305 911000	 1 0.4	 1 259071703 19956964
 10050392	 0.8965517	 105062 173336 911049	 1 0.4	 1 259071703 19956964
 10050897	 0.22000718	 105076 173363 911100	 1 0.4	 1 259071979 19956964
 10051369	 0.8965517	 105100 173400 911144	 1 0.4	 1 259128836 19960112
 10051875	 0.79310346	 105137 173449 911195	 1 0.4	 1 259145681 19965142
 10052373	 0.8965517	 105170 173495 911245	 1 0.4	 1 259204630 19969359
 10052880	 0.8965517	 105208 173545 911295	 1 0.4	 1 259364832 19973139
 10053371	 0.8965517	 105248 173593 911343	 1 0.4	 1 259514930 19976359
 10053885	 0.8965517	 105285 173641 911395	 1 0.4	 1 259719798 19981396
 10054398	 0.8965517	 105310 173681 911447	 1 0.4	 1 259719936 19981396
 10054871	 0.8965517	 105329 173722 911496	 1 0.4	 1 259873497 19988225
 10055367	 0.8965517	 105364 173771 911545	 1 0.4	 1 259993425 19989975
 10055868	 0.82758623	 105391 173814 911592	 1 0.4	 1 260146329 19992005
 10056372	 0.8965517	 105418 173856 911642	 1 0.4	 1 260229129 19993265
 10056889	 0.8965517	 105447 173893 911692	 1 0.4	 1 260316483 19995295
 10057369	 0.8965517	 105485 173939 911743	 1 0.4	 1 260468053 19997465
 10057876	 0.4827586	 105515 173978 911791	 1 0.4	 1 260551497 19998795
 10058378	 0.8965517	 105551 174021 911841	 1 0.4	 1 260667141 20000825
 10058879	 0.8965517	 105597 174078 911908	 1 0.4	 1 260717831 20001315
 10059377	 0.8965517	 105616 174106 911941	 1 0.4	 1 260799213 20002995
 10059873	 0.8965517	 105650 174151 911990	 1 0.4	 1 260836569 20004535
 10060370	 0.51724136	 105688 174194 912041	 1 0.4	 1 260836981 20004605
 10060875	 0.8965517	 105724 174239 912089	 1 0.4	 1 260844868 20006095
 10061390	 0.8965517	 105761 174294 912144	 1 0.4	 1 262488923 20030735
 10062368	 0.8965517	 105800 174387 912237	 1 0.4	 1 262912103 20036475
 10062868	 0.6551724	 105838 174432 912287	 1 0.4	 1 262912241 20036475
 10063370	 0.8965517	 105866 174467 912335	 1 0.4	 1 262912547 20036475
 10063893	 0.8965517	 105899 174506 912396	 1 0.4	 1 262913063 20036475
 10064379	 0.8965517	 105918 174533 912434	 1 0.4	 1 262913277 20036475
 10064894	 0.8965517	 105952 174575 912488	 1 0.4	 1 262913713 20036475
 10065407	 0.8965517	 105980 174620 912537	 1 0.4	 1 262916603 20037464
 10065872	 0.86206895	 106011 174669 912587	 1 0.4	 1 262957952 20042718
 10066382	 0.8965517	 106038 174703 912638	 1 0.4	 1 262958082 20042718
 10066871	 0.8965517	 106067 174738 912690	 1 0.4	 1 262958450 20042718
 10067409	 0.8965517	 106089 174769 912738	 1 0.4	 1 262958680 20042718
 10067909	 0.22000718	 106115 174801 912790	 1 0.4	 1 262959024 20042718
 10068387	 0.22000718	 106136 174827 912838	 1 0.4	 1 262959062 20042718
 10068903	 0.8965517	 106163 174857 912888	 1 0.4	 1 262959460 20042718
 10069401	 0.8965517	 106188 174886 912938	 1 0.4	 1 262959750 20042718
 10069868	 0.8965517	 106212 174916 912988	 1 0.4	 1 262960324 20042718
 10070414	 0.8965517	 106233 174942 913037	 1 0.4	 1 262961178 20042718
 10070903	 0.8965517	 106254 174968 913086	 1 0.4	 1 262961392 20042718
 10071396	 0.8965517	 106278 174996 913137	 1 0.4	 1 262961698 20042718
 10071875	 0.8965517	 106305 175035 913184	 1 0.4	 1 262961842 20042858
 10072375	 0.8965517	 106333 175067 913236	 1 0.4	 1 262962370 20042858
 10072914	 0.8965517	 106356 175099 913288	 1 0.4	 1 262963126 20042858
 10073397	 0.22000718	 106393 175147 913359	 1 0.4	 1 262963448 20042858
 10073937	 0.8965517	 106406 175164 913389	 1 0.4	 1 262964094 20043418
 10074371	 0.22000718	 106429 175189 913436	 1 0.4	 1 262964366 20043418
 10074910	 0.22000718	 106450 175213 913487	 1 0.4	 1 262964500 20043418
 10075380	 0.8965517	 106471 175242 913537	 1 0.4	 1 262964772 20043418
 10075873	 0.8965517	 106491 175269 913590	 1 0.4	 1 262964940 20043418
 10076402	 0.8965517	 106509 175292 913637	 1 0.4	 1 262965208 20043418
 10076920	 0.8965517	 106528 175319 913691	 1 0.4	 1 262965850 20043764
 10077389	 0.8965517	 106550 175352 913736	 1 0.4	 1 262965980 20043764
 10077871	 0.8965517	 106580 175386 913790	 1 0.4	 1 262966302 20043764
 10078410	 0.8965517	 106607 175419 913839	 1 0.4	 1 262966440 20043764
 10078913	 0.8965517	 106629 175445 913889	 1 0.4	 1 262966486 20043764
 10079371	 0.8965517	 106649 175469 913935	 1 0.4	 1 262966800 20043764
 10079892	 0.8965517	 106668 175496 913988	 1 0.4	 1 262966938 20043764
 10080428	 0.8965517	 106691 175522 914039	 1 0.4	 1 262966938 20043764
 10080911	 0.8965517	 106710 175546 914088	 1 0.4	 1 262967206 20043764
 10081413	 0.8965517	 106732 175574 914140	 1 0.4	 1 262967390 20043764
 10081895	 0.8965517	 106749 175596 914186	 1 0.4	 1 262967482 20043764
 10082380	 0.8965517	 106775 175627 914239	 1 0.4	 1 262967620 20043764
 10082908	 0.8965517	 106811 175667 914302	 1 0.4	 1 262967712 20043764
 10083410	 0.8965517	 106825 175688 914339	 1 0.4	 1 262967758 20043764
 10083903	 0.22000718	 106848 175713 914389	 1 0.4	 1 262967972 20043764
 10084399	 0.8965517	 106861 175734 914434	 1 0.4	 1 262968102 20043764
 10084891	 0.8965517	 106884 175762 914487	 1 0.4	 1 262968300 20043764
 10085380	 0.8965517	 106906 175790 914538	 1 0.4	 1 262968476 20043764
 10085914	 0.8965517	 106924 175812 914586	 1 0.4	 1 262968522 20043764
 10086419	 0.8965517	 106942 175836 914636	 1 0.4	 1 262968798 20043764
 10086881	 0.8965517	 106960 175861 914687	 1 0.4	 1 262968890 20043764
 10087435	 0.8965517	 106983 175891 914738	 1 0.4	 1 262969258 20043764
 10087911	 0.8965517	 107011 175927 914786	 1 0.4	 1 262969534 20043764
 10088405	 0.8965517	 107037 175958 914837	 1 0.4	 1 262969534 20043764
 10088919	 0.8965517	 107055 175982 914886	 1 0.4	 1 262969672 20043764
 10089413	 0.8965517	 107077 176009 914936	 1 0.4	 1 262969764 20043764
 10089904	 0.22000718	 107099 176036 914989	 1 0.4	 1 262969840 20043764
 10090410	 0.8965517	 107124 176066 915040	 1 0.4	 1 262970133 20043822
 10090892	 0.8965517	 107144 176091 915089	 1 0.4	 1 262970225 20043822
 10091425	 0.8965517	 107162 176116 915137	 1 0.4	 1 262970610 20043880
 10091876	 0.8965517	 107178 176137 915186	 1 0.4	 1 262970908 20043880
 10092577	 0.8965517	 107214 176180 915252	 1 0.4	 1 262971276 20043880
 10092922	 0.8965517	 107234 176205 915289	 1 0.4	 1 262971460 20043880
 10093373	 0.8965517	 107259 176233 915336	 1 0.4	 1 262971782 20043880
 10093906	 0.8965517	 107292 176274 915401	 1 0.4	 1 262972234 20043880
 10094405	 0.8965517	 107304 176291 915437	 1 0.4	 1 262972456 20043880
 10094912	 0.22000718	 107325 176320 915490	 1 0.4	 1 262972594 20043880
 10095398	 0.8965517	 107343 176341 915534	 1 0.4	 1 262972916 20043880
 10095900	 0.8965517	 107362 176364 915585	 1 0.4	 1 262973398 20043880
 10096375	 0.22000718	 107384 176395 915636	 1 0.4	 1 262973490 20043880
 10096872	 0.8965517	 107402 176420 915685	 1 0.4	 1 262973696 20043880
 10097415	 0.22000718	 107432 176457 915738	 1 0.4	 1 262974186 20043880
 10097907	 0.8965517	 107447 176480 915784	 1 0.4	 1 262974316 20043880
 10098390	 0.8965517	 107479 176516 915837	 1 0.4	 1 262974752 20043880
 10098910	 0.8965517	 107504 176545 915887	 1 0.4	 1 262975350 20043880
 10099388	 0.22000718	 107524 176571 915934	 1 0.4	 1 262975580 20043880
 10099871	 0.8965517	 107544 176595 915984	 1 0.4	 1 262976200 20043880
 10100413	 0.8965517	 107571 176625 916037	 1 0.4	 1 262976430 20043880
 10100922	 0.8965517	 107590 176651 916085	 1 0.4	 1 262977158 20043880
 10101406	 0.22000718	 107612 176678 916136	 1 0.4	 1 262977786 20043880
 10101890	 0.22000718	 107645 176714 916197	 1 0.4	 1 262978314 20043880
 10102414	 0.8965517	 107655 176730 916232	 1 0.4	 1 262978406 20043880
 10102910	 0.8965517	 107674 176753 916282	 1 0.4	 1 262978674 20043880
 10103409	 0.8965517	 107701 176786 916332	 1 0.4	 1 262978720 20043880
 10103888	 0.22000718	 107725 176819 916384	 1 0.4	 1 262978896 20043880
 10104388	 0.22000718	 107749 176845 916432	 1 0.4	 1 262978988 20043880
 10104923	 0.8965517	 107770 176869 916481	 1 0.4	 1 262979164 20043880
 10105407	 0.8965517	 107793 176897 916531	 1 0.4	 1 262979210 20043880
 10105909	 0.22000718	 107817 176924 916584	 1 0.4	 1 262979210 20043880
 10106391	 0.22000718	 107840 176949 916630	 1 0.4	 1 262979256 20043880
 10106916	 0.8965517	 107864 176979 916681	 1 0.4	 1 262979348 20043880
 10107392	 0.44827586	 107886 177006 916731	 1 0.4	 1 262979578 20043880
 10107887	 0.8965517	 107924 177054 916779	 1 0.4	 1 262980006 20043880
 10108370	 0.8965517	 107970 177104 916829	 1 0.4	 1 262980136 20043880
 10108897	 0.8965517	 107994 177137 916880	 1 0.4	 1 262980480 20043880
 10109400	 0.22000718	 108017 177169 916931	 1 0.4	 1 262980840 20043880
 10109871	 0.8965517	 108033 177189 916982	 1 0.4	 1 262980978 20043880
 10110379	 0.55172414	 108055 177218 917029	 1 0.4	 1 262981438 20043880
 10110879	 0.22000718	 108077 177250 917080	 1 0.4	 1 262981576 20043880
 10111375	 0.8965517	 108106 177292 917146	 1 0.4	 1 262986042 20044466
 10111875	 0.8965517	 108128 177322 917177	 1 0.4	 1 262986042 20044746
 10112379	 0.8965517	 108148 177361 917228	 1 0.4	 1 262987722 20048008
 10112888	 0.8965517	 108154 177385 917279	 1 0.4	 1 263010782 20048638
 10113370	 0.8965517	 108170 177412 917331	 1 0.4	 1 263011343 20048989
 10113874	 0.8965517	 108189 177437 917380	 1 0.4	 1 263011527 20048989
 10114421	 0.8965517	 108214 177470 917433	 1 0.4	 1 263012033 20048989
 10114899	 0.22000718	 108233 177495 917482	 1 0.4	 1 263012033 20048989
 10115408	 0.8965517	 108254 177525 917534	 1 0.4	 1 263012898 20049227
 10115933	 0.8965517	 108275 177557 917584	 1 0.4	 1 263137196 20053451
 10116370	 0.8965517	 108302 177596 917628	 1 0.4	 1 263229886 20055761
 10116903	 0.8965517	 108322 177631 917679	 1 0.4	 1 263444062 20061011
 10117408	 0.8965517	 108341 177662 917729	 1 0.4	 1 263569918 20063251
 10117905	 0.8965517	 108354 177689 917781	 1 0.4	 1 263637452 20065001
 10118377	 0.3448276	 108372 177723 917829	 1 0.4	 1 263830008 20068291
 10118915	 0.3448276	 108391 177762 917878	 1 0.4	 1 263980106 20070601
 10119406	 0.8965517	 108423 177802 917927	 1 0.4	 1 264034444 20073469
 10119895	 0.8965517	 108451 177840 917974	 1 0.4	 1 264148784 20075569
 10120387	 0.8965517	 108479 177875 918021	 1 0.4	 1 264258754 20077529
 10120868	 0.8965517	 108529 177938 918091	 1 0.4	 1 264466014 20080189
 10121376	 0.7586207	 108546 177963 918117	 1 0.4	 1 264476088 20080469
 10121880	 0.4827586	 108578 178008 918168	 1 0.4	 1 264559026 20081519
 10122389	 0.8965517	 108610 178047 918217	 1 0.4	 1 264636588 20083351
 10122869	 0.4827586	 108646 178091 918270	 1 0.4	 1 264637002 20083421
 10123368	 0.55172414	 108679 178130 918317	 1 0.4	 1 264637238 20083491
 10123875	 0.4827586	 108714 178175 918368	 1 0.4	 1 264637330 20083491
 10124372	 0.5862069	 108750 178217 918416	 1 0.4	 1 264637690 20083491
 10124907	 0.8965517	 108776 178252 918468	 1 0.4	 1 264637736 20083491
 10125383	 0.8965517	 108796 178276 918518	 1 0.4	 1 264638272 20083491
 10125871	 0.8965517	 108819 178307 918568	 1 0.4	 1 264638632 20083491
 10126418	 0.8965517	 108839 178335 918621	 1 0.4	 1 264638854 20083491
 10126913	 0.8965517	 108856 178362 918669	 1 0.4	 1 264639206 20083491
 10127408	 0.22000718	 108877 178391 918720	 1 0.4	 1 264639390 20083491
 10127910	 0.8965517	 108889 178411 918768	 1 0.4	 1 264639734 20083491
 10128375	 0.22000718	 108903 178438 918820	 1 0.4	 1 264639956 20083491
 10128875	 0.8965517	 108916 178461 918868	 1 0.4	 1 264640722 20083491
 10129374	 0.8965517	 108936 178488 918918	 1 0.4	 1 264641166 20083491
 10129898	 0.22000718	 108955 178520 918969	 1 0.4	 1 264641442 20083491
 10130370	 0.8965517	 108989 178560 919030	 1 0.4	 1 264641948 20083491
 10130902	 0.8965517	 109002 178579 919068	 1 0.4	 1 264642208 20083491
 10131399	 0.22000718	 109019 178604 919119	 1 0.4	 1 264642392 20083491
 10131893	 0.8965517	 109040 178631 919169	 1 0.4	 1 264642852 20083491
 10132385	 0.8965517	 109065 178661 919217	 1 0.4	 1 264643082 20083491
 10132893	 0.22000718	 109082 178684 919269	 1 0.4	 1 264643894 20083491
 10133411	 0.8965517	 109097 178712 919318	 1 0.4	 1 264644422 20083491
 10133903	 0.8965517	 109109 178733 919367	 1 0.4	 1 264644686 20083491
 10134374	 0.8965517	 109126 178762 919417	 1 0.4	 1 264645268 20083491
 10134889	 0.8965517	 109148 178795 919469	 1 0.4	 1 264645688 20083491
 10135382	 0.22000718	 109178 178832 919521	 1 0.4	 1 264645810 20083491
 10135900	 0.8965517	 109195 178857 919568	 1 0.4	 1 264645932 20083491
 10136392	 0.8965517	 109212 178882 919617	 1 0.4	 1 264646058 20083491
 10136901	 0.22000718	 109235 178913 919670	 1 0.4	 1 264646502 20083491
 10137395	 0.8965517	 109258 178942 919718	 1 0.4	 1 264646816 20083491
 10137904	 0.8965517	 109274 178968 919766	 1 0.4	 1 264647030 20083491
 10138372	 0.8965517	 109289 178992 919816	 1 0.4	 1 264647214 20083491
 10138880	 0.8965517	 109303 179022 919868	 1 0.4	 1 264647512 20083491
 10139398	 0.8965517	 109321 179051 919916	 1 0.4	 1 264647642 20083491
 10140024	 0.8965517	 109349 179086 919976	 1 0.4	 1 264647918 20083491
 10140395	 0.8965517	 109365 179109 920016	 1 0.4	 1 264648148 20083491
 10140892	 0.8965517	 109382 179133 920064	 1 0.4	 1 264648286 20083491
 10141410	 0.22000718	 109404 179164 920116	 1 0.4	 1 264648608 20083491
 10141899	 0.8965517	 109422 179191 920164	 1 0.4	 1 264648746 20083491
 10142373	 0.8965517	 109446 179221 920214	 1 0.4	 1 264648830 20083491
 10142896	 0.22000718	 109462 179249 920267	 1 0.4	 1 264649106 20083491
 10143386	 0.22000718	 109475 179272 920315	 1 0.4	 1 264649198 20083491
 10143875	 0.8965517	 109489 179291 920361	 1 0.4	 1 264649382 20083491
 10144378	 0.8965517	 109520 179339 920411	 1 0.4	 1 264688287 20088161
 10145373	 0.8965517	 109588 179438 920511	 1 0.4	 1 264718949 20091248
 10145882	 0.8965517	 109624 179488 920561	 1 0.4	 1 264885183 20096631
 10146393	 0.8965517	 109660 179543 920616	 1 0.4	 1 266382915 20120711
 10147375	 0.4827586	 109694 179632 920708	 1 0.4	 1 266787621 20127781
 10147901	 0.22000718	 109730 179673 920763	 1 0.4	 1 266787751 20127781
 10148404	 0.8965517	 109745 179693 920812	 1 0.4	 1 266787935 20127781
 10148880	 0.8965517	 109756 179712 920861	 1 0.4	 1 266788095 20127781
 10149415	 0.8965517	 109771 179732 920910	 1 0.4	 1 266788285 20127781
 10149911	 0.8965517	 109794 179761 920961	 1 0.4	 1 266788453 20127781
 10150432	 0.8965517	 109823 179797 921013	 1 0.4	 1 266788727 20127921
 10150876	 0.8965517	 109849 179830 921063	 1 0.4	 1 266788773 20127921
 10151387	 0.8965517	 109872 179856 921112	 1 0.4	 1 266788911 20127921
 10151931	 0.8965517	 109890 179878 921163	 1 0.4	 1 266789095 20127921
 10152409	 0.8965517	 109906 179898 921211	 1 0.4	 1 266789233 20127921
 10152917	 0.8965517	 109927 179926 921263	 1 0.4	 1 266789389 20128201
 10153386	 0.8965517	 109946 179950 921314	 1 0.4	 1 266789527 20128201
 10153919	 0.8965517	 109964 179972 921362	 1 0.4	 1 266789711 20128201
 10154418	 0.8965517	 109979 179990 921411	 1 0.4	 1 266789803 20128201
 10154900	 0.8965517	 110007 180027 921471	 1 0.4	 1 266790029 20128201
 10155406	 0.8965517	 110028 180057 921510	 1 0.4	 1 266790297 20128201
 10155868	 0.8965517	 110071 180104 921557	 1 0.4	 1 266790481 20128201
 10156391	 0.8965517	 110099 180139 921611	 1 0.4	 1 266790917 20128201
 10156871	 0.8965517	 110118 180162 921661	 1 0.4	 1 266791139 20128201
 10157402	 0.22000718	 110132 180184 921712	 1 0.4	 1 266791421 20128201
 10157909	 0.8965517	 110150 180208 921761	 1 0.4	 1 266791673 20128201
 10158398	 0.8965517	 110166 180229 921809	 1 0.4	 1 266791795 20128201
 10158904	 0.8965517	 110185 180254 921861	 1 0.4	 1 266791933 20128201
 10159408	 0.8965517	 110197 180272 921912	 1 0.4	 1 266792025 20128201
 10159871	 0.8965517	 110223 180301 921961	 1 0.4	 1 266792163 20128201
 10160404	 0.8965517	 110246 180329 922014	 1 0.4	 1 266792301 20128201
 10160893	 0.8965517	 110265 180355 922060	 1 0.4	 1 266792347 20128201
 10161392	 0.8965517	 110287 180382 922112	 1 0.4	 1 266792737 20128201
 10161907	 0.8965517	 110306 180407 922162	 1 0.4	 1 266792963 20128201
 10162410	 0.8965517	 110325 180432 922212	 1 0.4	 1 266793093 20128201
 10162917	 0.8965517	 110343 180454 922261	 1 0.4	 1 266793529 20128201
 10163392	 0.8965517	 110359 180474 922312	 1 0.4	 1 266793621 20128201
 10163910	 0.8965517	 110378 180496 922361	 1 0.4	 1 266793835 20128201
 10164418	 0.8965517	 110397 180525 922420	 1 0.4	 1 266793919 20128201
 10164903	 0.22000718	 110413 180546 922461	 1 0.4	 1 266793965 20128201
 10165411	 0.8965517	 110434 180572 922512	 1 0.4	 1 266794149 20128201
 10165875	 0.3448276	 110451 180597 922558	 1 0.4	 1 266794367 20128201
 10166417	 0.8965517	 110473 180626 922611	 1 0.4	 1 266794367 20128201
 10166874	 0.22000718	 110494 180655 922663	 1 0.4	 1 266794627 20128201
 10167385	 0.8965517	 110511 180678 922712	 1 0.4	 1 266794711 20128201
 10167875	 0.8965517	 110530 180701 922762	 1 0.4	 1 266794757 20128201
 10168400	 0.8965517	 110545 180722 922811	 1 0.4	 1 266794803 20128201
 10168926	 0.8965517	 110566 180747 922863	 1 0.4	 1 266794887 20128201
 10169414	 0.8965517	 110588 180771 922911	 1 0.4	 1 266794887 20128201
 10169888	 0.8965517	 110602 180791 922962	 1 0.4	 1 266794887 20128201
 10170402	 0.8965517	 110619 180811 923012	 1 0.4	 1 266794887 20128201
 10170901	 0.8965517	 110642 180837 923061	 1 0.4	 1 266794933 20128201
 10171410	 0.8965517	 110665 180864 923111	 1 0.4	 1 266794979 20128201
 10171897	 0.8965517	 110685 180888 923161	 1 0.4	 1 266795071 20128201
 10172409	 0.8965517	 110700 180909 923211	 1 0.4	 1 266795301 20128201
 10172900	 0.8965517	 110718 180932 923262	 1 0.4	 1 266795393 20128201
 10173404	 0.8965517	 110730 180954 923311	 1 0.4	 1 266795485 20128201
 10173910	 0.8965517	 110756 180985 923370	 1 0.4	 1 266795761 20128201
 10174405	 0.8965517	 110766 181002 923411	 1 0.4	 1 266795899 20128201
 10174884	 0.8965517	 110780 181022 923461	 1 0.4	 1 266796129 20128201
 10175411	 0.8965517	 110796 181044 923512	 1 0.4	 1 266796351 20128201
 10175903	 0.8965517	 110814 181067 923560	 1 0.4	 1 266796439 20128201
 10176413	 0.8965517	 110833 181092 923608	 1 0.4	 1 266796611 20128201
 10176891	 0.8965517	 110856 181121 923660	 1 0.4	 1 266796859 20128201
 10177410	 0.8965517	 110874 181146 923710	 1 0.4	 1 266797249 20128201
 10177913	 0.8965517	 110893 181171 923760	 1 0.4	 1 266797715 20128201
 10178389	 0.8965517	 110907 181192 923809	 1 0.4	 1 266798051 20128201
 10178919	 0.8965517	 110930 181218 923858	 1 0.4	 1 266798303 20128201
 10179413	 0.8965517	 110944 181241 923908	 1 0.4	 1 266798739 20128201
 10179871	 0.8965517	 110963 181262 923959	 1 0.4	 1 266798915 20128201
 10180413	 0.8965517	 110979 181282 924008	 1 0.4	 1 266799275 20128201
 10180871	 0.22000718	 111002 181308 924058	 1 0.4	 1 266799551 20128201
 10181427	 0.8965517	 111022 181336 924108	 1 0.4	 1 266799643 20128201
 10181880	 0.8965517	 111043 181364 924157	 1 0.4	 1 266799777 20128201
 10182401	 0.8965517	 111061 181387 924208	 1 0.4	 1 266799957 20128201
 10182905	 0.8965517	 111077 181411 924256	 1 0.4	 1 266800137 20128201
 10183399	 0.8965517	 111104 181441 924317	 1 0.4	 1 266800465 20128201
 10183922	 0.8965517	 111121 181460 924358	 1 0.4	 1 266800557 20128201
 10184414	 0.8965517	 111134 181483 924408	 1 0.4	 1 266800817 20128201
 10184874	 0.8965517	 111152 181506 924459	 1 0.4	 1 266801199 20128201
 10185400	 0.8965517	 111165 181525 924505	 1 0.4	 1 266801329 20128201
 10185900	 0.8965517	 111183 181550 924557	 1 0.4	 1 266801597 20128201
 10186402	 0.8965517	 111203 181575 924608	 1 0.4	 1 266801727 20128201
 10186870	 0.22000718	 111223 181602 924656	 1 0.4	 1 266801911 20128201
 10187408	 0.8965517	 111240 181627 924706	 1 0.4	 1 266802141 20128201
 10187901	 0.22000718	 111258 181648 924757	 1 0.4	 1 266802509 20128201
 10188375	 0.41379312	 111289 181686 924806	 1 0.4	 1 266805396 20129178
 10188875	 0.3448276	 111319 181729 924857	 1 0.4	 1 266807239 20133407
 10189373	 0.8965517	 111354 181774 924902	 1 0.4	 1 266807423 20133407
 10189871	 0.8965517	 111399 181823 924952	 1 0.4	 1 266810617 20133821
 10190375	 0.8965517	 111443 181874 925003	 1 0.4	 1 266901160 20136585
 10190882	 0.8965517	 111480 181924 925053	 1 0.4	 1 266983335 20139006
 10191367	 0.8965517	 111526 181974 925104	 1 0.4	 1 267092143 20142196
 10191872	 0.8965517	 111559 182021 925151	 1 0.4	 1 267398825 20148916
 10192371	 0.8965517	 111603 182071 925201	 1 0.4	 1 267442627 20149196
 10192872	 0.8965517	 111687 182163 925293	 1 0.4	 1 267690837 20153396
 10193880	 0.8965517	 111737 182223 925353	 1 0.4	 1 267856897 20155776
 10194373	 0.6551724	 111776 182268 925402	 1 0.4	 1 267970125 20157736
 10194879	 0.8965517	 111803 182309 925452	 1 0.4	 1 268105777 20159486
 10195413	 0.8965517	 111833 182345 925503	 1 0.4	 1 268189027 20161236
 10195888	 0.8965517	 111862 182382 925551	 1 0.4	 1 268271971 20162986
 10196394	 0.8965517	 111892 182424 925606	 1 0.4	 1 268436381 20166416
 10196875	 0.8965517	 111924 182465 925652	 1 0.4	 1 268519631 20168516
 10197370	 0.3448276	 111964 182508 925703	 1 0.4	 1 268519851 20168726
 10197870	 0.8965517	 112001 182556 925756	 1 0.4	 1 268685657 20172016
 10198374	 0.6551724	 112034 182597 925800	 1 0.4	 1 268764461 20173206
 10198869	 0.51724136	 112068 182640 925851	 1 0.4	 1 268851689 20174676
 10199374	 0.4827586	 112109 182684 925901	 1 0.4	 1 268929039 20176426
 10199872	 0.4827586	 112143 182728 925950	 1 0.4	 1 268935211 20176636
 10200387	 0.55172414	 112180 182771 926001	 1 0.4	 1 269018221 20177896
 10200878	 0.62068963	 112212 182808 926049	 1 0.4	 1 269183815 20180766
 10201383	 0.55172414	 112250 182852 926099	 1 0.4	 1 269266743 20182096
 10201871	 0.55172414	 112288 182897 926150	 1 0.4	 1 269267353 20182166
 10202368	 0.55172414	 112329 182943 926201	 1 0.4	 1 269344317 20183916
 10202880	 0.6896552	 112369 182987 926249	 1 0.4	 1 269365851 20184476
 10203368	 0.5862069	 112407 183030 926299	 1 0.4	 1 269466356 20186786
 10203874	 0.5862069	 112449 183076 926350	 1 0.4	 1 269466356 20186786
 10204368	 0.62068963	 112491 183124 926399	 1 0.4	 1 269466584 20186856
 10204868	 0.62068963	 112523 183163 926448	 1 0.4	 1 269466714 20186856
 10205368	 0.6896552	 112562 183208 926498	 1 0.4	 1 269467386 20187366
 10205878	 0.6551724	 112606 183256 926548	 1 0.4	 1 269467470 20187366
 10206418	 0.8965517	 112637 183296 926603	 1 0.4	 1 269467630 20187366
 10206873	 0.8965517	 112656 183321 926652	 1 0.4	 1 269467760 20187366
 10207418	 0.8965517	 112684 183353 926711	 1 0.4	 1 269467920 20187366
 10207909	 0.8965517	 112698 183372 926752	 1 0.4	 1 269468012 20187366
 10208410	 0.8965517	 112716 183397 926802	 1 0.4	 1 269468196 20187366
 10208919	 0.8965517	 112729 183417 926852	 1 0.4	 1 269468334 20187366
 10209383	 0.8965517	 112754 183445 926902	 1 0.4	 1 269468334 20187366
 10209926	 0.8965517	 112777 183472 926952	 1 0.4	 1 269468564 20187366
 10210384	 0.22000718	 112797 183494 927001	 1 0.4	 1 269468794 20187366
 10210908	 0.22000718	 112817 183519 927052	 1 0.4	 1 269468924 20187366
 10211391	 0.8965517	 112838 183546 927103	 1 0.4	 1 269469200 20187366
 10211887	 0.22000718	 112857 183569 927152	 1 0.4	 1 269469292 20187366
 10212371	 0.8965517	 112882 183597 927202	 1 0.4	 1 269469468 20187366
 10212912	 0.8965517	 112906 183624 927253	 1 0.4	 1 269469652 20187366
 10213417	 0.8965517	 112925 183647 927303	 1 0.4	 1 269469698 20187366
 10213880	 0.22000718	 112945 183673 927356	 1 0.4	 1 269469828 20187366
 10214405	 0.8965517	 112969 183701 927401	 1 0.4	 1 269469962 20187366
 10214927	 0.8965517	 112992 183727 927450	 1 0.4	 1 269470000 20187366
 10215417	 0.8965517	 113011 183753 927500	 1 0.4	 1 269470674 20187366
 10215928	 0.8965517	 113032 183779 927552	 1 0.4	 1 269471164 20187366
 10216393	 0.8965517	 113048 183802 927600	 1 0.4	 1 269471524 20187366
 10216927	 0.8965517	 113077 183837 927661	 1 0.4	 1 269472022 20187366
 10217381	 0.8965517	 113091 183857 927701	 1 0.4	 1 269472382 20187366
 10217925	 0.8965517	 113112 183882 927751	 1 0.4	 1 269473072 20187366
 10218400	 0.8965517	 113128 183903 927798	 1 0.4	 1 269473578 20187366
 10218901	 0.8965517	 113140 183922 927848	 1 0.4	 1 269473808 20187366
 10219371	 0.8965517	 113160 183944 927898	 1 0.4	 1 269474222 20187366
 10219916	 0.8965517	 113181 183970 927951	 1 0.4	 1 269474498 20187366
 10220421	 0.8965517	 113207 184000 927998	 1 0.4	 1 269474758 20187366
 10220931	 0.8965517	 113229 184028 928051	 1 0.4	 1 269475172 20187366
 10221370	 0.8965517	 113249 184054 928099	 1 0.4	 1 269475776 20187366
 10221936	 0.8965517	 113273 184083 928150	 1 0.4	 1 269475906 20187366
 10222381	 0.8965517	 113291 184108 928201	 1 0.4	 1 269476154 20187366
 10222911	 0.22000718	 113309 184134 928251	 1 0.4	 1 269476820 20187366
 10223421	 0.8965517	 113322 184155 928298	 1 0.4	 1 269477096 20187366
 10223913	 0.8965517	 113341 184177 928349	 1 0.4	 1 269477390 20187366
 10224417	 0.8965517	 113356 184196 928399	 1 0.4	 1 269477466 20187366
 10224914	 0.8965517	 113373 184221 928449	 1 0.4	 1 269477748 20187366
 10225398	 0.22000718	 113402 184252 928498	 1 0.4	 1 269478046 20187366
 10225895	 0.8965517	 113421 184278 928547	 1 0.4	 1 269478130 20187366
 10226406	 0.8965517	 113451 184311 928606	 1 0.4	 1 269478176 20187366
 10226903	 0.8965517	 113467 184333 928649	 1 0.4	 1 269478314 20187366
 10227394	 0.22000718	 113486 184355 928700	 1 0.4	 1 269478406 20187366
 10227924	 0.8965517	 113505 184380 928749	 1 0.4	 1 269478544 20187366
 10228401	 0.8965517	 113524 184403 928797	 1 0.4	 1 269478590 20187366
 10228918	 0.8965517	 113542 184425 928847	 1 0.4	 1 269478590 20187366
 10229368	 0.62068963	 113564 184456 928894	 1 0.4	 1 269481465 20188343
 10229877	 0.8965517	 113600 184501 928944	 1 0.4	 1 269675550 20196115
 10230371	 0.8965517	 113626 184543 928991	 1 0.4	 1 269675982 20196898
 10230867	 0.8965517	 113669 184592 929040	 1 0.4	 1 269676304 20196898
 10231373	 0.8965517	 113710 184642 929090	 1 0.4	 1 269676350 20196898
 10231875	 0.22000718	 113736 184680 929145	 1 0.4	 1 269676534 20196976
 10232380	 0.22000718	 113764 184717 929195	 1 0.4	 1 269676773 20198315
 10232896	 0.8965517	 113781 184748 929243	 1 0.4	 1 269676811 20198315
 10233380	 0.22000718	 113803 184785 929296	 1 0.4	 1 269684100 20199681
 10233886	 0.8965517	 113821 184816 929341	 1 0.4	 1 269832450 20203811
 10234390	 0.8965517	 113846 184853 929388	 1 0.4	 1 269942828 20206681
 10234871	 0.22000718	 113852 184863 929440	 1 0.4	 1 269943004 20206681
 10235370	 0.22000718	 113861 184877 929492	 1 0.4	 1 269943080 20206681
 10235890	 0.22000718	 113886 184913 929551	 1 0.4	 1 269947933 20207666
 10236373	 0.8965517	 113912 184948 929586	 1 0.4	 1 269957575 20209418
 10236874	 0.8965517	 113933 184979 929635	 1 0.4	 1 269958483 20209558
 10237410	 0.8965517	 113948 185000 929690	 1 0.4	 1 269959003 20209558
 10237885	 0.8965517	 113963 185021 929739	 1 0.4	 1 269959179 20209558
 10238411	 0.8965517	 113976 185040 929789	 1 0.4	 1 269959835 20209978
 10238909	 0.8965517	 113991 185058 929839	 1 0.4	 1 269960225 20209978
 10239413	 0.8965517	 114015 185085 929888	 1 0.4	 1 269960263 20209978
 10239901	 0.8965517	 114036 185112 929936	 1 0.4	 1 269960477 20209978
 10240382	 0.8965517	 114055 185136 929986	 1 0.4	 1 269960591 20209978
 10240893	 0.8965517	 114074 185162 930036	 1 0.4	 1 269960675 20209978
 10241408	 0.8965517	 114090 185182 930086	 1 0.4	 1 269960751 20209978
 10241902	 0.8965517	 114105 185202 930136	 1 0.4	 1 269960751 20209978
 10242390	 0.22000718	 114120 185225 930187	 1 0.4	 1 269960797 20209978
 10242921	 0.8965517	 114135 185245 930235	 1 0.4	 1 269960889 20209978
 10243397	 0.8965517	 114150 185266 930284	 1 0.4	 1 269961011 20209978
 10243902	 0.8965517	 114164 185284 930334	 1 0.4	 1 269961049 20209978
 10244408	 0.8965517	 114184 185310 930386	 1 0.4	 1 269961087 20209978
 10244917	 0.8965517	 114208 185341 930437	 1 0.4	 1 269961255 20209978
 10245381	 0.22000718	 114236 185374 930492	 1 0.4	 1 269961301 20209978
 10245928	 0.8965517	 114249 185394 930533	 1 0.4	 1 269961301 20209978
 10246408	 0.8965517	 114263 185415 930581	 1 0.4	 1 269961661 20209978
 10246903	 0.8965517	 114280 185439 930633	 1 0.4	 1 269961845 20209978
 10247399	 0.22000718	 114299 185463 930685	 1 0.4	 1 269961937 20209978
 10247905	 0.8965517	 114313 185482 930732	 1 0.4	 1 269962021 20209978
 10248399	 0.8965517	 114328 185501 930783	 1 0.4	 1 269962113 20209978
 10248914	 0.8965517	 114346 185523 930832	 1 0.4	 1 269962431 20209978
 10249370	 0.22000718	 114365 185548 930885	 1 0.4	 1 269962791 20209978
 10249874	 0.8965517	 114389 185576 930932	 1 0.4	 1 269962967 20209978
 10250381	 0.8965517	 114414 185605 930983	 1 0.4	 1 269963135 20209978
 10250905	 0.8965517	 114430 185629 931033	 1 0.4	 1 269963441 20209978
 10251401	 0.8965517	 114441 185648 931081	 1 0.4	 1 269963617 20209978
 10251870	 0.22000718	 114463 185675 931133	 1 0.4	 1 269963839 20209978
 10252368	 0.8965517	 114497 185719 931182	 1 0.4	 1 270401207 20220294
 10252900	 0.22000718	 114512 185748 931230	 1 0.4	 1 270484403 20221484
 10253380	 0.8965517	 114526 185767 931280	 1 0.4	 1 270484677 20221554
 10253875	 0.8965517	 114542 185791 931330	 1 0.4	 1 270485005 20221624
 10254385	 0.8965517	 114559 185826 931382	 1 0.4	 1 270695801 20225544
 10254891	 0.79310346	 114597 185879 931448	 1 0.4	 1 270944339 20229114
 10255388	 0.51724136	 114615 185903 931476	 1 0.4	 1 271027231 20230304
 10255867	 0.8965517	 114639 185937 931523	 1 0.4	 1 271110405 20231564
 10256423	 0.8965517	 114674 185984 931577	 1 0.4	 1 271275913 20234434
 10256873	 0.8965517	 114706 186028 931627	 1 0.4	 1 271358667 20236184
 10257379	 0.62068963	 114739 186066 931672	 1 0.4	 1 271441519 20237934
 10257871	 0.8965517	 114778 186110 931726	 1 0.4	 1 271524499 20239194
 10258375	 0.44827586	 114809 186149 931771	 1 0.4	 1 271607207 20240454
 10258882	 0.44827586	 114847 186192 931823	 1 0.4	 1 271771289 20243324
 10259389	 0.4827586	 114880 186230 931870	 1 0.4	 1 271771731 20243394
 10259886	 0.55172414	 114917 186274 931919	 1 0.4	 1 271790540 20244514
 10260370	 0.44827586	 114955 186319 931970	 1 0.4	 1 271790684 20244584
 10260871	 0.44827586	 114994 186360 932019	 1 0.4	 1 271790730 20244584
 10261371	 0.51724136	 115029 186400 932068	 1 0.4	 1 271791094 20244584
 10261900	 0.22000718	 115057 186433 932121	 1 0.4	 1 271791182 20244584
 10262408	 0.8965517	 115073 186454 932170	 1 0.4	 1 271791408 20244584
 10262912	 0.8965517	 115092 186477 932222	 1 0.4	 1 271791592 20244584
 10263391	 0.8965517	 115105 186496 932270	 1 0.4	 1 271791798 20244584
 10263908	 0.8965517	 115117 186516 932321	 1 0.4	 1 271792112 20244584
 10264399	 0.8965517	 115140 186543 932380	 1 0.4	 1 271792464 20244584
 10264914	 0.8965517	 115150 186562 932420	 1 0.4	 1 271792556 20244584
 10265432	 0.8965517	 115176 186594 932471	 1 0.4	 1 271793364 20245094
 10265889	 0.8965517	 115198 186620 932519	 1 0.4	 1 271793600 20245094
 10266392	 0.8965517	 115213 186640 932568	 1 0.4	 1 271793830 20245094
 10266894	 0.8965517	 115226 186656 932616	 1 0.4	 1 271794198 20245094
 10267370	 0.22000718	 115237 186672 932667	 1 0.4	 1 271794474 20245094
 10267873	 0.22000718	 115245 186687 932719	 1 0.4	 1 271794658 20245094
 10268370	 0.4827586	 115260 186709 932765	 1 0.4	 1 271844681 20247269
 10268868	 0.8965517	 115299 186759 932815	 1 0.4	 1 271849489 20248331
 10269375	 0.8965517	 115340 186807 932867	 1 0.4	 1 271849535 20248331
 10269875	 0.86206895	 115366 186843 932915	 1 0.4	 1 271859395 20256647
 10270375	 0.8965517	 115393 186884 932963	 1 0.4	 1 271891030 20261137
 10270876	 0.8965517	 115434 186933 933012	 1 0.4	 1 271891152 20261137
 10271428	 0.8965517	 115474 186977 933069	 1 0.4	 1 271891274 20261137
 10271935	 0.8965517	 115494 187003 933118	 1 0.4	 1 271891274 20261137
 10272376	 0.8965517	 115516 187030 933168	 1 0.4	 1 271891366 20261137
 10272880	 0.8965517	 115543 187057 933218	 1 0.4	 1 271891496 20261137
 10273411	 0.8965517	 115564 187084 933269	 1 0.4	 1 271891542 20261137
 10273933	 0.8965517	 115596 187121 933331	 1 0.4	 1 271891588 20261137
 10274440	 0.8965517	 115608 187138 933368	 1 0.4	 1 271891588 20261137
 10274918	 0.8965517	 115626 187165 933417	 1 0.4	 1 271891772 20261137
 10275444	 0.8965517	 115648 187196 933470	 1 0.4	 1 271892002 20261137
 10275877	 0.8965517	 115688 187239 933513	 1 0.4	 1 271892140 20261137
 10276401	 0.8965517	 115728 187290 933577	 1 0.4	 1 271892232 20261137
 10276922	 0.8965517	 115748 187312 933618	 1 0.4	 1 271892798 20262047
 10277389	 0.22000718	 115766 187339 933669	 1 0.4	 1 271892936 20262047
 10277920	 0.8965517	 115783 187361 933716	 1 0.4	 1 271893074 20262047
 10278418	 0.8965517	 115801 187384 933766	 1 0.4	 1 271893208 20262047
 10278923	 0.8965517	 115822 187411 933817	 1 0.4	 1 271893652 20262047
 10279414	 0.8965517	 115843 187433 933865	 1 0.4	 1 271893698 20262047
 10279900	 0.8965517	 115855 187454 933914	 1 0.4	 1 271894012 20262047
 10280374	 0.8965517	 115882 187487 933966	 1 0.4	 1 271894310 20262047
 10280904	 0.22000718	 115905 187515 934016	 1 0.4	 1 271894348 20262047
 10281398	 0.22000718	 115927 187545 934064	 1 0.4	 1 271894608 20262047
 10281888	 0.8965517	 115950 187574 934113	 1 0.4	 1 271895014 20262047
 10282370	 0.22000718	 115970 187599 934163	 1 0.4	 1 271895106 20262047
 10282913	 0.8965517	 115989 187624 934214	 1 0.4	 1 271895566 20262047
 10283397	 0.8965517	 116018 187658 934272	 1 0.4	 1 271896118 20262047
 10283904	 0.8965517	 116027 187673 934312	 1 0.4	 1 271896486 20262047
 10284367	 0.3448276	 116045 187694 934360	 1 0.4	 1 271896846 20262047
 10284911	 0.8965517	 116064 187718 934414	 1 0.4	 1 271896938 20262047
 10285409	 0.8965517	 116081 187744 934463	 1 0.4	 1 271897398 20262047
 10285933	 0.8965517	 116101 187771 934515	 1 0.4	 1 271897766 20262047
 10286376	 0.22000718	 116119 187800 934562	 1 0.4	 1 271903035 20264048
 10286873	 0.8965517	 116126 187816 934611	 1 0.4	 1 271903311 20264048
 10287377	 0.8965517	 116162 187865 934660	 1 0.4	 1 271913030 20266025
 10287867	 0.8965517	 116201 187915 934710	 1 0.4	 1 271913122 20266025
 10288391	 0.8965517	 116217 187942 934760	 1 0.4	 1 271913260 20266025
 10288920	 0.8965517	 116229 187961 934812	 1 0.4	 1 271913306 20266025
 10289381	 0.22000718	 116258 188004 934863	 1 0.4	 1 271913352 20266025
 10289871	 0.22000718	 116270 188020 934913	 1 0.4	 1 271913398 20266025
 10290381	 0.22000718	 116277 188034 934962	 1 0.4	 1 271913582 20266025
 10290898	 0.22000718	 116286 188047 935012	 1 0.4	 1 271913582 20266025
 10291380	 0.8965517	 116308 188076 935059	 1 0.4	 1 271913666 20266025
 10291869	 0.8965517	 116345 188121 935108	 1 0.4	 1 271913666 20266025
 10292387	 0.22000718	 116353 188136 935160	 1 0.4	 1 271913804 20266083
 10292880	 0.8965517	 116370 188157 935222	 1 0.4	 1 271913896 20266083
 10293380	 0.22000718	 116377 188167 935260	 1 0.4	 1 271913942 20266141
 10293896	 0.22000718	 116384 188177 935310	 1 0.4	 1 271914148 20266141
 10294368	 0.8965517	 116409 188208 935357	 1 0.4	 1 271914270 20266141
 10294890	 0.22000718	 116425 188232 935411	 1 0.4	 1 271914530 20266141
 10295392	 0.22000718	 116432 188245 935461	 1 0.4	 1 271914928 20266257
 10295871	 0.22000718	 116438 188255 935510	 1 0.4	 1 271915050 20266257
 10296395	 0.22000718	 116443 188269 935561	 1 0.4	 1 271915142 20266257
 10296870	 0.22000718	 116450 188279 935611	 1 0.4	 1 271915142 20266257
 10297394	 0.22000718	 116460 188292 935661	 1 0.4	 1 271915234 20266257
 10297871	 0.22000718	 116474 188309 935711	 1 0.4	 1 271915280 20266257
 10298380	 0.22000718	 116483 188319 935760	 1 0.4	 1 271915326 20266257
 10298871	 0.22000718	 116489 188333 935812	 1 0.4	 1 271915464 20266257
 10299380	 0.22000718	 116495 188343 935860	 1 0.4	 1 271915502 20266257
 10299879	 0.22000718	 116510 188362 935911	 1 0.4	 1 271915540 20266257
 10300370	 0.22000718	 116516 188371 935960	 1 0.4	 1 271915632 20266257
 10300871	 0.8965517	 116523 188382 936010	 1 0.4	 1 271915632 20266257
 10301380	 0.22000718	 116530 188394 936061	 1 0.4	 1 271915884 20266257
 10301890	 0.22000718	 116536 188404 936110	 1 0.4	 1 271916006 20266257
 10302389	 0.8965517	 116553 188425 936171	 1 0.4	 1 271916182 20266257
 10302890	 0.22000718	 116558 188437 936211	 1 0.4	 1 271916274 20266257
 10303370	 0.8965517	 116568 188455 936261	 1 0.4	 1 271916504 20266257
