up_time cpu_freq utime work_time total_time screen_on brightness wifi_on wifi_rx_bytes wifi_tx_bytes
 3364943	 0.22000718	 20296 62319 336134	 1 0.00392156862745098	 1 353517 3044
 3365457	 0.22000718	 20316 62348 336180	 1 0.00392156862745098	 1 354099 3044
 3366386	 0.22000718	 20359 62418 336278	 1 0.00392156862745098	 1 354451 3044
 3366898	 0.22000718	 20388 62463 336334	 1 0.00392156862745098	 1 354627 3044
 3367385	 0.22000718	 20411 62511 336382	 1 0.00392156862745098	 1 354849 3044
 3367879	 0.22000718	 20438 62551 336428	 1 0.00392156862745098	 1 355117 3044
 3368395	 0.22000718	 20456 62582 336479	 1 0.00392156862745098	 1 355293 3044
 3368885	 0.22000718	 20492 62621 336545	 1 0.00392156862745098	 1 355293 3044
 3369390	 0.22000718	 20506 62642 336576	 1 0.00392156862745098	 1 355293 3044
 3369879	 0.22000718	 20518 62662 336626	 1 0.00392156862745098	 1 355339 3044
 3370401	 0.22000718	 20530 62682 336676	 1 0.00392156862745098	 1 355381 3044
 3370885	 0.22000718	 20538 62702 336727	 1 0.00392156862745098	 1 355649 3044
 3371384	 0.22000718	 20568 62751 336776	 1 0.00392156862745098	 1 355741 3044
 3371897	 0.22000718	 20581 62803 336828	 1 0.00392156862745098	 1 355985 3044
 3372400	 0.22000718	 20595 62850 336875	 1 0.00392156862745098	 1 356069 3044
 3372907	 0.22000718	 20619 62901 336926	 1 0.00392156862745098	 1 356283 3044
 3373399	 0.22000718	 20629 62953 336978	 1 0.00392156862745098	 1 356489 3044
 3373885	 0.22000718	 20657 63001 337026	 1 0.00392156862745098	 1 356619 3044
 3374394	 0.22000718	 20669 63050 337075	 1 0.00392156862745098	 1 356741 3044
 3374885	 0.22000718	 20681 63100 337125	 1 0.00392156862745098	 1 356871 3044
 3375379	 0.22000718	 20713 63150 337175	 1 0.00392156862745098	 1 356917 3044
 3375879	 0.22000718	 20725 63200 337225	 1 0.00392156862745098	 1 357193 3044
 3376379	 0.22000718	 20737 63253 337278	 1 0.00392156862745098	 1 357369 3044
 3376878	 0.22000718	 20746 63301 337326	 1 0.00392156862745098	 1 357629 3044
 3377379	 0.22000718	 20755 63350 337375	 1 0.00392156862745098	 1 357851 3044
 3377912	 0.22000718	 20786 63401 337426	 1 0.00392156862745098	 1 358019 3044
 3378385	 0.22000718	 20796 63450 337475	 1 0.00392156862745098	 1 358279 3044
 3378885	 0.22000718	 20824 63500 337525	 1 0.00392156862745098	 1 358279 3044
 3379385	 0.22000718	 20836 63556 337581	 1 0.00392156862745098	 1 358371 3044
 3379885	 0.22000718	 20851 63601 337626	 1 0.00392156862745098	 1 358555 3044
 3380395	 0.22000718	 20866 63651 337676	 1 0.00392156862745098	 1 358647 3044
 3380879	 0.22000718	 20880 63701 337726	 1 0.00392156862745098	 1 358915 3044
 3381404	 0.22000718	 20893 63750 337775	 1 0.00392156862745098	 1 358915 3044
 3381895	 0.22000718	 20905 63801 337826	 1 0.00392156862745098	 1 359099 3044
 3382379	 0.22000718	 20914 63851 337876	 1 0.00392156862745098	 1 359581 3044
 3382878	 0.22000718	 20931 63902 337927	 1 0.00392156862745098	 1 359849 3044
 3383385	 0.22000718	 20961 63971 337996	 1 0.00392156862745098	 1 360729 3044
 3383885	 0.22000718	 20980 64002 338027	 1 0.00392156862745098	 1 360913 3044
 3384379	 0.22000718	 20990 64051 338076	 1 0.00392156862745098	 1 361097 3044
 3384885	 0.22000718	 21000 64100 338125	 1 0.00392156862745098	 1 361227 3044
 3385385	 0.22000718	 21014 64150 338175	 1 0.00392156862745098	 1 361403 3044
 3385912	 0.22000718	 21028 64201 338226	 1 0.00392156862745098	 1 361491 3044
 3386388	 0.22000718	 21040 64251 338276	 1 0.00392156862745098	 1 361713 3044
 3386879	 0.22000718	 21061 64302 338327	 1 0.00392156862745098	 1 361881 3044
 3387406	 0.22000718	 21077 64351 338376	 1 0.00392156862745098	 1 362141 3044
 3387900	 0.22000718	 21092 64401 338426	 1 0.00392156862745098	 1 362309 3044
 3388386	 0.22000718	 21118 64451 338476	 1 0.00392156862745098	 1 362355 3044
 3388896	 0.22000718	 21130 64501 338526	 1 0.00392156862745098	 1 362493 3044
 3389379	 0.22000718	 21143 64550 338575	 1 0.00392156862745098	 1 362631 3044
 3389895	 0.22000718	 21155 64603 338628	 1 0.00392156862745098	 1 362723 3044
 3390385	 0.22000718	 21168 64650 338675	 1 0.00392156862745098	 1 362937 3044
 3390904	 0.22000718	 21179 64701 338726	 1 0.00392156862745098	 1 363021 3044
 3391379	 0.22000718	 21190 64751 338776	 1 0.00392156862745098	 1 363557 3044
 3391885	 0.22000718	 21208 64801 338826	 1 0.00392156862745098	 1 363863 3044
 3392379	 0.22000718	 21217 64851 338876	 1 0.00392156862745098	 1 364215 3044
 3392885	 0.22000718	 21245 64920 338945	 1 0.00392156862745098	 1 364973 3044
 3393395	 0.22000718	 21262 64952 338977	 1 0.00392156862745098	 1 365149 3044
 3393895	 0.22000718	 21274 65000 339025	 1 0.00392156862745098	 1 365287 3044
 3394398	 0.22000718	 21288 65053 339078	 1 0.00392156862745098	 1 365609 3044
 3394902	 0.22000718	 21298 65100 339125	 1 0.00392156862745098	 1 365747 3044
 3395385	 0.22000718	 21307 65155 339180	 1 0.00392156862745098	 1 372317 3044
 3395886	 0.22000718	 21319 65201 339226	 1 0.00392156862745098	 1 372539 3044
 3396387	 0.22000718	 21329 65251 339276	 1 0.00392156862745098	 1 372577 3044
 3396885	 0.22000718	 21338 65301 339326	 1 0.00392156862745098	 1 372699 3044
 3397404	 0.22000718	 21351 65353 339378	 1 0.00392156862745098	 1 372791 3044
 3397879	 0.22000718	 21381 65401 339426	 1 0.00392156862745098	 1 372875 3044
 3398379	 0.22000718	 21393 65450 339475	 1 0.00392156862745098	 1 373089 3044
 3398894	 0.22000718	 21409 65501 339526	 1 0.00392156862745098	 1 373411 3044
 3399401	 0.22000718	 21422 65551 339576	 1 0.00392156862745098	 1 373411 3044
 3399879	 0.22000718	 21434 65600 339625	 1 0.00392156862745098	 1 373641 3044
 3400385	 0.22000718	 21445 65650 339675	 1 0.00392156862745098	 1 373687 3044
 3400895	 0.22000718	 21454 65700 339725	 1 0.00392156862745098	 1 373733 3044
 3401385	 0.22000718	 21466 65753 339778	 1 0.00392156862745098	 1 373917 3044
 3401884	 0.22000718	 21482 65802 339827	 1 0.00392156862745098	 1 373963 3044
 3402385	 0.22000718	 21494 65851 339876	 1 0.00392156862745098	 1 374101 3044
 3402878	 0.22000718	 21523 65901 339926	 1 0.00392156862745098	 1 374193 3044
 3403408	 0.22000718	 21537 65950 339975	 1 0.00392156862745098	 1 374239 3044
 3403885	 0.22000718	 21550 66000 340025	 1 0.00392156862745098	 1 374491 3044
 3404396	 0.22000718	 21561 66050 340075	 1 0.00392156862745098	 1 374705 3044
 3404899	 0.22000718	 21573 66101 340126	 1 0.00392156862745098	 1 375217 3044
 3405380	 0.22000718	 21583 66152 340177	 1 0.00392156862745098	 1 375523 3044
 3405879	 0.22000718	 21595 66200 340225	 1 0.00392156862745098	 1 375741 3044
 3406394	 0.22000718	 21606 66250 340275	 1 0.00392156862745098	 1 376093 3044
 3406879	 0.22000718	 21613 66300 340325	 1 0.00392156862745098	 1 376323 3044
 3407385	 0.22000718	 21642 66370 340395	 1 0.00392156862745098	 1 376461 3044
 3407885	 0.22000718	 21652 66400 340425	 1 0.00392156862745098	 1 376507 3044
 3408385	 0.22000718	 21666 66451 340476	 1 0.00392156862745098	 1 376645 3044
 3408885	 0.22000718	 21672 66500 340525	 1 0.00392156862745098	 1 376939 3044
 3409378	 0.22000718	 21691 66554 340579	 1 0.00392156862745098	 1 377161 3044
 3409885	 0.22000718	 21706 66601 340626	 1 0.00392156862745098	 1 377295 3044
 3410379	 0.22000718	 21717 66650 340675	 1 0.00392156862745098	 1 377593 3044
 3410911	 0.22000718	 21732 66700 340725	 1 0.00392156862745098	 1 377907 3044
 3411395	 0.22000718	 21745 66750 340775	 1 0.00392156862745098	 1 378083 3044
 3411885	 0.22000718	 21758 66801 340826	 1 0.00392156862745098	 1 378419 3044
 3412406	 0.22000718	 21790 66851 340876	 1 0.00392156862745098	 1 378507 3044
 3412911	 0.22000718	 21803 66901 340926	 1 0.00392156862745098	 1 378691 3044
 3413406	 0.22000718	 21816 66950 340975	 1 0.00392156862745098	 1 379211 3044
 3413885	 0.22000718	 21829 67002 341027	 1 0.00392156862745098	 1 379303 3044
 3414395	 0.22000718	 21842 67050 341075	 1 0.00392156862745098	 1 379747 3044
 3414911	 0.22000718	 21856 67101 341126	 1 0.00392156862745098	 1 379961 3044
 3415395	 0.22000718	 21868 67150 341175	 1 0.00392156862745098	 1 380007 3044
 3415885	 0.22000718	 21883 67201 341226	 1 0.00392156862745098	 1 380145 3044
 3416402	 0.22000718	 21894 67250 341275	 1 0.00392156862745098	 1 380313 3044
 3416905	 0.22000718	 21923 67322 341347	 1 0.00392156862745098	 1 380435 3044
 3417385	 0.22000718	 21934 67350 341375	 1 0.00392156862745098	 1 380435 3044
 3417902	 0.22000718	 21951 67400 341425	 1 0.00392156862745098	 1 380565 3044
 3418379	 0.22000718	 21963 67452 341477	 1 0.00392156862745098	 1 380795 3044
 3418895	 0.22000718	 21977 67501 341526	 1 0.00392156862745098	 1 380933 3044
 3419385	 0.22000718	 21990 67550 341575	 1 0.00392156862745098	 1 381025 3044
 3419885	 0.22000718	 22003 67601 341626	 1 0.00392156862745098	 1 381301 3044
 3420378	 0.22000718	 22011 67651 341676	 1 0.00392156862745098	 1 381669 3044
 3420902	 0.22000718	 22023 67701 341726	 1 0.00392156862745098	 1 381945 3044
 3421379	 0.22000718	 22036 67750 341775	 1 0.00392156862745098	 1 382221 3044
 3421885	 0.22000718	 22069 67801 341826	 1 0.00392156862745098	 1 382405 3044
 3422379	 0.22000718	 22080 67850 341875	 1 0.00392156862745098	 1 382635 3044
 3422901	 0.22000718	 22093 67903 341928	 1 0.00392156862745098	 1 382819 3044
 3423379	 0.22000718	 22104 67950 341975	 1 0.00392156862745098	 1 382911 3044
 3423885	 0.22000718	 22118 68001 342026	 1 0.00392156862745098	 1 383179 3044
 3424386	 0.22000718	 22130 68052 342077	 1 0.00392156862745098	 1 383271 3044
 3424901	 0.22000718	 22135 68100 342125	 1 0.00392156862745098	 1 383405 3044
 3425405	 0.22000718	 22150 68151 342176	 1 0.00392156862745098	 1 383791 3044
 3425895	 0.22000718	 22160 68200 342225	 1 0.00392156862745098	 1 383993 3044
 3426397	 0.22000718	 22189 68270 342295	 1 0.00392156862745098	 1 384939 3044
 3426904	 0.22000718	 22200 68301 342326	 1 0.00392156862745098	 1 385237 3044
 3427385	 0.22000718	 22209 68352 342377	 1 0.00392156862745098	 1 385367 3044
 3427908	 0.22000718	 22221 68401 342426	 1 0.00392156862745098	 1 385771 3044
 3428395	 0.22000718	 22234 68450 342475	 1 0.00392156862745098	 1 386307 3044
 3428895	 0.22000718	 22243 68500 342525	 1 0.00392156862745098	 1 386353 3044
 3429394	 0.22000718	 22253 68550 342575	 1 0.00392156862745098	 1 386583 3044
 3429879	 0.22000718	 22266 68601 342626	 1 0.00392156862745098	 1 386767 3044
 3430395	 0.22000718	 22278 68652 342677	 1 0.00392156862745098	 1 387227 3044
 3431394	 0.22000718	 22320 68750 342775	 1 0.00392156862745098	 1 387999 3044
 3431885	 0.22000718	 22352 68804 342829	 1 0.00392156862745098	 1 388175 3044
 3432379	 0.22000718	 22367 68851 342876	 1 0.00392156862745098	 1 388527 3044
 3432885	 0.22000718	 22379 68900 342925	 1 0.00392156862745098	 1 388527 3044
 3433379	 0.22000718	 22390 68951 342976	 1 0.00392156862745098	 1 388687 3044
 3433878	 0.22000718	 22400 69000 343025	 1 0.00392156862745098	 1 388733 3044
 3434385	 0.22000718	 22411 69051 343076	 1 0.00392156862745098	 1 388963 3044
 3434902	 0.22000718	 22422 69101 343126	 1 0.00392156862745098	 1 389009 3044
 3435389	 0.22000718	 22431 69150 343175	 1 0.00392156862745098	 1 389185 3044
 3435885	 0.22000718	 22446 69200 343225	 1 0.00392156862745098	 1 389705 3044
 3436403	 0.22000718	 22478 69273 343298	 1 0.00392156862745098	 1 389973 3044
 3436895	 0.22000718	 22492 69301 343326	 1 0.00392156862745098	 1 390249 3044
 3437394	 0.22000718	 22505 69351 343376	 1 0.00392156862745098	 1 390663 3044
 3437879	 0.22000718	 22518 69401 343426	 1 0.00392156862745098	 1 391061 3044
 3438385	 0.22000718	 22531 69450 343475	 1 0.00392156862745098	 1 391237 3044
 3438895	 0.22000718	 22541 69501 343526	 1 0.00392156862745098	 1 391497 3044
 3439395	 0.22000718	 22551 69552 343577	 1 0.00392156862745098	 1 391703 3044
 3439903	 0.22000718	 22563 69601 343626	 1 0.00392156862745098	 1 391749 3044
 3440402	 0.22000718	 22571 69651 343676	 1 0.00392156862745098	 1 392025 3044
 3440895	 0.22000718	 22582 69702 343727	 1 0.00392156862745098	 1 392347 3044
 3441385	 0.22000718	 22613 69751 343776	 1 0.00392156862745098	 1 392715 3044
 3441885	 0.22000718	 22625 69800 343825	 1 0.00392156862745098	 1 393037 3044
 3442395	 0.22000718	 22633 69850 343875	 1 0.00392156862745098	 1 393221 3044
 3442878	 0.22000718	 22644 69900 343925	 1 0.00392156862745098	 1 393497 3044
 3443385	 0.22000718	 22656 69950 343975	 1 0.00392156862745098	 1 393673 3044
 3443878	 0.22000718	 22666 70000 344025	 1 0.00392156862745098	 1 393757 3044
 3444378	 0.22000718	 22677 70051 344076	 1 0.00392156862745098	 1 393971 3044
 3444885	 0.22000718	 22683 70100 344125	 1 0.00392156862745098	 1 394055 3044
 3445378	 0.22000718	 22693 70150 344175	 1 0.00392156862745098	 1 394361 3044
 3445895	 0.22000718	 22703 70202 344227	 1 0.00392156862745098	 1 394759 3044
 3446395	 0.22000718	 22732 70249 344274	 1 0.00392156862745098	 1 394943 3044
 3446885	 0.22000718	 22745 70302 344327	 1 0.00392156862745098	 1 395357 3044
 3447414	 0.22000718	 22755 70349 344374	 1 0.00392156862745098	 1 395449 3044
 3447879	 0.22000718	 22767 70399 344424	 1 0.00392156862745098	 1 395495 3044
 3448385	 0.22000718	 22780 70449 344474	 1 0.00392156862745098	 1 395495 3044
 3448895	 0.22000718	 22797 70500 344525	 1 0.00392156862745098	 1 395537 3044
 3449385	 0.22000718	 22807 70549 344574	 1 0.00392156862745098	 1 395621 3044
 3449885	 0.22000718	 22817 70600 344625	 1 0.00392156862745098	 1 395705 3044
 3450403	 0.22000718	 22829 70650 344675	 1 0.00392156862745098	 1 395781 3044
 3450903	 0.22000718	 22862 70721 344746	 1 0.00392156862745098	 1 396063 3044
 3451385	 0.22000718	 22870 70749 344774	 1 0.00392156862745098	 1 396201 3044
 3451879	 0.22000718	 22882 70800 344825	 1 0.00392156862745098	 1 396285 3044
 3452385	 0.22000718	 22893 70850 344875	 1 0.00392156862745098	 1 396613 3044
 3452879	 0.22000718	 22906 70900 344925	 1 0.00392156862745098	 1 396659 3044
 3453378	 0.22000718	 22916 70949 344974	 1 0.00392156862745098	 1 396781 3044
 3453894	 0.22000718	 22931 70999 345024	 1 0.00392156862745098	 1 396819 3044
 3454385	 0.22000718	 22947 71051 345076	 1 0.00392156862745098	 1 396865 3044
 3454905	 0.22000718	 22960 71100 345125	 1 0.00392156862745098	 1 396911 3044
 3455379	 0.22000718	 22975 71150 345175	 1 0.00392156862745098	 1 396911 3044
 3455885	 0.22000718	 23004 71200 345225	 1 0.00392156862745098	 1 396911 3044
 3456385	 0.22000718	 23014 71250 345275	 1 0.00392156862745098	 1 396911 3044
 3456885	 0.22000718	 23023 71300 345325	 1 0.00392156862745098	 1 397049 3044
 3457403	 0.22000718	 23036 71350 345375	 1 0.00392156862745098	 1 397141 3044
 3457915	 0.22000718	 23052 71400 345425	 1 0.00392156862745098	 1 397325 3044
 3458403	 0.22000718	 23067 71450 345475	 1 0.00392156862745098	 1 397371 3044
 3458887	 0.22000718	 23078 71500 345525	 1 0.00392156862745098	 1 397509 3044
 3459385	 0.22000718	 23088 71549 345574	 1 0.00392156862745098	 1 397685 3044
 3459879	 0.22000718	 23099 71599 345624	 1 0.00392156862745098	 1 397777 3044
 3460378	 0.22000718	 23128 71669 345694	 1 0.00392156862745098	 1 397961 3044
 3460880	 0.22000718	 23145 71702 345727	 1 0.00392156862745098	 1 397961 3044
 3461413	 0.22000718	 23156 71750 345775	 1 0.00392156862745098	 1 398007 3044
 3461903	 0.22000718	 23172 71800 345825	 1 0.00392156862745098	 1 398237 3044
 3462385	 0.22000718	 23183 71850 345875	 1 0.00392156862745098	 1 398283 3044
 3462901	 0.22000718	 23196 71899 345924	 1 0.00392156862745098	 1 398551 3044
 3463403	 0.22000718	 23205 71949 345974	 1 0.00392156862745098	 1 398941 3044
 3463879	 0.22000718	 23217 72000 346025	 1 0.00392156862745098	 1 399117 3044
 3464379	 0.22000718	 23228 72049 346074	 1 0.00392156862745098	 1 399469 3044
 3464885	 0.22000718	 23241 72100 346125	 1 0.00392156862745098	 1 399599 3044
 3465385	 0.22000718	 23269 72150 346175	 1 0.00392156862745098	 1 399645 3044
 3465885	 0.22000718	 23285 72202 346227	 1 0.00392156862745098	 1 400051 3044
 3466395	 0.22000718	 23295 72249 346274	 1 0.00392156862745098	 1 400143 3044
 3466909	 0.22000718	 23309 72300 346325	 1 0.00392156862745098	 1 400281 3044
 3467395	 0.22000718	 23317 72350 346375	 1 0.00392156862745098	 1 400373 3044
 3467895	 0.22000718	 23331 72400 346425	 1 0.00392156862745098	 1 400511 3044
 3468379	 0.22000718	 23347 72450 346475	 1 0.00392156862745098	 1 400695 3044
 3468900	 0.22000718	 23358 72500 346525	 1 0.00392156862745098	 1 400787 3044
 3469395	 0.22000718	 23375 72550 346575	 1 0.00392156862745098	 1 400833 3044
 3469879	 0.22000718	 23402 72618 346643	 1 0.00392156862745098	 1 401201 3044
 3470378	 0.22000718	 23419 72648 346673	 1 0.00392156862745098	 1 401201 3044
 3470897	 0.22000718	 23431 72701 346726	 1 0.00392156862745098	 1 401293 3044
 3471395	 0.22000718	 23443 72748 346773	 1 0.00392156862745098	 1 401385 3044
 3471914	 0.22000718	 23456 72799 346824	 1 0.00392156862745098	 1 401431 3044
 3472415	 0.22000718	 23467 72849 346874	 1 0.00392156862745098	 1 401661 3044
 3472894	 0.22000718	 23475 72899 346924	 1 0.00392156862745098	 1 402135 3044
 3473385	 0.22000718	 23490 72949 346974	 1 0.00392156862745098	 1 402265 3044
 3473885	 0.22000718	 23500 72998 347023	 1 0.00392156862745098	 1 402747 3044
 3474385	 0.22000718	 23510 73048 347073	 1 0.00392156862745098	 1 403061 3044
 3475099	 0.22000718	 23537 73118 347143	 1 0.00392156862745098	 1 403183 3044
 3475397	 0.22000718	 23549 73149 347174	 1 0.00392156862745098	 1 403351 3044
 3475878	 0.22000718	 23557 73200 347225	 1 0.00392156862745098	 1 403435 3044
 3476379	 0.22000718	 23572 73248 347273	 1 0.00392156862745098	 1 403557 3044
 3476895	 0.22000718	 23584 73300 347325	 1 0.00392156862745098	 1 403871 3044
 3477385	 0.22000718	 23595 73348 347373	 1 0.00392156862745098	 1 403963 3044
 3477878	 0.22000718	 23610 73399 347424	 1 0.00392156862745098	 1 404147 3044
 3478400	 0.22000718	 23619 73449 347474	 1 0.00392156862745098	 1 404423 3044
 3478907	 0.22000718	 23629 73499 347524	 1 0.00392156862745098	 1 404507 3044
 3479394	 0.22000718	 23645 73549 347574	 1 0.00392156862745098	 1 404645 3044
 3479894	 0.22000718	 23679 73598 347623	 1 0.00392156862745098	 1 404737 3044
 3480399	 0.22000718	 23696 73649 347674	 1 0.00392156862745098	 1 405165 3044
 3480885	 0.22000718	 23707 73700 347725	 1 0.00392156862745098	 1 405417 3044
 3481379	 0.22000718	 23720 73749 347774	 1 0.00392156862745098	 1 405593 3044
 3481888	 0.22000718	 23729 73799 347824	 1 0.00392156862745098	 1 405685 3044
 3482378	 0.22000718	 23739 73848 347873	 1 0.00392156862745098	 1 405823 3044
 3482899	 0.22000718	 23751 73898 347923	 1 0.00392156862745098	 1 405961 3044
 3483385	 0.22000718	 23765 73949 347974	 1 0.00392156862745098	 1 406007 3044
 3483879	 0.22000718	 23777 73999 348024	 1 0.00392156862745098	 1 406007 3044
 3484379	 0.22000718	 23807 74069 348094	 1 0.00392156862745098	 1 406053 3044
 3484907	 0.22000718	 23820 74099 348124	 1 0.00392156862745098	 1 406145 3044
 3485379	 0.22000718	 23849 74170 348195	 1 0.00392156862745098	 1 406375 3044
 3485885	 0.22000718	 23861 74200 348225	 1 0.00392156862745098	 1 406467 3044
 3486395	 0.22000718	 23875 74249 348274	 1 0.00392156862745098	 1 406865 3044
 3486905	 0.22000718	 23888 74299 348324	 1 0.00392156862745098	 1 407133 3044
 3487388	 0.22000718	 23903 74348 348373	 1 0.00392156862745098	 1 407439 3044
 3487879	 0.22000718	 23914 74398 348423	 1 0.00392156862745098	 1 407761 3044
 3488380	 0.22000718	 23925 74449 348474	 1 0.00392156862745098	 1 407899 3044
 3488907	 0.22000718	 23938 74498 348523	 1 0.00392156862745098	 1 408083 3044
 3489395	 0.22000718	 23966 74569 348594	 1 0.00392156862745098	 1 408267 3044
 3489900	 0.22000718	 23976 74598 348623	 1 0.00392156862745098	 1 408351 3044
 3490385	 0.22000718	 23992 74648 348673	 1 0.00392156862745098	 1 408581 3044
 3490885	 0.22000718	 24011 74698 348723	 1 0.00392156862745098	 1 408811 3044
 3491385	 0.22000718	 24025 74751 348776	 1 0.00392156862745098	 1 409317 3044
 3491885	 0.22000718	 24038 74801 348826	 1 0.00392156862745098	 1 409915 3044
 3492401	 0.22000718	 24045 74848 348873	 1 0.00392156862745098	 1 410053 3044
 3492886	 0.22000718	 24058 74899 348924	 1 0.00392156862745098	 1 410329 3044
 3493379	 0.22000718	 24073 74949 348974	 1 0.00392156862745098	 1 410651 3044
 3493895	 0.22000718	 24085 74999 349024	 1 0.00392156862745098	 1 411019 3044
 3494386	 0.22000718	 24118 75049 349074	 1 0.00392156862745098	 1 411111 3044
 3494907	 0.22000718	 24134 75098 349123	 1 0.00392156862745098	 1 411249 3044
 3495385	 0.22000718	 24144 75149 349174	 1 0.00392156862745098	 1 411387 3044
 3495879	 0.22000718	 24155 75199 349224	 1 0.00392156862745098	 1 411563 3044
 3496379	 0.22000718	 24168 75248 349273	 1 0.00392156862745098	 1 411563 3044
 3496885	 0.22000718	 24181 75300 349325	 1 0.00392156862745098	 1 411655 3044
 3497385	 0.22000718	 24191 75348 349373	 1 0.00392156862745098	 1 411701 3044
 3497878	 0.22000718	 24204 75398 349423	 1 0.00392156862745098	 1 411793 3044
 3498395	 0.22000718	 24218 75449 349474	 1 0.00392156862745098	 1 411793 3044
 3498880	 0.22000718	 24247 75519 349544	 1 0.00392156862745098	 1 411991 3044
 3499396	 0.22000718	 24264 75553 349578	 1 0.00392156862745098	 1 412067 3044
 3499909	 0.22000718	 24285 75598 349625	 1 0.00392156862745098	 1 412205 3044
 3500378	 0.22000718	 24306 75634 349673	 1 0.00392156862745098	 1 412289 3044
 3500887	 0.22000718	 24328 75670 349723	 1 0.00392156862745098	 1 412289 3044
 3501379	 0.22000718	 24338 75691 349772	 1 0.00392156862745098	 1 412457 3044
 3501885	 0.22000718	 24348 75712 349822	 1 0.00392156862745098	 1 412625 3044
 3502400	 0.22000718	 24372 75748 349874	 1 0.00392156862745098	 1 412709 3044
 3502894	 0.22000718	 24391 75770 349920	 1 0.00392156862745098	 1 412709 3044
 3503416	 0.22000718	 24428 75822 349973	 1 0.00392156862745098	 1 413123 3044
 3504387	 0.22000718	 24483 75904 350076	 1 0.00392156862745098	 1 413299 3044
 3505378	 0.22000718	 24538 75975 350169	 1 0.00392156862745098	 1 413521 3044
 3505916	 0.22000718	 24553 76000 350224	 1 0.00392156862745098	 1 413789 3044
