up_time cpu_freq utime work_time total_time screen_on brightness wifi_on wifi_rx_bytes wifi_tx_bytes
 3177349	 0.37931034	 18210 55073 317393	 1 0.00392156862745098	 1 220367 2606
 3177840	 0.37931034	 18219 55093 317439	 1 0.00392156862745098	 1 220635 2606
 3178323	 0.22000718	 18229 55108 317489	 1 0.00392156862745098	 1 221141 2606
 3178814	 0.37931034	 18236 55124 317539	 1 0.00392156862745098	 1 221371 2606
 3179323	 0.22000718	 18247 55142 317589	 1 0.00392156862745098	 1 221647 2606
 3179815	 0.37931034	 18283 55194 317650	 1 0.00392156862745098	 1 221785 2606
 3180313	 0.22000718	 18307 55227 317689	 1 0.00392156862745098	 1 222015 2606
 3180795	 0.37931034	 18331 55263 317754	 1 0.00392156862745098	 1 222199 2606
 3181795	 0.22000718	 18360 55313 317838	 1 0.00392156862745098	 1 222429 2606
 3182294	 0.22000718	 18373 55333 317888	 1 0.00392156862745098	 1 222567 2606
 3182805	 0.22000718	 18379 55346 317937	 1 0.00392156862745098	 1 222881 2606
 3183306	 0.22000718	 18388 55362 317989	 1 0.00392156862745098	 1 223099 2606
 3183818	 0.37931034	 18397 55378 318038	 1 0.00392156862745098	 1 223589 2606
 3184306	 0.37931034	 18407 55397 318093	 1 0.00392156862745098	 1 224009 2606
 3184805	 0.37931034	 18426 55440 318136	 1 0.00392156862745098	 1 224139 2606
 3185303	 0.37931034	 18434 55488 318184	 1 0.00392156862745098	 1 224491 2606
 3185793	 0.37931034	 18451 55550 318246	 1 0.00392156862745098	 1 224905 2606
 3186304	 0.37931034	 18460 55589 318285	 1 0.00392156862745098	 1 225089 2606
 3186809	 0.37931034	 18469 55638 318334	 1 0.00392156862745098	 1 225265 2606
 3187299	 0.37931034	 18474 55688 318384	 1 0.00392156862745098	 1 225725 2606
 3187812	 0.37931034	 18484 55739 318435	 1 0.00392156862745098	 1 226093 2606
 3188299	 0.37931034	 18492 55788 318484	 1 0.00392156862745098	 1 226461 2606
 3188805	 0.37931034	 18497 55840 318536	 1 0.00392156862745098	 1 226967 2606
 3189299	 0.37931034	 18505 55889 318585	 1 0.00392156862745098	 1 227603 2606
 3189809	 0.37931034	 18518 55938 318634	 1 0.00392156862745098	 1 227879 2606
 3190293	 0.37931034	 18537 55999 318695	 1 0.00392156862745098	 1 228469 2606
 3190799	 0.37931034	 18545 56039 318735	 1 0.00392156862745098	 1 228897 2606
 3191293	 0.37931034	 18553 56089 318785	 1 0.00392156862745098	 1 229303 2606
 3191803	 0.37931034	 18562 56141 318837	 1 0.00392156862745098	 1 229931 2606
 3192293	 0.37931034	 18568 56189 318885	 1 0.00392156862745098	 1 230199 2606
 3192790	 0.37931034	 18573 56238 318934	 1 0.00392156862745098	 1 230681 2606
 3193304	 0.37931034	 18582 56289 318985	 1 0.00392156862745098	 1 231133 2606
 3193798	 0.37931034	 18587 56339 319035	 1 0.00392156862745098	 1 231301 2606
 3194301	 0.37931034	 18591 56388 319084	 1 0.00392156862745098	 1 231845 2606
 3194803	 0.37931034	 18601 56439 319135	 1 0.00392156862745098	 1 232213 2606
 3195311	 0.37931034	 18618 56490 319186	 1 0.00392156862745098	 1 232435 2606
 3195802	 0.37931034	 18624 56539 319235	 1 0.00392156862745098	 1 232733 2606
 3196303	 0.37931034	 18630 56589 319285	 1 0.00392156862745098	 1 233253 2606
 3196807	 0.37931034	 18636 56639 319335	 1 0.00392156862745098	 1 234079 2606
 3197309	 0.37931034	 18643 56688 319384	 1 0.00392156862745098	 1 234829 2606
 3197803	 0.37931034	 18647 56739 319435	 1 0.00392156862745098	 1 235189 2606
 3198304	 0.37931034	 18652 56788 319484	 1 0.00392156862745098	 1 235419 2606
 3198793	 0.37931034	 18661 56840 319536	 1 0.00392156862745098	 1 235687 2606
 3199315	 0.37931034	 18669 56890 319586	 1 0.00392156862745098	 1 236001 2606
 3199793	 0.37931034	 18686 56939 319635	 1 0.00392156862745098	 1 236085 2606
 3200293	 0.37931034	 18695 56989 319685	 1 0.00392156862745098	 1 236223 2606
 3200798	 0.37931034	 18702 57038 319734	 1 0.00392156862745098	 1 236675 2606
 3201303	 0.37931034	 18711 57089 319785	 1 0.00392156862745098	 1 237187 2606
 3201793	 0.37931034	 18720 57138 319834	 1 0.00392156862745098	 1 237547 2606
 3202293	 0.37931034	 18724 57189 319885	 1 0.00392156862745098	 1 238121 2606
 3202798	 0.37931034	 18733 57238 319934	 1 0.00392156862745098	 1 238519 2606
 3203293	 0.37931034	 18740 57288 319984	 1 0.00392156862745098	 1 238879 2606
 3203804	 0.37931034	 18747 57338 320034	 1 0.00392156862745098	 1 239429 2606
 3204310	 0.37931034	 18764 57400 320096	 1 0.00392156862745098	 1 240147 2606
 3204793	 0.37931034	 18771 57437 320133	 1 0.00392156862745098	 1 240369 2606
 3205305	 0.37931034	 18777 57488 320184	 1 0.00392156862745098	 1 241227 2606
 3205793	 0.37931034	 18783 57538 320234	 1 0.00392156862745098	 1 241491 2606
 3206300	 0.37931034	 18790 57588 320284	 1 0.00392156862745098	 1 242127 2606
 3206803	 0.37931034	 18795 57639 320335	 1 0.00392156862745098	 1 242617 2606
 3207305	 0.37931034	 18799 57688 320384	 1 0.00392156862745098	 1 242801 2606
 3207803	 0.37931034	 18806 57738 320434	 1 0.00392156862745098	 1 243399 2606
 3208304	 0.37931034	 18814 57787 320483	 1 0.00392156862745098	 1 243721 2606
 3208815	 0.37931034	 18834 57848 320544	 1 0.00392156862745098	 1 243905 2606
 3209293	 0.37931034	 18843 57888 320584	 1 0.00392156862745098	 1 243951 2606
 3209814	 0.37931034	 18854 57938 320634	 1 0.00392156862745098	 1 244181 2606
 3210302	 0.37931034	 18861 57988 320684	 1 0.00392156862745098	 1 244963 2606
 3210802	 0.37931034	 18867 58037 320733	 1 0.00392156862745098	 1 245277 2606
 3211293	 0.37931034	 18875 58088 320784	 1 0.00392156862745098	 1 245461 2606
 3211793	 0.37931034	 18883 58137 320833	 1 0.00392156862745098	 1 246203 2606
 3212293	 0.37931034	 18892 58188 320884	 1 0.00392156862745098	 1 247069 2606
 3212803	 0.37931034	 18901 58237 320933	 1 0.00392156862745098	 1 247321 2606
 3213307	 0.37931034	 18907 58288 320984	 1 0.00392156862745098	 1 247765 2606
 3213793	 0.37931034	 18925 58338 321034	 1 0.00392156862745098	 1 248239 2606
 3214293	 0.37931034	 18932 58389 321085	 1 0.00392156862745098	 1 248545 2606
 3214798	 0.37931034	 18939 58438 321134	 1 0.00392156862745098	 1 249157 2606
 3215302	 0.37931034	 18944 58487 321183	 1 0.00392156862745098	 1 249425 2606
 3215799	 0.37931034	 18950 58538 321234	 1 0.00392156862745098	 1 258057 2606
 3216298	 0.37931034	 18956 58587 321283	 1 0.00392156862745098	 1 258287 2606
 3216803	 0.37931034	 18965 58638 321334	 1 0.00392156862745098	 1 258471 2606
 3217309	 0.37931034	 18968 58687 321383	 1 0.00392156862745098	 1 258593 2606
 3217803	 0.37931034	 18977 58738 321434	 1 0.00392156862745098	 1 258915 2606
 3218293	 0.37931034	 18993 58799 321495	 1 0.00392156862745098	 1 259053 2606
 3218802	 0.37931034	 18999 58838 321534	 1 0.00392156862745098	 1 259405 2606
 3219293	 0.37931034	 19007 58888 321584	 1 0.00392156862745098	 1 259773 2606
 3219793	 0.37931034	 19018 58938 321634	 1 0.00392156862745098	 1 260163 2606
 3220303	 0.37931034	 19022 58988 321684	 1 0.00392156862745098	 1 260975 2606
 3220804	 0.37931034	 19027 59037 321733	 1 0.00392156862745098	 1 261381 2606
 3221290	 0.37931034	 19039 59087 321783	 1 0.00392156862745098	 1 261933 2606
 3221811	 0.37931034	 19050 59140 321836	 1 0.00392156862745098	 1 262523 2606
 3222293	 0.37931034	 19056 59188 321884	 1 0.00392156862745098	 1 262799 2606
 3222793	 0.37931034	 19074 59248 321944	 1 0.00392156862745098	 1 263389 2606
 3223293	 0.37931034	 19081 59287 321983	 1 0.00392156862745098	 1 263481 2606
 3223809	 0.37931034	 19087 59338 322034	 1 0.00392156862745098	 1 263841 2606
 3224311	 0.37931034	 19094 59388 322084	 1 0.00392156862745098	 1 264439 2606
 3224793	 0.37931034	 19102 59437 322133	 1 0.00392156862745098	 1 264791 2606
 3225307	 0.37931034	 19108 59487 322183	 1 0.00392156862745098	 1 265519 2606
 3225793	 0.37931034	 19117 59538 322234	 1 0.00392156862745098	 1 266025 2606
 3226293	 0.37931034	 19124 59588 322284	 1 0.00392156862745098	 1 266377 2606
 3226793	 0.37931034	 19127 59638 322334	 1 0.00392156862745098	 1 267257 2606
 3227303	 0.37931034	 19134 59688 322384	 1 0.00392156862745098	 1 267991 2606
 3227807	 0.37931034	 19148 59738 322434	 1 0.00392156862745098	 1 268159 2606
 3228293	 0.37931034	 19157 59787 322483	 1 0.00392156862745098	 1 268557 2606
 3228803	 0.37931034	 19164 59836 322532	 1 0.00392156862745098	 1 268557 2606
 3229290	 0.37931034	 19171 59887 322583	 1 0.00392156862745098	 1 268679 2606
 3229805	 0.37931034	 19179 59937 322633	 1 0.00392156862745098	 1 268771 2606
 3230313	 0.37931034	 19186 59987 322683	 1 0.00392156862745098	 1 268863 2606
 3230811	 0.37931034	 19193 60038 322734	 1 0.00392156862745098	 1 269047 2606
 3231298	 0.37931034	 19199 60087 322783	 1 0.00392156862745098	 1 269415 2606
 3231803	 0.37931034	 19205 60137 322833	 1 0.00392156862745098	 1 269637 2606
 3232293	 0.37931034	 19223 60197 322893	 1 0.00392156862745098	 1 269997 2606
 3232799	 0.37931034	 19230 60237 322933	 1 0.00392156862745098	 1 270227 2606
 3233309	 0.37931034	 19236 60287 322983	 1 0.00392156862745098	 1 270767 2606
 3233803	 0.37931034	 19256 60350 323046	 1 0.00392156862745098	 1 271407 2606
 3234303	 0.37931034	 19262 60387 323083	 1 0.00392156862745098	 1 271541 2606
 3234803	 0.37931034	 19267 60437 323133	 1 0.00392156862745098	 1 272537 2606
 3235293	 0.37931034	 19274 60487 323183	 1 0.00392156862745098	 1 273365 2606
 3235793	 0.37931034	 19283 60536 323232	 1 0.00392156862745098	 1 273963 2606
 3236293	 0.37931034	 19293 60587 323283	 1 0.00392156862745098	 1 274515 2606
 3236798	 0.37931034	 19307 60648 323344	 1 0.00392156862745098	 1 275159 2606
 3237311	 0.37931034	 19316 60687 323383	 1 0.00392156862745098	 1 275435 2606
 3237810	 0.37931034	 19328 60739 323435	 1 0.00392156862745098	 1 276201 2606
 3238316	 0.22000718	 19347 60779 323487	 1 0.00392156862745098	 1 276707 2606
 3238817	 0.22000718	 19366 60807 323535	 1 0.00392156862745098	 1 276845 2606
 3239328	 0.37931034	 19387 60842 323586	 1 0.00392156862745098	 1 277443 2606
 3239795	 0.37931034	 19402 60868 323639	 1 0.00392156862745098	 1 277811 2606
 3240322	 0.37931034	 19415 60890 323684	 1 0.00392156862745098	 1 278363 2606
 3240808	 0.37931034	 19425 60904 323734	 1 0.00392156862745098	 1 278777 2606
 3241313	 0.22000718	 19433 60921 323785	 1 0.00392156862745098	 1 279689 2606
 3241820	 0.37931034	 19456 60956 323836	 1 0.00392156862745098	 1 280471 2606
 3242314	 0.22000718	 19488 60994 323885	 1 0.00392156862745098	 1 281291 2606
 3242795	 0.22000718	 19498 61020 323935	 1 0.00392156862745098	 1 281889 2606
 3243306	 0.37931034	 19529 61065 323983	 1 0.00392156862745098	 1 282349 2606
 3243819	 0.22000718	 19544 61087 324035	 1 0.00392156862745098	 1 282709 2606
 3244308	 0.37931034	 19551 61103 324086	 1 0.00392156862745098	 1 283445 2606
 3244820	 0.22000718	 19560 61118 324135	 1 0.00392156862745098	 1 283759 2652
 3245308	 0.37931034	 19569 61134 324185	 1 0.00392156862745098	 1 283839 2652
