up_time cpu_freq utime work_time total_time screen_on brightness wifi_on wifi_rx_bytes wifi_tx_bytes
 2390367	 0.4827586	 14240 41514 238742	 1 0.00392156862745098	 1 12299 2628
 2390777	 0.4827586	 14249 41527 238783	 1 0.00392156862745098	 1 13249 2628
 2391245	 0.22000718	 14256 41541 238832	 1 0.00392156862745098	 1 13517 2628
 2391768	 0.4827586	 14266 41553 238882	 1 0.00392156862745098	 1 13785 2628
 2392245	 0.22000718	 14275 41565 238932	 1 0.00392156862745098	 1 14083 2628
 2392727	 0.22000718	 14285 41579 238982	 1 0.00392156862745098	 1 14397 2628
 2393226	 0.4827586	 14308 41613 239032	 1 0.00392156862745098	 1 15217 2628
 2393735	 0.22000718	 14317 41626 239083	 1 0.00392156862745098	 1 15393 2628
 2394405	 0.4827586	 14343 41665 239147	 1 0.00392156862745098	 1 16495 2628
 2394745	 0.22000718	 14355 41687 239182	 1 0.00392156862745098	 1 16859 2628
 2395226	 0.4827586	 14365 41704 239234	 1 0.00392156862745098	 1 17819 2628
 2395748	 0.22000718	 14392 41747 239284	 1 0.00392156862745098	 1 18175 2628
 2396253	 0.22000718	 14399 41761 239333	 1 0.00392156862745098	 1 18711 2628
 2396746	 0.22000718	 14409 41772 239381	 1 0.00392156862745098	 1 18887 2628
 2397227	 0.4827586	 14420 41787 239434	 1 0.00392156862745098	 1 19293 2628
 2397754	 0.22000718	 14435 41811 239484	 1 0.00392156862745098	 1 19799 2628
 2398225	 0.4827586	 14447 41856 239529	 1 0.00392156862745098	 1 20305 2628
 2398724	 0.4827586	 14460 41906 239579	 1 0.00392156862745098	 1 20949 2628
 2399224	 0.4827586	 14466 41956 239629	 1 0.00392156862745098	 1 21271 2628
 2399737	 0.4827586	 14472 42005 239678	 1 0.00392156862745098	 1 21891 2628
 2400224	 0.4827586	 14482 42056 239729	 1 0.00392156862745098	 1 22189 2628
 2400732	 0.4827586	 14487 42105 239778	 1 0.00392156862745098	 1 22831 2628
 2401224	 0.4827586	 14490 42155 239828	 1 0.00392156862745098	 1 23189 2628
 2401752	 0.4827586	 14497 42207 239880	 1 0.00392156862745098	 1 23503 2628
 2402232	 0.4827586	 14502 42255 239928	 1 0.00392156862745098	 1 23679 2628
 2402724	 0.4827586	 14517 42314 239987	 1 0.00392156862745098	 1 24207 2628
 2403237	 0.4827586	 14524 42356 240029	 1 0.00392156862745098	 1 24345 2628
 2403732	 0.4827586	 14530 42405 240078	 1 0.00392156862745098	 1 24647 2628
 2404232	 0.4827586	 14537 42455 240128	 1 0.00392156862745098	 1 25167 2628
 2404742	 0.4827586	 14541 42507 240180	 1 0.00392156862745098	 1 25665 2628
 2405224	 0.4827586	 14553 42556 240229	 1 0.00392156862745098	 1 26521 2628
 2405732	 0.4827586	 14560 42605 240278	 1 0.00392156862745098	 1 26919 2628
 2406235	 0.4827586	 14566 42655 240328	 1 0.00392156862745098	 1 27783 2628
 2406724	 0.4827586	 14572 42705 240378	 1 0.00392156862745098	 1 28349 2628
 2407224	 0.4827586	 14586 42756 240429	 1 0.00392156862745098	 1 28605 2628
 2407733	 0.4827586	 14590 42805 240478	 1 0.00392156862745098	 1 30383 2628
 2408224	 0.4827586	 14597 42857 240530	 1 0.00392156862745098	 1 33327 2628
 2408732	 0.4827586	 14603 42905 240578	 1 0.00392156862745098	 1 34975 2628
 2409246	 0.4827586	 14607 42956 240629	 1 0.00392156862745098	 1 37933 2628
 2409724	 0.4827586	 14612 43005 240678	 1 0.00392156862745098	 1 39427 2628
 2410225	 0.4827586	 14625 43055 240728	 1 0.00392156862745098	 1 42907 2628
 2410732	 0.4827586	 14630 43106 240779	 1 0.00392156862745098	 1 45345 2628
 2411237	 0.4827586	 14635 43155 240828	 1 0.00392156862745098	 1 46303 2628
 2411732	 0.4827586	 14648 43206 240879	 1 0.00392156862745098	 1 46717 2628
 2412224	 0.4827586	 14652 43255 240928	 1 0.00392156862745098	 1 47683 2628
 2412728	 0.4827586	 14659 43304 240977	 1 0.00392156862745098	 1 48603 2628
 2413224	 0.4827586	 14664 43354 241027	 1 0.00392156862745098	 1 49269 2628
 2413724	 0.4827586	 14670 43404 241077	 1 0.00392156862745098	 1 49575 2628
 2414232	 0.4827586	 14676 43454 241127	 1 0.00392156862745098	 1 50027 2628
 2414728	 0.4827586	 14682 43504 241177	 1 0.00392156862745098	 1 50509 2628
 2415233	 0.4827586	 14696 43555 241228	 1 0.00392156862745098	 1 50647 2628
 2415724	 0.4827586	 14710 43613 241286	 1 0.00392156862745098	 1 51245 2628
 2416232	 0.4827586	 14713 43655 241328	 1 0.00392156862745098	 1 51743 2628
 2416733	 0.4827586	 14718 43704 241377	 1 0.00392156862745098	 1 51881 2628
 2417228	 0.4827586	 14722 43754 241427	 1 0.00392156862745098	 1 52157 2628
 2417732	 0.4827586	 14726 43805 241478	 1 0.00392156862745098	 1 52663 2628
 2418232	 0.4827586	 14730 43854 241527	 1 0.00392156862745098	 1 52939 2628
 2418733	 0.4827586	 14736 43906 241579	 1 0.00392156862745098	 1 53307 2628
 2419233	 0.4827586	 14740 43954 241627	 1 0.00392156862745098	 1 53721 2628
 2419724	 0.4827586	 14757 44005 241678	 1 0.00392156862745098	 1 54089 2628
 2420245	 0.4827586	 14772 44054 241727	 1 0.00392156862745098	 1 54733 2628
 2420732	 0.4827586	 14776 44104 241777	 1 0.00392156862745098	 1 55139 2628
 2421228	 0.4827586	 14782 44155 241828	 1 0.00392156862745098	 1 55943 2628
 2421732	 0.4827586	 14787 44205 241878	 1 0.00392156862745098	 1 56517 2628
 2422232	 0.4827586	 14791 44254 241927	 1 0.00392156862745098	 1 56861 2628
 2422735	 0.4827586	 14796 44305 241978	 1 0.00392156862745098	 1 57497 2628
 2423237	 0.4827586	 14802 44354 242027	 1 0.00392156862745098	 1 57727 2628
 2423733	 0.4827586	 14807 44404 242077	 1 0.00392156862745098	 1 58279 2628
 2424228	 0.4827586	 14822 44465 242138	 1 0.00392156862745098	 1 58907 2628
 2424728	 0.4827586	 14829 44504 242177	 1 0.00392156862745098	 1 59133 2628
 2425236	 0.4827586	 14831 44554 242227	 1 0.00392156862745098	 1 60071 2628
 2425733	 0.4827586	 14836 44604 242277	 1 0.00392156862745098	 1 60981 2628
 2426236	 0.4827586	 14837 44654 242327	 1 0.00392156862745098	 1 61433 2628
 2426740	 0.4827586	 14841 44705 242378	 1 0.00392156862745098	 1 61861 2628
 2427224	 0.4827586	 14850 44755 242428	 1 0.00392156862745098	 1 62309 2628
 2427737	 0.4827586	 14856 44805 242478	 1 0.00392156862745098	 1 62607 2628
 2428224	 0.4827586	 14861 44855 242528	 1 0.00392156862745098	 1 63303 2628
 2428732	 0.4827586	 14874 44905 242578	 1 0.00392156862745098	 1 63479 2628
 2429236	 0.4827586	 14880 44954 242627	 1 0.00392156862745098	 1 63985 2628
 2429724	 0.4827586	 14889 45004 242677	 1 0.00392156862745098	 1 64399 2628
 2430228	 0.4827586	 14892 45054 242727	 1 0.00392156862745098	 1 64813 2628
 2430724	 0.4827586	 14897 45105 242778	 1 0.00392156862745098	 1 65319 2628
 2431237	 0.4827586	 14902 45154 242827	 1 0.00392156862745098	 1 65963 2628
 2431736	 0.4827586	 14908 45204 242877	 1 0.00392156862745098	 1 66599 2628
 2432233	 0.4827586	 14914 45254 242927	 1 0.00392156862745098	 1 67473 2628
 2432728	 0.4827586	 14918 45304 242977	 1 0.00392156862745098	 1 68439 2628
 2433233	 0.4827586	 14931 45354 243027	 1 0.00392156862745098	 1 68899 2628
 2433732	 0.4827586	 14935 45404 243077	 1 0.00392156862745098	 1 69649 2628
 2434235	 0.4827586	 14941 45454 243127	 1 0.00392156862745098	 1 70239 2628
 2434742	 0.4827586	 14950 45507 243180	 1 0.00392156862745098	 1 71361 2628
 2435237	 0.4827586	 14954 45554 243227	 1 0.00392156862745098	 1 72207 2628
 2435735	 0.4827586	 14958 45604 243277	 1 0.00392156862745098	 1 72337 2628
 2436232	 0.4827586	 14965 45654 243327	 1 0.00392156862745098	 1 72889 2628
 2436738	 0.4827586	 14970 45704 243377	 1 0.00392156862745098	 1 73119 2628
 2437236	 0.4827586	 14982 45763 243436	 1 0.00392156862745098	 1 73579 2628
 2437733	 0.4827586	 14997 45804 243480	 1 0.00392156862745098	 1 73901 2628
 2438262	 0.22000718	 15020 45835 243531	 1 0.00392156862745098	 1 74169 2628
 2438757	 0.4827586	 15034 45854 243580	 1 0.00392156862745098	 1 74261 2628
 2439244	 0.22000718	 15050 45881 243631	 1 0.00392156862745098	 1 74537 2628
 2439735	 0.22000718	 15058 45893 243680	 1 0.00392156862745098	 1 74629 2628
 2440235	 0.4827586	 15065 45905 243729	 1 0.00392156862745098	 1 75357 2628
 2440750	 0.22000718	 15076 45925 243781	 1 0.00392156862745098	 1 75859 2628
 2441237	 0.22000718	 15090 45946 243829	 1 0.00392156862745098	 1 76131 2628
 2441726	 0.4827586	 15115 45978 243882	 1 0.00392156862745098	 1 76955 2628
 2442227	 0.4827586	 15142 46013 243928	 1 0.00392156862745098	 1 77781 2628
 2442735	 0.22000718	 15149 46035 243978	 1 0.00392156862745098	 1 78195 2628
 2443227	 0.4827586	 15171 46068 244029	 1 0.00392156862745098	 1 78401 2628
 2443744	 0.22000718	 15188 46092 244078	 1 0.00392156862745098	 1 78531 2628
