up_time cpu_freq utime work_time total_time screen_on brightness wifi_on wifi_rx_bytes wifi_tx_bytes
 8977742	 0.8965517	 64476 112073 895196	 1 1.0	 1 31990690 620560
 8978265	 0.8965517	 64485 112086 895247	 1 1.0	 1 31990690 620560
 8978732	 0.8965517	 64492 112096 895295	 1 1.0	 1 31990690 620560
 8979208	 0.22000718	 64514 112133 895346	 1 1.0	 1 31990690 620560
 8979751	 0.8965517	 64528 112153 895396	 1 1.0	 1 31990690 620560
 8980244	 0.8965517	 64560 112193 895447	 1 1.0	 1 31990690 620560
 8980707	 0.8965517	 64585 112229 895496	 1 1.0	 1 31991020 620560
 8981225	 0.8965517	 64593 112241 895547	 1 1.0	 1 31991020 620560
 8981729	 0.22000718	 64599 112251 895596	 1 1.0	 1 31991020 620560
 8982207	 0.22000718	 64605 112259 895645	 1 1.0	 1 31991020 620560
 8982727	 0.8965517	 64611 112269 895695	 1 1.0	 1 31991020 620560
 8983214	 0.22000718	 64616 112278 895746	 1 1.0	 1 31991020 620560
 8983705	 0.8965517	 64636 112310 895800	 1 1.0	 1 31991160 620794
 8984208	 0.8965517	 64647 112331 895843	 1 1.0	 1 32091712 623620
 8984708	 0.8965517	 64653 112350 895893	 1 1.0	 1 32345212 628170
 8985248	 0.8965517	 64661 112383 895942	 1 1.0	 1 32634770 632860
 8985764	 0.8965517	 64669 112399 895993	 1 1.0	 1 32703770 633980
 8986208	 0.8965517	 64673 112410 896041	 1 1.0	 1 32765328 637698
 8986715	 0.8965517	 64677 112421 896091	 1 1.0	 1 32765328 637698
 8987297	 0.8965517	 64686 112436 896147	 1 1.0	 1 32811828 638770
 8987716	 0.8965517	 64696 112464 896193	 1 1.0	 1 33035328 642830
 8988233	 0.3448276	 64710 112498 896242	 1 1.0	 1 33353328 648360
 8988736	 0.8965517	 64716 112516 896287	 1 1.0	 1 33578328 654718
 8989272	 0.8965517	 64728 112546 896336	 1 1.0	 1 33954828 660738
 8989717	 0.8965517	 64738 112574 896382	 1 1.0	 1 34299828 665918
 8990204	 0.8965517	 64750 112609 896428	 1 1.0	 1 34662886 670958
 8990747	 0.8965517	 64763 112637 896477	 1 1.0	 1 34968944 676138
 8991230	 0.22000718	 64775 112660 896525	 1 1.0	 1 35174051 679288
 8991722	 0.8965517	 64783 112669 896575	 1 1.0	 1 35174051 679288
 8992215	 0.22000718	 64792 112680 896627	 1 1.0	 1 35174051 679288
 8992707	 0.22000718	 64799 112690 896676	 1 1.0	 1 35174051 679288
 8993215	 0.22000718	 64805 112700 896726	 1 1.0	 1 35174051 679288
 8993716	 0.8965517	 64816 112716 896780	 1 1.0	 1 35178659 680232
 8994243	 0.8965517	 64819 112741 896824	 1 1.0	 1 35436659 685272
 8994757	 0.8965517	 64827 112763 896867	 1 1.0	 1 35727711 689402
 8995251	 0.8965517	 64832 112792 896916	 1 1.0	 1 36062211 694232
 8995715	 0.8965517	 64840 112828 896967	 1 1.0	 1 36371541 699552
 8996248	 0.8965517	 64847 112856 897011	 1 1.0	 1 36668541 705292
 8996754	 0.8965517	 64855 112886 897062	 1 1.0	 1 36988099 710752
 8997253	 0.8965517	 64869 112914 897110	 1 1.0	 1 37177215 714532
 8997727	 0.22000718	 64878 112927 897160	 1 1.0	 1 37244715 715792
 8998258	 0.8965517	 64884 112954 897209	 1 1.0	 1 37549215 722748
 8998755	 0.8965517	 64891 112983 897254	 1 1.0	 1 37891273 729188
 8999273	 0.8965517	 64896 113009 897302	 1 1.0	 1 38164273 735826
 8999717	 0.8965517	 64904 113034 897347	 1 1.0	 1 38357380 739466
 9000235	 0.8965517	 64918 113055 897407	 1 1.0	 1 38357380 739466
 9000725	 0.8965517	 64922 113066 897447	 1 1.0	 1 38357380 739466
 9001230	 0.8965517	 64929 113073 897496	 1 1.0	 1 38357710 739466
 9001722	 0.22000718	 64938 113084 897549	 1 1.0	 1 38357710 739466
 9002230	 0.22000718	 64950 113099 897604	 1 1.0	 1 38357710 739466
 9002715	 0.22000718	 64960 113110 897648	 1 1.0	 1 38357710 739466
 9003225	 0.8965517	 64965 113119 897697	 1 1.0	 1 38357710 739466
 9003707	 0.8965517	 64972 113133 897746	 1 1.0	 1 38357766 739614
 9004259	 0.8965517	 64977 113160 897799	 1 1.0	 1 38647376 745100
 9004754	 0.8965517	 64986 113185 897846	 1 1.0	 1 38924928 749230
 9005235	 0.22000718	 64994 113200 897896	 1 1.0	 1 38992816 750840
 9005730	 0.22000718	 65001 113215 897946	 1 1.0	 1 39025816 751540
 9006216	 0.8965517	 65006 113228 897995	 1 1.0	 1 39106874 754568
 9006737	 0.22000718	 65011 113245 898044	 1 1.0	 1 39241874 758298
 9007256	 0.8965517	 65025 113268 898092	 1 1.0	 1 39409932 760748
 9007741	 0.22000718	 65035 113288 898140	 1 1.0	 1 39577932 763898
 9008212	 0.86206895	 65045 113307 898185	 1 1.0	 1 39711432 765998
 9008728	 0.22000718	 65049 113326 898237	 1 1.0	 1 39879432 769078
 9009232	 0.22000718	 65053 113338 898287	 1 1.0	 1 39898990 769498
 9009735	 0.22000718	 65056 113348 898337	 1 1.0	 1 39906490 769930
 9010225	 0.7586207	 65065 113363 898392	 1 1.0	 1 39918548 770490
 9010716	 0.8965517	 65071 113373 898435	 1 1.0	 1 39924548 770770
 9011246	 0.8965517	 65077 113387 898486	 1 1.0	 1 39996664 774576
 9011718	 0.22000718	 65082 113403 898535	 1 1.0	 1 40082164 776886
 9012216	 0.8965517	 65094 113420 898583	 1 1.0	 1 40124222 777936
 9012739	 0.8965517	 65098 113430 898634	 1 1.0	 1 40151222 779126
 9013244	 0.8965517	 65105 113445 898683	 1 1.0	 1 40280552 781436
 9013757	 0.8965517	 65115 113467 898730	 1 1.0	 1 40397552 785198
 9014227	 0.8965517	 65122 113487 898781	 1 1.0	 1 40499776 788514
 9014725	 0.8965517	 65131 113506 898830	 1 1.0	 1 40592834 790824
 9015215	 0.8965517	 65140 113525 898880	 1 1.0	 1 40751834 797188
 9015746	 0.8965517	 65149 113547 898929	 1 1.0	 1 40919892 801110
 9016252	 0.8965517	 65164 113572 898979	 1 1.0	 1 41073008 804448
 9016752	 0.8965517	 65170 113594 899027	 1 1.0	 1 41260566 808788
 9017207	 0.8965517	 65187 113623 899077	 1 1.0	 1 41491624 813898
 9017716	 0.22000718	 65196 113636 899124	 1 1.0	 1 41542624 815088
 9018207	 0.22000718	 65202 113646 899173	 1 1.0	 1 41553124 815602
 9018707	 0.22000718	 65207 113656 899223	 1 1.0	 1 41553124 815602
 9019215	 0.22000718	 65213 113673 899273	 1 1.0	 1 41631124 817982
 9019730	 0.8965517	 65217 113693 899322	 1 1.0	 1 41779624 821692
 9020255	 0.8965517	 65233 113722 899373	 1 1.0	 1 41907182 824002
 9020753	 0.8965517	 65239 113736 899418	 1 1.0	 1 41979182 825542
 9021233	 0.22000718	 65243 113746 899465	 1 1.0	 1 42025740 827748
 9021708	 0.8965517	 65246 113756 899514	 1 1.0	 1 42030240 828018
 9022216	 0.22000718	 65253 113767 899566	 1 1.0	 1 42039240 828502
 9022707	 0.22000718	 65260 113777 899613	 1 1.0	 1 42042240 828642
 9023230	 0.22000718	 65267 113787 899663	 1 1.0	 1 42042240 828642
 9023715	 0.8965517	 65274 113802 899711	 1 1.0	 1 42064740 829794
 9024208	 0.22000718	 65278 113817 899762	 1 1.0	 1 42114348 832130
 9024707	 0.8965517	 65286 113834 899811	 1 1.0	 1 42204348 834790
 9025242	 0.8965517	 65292 113856 899859	 1 1.0	 1 42348348 837520
 9025730	 0.8965517	 65299 113876 899910	 1 1.0	 1 42544848 843470
 9026281	 0.8965517	 65311 113908 899964	 1 1.0	 1 42786348 846970
 9026747	 0.8965517	 65318 113937 900016	 1 1.0	 1 43089348 852290
 9027215	 0.8965517	 65327 113964 900056	 1 1.0	 1 43348848 856770
 9027778	 0.8965517	 65338 113990 900104	 1 1.0	 1 43611678 863738
 9028254	 0.8965517	 65344 114013 900152	 1 1.0	 1 43829236 867308
 9028754	 0.8965517	 65347 114037 900198	 1 1.0	 1 44049794 871578
 9029241	 0.22000718	 65356 114060 900247	 1 1.0	 1 44192294 875506
 9029743	 0.8965517	 65365 114081 900296	 1 1.0	 1 44337401 882938
 9030255	 0.8965517	 65375 114110 900349	 1 1.0	 1 44632959 887558
 9030707	 0.8965517	 65384 114129 900390	 1 1.0	 1 44780017 889448
 9031267	 0.8965517	 65386 114152 900441	 1 1.0	 1 45033575 893648
 9031762	 0.8965517	 65395 114181 900486	 1 1.0	 1 45278133 898268
 9032243	 0.8965517	 65400 114207 900534	 1 1.0	 1 45594691 902818
 9032734	 0.8965517	 65408 114236 900582	 1 1.0	 1 45852807 907578
 9033267	 0.8965517	 65415 114264 900627	 1 1.0	 1 46250365 913388
 9033749	 0.8965517	 65430 114298 900673	 1 1.0	 1 46566923 918148
 9034245	 0.8965517	 65435 114322 900719	 1 1.0	 1 46820869 923608
 9034715	 0.8965517	 65448 114348 900769	 1 1.0	 1 47006985 928126
 9035265	 0.8965517	 65454 114375 900821	 1 1.0	 1 47320543 935272
 9035753	 0.8965517	 65466 114406 900869	 1 1.0	 1 47669766 941362
 9036208	 0.8965517	 65474 114424 900914	 1 1.0	 1 47801824 944162
 9036732	 0.8965517	 65489 114447 900968	 1 1.0	 1 47891882 947496
 9037219	 0.8965517	 65494 114458 901013	 1 1.0	 1 47892212 947496
 9037737	 0.8965517	 65499 114471 901063	 1 1.0	 1 47914319 948546
 9038215	 0.8965517	 65503 114480 901112	 1 1.0	 1 47914319 948546
 9038724	 0.22000718	 65508 114489 901163	 1 1.0	 1 47914319 948546
 9039225	 0.22000718	 65513 114499 901213	 1 1.0	 1 47914319 948546
 9039730	 0.22000718	 65520 114509 901263	 1 1.0	 1 47914319 948546
 9040207	 0.8965517	 65533 114526 901321	 1 1.0	 1 47914319 948546
 9040707	 0.22000718	 65539 114535 901362	 1 1.0	 1 47914319 948546
 9041216	 0.22000718	 65544 114545 901413	 1 1.0	 1 47914319 948546
 9041731	 0.22000718	 65553 114561 901463	 1 1.0	 1 47914319 948546
 9042215	 0.22000718	 65559 114571 901513	 1 1.0	 1 47914319 948546
 9042716	 0.22000718	 65566 114582 901564	 1 1.0	 1 47914319 948546
 9043207	 0.22000718	 65571 114592 901613	 1 1.0	 1 47914319 948546
 9043735	 0.22000718	 65582 114608 901664	 1 1.0	 1 47914319 948546
 9044214	 0.8965517	 65599 114640 901711	 1 1.0	 1 47914319 948546
 9044749	 0.8965517	 65620 114671 901765	 1 1.0	 1 47914319 948546
 9045209	 0.22000718	 65631 114694 901815	 1 1.0	 1 47914319 948546
 9045707	 0.22000718	 65638 114704 901863	 1 1.0	 1 47914319 948546
 9046220	 0.22000718	 65644 114712 901912	 1 1.0	 1 47914649 948546
 9046707	 0.22000718	 65661 114736 901970	 1 1.0	 1 47914649 948546
 9047207	 0.22000718	 65669 114752 902014	 1 1.0	 1 47914649 948546
 9047727	 0.22000718	 65677 114762 902064	 1 1.0	 1 47914649 948546
 9048225	 0.22000718	 65684 114771 902113	 1 1.0	 1 47914649 948546
 9048715	 0.22000718	 65691 114780 902162	 1 1.0	 1 47914649 948546
 9049230	 0.22000718	 65697 114790 902213	 1 1.0	 1 47914649 948546
 9049713	 0.22000718	 65712 114820 902263	 1 1.0	 1 47914649 948546
 9050222	 0.8965517	 65731 114851 902320	 1 1.0	 1 47914649 948546
 9050709	 0.8965517	 65749 114877 902360	 1 1.0	 1 47914649 948546
 9051215	 0.22000718	 65773 114910 902413	 1 1.0	 1 47914649 948546
 9051739	 0.8965517	 65788 114931 902462	 1 1.0	 1 47914649 948546
