up_time cpu_freq utime work_time total_time screen_on brightness wifi_on wifi_rx_bytes wifi_tx_bytes
 3728254	 0.8965517	 27879 45345 372142	 1 1.0	 1 60418042 1270823
 3728752	 0.22000718	 27887 45356 372193	 1 1.0	 1 60418042 1270823
 3729230	 0.22000718	 27894 45367 372243	 1 1.0	 1 60418370 1270823
 3729713	 0.3448276	 27915 45398 372293	 1 1.0	 1 60418370 1270823
 3730215	 0.22000718	 27923 45415 372342	 1 1.0	 1 60418698 1270823
 3730703	 0.55172414	 27944 45451 372390	 1 1.0	 1 60418698 1270823
 3731208	 0.8965517	 27973 45488 372442	 1 1.0	 1 60419026 1270823
 3731705	 0.22000718	 27977 45499 372493	 1 1.0	 1 60419026 1270823
 3732225	 0.22000718	 27982 45508 372542	 1 1.0	 1 60419026 1270823
 3732729	 0.22000718	 27988 45518 372591	 1 1.0	 1 60419026 1270823
 3733232	 0.22000718	 27999 45541 372645	 1 1.0	 1 60419400 1270947
 3733725	 0.8965517	 28006 45568 372691	 1 1.0	 1 60650508 1274613
 3734243	 0.8965517	 28012 45588 372736	 1 1.0	 1 60892008 1279857
 3734751	 0.8965517	 28019 45611 372785	 1 1.0	 1 61114008 1282867
 3735216	 0.8965517	 28027 45634 372834	 1 1.0	 1 61345008 1287067
 3735709	 0.8965517	 28044 45669 372892	 1 1.0	 1 61577508 1291127
 3736253	 0.22000718	 28055 45696 372932	 1 1.0	 1 61805508 1295327
 3736726	 0.22000718	 28060 45722 372979	 1 1.0	 1 62012443 1298127
 3737216	 0.22000718	 28068 45733 373029	 1 1.0	 1 62012771 1298127
 3737725	 0.22000718	 28074 45742 373078	 1 1.0	 1 62012771 1298127
 3738215	 0.22000718	 28083 45752 373128	 1 1.0	 1 62012771 1298127
 3738706	 0.22000718	 28088 45761 373178	 1 1.0	 1 62012771 1298127
 3739231	 0.22000718	 28091 45770 373227	 1 1.0	 1 62012771 1298127
 3739725	 0.22000718	 28098 45780 373278	 1 1.0	 1 62012771 1298127
 3740229	 0.22000718	 28104 45791 373328	 1 1.0	 1 62012771 1298127
 3740720	 0.22000718	 28113 45807 373377	 1 1.0	 1 62012771 1298127
 3741220	 0.8965517	 28121 45818 373426	 1 1.0	 1 62012771 1298127
 3741730	 0.22000718	 28130 45830 373478	 1 1.0	 1 62012771 1298127
 3742230	 0.22000718	 28136 45841 373528	 1 1.0	 1 62012771 1298127
 3742715	 0.22000718	 28145 45851 373579	 1 1.0	 1 62012771 1298127
 3743217	 0.8965517	 28150 45860 373627	 1 1.0	 1 62012771 1298127
 3743755	 0.8965517	 28156 45884 373678	 1 1.0	 1 62269379 1303411
 3744280	 0.8965517	 28163 45915 373728	 1 1.0	 1 62659489 1309361
 3744764	 0.8965517	 28175 45944 373775	 1 1.0	 1 63022547 1314681
 3745260	 0.8965517	 28193 45988 373837	 1 1.0	 1 63469933 1321331
 3745724	 0.22000718	 28200 46005 373873	 1 1.0	 1 63604868 1324621
 3746232	 0.22000718	 28207 46016 373924	 1 1.0	 1 63604868 1324621
 3746716	 0.22000718	 28215 46025 373973	 1 1.0	 1 63605196 1324621
 3747219	 0.8965517	 28219 46033 374022	 1 1.0	 1 63605196 1324621
 3747724	 0.22000718	 28227 46044 374074	 1 1.0	 1 63605196 1324621
 3748230	 0.22000718	 28235 46055 374123	 1 1.0	 1 63605196 1324621
 3748705	 0.22000718	 28242 46064 374172	 1 1.0	 1 63605524 1324621
 3749205	 0.22000718	 28250 46073 374222	 1 1.0	 1 63605524 1324621
 3749725	 0.22000718	 28256 46084 374273	 1 1.0	 1 63605524 1324621
 3750216	 0.22000718	 28272 46102 374323	 1 1.0	 1 63605524 1324621
 3750714	 0.22000718	 28280 46112 374373	 1 1.0	 1 63605524 1324621
 3751215	 0.22000718	 28286 46122 374423	 1 1.0	 1 63605524 1324621
 3751717	 0.22000718	 28293 46132 374473	 1 1.0	 1 63605524 1324621
 3752215	 0.22000718	 28302 46142 374523	 1 1.0	 1 63605524 1324621
 3752714	 0.22000718	 28310 46151 374573	 1 1.0	 1 63605524 1324621
 3753228	 0.8965517	 28324 46173 374631	 1 1.0	 1 63605582 1324699
 3753708	 0.4827586	 28335 46195 374672	 1 1.0	 1 63629916 1326195
 3754205	 0.22000718	 28342 46205 374722	 1 1.0	 1 63629974 1326195
 3754729	 0.8965517	 28359 46225 374784	 1 1.0	 1 63629974 1326195
 3755225	 0.8965517	 28365 46234 374822	 1 1.0	 1 63629974 1326195
 3755706	 0.8965517	 28369 46243 374872	 1 1.0	 1 63629974 1326195
 3756217	 0.8965517	 28374 46251 374922	 1 1.0	 1 63629974 1326195
 3756721	 0.22000718	 28379 46260 374973	 1 1.0	 1 63629974 1326195
 3757215	 0.22000718	 28385 46270 375023	 1 1.0	 1 63629974 1326195
 3757726	 0.22000718	 28391 46281 375073	 1 1.0	 1 63629974 1326195
 3758232	 0.22000718	 28401 46300 375122	 1 1.0	 1 63630032 1326195
 3758725	 0.22000718	 28410 46315 375172	 1 1.0	 1 63630032 1326195
 3759219	 0.22000718	 28419 46331 375222	 1 1.0	 0 63630032 1326195
 3759710	 0.22000718	 28433 46346 375271	 1 1.0	 0 63630032 1326195
 3760226	 0.22000718	 28439 46355 375321	 1 1.0	 0 63630032 1326195
 3760732	 0.22000718	 28446 46364 375372	 1 1.0	 0 63630032 1326195
 3761230	 0.22000718	 28454 46374 375422	 1 1.0	 0 63630032 1326195
 3761725	 0.22000718	 28461 46384 375472	 1 1.0	 0 63630032 1326195
 3762215	 0.22000718	 28467 46394 375522	 1 1.0	 0 63630032 1326195
 3762706	 0.22000718	 28474 46404 375572	 1 1.0	 0 63630032 1326195
 3763207	 0.22000718	 28482 46413 375621	 1 1.0	 0 63630032 1326195
 3763716	 0.8965517	 28487 46425 375673	 1 1.0	 0 63630032 1326289
 3764221	 0.8965517	 28504 46447 375730	 1 1.0	 0 63630032 1326371
 3764715	 0.22000718	 28512 46458 375772	 1 1.0	 0 63630090 1326371
 3765206	 0.8965517	 28520 46473 375827	 1 1.0	 0 63630554 1326791
 3765725	 0.22000718	 28527 46489 375874	 1 1.0	 0 63631258 1327149
 3766224	 0.22000718	 28533 46505 375923	 1 1.0	 0 63631316 1327149
 3766715	 0.22000718	 28538 46514 375971	 1 1.0	 0 63631316 1327149
 3767215	 0.8965517	 28546 46524 376021	 1 1.0	 0 63631316 1327149
 3767706	 0.8965517	 28558 46540 376070	 1 1.0	 1 63631316 1327149
 3768224	 0.8965517	 28563 46549 376121	 1 1.0	 1 63632862 1327253
 3768715	 0.22000718	 28569 46560 376173	 1 1.0	 1 63632862 1327253
 3769216	 0.22000718	 28584 46579 376221	 1 1.0	 1 63632862 1327421
 3769715	 0.22000718	 28591 46589 376272	 1 1.0	 1 63633190 1327421
 3770225	 0.22000718	 28596 46598 376321	 1 1.0	 1 63633190 1327421
 3770729	 0.22000718	 28601 46608 376372	 1 1.0	 1 63633190 1327421
 3771224	 0.22000718	 28606 46619 376423	 1 1.0	 1 63633190 1327421
 3771717	 0.8965517	 28613 46627 376471	 1 1.0	 1 63633190 1327421
 3772215	 0.22000718	 28621 46636 376521	 1 1.0	 1 63633190 1327421
 3772715	 0.8965517	 28626 46645 376571	 1 1.0	 1 63633190 1327421
 3773230	 0.22000718	 28635 46656 376622	 1 1.0	 1 63633246 1327643
 3773761	 0.8965517	 28649 46688 376671	 1 1.0	 1 63915298 1332919
 3774257	 0.8965517	 28660 46713 376717	 1 1.0	 1 64243798 1337889
 3774715	 0.5862069	 28666 46742 376763	 1 1.0	 1 64641356 1343069
 3775265	 0.8965517	 28668 46770 376813	 1 1.0	 1 65025356 1350745
 3775725	 0.22000718	 28677 46799 376862	 1 1.0	 1 65224791 1353825
 3776214	 0.8965517	 28682 46807 376910	 1 1.0	 1 65224791 1353825
 3776730	 0.22000718	 28690 46817 376962	 1 1.0	 1 65224791 1353825
 3777228	 0.22000718	 28699 46828 377013	 1 1.0	 1 65224791 1353825
 3777706	 0.22000718	 28705 46837 377062	 1 1.0	 1 65224791 1353825
 3778225	 0.22000718	 28717 46852 377118	 1 1.0	 1 65225119 1353825
 3778715	 0.22000718	 28722 46861 377161	 1 1.0	 1 65225119 1353825
 3779234	 0.22000718	 28731 46872 377213	 1 1.0	 1 65225119 1353825
 3779715	 0.22000718	 28738 46881 377262	 1 1.0	 1 65225119 1353825
 3780215	 0.8965517	 28745 46890 377311	 1 1.0	 1 65225119 1353825
 3780715	 0.22000718	 28755 46902 377362	 1 1.0	 1 65225119 1353825
 3781207	 0.22000718	 28763 46912 377411	 1 1.0	 1 65225119 1353825
 3781725	 0.22000718	 28771 46922 377462	 1 1.0	 1 65225119 1353825
 3782215	 0.22000718	 28776 46932 377512	 1 1.0	 1 65225119 1353825
 3782715	 0.22000718	 28782 46943 377562	 1 1.0	 1 65225119 1353825
 3783225	 0.22000718	 28795 46959 377612	 1 1.0	 1 65225119 1353825
 3783715	 0.22000718	 28803 46970 377662	 1 1.0	 1 65225447 1353825
 3784215	 0.8965517	 28807 46978 377710	 1 1.0	 1 65225447 1353825
 3784730	 0.22000718	 28814 46988 377762	 1 1.0	 1 65225447 1353825
 3785215	 0.22000718	 28821 46998 377812	 1 1.0	 1 65225447 1353825
 3785732	 0.22000718	 28829 47009 377863	 1 1.0	 1 65225775 1353825
 3786224	 0.22000718	 28834 47017 377911	 1 1.0	 1 65225833 1353825
 3786725	 0.22000718	 28839 47027 377962	 1 1.0	 1 65225833 1353825
 3787206	 0.22000718	 28844 47037 378011	 1 1.0	 1 65225833 1353825
 3787716	 0.8965517	 28855 47053 378068	 1 1.0	 1 65225833 1353825
 3788229	 0.22000718	 28861 47064 378112	 1 1.0	 1 65225833 1353825
 3788725	 0.22000718	 28866 47074 378162	 1 1.0	 1 65225833 1353825
 3789214	 0.22000718	 28870 47085 378212	 1 1.0	 1 65225833 1353825
 3789724	 0.22000718	 28876 47094 378261	 1 1.0	 1 65226161 1353825
 3790207	 0.8965517	 28883 47103 378311	 1 1.0	 1 65226161 1353825
 3790725	 0.8965517	 28888 47111 378361	 1 1.0	 1 65226161 1353825
 3791205	 0.22000718	 28891 47121 378412	 1 1.0	 1 65226161 1353825
 3791724	 0.22000718	 28896 47131 378462	 1 1.0	 1 65226161 1353825
 3792215	 0.22000718	 28900 47140 378512	 1 1.0	 1 65226161 1353825
 3792705	 0.22000718	 28911 47157 378562	 1 1.0	 1 65226161 1353825
 3793225	 0.22000718	 28918 47167 378612	 1 1.0	 1 65226161 1353825
 3793729	 0.22000718	 28938 47196 378661	 1 1.0	 1 65226161 1353825
 3794231	 0.22000718	 28956 47221 378712	 1 1.0	 1 65226161 1353825
 3794705	 0.8965517	 28971 47243 378761	 1 1.0	 1 65226161 1353825
 3795206	 0.8965517	 28980 47262 378816	 1 1.0	 1 65226161 1353825
 3795716	 0.22000718	 28994 47280 378861	 1 1.0	 1 65226219 1353825
 3796215	 0.22000718	 29001 47290 378912	 1 1.0	 1 65226219 1353825
 3796715	 0.22000718	 29005 47300 378962	 1 1.0	 1 65226219 1353825
 3797206	 0.22000718	 29016 47316 379018	 1 1.0	 1 65226547 1353825
 3797715	 0.8965517	 29022 47325 379061	 1 1.0	 1 65226547 1353825
 3798236	 0.22000718	 29029 47335 379112	 1 1.0	 1 65226547 1353825
 3798714	 0.8965517	 29049 47357 379162	 1 1.0	 1 65226875 1353825
 3799215	 0.8965517	 29074 47390 379211	 1 1.0	 1 65226875 1353825
 3799725	 0.8965517	 29083 47411 379264	 1 1.0	 1 65226875 1353825
 3800227	 0.8965517	 29110 47445 379312	 1 1.0	 1 65226875 1353825
 3800733	 0.8965517	 29117 47462 379363	 1 1.0	 1 65226875 1353825
