up_time cpu_freq utime work_time total_time screen_on brightness wifi_on wifi_rx_bytes wifi_tx_bytes
 7348049	 0.8965517	 60780 103983 732594	 1 1.0	 1 1990 1196
 7348558	 0.8965517	 60798 104011 732642	 1 1.0	 1 1990 1196
 7348988	 0.8965517	 60806 104027 732688	 1 1.0	 1 1990 1196
 7349531	 0.8965517	 60830 104066 732741	 1 1.0	 1 1990 1196
 7350006	 0.8965517	 60842 104081 732786	 1 1.0	 1 1990 1196
 7350499	 0.8965517	 60849 104096 732836	 1 1.0	 1 1990 1196
 7351017	 0.8965517	 60887 104149 732893	 1 1.0	 1 2036 1196
 7351514	 0.22000718	 60897 104164 732938	 1 1.0	 1 2036 1196
 7351977	 0.8965517	 60904 104175 732986	 1 1.0	 1 2036 1196
 7352477	 0.79310346	 60912 104190 733040	 1 1.0	 1 2036 1196
 7352996	 0.8965517	 60921 104201 733085	 1 1.0	 1 2036 1196
 7353488	 0.8965517	 60932 104230 733135	 1 1.0	 1 2222 1712
 7354024	 0.8965517	 60942 104262 733190	 1 1.0	 1 164274 5422
 7354518	 0.8965517	 60951 104281 733231	 1 1.0	 1 305390 8362
 7354967	 0.8965517	 60967 104310 733283	 1 1.0	 1 529006 12212
 7355523	 0.8965517	 60971 104331 733326	 1 1.0	 1 767836 16272
 7356021	 0.8965517	 60982 104356 733373	 1 1.0	 1 980894 19492
 7356468	 0.8965517	 60986 104374 733423	 1 1.0	 1 1100894 22928
 7357017	 0.8965517	 60992 104390 733472	 1 1.0	 1 1231452 27716
 7357497	 0.8965517	 61006 104422 733522	 1 1.0	 1 1428010 31286
 7358013	 0.8965517	 61017 104448 733573	 1 1.0	 1 1692010 36046
 7358476	 0.8965517	 61027 104473 733619	 1 1.0	 1 1953010 40386
 7358978	 0.8965517	 61043 104500 733664	 1 1.0	 1 2145010 43606
 7359540	 0.8965517	 61049 104529 733716	 1 1.0	 1 2418010 48016
 7359998	 0.8965517	 61063 104558 733764	 1 1.0	 1 2697068 52916
 7360576	 0.86206895	 61076 104584 733816	 1 1.0	 1 2974568 58166
 7361025	 0.8965517	 61088 104613 733861	 1 1.0	 1 3193175 64350
 7361495	 0.8965517	 61095 104622 733907	 1 1.0	 1 3193175 64350
 7362000	 0.8965517	 61103 104636 733962	 1 1.0	 1 3193175 64350
 7362467	 0.8965517	 61108 104647 734008	 1 1.0	 1 3193175 64350
 7362985	 0.22000718	 61113 104660 734058	 1 1.0	 1 3193175 64350
 7363466	 0.8965517	 61125 104680 734113	 1 1.0	 1 3238283 65924
 7364001	 0.8965517	 61134 104708 734153	 1 1.0	 1 3515783 70894
 7364466	 0.8965517	 61139 104743 734205	 1 1.0	 1 3868451 76984
 7365004	 0.8965517	 61147 104770 734253	 1 1.0	 1 4239067 82374
 7365475	 0.37931034	 61161 104801 734296	 1 1.0	 1 4494183 85804
 7366029	 0.8965517	 61165 104831 734350	 1 1.0	 1 4824183 90844
 7366515	 0.8965517	 61171 104854 734395	 1 1.0	 1 5074683 95184
 7367019	 0.8965517	 61177 104880 734441	 1 1.0	 1 5296683 98754
 7367465	 0.8965517	 61190 104910 734489	 1 1.0	 1 5560799 103024
 7368002	 0.8965517	 61203 104945 734538	 1 1.0	 1 5836915 107784
 7368536	 0.8965517	 61216 104978 734593	 1 1.0	 1 6123473 112684
 7368984	 0.8965517	 61226 105005 734636	 1 1.0	 1 6341031 116884
 7369488	 0.8965517	 61231 105017 734685	 1 1.0	 1 6376638 117724
 7370002	 0.22000718	 61241 105033 734740	 1 1.0	 1 6376968 117724
 7370465	 0.22000718	 61246 105043 734785	 1 1.0	 1 6376968 117724
 7370976	 0.22000718	 61253 105053 734834	 1 1.0	 1 6376968 117724
 7371465	 0.8965517	 61256 105063 734884	 1 1.0	 1 6376968 117724
 7371991	 0.22000718	 61265 105078 734936	 1 1.0	 1 6376968 117724
 7372466	 0.22000718	 61277 105093 734984	 1 1.0	 1 6376968 117724
 7372966	 0.22000718	 61285 105104 735035	 1 1.0	 1 6376968 117724
 7373500	 0.8965517	 61295 105120 735085	 1 1.0	 1 6381576 118318
 7373965	 0.8965517	 61302 105135 735132	 1 1.0	 1 6444576 121194
 7374493	 0.22000718	 61313 105157 735182	 1 1.0	 1 6522634 125430
 7375101	 0.8965517	 61332 105193 735239	 1 1.0	 1 6741686 129000
 7375496	 0.8965517	 61337 105211 735279	 1 1.0	 1 6881186 131800
 7375989	 0.8965517	 61349 105231 735326	 1 1.0	 1 7061186 134950
 7376539	 0.8965517	 61360 105262 735385	 1 1.0	 1 7292186 138730
 7377027	 0.8965517	 61366 105286 735429	 1 1.0	 1 7495074 141740
 7377537	 0.8965517	 61375 105313 735478	 1 1.0	 1 7706574 145310
 7377975	 0.8965517	 61383 105327 735521	 1 1.0	 1 7957074 149650
 7378504	 0.8965517	 61395 105360 735572	 1 1.0	 1 8213574 154760
 7379014	 0.8965517	 61410 105387 735621	 1 1.0	 1 8438574 158330
 7379508	 0.8965517	 61414 105410 735668	 1 1.0	 1 8752132 163790
 7379994	 0.8965517	 61427 105435 735716	 1 1.0	 1 8969632 167290
 7380521	 0.8965517	 61438 105461 735767	 1 1.0	 1 9287632 172820
 7380999	 0.8965517	 61446 105483 735811	 1 1.0	 1 9532520 177650
 7381499	 0.79310346	 61454 105499 735864	 1 1.0	 1 9560627 178350
 7381966	 0.22000718	 61460 105509 735910	 1 1.0	 1 9560627 178350
 7382491	 0.22000718	 61469 105520 735961	 1 1.0	 1 9560627 178350
 7382975	 0.22000718	 61482 105534 736015	 1 1.0	 1 9560627 178350
 7383485	 0.8965517	 61491 105547 736060	 1 1.0	 1 9592235 179854
 7384013	 0.8965517	 61505 105577 736111	 1 1.0	 1 9836787 184964
 7384498	 0.8965517	 61512 105599 736160	 1 1.0	 1 10018333 188744
 7384982	 0.41379312	 61529 105631 736208	 1 1.0	 1 10204391 191684
 7385495	 0.8965517	 61534 105655 736257	 1 1.0	 1 10456449 196304
 7386025	 0.8965517	 61545 105686 736306	 1 1.0	 1 10778949 200924
 7386485	 0.8965517	 61556 105715 736353	 1 1.0	 1 11004065 205194
 7387008	 0.8965517	 61568 105739 736402	 1 1.0	 1 11308623 209884
 7387522	 0.8965517	 61576 105767 736452	 1 1.0	 1 11583239 214504
 7387966	 0.79310346	 61586 105802 736506	 1 1.0	 1 11853239 219684
 7388497	 0.8965517	 61593 105821 736548	 1 1.0	 1 12066297 223114
 7389004	 0.8965517	 61601 105848 736595	 1 1.0	 1 12288743 227944
 7389511	 0.8965517	 61611 105881 736652	 1 1.0	 1 12513743 231724
 7390001	 0.8965517	 61617 105909 736693	 1 1.0	 1 12744466 235854
 7390480	 0.22000718	 61623 105919 736740	 1 1.0	 1 12744466 235854
 7390990	 0.22000718	 61627 105930 736791	 1 1.0	 1 12744466 235854
 7391475	 0.22000718	 61639 105943 736840	 1 1.0	 1 12744466 235854
 7391980	 0.22000718	 61648 105953 736890	 1 1.0	 1 12744466 235854
 7392475	 0.8965517	 61656 105965 736942	 1 1.0	 1 12744466 235854
 7392966	 0.22000718	 61664 105978 736990	 1 1.0	 1 12744466 235854
 7393492	 0.22000718	 61670 105991 737041	 1 1.0	 1 12759574 236938
 7393992	 0.8965517	 61677 106012 737088	 1 1.0	 1 12900574 240368
 7394484	 0.8965517	 61690 106039 737143	 1 1.0	 1 13028178 243016
 7394988	 0.22000718	 61697 106057 737183	 1 1.0	 1 13139178 245186
 7395488	 0.22000718	 61708 106078 737230	 1 1.0	 1 13259236 247776
 7395986	 0.22000718	 61725 106110 737287	 1 1.0	 1 13386736 250226
 7396484	 0.8965517	 61729 106126 737331	 1 1.0	 1 13491736 252536
 7396996	 0.8965517	 61735 106144 737380	 1 1.0	 1 13623794 255126
 7397467	 0.8965517	 61747 106165 737426	 1 1.0	 1 13748294 257296
 7397992	 0.22000718	 61753 106183 737476	 1 1.0	 1 13844352 261790
 7398469	 0.22000718	 61763 106205 737527	 1 1.0	 1 13962852 265106
 7398976	 0.22000718	 61770 106223 737574	 1 1.0	 1 14091910 267906
 7399512	 0.8965517	 61794 106252 737623	 1 1.0	 1 14222468 269936
 7400014	 0.8965517	 61801 106271 737671	 1 1.0	 1 14330584 272316
 7400510	 0.8965517	 61808 106286 737720	 1 1.0	 1 14455142 274976
 7401059	 0.8965517	 61817 106308 737774	 1 1.0	 1 14603642 277426
 7401498	 0.8965517	 61820 106333 737819	 1 1.0	 1 14735642 279736
 7402008	 0.8965517	 61828 106347 737867	 1 1.0	 1 14876642 282466
 7402473	 0.8965517	 61842 106372 737917	 1 1.0	 1 15026700 285266
 7403004	 0.8965517	 61849 106393 737966	 1 1.0	 1 15166258 287716
 7403468	 0.22000718	 61852 106411 738013	 1 1.0	 1 15278872 290034
 7403990	 0.8965517	 61860 106429 738066	 1 1.0	 1 15352424 292232
 7404514	 0.8965517	 61868 106444 738110	 1 1.0	 1 15448540 296830
 7405011	 0.8965517	 61879 106466 738159	 1 1.0	 1 15583928 301022
 7405465	 0.22000718	 61885 106489 738208	 1 1.0	 1 15739986 304592
 7405978	 0.37931034	 61901 106515 738257	 1 1.0	 1 15862986 307322
 7406465	 0.22000718	 61907 106533 738306	 1 1.0	 1 15984602 310192
 7406991	 0.8965517	 61913 106551 738354	 1 1.0	 1 16112160 313972
 7407494	 0.8965517	 61922 106572 738401	 1 1.0	 1 16250160 316422
 7407991	 0.22000718	 61933 106595 738450	 1 1.0	 1 16389660 320062
 7408513	 0.8965517	 61940 106615 738501	 1 1.0	 1 16581776 323842
 7408977	 0.22000718	 61954 106638 738553	 1 1.0	 1 16713776 326432
 7409513	 0.8965517	 61961 106656 738597	 1 1.0	 1 16866834 329302
 7410008	 0.8965517	 61967 106675 738644	 1 1.0	 1 17030722 332172
 7410502	 0.22000718	 61986 106705 738699	 1 1.0	 1 17145829 334972
 7411006	 0.8965517	 61991 106719 738741	 1 1.0	 1 17249387 338254
 7411474	 0.22000718	 61999 106734 738791	 1 1.0	 1 17299003 341698
 7412001	 0.22000718	 62008 106754 738838	 1 1.0	 1 17461003 345770
 7412500	 0.8965517	 62026 106781 738887	 1 1.0	 1 17605003 348360
 7412965	 0.22000718	 62035 106800 738935	 1 1.0	 1 17743119 351440
 7413468	 0.8965517	 62045 106821 738979	 1 1.0	 1 17923177 354590
 7414005	 0.86206895	 62063 106871 739037	 1 1.0	 1 18067235 357530
 7414489	 0.8965517	 62072 106893 739077	 1 1.0	 1 18208235 360190
 7414973	 0.8965517	 62086 106927 739127	 1 1.0	 1 18382235 363200
 7415499	 0.8965517	 62097 106955 739179	 1 1.0	 1 18562293 366700
 7416003	 0.8965517	 62106 106975 739225	 1 1.0	 1 18713793 369710
 7416512	 0.8965517	 62118 106998 739271	 1 1.0	 1 18869793 372230
 7417014	 0.8965517	 62122 107019 739319	 1 1.0	 1 19043851 375590
 7417487	 0.8965517	 62138 107046 739365	 1 1.0	 1 19163516 378180
 7417980	 0.22000718	 62147 107057 739416	 1 1.0	 1 19163516 378180
 7418466	 0.22000718	 62153 107067 739465	 1 1.0	 1 19163516 378180
 7418975	 0.22000718	 62162 107080 739515	 1 1.0	 1 19163516 378180
 7419476	 0.22000718	 62170 107094 739569	 1 1.0	 1 19163516 378180
 7419978	 0.8965517	 62192 107126 739617	 1 1.0	 1 19163516 378180
 7420475	 0.8965517	 62213 107159 739671	 1 1.0	 1 19163516 378180
 7420987	 0.22000718	 62236 107191 739718	 1 1.0	 1 19163516 378180
 7421475	 0.22000718	 62244 107202 739766	 1 1.0	 1 19163516 378180
