up_time cpu_freq utime work_time total_time screen_on brightness wifi_on wifi_rx_bytes wifi_tx_bytes
 4028561	 0.22000718	 29506 48193 402136	 1 1.0	 1 65243113 1355021
 4029024	 0.8965517	 29525 48214 402182	 1 1.0	 1 65243113 1355021
 4029536	 0.22000718	 29541 48237 402234	 1 1.0	 1 65243113 1355021
 4030019	 0.7586207	 29560 48269 402283	 1 1.0	 1 65243113 1355021
 4030540	 0.22000718	 29571 48286 402333	 1 1.0	 1 65243113 1355021
 4031026	 0.8965517	 29578 48296 402384	 1 1.0	 1 65243113 1355021
 4031524	 0.22000718	 29601 48326 402433	 1 1.0	 1 65243113 1355021
 4032025	 0.22000718	 29608 48340 402485	 1 1.0	 1 65243113 1355021
 4032539	 0.22000718	 29622 48356 402534	 1 1.0	 1 65243113 1355021
 4033018	 0.8965517	 29636 48374 402583	 1 1.0	 1 65243441 1355021
 4033555	 0.8965517	 29644 48412 402635	 1 1.0	 1 65404179 1359037
 4034075	 0.8965517	 29650 48432 402679	 1 1.0	 1 65615679 1363307
 4034564	 0.8965517	 29662 48458 402729	 1 1.0	 1 65859065 1367227
 4035075	 0.8965517	 29667 48484 402775	 1 1.0	 1 66157623 1372407
 4035571	 0.8965517	 29677 48515 402824	 1 1.0	 1 66397623 1377167
 4036043	 0.3448276	 29692 48543 402872	 1 1.0	 1 66637681 1381437
 4036553	 0.8965517	 29698 48564 402918	 1 1.0	 1 66835674 1385987
 4037051	 0.22000718	 29713 48582 402976	 1 1.0	 1 66835674 1385987
 4037545	 0.22000718	 29718 48591 403018	 1 1.0	 1 66836002 1385987
 4038020	 0.8965517	 29730 48604 403065	 1 1.0	 1 66836002 1385987
 4038534	 0.8965517	 29736 48613 403117	 1 1.0	 1 66836002 1385987
 4039025	 0.22000718	 29742 48623 403168	 1 1.0	 1 66836002 1385987
 4039534	 0.22000718	 29749 48633 403217	 1 1.0	 1 66836002 1385987
 4040035	 0.22000718	 29756 48645 403269	 1 1.0	 1 66836002 1385987
 4040525	 0.22000718	 29762 48656 403317	 1 1.0	 1 66836002 1385987
 4041035	 0.22000718	 29773 48668 403367	 1 1.0	 1 66836002 1385987
 4041519	 0.8965517	 29777 48679 403417	 1 1.0	 1 66836002 1385987
 4042040	 0.22000718	 29792 48697 403468	 1 1.0	 1 66836002 1385987
 4042525	 0.22000718	 29798 48708 403517	 1 1.0	 1 66836330 1385987
 4043035	 0.22000718	 29806 48719 403568	 1 1.0	 1 66836330 1385987
 4043570	 0.8965517	 29819 48749 403619	 1 1.0	 1 67032990 1390081
 4044078	 0.8965517	 29825 48773 403667	 1 1.0	 1 67264106 1394281
 4044576	 0.8965517	 29834 48800 403717	 1 1.0	 1 67561492 1398691
 4045079	 0.8965517	 29838 48825 403765	 1 1.0	 1 67852492 1403941
 4045519	 0.8965517	 29844 48855 403813	 1 1.0	 1 68190320 1409471
 4046025	 0.22000718	 29859 48884 403860	 1 1.0	 1 68428755 1413881
 4046525	 0.8965517	 29877 48906 403923	 1 1.0	 1 68428755 1413881
 4047025	 0.22000718	 29889 48922 403966	 1 1.0	 1 68428755 1413881
 4047534	 0.22000718	 29893 48932 404010	 1 1.0	 1 68429083 1413881
 4048025	 0.22000718	 29902 48948 404060	 1 1.0	 1 68429083 1413881
 4048519	 0.22000718	 29909 48960 404111	 1 1.0	 1 68429083 1413881
 4049040	 0.22000718	 29913 48969 404160	 1 1.0	 1 68429083 1413881
 4049540	 0.22000718	 29917 48978 404209	 1 1.0	 1 68429083 1413881
 4050020	 0.22000718	 29927 48990 404262	 1 1.0	 1 68429083 1413881
 4050537	 0.8965517	 29932 49000 404310	 1 1.0	 1 68429083 1413881
 4051025	 0.22000718	 29940 49012 404360	 1 1.0	 1 68429083 1413881
 4051546	 0.22000718	 29953 49028 404410	 1 1.0	 1 68429083 1413881
 4052039	 0.22000718	 29960 49038 404460	 1 1.0	 1 68429083 1413881
 4052519	 0.22000718	 29970 49050 404510	 1 1.0	 1 68429083 1413881
 4053044	 0.22000718	 29977 49061 404560	 1 1.0	 1 68429083 1413959
 4053576	 0.8965517	 29981 49085 404609	 1 1.0	 1 68691749 1419165
 4054079	 0.8965517	 29994 49113 404656	 1 1.0	 1 69078801 1425605
 4054524	 0.3448276	 30001 49144 404703	 1 1.0	 1 69419301 1430715
 4055074	 0.8965517	 30005 49163 404753	 1 1.0	 1 69647301 1436913
 4055527	 0.8965517	 30018 49194 404800	 1 1.0	 1 70020736 1443213
 4056048	 0.22000718	 30032 49213 404851	 1 1.0	 1 70020736 1443213
 4056535	 0.8965517	 30039 49222 404900	 1 1.0	 1 70020736 1443213
 4057019	 0.22000718	 30048 49232 404952	 1 1.0	 1 70020736 1443213
 4057538	 0.22000718	 30055 49241 405000	 1 1.0	 1 70020736 1443213
 4058036	 0.22000718	 30063 49251 405051	 1 1.0	 1 70020736 1443213
 4058539	 0.22000718	 30071 49260 405101	 1 1.0	 1 70020736 1443213
 4059039	 0.22000718	 30078 49270 405151	 1 1.0	 1 70020736 1443213
 4059542	 0.22000718	 30086 49281 405202	 1 1.0	 1 70021064 1443213
 4060035	 0.22000718	 30093 49292 405252	 1 1.0	 1 70021064 1443213
 4060535	 0.22000718	 30107 49310 405307	 1 1.0	 1 70021064 1443213
 4061019	 0.22000718	 30115 49321 405352	 1 1.0	 1 70021064 1443213
 4061518	 0.22000718	 30122 49331 405401	 1 1.0	 1 70021392 1443213
 4062035	 0.22000718	 30129 49341 405451	 1 1.0	 1 70021392 1443213
 4062519	 0.22000718	 30136 49350 405500	 1 1.0	 1 70021392 1443213
 4063025	 0.22000718	 30140 49360 405551	 1 1.0	 1 70021392 1443213
 4063518	 0.8965517	 30148 49384 405592	 1 1.0	 1 70306552 1448287
 4064064	 0.8965517	 30152 49414 405642	 1 1.0	 1 70716110 1455147
 4064579	 0.8965517	 30161 49444 405687	 1 1.0	 1 71092938 1461027
 4065069	 0.8965517	 30170 49471 405736	 1 1.0	 1 71503938 1467187
 4065524	 0.22000718	 30188 49501 405782	 1 1.0	 1 71613431 1469007
 4066019	 0.22000718	 30196 49512 405832	 1 1.0	 1 71613431 1469007
 4066525	 0.22000718	 30201 49522 405881	 1 1.0	 1 71613431 1469007
 4067019	 0.22000718	 30208 49533 405931	 1 1.0	 1 71613431 1469007
 4067525	 0.8965517	 30214 49542 405980	 1 1.0	 1 71613431 1469007
 4068035	 0.22000718	 30217 49551 406031	 1 1.0	 1 71613431 1469007
 4068535	 0.22000718	 30224 49562 406081	 1 1.0	 1 71613759 1469007
 4069025	 0.22000718	 30229 49573 406132	 1 1.0	 1 71613759 1469007
 4069540	 0.22000718	 30236 49582 406180	 1 1.0	 1 71613759 1469007
 4070035	 0.8965517	 30250 49601 406240	 1 1.0	 1 71613759 1469007
 4070541	 0.22000718	 30261 49614 406282	 1 1.0	 1 71614087 1469007
 4071035	 0.22000718	 30268 49624 406331	 1 1.0	 1 71614087 1469007
 4071519	 0.22000718	 30273 49635 406381	 1 1.0	 1 71614415 1469007
 4072018	 0.22000718	 30279 49646 406432	 1 1.0	 1 71614415 1469007
 4072520	 0.22000718	 30286 49656 406481	 1 1.0	 1 71614415 1469007
 4073025	 0.22000718	 30292 49667 406532	 1 1.0	 1 71614415 1469007
 4073535	 0.8965517	 30296 49699 406582	 1 1.0	 1 71902909 1474991
 4074080	 0.8965517	 30302 49729 406630	 1 1.0	 1 72253961 1480591
 4074522	 0.8965517	 30309 49758 406673	 1 1.0	 1 72664961 1486821
 4075080	 0.8965517	 30323 49798 406727	 1 1.0	 1 72973961 1492001
 4075525	 0.22000718	 30334 49829 406773	 1 1.0	 1 73206396 1496411
 4076025	 0.22000718	 30340 49840 406823	 1 1.0	 1 73206396 1496411
 4076545	 0.22000718	 30348 49850 406873	 1 1.0	 1 73206396 1496411
 4077025	 0.22000718	 30353 49860 406923	 1 1.0	 1 73206396 1496411
 4077539	 0.8965517	 30358 49869 406972	 1 1.0	 1 73206724 1496411
 4078025	 0.22000718	 30365 49880 407024	 1 1.0	 1 73206724 1496411
 4078519	 0.22000718	 30372 49890 407073	 1 1.0	 1 73206724 1496411
 4079035	 0.22000718	 30379 49900 407123	 1 1.0	 1 73206724 1496411
 4079534	 0.22000718	 30393 49917 407173	 1 1.0	 1 73206724 1496411
 4080019	 0.22000718	 30398 49927 407223	 1 1.0	 1 73206724 1496411
 4080535	 0.22000718	 30407 49940 407274	 1 1.0	 1 73206724 1496411
 4081019	 0.22000718	 30415 49949 407323	 1 1.0	 1 73206724 1496411
 4081535	 0.22000718	 30421 49961 407373	 1 1.0	 1 73206724 1496411
 4082035	 0.22000718	 30426 49971 407423	 1 1.0	 1 73206724 1496411
 4082535	 0.22000718	 30433 49981 407473	 1 1.0	 1 73206724 1496411
 4083038	 0.22000718	 30439 49991 407523	 1 1.0	 1 73206724 1496411
 4083574	 0.8965517	 30443 50020 407574	 1 1.0	 1 73482832 1502325
 4084069	 0.8965517	 30460 50052 407627	 1 1.0	 1 73799384 1507785
 4084555	 0.8965517	 30470 50078 407668	 1 1.0	 1 74055942 1511775
 4085046	 0.8965517	 30476 50101 407713	 1 1.0	 1 74314058 1516815
 4085560	 0.8965517	 30482 50128 407763	 1 1.0	 1 74591558 1522275
 4086022	 0.8965517	 30490 50150 407806	 1 1.0	 1 74798551 1525635
 4086525	 0.22000718	 30496 50162 407861	 1 1.0	 1 74798551 1525635
 4087025	 0.22000718	 30500 50171 407910	 1 1.0	 1 74798879 1525635
 4087525	 0.22000718	 30506 50181 407960	 1 1.0	 1 74798879 1525635
 4088036	 0.8965517	 30511 50192 408011	 1 1.0	 1 74798879 1525635
 4088543	 0.22000718	 30520 50203 408060	 1 1.0	 1 74798937 1525635
 4089035	 0.22000718	 30537 50222 408110	 1 1.0	 1 74798937 1525635
 4089519	 0.22000718	 30546 50234 408160	 1 1.0	 1 74799265 1525635
 4090042	 0.22000718	 30551 50245 408211	 1 1.0	 1 74799265 1525635
 4090525	 0.22000718	 30563 50257 408260	 1 1.0	 1 74799265 1525635
 4091035	 0.22000718	 30569 50268 408311	 1 1.0	 1 74799265 1525635
 4091525	 0.22000718	 30577 50278 408360	 1 1.0	 1 74799265 1525635
 4092025	 0.22000718	 30582 50288 408410	 1 1.0	 1 74799265 1525635
 4092539	 0.22000718	 30588 50298 408460	 1 1.0	 1 74799265 1525635
 4093039	 0.22000718	 30595 50308 408510	 1 1.0	 1 74799265 1525635
 4093539	 0.8965517	 30622 50355 408573	 1 1.0	 1 74799265 1525635
 4094048	 0.22000718	 30634 50375 408610	 1 1.0	 1 74799265 1525635
 4094532	 0.3448276	 30647 50399 408661	 1 1.0	 1 74799265 1525635
 4095024	 0.22000718	 30661 50417 408709	 1 1.0	 1 74799265 1525635
 4095543	 0.8965517	 30669 50428 408760	 1 1.0	 1 74799265 1525635
 4096025	 0.22000718	 30673 50439 408811	 1 1.0	 1 74799265 1525635
 4096519	 0.22000718	 30679 50449 408860	 1 1.0	 1 74799265 1525635
 4097038	 0.22000718	 30684 50460 408910	 1 1.0	 1 74799593 1525635
 4097542	 0.8965517	 30702 50491 408961	 1 1.0	 1 74799593 1525635
 4098036	 0.8965517	 30715 50515 409011	 1 1.0	 1 74799921 1525635
 4098554	 0.22000718	 30746 50558 409062	 1 1.0	 1 74799921 1525635
 4099035	 0.8965517	 30756 50574 409111	 1 1.0	 1 74799921 1525635
