up_time cpu_freq utime work_time total_time screen_on brightness wifi_on wifi_rx_bytes wifi_tx_bytes
 7036190	 0.8965517	 57359 97460 701634	 1 1.0	 1 139962031 2394050
 7036684	 0.8965517	 57369 97472 701682	 1 1.0	 1 139962031 2394050
 7037161	 0.22000718	 57377 97483 701733	 1 1.0	 1 139962031 2394050
 7037680	 0.8965517	 57388 97506 701787	 1 1.0	 1 139962031 2394050
 7038149	 0.8965517	 57407 97534 701830	 1 1.0	 1 139962031 2394050
 7038664	 0.8965517	 57418 97550 701884	 1 1.0	 1 139962031 2394050
 7039133	 0.79310346	 57448 97594 701929	 1 1.0	 1 139962031 2394050
 7039636	 0.22000718	 57462 97618 701983	 1 1.0	 1 139962031 2394050
 7040155	 0.22000718	 57470 97628 702032	 1 1.0	 1 139962031 2394050
 7040659	 0.22000718	 57476 97637 702080	 1 1.0	 1 139962031 2394050
 7041136	 0.22000718	 57482 97647 702131	 1 1.0	 1 139962031 2394050
 7041645	 0.22000718	 57491 97658 702181	 1 1.0	 1 139962031 2394050
 7042136	 0.8965517	 57502 97674 702234	 1 1.0	 1 139962031 2394050
 7042672	 0.22000718	 57514 97703 702284	 1 1.0	 1 140077781 2397320
 7043195	 0.8965517	 57528 97730 702329	 1 1.0	 1 140265611 2401030
 7043650	 0.22000718	 57538 97752 702375	 1 1.0	 1 140426169 2403970
 7044145	 0.8965517	 57542 97772 702421	 1 1.0	 1 140625669 2408310
 7044672	 0.8965517	 57553 97800 702469	 1 1.0	 1 140831285 2412160
 7045186	 0.8965517	 57558 97822 702517	 1 1.0	 1 141045843 2416010
 7045679	 0.8965517	 57568 97851 702567	 1 1.0	 1 141237843 2419160
 7046136	 0.8965517	 57572 97867 702613	 1 1.0	 1 141404401 2422450
 7046681	 0.8965517	 57591 97900 702669	 1 1.0	 1 141611789 2426160
 7047187	 0.8965517	 57598 97922 702709	 1 1.0	 1 141817289 2430220
 7047677	 0.8965517	 57606 97943 702760	 1 1.0	 1 141949289 2432740
 7048165	 0.8965517	 57617 97960 702807	 1 1.0	 1 142025789 2435406
 7048674	 0.8965517	 57626 97977 702858	 1 1.0	 1 142169847 2439708
 7049146	 0.8965517	 57632 97997 702906	 1 1.0	 1 142402405 2444538
 7049686	 0.8965517	 57639 98025 702954	 1 1.0	 1 142639463 2448598
 7050165	 0.8965517	 57642 98047 702997	 1 1.0	 1 142924521 2453568
 7050697	 0.8965517	 57654 98079 703050	 1 1.0	 1 143116521 2456788
 7051145	 0.22000718	 57661 98093 703097	 1 1.0	 1 143146458 2457558
 7051659	 0.22000718	 57670 98103 703147	 1 1.0	 1 143146458 2457558
 7052162	 0.22000718	 57678 98114 703197	 1 1.0	 1 143146458 2457558
 7052677	 0.8965517	 57685 98136 703248	 1 1.0	 1 143256066 2460322
 7053177	 0.8965517	 57692 98160 703296	 1 1.0	 1 143436118 2463472
 7053636	 0.8965517	 57698 98184 703343	 1 1.0	 1 143637176 2467602
 7054180	 0.8965517	 57713 98217 703402	 1 1.0	 1 143911676 2471802
 7054696	 0.8965517	 57720 98239 703441	 1 1.0	 1 144096176 2475232
 7055169	 0.8965517	 57730 98266 703489	 1 1.0	 1 144355676 2479642
 7055658	 0.8965517	 57737 98295 703536	 1 1.0	 1 144598676 2484122
 7056175	 0.8965517	 57743 98317 703585	 1 1.0	 1 144798176 2488252
 7056636	 0.7241379	 57753 98341 703630	 1 1.0	 1 145042850 2492522
 7057166	 0.8965517	 57760 98360 703681	 1 1.0	 1 145248408 2496722
 7057646	 0.55172414	 57768 98386 703726	 1 1.0	 1 145488466 2500642
 7058253	 0.8965517	 57779 98416 703781	 1 1.0	 1 145751082 2504982
 7058645	 0.3448276	 57793 98444 703822	 1 1.0	 1 145958082 2508412
 7059166	 0.8965517	 57801 98460 703864	 1 1.0	 1 146181640 2512612
 7059648	 0.22000718	 57811 98485 703912	 1 1.0	 1 146329805 2515272
 7060148	 0.22000718	 57814 98495 703962	 1 1.0	 1 146330135 2515272
 7060646	 0.22000718	 57822 98506 704013	 1 1.0	 1 146330135 2515272
 7061147	 0.8965517	 57826 98514 704062	 1 1.0	 1 146330135 2515272
 7061651	 0.22000718	 57835 98525 704113	 1 1.0	 1 146330135 2515272
 7062154	 0.22000718	 57850 98541 704163	 1 1.0	 1 146330135 2515272
 7062684	 0.8965517	 57861 98562 704214	 1 1.0	 1 146451743 2518316
 7063156	 0.8965517	 57867 98587 704264	 1 1.0	 1 146684243 2522796
 7063687	 0.8965517	 57878 98611 704311	 1 1.0	 1 146906295 2526436
 7064147	 0.8965517	 57887 98634 704360	 1 1.0	 1 147116295 2530496
 7064674	 0.8965517	 57892 98659 704405	 1 1.0	 1 147371353 2534556
 7065181	 0.8965517	 57901 98676 704450	 1 1.0	 1 147570911 2538476
 7065700	 0.8965517	 57918 98714 704505	 1 1.0	 1 147837911 2543166
 7066195	 0.8965517	 57924 98736 704545	 1 1.0	 1 148039027 2546736
 7066685	 0.8965517	 57935 98756 704593	 1 1.0	 1 148217527 2550236
 7067136	 0.8965517	 57940 98778 704641	 1 1.0	 1 148390027 2554086
 7067636	 0.8965517	 57954 98802 704690	 1 1.0	 1 148526527 2559164
 7068163	 0.8965517	 57961 98822 704738	 1 1.0	 1 148730585 2563294
 7068691	 0.8965517	 57973 98845 704789	 1 1.0	 1 148921085 2569688
 7069166	 0.8965517	 57982 98867 704833	 1 1.0	 1 149123585 2573678
 7069663	 0.22000718	 57994 98891 704882	 1 1.0	 1 149294643 2577248
 7070145	 0.22000718	 57999 98910 704928	 1 1.0	 1 149404143 2582312
 7070655	 0.22000718	 58002 98927 704976	 1 1.0	 1 149513250 2584902
 7071155	 0.22000718	 58008 98937 705026	 1 1.0	 1 149513250 2584902
 7071645	 0.22000718	 58015 98948 705076	 1 1.0	 1 149513250 2584902
 7072155	 0.22000718	 58023 98958 705126	 1 1.0	 1 149513250 2584902
 7072684	 0.8965517	 58031 98977 705175	 1 1.0	 1 149634858 2587806
 7073199	 0.8965517	 58045 99003 705224	 1 1.0	 1 149888410 2593716
 7073677	 0.8965517	 58056 99027 705270	 1 1.0	 1 150017410 2596446
 7074133	 0.7241379	 58063 99051 705316	 1 1.0	 1 150191410 2599876
 7074639	 0.8965517	 58071 99071 705369	 1 1.0	 1 150371410 2603586
 7075163	 0.8965517	 58077 99093 705417	 1 1.0	 1 150550240 2607226
 7075646	 0.22000718	 58084 99116 705467	 1 1.0	 1 150719798 2610586
 7076155	 0.8965517	 58090 99132 705516	 1 1.0	 1 150883298 2613876
 7076668	 0.22000718	 58102 99161 705565	 1 1.0	 1 151049798 2616886
 7077136	 0.8965517	 58116 99190 705617	 1 1.0	 1 151262798 2620946
 7077673	 0.8965517	 58120 99213 705660	 1 1.0	 1 151457798 2623606
 7078164	 0.8965517	 58127 99238 705708	 1 1.0	 1 151660298 2627736
 7078674	 0.8965517	 58130 99256 705757	 1 1.0	 1 151771298 2631160
 7079136	 0.8965517	 58136 99268 705808	 1 1.0	 1 151804356 2633164
 7079646	 0.22000718	 58141 99281 705860	 1 1.0	 1 151824186 2633936
 7080177	 0.8965517	 58150 99300 705908	 1 1.0	 1 152040186 2637646
 7080681	 0.8965517	 58158 99326 705958	 1 1.0	 1 152298186 2642326
 7081258	 0.8965517	 58174 99352 706011	 1 1.0	 1 152446686 2646470
 7081636	 0.8965517	 58180 99369 706053	 1 1.0	 1 152599686 2649690
 7082160	 0.22000718	 58189 99389 706103	 1 1.0	 1 152699793 2652000
 7082648	 0.6551724	 58198 99409 706150	 1 1.0	 1 152783953 2654764
 7083179	 0.8965517	 58202 99432 706201	 1 1.0	 1 153014953 2659314
 7083689	 0.8965517	 58207 99454 706251	 1 1.0	 1 153241511 2663164
 7084212	 0.8965517	 58217 99475 706298	 1 1.0	 1 153450011 2666594
 7084690	 0.8965517	 58229 99506 706356	 1 1.0	 1 153751511 2671284
 7085168	 0.8965517	 58240 99526 706390	 1 1.0	 1 153823511 2672474
 7085659	 0.22000718	 58249 99544 706439	 1 1.0	 1 153945341 2675204
 7086186	 0.8965517	 58253 99559 706487	 1 1.0	 1 154069841 2677374
 7086668	 0.8965517	 58265 99583 706531	 1 1.0	 1 154296457 2681294
 7087184	 0.8965517	 58273 99604 706582	 1 1.0	 1 154491457 2685284
 7087645	 0.8965517	 58280 99631 706630	 1 1.0	 1 154704457 2688924
 7088188	 0.8965517	 58286 99654 706680	 1 1.0	 1 154931015 2692984
 7088692	 0.8965517	 58292 99680 706726	 1 1.0	 1 155195015 2696764
 7089138	 0.8965517	 58305 99707 706771	 1 1.0	 1 155385515 2700264
 7089680	 0.8965517	 58313 99730 706819	 1 1.0	 1 155615073 2703974
 7090181	 0.8965517	 58323 99755 706867	 1 1.0	 1 155822073 2707404
 7090663	 0.22000718	 58334 99772 706917	 1 1.0	 1 155883180 2708384
 7091159	 0.8965517	 58337 99779 706965	 1 1.0	 1 155883180 2708384
 7091660	 0.8965517	 58342 99787 707015	 1 1.0	 1 155883180 2708384
 7092145	 0.22000718	 58346 99796 707065	 1 1.0	 1 155883180 2708384
 7092658	 0.22000718	 58365 99828 707126	 1 1.0	 1 156022788 2712408
 7093187	 0.8965517	 58371 99847 707166	 1 1.0	 1 156211788 2715768
 7093636	 0.8965517	 58379 99872 707215	 1 1.0	 1 156445840 2719688
 7094183	 0.8965517	 58384 99897 707261	 1 1.0	 1 156670840 2723958
 7094636	 0.8965517	 58392 99929 707310	 1 1.0	 1 156853840 2727808
 7095178	 0.8965517	 58397 99948 707359	 1 1.0	 1 157035340 2731588
 7095681	 0.8965517	 58409 99968 707408	 1 1.0	 1 157183898 2733968
 7096183	 0.8965517	 58416 99989 707459	 1 1.0	 1 157362398 2737608
 7096639	 0.8965517	 58428 100015 707506	 1 1.0	 1 157470456 2739988
 7097166	 0.22000718	 58436 100040 707554	 1 1.0	 1 157624956 2742928
 7097666	 0.22000718	 58440 100056 707601	 1 1.0	 1 157714956 2744958
 7098170	 0.22000718	 58447 100073 707650	 1 1.0	 1 157805130 2747058
 7098673	 0.8965517	 58459 100098 707702	 1 1.0	 1 157958246 2749648
 7099163	 0.22000718	 58464 100115 707749	 1 1.0	 1 158109746 2753008
 7099663	 0.8965517	 58469 100130 707796	 1 1.0	 1 158261246 2756158
 7100163	 0.8965517	 58478 100156 707848	 1 1.0	 1 158441246 2759238
 7100673	 0.8965517	 58489 100181 707895	 1 1.0	 1 158577804 2761898
 7101176	 0.8965517	 58496 100194 707941	 1 1.0	 1 158757804 2765258
 7101655	 0.8965517	 58502 100215 707990	 1 1.0	 1 158906304 2768478
 7102145	 0.22000718	 58508 100234 708040	 1 1.0	 1 159066411 2771978
 7102634	 0.8965517	 58526 100265 708088	 1 1.0	 1 159066411 2772048
 7103169	 0.8965517	 58543 100288 708139	 1 1.0	 1 159066411 2772048
 7103669	 0.8965517	 58557 100306 708190	 1 1.0	 1 159066411 2772048
 7104162	 0.22000718	 58579 100333 708245	 1 1.0	 1 159066411 2772048
 7104645	 0.22000718	 58588 100343 708289	 1 1.0	 1 159066411 2772048
 7105145	 0.22000718	 58594 100353 708339	 1 1.0	 1 159066411 2772048
 7105648	 0.22000718	 58601 100362 708388	 1 1.0	 1 159066411 2772048
 7106145	 0.8965517	 58611 100373 708440	 1 1.0	 1 159066411 2772048
 7106654	 0.22000718	 58626 100394 708488	 1 1.0	 1 159066411 2772048
 7107165	 0.8965517	 58631 100404 708539	 1 1.0	 1 159066411 2772048
 7107660	 0.8965517	 58654 100439 708591	 1 1.0	 1 159066411 2772048
 7108136	 0.8965517	 58671 100470 708651	 1 1.0	 1 159066411 2772048
 7108671	 0.8965517	 58688 100497 708688	 1 1.0	 1 159066411 2772048
 7109138	 0.22000718	 58695 100508 708738	 1 1.0	 1 159066411 2772048
