up_time cpu_freq utime work_time total_time screen_on brightness wifi_on wifi_rx_bytes wifi_tx_bytes
 9328709	 0.8965517	 68169 119231 930073	 1 1.0	 1 3240 1300
 9329206	 0.8965517	 68174 119242 930123	 1 1.0	 1 3240 1300
 9329675	 0.22000718	 68181 119253 930173	 1 1.0	 1 3240 1300
 9330165	 0.22000718	 68189 119262 930223	 1 1.0	 1 3240 1300
 9330674	 0.8965517	 68201 119281 930274	 1 1.0	 1 3240 1300
 9331178	 0.22000718	 68219 119305 930322	 1 1.0	 1 3240 1300
 9331669	 0.8965517	 68253 119349 930373	 1 1.0	 1 3570 1300
 9332184	 0.8965517	 68276 119386 930425	 1 1.0	 1 3570 1300
 9332676	 0.22000718	 68283 119398 930474	 1 1.0	 1 3570 1300
 9333185	 0.22000718	 68287 119407 930523	 1 1.0	 1 3570 1300
 9333689	 0.22000718	 68295 119417 930573	 1 1.0	 1 3570 1300
 9334175	 0.22000718	 68303 119428 930623	 1 1.0	 1 3570 1300
 9334674	 0.8965517	 68312 119448 930670	 1 1.0	 1 3900 1300
 9335220	 0.8965517	 68322 119485 930723	 1 1.0	 1 292092 6390
 9335717	 0.8965517	 68331 119517 930770	 1 1.0	 1 611592 10520
 9336171	 0.8965517	 68339 119545 930815	 1 1.0	 1 922092 15700
 9336715	 0.8965517	 68341 119574 930862	 1 1.0	 1 1331708 21930
 9337220	 0.8965517	 68348 119605 930914	 1 1.0	 1 1669208 26130
 9337666	 0.7241379	 68358 119626 930954	 1 1.0	 1 1913708 30260
 9338237	 0.8965517	 68362 119646 931005	 1 1.0	 1 2186708 35090
 9338697	 0.8965517	 68373 119671 931048	 1 1.0	 1 2474766 40270
 9339215	 0.8965517	 68386 119708 931109	 1 1.0	 1 2818324 46010
 9339724	 0.8965517	 68390 119728 931147	 1 1.0	 1 3079382 50490
 9340164	 0.22000718	 68402 119755 931195	 1 1.0	 1 3186989 53010
 9340678	 0.8965517	 68407 119764 931244	 1 1.0	 1 3186989 53010
 9341184	 0.8965517	 68413 119772 931293	 1 1.0	 1 3186989 53010
 9341685	 0.8965517	 68418 119782 931344	 1 1.0	 1 3186989 53010
 9342167	 0.8965517	 68424 119790 931394	 1 1.0	 1 3186989 53010
 9342675	 0.8965517	 68435 119803 931443	 1 1.0	 1 3186989 53010
 9343175	 0.22000718	 68448 119821 931497	 1 1.0	 1 3186989 53010
 9343675	 0.22000718	 68455 119831 931545	 1 1.0	 1 3187319 53010
 9344175	 0.22000718	 68461 119839 931594	 1 1.0	 1 3187319 53010
 9344685	 0.22000718	 68468 119848 931644	 1 1.0	 1 3187319 53010
 9345207	 0.8965517	 68474 119871 931695	 1 1.0	 1 3328427 57104
 9345715	 0.8965517	 68481 119891 931743	 1 1.0	 1 3541427 60324
 9346225	 0.8965517	 68497 119926 931793	 1 1.0	 1 3766479 63964
 9346726	 0.8965517	 68505 119953 931845	 1 1.0	 1 4052979 69144
 9347216	 0.8965517	 68517 119977 931886	 1 1.0	 1 4264479 72434
 9347695	 0.8965517	 68525 120003 931932	 1 1.0	 1 4487979 77474
 9348214	 0.8965517	 68533 120026 931982	 1 1.0	 1 4723479 81534
 9348674	 0.8965517	 68541 120048 932026	 1 1.0	 1 4978479 86154
 9349224	 0.8965517	 68547 120076 932078	 1 1.0	 1 5309979 92384
 9349685	 0.8965517	 68559 120103 932126	 1 1.0	 1 5627979 98054
 9350166	 0.8965517	 68568 120132 932172	 1 1.0	 1 5959479 103374
 9350698	 0.8965517	 68578 120160 932218	 1 1.0	 1 6278979 109114
 9351175	 0.22000718	 68589 120180 932267	 1 1.0	 1 6370144 110374
 9351685	 0.22000718	 68596 120190 932317	 1 1.0	 1 6370144 110374
 9352176	 0.22000718	 68604 120200 932367	 1 1.0	 1 6370144 110374
 9352675	 0.22000718	 68615 120213 932417	 1 1.0	 1 6370144 110374
 9353174	 0.22000718	 68621 120223 932467	 1 1.0	 1 6370144 110374
 9353675	 0.8965517	 68627 120233 932517	 1 1.0	 1 6370144 110374
 9354166	 0.8965517	 68636 120247 932571	 1 1.0	 1 6370144 110374
 9354684	 0.22000718	 68644 120256 932617	 1 1.0	 1 6370144 110374
 9355241	 0.8965517	 68654 120282 932664	 1 1.0	 1 6608752 115658
 9355717	 0.8965517	 68662 120308 932710	 1 1.0	 1 6890862 120488
 9356188	 0.8965517	 68670 120329 932756	 1 1.0	 1 7190920 125808
 9356706	 0.8965517	 68678 120353 932804	 1 1.0	 1 7477420 131618
 9357229	 0.8965517	 68690 120383 932856	 1 1.0	 1 7799920 137218
 9357674	 0.7586207	 68698 120407 932897	 1 1.0	 1 8068536 142468
 9358275	 0.8965517	 68710 120442 932955	 1 1.0	 1 8410536 148768
 9358711	 0.8965517	 68718 120467 932991	 1 1.0	 1 8700036 153318
 9359165	 0.6551724	 68730 120494 933038	 1 1.0	 1 8959536 158078
 9359717	 0.8965517	 68737 120521 933089	 1 1.0	 1 9277594 163398
 9360195	 0.8965517	 68745 120547 933131	 1 1.0	 1 9553201 166968
 9360676	 0.8965517	 68750 120556 933181	 1 1.0	 1 9553531 166968
 9361167	 0.8965517	 68758 120567 933232	 1 1.0	 1 9553531 166968
 9361675	 0.22000718	 68764 120577 933283	 1 1.0	 1 9553531 166968
 9362185	 0.22000718	 68773 120592 933333	 1 1.0	 1 9553531 166968
 9362685	 0.22000718	 68781 120602 933383	 1 1.0	 1 9553531 166968
 9363185	 0.22000718	 68786 120613 933433	 1 1.0	 1 9553531 166968
 9363674	 0.22000718	 68794 120622 933483	 1 1.0	 1 9553531 166968
 9364175	 0.22000718	 68800 120632 933533	 1 1.0	 1 9553531 166968
 9364669	 0.22000718	 68806 120642 933583	 1 1.0	 1 9553531 166968
 9365166	 0.8965517	 68812 120666 933633	 1 1.0	 1 9759139 171552
 9365725	 0.8965517	 68828 120701 933687	 1 1.0	 1 10156749 177292
 9366209	 0.8965517	 68840 120724 933727	 1 1.0	 1 10455249 181632
 9366702	 0.8965517	 68849 120754 933772	 1 1.0	 1 10801749 187442
 9367222	 0.8965517	 68859 120788 933820	 1 1.0	 1 11181307 193602
 9367698	 0.8965517	 68869 120818 933870	 1 1.0	 1 11545865 199832
 9368195	 0.8965517	 68881 120849 933917	 1 1.0	 1 11877423 204592
 9368667	 0.8965517	 68892 120880 933960	 1 1.0	 1 12204811 210332
 9369224	 0.8965517	 68895 120911 934010	 1 1.0	 1 12672811 217612
 9369694	 0.22000718	 68910 120935 934058	 1 1.0	 1 12736918 219082
 9370167	 0.8965517	 68917 120944 934107	 1 1.0	 1 12736918 219082
 9370685	 0.22000718	 68920 120953 934158	 1 1.0	 1 12736918 219082
 9371166	 0.22000718	 68927 120964 934208	 1 1.0	 1 12736918 219082
 9371666	 0.22000718	 68932 120972 934257	 1 1.0	 1 12736918 219082
 9372175	 0.22000718	 68937 120982 934308	 1 1.0	 1 12736918 219082
 9372666	 0.22000718	 68946 120991 934357	 1 1.0	 1 12736918 219082
 9373187	 0.8965517	 68957 121007 934414	 1 1.0	 1 12736918 219082
 9373689	 0.22000718	 68962 121016 934458	 1 1.0	 1 12736918 219082
 9374175	 0.22000718	 68967 121026 934508	 1 1.0	 1 12736918 219082
 9374677	 0.8965517	 68974 121037 934557	 1 1.0	 1 12736918 219082
 9375179	 0.8965517	 68980 121063 934607	 1 1.0	 1 13023526 224996
 9375670	 0.22000718	 68988 121090 934653	 1 1.0	 1 13361078 229756
 9376175	 0.8965517	 69000 121118 934701	 1 1.0	 1 13620578 233676
 9376700	 0.8965517	 69005 121138 934750	 1 1.0	 1 13871078 238366
 9377176	 0.3448276	 69020 121168 934808	 1 1.0	 1 14187636 244766
 9377695	 0.8965517	 69024 121187 934848	 1 1.0	 1 14355966 248546
 9378169	 0.3448276	 69033 121212 934896	 1 1.0	 1 14562966 252256
 9378704	 0.8965517	 69040 121239 934947	 1 1.0	 1 14780466 256736
 9379213	 0.8965517	 69052 121269 934997	 1 1.0	 1 15032466 261006
 9379678	 0.8965517	 69059 121301 935045	 1 1.0	 1 15305466 266186
 9380209	 0.8965517	 69070 121328 935093	 1 1.0	 1 15536466 270176
 9380729	 0.8965517	 69075 121357 935143	 1 1.0	 1 15864966 276406
 9381178	 0.7586207	 69088 121376 935196	 1 1.0	 1 15921573 277386
 9381692	 0.22000718	 69092 121384 935239	 1 1.0	 1 15921573 277386
 9382167	 0.8965517	 69100 121395 935290	 1 1.0	 1 15921573 277386
 9382674	 0.22000718	 69105 121405 935340	 1 1.0	 1 15921573 277386
 9383175	 0.22000718	 69110 121414 935390	 1 1.0	 1 15921573 277386
 9383675	 0.22000718	 69114 121424 935440	 1 1.0	 1 15921573 277386
 9384175	 0.22000718	 69119 121435 935489	 1 1.0	 1 15921573 277386
 9384689	 0.22000718	 69126 121445 935540	 1 1.0	 1 15921573 277464
 9385205	 0.8965517	 69133 121468 935587	 1 1.0	 1 16112181 282040
 9385662	 0.8965517	 69141 121493 935631	 1 1.0	 1 16349233 285750
 9386219	 0.8965517	 69145 121521 935683	 1 1.0	 1 16700233 291210
 9386698	 0.8965517	 69157 121550 935729	 1 1.0	 1 17025791 296110
 9387167	 0.7241379	 69167 121578 935776	 1 1.0	 1 17297407 300590
 9387704	 0.8965517	 69170 121603 935823	 1 1.0	 1 17669407 306890
 9388219	 0.8965517	 69185 121635 935871	 1 1.0	 1 17993407 312630
 9388710	 0.8965517	 69195 121661 935914	 1 1.0	 1 18285965 317320
 9389166	 0.8965517	 69208 121689 935964	 1 1.0	 1 18486965 320750
 9389721	 0.8965517	 69221 121722 936011	 1 1.0	 1 18788465 325232
 9390167	 0.8965517	 69229 121746 936061	 1 1.0	 1 19035965 330782
 9390675	 0.22000718	 69239 121763 936109	 1 1.0	 1 19104572 331902
 9391185	 0.8965517	 69244 121774 936159	 1 1.0	 1 19104572 331902
 9391685	 0.22000718	 69253 121785 936210	 1 1.0	 1 19104572 331902
 9392191	 0.22000718	 69257 121795 936259	 1 1.0	 1 19104572 331902
 9392688	 0.79310346	 69269 121809 936314	 1 1.0	 1 19104572 331902
 9393185	 0.22000718	 69277 121819 936359	 1 1.0	 1 19104572 331902
 9393666	 0.8965517	 69283 121828 936407	 1 1.0	 1 19104572 331902
 9394176	 0.22000718	 69289 121838 936459	 1 1.0	 1 19104572 331902
 9394677	 0.8965517	 69294 121848 936508	 1 1.0	 1 19104902 331902
 9395179	 0.22000718	 69316 121886 936560	 1 1.0	 1 19104902 331902
 9395665	 0.8965517	 69333 121910 936609	 1 1.0	 1 19104902 331902
 9396174	 0.22000718	 69347 121934 936661	 1 1.0	 1 19104902 331902
 9396690	 0.22000718	 69359 121950 936709	 1 1.0	 1 19104902 331902
 9397168	 0.22000718	 69364 121961 936759	 1 1.0	 1 19104902 331902
 9397675	 0.22000718	 69368 121971 936810	 1 1.0	 1 19104902 331902
 9398165	 0.8965517	 69376 121992 936858	 1 1.0	 1 19105232 331902
 9398690	 0.22000718	 69381 122002 936909	 1 1.0	 1 19105232 331902
 9399163	 0.8965517	 69395 122024 936957	 1 1.0	 1 19105290 331902
 9399689	 0.22000718	 69412 122055 937009	 1 1.0	 1 19105290 331902
 9400175	 0.8965517	 69424 122077 937058	 1 1.0	 1 19105290 331902
 9400674	 0.8965517	 69453 122112 937109	 1 1.0	 1 19105290 331902
 9401169	 0.8965517	 69460 122123 937159	 1 1.0	 1 19105290 331902
