up_time cpu_freq utime work_time total_time screen_on brightness wifi_on wifi_rx_bytes wifi_tx_bytes
 6006895	 0.8965517	 49407 81722 599253	 1 1.0	 0 67300548 1162362
 6007378	 0.22000718	 49411 81734 599295	 1 1.0	 0 67300548 1162362
 6007834	 0.41379312	 49428 81762 599342	 1 1.0	 0 67300548 1162436
 6008345	 0.22000718	 49438 81781 599394	 1 1.0	 0 67300548 1162436
 6008840	 0.8965517	 49453 81810 599442	 1 1.0	 0 67301060 1162782
 6009345	 0.22000718	 49474 81847 599499	 1 1.0	 0 67301060 1162782
 6009837	 0.22000718	 49495 81880 599544	 1 1.0	 0 67302102 1163140
 6010344	 0.8965517	 49503 81895 599593	 1 1.0	 0 67302102 1163140
 6010834	 0.22000718	 49519 81926 599644	 1 1.0	 1 67302102 1163140
 6011345	 0.8965517	 49531 81956 599695	 1 1.0	 1 67398340 1165546
 6011856	 0.8965517	 49538 81988 599739	 1 1.0	 1 67866340 1172340
 6012457	 0.8965517	 49546 82025 599794	 1 1.0	 1 68352340 1179270
 6012887	 0.8965517	 49554 82058 599841	 1 1.0	 1 68694340 1183214
 6013377	 0.8965517	 49566 82090 599887	 1 1.0	 1 69024340 1187904
 6013836	 0.82758623	 49574 82116 599932	 1 1.0	 1 69355840 1193014
 6014336	 0.8965517	 49583 82147 599983	 1 1.0	 1 69745840 1199454
 6014886	 0.8965517	 49588 82178 600031	 1 1.0	 1 70179340 1204354
 6015393	 0.8965517	 49605 82213 600078	 1 1.0	 1 70484947 1208204
 6015850	 0.22000718	 49617 82229 600126	 1 1.0	 1 70485275 1208278
 6016354	 0.22000718	 49622 82239 600176	 1 1.0	 1 70485275 1208278
 6016854	 0.8965517	 49625 82247 600224	 1 1.0	 1 70485275 1208278
 6017336	 0.22000718	 49629 82257 600276	 1 1.0	 1 70485275 1208278
 6017845	 0.8965517	 49641 82272 600333	 1 1.0	 1 70485275 1208278
 6018337	 0.22000718	 49649 82283 600376	 1 1.0	 1 70485275 1208278
 6018855	 0.22000718	 49656 82292 600426	 1 1.0	 1 70485275 1208278
 6019336	 0.22000718	 49663 82302 600475	 1 1.0	 1 70485275 1208278
 6019862	 0.22000718	 49669 82313 600526	 1 1.0	 1 70485275 1208278
 6020351	 0.8965517	 49675 82325 600575	 1 1.0	 1 70485275 1208278
 6020839	 0.62068963	 49691 82344 600622	 1 1.0	 1 70485275 1208278
 6021355	 0.8965517	 49700 82364 600676	 1 1.0	 1 70591883 1211042
 6021885	 0.8965517	 49705 82394 600724	 1 1.0	 1 70951935 1218502
 6022376	 0.8965517	 49716 82429 600772	 1 1.0	 1 71418435 1225642
 6022880	 0.8965517	 49726 82465 600820	 1 1.0	 1 71881935 1232502
 6023377	 0.8965517	 49738 82503 600874	 1 1.0	 1 72399763 1239292
 6023843	 0.8965517	 49748 82532 600914	 1 1.0	 1 72816763 1244682
 6024374	 0.8965517	 49759 82568 600965	 1 1.0	 1 73334263 1252662
 6024864	 0.22000718	 49769 82600 601014	 1 1.0	 1 73668698 1257632
 6025355	 0.8965517	 49774 82609 601062	 1 1.0	 1 73668698 1257632
 6025836	 0.8965517	 49782 82619 601110	 1 1.0	 1 73668698 1257632
 6026336	 0.22000718	 49793 82632 601162	 1 1.0	 1 73668698 1257632
 6026855	 0.22000718	 49799 82642 601213	 1 1.0	 1 73668698 1257632
 6027336	 0.22000718	 49806 82652 601263	 1 1.0	 1 73668698 1257632
 6027843	 0.3448276	 49812 82666 601310	 1 1.0	 1 73668698 1257632
 6028355	 0.22000718	 49821 82678 601363	 1 1.0	 1 73668698 1257632
 6028845	 0.8965517	 49825 82688 601413	 1 1.0	 1 73668698 1257632
 6029336	 0.22000718	 49831 82701 601462	 1 1.0	 1 73668698 1257632
 6029845	 0.8965517	 49838 82712 601511	 1 1.0	 1 73668698 1257632
 6030354	 0.22000718	 49846 82722 601563	 1 1.0	 1 73668698 1257632
 6030856	 0.22000718	 49851 82732 601613	 1 1.0	 1 73668698 1257632
 6031374	 0.8965517	 49858 82752 601662	 1 1.0	 1 73781306 1260046
 6031869	 0.8965517	 49871 82792 601716	 1 1.0	 1 74340858 1267256
 6032338	 0.8965517	 49882 82824 601758	 1 1.0	 1 74717686 1273730
 6032882	 0.8965517	 49890 82859 601807	 1 1.0	 1 75257686 1281990
 6033338	 0.8965517	 49898 82888 601853	 1 1.0	 1 75802186 1289130
 6033883	 0.8965517	 49904 82920 601904	 1 1.0	 1 76138186 1297440
 6034383	 0.8965517	 49911 82941 601953	 1 1.0	 1 76438186 1301290
 6034848	 0.8965517	 49925 82967 601999	 1 1.0	 1 76720572 1305280
 6035345	 0.22000718	 49929 82985 602046	 1 1.0	 1 76861179 1307730
 6035855	 0.22000718	 49933 82995 602096	 1 1.0	 1 76861507 1307730
 6036359	 0.22000718	 49939 83005 602146	 1 1.0	 1 76861507 1307730
 6036871	 0.22000718	 49946 83016 602197	 1 1.0	 1 76861507 1307730
 6037355	 0.22000718	 49959 83030 602251	 1 1.0	 1 76861507 1307730
 6037836	 0.22000718	 49965 83039 602296	 1 1.0	 1 76861835 1307730
 6038355	 0.22000718	 49970 83049 602346	 1 1.0	 1 76861835 1307730
 6038858	 0.22000718	 49980 83065 602403	 1 1.0	 1 76861835 1307730
 6039356	 0.8965517	 49985 83075 602446	 1 1.0	 1 76861835 1307730
 6039860	 0.22000718	 49995 83087 602496	 1 1.0	 1 76861835 1307730
 6040355	 0.22000718	 50004 83101 602546	 1 1.0	 1 76861835 1307730
 6040855	 0.22000718	 50012 83112 602596	 1 1.0	 1 76861835 1307730
 6041334	 0.6551724	 50024 83132 602643	 1 1.0	 1 76938495 1310494
 6041870	 0.8965517	 50027 83162 602692	 1 1.0	 1 77294323 1317214
 6042376	 0.8965517	 50036 83189 602742	 1 1.0	 1 77600381 1322394
 6042893	 0.8965517	 50045 83216 602789	 1 1.0	 1 77886881 1327574
 6043385	 0.8965517	 50057 83243 602836	 1 1.0	 1 78117881 1331704
 6043892	 0.8965517	 50072 83273 602882	 1 1.0	 1 78441881 1336814
 6044395	 0.8965517	 50082 83302 602932	 1 1.0	 1 78729881 1342204
 6044895	 0.8965517	 50092 83330 602979	 1 1.0	 1 79002939 1347104
 6045333	 0.8965517	 50100 83349 603021	 1 1.0	 1 79272939 1351934
 6045898	 0.8965517	 50113 83383 603078	 1 1.0	 1 79655439 1358794
 6046375	 0.8965517	 50122 83408 603120	 1 1.0	 1 79910439 1363064
 6046856	 0.22000718	 50130 83432 603169	 1 1.0	 1 80045046 1366214
 6047355	 0.22000718	 50136 83441 603219	 1 1.0	 1 80045046 1366214
 6047855	 0.22000718	 50142 83451 603269	 1 1.0	 1 80045046 1366214
 6048345	 0.22000718	 50146 83461 603318	 1 1.0	 1 80045046 1366214
 6048845	 0.8965517	 50158 83474 603367	 1 1.0	 1 80045046 1366214
 6049367	 0.22000718	 50165 83485 603418	 1 1.0	 1 80045046 1366214
 6049866	 0.22000718	 50171 83493 603467	 1 1.0	 1 80045374 1366214
 6050337	 0.8965517	 50177 83501 603516	 1 1.0	 1 80045374 1366214
 6050855	 0.22000718	 50186 83511 603568	 1 1.0	 1 80045374 1366214
 6051366	 0.8965517	 50197 83537 603624	 1 1.0	 1 80158362 1369118
 6051881	 0.8965517	 50205 83562 603664	 1 1.0	 1 80399862 1373458
 6052338	 0.8965517	 50216 83590 603705	 1 1.0	 1 80674362 1377798
 6052877	 0.8965517	 50220 83620 603758	 1 1.0	 1 81005862 1383328
 6053382	 0.8965517	 50231 83656 603809	 1 1.0	 1 81338862 1388570
 6053845	 0.22000718	 50235 83671 603855	 1 1.0	 1 81459190 1393050
 6054338	 0.8965517	 50248 83698 603904	 1 1.0	 1 81577690 1395290
 6054837	 0.8965517	 50254 83720 603953	 1 1.0	 1 81768190 1399000
 6055346	 0.8965517	 50259 83744 604001	 1 1.0	 1 82030690 1403200
 6055845	 0.8965517	 50266 83770 604050	 1 1.0	 1 82351690 1409010
 6056385	 0.8965517	 50276 83801 604097	 1 1.0	 1 82620306 1413280
 6056897	 0.8965517	 50292 83840 604156	 1 1.0	 1 82986306 1419370
 6057380	 0.8965517	 50299 83861 604191	 1 1.0	 1 83197806 1423220
 6057857	 0.22000718	 50305 83874 604241	 1 1.0	 1 83230413 1424060
 6058356	 0.22000718	 50311 83884 604290	 1 1.0	 1 83230413 1424060
 6058845	 0.22000718	 50319 83895 604342	 1 1.0	 1 83230413 1424060
 6059338	 0.22000718	 50325 83905 604391	 1 1.0	 1 83230413 1424060
 6059856	 0.8965517	 50334 83917 604444	 1 1.0	 1 83230413 1424060
 6060335	 0.22000718	 50339 83927 604491	 1 1.0	 1 83230413 1424060
 6060854	 0.22000718	 50343 83936 604539	 1 1.0	 1 83230741 1424060
 6061376	 0.22000718	 50351 83954 604591	 1 1.0	 1 83355349 1426474
 6061880	 0.8965517	 50360 83983 604636	 1 1.0	 1 83685401 1432004
 6062380	 0.8965517	 50373 84008 604685	 1 1.0	 1 84045401 1436834
 6062888	 0.8965517	 50382 84036 604734	 1 1.0	 1 84342401 1440684
 6063387	 0.8965517	 50389 84060 604784	 1 1.0	 1 84607901 1444604
 6063844	 0.4827586	 50397 84084 604829	 1 1.0	 1 84879401 1448034
 6064386	 0.8965517	 50402 84110 604880	 1 1.0	 1 85169229 1452094
 6064903	 0.8965517	 50413 84140 604928	 1 1.0	 1 85479729 1455944
 6065394	 0.8965517	 50424 84173 604981	 1 1.0	 1 85814229 1461264
 6065883	 0.22000718	 50428 84199 605023	 1 1.0	 1 86082729 1465184
 6066385	 0.8965517	 50442 84230 605070	 1 1.0	 1 86413888 1469594
 6066866	 0.8965517	 50447 84238 605118	 1 1.0	 1 86413888 1469594
 6067337	 0.8965517	 50455 84247 605168	 1 1.0	 1 86413888 1469594
 6067837	 0.8965517	 50460 84254 605217	 1 1.0	 1 86414216 1469594
 6068355	 0.22000718	 50471 84269 605269	 1 1.0	 1 86414216 1469594
 6068836	 0.22000718	 50476 84278 605318	 1 1.0	 1 86414216 1469594
 6069346	 0.22000718	 50481 84288 605369	 1 1.0	 1 86414216 1469594
 6069859	 0.22000718	 50488 84297 605419	 1 1.0	 1 86414216 1469594
 6070345	 0.22000718	 50496 84308 605469	 1 1.0	 1 86414216 1469594
 6070836	 0.22000718	 50503 84318 605519	 1 1.0	 1 86414216 1469594
 6071334	 0.44827586	 50525 84350 605569	 1 1.0	 1 86414216 1469594
 6071851	 0.8965517	 50541 84373 605618	 1 1.0	 1 86414216 1469594
 6072356	 0.22000718	 50551 84392 605668	 1 1.0	 1 86414216 1469594
 6072844	 0.22000718	 50564 84411 605717	 1 1.0	 1 86414216 1469594
 6073354	 0.22000718	 50570 84421 605769	 1 1.0	 1 86414216 1469594
 6073836	 0.22000718	 50580 84433 605820	 1 1.0	 1 86414216 1469594
 6074336	 0.22000718	 50589 84448 605868	 1 1.0	 1 86414216 1469594
 6074854	 0.8965517	 50597 84457 605918	 1 1.0	 1 86414216 1469594
 6075360	 0.22000718	 50604 84466 605969	 1 1.0	 1 86414216 1469594
 6075846	 0.8965517	 50611 84477 606017	 1 1.0	 1 86414544 1469594
 6076347	 0.8965517	 50636 84514 606069	 1 1.0	 1 86414544 1469594
 6076837	 0.8965517	 50656 84544 606126	 1 1.0	 1 86414544 1469594
 6077349	 0.8965517	 50676 84571 606168	 1 1.0	 1 86414544 1469594
 6077855	 0.8965517	 50679 84584 606220	 1 1.0	 1 86414930 1469594
