up_time cpu_freq utime work_time total_time screen_on brightness wifi_on wifi_rx_bytes wifi_tx_bytes
 920561	 0.8965517	 11026 15819 91983	 1 1.0	 1 313417 52187
 921055	 0.8965517	 11032 15831 92032	 1 1.0	 1 313417 52187
 921506	 0.8965517	 11044 15853 92078	 1 1.0	 1 313417 52187
 922007	 0.22000718	 11063 15882 92131	 1 1.0	 1 313417 52187
 922552	 0.8965517	 11071 15893 92182	 1 1.0	 1 313417 52187
 923008	 0.8965517	 11104 15940 92240	 1 1.0	 1 313417 52187
 923540	 0.22000718	 11127 15969 92281	 1 1.0	 1 313417 52187
 924025	 0.22000718	 11132 15980 92332	 1 1.0	 1 313417 52187
 924508	 0.8965517	 11149 16012 92381	 1 1.0	 1 313557 52421
 925056	 0.8965517	 11157 16048 92428	 1 1.0	 1 577609 57137
 925534	 0.8965517	 11169 16072 92477	 1 1.0	 1 843109 61967
 926025	 0.22000718	 11176 16082 92527	 1 1.0	 1 845447 62049
 926525	 0.8965517	 11184 16097 92581	 1 1.0	 1 845447 62049
 927031	 0.22000718	 11191 16106 92627	 1 1.0	 1 845447 62049
 927515	 0.22000718	 11197 16117 92678	 1 1.0	 1 845447 62049
 928033	 0.22000718	 11204 16131 92727	 1 1.0	 1 845447 62049
 928515	 0.22000718	 11211 16141 92777	 1 1.0	 1 845447 62049
 929030	 0.22000718	 11216 16151 92827	 1 1.0	 1 845447 62049
 929515	 0.22000718	 11222 16163 92877	 1 1.0	 1 845447 62049
 930008	 0.22000718	 11226 16174 92928	 1 1.0	 1 845447 62049
 930509	 0.8965517	 11238 16188 92976	 1 1.0	 1 845447 62049
 931008	 0.22000718	 11246 16199 93028	 1 1.0	 1 845447 62049
 931525	 0.22000718	 11252 16209 93077	 1 1.0	 1 845447 62049
 932008	 0.22000718	 11259 16220 93127	 1 1.0	 1 845447 62049
 932532	 0.22000718	 11265 16231 93177	 1 1.0	 1 845447 62049
 933025	 0.22000718	 11278 16249 93228	 1 1.0	 1 845447 62049
 933529	 0.22000718	 11285 16260 93277	 1 1.0	 1 845447 62049
 934031	 0.22000718	 11295 16272 93326	 1 1.0	 1 845447 62049
 934516	 0.22000718	 11303 16287 93379	 1 1.0	 1 875555 63553
 935035	 0.8965517	 11309 16315 93425	 1 1.0	 1 1198055 69013
 935531	 0.22000718	 11317 16340 93472	 1 1.0	 1 1376276 74391
 936015	 0.22000718	 11322 16350 93522	 1 1.0	 1 1376276 74391
 936508	 0.22000718	 11327 16360 93572	 1 1.0	 1 1376276 74391
 937015	 0.22000718	 11337 16371 93623	 1 1.0	 1 1376276 74391
 937529	 0.22000718	 11347 16386 93673	 1 1.0	 1 1376276 74391
 938016	 0.22000718	 11355 16398 93722	 1 1.0	 1 1376276 74391
 938520	 0.22000718	 11370 16416 93779	 1 1.0	 1 1376276 74391
 939030	 0.22000718	 11377 16426 93822	 1 1.0	 1 1376276 74391
 939508	 0.22000718	 11384 16435 93871	 1 1.0	 1 1376276 74391
 940026	 0.22000718	 11390 16444 93921	 1 1.0	 1 1376276 74391
 940524	 0.22000718	 11399 16456 93972	 1 1.0	 1 1376276 74391
 941008	 0.22000718	 11410 16470 94022	 1 1.0	 1 1376276 74391
 941526	 0.22000718	 11418 16480 94072	 1 1.0	 1 1376276 74391
 942008	 0.22000718	 11425 16493 94124	 1 1.0	 1 1376276 74391
 942525	 0.8965517	 11433 16504 94173	 1 1.0	 1 1376276 74391
 943032	 0.22000718	 11439 16514 94223	 1 1.0	 1 1376276 74391
 943529	 0.22000718	 11446 16525 94273	 1 1.0	 1 1376276 74391
 944025	 0.22000718	 11453 16536 94323	 1 1.0	 1 1376276 74391
 944508	 0.22000718	 11466 16555 94374	 1 1.0	 1 1404884 75895
 945053	 0.8965517	 11476 16587 94421	 1 1.0	 1 1683936 83035
 945530	 0.8965517	 11482 16612 94469	 1 1.0	 1 1907105 87235
 946016	 0.22000718	 11488 16622 94520	 1 1.0	 1 1907105 87235
 946534	 0.22000718	 11495 16633 94570	 1 1.0	 1 1907105 87235
 947041	 0.22000718	 11502 16644 94621	 1 1.0	 1 1907105 87235
 947515	 0.22000718	 11509 16654 94670	 1 1.0	 1 1907105 87235
 948025	 0.8965517	 11523 16671 94729	 1 1.0	 1 1907105 87235
 948508	 0.22000718	 11530 16681 94771	 1 1.0	 1 1907105 87235
 949026	 0.22000718	 11535 16691 94821	 1 1.0	 1 1907105 87235
 949526	 0.22000718	 11542 16700 94869	 1 1.0	 1 1907105 87235
 950008	 0.22000718	 11552 16713 94920	 1 1.0	 1 1907105 87235
 950533	 0.22000718	 11558 16722 94969	 1 1.0	 1 1907105 87235
 951025	 0.22000718	 11567 16733 95020	 1 1.0	 1 1907105 87235
 951515	 0.8965517	 11578 16748 95074	 1 1.0	 1 1907105 87235
 952041	 0.22000718	 11584 16758 95119	 1 1.0	 1 1907105 87235
 952530	 0.8965517	 11589 16767 95169	 1 1.0	 1 1907105 87235
 953025	 0.22000718	 11594 16777 95220	 1 1.0	 1 1907105 87235
 953508	 0.22000718	 11602 16788 95270	 1 1.0	 1 1907105 87235
 954030	 0.22000718	 11608 16798 95319	 1 1.0	 1 1907105 87235
 954516	 0.22000718	 11613 16811 95370	 1 1.0	 1 1938713 88809
 955053	 0.8965517	 11626 16846 95423	 1 1.0	 1 2270381 94689
 955526	 0.22000718	 11633 16866 95466	 1 1.0	 1 2438108 97839
 956027	 0.22000718	 11639 16876 95516	 1 1.0	 1 2438108 97839
 956535	 0.22000718	 11648 16888 95567	 1 1.0	 1 2438108 97839
 957008	 0.22000718	 11655 16899 95618	 1 1.0	 1 2438108 97839
 957525	 0.8965517	 11661 16909 95667	 1 1.0	 1 2438108 97839
 958007	 0.22000718	 11666 16917 95715	 1 1.0	 1 2438108 97839
 958516	 0.22000718	 11679 16932 95771	 1 1.0	 1 2438108 97839
 959008	 0.22000718	 11686 16945 95817	 1 1.0	 1 2438108 97839
 959525	 0.8965517	 11693 16953 95865	 1 1.0	 1 2438108 97839
 960015	 0.22000718	 11702 16966 95916	 1 1.0	 1 2438108 97839
 960524	 0.22000718	 11706 16977 95966	 1 1.0	 1 2438108 97839
 961008	 0.22000718	 11714 16988 96017	 1 1.0	 1 2438108 97839
 961515	 0.22000718	 11719 16998 96066	 1 1.0	 1 2438108 97839
 962029	 0.22000718	 11728 17011 96121	 1 1.0	 1 2438108 97839
 962515	 0.8965517	 11734 17021 96166	 1 1.0	 1 2438108 97839
 963016	 0.22000718	 11739 17031 96217	 1 1.0	 1 2438108 97839
 963515	 0.22000718	 11747 17042 96267	 1 1.0	 1 2438108 97839
 964015	 0.22000718	 11753 17052 96316	 1 1.0	 1 2438108 97839
 964542	 0.22000718	 11760 17065 96367	 1 1.0	 1 2469716 99343
 965025	 0.8965517	 11769 17097 96416	 1 1.0	 1 2855326 105083
 965525	 0.22000718	 11784 17120 96467	 1 1.0	 1 2968995 106623
 966015	 0.22000718	 11792 17130 96513	 1 1.0	 1 2968995 106623
 966533	 0.22000718	 11800 17141 96563	 1 1.0	 1 2968995 106623
 967039	 0.22000718	 11808 17152 96614	 1 1.0	 1 2968995 106623
 967515	 0.22000718	 11811 17161 96662	 1 1.0	 1 2968995 106623
 968025	 0.22000718	 11816 17172 96714	 1 1.0	 1 2968995 106623
 968508	 0.8965517	 11822 17180 96762	 1 1.0	 1 2968995 106623
 969008	 0.22000718	 11830 17190 96814	 1 1.0	 1 2968995 106623
 969508	 0.22000718	 11839 17206 96864	 1 1.0	 1 2968995 106623
 970025	 0.22000718	 11843 17216 96913	 1 1.0	 1 2968995 106623
 970516	 0.22000718	 11850 17229 96963	 1 1.0	 1 2968995 106623
 971008	 0.22000718	 11859 17240 97014	 1 1.0	 1 2968995 106623
 971508	 0.22000718	 11864 17251 97063	 1 1.0	 1 2968995 106623
 972025	 0.22000718	 11870 17261 97113	 1 1.0	 1 2968995 106623
 972528	 0.22000718	 11878 17274 97165	 1 1.0	 1 2968995 106623
 973007	 0.22000718	 11891 17290 97214	 1 1.0	 1 2968995 106623
 973526	 0.22000718	 11895 17300 97263	 1 1.0	 1 2968995 106623
 974016	 0.22000718	 11904 17311 97314	 1 1.0	 1 2968995 106623
 974543	 0.8965517	 11912 17322 97362	 1 1.0	 1 2987103 107847
 975052	 0.8965517	 11914 17355 97412	 1 1.0	 1 3386103 118143
 975516	 0.22000718	 11922 17376 97462	 1 1.0	 1 3499824 120103
 976028	 0.22000718	 11928 17387 97513	 1 1.0	 1 3499824 120103
 976516	 0.22000718	 11940 17402 97563	 1 1.0	 1 3499824 120103
 977008	 0.22000718	 11943 17413 97613	 1 1.0	 1 3499824 120103
 977525	 0.22000718	 11951 17422 97662	 1 1.0	 1 3499824 120103
 978015	 0.8965517	 11957 17430 97710	 1 1.0	 1 3499824 120103
 978515	 0.22000718	 11964 17440 97762	 1 1.0	 1 3499824 120103
 979016	 0.22000718	 11971 17451 97813	 1 1.0	 1 3499824 120103
 979508	 0.22000718	 11974 17461 97863	 1 1.0	 1 3499824 120103
 980024	 0.8965517	 11985 17475 97917	 1 1.0	 1 3499824 120103
 980541	 0.22000718	 11995 17487 97963	 1 1.0	 1 3499824 120103
 981015	 0.22000718	 12004 17498 98013	 1 1.0	 1 3499824 120103
 981533	 0.22000718	 12011 17509 98062	 1 1.0	 1 3499824 120103
 982034	 0.22000718	 12017 17519 98112	 1 1.0	 1 3499824 120103
 982515	 0.22000718	 12024 17528 98161	 1 1.0	 1 3499824 120103
 983034	 0.22000718	 12032 17539 98213	 1 1.0	 1 3499824 120103
 983515	 0.8965517	 12042 17552 98266	 1 1.0	 1 3499824 120103
 984024	 0.22000718	 12048 17562 98312	 1 1.0	 1 3499824 120103
 984509	 0.8965517	 12056 17574 98358	 1 1.0	 1 3499824 120103
 985026	 0.22000718	 12075 17607 98412	 1 1.0	 1 3499824 120103
 985537	 0.22000718	 12098 17637 98464	 1 1.0	 1 3499824 120103
 986030	 0.8965517	 12115 17667 98512	 1 1.0	 1 3499824 120103
 986517	 0.3448276	 12126 17686 98562	 1 1.0	 1 3499824 120103
 987030	 0.22000718	 12139 17702 98617	 1 1.0	 1 3499824 120103
 987512	 0.8965517	 12160 17727 98661	 1 1.0	 1 3499824 120103
 988014	 0.8965517	 12174 17754 98711	 1 1.0	 1 3499824 120103
 988527	 0.22000718	 12179 17763 98760	 1 1.0	 1 3499824 120103
 989005	 0.8965517	 12206 17799 98808	 1 1.0	 1 3499824 120103
 989527	 0.22000718	 12221 17821 98861	 1 1.0	 1 3499824 120103
 990015	 0.22000718	 12227 17831 98911	 1 1.0	 1 3499824 120103
