up_time cpu_freq utime work_time total_time screen_on brightness wifi_on wifi_rx_bytes wifi_tx_bytes
 6283841	 0.8965517	 52605 87912 626745	 1 1.0	 1 96316567 1617144
 6284338	 0.8965517	 52611 87920 626794	 1 1.0	 1 96316567 1617144
 6284802	 0.8965517	 52626 87943 626842	 1 1.0	 1 96316567 1617144
 6285297	 0.8965517	 52637 87962 626895	 1 1.0	 1 96316895 1617144
 6285793	 0.8965517	 52656 87996 626943	 1 1.0	 1 96316895 1617144
 6286306	 0.22000718	 52679 88025 626995	 1 1.0	 1 96316895 1617144
 6286823	 0.22000718	 52700 88054 627046	 1 1.0	 1 96316895 1617144
 6287305	 0.8965517	 52705 88062 627094	 1 1.0	 1 96317223 1617144
 6287815	 0.22000718	 52712 88073 627145	 1 1.0	 1 96317223 1617144
 6288315	 0.22000718	 52718 88082 627194	 1 1.0	 1 96317223 1617144
 6288805	 0.22000718	 52723 88091 627245	 1 1.0	 1 96317223 1617144
 6289296	 0.8965517	 52737 88109 627295	 1 1.0	 1 96317223 1617144
 6289814	 0.8965517	 52753 88141 627343	 1 1.0	 1 96351915 1618874
 6290305	 0.22000718	 52761 88162 627393	 1 1.0	 1 96551415 1622514
 6290848	 0.8965517	 52772 88187 627444	 1 1.0	 1 96900915 1626784
 6291333	 0.3448276	 52788 88221 627490	 1 1.0	 1 97328415 1631824
 6291797	 0.82758623	 52797 88254 627535	 1 1.0	 1 97785915 1638054
 6292296	 0.8965517	 52809 88295 627595	 1 1.0	 1 98251031 1644774
 6292800	 0.8965517	 52815 88324 627635	 1 1.0	 1 98510531 1648602
 6293306	 0.8965517	 52819 88339 627681	 1 1.0	 1 98582531 1651772
 6293805	 0.22000718	 52836 88366 627732	 1 1.0	 1 98719031 1654292
 6294295	 0.22000718	 52841 88388 627782	 1 1.0	 1 98911031 1657582
 6294794	 0.51724136	 52850 88410 627826	 1 1.0	 1 99212531 1662062
 6295299	 0.3448276	 52860 88445 627880	 1 1.0	 1 99507638 1666752
 6295805	 0.22000718	 52865 88455 627926	 1 1.0	 1 99507638 1666752
 6296305	 0.8965517	 52880 88471 627974	 1 1.0	 1 99507638 1666752
 6296805	 0.22000718	 52886 88482 628026	 1 1.0	 1 99507966 1666752
 6297296	 0.22000718	 52891 88491 628075	 1 1.0	 1 99507966 1666752
 6297815	 0.22000718	 52898 88501 628126	 1 1.0	 1 99507966 1666752
 6298296	 0.8965517	 52906 88510 628176	 1 1.0	 1 99507966 1666752
 6298805	 0.22000718	 52920 88525 628226	 1 1.0	 1 99507966 1666752
 6299305	 0.22000718	 52929 88535 628276	 1 1.0	 1 99507966 1666752
 6299805	 0.8965517	 52939 88551 628324	 1 1.0	 1 99539574 1668256
 6300357	 0.8965517	 52947 88585 628372	 1 1.0	 1 100019626 1674976
 6300846	 0.8965517	 52957 88619 628417	 1 1.0	 1 100457626 1681066
 6301342	 0.8965517	 52973 88653 628462	 1 1.0	 1 100922626 1687646
 6301931	 0.8965517	 52994 88698 628519	 1 1.0	 1 101435626 1694506
 6302363	 0.8965517	 53008 88725 628561	 1 1.0	 1 101681626 1697656
 6302822	 0.8965517	 53014 88741 628608	 1 1.0	 1 101924626 1702066
 6303296	 0.8965517	 53021 88770 628656	 1 1.0	 1 102188684 1706896
 6303828	 0.22000718	 53026 88794 628704	 1 1.0	 1 102358512 1710676
 6304348	 0.8965517	 53032 88818 628751	 1 1.0	 1 102624128 1715436
 6304805	 0.22000718	 53044 88839 628804	 1 1.0	 1 102691235 1717186
 6305296	 0.22000718	 53048 88848 628849	 1 1.0	 1 102691235 1717186
 6305796	 0.22000718	 53062 88865 628906	 1 1.0	 1 102691235 1717186
 6306305	 0.22000718	 53073 88879 628950	 1 1.0	 1 102691235 1717186
 6306796	 0.22000718	 53079 88887 628998	 1 1.0	 1 102691235 1717186
 6307315	 0.22000718	 53080 88896 629048	 1 1.0	 1 102691235 1717186
 6307819	 0.22000718	 53087 88906 629098	 1 1.0	 1 102691235 1717186
 6308335	 0.8965517	 53097 88921 629148	 1 1.0	 1 102691235 1717186
 6308815	 0.22000718	 53105 88931 629199	 1 1.0	 1 102691235 1717186
 6309305	 0.8965517	 53109 88940 629247	 1 1.0	 1 102691235 1717186
 6309805	 0.8965517	 53114 88954 629297	 1 1.0	 1 102725843 1719110
 6310306	 0.8965517	 53124 88984 629343	 1 1.0	 1 103030395 1724080
 6310795	 0.3448276	 53135 89022 629394	 1 1.0	 1 103478953 1731570
 6311304	 0.8965517	 53149 89058 629443	 1 1.0	 1 103772953 1737100
 6311853	 0.8965517	 53159 89088 629491	 1 1.0	 1 104106011 1743260
 6312310	 0.8965517	 53174 89127 629541	 1 1.0	 1 104461511 1748650
 6312805	 0.22000718	 53184 89145 629586	 1 1.0	 1 104592011 1753798
 6313293	 0.22000718	 53196 89171 629637	 1 1.0	 1 104716839 1756108
 6313839	 0.8965517	 53202 89190 629683	 1 1.0	 1 104874339 1759538
 6314349	 0.8965517	 53216 89223 629737	 1 1.0	 1 105247839 1766188
 6314854	 0.8965517	 53220 89252 629778	 1 1.0	 1 105676839 1773328
 6315316	 0.22000718	 53229 89276 629826	 1 1.0	 1 105875946 1776128
 6315796	 0.22000718	 53238 89286 629876	 1 1.0	 1 105875946 1776128
 6316304	 0.22000718	 53246 89297 629927	 1 1.0	 1 105876274 1776128
 6316796	 0.22000718	 53253 89307 629976	 1 1.0	 1 105876274 1776128
 6317305	 0.22000718	 53265 89322 630031	 1 1.0	 1 105876274 1776128
 6317816	 0.22000718	 53271 89332 630076	 1 1.0	 1 105876274 1776128
 6318319	 0.22000718	 53279 89342 630126	 1 1.0	 1 105876274 1776128
 6318805	 0.22000718	 53285 89352 630176	 1 1.0	 1 105876274 1776128
 6319296	 0.22000718	 53289 89361 630226	 1 1.0	 1 105876274 1776128
 6319799	 0.8965517	 53292 89376 630275	 1 1.0	 1 105940882 1778332
 6320332	 0.8965517	 53305 89406 630322	 1 1.0	 1 106493262 1786102
 6320808	 0.8965517	 53318 89449 630373	 1 1.0	 1 106883262 1791982
 6321344	 0.8965517	 53326 89482 630420	 1 1.0	 1 107388762 1800032
 6321797	 0.8965517	 53335 89514 630463	 1 1.0	 1 107805762 1806472
 6322333	 0.8965517	 53344 89545 630509	 1 1.0	 1 108215262 1812562
 6322802	 0.6896552	 53351 89577 630555	 1 1.0	 1 108767590 1820402
 6323316	 0.22000718	 53360 89610 630607	 1 1.0	 1 109059697 1825652
 6323897	 0.8965517	 53374 89626 630663	 1 1.0	 1 109060025 1825652
 6324296	 0.22000718	 53378 89635 630707	 1 1.0	 1 109060025 1825652
 6324815	 0.22000718	 53387 89646 630757	 1 1.0	 1 109060025 1825652
 6325320	 0.22000718	 53395 89656 630807	 1 1.0	 1 109060025 1825652
 6325796	 0.22000718	 53399 89665 630857	 1 1.0	 1 109060353 1825652
 6326315	 0.22000718	 53409 89675 630907	 1 1.0	 1 109060353 1825652
 6326811	 0.22000718	 53420 89689 630961	 1 1.0	 1 109060353 1825652
 6327319	 0.22000718	 53425 89698 631006	 1 1.0	 1 109060353 1825652
 6327805	 0.8965517	 53434 89712 631056	 1 1.0	 1 109060353 1825652
 6328296	 0.22000718	 53446 89726 631108	 1 1.0	 1 109060353 1825652
 6328822	 0.8965517	 53451 89734 631155	 1 1.0	 1 109060353 1825652
 6329305	 0.22000718	 53459 89744 631207	 1 1.0	 1 109060353 1825652
 6329805	 0.8965517	 53464 89757 631256	 1 1.0	 1 109185289 1828136
 6330339	 0.8965517	 53480 89796 631307	 1 1.0	 1 109617341 1833526
 6330847	 0.8965517	 53490 89832 631355	 1 1.0	 1 110127341 1841156
 6331296	 0.8965517	 53500 89858 631402	 1 1.0	 1 110461841 1849428
 6331834	 0.8965517	 53502 89877 631447	 1 1.0	 1 110764841 1853418
 6332310	 0.8965517	 53511 89906 631499	 1 1.0	 1 111052841 1857688
 6332796	 0.8965517	 53522 89933 631548	 1 1.0	 1 111384341 1862168
 6333296	 0.8965517	 53537 89968 631606	 1 1.0	 1 111778841 1866578
 6333800	 0.8965517	 53547 89992 631647	 1 1.0	 1 112071341 1870148
 6334324	 0.22000718	 53555 90012 631696	 1 1.0	 1 112243448 1872598
 6334815	 0.22000718	 53560 90023 631747	 1 1.0	 1 112243448 1872598
 6335315	 0.22000718	 53566 90032 631796	 1 1.0	 1 112243448 1872598
 6335804	 0.22000718	 53572 90041 631846	 1 1.0	 1 112243448 1872598
 6336316	 0.22000718	 53584 90057 631901	 1 1.0	 1 112243448 1872598
 6336805	 0.22000718	 53591 90067 631946	 1 1.0	 1 112243448 1872598
 6337315	 0.22000718	 53598 90078 631997	 1 1.0	 1 112243448 1872598
 6337820	 0.22000718	 53605 90088 632046	 1 1.0	 1 112243776 1872598
 6338296	 0.22000718	 53614 90099 632097	 1 1.0	 1 112243776 1872598
 6338797	 0.8965517	 53621 90109 632145	 1 1.0	 1 112243776 1872598
 6339315	 0.8965517	 53624 90117 632195	 1 1.0	 1 112243776 1872598
 6339796	 0.8965517	 53633 90134 632243	 1 1.0	 1 112329712 1874802
 6340335	 0.8965517	 53642 90174 632290	 1 1.0	 1 112856264 1882432
 6340804	 0.8965517	 53652 90212 632340	 1 1.0	 1 113375264 1889502
 6341295	 0.8965517	 53660 90245 632384	 1 1.0	 1 113885264 1896782
 6341819	 0.8965517	 53671 90282 632430	 1 1.0	 1 114386264 1904832
 6342306	 0.8965517	 53676 90312 632474	 1 1.0	 1 114866264 1912742
 6342850	 0.8965517	 53691 90355 632532	 1 1.0	 1 115409650 1919042
 6343329	 0.8965517	 53699 90369 632573	 1 1.0	 1 115427257 1919532
 6343827	 0.22000718	 53706 90378 632622	 1 1.0	 1 115427257 1919532
 6344314	 0.8965517	 53711 90388 632671	 1 1.0	 1 115427257 1919532
 6344806	 0.22000718	 53717 90397 632722	 1 1.0	 1 115427257 1919532
 6345308	 0.22000718	 53718 90405 632771	 1 1.0	 1 115427257 1919532
 6345822	 0.22000718	 53729 90420 632827	 1 1.0	 1 115427257 1919532
 6346305	 0.22000718	 53734 90430 632872	 1 1.0	 1 115427257 1919532
 6346814	 0.22000718	 53741 90443 632922	 1 1.0	 1 115427585 1919532
 6347305	 0.22000718	 53748 90453 632972	 1 1.0	 1 115427585 1919532
 6347821	 0.22000718	 53755 90463 633022	 1 1.0	 1 115427585 1919532
 6348296	 0.22000718	 53758 90474 633071	 1 1.0	 1 115427585 1919532
 6348815	 0.22000718	 53768 90484 633122	 1 1.0	 1 115427585 1919532
 6349296	 0.8965517	 53775 90497 633170	 1 1.0	 1 115427913 1919532
 6349798	 0.8965517	 53792 90518 633220	 1 1.0	 1 115427913 1919532
 6350315	 0.22000718	 53811 90547 633272	 1 1.0	 1 115428241 1919532
 6350817	 0.22000718	 53829 90569 633322	 1 1.0	 1 115428241 1919532
 6351320	 0.22000718	 53848 90596 633371	 1 1.0	 1 115428241 1919532
 6351811	 0.22000718	 53855 90605 633421	 1 1.0	 1 115428241 1919532
 6352319	 0.8965517	 53875 90634 633481	 1 1.0	 1 115428241 1919532
 6352832	 0.8965517	 53881 90644 633521	 1 1.0	 1 115428241 1919532
 6353296	 0.3448276	 53896 90671 633572	 1 1.0	 1 115428241 1919532
 6353796	 0.8965517	 53905 90693 633621	 1 1.0	 1 115428241 1919532
 6354306	 0.22000718	 53911 90702 633672	 1 1.0	 1 115428241 1919532
 6354815	 0.22000718	 53918 90713 633722	 1 1.0	 1 115428241 1919532
 6355315	 0.8965517	 53927 90729 633778	 1 1.0	 1 115428241 1919532
 6355816	 0.22000718	 53952 90766 633823	 1 1.0	 1 115428241 1919532
 6356309	 0.8965517	 53961 90779 633871	 1 1.0	 1 115428241 1919532
