up_time cpu_freq utime work_time total_time screen_on brightness wifi_on wifi_rx_bytes wifi_tx_bytes
 2712374	 0.8965517	 21588 34142 270838	 1 1.0	 1 34070026 721965
 2712875	 0.22000718	 21596 34154 270889	 1 1.0	 1 34070026 721965
 2713325	 0.22000718	 21619 34182 270939	 1 1.0	 1 34070026 721965
 2713835	 0.8965517	 21628 34197 270988	 1 1.0	 1 34070026 721965
 2714322	 0.7241379	 21648 34225 271034	 1 1.0	 1 34070026 721965
 2714834	 0.22000718	 21671 34264 271089	 1 1.0	 1 34070026 721965
 2715345	 0.8965517	 21693 34294 271137	 1 1.0	 1 34070026 721965
 2715845	 0.22000718	 21699 34306 271189	 1 1.0	 1 34070026 721965
 2716325	 0.22000718	 21712 34321 271238	 1 1.0	 1 34070084 721965
 2716850	 0.22000718	 21718 34331 271288	 1 1.0	 1 34070084 721965
 2717344	 0.22000718	 21724 34341 271338	 1 1.0	 1 34070084 721965
 2717826	 0.22000718	 21731 34356 271390	 1 1.0	 1 34070084 721965
 2718374	 0.8965517	 21744 34385 271436	 1 1.0	 1 34229276 725865
 2718864	 0.8965517	 21753 34408 271483	 1 1.0	 1 34482776 732763
 2719382	 0.8965517	 21757 34436 271533	 1 1.0	 1 34727334 737733
 2719837	 0.55172414	 21767 34465 271577	 1 1.0	 1 34967392 742213
 2720329	 0.22000718	 21775 34489 271628	 1 1.0	 1 35131470 745013
 2720835	 0.22000718	 21792 34507 271688	 1 1.0	 1 35131470 745013
 2721335	 0.22000718	 21799 34518 271730	 1 1.0	 1 35131470 745013
 2721835	 0.22000718	 21805 34527 271779	 1 1.0	 1 35131470 745013
 2722326	 0.22000718	 21810 34536 271828	 1 1.0	 1 35131470 745013
 2722850	 0.22000718	 21817 34545 271878	 1 1.0	 1 35131470 745013
 2723335	 0.22000718	 21824 34555 271929	 1 1.0	 1 35131470 745013
 2723826	 0.22000718	 21830 34566 271980	 1 1.0	 1 35131470 745013
 2724344	 0.8965517	 21843 34582 272035	 1 1.0	 1 35131470 745013
 2724830	 0.8965517	 21858 34598 272075	 1 1.0	 1 35131470 745013
 2725335	 0.22000718	 21865 34610 272129	 1 1.0	 1 35131470 745013
 2725835	 0.22000718	 21877 34627 272179	 1 1.0	 1 35131470 745013
 2726344	 0.22000718	 21885 34637 272229	 1 1.0	 1 35131470 745013
 2726847	 0.8965517	 21893 34648 272280	 1 1.0	 1 35131470 745013
 2727336	 0.22000718	 21897 34658 272328	 1 1.0	 1 35131470 745013
 2727827	 0.8965517	 21903 34671 272375	 1 1.0	 1 35131470 745013
 2728365	 0.8965517	 21909 34696 272427	 1 1.0	 1 35293578 748337
 2728883	 0.8965517	 21918 34725 272479	 1 1.0	 1 35583518 752537
 2729352	 0.3448276	 21929 34756 272527	 1 1.0	 1 35943576 758067
 2729864	 0.22000718	 21938 34776 272574	 1 1.0	 1 36114634 766199
 2730345	 0.8965517	 21952 34799 272628	 1 1.0	 1 36193212 768923
 2730849	 0.8965517	 21957 34808 272672	 1 1.0	 1 36193540 768923
 2731344	 0.22000718	 21963 34817 272723	 1 1.0	 1 36193540 768923
 2731834	 0.22000718	 21970 34827 272773	 1 1.0	 1 36193540 768923
 2732349	 0.22000718	 21976 34837 272823	 1 1.0	 1 36193540 768923
 2732845	 0.22000718	 21984 34847 272873	 1 1.0	 1 36193540 768923
 2733326	 0.22000718	 21989 34855 272921	 1 1.0	 1 36193540 768923
 2733849	 0.22000718	 21996 34866 272974	 1 1.0	 1 36193540 768923
 2734328	 0.8965517	 22006 34879 273023	 1 1.0	 1 36193868 768923
 2734855	 0.22000718	 22012 34889 273073	 1 1.0	 1 36193868 768923
 2735342	 0.8965517	 22023 34903 273122	 1 1.0	 1 36193868 768923
 2735835	 0.22000718	 22028 34913 273173	 1 1.0	 1 36193868 768923
 2736335	 0.8965517	 22034 34923 273222	 1 1.0	 1 36193868 768923
 2736849	 0.22000718	 22042 34933 273273	 1 1.0	 1 36193868 768923
 2737344	 0.22000718	 22046 34944 273323	 1 1.0	 1 36193868 768923
 2737845	 0.22000718	 22052 34953 273372	 1 1.0	 1 36193868 768923
 2738346	 0.8965517	 22063 34977 273422	 1 1.0	 1 36281028 771407
 2738869	 0.8965517	 22072 34999 273473	 1 1.0	 1 36461086 775327
 2739369	 0.8965517	 22078 35018 273520	 1 1.0	 1 36681702 779527
 2739879	 0.8965517	 22094 35050 273576	 1 1.0	 1 36905202 786915
 2740366	 0.8965517	 22099 35065 273615	 1 1.0	 1 37037202 789505
 2740826	 0.8965517	 22111 35085 273662	 1 1.0	 1 37218702 792725
 2741326	 0.22000718	 22118 35099 273712	 1 1.0	 1 37255280 793635
 2741826	 0.22000718	 22127 35110 273762	 1 1.0	 1 37255280 793635
 2742352	 0.8965517	 22135 35119 273811	 1 1.0	 1 37255280 793635
 2742825	 0.22000718	 22142 35129 273862	 1 1.0	 1 37255608 793635
 2743335	 0.22000718	 22146 35138 273911	 1 1.0	 1 37255608 793635
 2743828	 0.22000718	 22150 35147 273961	 1 1.0	 1 37255608 793635
 2744335	 0.22000718	 22158 35157 274012	 1 1.0	 1 37255608 793635
 2744835	 0.8965517	 22171 35171 274061	 1 1.0	 1 37255608 793635
 2745345	 0.8965517	 22177 35180 274111	 1 1.0	 1 37255608 793635
 2745845	 0.22000718	 22184 35191 274162	 1 1.0	 1 37255608 793635
 2746325	 0.22000718	 22189 35200 274211	 1 1.0	 1 37255608 793635
 2746848	 0.22000718	 22193 35209 274261	 1 1.0	 1 37255608 793635
 2747325	 0.22000718	 22196 35218 274311	 1 1.0	 1 37255608 793635
 2747849	 0.22000718	 22204 35230 274362	 1 1.0	 1 37255608 793635
 2748378	 0.8965517	 22208 35252 274412	 1 1.0	 1 37387832 796819
 2748828	 0.8965517	 22220 35272 274458	 1 1.0	 1 37522890 802473
 2749372	 0.8965517	 22231 35299 274515	 1 1.0	 1 37780942 807373
 2749857	 0.22000718	 22238 35316 274557	 1 1.0	 1 37942942 813153
 2750335	 0.22000718	 22249 35342 274606	 1 1.0	 1 38138000 818775
 2750866	 0.8965517	 22254 35363 274652	 1 1.0	 1 38317078 823035
 2751326	 0.8965517	 22257 35371 274699	 1 1.0	 1 38317078 823035
 2751826	 0.22000718	 22264 35381 274751	 1 1.0	 1 38317078 823035
 2752345	 0.22000718	 22266 35391 274801	 1 1.0	 1 38317078 823035
 2752845	 0.22000718	 22272 35401 274852	 1 1.0	 1 38317078 823035
 2753345	 0.22000718	 22277 35411 274901	 1 1.0	 1 38317078 823035
 2753850	 0.22000718	 22283 35424 274951	 1 1.0	 1 38317078 823035
 2754325	 0.22000718	 22294 35439 275001	 1 1.0	 1 38317078 823035
 2754848	 0.22000718	 22297 35447 275050	 1 1.0	 1 38317078 823035
 2755326	 0.8965517	 22301 35458 275100	 1 1.0	 1 38317078 823035
 2755826	 0.22000718	 22307 35466 275150	 1 1.0	 1 38317078 823035
 2756326	 0.22000718	 22314 35476 275201	 1 1.0	 1 38317078 823035
 2756845	 0.8965517	 22318 35486 275251	 1 1.0	 1 38317078 823035
 2757326	 0.22000718	 22325 35497 275301	 1 1.0	 1 38317078 823035
 2757846	 0.22000718	 22331 35505 275350	 1 1.0	 1 38317078 823035
 2758322	 0.8965517	 22341 35525 275397	 1 1.0	 1 38341186 824609
 2758845	 0.8965517	 22352 35547 275457	 1 1.0	 1 38431296 827911
 2759371	 0.8965517	 22360 35571 275500	 1 1.0	 1 38598452 831669
 2759852	 0.8965517	 22370 35595 275547	 1 1.0	 1 38830952 836009
 2760386	 0.8965517	 22382 35622 275596	 1 1.0	 1 39079952 841049
 2760869	 0.8965517	 22394 35652 275646	 1 1.0	 1 39315452 844969
 2761361	 0.22000718	 22400 35664 275694	 1 1.0	 1 39379030 846579
 2761826	 0.22000718	 22408 35674 275744	 1 1.0	 1 39379030 846579
 2762334	 0.8965517	 22413 35682 275792	 1 1.0	 1 39379030 846579
 2762851	 0.22000718	 22418 35692 275844	 1 1.0	 1 39379030 846579
 2763335	 0.22000718	 22426 35701 275894	 1 1.0	 1 39379030 846579
 2763835	 0.22000718	 22437 35717 275944	 1 1.0	 1 39379030 846579
 2764335	 0.8965517	 22439 35727 275994	 1 1.0	 1 39379030 846579
 2764835	 0.22000718	 22442 35737 276044	 1 1.0	 1 39379030 846579
 2765326	 0.22000718	 22447 35747 276094	 1 1.0	 1 39379030 846579
 2765850	 0.22000718	 22455 35759 276145	 1 1.0	 1 39379030 846579
 2766362	 0.22000718	 22461 35769 276194	 1 1.0	 1 39379030 846579
 2766835	 0.8965517	 22466 35777 276242	 1 1.0	 1 39379030 846579
 2767345	 0.22000718	 22474 35787 276294	 1 1.0	 1 39379030 846579
 2767849	 0.22000718	 22482 35798 276344	 1 1.0	 1 39379030 846579
 2768357	 0.8965517	 22494 35826 276402	 1 1.0	 1 39527638 850043
 2768830	 0.7586207	 22503 35844 276439	 1 1.0	 1 39686748 852983
 2769366	 0.8965517	 22508 35866 276490	 1 1.0	 1 39890864 857113
 2769873	 0.8965517	 22515 35886 276539	 1 1.0	 1 40121864 861173
 2770375	 0.8965517	 22520 35907 276588	 1 1.0	 1 40267364 866739
 2770835	 0.8965517	 22527 35924 276636	 1 1.0	 1 40440442 869889
 2771349	 0.22000718	 22534 35935 276686	 1 1.0	 1 40440442 869959
 2771835	 0.8965517	 22536 35942 276733	 1 1.0	 1 40440442 869959
 2772351	 0.22000718	 22542 35953 276785	 1 1.0	 1 40440442 869959
 2772848	 0.22000718	 22547 35962 276834	 1 1.0	 1 40440442 869959
 2773345	 0.22000718	 22559 35977 276885	 1 1.0	 1 40440442 869959
 2773836	 0.22000718	 22565 35987 276935	 1 1.0	 1 40440442 869959
 2774352	 0.22000718	 22574 35997 276985	 1 1.0	 1 40440442 869959
 2774844	 0.8965517	 22582 36006 277034	 1 1.0	 1 40440442 869959
 2775351	 0.22000718	 22589 36020 277086	 1 1.0	 1 40440442 869959
 2775825	 0.22000718	 22595 36029 277135	 1 1.0	 1 40440442 869959
 2776326	 0.8965517	 22598 36037 277183	 1 1.0	 1 40440442 869959
 2776845	 0.22000718	 22604 36046 277234	 1 1.0	 1 40440442 869959
 2777335	 0.8965517	 22608 36053 277283	 1 1.0	 1 40440442 869959
 2777949	 0.8965517	 22621 36069 277342	 1 1.0	 1 40440442 869959
 2778338	 0.3448276	 22636 36098 277385	 1 1.0	 1 40440442 869959
 2778834	 0.8965517	 22652 36122 277434	 1 1.0	 1 40440442 869959
 2779335	 0.22000718	 22662 36142 277489	 1 1.0	 1 40440442 869959
 2779845	 0.22000718	 22681 36172 277535	 1 1.0	 1 40440442 869959
 2780350	 0.22000718	 22687 36183 277585	 1 1.0	 1 40440442 869959
 2780835	 0.22000718	 22695 36193 277635	 1 1.0	 1 40440442 869959
 2781335	 0.22000718	 22700 36202 277684	 1 1.0	 1 40440442 869959
 2781848	 0.8965517	 22706 36210 277733	 1 1.0	 1 40440442 869959
 2782327	 0.22000718	 22713 36221 277785	 1 1.0	 1 40441754 869959
 2782837	 0.8965517	 22722 36236 277835	 1 1.0	 1 40441754 869959
 2783361	 0.22000718	 22747 36275 277887	 1 1.0	 1 40441754 869959
 2783838	 0.22000718	 22753 36290 277935	 1 1.0	 1 40441754 869959
 2784335	 0.22000718	 22760 36300 277985	 1 1.0	 1 40441754 869959
 2784826	 0.6551724	 22778 36330 278031	 1 1.0	 1 40441754 869959
 2785358	 0.8965517	 22790 36352 278085	 1 1.0	 1 40441754 869959
