up_time cpu_freq utime work_time total_time screen_on brightness wifi_on wifi_rx_bytes wifi_tx_bytes
 892732	 0.8965517	 3271 7459 89036	 1 0.11764705882352941	 1 1922271 4134
 893234	 0.8965517	 3281 7475 89086	 1 0.11764705882352941	 1 1923053 4134
 893688	 0.22000718	 3293 7489 89134	 1 0.11764705882352941	 1 1923513 4134
 894209	 0.22000718	 3301 7502 89185	 1 0.11764705882352941	 1 1924639 4134
 894712	 0.8965517	 3307 7513 89234	 1 0.11764705882352941	 1 1926157 4134
 895173	 0.22000718	 3315 7524 89285	 1 0.11764705882352941	 1 1926333 4134
 895699	 0.8965517	 3338 7554 89334	 1 0.11764705882352941	 1 1927059 4134
 896173	 0.8965517	 3349 7566 89384	 1 0.11764705882352941	 1 1928515 4134
 896690	 0.22000718	 3362 7584 89435	 1 0.11764705882352941	 1 1931221 4134
 897197	 0.22000718	 3368 7600 89486	 1 0.11764705882352941	 1 1938273 4134
 897690	 0.22000718	 3374 7612 89534	 1 0.11764705882352941	 1 1943055 4134
 898209	 0.8965517	 3384 7627 89585	 1 0.11764705882352941	 1 1945255 4134
 898712	 0.8965517	 3389 7640 89636	 1 0.11764705882352941	 1 1951687 4134
 899201	 0.22000718	 3398 7653 89684	 1 0.11764705882352941	 1 1954539 4134
 899682	 0.8965517	 3409 7672 89737	 1 0.11764705882352941	 1 1963095 4134
 900201	 0.8965517	 3414 7684 89783	 1 0.11764705882352941	 1 1968505 4134
 900683	 0.22000718	 3420 7696 89832	 1 0.11764705882352941	 1 1971403 4134
 901199	 0.8965517	 3427 7710 89880	 1 0.11764705882352941	 1 1975481 4134
 901673	 0.22000718	 3433 7723 89931	 1 0.11764705882352941	 1 1976201 4134
 902182	 0.8965517	 3440 7735 89983	 1 0.11764705882352941	 1 1976607 4134
 902692	 0.22000718	 3450 7751 90036	 1 0.11764705882352941	 1 1977915 4134
 903183	 0.22000718	 3456 7761 90080	 1 0.11764705882352941	 1 1978961 4134
 903673	 0.8965517	 3462 7771 90131	 1 0.11764705882352941	 1 1979765 4134
 904189	 0.22000718	 3469 7785 90183	 1 0.11764705882352941	 1 1981871 4134
 904696	 0.22000718	 3474 7796 90231	 1 0.11764705882352941	 1 1982637 4134
 905183	 0.22000718	 3483 7806 90281	 1 0.11764705882352941	 1 1983549 4134
 905682	 0.22000718	 3493 7823 90337	 1 0.11764705882352941	 1 1984759 4134
 906183	 0.22000718	 3500 7833 90381	 1 0.11764705882352941	 1 1985165 4134
 906673	 0.22000718	 3509 7847 90432	 1 0.11764705882352941	 1 1985571 4134
 907185	 0.8965517	 3514 7859 90481	 1 0.11764705882352941	 1 1985747 4134
 907695	 0.22000718	 3520 7869 90530	 1 0.11764705882352941	 1 1986467 4134
 908183	 0.22000718	 3528 7880 90580	 1 0.11764705882352941	 1 1986635 4134
 908683	 0.22000718	 3533 7893 90631	 1 0.11764705882352941	 1 1987017 4134
 909190	 0.8965517	 3543 7907 90680	 1 0.11764705882352941	 1 1988435 4134
 909690	 0.22000718	 3552 7918 90730	 1 0.11764705882352941	 1 1991611 4134
 910196	 0.22000718	 3559 7928 90780	 1 0.11764705882352941	 1 1992063 4134
 910693	 0.22000718	 3566 7940 90831	 1 0.11764705882352941	 1 1993405 4134
 911183	 0.22000718	 3573 7950 90880	 1 0.11764705882352941	 1 1994101 4134
 911690	 0.22000718	 3578 7961 90930	 1 0.11764705882352941	 1 1994783 4134
 912183	 0.22000718	 3588 7977 90980	 1 0.11764705882352941	 1 1996393 4134
 912673	 0.22000718	 3595 7990 91030	 1 0.11764705882352941	 1 1997381 4134
 913194	 0.22000718	 3600 8002 91080	 1 0.11764705882352941	 1 1998973 4134
 913673	 0.22000718	 3607 8014 91131	 1 0.11764705882352941	 1 2000575 4134
 914172	 0.22000718	 3613 8027 91180	 1 0.11764705882352941	 1 2002379 4134
 914699	 0.8965517	 3619 8039 91229	 1 0.11764705882352941	 1 2003569 4134
 915173	 0.8965517	 3636 8066 91289	 1 0.11764705882352941	 1 2007167 4134
 915692	 0.22000718	 3642 8078 91330	 1 0.11764705882352941	 1 2008761 4134
 916182	 0.22000718	 3650 8096 91381	 1 0.11764705882352941	 1 2011267 4134
 916686	 0.22000718	 3658 8107 91429	 1 0.11764705882352941	 1 2011673 4134
 917173	 0.22000718	 3661 8118 91479	 1 0.11764705882352941	 1 2013949 4134
 917687	 0.22000718	 3667 8131 91530	 1 0.11764705882352941	 1 2016095 4134
 918194	 0.22000718	 3676 8146 91583	 1 0.11764705882352941	 1 2016593 4134
 918691	 0.22000718	 3684 8159 91629	 1 0.11764705882352941	 1 2018229 4134
 919175	 0.22000718	 3690 8170 91679	 1 0.11764705882352941	 1 2019665 4134
 919686	 0.22000718	 3696 8182 91729	 1 0.11764705882352941	 1 2020389 4134
 920173	 0.8965517	 3704 8195 91778	 1 0.11764705882352941	 1 2021805 4134
 920674	 0.22000718	 3710 8205 91828	 1 0.11764705882352941	 1 2022287 4134
 921198	 0.22000718	 3720 8217 91879	 1 0.11764705882352941	 1 2023635 4134
 921683	 0.22000718	 3730 8233 91929	 1 0.11764705882352941	 1 2024979 4134
 922173	 0.8965517	 3737 8243 91979	 1 0.11764705882352941	 1 2024979 4134
 922692	 0.22000718	 3744 8257 92030	 1 0.11764705882352941	 1 2026243 4134
 923194	 0.22000718	 3750 8267 92079	 1 0.11764705882352941	 1 2027331 4134
 923674	 0.8965517	 3757 8281 92128	 1 0.11764705882352941	 1 2027331 4134
 924187	 0.8965517	 3759 8291 92178	 1 0.11764705882352941	 1 2028373 4134
 924692	 0.22000718	 3768 8306 92230	 1 0.11764705882352941	 1 2028909 4134
 925183	 0.8965517	 3777 8317 92279	 1 0.11764705882352941	 1 2029529 4134
 925699	 0.22000718	 3786 8329 92330	 1 0.11764705882352941	 1 2030203 4134
 926176	 0.22000718	 3792 8337 92378	 1 0.11764705882352941	 1 2030957 4134
 926673	 0.22000718	 3799 8350 92429	 1 0.11764705882352941	 1 2032171 4134
 927182	 0.22000718	 3806 8362 92480	 1 0.11764705882352941	 1 2033497 4134
 927687	 0.8965517	 3820 8378 92536	 1 0.11764705882352941	 1 2033945 4134
 928173	 0.22000718	 3827 8390 92579	 1 0.11764705882352941	 1 2035739 4134
 928672	 0.22000718	 3834 8402 92629	 1 0.11764705882352941	 1 2036301 4134
 929183	 0.22000718	 3840 8411 92678	 1 0.11764705882352941	 1 2037651 4134
 929673	 0.8965517	 3847 8421 92728	 1 0.11764705882352941	 1 2038279 4134
 930194	 0.22000718	 3855 8434 92778	 1 0.11764705882352941	 1 2039033 4134
 930695	 0.22000718	 3863 8449 92830	 1 0.11764705882352941	 1 2040645 4134
 931197	 0.22000718	 3868 8462 92878	 1 0.11764705882352941	 1 2042139 4134
 931676	 0.22000718	 3872 8472 92926	 1 0.11764705882352941	 1 2042729 4134
 932182	 0.22000718	 3879 8485 92976	 1 0.11764705882352941	 1 2044345 4134
 932673	 0.8965517	 3889 8512 93028	 1 0.11764705882352941	 1 2045187 4134
