up_time cpu_freq utime work_time total_time screen_on brightness wifi_on wifi_rx_bytes wifi_tx_bytes
 5419242	 0.22000718	 15242 31789 473996	 1 0.11764705882352941	 1 83838777 1945038
 5419831	 0.8965517	 15269 31826 474053	 1 0.11764705882352941	 1 83838945 1945038
 5420238	 0.22000718	 15276 31839 474095	 1 0.11764705882352941	 1 83839435 1945038
 5420706	 0.8965517	 15299 31871 474142	 1 0.11764705882352941	 1 83839695 1945038
 5421227	 0.22000718	 15318 31896 474193	 1 0.11764705882352941	 1 83839695 1945038
 5421704	 0.22000718	 15327 31910 474247	 1 0.11764705882352941	 1 83839971 1945038
 5422233	 0.22000718	 15352 31939 474294	 1 0.11764705882352941	 1 83840101 1945038
 5422714	 0.22000718	 15363 31951 474345	 1 0.11764705882352941	 1 83840721 1945038
 5423204	 0.22000718	 15368 31961 474393	 1 0.11764705882352941	 1 83841073 1945038
 5423703	 0.22000718	 15377 31972 474444	 1 0.11764705882352941	 1 83841295 1945038
 5424228	 0.22000718	 15391 31991 474503	 1 0.11764705882352941	 1 83841893 1945038
 5424714	 0.8965517	 15397 32003 474544	 1 0.11764705882352941	 1 83842459 1945038
 5425218	 0.8965517	 15407 32042 474591	 1 0.11764705882352941	 1 84236729 1953742
 5425724	 0.8965517	 15417 32071 474641	 1 0.11764705882352941	 1 84675183 1963882
 5426251	 0.8965517	 15427 32106 474688	 1 0.11764705882352941	 1 85278511 1977112
 5426699	 0.8965517	 15437 32142 474731	 1 0.11764705882352941	 1 85832465 1989502
 5427231	 0.5862069	 15450 32181 474780	 1 0.11764705882352941	 1 86379063 2001892
 5427760	 0.8965517	 15458 32220 474829	 1 0.11764705882352941	 1 86935715 2014422
 5428255	 0.8965517	 15468 32254 474878	 1 0.11764705882352941	 1 87395365 2025438
 5428764	 0.8965517	 15474 32283 474925	 1 0.11764705882352941	 1 87913531 2038450
 5429244	 0.8965517	 15485 32316 474972	 1 0.11764705882352941	 1 88310235 2048010
 5429762	 0.8965517	 15494 32348 475018	 1 0.11764705882352941	 1 88732875 2057390
 5430229	 0.8965517	 15499 32376 475065	 1 0.11764705882352941	 1 89005563 2064180
 5430726	 0.22000718	 15507 32399 475114	 1 0.11764705882352941	 1 89169286 2068310
 5431203	 0.8965517	 15515 32411 475159	 1 0.11764705882352941	 1 89169562 2068310
 5431728	 0.22000718	 15522 32422 475212	 1 0.11764705882352941	 1 89169654 2068310
 5432228	 0.22000718	 15531 32436 475262	 1 0.11764705882352941	 1 89169746 2068310
 5432704	 0.22000718	 15537 32446 475312	 1 0.11764705882352941	 1 89170068 2068310
 5433214	 0.22000718	 15541 32456 475361	 1 0.11764705882352941	 1 89170382 2068310
 5433744	 0.8965517	 15552 32475 475418	 1 0.11764705882352941	 1 89170658 2068310
 5434227	 0.22000718	 15558 32488 475462	 1 0.11764705882352941	 1 89170750 2068310
 5434703	 0.22000718	 15568 32500 475512	 1 0.11764705882352941	 1 89171064 2068310
 5435235	 0.7241379	 15579 32528 475559	 1 0.11764705882352941	 1 89708404 2080874
 5435724	 0.8965517	 15594 32570 475606	 1 0.11764705882352941	 1 90527150 2099354
 5436211	 0.5862069	 15604 32607 475652	 1 0.11764705882352941	 1 91326254 2117974
 5436741	 0.8965517	 15616 32650 475703	 1 0.11764705882352941	 1 92217978 2138344
 5437211	 0.8965517	 15628 32692 475753	 1 0.11764705882352941	 1 92985610 2156054
 5437714	 0.8965517	 15638 32710 475800	 1 0.11764705882352941	 1 93202928 2161024
 5438243	 0.51724136	 15646 32749 475848	 1 0.11764705882352941	 1 93996624 2179786
 5438705	 0.8965517	 15662 32785 475896	 1 0.11764705882352941	 1 94454760 2190720
 5439231	 0.22000718	 15670 32802 475946	 1 0.11764705882352941	 1 94515833 2192260
 5439718	 0.22000718	 15674 32811 475995	 1 0.11764705882352941	 1 94516093 2192260
 5440229	 0.22000718	 15683 32822 476046	 1 0.11764705882352941	 1 94516185 2192260
 5440714	 0.22000718	 15687 32832 476096	 1 0.11764705882352941	 1 94516277 2192260
 5441224	 0.8965517	 15695 32844 476146	 1 0.11764705882352941	 1 94516277 2192260
 5441704	 0.22000718	 15701 32855 476196	 1 0.11764705882352941	 1 94516369 2192260
 5442203	 0.22000718	 15711 32866 476245	 1 0.11764705882352941	 1 94516461 2192260
 5442727	 0.22000718	 15720 32880 476295	 1 0.11764705882352941	 1 94516959 2192260
 5443213	 0.8965517	 15734 32899 476355	 1 0.11764705882352941	 1 94517595 2192260
 5443728	 0.22000718	 15746 32912 476396	 1 0.11764705882352941	 1 94517733 2192260
 5444203	 0.22000718	 15754 32924 476447	 1 0.11764705882352941	 1 94518101 2192260
 5444717	 0.8965517	 15761 32935 476495	 1 0.11764705882352941	 1 94518607 2192260
 5445233	 0.8965517	 15770 32963 476542	 1 0.11764705882352941	 1 94948161 2203250
 5445719	 0.8965517	 15781 32997 476585	 1 0.11764705882352941	 1 95606079 2218370
 5446238	 0.6551724	 15793 33034 476634	 1 0.11764705882352941	 1 96410657 2236990
 5446725	 0.79310346	 15806 33073 476683	 1 0.11764705882352941	 1 97156715 2254952
 5447223	 0.8965517	 15816 33111 476729	 1 0.11764705882352941	 1 97974195 2273434
 5447725	 0.62068963	 15835 33155 476784	 1 0.11764705882352941	 1 98583625 2288920
 5448226	 0.8965517	 15843 33186 476824	 1 0.11764705882352941	 1 99288383 2305278
 5448701	 0.8965517	 15856 33219 476869	 1 0.11764705882352941	 1 99799581 2317248
 5449233	 0.22000718	 15862 33235 476921	 1 0.11764705882352941	 1 99843474 2318718
 5449725	 0.22000718	 15870 33247 476972	 1 0.11764705882352941	 1 99843980 2318718
 5450229	 0.22000718	 15875 33258 477021	 1 0.11764705882352941	 1 99844440 2318718
 5450729	 0.22000718	 15882 33269 477070	 1 0.11764705882352941	 1 99844578 2318718
 5451213	 0.22000718	 15890 33280 477120	 1 0.11764705882352941	 1 99845406 2318718
 5451728	 0.22000718	 15899 33292 477171	 1 0.11764705882352941	 1 99845682 2318718
 5452203	 0.22000718	 15906 33305 477221	 1 0.11764705882352941	 1 99846142 2318718
 5452714	 0.22000718	 15917 33321 477270	 1 0.11764705882352941	 1 99846372 2318718
 5453203	 0.22000718	 15924 33333 477321	 1 0.11764705882352941	 1 99846510 2318718
 5453727	 0.22000718	 15930 33343 477370	 1 0.11764705882352941	 1 99847016 2318718
 5454213	 0.22000718	 15938 33355 477421	 1 0.11764705882352941	 1 99847338 2318718
 5454704	 0.22000718	 15945 33366 477471	 1 0.11764705882352941	 1 99847384 2318718
 5455262	 0.8965517	 15953 33397 477518	 1 0.11764705882352941	 1 100191342 2327856
 5455734	 0.8965517	 15964 33430 477564	 1 0.11764705882352941	 1 100696336 2340868
 5456237	 0.8965517	 15970 33462 477611	 1 0.11764705882352941	 1 101192722 2353830
 5456730	 0.6896552	 15979 33497 477658	 1 0.11764705882352941	 1 101891592 2371572
 5457233	 0.8965517	 15996 33543 477718	 1 0.11764705882352941	 1 102682228 2389882
 5457718	 0.8965517	 16002 33573 477752	 1 0.11764705882352941	 1 103133200 2400662
 5458231	 0.8965517	 16008 33610 477800	 1 0.11764705882352941	 1 104001348 2420822
 5458721	 0.62068963	 16021 33651 477849	 1 0.11764705882352941	 1 104850170 2439792
 5459213	 0.22000718	 16030 33677 477898	 1 0.11764705882352941	 1 105181339 2447562
 5459704	 0.22000718	 16037 33689 477948	 1 0.11764705882352941	 1 105182127 2447562
 5460214	 0.22000718	 16042 33701 477997	 1 0.11764705882352941	 1 105182479 2447562
 5460703	 0.22000718	 16046 33711 478047	 1 0.11764705882352941	 1 105183167 2447562
 5461229	 0.22000718	 16054 33721 478097	 1 0.11764705882352941	 1 105183389 2447562
 5461729	 0.22000718	 16063 33735 478148	 1 0.11764705882352941	 1 105183825 2447562
 5462219	 0.22000718	 16073 33751 478197	 1 0.11764705882352941	 1 105183993 2447562
 5462704	 0.22000718	 16080 33761 478247	 1 0.11764705882352941	 1 105184039 2447562
 5463227	 0.22000718	 16087 33773 478298	 1 0.11764705882352941	 1 105184223 2447562
 5463734	 0.8965517	 16096 33785 478349	 1 0.11764705882352941	 1 105184315 2447562
 5464204	 0.22000718	 16107 33797 478397	 1 0.11764705882352941	 1 105184403 2447562
 5464703	 0.22000718	 16113 33808 478448	 1 0.11764705882352941	 1 105184809 2447562
 5465216	 0.6896552	 16121 33838 478495	 1 0.11764705882352941	 1 105702791 2460082
 5465707	 0.8965517	 16130 33874 478541	 1 0.11764705882352941	 1 106360927 2475424
 5466240	 0.8965517	 16139 33917 478593	 1 0.11764705882352941	 1 107234121 2495794
 5466732	 0.8965517	 16155 33962 478646	 1 0.11764705882352941	 1 108071695 2515302
 5467222	 0.3448276	 16165 34000 478690	 1 0.11764705882352941	 1 108646549 2528872
 5467744	 0.8965517	 16173 34029 478738	 1 0.11764705882352941	 1 109074701 2538462
 5468231	 0.8965517	 16182 34068 478783	 1 0.11764705882352941	 1 109879049 2556802
 5468701	 0.6551724	 16194 34097 478829	 1 0.11764705882352941	 1 110506084 2571712
 5469229	 0.22000718	 16202 34109 478883	 1 0.11764705882352941	 1 110506222 2571712
 5469723	 0.22000718	 16210 34120 478933	 1 0.11764705882352941	 1 110506582 2571712
 5470203	 0.22000718	 16220 34131 478984	 1 0.11764705882352941	 1 110506720 2571712
 5470714	 0.22000718	 16228 34141 479032	 1 0.11764705882352941	 1 110506942 2571712
 5471213	 0.22000718	 16237 34151 479082	 1 0.11764705882352941	 1 110507264 2571712
 5471728	 0.22000718	 16253 34168 479133	 1 0.11764705882352941	 1 110507540 2571712
 5472214	 0.22000718	 16257 34178 479182	 1 0.11764705882352941	 1 110507678 2571712
 5472704	 0.22000718	 16265 34190 479234	 1 0.11764705882352941	 1 110508230 2571712
 5473204	 0.22000718	 16271 34201 479282	 1 0.11764705882352941	 1 110508544 2571712
 5473722	 0.22000718	 16280 34213 479332	 1 0.11764705882352941	 1 110508766 2571712
 5474213	 0.22000718	 16287 34224 479382	 1 0.11764705882352941	 1 110509042 2571712
 5474728	 0.22000718	 16294 34236 479433	 1 0.11764705882352941	 1 110509256 2571712
 5475229	 0.8965517	 16300 34259 479473	 1 0.11764705882352941	 1 111097326 2585466
 5475735	 0.8965517	 16309 34297 479521	 1 0.11764705882352941	 1 111940812 2605136
 5476211	 0.8965517	 16323 34346 479578	 1 0.11764705882352941	 1 112855384 2625296
 5476756	 0.8965517	 16330 34373 479618	 1 0.11764705882352941	 1 113259126 2635660
 5477219	 0.8965517	 16341 34406 479662	 1 0.11764705882352941	 1 113774418 2646930
 5477726	 0.8965517	 16349 34440 479711	 1 0.11764705882352941	 1 114342196 2661042
 5478203	 0.7241379	 16362 34473 479753	 1 0.11764705882352941	 1 114961540 2675392
 5478726	 0.86206895	 16372 34508 479802	 1 0.11764705882352941	 1 115765942 2694012
 5479236	 0.22000718	 16380 34524 479854	 1 0.11764705882352941	 1 115831217 2695902
 5479715	 0.22000718	 16391 34539 479902	 1 0.11764705882352941	 1 115831769 2695902
 5480207	 0.22000718	 16400 34551 479954	 1 0.11764705882352941	 1 115832137 2695902
 5480703	 0.22000718	 16407 34562 480003	 1 0.11764705882352941	 1 115832505 2695902
 5481228	 0.22000718	 16419 34578 480053	 1 0.11764705882352941	 1 115832911 2695902
 5481714	 0.22000718	 16421 34589 480103	 1 0.11764705882352941	 1 115832957 2695902
 5482222	 0.22000718	 16430 34601 480154	 1 0.11764705882352941	 1 115833409 2695902
 5482715	 0.22000718	 16436 34610 480202	 1 0.11764705882352941	 1 115833665 2695902
 5483227	 0.22000718	 16444 34620 480252	 1 0.11764705882352941	 1 115834193 2695902
 5483703	 0.22000718	 16454 34631 480303	 1 0.11764705882352941	 1 115834743 2695902
 5484225	 0.22000718	 16464 34643 480353	 1 0.11764705882352941	 1 115835225 2695902
 5484715	 0.22000718	 16472 34658 480402	 1 0.11764705882352941	 1 115836051 2695902
 5485220	 0.3448276	 16491 34690 480452	 1 0.11764705882352941	 1 115836487 2695902
 5485703	 0.22000718	 16514 34722 480504	 1 0.11764705882352941	 1 115836617 2695902
 5486204	 0.8965517	 16524 34740 480552	 1 0.11764705882352941	 1 115837283 2695902
 5486722	 0.22000718	 16535 34755 480602	 1 0.11764705882352941	 1 115837597 2695902
 5487204	 0.22000718	 16542 34766 480652	 1 0.11764705882352941	 1 115838149 2695902
 5487718	 0.22000718	 16547 34775 480701	 1 0.11764705882352941	 1 115838747 2695902
 5488204	 0.22000718	 16552 34786 480751	 1 0.11764705882352941	 1 115839015 2695902
 5488703	 0.22000718	 16562 34802 480802	 1 0.11764705882352941	 1 115839413 2695902
 5489212	 0.8965517	 16566 34818 480852	 1 0.11764705882352941	 1 115839819 2695902
 5489703	 0.22000718	 16578 34838 480900	 1 0.11764705882352941	 1 115840003 2695902
 5490227	 0.22000718	 16590 34855 480957	 1 0.11764705882352941	 1 115840447 2695902
 5490703	 0.22000718	 16598 34867 481002	 1 0.11764705882352941	 1 115840807 2695902
 5491204	 0.22000718	 16605 34879 481052	 1 0.11764705882352941	 1 115841075 2695902
 5491726	 0.8965517	 16611 34891 481102	 1 0.11764705882352941	 1 115841603 2695902
 5492204	 0.22000718	 16616 34901 481152	 1 0.11764705882352941	 1 115841783 2695902
 5492715	 0.22000718	 16622 34912 481201	 1 0.11764705882352941	 1 115842547 2695902
 5493228	 0.22000718	 16630 34923 481252	 1 0.11764705882352941	 1 115843013 2695902
 5493723	 0.8965517	 16635 34934 481301	 1 0.11764705882352941	 1 115843281 2695902
 5494228	 0.22000718	 16643 34946 481352	 1 0.11764705882352941	 1 115843847 2695902
 5494703	 0.8965517	 16660 34978 481401	 1 0.11764705882352941	 1 115844307 2695902
 5495205	 0.8965517	 16679 35010 481450	 1 0.11764705882352941	 1 115844399 2695902
 5495723	 0.8965517	 16698 35044 481500	 1 0.11764705882352941	 1 115844491 2695902
 5496214	 0.22000718	 16706 35054 481552	 1 0.11764705882352941	 1 115844583 2695902
