up_time cpu_freq utime work_time total_time screen_on brightness wifi_on wifi_rx_bytes wifi_tx_bytes
 4614730	 0.8965517	 10639 21712 393880	 1 0.11764705882352941	 1 25688703 595856
 4615222	 0.8965517	 10667 21745 393928	 1 0.11764705882352941	 1 25689323 595856
 4615696	 0.8965517	 10680 21766 393984	 1 0.11764705882352941	 1 25690127 595856
 4616174	 0.22000718	 10709 21807 394031	 1 0.11764705882352941	 1 25690425 595856
 4616696	 0.22000718	 10718 21820 394077	 1 0.11764705882352941	 1 25691191 595856
 4617197	 0.8965517	 10732 21839 394136	 1 0.11764705882352941	 1 25691643 595856
 4617691	 0.22000718	 10749 21867 394178	 1 0.11764705882352941	 1 25691995 595856
 4618173	 0.8965517	 10755 21878 394227	 1 0.11764705882352941	 1 25692829 595856
 4618699	 0.22000718	 10762 21890 394277	 1 0.11764705882352941	 1 25693135 595856
 4619173	 0.22000718	 10770 21900 394327	 1 0.11764705882352941	 1 25693939 595856
 4619672	 0.22000718	 10782 21920 394379	 1 0.11764705882352941	 1 25694249 595856
 4620204	 0.8965517	 10792 21955 394427	 1 0.11764705882352941	 1 26091181 606280
 4620688	 0.8965517	 10800 21990 394474	 1 0.11764705882352941	 1 26616355 618460
 4621204	 0.55172414	 10810 22029 394526	 1 0.11764705882352941	 1 27388311 636590
 4621674	 0.8965517	 10819 22062 394572	 1 0.11764705882352941	 1 27824836 646740
 4622176	 0.22000718	 10824 22072 394620	 1 0.11764705882352941	 1 27825456 646740
 4622695	 0.22000718	 10833 22084 394670	 1 0.11764705882352941	 1 27825854 646740
 4623193	 0.22000718	 10841 22096 394722	 1 0.11764705882352941	 1 27826536 646740
 4623689	 0.22000718	 10848 22106 394770	 1 0.11764705882352941	 1 27826812 646740
 4624183	 0.22000718	 10854 22116 394820	 1 0.11764705882352941	 1 27826950 646740
 4624673	 0.22000718	 10862 22126 394870	 1 0.11764705882352941	 1 27827256 646740
 4625173	 0.22000718	 10867 22136 394919	 1 0.11764705882352941	 1 27827850 646740
 4625686	 0.22000718	 10880 22152 394969	 1 0.11764705882352941	 1 27827988 646740
 4626188	 0.22000718	 10887 22167 395022	 1 0.11764705882352941	 1 27828494 646740
 4626690	 0.8965517	 10895 22179 395069	 1 0.11764705882352941	 1 27828770 646740
 4627192	 0.22000718	 10901 22190 395118	 1 0.11764705882352941	 1 27829276 646740
 4627667	 0.8965517	 10913 22204 395165	 1 0.11764705882352941	 1 27829782 646740
 4628196	 0.22000718	 10920 22216 395218	 1 0.11764705882352941	 1 27829966 646740
 4628684	 0.22000718	 10927 22226 395268	 1 0.11764705882352941	 1 27830518 646740
 4629195	 0.8965517	 10934 22239 395320	 1 0.11764705882352941	 1 27831088 646740
 4629675	 0.22000718	 10944 22255 395368	 1 0.11764705882352941	 1 27831658 646740
 4630193	 0.8965517	 10954 22294 395416	 1 0.11764705882352941	 1 28504098 662944
 4630698	 0.5862069	 10960 22334 395466	 1 0.11764705882352941	 1 29300218 681624
 4631218	 0.8965517	 10970 22364 395514	 1 0.11764705882352941	 1 29826618 694426
 4631705	 0.8965517	 10979 22389 395564	 1 0.11764705882352941	 1 29962505 697798
 4632174	 0.22000718	 10985 22398 395613	 1 0.11764705882352941	 1 29962903 697798
 4632700	 0.8965517	 10989 22407 395662	 1 0.11764705882352941	 1 29963707 697798
 4633184	 0.22000718	 10995 22420 395713	 1 0.11764705882352941	 1 29964465 697798
 4633687	 0.8965517	 11008 22438 395771	 1 0.11764705882352941	 1 29965243 697798
 4634174	 0.22000718	 11013 22449 395813	 1 0.11764705882352941	 1 29965867 697798
 4634698	 0.22000718	 11020 22460 395864	 1 0.11764705882352941	 1 29966541 697798
 4635173	 0.22000718	 11026 22472 395913	 1 0.11764705882352941	 1 29966809 697798
 4635697	 0.22000718	 11035 22483 395964	 1 0.11764705882352941	 1 29967537 697798
 4636188	 0.8965517	 11045 22501 396013	 1 0.11764705882352941	 1 29967989 697798
 4636704	 0.22000718	 11052 22512 396064	 1 0.11764705882352941	 1 29969047 697798
 4637183	 0.22000718	 11056 22522 396113	 1 0.11764705882352941	 1 29969821 697798
 4637694	 0.8965517	 11067 22535 396166	 1 0.11764705882352941	 1 29970273 697798
 4638185	 0.22000718	 11072 22546 396213	 1 0.11764705882352941	 1 29971193 697798
 4638674	 0.22000718	 11077 22556 396263	 1 0.11764705882352941	 1 29971975 697798
 4639192	 0.22000718	 11080 22565 396312	 1 0.11764705882352941	 1 29972205 697798
 4639693	 0.8965517	 11086 22575 396363	 1 0.11764705882352941	 1 29972619 697798
 4640222	 0.8965517	 11090 22608 396412	 1 0.11764705882352941	 1 30408055 708612
 4640674	 0.8965517	 11095 22642 396456	 1 0.11764705882352941	 1 30918699 721002
 4641181	 0.62068963	 11106 22679 396503	 1 0.11764705882352941	 1 31540887 735492
 4641692	 0.22000718	 11114 22713 396553	 1 0.11764705882352941	 1 32099768 748232
 4642199	 0.22000718	 11129 22730 396604	 1 0.11764705882352941	 1 32099936 748232
 4642697	 0.22000718	 11134 22741 396654	 1 0.11764705882352941	 1 32100418 748232
 4643183	 0.22000718	 11139 22752 396704	 1 0.11764705882352941	 1 32100728 748232
 4643698	 0.22000718	 11146 22764 396754	 1 0.11764705882352941	 1 32101508 748232
 4644200	 0.8965517	 11153 22775 396803	 1 0.11764705882352941	 1 32101822 748232
 4644697	 0.22000718	 11157 22785 396853	 1 0.11764705882352941	 1 32102412 748232
 4645174	 0.22000718	 11166 22796 396903	 1 0.11764705882352941	 1 32102910 748232
 4645674	 0.22000718	 11173 22807 396954	 1 0.11764705882352941	 1 32102910 748232
 4646201	 0.22000718	 11186 22823 397009	 1 0.11764705882352941	 1 32103614 748232
 4646683	 0.22000718	 11196 22838 397055	 1 0.11764705882352941	 1 32104012 748232
 4647190	 0.22000718	 11199 22850 397104	 1 0.11764705882352941	 1 32104334 748232
 4647674	 0.22000718	 11204 22860 397154	 1 0.11764705882352941	 1 32104924 748232
 4648175	 0.22000718	 11210 22870 397203	 1 0.11764705882352941	 1 32105410 748302
 4648683	 0.22000718	 11214 22880 397253	 1 0.11764705882352941	 1 32105628 748302
 4649199	 0.8965517	 11220 22891 397303	 1 0.11764705882352941	 1 32106176 748302
 4649684	 0.22000718	 11224 22901 397353	 1 0.11764705882352941	 1 32106264 748302
 4650202	 0.8965517	 11233 22935 397399	 1 0.11764705882352941	 1 32697064 762864
 4650688	 0.8965517	 11251 22971 397448	 1 0.11764705882352941	 1 33033982 770564
 4651174	 0.55172414	 11260 23008 397495	 1 0.11764705882352941	 1 33723050 786314
 4651683	 0.8965517	 11276 23044 397543	 1 0.11764705882352941	 1 34234903 798494
 4652183	 0.22000718	 11282 23055 397593	 1 0.11764705882352941	 1 34235607 798494
 4652683	 0.22000718	 11288 23065 397643	 1 0.11764705882352941	 1 34235867 798494
 4653174	 0.22000718	 11294 23076 397693	 1 0.11764705882352941	 1 34236547 798494
 4653683	 0.22000718	 11301 23086 397743	 1 0.11764705882352941	 1 34236811 798494
 4654199	 0.22000718	 11309 23096 397793	 1 0.11764705882352941	 1 34237201 798494
 4654690	 0.8965517	 11319 23112 397843	 1 0.11764705882352941	 1 34237905 798494
 4655183	 0.22000718	 11326 23124 397894	 1 0.11764705882352941	 1 34238173 798494
 4655684	 0.22000718	 11332 23137 397944	 1 0.11764705882352941	 1 34239031 798494
 4656198	 0.22000718	 11338 23148 397993	 1 0.11764705882352941	 1 34240127 798494
 4656704	 0.8965517	 11352 23167 398050	 1 0.11764705882352941	 1 34240495 798494
 4657173	 0.22000718	 11360 23179 398094	 1 0.11764705882352941	 1 34241231 798494
 4657673	 0.8965517	 11367 23191 398144	 1 0.11764705882352941	 1 34242407 798678
 4658197	 0.22000718	 11375 23207 398194	 1 0.11764705882352941	 1 34242633 798678
 4658687	 0.8965517	 11383 23223 398249	 1 0.11764705882352941	 1 34243549 798678
 4659174	 0.8965517	 11390 23234 398293	 1 0.11764705882352941	 1 34244093 798678
 4659675	 0.22000718	 11395 23245 398342	 1 0.11764705882352941	 1 34244989 798678
 4660167	 0.8965517	 11400 23283 398387	 1 0.11764705882352941	 1 34799333 812082
 4660677	 0.37931034	 11409 23320 398438	 1 0.11764705882352941	 1 35618167 832002
 4661192	 0.51724136	 11422 23355 398485	 1 0.11764705882352941	 1 36384110 849060
 4661697	 0.22000718	 11433 23369 398538	 1 0.11764705882352941	 1 36384944 849060
 4662188	 0.22000718	 11439 23381 398587	 1 0.11764705882352941	 1 36385434 849060
 4662673	 0.22000718	 11445 23392 398637	 1 0.11764705882352941	 1 36386016 849060
 4663199	 0.22000718	 11460 23409 398689	 1 0.11764705882352941	 1 36386486 849060
 4663688	 0.8965517	 11464 23419 398737	 1 0.11764705882352941	 1 36386968 849060
 4664197	 0.22000718	 11473 23430 398786	 1 0.11764705882352941	 1 36387656 849060
 4664697	 0.22000718	 11481 23439 398835	 1 0.11764705882352941	 1 36388100 849060
 4665184	 0.22000718	 11490 23451 398886	 1 0.11764705882352941	 1 36388988 849060
 4665687	 0.22000718	 11495 23461 398935	 1 0.11764705882352941	 1 36389722 849060
 4666174	 0.22000718	 11504 23474 398986	 1 0.11764705882352941	 1 36390020 849060
 4666687	 0.8965517	 11512 23485 399037	 1 0.11764705882352941	 1 36390452 849060
 4667174	 0.22000718	 11524 23500 399086	 1 0.11764705882352941	 1 36390750 849060
 4667695	 0.8965517	 11529 23512 399136	 1 0.11764705882352941	 1 36391576 849060
 4668199	 0.22000718	 11537 23523 399188	 1 0.11764705882352941	 1 36392436 849060
 4668700	 0.22000718	 11543 23534 399237	 1 0.11764705882352941	 1 36392810 849060
 4669195	 0.8965517	 11549 23543 399285	 1 0.11764705882352941	 1 36393028 849060
 4669701	 0.22000718	 11555 23553 399336	 1 0.11764705882352941	 1 36393702 849060
 4670204	 0.8965517	 11564 23584 399381	 1 0.11764705882352941	 1 37035960 863514
 4670710	 0.8965517	 11574 23624 399431	 1 0.11764705882352941	 1 37688596 878144
 4671193	 0.8965517	 11586 23660 399478	 1 0.11764705882352941	 1 38281566 892770
 4671674	 0.8965517	 11593 23677 399522	 1 0.11764705882352941	 1 38523845 899070
 4672174	 0.22000718	 11601 23689 399573	 1 0.11764705882352941	 1 38524611 899070
 4672683	 0.22000718	 11609 23700 399624	 1 0.11764705882352941	 1 38524925 899070
 4673196	 0.22000718	 11615 23710 399673	 1 0.11764705882352941	 1 38525477 899070
 4673673	 0.22000718	 11621 23720 399723	 1 0.11764705882352941	 1 38525799 899070
 4674192	 0.22000718	 11627 23732 399774	 1 0.11764705882352941	 1 38525845 899070
 4674694	 0.22000718	 11634 23743 399823	 1 0.11764705882352941	 1 38526611 899070
 4675184	 0.8965517	 11647 23758 399878	 1 0.11764705882352941	 1 38527047 899070
 4675692	 0.22000718	 11654 23769 399923	 1 0.11764705882352941	 1 38527299 899070
 4676203	 0.22000718	 11662 23781 399974	 1 0.11764705882352941	 1 38527995 899070
 4676674	 0.22000718	 11666 23792 400023	 1 0.11764705882352941	 1 38528301 899070
 4677184	 0.22000718	 11670 23802 400073	 1 0.11764705882352941	 1 38529219 899070
 4677683	 0.22000718	 11677 23812 400123	 1 0.11764705882352941	 1 38529961 899070
 4678173	 0.22000718	 11680 23823 400173	 1 0.11764705882352941	 1 38530045 899070
 4678692	 0.22000718	 11688 23836 400224	 1 0.11764705882352941	 1 38530649 899070
 4679195	 0.8965517	 11692 23844 400272	 1 0.11764705882352941	 1 38531131 899070
 4679674	 0.22000718	 11705 23859 400322	 1 0.11764705882352941	 1 38531605 899070
 4680175	 0.3448276	 11723 23896 400372	 1 0.11764705882352941	 1 38532049 899070
 4680698	 0.22000718	 11739 23920 400424	 1 0.11764705882352941	 1 38532443 899070
 4681184	 0.8965517	 11750 23938 400471	 1 0.11764705882352941	 1 38532799 899070
 4681675	 0.8965517	 11765 23962 400523	 1 0.11764705882352941	 1 38533465 899070
 4682183	 0.22000718	 11770 23974 400572	 1 0.11764705882352941	 1 38533813 899070
 4682683	 0.8965517	 11782 23998 400622	 1 0.11764705882352941	 1 38534581 899070
 4683199	 0.22000718	 11792 24010 400673	 1 0.11764705882352941	 1 38535437 899070
 4683686	 0.8965517	 11802 24027 400722	 1 0.11764705882352941	 1 38536049 899070
 4684186	 0.22000718	 11810 24039 400773	 1 0.11764705882352941	 1 38537025 899070
 4684698	 0.22000718	 11825 24070 400824	 1 0.11764705882352941	 1 38537675 899070
 4685170	 0.8965517	 11842 24102 400870	 1 0.11764705882352941	 1 38537893 899070
 4685684	 0.22000718	 11863 24133 400923	 1 0.11764705882352941	 1 38538559 899070
