up_time cpu_freq utime work_time total_time screen_on brightness wifi_on wifi_rx_bytes wifi_tx_bytes
 184749	 0.86206895	 2136 3462 18430	 1 0.11764705882352941	 1 174503 2356
 185227	 0.8965517	 2158 3491 18472	 1 0.11764705882352941	 1 175039 2356
 185688	 0.8965517	 2175 3513 18523	 1 0.11764705882352941	 1 175835 2356
 186192	 0.8965517	 2188 3533 18570	 1 0.11764705882352941	 1 177099 2356
 186665	 0.8965517	 2202 3557 18617	 1 0.11764705882352941	 1 177513 2356
 187175	 0.8965517	 2209 3569 18668	 1 0.11764705882352941	 1 178795 2356
 187661	 0.8965517	 2235 3603 18716	 1 0.11764705882352941	 1 179209 2356
 188136	 0.8965517	 2242 3619 18767	 1 0.11764705882352941	 1 180381 2356
 188654	 0.22000718	 2251 3631 18817	 1 0.11764705882352941	 1 181791 2356
 189161	 0.8965517	 2262 3646 18867	 1 0.11764705882352941	 1 182303 2356
 189666	 0.8965517	 2270 3658 18917	 1 0.11764705882352941	 1 183551 2356
 190127	 0.8965517	 2275 3670 18967	 1 0.11764705882352941	 1 184171 2356
 190635	 0.79310346	 2287 3686 19022	 1 0.11764705882352941	 1 185451 2356
 191163	 0.8965517	 2293 3699 19068	 1 0.11764705882352941	 1 186923 2356
 191667	 0.8965517	 2302 3711 19117	 1 0.11764705882352941	 1 187615 2356
 192135	 0.8965517	 2313 3727 19170	 1 0.11764705882352941	 1 189191 2356
 192635	 0.8965517	 2320 3741 19217	 1 0.11764705882352941	 1 190859 2356
 193127	 0.22000718	 2337 3762 19274	 1 0.11764705882352941	 1 191617 2356
 193674	 0.8965517	 2345 3780 19321	 1 0.11764705882352941	 1 193443 2356
 194149	 0.22000718	 2353 3792 19367	 1 0.11764705882352941	 1 194207 2356
 194650	 0.8965517	 2360 3802 19415	 1 0.11764705882352941	 1 195921 2356
 195134	 0.8965517	 2367 3814 19467	 1 0.11764705882352941	 1 197665 2356
 195627	 0.8965517	 2378 3828 19516	 1 0.11764705882352941	 1 198063 2356
 196157	 0.8965517	 2388 3848 19565	 1 0.11764705882352941	 1 199387 2356
 196667	 0.8965517	 2396 3859 19614	 1 0.11764705882352941	 1 200107 2356
 197134	 0.8965517	 2405 3875 19664	 1 0.11764705882352941	 1 200895 2356
 197664	 0.8965517	 2412 3888 19713	 1 0.11764705882352941	 1 202801 2356
 198163	 0.8965517	 2416 3900 19764	 1 0.11764705882352941	 1 204415 2356
 198644	 0.8965517	 2424 3916 19814	 1 0.11764705882352941	 1 205541 2356
 199144	 0.8965517	 2429 3929 19865	 1 0.11764705882352941	 1 207491 2356
 199644	 0.8965517	 2438 3940 19914	 1 0.11764705882352941	 1 208069 2356
 200189	 0.8965517	 2449 3956 19966	 1 0.11764705882352941	 1 209679 2356
 200636	 0.22000718	 2458 3969 20015	 1 0.11764705882352941	 1 211183 2356
 201143	 0.22000718	 2465 3980 20064	 1 0.11764705882352941	 1 211681 2356
 201670	 0.8965517	 2475 3995 20116	 1 0.11764705882352941	 1 214161 2356
 202126	 0.8965517	 2481 4006 20162	 1 0.11764705882352941	 1 215835 2356
 202653	 0.8965517	 2490 4020 20214	 1 0.11764705882352941	 1 216823 2356
 203172	 0.8965517	 2497 4035 20265	 1 0.11764705882352941	 1 219057 2356
 203655	 0.22000718	 2505 4049 20313	 1 0.11764705882352941	 1 220297 2356
 204157	 0.8965517	 2512 4061 20361	 1 0.11764705882352941	 1 221797 2356
 204634	 0.8965517	 2520 4073 20411	 1 0.11764705882352941	 1 224821 2356
 205144	 0.8965517	 2527 4086 20459	 1 0.11764705882352941	 1 225869 2356
 205643	 0.8965517	 2533 4101 20511	 1 0.11764705882352941	 1 228037 2356
 206137	 0.8965517	 2541 4114 20562	 1 0.11764705882352941	 1 229945 2356
 206645	 0.8965517	 2550 4130 20610	 1 0.11764705882352941	 1 231799 2356
 207126	 0.22000718	 2556 4143 20660	 1 0.11764705882352941	 1 234189 2356
 207634	 0.22000718	 2562 4157 20710	 1 0.11764705882352941	 1 236661 2356
 208143	 0.22000718	 2571 4173 20759	 1 0.11764705882352941	 1 238085 2356
 208651	 0.8965517	 2578 4187 20810	 1 0.11764705882352941	 1 241387 2356
 209158	 0.8965517	 2584 4200 20858	 1 0.11764705882352941	 1 242873 2356
 209663	 0.7586207	 2595 4217 20913	 1 0.11764705882352941	 1 245309 2356
 210126	 0.8965517	 2602 4230 20959	 1 0.11764705882352941	 1 247743 2356
 210626	 0.22000718	 2609 4242 21008	 1 0.11764705882352941	 1 248931 2356
 211156	 0.8965517	 2620 4259 21064	 1 0.11764705882352941	 1 251137 2356
 211633	 0.22000718	 2627 4270 21108	 1 0.11764705882352941	 1 252133 2356
 212126	 0.22000718	 2635 4281 21158	 1 0.11764705882352941	 1 252723 2356
 212672	 0.8965517	 2639 4293 21209	 1 0.11764705882352941	 1 254359 2356
 213160	 0.8965517	 2647 4308 21259	 1 0.11764705882352941	 1 255359 2356
 213665	 0.8965517	 2656 4321 21309	 1 0.11764705882352941	 1 257239 2356
 214143	 0.22000718	 2661 4333 21360	 1 0.11764705882352941	 1 259205 2356
 214659	 0.22000718	 2674 4348 21409	 1 0.11764705882352941	 1 260085 2356
 215133	 0.22000718	 2682 4361 21459	 1 0.11764705882352941	 1 261835 2356
 215652	 0.8965517	 2688 4371 21507	 1 0.11764705882352941	 1 263323 2356
 216126	 0.22000718	 2700 4387 21559	 1 0.11764705882352941	 1 264223 2356
 216644	 0.22000718	 2707 4398 21608	 1 0.11764705882352941	 1 265087 2356
 217159	 0.22000718	 2713 4410 21659	 1 0.11764705882352941	 1 265863 2356
 217635	 0.8965517	 2729 4431 21718	 1 0.11764705882352941	 1 267451 2356
 218143	 0.8965517	 2735 4441 21757	 1 0.11764705882352941	 1 268741 2356
 218648	 0.22000718	 2745 4453 21808	 1 0.11764705882352941	 1 269565 2356
 219134	 0.22000718	 2757 4470 21865	 1 0.11764705882352941	 1 270687 2356
 219653	 0.8965517	 2763 4481 21908	 1 0.11764705882352941	 1 272529 2356
 220161	 0.8965517	 2770 4494 21958	 1 0.11764705882352941	 1 273773 2356
 220654	 0.8965517	 2777 4506 22008	 1 0.11764705882352941	 1 275787 2356
 221143	 0.22000718	 2788 4521 22059	 1 0.11764705882352941	 1 276583 2356
 221643	 0.8965517	 2795 4533 22109	 1 0.11764705882352941	 1 278697 2356
 222144	 0.22000718	 2799 4545 22159	 1 0.11764705882352941	 1 280655 2356
 222634	 0.8965517	 2808 4560 22208	 1 0.11764705882352941	 1 282015 2356
 223135	 0.22000718	 2813 4573 22258	 1 0.11764705882352941	 1 284609 2356
 223634	 0.8965517	 2818 4584 22309	 1 0.11764705882352941	 1 286785 2356
 224153	 0.8965517	 2829 4599 22361	 1 0.11764705882352941	 1 287897 2356
 224686	 0.8965517	 2836 4612 22410	 1 0.11764705882352941	 1 289563 2356
 225161	 0.8965517	 2856 4644 22460	 1 0.11764705882352941	 1 291569 2356
 225626	 0.8965517	 2876 4674 22506	 1 0.11764705882352941	 1 292457 2356
