up_time cpu_freq utime work_time total_time screen_on brightness wifi_on wifi_rx_bytes wifi_tx_bytes
 4878357	 0.8965517	 12294 25028 420164	 1 0.11764705882352941	 1 38701395 899116
 4878842	 0.6551724	 12312 25059 420212	 1 0.11764705882352941	 1 38701441 899116
 4879352	 0.8965517	 12326 25080 420264	 1 0.11764705882352941	 1 38701809 899116
 4879845	 0.3448276	 12346 25118 420315	 1 0.11764705882352941	 1 38701893 899116
 4880334	 0.22000718	 12357 25134 420364	 1 0.11764705882352941	 1 38702199 899116
 4880847	 0.22000718	 12363 25144 420414	 1 0.11764705882352941	 1 38702581 899116
 4881344	 0.22000718	 12388 25179 420466	 1 0.11764705882352941	 1 38702749 899116
 4881844	 0.22000718	 12397 25192 420516	 1 0.11764705882352941	 1 38703285 899116
 4882334	 0.22000718	 12404 25204 420564	 1 0.11764705882352941	 1 38703469 899116
 4882849	 0.8965517	 12416 25222 420620	 1 0.11764705882352941	 1 38704097 899116
 4883334	 0.8965517	 12420 25232 420664	 1 0.11764705882352941	 1 38704921 899116
 4883821	 0.82758623	 12431 25258 420712	 1 0.11764705882352941	 1 38709659 899640
 4884342	 0.8965517	 12441 25291 420761	 1 0.11764705882352941	 1 39217717 911400
 4884857	 0.8965517	 12452 25333 420811	 1 0.11764705882352941	 1 40048441 931000
 4885350	 0.8965517	 12463 25373 420860	 1 0.11764705882352941	 1 40834148 948992
 4885843	 0.22000718	 12472 25385 420910	 1 0.11764705882352941	 1 40834584 948992
 4886343	 0.22000718	 12479 25395 420960	 1 0.11764705882352941	 1 40835238 949062
 4886843	 0.8965517	 12486 25405 421009	 1 0.11764705882352941	 1 40835506 949062
 4887344	 0.22000718	 12495 25422 421061	 1 0.11764705882352941	 1 40835996 949062
 4887837	 0.22000718	 12502 25433 421110	 1 0.11764705882352941	 1 40836252 949132
 4888335	 0.22000718	 12506 25444 421159	 1 0.11764705882352941	 1 40836796 949132
 4888845	 0.22000718	 12516 25457 421211	 1 0.11764705882352941	 1 40837072 949132
 4889343	 0.22000718	 12523 25466 421259	 1 0.11764705882352941	 1 40837210 949132
 4889844	 0.22000718	 12530 25477 421310	 1 0.11764705882352941	 1 40837428 949132
 4890347	 0.22000718	 12536 25489 421359	 1 0.11764705882352941	 1 40837910 949132
 4890848	 0.22000718	 12542 25499 421409	 1 0.11764705882352941	 1 40838182 949132
 4891324	 0.22000718	 12555 25517 421467	 1 0.11764705882352941	 1 40838542 949132
 4891843	 0.8965517	 12562 25527 421509	 1 0.11764705882352941	 1 40838806 949202
 4892348	 0.22000718	 12570 25538 421559	 1 0.11764705882352941	 1 40839400 949202
 4892833	 0.8965517	 12579 25549 421610	 1 0.11764705882352941	 1 40839998 949202
 4893333	 0.22000718	 12587 25562 421660	 1 0.11764705882352941	 1 40840412 949202
 4893835	 0.22000718	 12593 25574 421710	 1 0.11764705882352941	 1 40841158 949350
 4894331	 0.8965517	 12603 25611 421755	 1 0.11764705882352941	 1 41525596 965616
 4894853	 0.8965517	 12613 25654 421805	 1 0.11764705882352941	 1 42381656 985754
 4895321	 0.8965517	 12618 25695 421850	 1 0.11764705882352941	 1 42933242 998704
 4895947	 0.8965517	 12633 25714 421912	 1 0.11764705882352941	 1 42972323 999964
 4896328	 0.22000718	 12636 25726 421955	 1 0.11764705882352941	 1 42972737 999964
 4896850	 0.8965517	 12640 25736 422003	 1 0.11764705882352941	 1 42973541 999964
 4897359	 0.22000718	 12652 25762 422054	 1 0.11764705882352941	 1 42974183 1000310
 4897850	 0.22000718	 12659 25773 422103	 1 0.11764705882352941	 1 42974919 1000310
 4898324	 0.22000718	 12665 25783 422154	 1 0.11764705882352941	 1 42975747 1000310
 4898833	 0.22000718	 12669 25794 422203	 1 0.11764705882352941	 1 42976253 1000380
 4899324	 0.22000718	 12677 25806 422254	 1 0.11764705882352941	 1 42977153 1000380
 4899845	 0.8965517	 12682 25816 422304	 1 0.11764705882352941	 1 42977781 1000380
 4900344	 0.8965517	 12699 25836 422358	 1 0.11764705882352941	 1 42977965 1000380
 4900838	 0.22000718	 12707 25847 422404	 1 0.11764705882352941	 1 42978049 1000380
 4901347	 0.8965517	 12714 25858 422453	 1 0.11764705882352941	 1 42978141 1000380
 4901833	 0.22000718	 12718 25869 422504	 1 0.11764705882352941	 1 42978631 1000380
 4902348	 0.22000718	 12728 25882 422555	 1 0.11764705882352941	 1 42979037 1000380
 4902847	 0.22000718	 12735 25891 422603	 1 0.11764705882352941	 1 42979205 1000380
 4903349	 0.22000718	 12741 25903 422654	 1 0.11764705882352941	 1 42979763 1000380
 4903848	 0.22000718	 12749 25916 422704	 1 0.11764705882352941	 1 42980325 1000528
 4904354	 0.8965517	 12764 25960 422758	 1 0.11764705882352941	 1 43762099 1019362
 4904862	 0.8965517	 12772 25995 422802	 1 0.11764705882352941	 1 44330061 1032662
 4905381	 0.8965517	 12785 26031 422851	 1 0.11764705882352941	 1 44909489 1046726
 4905838	 0.22000718	 12795 26053 422900	 1 0.11764705882352941	 1 45110414 1052326
 4906324	 0.22000718	 12803 26064 422949	 1 0.11764705882352941	 1 45110690 1052326
 4906833	 0.22000718	 12807 26075 422999	 1 0.11764705882352941	 1 45110862 1052326
 4907324	 0.22000718	 12814 26086 423049	 1 0.11764705882352941	 1 45111498 1052326
 4907843	 0.22000718	 12819 26098 423099	 1 0.11764705882352941	 1 45112552 1052326
 4908351	 0.22000718	 12829 26111 423148	 1 0.11764705882352941	 1 45113096 1052326
 4908845	 0.22000718	 12846 26134 423206	 1 0.11764705882352941	 1 45114080 1052326
 4909333	 0.22000718	 12852 26146 423248	 1 0.11764705882352941	 1 45114624 1052326
 4909852	 0.22000718	 12856 26160 423300	 1 0.11764705882352941	 1 45115274 1052326
 4910327	 0.22000718	 12864 26173 423349	 1 0.11764705882352941	 1 45115894 1052326
 4910843	 0.8965517	 12872 26186 423399	 1 0.11764705882352941	 1 45116216 1052326
 4911333	 0.22000718	 12879 26198 423449	 1 0.11764705882352941	 1 45116484 1052326
 4911834	 0.22000718	 12886 26209 423498	 1 0.11764705882352941	 1 45117104 1052326
 4912343	 0.22000718	 12893 26222 423549	 1 0.11764705882352941	 1 45117326 1052326
 4912824	 0.22000718	 12897 26232 423599	 1 0.11764705882352941	 1 45117602 1052326
 4913333	 0.22000718	 12909 26250 423649	 1 0.11764705882352941	 1 45117878 1052326
 4913848	 0.22000718	 12917 26263 423699	 1 0.11764705882352941	 1 45118244 1052544
 4914333	 0.8965517	 12931 26299 423744	 1 0.11764705882352941	 1 45768880 1067340
 4914852	 0.8965517	 12938 26334 423793	 1 0.11764705882352941	 1 46656074 1088130
 4915335	 0.22000718	 12950 26372 423844	 1 0.11764705882352941	 1 47245051 1101710
 4915847	 0.22000718	 12957 26383 423892	 1 0.11764705882352941	 1 47245495 1101710
 4916344	 0.22000718	 12967 26395 423942	 1 0.11764705882352941	 1 47245709 1101710
 4916824	 0.22000718	 12975 26405 423992	 1 0.11764705882352941	 1 47246413 1101710
 4917324	 0.22000718	 12983 26415 424042	 1 0.11764705882352941	 1 47246893 1101710
 4917824	 0.22000718	 12994 26431 424091	 1 0.11764705882352941	 1 47247297 1101710
 4918361	 0.8965517	 13000 26442 424141	 1 0.11764705882352941	 1 47247571 1101710
 4918833	 0.8965517	 13008 26453 424191	 1 0.11764705882352941	 1 47247815 1101710
 4919334	 0.22000718	 13014 26466 424242	 1 0.11764705882352941	 1 47248013 1101710
 4919823	 0.22000718	 13021 26477 424292	 1 0.11764705882352941	 1 47248143 1101710
 4920334	 0.22000718	 13029 26491 424342	 1 0.11764705882352941	 1 47248277 1101710
 4920824	 0.22000718	 13035 26500 424390	 1 0.11764705882352941	 1 47248821 1101710
 4921347	 0.22000718	 13041 26512 424441	 1 0.11764705882352941	 1 47249537 1101710
 4921824	 0.8965517	 13052 26528 424497	 1 0.11764705882352941	 1 47249851 1101710
 4922334	 0.22000718	 13057 26538 424541	 1 0.11764705882352941	 1 47250379 1101710
 4922860	 0.8965517	 13064 26550 424593	 1 0.11764705882352941	 1 47251003 1101710
 4923344	 0.8965517	 13070 26560 424640	 1 0.11764705882352941	 1 47251233 1101710
 4923845	 0.22000718	 13078 26572 424691	 1 0.11764705882352941	 1 47251653 1102094
 4924349	 0.4827586	 13086 26605 424737	 1 0.11764705882352941	 1 48010791 1120460
 4924865	 0.8965517	 13093 26638 424783	 1 0.11764705882352941	 1 48478913 1131766
 4925372	 0.3448276	 13100 26671 424830	 1 0.11764705882352941	 1 49094277 1146256
 4925845	 0.22000718	 13111 26693 424877	 1 0.11764705882352941	 1 49382088 1153606
 4926344	 0.22000718	 13124 26710 424928	 1 0.11764705882352941	 1 49382784 1153606
 4926833	 0.22000718	 13131 26721 424977	 1 0.11764705882352941	 1 49383380 1153606
 4927334	 0.8965517	 13137 26732 425026	 1 0.11764705882352941	 1 49383656 1153606
 4927846	 0.22000718	 13144 26745 425077	 1 0.11764705882352941	 1 49384476 1153606
 4928353	 0.22000718	 13152 26756 425126	 1 0.11764705882352941	 1 49384790 1153606
 4928848	 0.22000718	 13161 26768 425177	 1 0.11764705882352941	 1 49385296 1153606
 4929324	 0.22000718	 13166 26780 425226	 1 0.11764705882352941	 1 49385552 1153606
 4929833	 0.22000718	 13173 26791 425277	 1 0.11764705882352941	 1 49385678 1153606
 4930334	 0.22000718	 13182 26810 425335	 1 0.11764705882352941	 1 49386166 1153606
 4930846	 0.8965517	 13189 26819 425375	 1 0.11764705882352941	 1 49386572 1153606
 4931343	 0.22000718	 13191 26831 425426	 1 0.11764705882352941	 1 49387130 1153606
 4931849	 0.8965517	 13197 26842 425477	 1 0.11764705882352941	 1 49387628 1153606
 4932335	 0.22000718	 13205 26853 425526	 1 0.11764705882352941	 1 49388034 1153606
 4932845	 0.8965517	 13210 26864 425575	 1 0.11764705882352941	 1 49388440 1153606
 4933324	 0.22000718	 13216 26874 425626	 1 0.11764705882352941	 1 49389106 1153606
 4933850	 0.22000718	 13228 26889 425677	 1 0.11764705882352941	 1 49389660 1153990
 4934340	 0.62068963	 13235 26921 425722	 1 0.11764705882352941	 1 50031214 1169110
 4934849	 0.8965517	 13248 26967 425778	 1 0.11764705882352941	 1 50844984 1188220
 4935384	 0.8965517	 13258 27001 425820	 1 0.11764705882352941	 1 51407150 1202988
 4935882	 0.8965517	 13269 27027 425871	 1 0.11764705882352941	 1 51522269 1205858
 4936328	 0.8965517	 13273 27036 425917	 1 0.11764705882352941	 1 51523035 1205858
 4936844	 0.22000718	 13282 27049 425969	 1 0.11764705882352941	 1 51524027 1205858
 4937324	 0.8965517	 13289 27059 426018	 1 0.11764705882352941	 1 51525107 1205858
 4937833	 0.22000718	 13298 27072 426070	 1 0.11764705882352941	 1 51525505 1205858
 4938350	 0.22000718	 13303 27083 426118	 1 0.11764705882352941	 1 51526171 1205858
 4938824	 0.22000718	 13308 27093 426168	 1 0.11764705882352941	 1 51526899 1205858
 4939344	 0.22000718	 13319 27110 426218	 1 0.11764705882352941	 1 51527305 1205858
 4939824	 0.22000718	 13327 27120 426269	 1 0.11764705882352941	 1 51527887 1205858
 4940334	 0.22000718	 13332 27131 426318	 1 0.11764705882352941	 1 51528331 1205858
 4940846	 0.8965517	 13341 27146 426370	 1 0.11764705882352941	 1 51528921 1205858
 4941334	 0.22000718	 13347 27156 426420	 1 0.11764705882352941	 1 51529931 1205858
 4941848	 0.22000718	 13356 27167 426469	 1 0.11764705882352941	 1 51530199 1205858
 4942334	 0.22000718	 13361 27177 426518	 1 0.11764705882352941	 1 51530965 1205858
 4942846	 0.8965517	 13367 27186 426567	 1 0.11764705882352941	 1 51531409 1205858
 4943343	 0.22000718	 13378 27202 426624	 1 0.11764705882352941	 1 51531811 1205928
 4943824	 0.22000718	 13383 27215 426670	 1 0.11764705882352941	 1 51532607 1205928
 4944343	 0.8965517	 13398 27248 426718	 1 0.11764705882352941	 1 51533487 1205928
 4944838	 0.22000718	 13416 27274 426770	 1 0.11764705882352941	 1 51533709 1205928
 4945338	 0.8965517	 13430 27296 426820	 1 0.11764705882352941	 1 51534031 1205928
 4945824	 0.22000718	 13440 27309 426870	 1 0.11764705882352941	 1 51534261 1205928
 4946321	 0.4827586	 13448 27326 426916	 1 0.11764705882352941	 1 51534721 1205928
 4946843	 0.22000718	 13459 27340 426969	 1 0.11764705882352941	 1 51535403 1205928
 4947321	 0.3448276	 13473 27366 427018	 1 0.11764705882352941	 1 51535901 1205928
 4947849	 0.8965517	 13490 27397 427074	 1 0.11764705882352941	 1 51536567 1205928
 4948333	 0.3448276	 13514 27432 427118	 1 0.11764705882352941	 1 51537149 1205928
 4948834	 0.22000718	 13527 27451 427169	 1 0.11764705882352941	 1 51537463 1205928
