up_time cpu_freq utime work_time total_time screen_on brightness wifi_on wifi_rx_bytes wifi_tx_bytes
 2726108	 0.37931034	 15746 37727 272434	 1 0.00392156862745098	 1 365361 34481
 2726603	 0.22000718	 15759 37747 272483	 1 0.00392156862745098	 1 365361 34481
 2727065	 0.22000718	 15768 37761 272531	 1 0.00392156862745098	 1 365361 34481
 2727566	 0.37931034	 15774 37777 272582	 1 0.00392156862745098	 1 365361 34481
 2728059	 0.37931034	 15790 37804 272639	 1 0.00392156862745098	 1 365361 34481
 2728576	 0.3448276	 15821 37846 272683	 1 0.00392156862745098	 1 365689 34481
 2729083	 0.37931034	 15851 37887 272732	 1 0.00392156862745098	 1 365689 34481
 2729564	 0.37931034	 15885 37936 272786	 1 0.00392156862745098	 1 365689 34481
 2730075	 0.22000718	 15894 37953 272831	 1 0.00392156862745098	 1 365689 34481
 2730575	 0.37931034	 15903 37966 272880	 1 0.00392156862745098	 1 365689 34481
 2731065	 0.22000718	 15913 37980 272931	 1 0.00392156862745098	 1 365689 34481
 2731565	 0.22000718	 15934 38006 272994	 1 0.00392156862745098	 1 365689 34481
 2732065	 0.22000718	 15942 38023 273033	 1 0.00392156862745098	 1 365689 34481
 2732565	 0.37931034	 15965 38059 273100	 1 0.00392156862745098	 1 365689 34481
 2733087	 0.37931034	 15980 38089 273130	 1 0.00392156862745098	 1 365689 34481
 2733575	 0.37931034	 15989 38138 273179	 1 0.00392156862745098	 1 365689 34481
 2734056	 0.37931034	 15996 38188 273229	 1 0.00392156862745098	 1 365689 34481
 2734563	 0.37931034	 16002 38239 273280	 1 0.00392156862745098	 1 365689 34481
 2735068	 0.37931034	 16024 38288 273329	 1 0.00392156862745098	 1 365689 34481
 2735556	 0.37931034	 16031 38338 273379	 1 0.00392156862745098	 1 365689 34481
 2736063	 0.37931034	 16037 38388 273429	 1 0.00392156862745098	 1 365689 34481
 2736556	 0.37931034	 16042 38438 273479	 1 0.00392156862745098	 1 365689 34481
 2737068	 0.37931034	 16050 38488 273529	 1 0.00392156862745098	 1 365689 34481
 2737573	 0.37931034	 16055 38540 273581	 1 0.00392156862745098	 1 365689 34481
 2738057	 0.37931034	 16077 38599 273640	 1 0.00392156862745098	 1 365689 34481
 2738557	 0.37931034	 16084 38639 273680	 1 0.00392156862745098	 1 365689 34481
 2739068	 0.37931034	 16093 38688 273729	 1 0.00392156862745098	 1 365689 34481
 2739576	 0.37931034	 16102 38738 273779	 1 0.00392156862745098	 1 365689 34481
 2740062	 0.37931034	 16117 38788 273829	 1 0.00392156862745098	 1 365689 34481
 2740573	 0.37931034	 16126 38840 273881	 1 0.00392156862745098	 1 365689 34481
 2741068	 0.37931034	 16134 38888 273929	 1 0.00392156862745098	 1 365689 34481
 2741572	 0.37931034	 16152 38939 273980	 1 0.00392156862745098	 1 365825 34665
 2742068	 0.37931034	 16158 38988 274029	 1 0.00392156862745098	 1 365825 34665
 2742572	 0.37931034	 16166 39039 274080	 1 0.00392156862745098	 1 365825 34665
 2743057	 0.37931034	 16171 39088 274129	 1 0.00392156862745098	 1 365825 34665
 2743562	 0.37931034	 16178 39138 274179	 1 0.00392156862745098	 1 365825 34665
 2744073	 0.37931034	 16187 39190 274231	 1 0.00392156862745098	 1 365825 34665
 2744668	 0.37931034	 16204 39248 274289	 1 0.00392156862745098	 1 365825 34665
 2745072	 0.37931034	 16212 39288 274329	 1 0.00392156862745098	 1 365825 34665
 2745568	 0.37931034	 16221 39339 274380	 1 0.00392156862745098	 1 365825 34665
 2746070	 0.37931034	 16228 39388 274429	 1 0.00392156862745098	 1 365825 34665
 2746572	 0.37931034	 16236 39438 274479	 1 0.00392156862745098	 1 365871 34711
 2747072	 0.37931034	 16243 39489 274530	 1 0.00392156862745098	 1 365871 34711
 2747573	 0.37931034	 16258 39549 274590	 1 0.00392156862745098	 1 365871 34711
 2748057	 0.37931034	 16269 39589 274630	 1 0.00392156862745098	 1 365871 34711
 2748575	 0.37931034	 16275 39638 274679	 1 0.00392156862745098	 1 365871 34711
 2749067	 0.37931034	 16280 39689 274730	 1 0.00392156862745098	 1 365871 34711
 2749563	 0.37931034	 16287 39738 274779	 1 0.00392156862745098	 1 365871 34711
 2750072	 0.37931034	 16289 39788 274829	 1 0.00392156862745098	 1 365871 34711
 2750556	 0.37931034	 16298 39838 274879	 1 0.00392156862745098	 1 365871 34711
 2751182	 0.37931034	 16313 39899 274940	 1 0.00392156862745098	 1 365871 34711
 2751584	 0.37931034	 16321 39939 274980	 1 0.00392156862745098	 1 365871 34711
 2752058	 0.37931034	 16328 39988 275029	 1 0.00392156862745098	 1 365871 34711
 2752572	 0.37931034	 16337 40038 275079	 1 0.00392156862745098	 1 365871 34711
 2753072	 0.37931034	 16344 40088 275129	 1 0.00392156862745098	 1 366199 34711
 2753562	 0.37931034	 16350 40138 275179	 1 0.00392156862745098	 1 366199 34711
 2754068	 0.37931034	 16355 40188 275229	 1 0.00392156862745098	 1 366199 34711
 2754558	 0.37931034	 16369 40240 275281	 1 0.00392156862745098	 1 366199 34711
 2755065	 0.37931034	 16378 40288 275329	 1 0.00392156862745098	 1 366199 34711
 2755563	 0.37931034	 16386 40339 275380	 1 0.00392156862745098	 1 366199 34711
 2756078	 0.37931034	 16393 40388 275429	 1 0.00392156862745098	 1 366199 34711
 2756571	 0.37931034	 16400 40438 275479	 1 0.00392156862745098	 1 366199 34711
 2757074	 0.37931034	 16407 40488 275529	 1 0.00392156862745098	 1 366199 34711
 2757672	 0.37931034	 16424 40548 275589	 1 0.00392156862745098	 1 366199 34711
 2758063	 0.37931034	 16433 40588 275629	 1 0.00392156862745098	 1 366199 34711
 2758573	 0.37931034	 16442 40639 275680	 1 0.00392156862745098	 1 366855 34711
 2759063	 0.37931034	 16451 40688 275729	 1 0.00392156862745098	 1 366855 34711
 2759563	 0.37931034	 16458 40738 275779	 1 0.00392156862745098	 1 366855 34711
 2760078	 0.37931034	 16465 40789 275830	 1 0.00392156862745098	 1 366855 34711
 2760569	 0.37931034	 16480 40848 275889	 1 0.00392156862745098	 1 366855 34711
 2761068	 0.37931034	 16487 40888 275929	 1 0.00392156862745098	 1 366855 34711
 2761576	 0.37931034	 16494 40938 275979	 1 0.00392156862745098	 1 366855 34711
 2762056	 0.37931034	 16504 40989 276030	 1 0.00392156862745098	 1 366855 34711
 2762582	 0.37931034	 16513 41040 276081	 1 0.00392156862745098	 1 366855 34711
 2763069	 0.37931034	 16520 41089 276130	 1 0.00392156862745098	 1 366855 34711
 2763567	 0.37931034	 16526 41138 276179	 1 0.00392156862745098	 1 366855 34711
 2764057	 0.37931034	 16544 41189 276230	 1 0.00392156862745098	 1 366855 34711
 2764557	 0.37931034	 16549 41238 276279	 1 0.00392156862745098	 1 366855 34711
 2765057	 0.37931034	 16555 41288 276329	 1 0.00392156862745098	 1 366855 34711
 2765575	 0.37931034	 16561 41338 276379	 1 0.00392156862745098	 1 366855 34711
 2766057	 0.37931034	 16565 41388 276429	 1 0.00392156862745098	 1 366855 34711
 2766563	 0.37931034	 16568 41439 276480	 1 0.00392156862745098	 1 366855 34711
 2767057	 0.37931034	 16571 41488 276529	 1 0.00392156862745098	 1 366855 34711
 2767573	 0.37931034	 16589 41539 276580	 1 0.00392156862745098	 1 366855 34711
 2768072	 0.37931034	 16597 41588 276629	 1 0.00392156862745098	 1 366855 34711
 2768556	 0.37931034	 16605 41638 276679	 1 0.00392156862745098	 1 366855 34711
 2769062	 0.37931034	 16614 41688 276729	 1 0.00392156862745098	 1 366855 34711
 2769570	 0.37931034	 16623 41739 276780	 1 0.00392156862745098	 1 366855 34711
 2770071	 0.37931034	 16631 41788 276829	 1 0.00392156862745098	 1 366855 34711
 2770557	 0.37931034	 16648 41852 276893	 1 0.00392156862745098	 1 366855 34711
 2771083	 0.37931034	 16658 41889 276930	 1 0.00392156862745098	 1 366855 34711
 2771572	 0.37931034	 16664 41938 276979	 1 0.00392156862745098	 1 366855 34711
 2772063	 0.37931034	 16673 41989 277030	 1 0.00392156862745098	 1 366855 34711
 2772574	 0.37931034	 16681 42039 277080	 1 0.00392156862745098	 1 366855 34711
 2773057	 0.37931034	 16688 42088 277129	 1 0.00392156862745098	 1 366855 34711
 2773569	 0.37931034	 16696 42139 277180	 1 0.00392156862745098	 1 366855 34711
 2774056	 0.37931034	 16711 42188 277229	 1 0.00392156862745098	 1 366855 34711
 2774562	 0.37931034	 16718 42238 277279	 1 0.00392156862745098	 1 366855 34711
 2775075	 0.37931034	 16723 42290 277331	 1 0.00392156862745098	 1 366855 34711
 2775557	 0.37931034	 16733 42338 277379	 1 0.00392156862745098	 1 366855 34711
 2776057	 0.37931034	 16740 42388 277429	 1 0.00392156862745098	 1 366855 34711
 2776557	 0.37931034	 16748 42438 277479	 1 0.00392156862745098	 1 366855 34711
 2777064	 0.37931034	 16765 42499 277540	 1 0.00392156862745098	 1 366855 34711
 2777563	 0.37931034	 16774 42538 277579	 1 0.00392156862745098	 1 366855 34711
 2778078	 0.37931034	 16783 42589 277630	 1 0.00392156862745098	 1 366855 34711
 2778563	 0.37931034	 16791 42638 277679	 1 0.00392156862745098	 1 366855 34711
 2779068	 0.37931034	 16798 42689 277730	 1 0.00392156862745098	 1 366855 34711
 2779563	 0.37931034	 16808 42740 277781	 1 0.00392156862745098	 1 366855 34711
 2780057	 0.37931034	 16813 42788 277829	 1 0.00392156862745098	 1 366855 34711
 2780576	 0.37931034	 16830 42838 277879	 1 0.00392156862745098	 1 366855 34711
 2781062	 0.37931034	 16835 42888 277929	 1 0.00392156862745098	 1 366855 34711
 2781563	 0.37931034	 16842 42938 277979	 1 0.00392156862745098	 1 366855 34711
 2782072	 0.37931034	 16851 42988 278029	 1 0.00392156862745098	 1 366855 34711
 2782573	 0.37931034	 16860 43038 278079	 1 0.00392156862745098	 1 366855 34711
 2783057	 0.37931034	 16864 43088 278129	 1 0.00392156862745098	 1 366855 34711
 2783572	 0.37931034	 16883 43148 278189	 1 0.00392156862745098	 1 366855 34711
 2784073	 0.37931034	 16890 43190 278231	 1 0.00392156862745098	 1 366855 34711
 2784562	 0.37931034	 16895 43238 278279	 1 0.00392156862745098	 1 366855 34711
 2785063	 0.37931034	 16903 43288 278329	 1 0.00392156862745098	 1 366855 34711
 2785569	 0.37931034	 16927 43354 278396	 1 0.00392156862745098	 1 366855 34711
 2786093	 0.22000718	 16946 43385 278434	 1 0.00392156862745098	 1 366855 34711
 2786584	 0.22000718	 16962 43412 278482	 1 0.00392156862745098	 1 366855 34711
 2787058	 0.37931034	 16991 43451 278531	 1 0.00392156862745098	 1 366855 34711
 2787575	 0.22000718	 17001 43465 278581	 1 0.00392156862745098	 1 366855 34711
 2788066	 0.22000718	 17011 43480 278631	 1 0.00392156862745098	 1 366855 34711
 2788575	 0.22000718	 17018 43495 278683	 1 0.00392156862745098	 1 366855 34711
 2789068	 0.3448276	 17029 43517 278730	 1 0.00392156862745098	 1 366855 34711
 2789580	 0.22000718	 17041 43535 278782	 1 0.00392156862745098	 1 366855 34711
 2790057	 0.37931034	 17076 43583 278855	 1 0.00392156862745098	 1 366855 34711
 2790578	 0.37931034	 17092 43608 278882	 1 0.00392156862745098	 1 366855 34711
 2791068	 0.37931034	 17118 43646 278929	 1 0.00392156862745098	 1 366855 34711
 2791564	 0.22000718	 17146 43685 278979	 1 0.00392156862745098	 1 366855 34711
 2792079	 0.22000718	 17155 43699 279030	 1 0.00392156862745098	 1 366855 34711
