up_time cpu_freq utime work_time total_time screen_on brightness wifi_on wifi_rx_bytes wifi_tx_bytes
 1991595	 0.4827586	 14278 32039 199019	 1 0.00392156862745098	 1 358527 33783
 1992092	 0.22000718	 14289 32055 199068	 1 0.00392156862745098	 1 358527 33783
 1992546	 0.4827586	 14307 32079 199124	 1 0.00392156862745098	 1 358527 33783
 1993080	 0.4827586	 14327 32109 199167	 1 0.00392156862745098	 1 358527 33783
 1993543	 0.4827586	 14344 32135 199219	 1 0.00392156862745098	 1 358527 33783
 1994046	 0.4827586	 14384 32190 199283	 1 0.00392156862745098	 1 358527 33783
 1994574	 0.22000718	 14404 32216 199319	 1 0.00392156862745098	 1 358527 33783
 1995068	 0.4827586	 14411 32228 199367	 1 0.00392156862745098	 1 358527 33783
 1995555	 0.22000718	 14419 32242 199418	 1 0.00392156862745098	 1 358527 33783
 1996065	 0.22000718	 14428 32255 199467	 1 0.00392156862745098	 1 358527 33783
 1996546	 0.4827586	 14435 32267 199516	 1 0.00392156862745098	 1 358527 33783
 1997054	 0.22000718	 14450 32287 199575	 1 0.00392156862745098	 1 358527 33783
 1997546	 0.22000718	 14458 32300 199618	 1 0.00392156862745098	 1 358527 33783
 1998046	 0.22000718	 14480 32331 199668	 1 0.00392156862745098	 1 358527 33783
 1998547	 0.4827586	 14491 32378 199715	 1 0.00392156862745098	 1 358527 33783
 1999052	 0.4827586	 14503 32428 199765	 1 0.00392156862745098	 1 358527 33783
 1999543	 0.4827586	 14511 32477 199814	 1 0.00392156862745098	 1 358527 33783
 2000043	 0.4827586	 14524 32537 199874	 1 0.00392156862745098	 1 358527 33783
 2000556	 0.4827586	 14529 32577 199914	 1 0.00392156862745098	 1 358527 33783
 2001043	 0.4827586	 14534 32627 199964	 1 0.00392156862745098	 1 358527 33783
 2001555	 0.4827586	 14541 32678 200015	 1 0.00392156862745098	 1 358527 33783
 2002053	 0.4827586	 14548 32728 200065	 1 0.00392156862745098	 1 358527 33783
 2002562	 0.4827586	 14552 32777 200114	 1 0.00392156862745098	 1 358527 33783
 2003043	 0.4827586	 14559 32828 200165	 1 0.00392156862745098	 1 358527 33783
 2003544	 0.4827586	 14574 32877 200214	 1 0.00392156862745098	 1 358527 33783
 2004047	 0.4827586	 14581 32927 200264	 1 0.00392156862745098	 1 358527 33783
 2004553	 0.4827586	 14585 32977 200314	 1 0.00392156862745098	 1 358527 33783
 2005053	 0.4827586	 14590 33027 200364	 1 0.00392156862745098	 1 358527 33783
 2005543	 0.4827586	 14595 33077 200414	 1 0.00392156862745098	 1 358527 33783
 2006051	 0.4827586	 14599 33128 200465	 1 0.00392156862745098	 1 358527 33783
 2006543	 0.4827586	 14614 33177 200514	 1 0.00392156862745098	 1 358527 33783
 2007055	 0.4827586	 14620 33227 200564	 1 0.00392156862745098	 1 358527 33783
 2007543	 0.4827586	 14627 33277 200614	 1 0.00392156862745098	 1 358527 33783
 2008053	 0.4827586	 14635 33328 200665	 1 0.00392156862745098	 1 358527 33783
 2008543	 0.4827586	 14640 33377 200714	 1 0.00392156862745098	 1 358527 33783
 2009053	 0.4827586	 14646 33427 200764	 1 0.00392156862745098	 1 358527 33783
 2009627	 0.4827586	 14661 33486 200823	 1 0.00392156862745098	 1 358527 33783
 2010053	 0.4827586	 14668 33527 200864	 1 0.00392156862745098	 1 358527 33783
 2010556	 0.4827586	 14673 33578 200915	 1 0.00392156862745098	 1 358527 33783
 2011049	 0.4827586	 14676 33627 200964	 1 0.00392156862745098	 1 358527 33783
 2011544	 0.4827586	 14683 33677 201014	 1 0.00392156862745098	 1 358527 33783
 2012043	 0.4827586	 14686 33727 201064	 1 0.00392156862745098	 1 358527 33783
 2012543	 0.4827586	 14700 33786 201123	 1 0.00392156862745098	 1 358527 33783
 2013053	 0.4827586	 14704 33828 201165	 1 0.00392156862745098	 1 358527 33783
 2013558	 0.4827586	 14710 33877 201214	 1 0.00392156862745098	 1 358527 33783
 2014055	 0.4827586	 14716 33927 201264	 1 0.00392156862745098	 1 358527 33783
 2014556	 0.4827586	 14722 33977 201314	 1 0.00392156862745098	 1 358527 33783
 2015055	 0.4827586	 14724 34027 201364	 1 0.00392156862745098	 1 358527 33783
 2015556	 0.4827586	 14737 34085 201422	 1 0.00392156862745098	 1 358527 33783
 2016044	 0.4827586	 14745 34128 201465	 1 0.00392156862745098	 1 358527 33783
 2016563	 0.4827586	 14750 34178 201515	 1 0.00392156862745098	 1 358527 33783
 2017043	 0.4827586	 14755 34227 201564	 1 0.00392156862745098	 1 358527 33783
 2017553	 0.4827586	 14760 34278 201615	 1 0.00392156862745098	 1 358527 33783
 2018047	 0.4827586	 14765 34327 201664	 1 0.00392156862745098	 1 358527 33783
 2018556	 0.4827586	 14777 34385 201722	 1 0.00392156862745098	 1 358527 33783
 2019043	 0.4827586	 14782 34427 201764	 1 0.00392156862745098	 1 358527 33783
 2019556	 0.4827586	 14787 34477 201814	 1 0.00392156862745098	 1 358527 33783
 2020061	 0.4827586	 14794 34529 201866	 1 0.00392156862745098	 1 358527 33783
 2020557	 0.4827586	 14798 34578 201915	 1 0.00392156862745098	 1 358527 33783
 2021056	 0.4827586	 14804 34627 201964	 1 0.00392156862745098	 1 358527 33783
 2021566	 0.4827586	 14817 34685 202022	 1 0.00392156862745098	 1 358527 33783
 2022052	 0.4827586	 14823 34727 202064	 1 0.00392156862745098	 1 358527 33783
 2022552	 0.4827586	 14828 34777 202114	 1 0.00392156862745098	 1 358527 33783
 2023062	 0.4827586	 14834 34828 202165	 1 0.00392156862745098	 1 358527 33783
 2023552	 0.4827586	 14837 34877 202214	 1 0.00392156862745098	 1 358527 33783
 2024062	 0.4827586	 14842 34928 202265	 1 0.00392156862745098	 1 358527 33783
 2024543	 0.4827586	 14854 34984 202321	 1 0.00392156862745098	 1 358527 33783
 2025047	 0.4827586	 14863 35027 202364	 1 0.00392156862745098	 1 358527 33783
 2025553	 0.4827586	 14868 35077 202414	 1 0.00392156862745098	 1 358527 33783
 2026043	 0.4827586	 14872 35127 202464	 1 0.00392156862745098	 1 358527 33783
 2026553	 0.4827586	 14879 35177 202514	 1 0.00392156862745098	 1 358527 33783
 2027048	 0.4827586	 14884 35227 202564	 1 0.00392156862745098	 1 358527 33783
 2027556	 0.4827586	 14889 35278 202615	 1 0.00392156862745098	 1 358527 33783
 2028063	 0.4827586	 14902 35329 202666	 1 0.00392156862745098	 1 358527 33783
 2028543	 0.4827586	 14908 35378 202715	 1 0.00392156862745098	 1 358527 33783
 2029056	 0.4827586	 14912 35427 202764	 1 0.00392156862745098	 1 358527 33783
 2029543	 0.4827586	 14916 35477 202814	 1 0.00392156862745098	 1 358527 33783
 2030055	 0.4827586	 14922 35528 202865	 1 0.00392156862745098	 1 358527 33783
 2030553	 0.4827586	 14928 35578 202915	 1 0.00392156862745098	 1 358527 33783
 2031048	 0.4827586	 14948 35627 202964	 1 0.00392156862745098	 1 358527 33783
 2031548	 0.4827586	 14955 35677 203014	 1 0.00392156862745098	 1 358527 33783
 2032051	 0.4827586	 14964 35729 203066	 1 0.00392156862745098	 1 358527 33783
 2032557	 0.4827586	 14971 35777 203114	 1 0.00392156862745098	 1 358527 33783
 2033055	 0.4827586	 14976 35827 203164	 1 0.00392156862745098	 1 358527 33783
 2033553	 0.4827586	 14981 35877 203214	 1 0.00392156862745098	 1 358527 33783
 2034052	 0.4827586	 14997 35928 203265	 1 0.00392156862745098	 1 358527 33783
 2034543	 0.4827586	 15000 35978 203315	 1 0.00392156862745098	 1 358527 33783
 2035043	 0.4827586	 15002 36027 203364	 1 0.00392156862745098	 1 358527 33783
 2035547	 0.4827586	 15008 36078 203415	 1 0.00392156862745098	 1 358527 33783
 2036053	 0.4827586	 15018 36128 203465	 1 0.00392156862745098	 1 358527 33783
 2036543	 0.4827586	 15024 36177 203514	 1 0.00392156862745098	 1 358527 33783
 2037052	 0.4827586	 15038 36228 203565	 1 0.00392156862745098	 1 358527 33783
 2037564	 0.22000718	 15062 36271 203616	 1 0.00392156862745098	 1 358527 33783
 2038056	 0.22000718	 15081 36303 203668	 1 0.00392156862745098	 1 358527 33783
 2038548	 0.3448276	 15095 36324 203716	 1 0.00392156862745098	 1 358527 33783
 2039046	 0.4827586	 15109 36340 203766	 1 0.00392156862745098	 1 358527 33783
 2039555	 0.4827586	 15117 36352 203816	 1 0.00392156862745098	 1 358527 33783
 2040055	 0.22000718	 15133 36372 203868	 1 0.00392156862745098	 1 358527 33783
 2040565	 0.22000718	 15138 36384 203917	 1 0.00392156862745098	 1 358527 33783
 2041069	 0.22000718	 15145 36397 203967	 1 0.00392156862745098	 1 358527 33783
 2041548	 0.4827586	 15156 36417 204016	 1 0.00392156862745098	 1 358527 33783
 2042054	 0.22000718	 15168 36434 204067	 1 0.00392156862745098	 1 358527 33783
 2042546	 0.4827586	 15187 36461 204122	 1 0.00392156862745098	 1 358527 33783
 2043214	 0.4827586	 15218 36511 204181	 1 0.00392156862745098	 1 358527 33783
 2043556	 0.4827586	 15227 36526 204217	 1 0.00392156862745098	 1 358527 33783
 2044043	 0.4827586	 15258 36567 204266	 1 0.00392156862745098	 1 358527 33783
 2044565	 0.22000718	 15271 36588 204317	 1 0.00392156862745098	 1 358527 33783
 2045057	 0.22000718	 15277 36601 204368	 1 0.00392156862745098	 1 358527 33783
 2045565	 0.22000718	 15285 36615 204418	 1 0.00392156862745098	 1 358527 33783
 2046181	 0.4827586	 15306 36643 204477	 1 0.00392156862745098	 1 358527 33783
