up_time cpu_freq utime work_time total_time screen_on brightness wifi_on wifi_rx_bytes wifi_tx_bytes
 5865990	 0.22000718	 19437 40744 518351	 1 0.11764705882352941	 1 153354482 3568422
 5866454	 0.5862069	 19454 40768 518397	 1 0.11764705882352941	 1 153354658 3568422
 5866945	 0.22000718	 19468 40790 518450	 1 0.11764705882352941	 1 153354964 3568422
 5867470	 0.8965517	 19482 40807 518507	 1 0.11764705882352941	 1 153355094 3568422
 5867937	 0.8965517	 19501 40838 518548	 1 0.11764705882352941	 1 153355270 3568422
 5868444	 0.22000718	 19520 40865 518600	 1 0.11764705882352941	 1 153355446 3568422
 5868967	 0.8965517	 19543 40893 518648	 1 0.11764705882352941	 1 153355492 3568422
 5869443	 0.22000718	 19549 40905 518700	 1 0.11764705882352941	 1 153355622 3568422
 5869944	 0.22000718	 19555 40916 518748	 1 0.11764705882352941	 1 153355920 3568422
 5870454	 0.22000718	 19561 40927 518799	 1 0.11764705882352941	 1 153355920 3568422
 5870963	 0.22000718	 19570 40938 518848	 1 0.11764705882352941	 1 153356088 3568422
 5871443	 0.22000718	 19576 40950 518898	 1 0.11764705882352941	 1 153356264 3568422
 5871962	 0.8965517	 19588 40987 518948	 1 0.11764705882352941	 1 153659098 3575316
 5872462	 0.8965517	 19604 41022 518992	 1 0.11764705882352941	 1 154171628 3586726
 5872971	 0.4827586	 19615 41062 519041	 1 0.11764705882352941	 1 154870874 3603106
 5873446	 0.8965517	 19625 41099 519087	 1 0.11764705882352941	 1 155520624 3617806
 5873956	 0.8965517	 19635 41135 519134	 1 0.11764705882352941	 1 156373862 3637616
 5874480	 0.8965517	 19646 41176 519186	 1 0.11764705882352941	 1 157175588 3656412
 5875001	 0.8965517	 19651 41206 519232	 1 0.11764705882352941	 1 157651066 3667402
 5875446	 0.7241379	 19661 41239 519277	 1 0.11764705882352941	 1 158400076 3684202
 5875947	 0.22000718	 19668 41264 519329	 1 0.11764705882352941	 1 158676683 3690782
 5876459	 0.8965517	 19672 41273 519377	 1 0.11764705882352941	 1 158677005 3690782
 5876957	 0.8965517	 19682 41288 519433	 1 0.11764705882352941	 1 158677311 3690782
 5877444	 0.8965517	 19690 41300 519479	 1 0.11764705882352941	 1 158677679 3690782
 5877943	 0.22000718	 19696 41312 519528	 1 0.11764705882352941	 1 158678415 3690782
 5878453	 0.22000718	 19705 41324 519579	 1 0.11764705882352941	 1 158678645 3690782
 5878953	 0.22000718	 19712 41335 519629	 1 0.11764705882352941	 1 158679289 3690782
 5879444	 0.22000718	 19718 41343 519677	 1 0.11764705882352941	 1 158679519 3690782
 5879957	 0.22000718	 19725 41355 519729	 1 0.11764705882352941	 1 158679795 3690782
 5880480	 0.22000718	 19732 41369 519781	 1 0.11764705882352941	 1 158680117 3690782
 5880943	 0.22000718	 19738 41381 519829	 1 0.11764705882352941	 1 158680155 3690782
 5881458	 0.22000718	 19746 41391 519878	 1 0.11764705882352941	 1 158680339 3690782
 5881953	 0.7241379	 19757 41418 519927	 1 0.11764705882352941	 1 158913391 3697064
 5882462	 0.8965517	 19773 41452 519975	 1 0.11764705882352941	 1 159324269 3706328
 5882980	 0.3448276	 19786 41486 520023	 1 0.11764705882352941	 1 159879397 3719138
 5883438	 0.8965517	 19799 41517 520067	 1 0.11764705882352941	 1 160374495 3731640
 5883955	 0.5862069	 19808 41555 520117	 1 0.11764705882352941	 1 160986295 3745444
 5884490	 0.8965517	 19816 41581 520164	 1 0.11764705882352941	 1 161492801 3757486
 5884978	 0.8965517	 19822 41615 520211	 1 0.11764705882352941	 1 161959195 3767986
 5885460	 0.8965517	 19833 41654 520258	 1 0.11764705882352941	 1 162572601 3782056
 5885971	 0.8965517	 19842 41686 520305	 1 0.11764705882352941	 1 163301647 3798856
 5886441	 0.79310346	 19859 41731 520358	 1 0.11764705882352941	 1 164005594 3814536
 5886954	 0.22000718	 19864 41741 520403	 1 0.11764705882352941	 1 164005930 3814536
 5887459	 0.22000718	 19876 41757 520454	 1 0.11764705882352941	 1 164006488 3814536
 5887956	 0.22000718	 19883 41770 520504	 1 0.11764705882352941	 1 164006702 3814536
 5888453	 0.22000718	 19887 41779 520552	 1 0.11764705882352941	 1 164007230 3814536
 5888968	 0.22000718	 19891 41790 520604	 1 0.11764705882352941	 1 164007368 3814536
 5889444	 0.22000718	 19898 41802 520653	 1 0.11764705882352941	 1 164007896 3814536
 5889965	 0.22000718	 19905 41811 520702	 1 0.11764705882352941	 1 164008260 3814536
 5890460	 0.22000718	 19913 41823 520753	 1 0.11764705882352941	 1 164008612 3814536
 5890954	 0.22000718	 19919 41834 520803	 1 0.11764705882352941	 1 164009564 3814536
 5891458	 0.22000718	 19934 41853 520852	 1 0.11764705882352941	 1 164010194 3814536
 5891959	 0.7586207	 19940 41873 520900	 1 0.11764705882352941	 1 164241570 3819960
 5892475	 0.8965517	 19950 41914 520948	 1 0.11764705882352941	 1 165044662 3838090
 5892967	 0.79310346	 19963 41955 520996	 1 0.11764705882352941	 1 165786640 3855066
 5893450	 0.8965517	 19968 41983 521043	 1 0.11764705882352941	 1 166179322 3864166
 5893969	 0.8965517	 19976 42022 521094	 1 0.11764705882352941	 1 166963942 3882436
 5894464	 0.62068963	 19989 42056 521143	 1 0.11764705882352941	 1 167732800 3899726
 5894967	 0.8965517	 20001 42092 521190	 1 0.11764705882352941	 1 168430428 3915686
 5895474	 0.8965517	 20010 42130 521239	 1 0.11764705882352941	 1 169183892 3933108
 5895955	 0.8965517	 20027 42159 521292	 1 0.11764705882352941	 1 169336107 3937586
 5896466	 0.22000718	 20036 42173 521338	 1 0.11764705882352941	 1 169336581 3937586
 5896958	 0.22000718	 20042 42184 521387	 1 0.11764705882352941	 1 169336925 3937586
 5897461	 0.22000718	 20049 42195 521437	 1 0.11764705882352941	 1 169337307 3937586
 5897968	 0.22000718	 20054 42205 521487	 1 0.11764705882352941	 1 169337483 3937586
 5898470	 0.22000718	 20060 42215 521538	 1 0.11764705882352941	 1 169337529 3937586
 5898958	 0.22000718	 20066 42225 521586	 1 0.11764705882352941	 1 169337873 3937586
 5899463	 0.22000718	 20071 42236 521637	 1 0.11764705882352941	 1 169338045 3937586
 5899947	 0.8965517	 20078 42244 521686	 1 0.11764705882352941	 1 169338175 3937586
 5900453	 0.22000718	 20086 42254 521737	 1 0.11764705882352941	 1 169338397 3937586
 5900954	 0.22000718	 20101 42273 521789	 1 0.11764705882352941	 1 169338535 3937586
 5901443	 0.22000718	 20110 42284 521837	 1 0.11764705882352941	 1 169338619 3937586
 5901958	 0.62068963	 20116 42305 521886	 1 0.11764705882352941	 1 169598373 3944060
 5902451	 0.8965517	 20129 42340 521933	 1 0.11764705882352941	 1 170384197 3961840
 5902941	 0.8965517	 20139 42376 521980	 1 0.11764705882352941	 1 171158821 3979760
 5903477	 0.8965517	 20150 42412 522029	 1 0.11764705882352941	 1 171833701 3997130
 5903990	 0.8965517	 20159 42452 522080	 1 0.11764705882352941	 1 172536879 4013476
 5904474	 0.8965517	 20168 42487 522125	 1 0.11764705882352941	 1 173261631 4030416
 5904957	 0.8965517	 20176 42520 522173	 1 0.11764705882352941	 1 173906359 4044976
 5905454	 0.51724136	 20193 42565 522227	 1 0.11764705882352941	 1 174619543 4063268
 5905953	 0.22000718	 20199 42579 522269	 1 0.11764705882352941	 1 174663466 4064610
 5906455	 0.22000718	 20208 42593 522321	 1 0.11764705882352941	 1 174663742 4064610
 5906958	 0.22000718	 20214 42602 522367	 1 0.11764705882352941	 1 174663788 4064610
 5907470	 0.22000718	 20222 42613 522418	 1 0.11764705882352941	 1 174664132 4064610
 5907945	 0.22000718	 20228 42623 522467	 1 0.11764705882352941	 1 174664354 4064610
 5908467	 0.22000718	 20235 42635 522519	 1 0.11764705882352941	 1 174664614 4064610
 5908961	 0.22000718	 20242 42647 522569	 1 0.11764705882352941	 1 174664916 4064610
 5909443	 0.22000718	 20249 42657 522618	 1 0.11764705882352941	 1 174665138 4064610
 5909963	 0.22000718	 20255 42669 522668	 1 0.11764705882352941	 1 174665444 4064610
 5910444	 0.22000718	 20269 42689 522719	 1 0.11764705882352941	 1 174666044 4064610
 5910953	 0.22000718	 20276 42699 522767	 1 0.11764705882352941	 1 174666262 4064610
 5911470	 0.22000718	 20283 42710 522817	 1 0.11764705882352941	 1 174666892 4064610
 5911937	 0.8965517	 20288 42730 522864	 1 0.11764705882352941	 1 174848364 4069404
 5912477	 0.51724136	 20297 42769 522914	 1 0.11764705882352941	 1 175684290 4088374
 5912976	 0.8965517	 20309 42808 522963	 1 0.11764705882352941	 1 176474674 4106084
 5913441	 0.8965517	 20317 42844 523008	 1 0.11764705882352941	 1 177151050 4121812
 5913941	 0.8965517	 20322 42877 523056	 1 0.11764705882352941	 1 177630522 4133012
 5914459	 0.41379312	 20334 42915 523102	 1 0.11764705882352941	 1 178466418 4152626
 5914941	 0.8965517	 20351 42960 523157	 1 0.11764705882352941	 1 179029772 4166820
 5915446	 0.8965517	 20359 42993 523200	 1 0.11764705882352941	 1 179765986 4184076
 5915967	 0.22000718	 20367 43015 523250	 1 0.11764705882352941	 1 179990705 4189816
 5916453	 0.22000718	 20375 43027 523302	 1 0.11764705882352941	 1 179990889 4189816
 5916964	 0.22000718	 20380 43037 523351	 1 0.11764705882352941	 1 179991341 4189816
 5917454	 0.22000718	 20388 43047 523402	 1 0.11764705882352941	 1 179991433 4189816
 5917944	 0.22000718	 20395 43059 523451	 1 0.11764705882352941	 1 179991663 4189816
 5918465	 0.22000718	 20401 43069 523500	 1 0.11764705882352941	 1 179992307 4189816
 5918966	 0.22000718	 20409 43080 523551	 1 0.11764705882352941	 1 179992491 4189816
 5919445	 0.22000718	 20416 43091 523602	 1 0.11764705882352941	 1 179993181 4189816
 5919947	 0.8965517	 20426 43106 523649	 1 0.11764705882352941	 1 179993365 4189816
 5920461	 0.22000718	 20435 43117 523701	 1 0.11764705882352941	 1 179993779 4189816
 5920957	 0.22000718	 20441 43130 523749	 1 0.11764705882352941	 1 179994055 4189816
 5921459	 0.22000718	 20448 43142 523800	 1 0.11764705882352941	 1 179994147 4189816
 5921961	 0.4827586	 20450 43160 523849	 1 0.11764705882352941	 1 180204091 4194960
 5922477	 0.55172414	 20461 43194 523895	 1 0.11764705882352941	 1 180998685 4213290
 5922980	 0.44827586	 20469 43228 523943	 1 0.11764705882352941	 1 181486507 4224210
 5923437	 0.8965517	 20478 43266 523988	 1 0.11764705882352941	 1 182150033 4239540
 5923981	 0.4827586	 20483 43307 524038	 1 0.11764705882352941	 1 183048551 4260610
 5924472	 0.8965517	 20497 43351 524093	 1 0.11764705882352941	 1 183914317 4281368
 5924986	 0.8965517	 20506 43379 524135	 1 0.11764705882352941	 1 184379377 4292078
 5925477	 0.62068963	 20516 43417 524182	 1 0.11764705882352941	 1 185218049 4311226
 5925975	 0.22000718	 20529 43439 524233	 1 0.11764705882352941	 1 185317510 4314208
 5926455	 0.22000718	 20534 43448 524282	 1 0.11764705882352941	 1 185317846 4314208
 5926953	 0.22000718	 20538 43460 524332	 1 0.11764705882352941	 1 185317976 4314208
 5927443	 0.22000718	 20546 43470 524382	 1 0.11764705882352941	 1 185318060 4314208
 5927952	 0.22000718	 20550 43480 524432	 1 0.11764705882352941	 1 185318282 4314208
 5928456	 0.8965517	 20557 43492 524483	 1 0.11764705882352941	 1 185318374 4314208
 5928957	 0.22000718	 20567 43503 524533	 1 0.11764705882352941	 1 185318512 4314208
 5929453	 0.22000718	 20581 43519 524582	 1 0.11764705882352941	 1 185318604 4314208
 5929957	 0.22000718	 20589 43532 524631	 1 0.11764705882352941	 1 185318948 4314208
 5930464	 0.22000718	 20594 43542 524681	 1 0.11764705882352941	 1 185319200 4314208
 5930944	 0.22000718	 20602 43555 524731	 1 0.11764705882352941	 1 185319284 4314208
 5931469	 0.22000718	 20608 43564 524780	 1 0.11764705882352941	 1 185319460 4314208
 5931945	 0.82758623	 20620 43585 524827	 1 0.11764705882352941	 1 185319690 4314208
 5932470	 0.22000718	 20640 43613 524882	 1 0.11764705882352941	 1 185319874 4314208
 5932953	 0.22000718	 20651 43636 524931	 1 0.11764705882352941	 1 185320058 4314208
 5933461	 0.8965517	 20669 43663 524980	 1 0.11764705882352941	 1 185320196 4314208
 5933955	 0.22000718	 20692 43696 525036	 1 0.11764705882352941	 1 185320426 4314208
 5934452	 0.22000718	 20695 43707 525080	 1 0.11764705882352941	 1 185320748 4314208
 5934944	 0.22000718	 20700 43718 525130	 1 0.11764705882352941	 1 185320886 4314208
 5935444	 0.8965517	 20705 43729 525181	 1 0.11764705882352941	 1 185321200 4314208
 5935967	 0.8965517	 20729 43764 525231	 1 0.11764705882352941	 1 185321844 4314208
 5936454	 0.22000718	 20737 43785 525279	 1 0.11764705882352941	 1 185321844 4314208
 5936972	 0.8965517	 20747 43801 525333	 1 0.11764705882352941	 1 185322212 4314208
 5937471	 0.8965517	 20767 43837 525381	 1 0.11764705882352941	 1 185322434 4314208
