--------- beginning of /dev/log/system
--------- beginning of /dev/log/main
V/DBox    (  400): 960593 + Lcom/fsck/k9/activity/FolderList; onCreate
V/DBox    (  400): 960593 + Lcom/fsck/k9/K9ListActivity; onCreate
V/DBox    (  400): 960595 - Lcom/fsck/k9/K9ListActivity; onCreate
V/DBox    (  400): 960691 - Lcom/fsck/k9/activity/FolderList; onCreate
V/DBox    (  400): 960706 + Lcom/fsck/k9/activity/MessageList; onCreate
V/DBox    (  400): 960707 + Lcom/fsck/k9/K9Activity; onCreate
V/DBox    (  400): 960708 - Lcom/fsck/k9/K9Activity; onCreate
V/DBox    (  400): 960835 - Lcom/fsck/k9/activity/MessageList; onCreate
V/DBox    (  400): 960836 + Lcom/fsck/k9/activity/MessageList; onResume
V/DBox    (  400): 960836 + Lcom/fsck/k9/K9Activity; onResume
V/DBox    (  400): 960840 - Lcom/fsck/k9/K9Activity; onResume
V/DBox    (  400): 961016 - Lcom/fsck/k9/activity/MessageList; onResume
V/DBox    (  400): 964983 + Lcom/fsck/k9/activity/MessageList$1; onTouch android.widget.ListView@4640e9c0
V/DBox    (  400): 964987 - Lcom/fsck/k9/activity/MessageList$1; onTouch
V/DBox    (  400): 965003 + Lcom/fsck/k9/activity/MessageList$1; onTouch android.widget.ListView@4640e9c0
V/DBox    (  400): 965005 - Lcom/fsck/k9/activity/MessageList$1; onTouch
V/DBox    (  400): 965028 + Lcom/fsck/k9/activity/MessageList$1; onTouch android.widget.ListView@4640e9c0
V/DBox    (  400): 965029 - Lcom/fsck/k9/activity/MessageList$1; onTouch
V/DBox    (  400): 965054 + Lcom/fsck/k9/activity/MessageList$1; onTouch android.widget.ListView@4640e9c0
V/DBox    (  400): 965061 - Lcom/fsck/k9/activity/MessageList$1; onTouch
V/DBox    (  400): 965167 + Lcom/fsck/k9/activity/MessageList$1; onTouch android.widget.ListView@4640e9c0
V/DBox    (  400): 965168 - Lcom/fsck/k9/activity/MessageList$1; onTouch
V/DBox    (  400): 965214 + Lcom/fsck/k9/activity/MessageList$1; onTouch android.widget.ListView@4640e9c0
V/DBox    (  400): 965214 - Lcom/fsck/k9/activity/MessageList$1; onTouch
V/DBox    (  400): 965231 + Lcom/fsck/k9/activity/MessageList$1; onTouch android.widget.ListView@4640e9c0
V/DBox    (  400): 965232 - Lcom/fsck/k9/activity/MessageList$1; onTouch
V/DBox    (  400): 965258 + Lcom/fsck/k9/activity/MessageList$1; onTouch android.widget.ListView@4640e9c0
V/DBox    (  400): 965260 - Lcom/fsck/k9/activity/MessageList$1; onTouch
V/DBox    (  400): 965292 + Lcom/fsck/k9/activity/MessageList$1; onTouch android.widget.ListView@4640e9c0
V/DBox    (  400): 965293 - Lcom/fsck/k9/activity/MessageList$1; onTouch
V/DBox    (  400): 965319 + Lcom/fsck/k9/activity/MessageList$1; onTouch android.widget.ListView@4640e9c0
V/DBox    (  400): 965321 - Lcom/fsck/k9/activity/MessageList$1; onTouch
V/DBox    (  400): 965337 + Lcom/fsck/k9/activity/MessageList$1; onTouch android.widget.ListView@4640e9c0
V/DBox    (  400): 965339 - Lcom/fsck/k9/activity/MessageList$1; onTouch
V/DBox    (  400): 965371 + Lcom/fsck/k9/activity/MessageList$1; onTouch android.widget.ListView@4640e9c0
V/DBox    (  400): 965372 - Lcom/fsck/k9/activity/MessageList$1; onTouch
V/DBox    (  400): 965394 + Lcom/fsck/k9/activity/MessageList$1; onTouch android.widget.ListView@4640e9c0
V/DBox    (  400): 965395 - Lcom/fsck/k9/activity/MessageList$1; onTouch
V/DBox    (  400): 965418 + Lcom/fsck/k9/activity/MessageList$1; onTouch android.widget.ListView@4640e9c0
V/DBox    (  400): 965418 - Lcom/fsck/k9/activity/MessageList$1; onTouch
V/DBox    (  400): 965445 + Lcom/fsck/k9/activity/MessageList$1; onTouch android.widget.ListView@4640e9c0
V/DBox    (  400): 965446 - Lcom/fsck/k9/activity/MessageList$1; onTouch
V/DBox    (  400): 965457 + Lcom/fsck/k9/activity/MessageList$1; onTouch android.widget.ListView@4640e9c0
V/DBox    (  400): 965458 - Lcom/fsck/k9/activity/MessageList$1; onTouch
V/DBox    (  400): 966248 + Lcom/fsck/k9/activity/MessageList$1; onTouch android.widget.ListView@4640e9c0
V/DBox    (  400): 966250 - Lcom/fsck/k9/activity/MessageList$1; onTouch
V/DBox    (  400): 966258 + Lcom/fsck/k9/activity/MessageList$1; onTouch android.widget.ListView@4640e9c0
V/DBox    (  400): 966260 - Lcom/fsck/k9/activity/MessageList$1; onTouch
V/DBox    (  400): 966307 + Lcom/fsck/k9/activity/MessageList$1; onTouch android.widget.ListView@4640e9c0
V/DBox    (  400): 966317 - Lcom/fsck/k9/activity/MessageList$1; onTouch
V/DBox    (  400): 966334 + Lcom/fsck/k9/activity/MessageList$1; onTouch android.widget.ListView@4640e9c0
V/DBox    (  400): 966335 - Lcom/fsck/k9/activity/MessageList$1; onTouch
V/DBox    (  400): 966349 + Lcom/fsck/k9/activity/MessageList$1; onTouch android.widget.ListView@4640e9c0
V/DBox    (  400): 966351 - Lcom/fsck/k9/activity/MessageList$1; onTouch
V/DBox    (  400): 966372 + Lcom/fsck/k9/activity/MessageList$1; onTouch android.widget.ListView@4640e9c0
V/DBox    (  400): 966374 - Lcom/fsck/k9/activity/MessageList$1; onTouch
V/DBox    (  400): 966398 + Lcom/fsck/k9/activity/MessageList$1; onTouch android.widget.ListView@4640e9c0
V/DBox    (  400): 966399 - Lcom/fsck/k9/activity/MessageList$1; onTouch
V/DBox    (  400): 966426 + Lcom/fsck/k9/activity/MessageList$1; onTouch android.widget.ListView@4640e9c0
V/DBox    (  400): 966426 - Lcom/fsck/k9/activity/MessageList$1; onTouch
V/DBox    (  400): 966452 + Lcom/fsck/k9/activity/MessageList$1; onTouch android.widget.ListView@4640e9c0
V/DBox    (  400): 966452 - Lcom/fsck/k9/activity/MessageList$1; onTouch
V/DBox    (  400): 966481 + Lcom/fsck/k9/activity/MessageList$1; onTouch android.widget.ListView@4640e9c0
V/DBox    (  400): 966481 - Lcom/fsck/k9/activity/MessageList$1; onTouch
V/DBox    (  400): 966509 + Lcom/fsck/k9/activity/MessageList$1; onTouch android.widget.ListView@4640e9c0
V/DBox    (  400): 966510 - Lcom/fsck/k9/activity/MessageList$1; onTouch
V/DBox    (  400): 966538 + Lcom/fsck/k9/activity/MessageList$1; onTouch android.widget.ListView@4640e9c0
V/DBox    (  400): 966541 - Lcom/fsck/k9/activity/MessageList$1; onTouch
V/DBox    (  400): 966565 + Lcom/fsck/k9/activity/MessageList$1; onTouch android.widget.ListView@4640e9c0
V/DBox    (  400): 966567 - Lcom/fsck/k9/activity/MessageList$1; onTouch
V/DBox    (  400): 966596 + Lcom/fsck/k9/activity/MessageList$1; onTouch android.widget.ListView@4640e9c0
V/DBox    (  400): 966597 - Lcom/fsck/k9/activity/MessageList$1; onTouch
V/DBox    (  400): 966621 + Lcom/fsck/k9/activity/MessageList$1; onTouch android.widget.ListView@4640e9c0
V/DBox    (  400): 966622 - Lcom/fsck/k9/activity/MessageList$1; onTouch
V/DBox    (  400): 966651 + Lcom/fsck/k9/activity/MessageList$1; onTouch android.widget.ListView@4640e9c0
V/DBox    (  400): 966653 - Lcom/fsck/k9/activity/MessageList$1; onTouch
V/DBox    (  400): 966679 + Lcom/fsck/k9/activity/MessageList$1; onTouch android.widget.ListView@4640e9c0
V/DBox    (  400): 966680 - Lcom/fsck/k9/activity/MessageList$1; onTouch
V/DBox    (  400): 966707 + Lcom/fsck/k9/activity/MessageList$1; onTouch android.widget.ListView@4640e9c0
V/DBox    (  400): 966708 - Lcom/fsck/k9/activity/MessageList$1; onTouch
V/DBox    (  400): 966734 + Lcom/fsck/k9/activity/MessageList$1; onTouch android.widget.ListView@4640e9c0
V/DBox    (  400): 966735 - Lcom/fsck/k9/activity/MessageList$1; onTouch
V/DBox    (  400): 966762 + Lcom/fsck/k9/activity/MessageList$1; onTouch android.widget.ListView@4640e9c0
V/DBox    (  400): 966764 - Lcom/fsck/k9/activity/MessageList$1; onTouch
V/DBox    (  400): 966803 + Lcom/fsck/k9/activity/MessageList$1; onTouch android.widget.ListView@4640e9c0
V/DBox    (  400): 966814 - Lcom/fsck/k9/activity/MessageList$1; onTouch
V/DBox    (  400): 966822 + Lcom/fsck/k9/activity/MessageList$1; onTouch android.widget.ListView@4640e9c0
V/DBox    (  400): 966830 - Lcom/fsck/k9/activity/MessageList$1; onTouch
V/DBox    (  400): 968102 + Lcom/fsck/k9/activity/MessageList; onCreateOptionsMenu com.android.internal.view.menu.MenuBuilder@464976c0
V/DBox    (  400): 968143 - Lcom/fsck/k9/activity/MessageList; onCreateOptionsMenu
V/DBox    (  400): 969641 + Lcom/fsck/k9/activity/MessageList; onOptionsItemSelected Folder list
V/DBox    (  400): 969681 - Lcom/fsck/k9/activity/MessageList; onOptionsItemSelected
V/DBox    (  400): 969706 + Lcom/fsck/k9/activity/MessageList; onPause
V/DBox    (  400): 969706 - Lcom/fsck/k9/activity/MessageList; onPause
V/DBox    (  400): 969724 + Lcom/fsck/k9/activity/FolderList; onCreate
V/DBox    (  400): 969725 + Lcom/fsck/k9/K9ListActivity; onCreate
V/DBox    (  400): 969727 - Lcom/fsck/k9/K9ListActivity; onCreate
V/DBox    (  400): 969753 - Lcom/fsck/k9/activity/FolderList; onCreate
V/DBox    (  400): 969753 + Lcom/fsck/k9/activity/FolderList; onResume
V/DBox    (  400): 969754 + Lcom/fsck/k9/K9ListActivity; onResume
V/DBox    (  400): 969756 - Lcom/fsck/k9/K9ListActivity; onResume
V/DBox    (  400): 969793 - Lcom/fsck/k9/activity/FolderList; onResume
V/DBox    (  400): 973686 + Lcom/fsck/k9/activity/FolderList$2; onItemClick android.widget.ListView@4637cb40
V/DBox    (  400): 973741 - Lcom/fsck/k9/activity/FolderList$2; onItemClick
V/DBox    (  400): 973741 + Lcom/fsck/k9/activity/FolderList; onSaveInstanceState
V/DBox    (  400): 973742 - Lcom/fsck/k9/activity/FolderList; onSaveInstanceState
V/DBox    (  400): 973742 + Lcom/fsck/k9/activity/FolderList; onPause
V/DBox    (  400): 973742 - Lcom/fsck/k9/activity/FolderList; onPause
V/DBox    (  400): 973750 + Lcom/fsck/k9/activity/MessageList; onCreate
V/DBox    (  400): 973750 + Lcom/fsck/k9/K9Activity; onCreate
V/DBox    (  400): 973753 - Lcom/fsck/k9/K9Activity; onCreate
V/DBox    (  400): 973822 - Lcom/fsck/k9/activity/MessageList; onCreate
V/DBox    (  400): 973823 + Lcom/fsck/k9/activity/MessageList; onResume
V/DBox    (  400): 973823 + Lcom/fsck/k9/K9Activity; onResume
V/DBox    (  400): 973825 - Lcom/fsck/k9/K9Activity; onResume
V/DBox    (  400): 973883 - Lcom/fsck/k9/activity/MessageList; onResume
V/DBox    (  400): 976689 + Lcom/fsck/k9/activity/MessageList$1; onTouch android.widget.ListView@464ff0b8
V/DBox    (  400): 976692 - Lcom/fsck/k9/activity/MessageList$1; onTouch
V/DBox    (  400): 976703 + Lcom/fsck/k9/activity/MessageList$1; onTouch android.widget.ListView@464ff0b8
V/DBox    (  400): 976704 - Lcom/fsck/k9/activity/MessageList$1; onTouch
V/DBox    (  400): 976731 + Lcom/fsck/k9/activity/MessageList$1; onTouch android.widget.ListView@464ff0b8
V/DBox    (  400): 976732 - Lcom/fsck/k9/activity/MessageList$1; onTouch
V/DBox    (  400): 976762 + Lcom/fsck/k9/activity/MessageList$1; onTouch android.widget.ListView@464ff0b8
V/DBox    (  400): 976764 - Lcom/fsck/k9/activity/MessageList$1; onTouch
V/DBox    (  400): 976804 + Lcom/fsck/k9/activity/MessageList$1; onTouch android.widget.ListView@464ff0b8
V/DBox    (  400): 976809 - Lcom/fsck/k9/activity/MessageList$1; onTouch
V/DBox    (  400): 976813 + Lcom/fsck/k9/activity/MessageList$1; onTouch android.widget.ListView@464ff0b8
V/DBox    (  400): 976816 - Lcom/fsck/k9/activity/MessageList$1; onTouch
V/DBox    (  400): 976955 + Lcom/fsck/k9/activity/MessageList; onItemClick android.widget.ListView@464ff0b8
V/DBox    (  400): 976969 - Lcom/fsck/k9/activity/MessageList; onItemClick
V/DBox    (  400): 976970 + Lcom/fsck/k9/activity/MessageList; onSaveInstanceState
V/DBox    (  400): 976975 - Lcom/fsck/k9/activity/MessageList; onSaveInstanceState
V/DBox    (  400): 976976 + Lcom/fsck/k9/activity/MessageList; onPause
V/DBox    (  400): 976977 - Lcom/fsck/k9/activity/MessageList; onPause
V/DBox    (  400): 977095 + Lcom/fsck/k9/activity/MessageView; onCreate
V/DBox    (  400): 977095 + Lcom/fsck/k9/K9Activity; onCreate
V/DBox    (  400): 977097 - Lcom/fsck/k9/K9Activity; onCreate
V/DBox    (  400): 977157 - Lcom/fsck/k9/activity/MessageView; onCreate
V/DBox    (  400): 977161 + Lcom/fsck/k9/activity/MessageView; onResume
V/DBox    (  400): 977162 + Lcom/fsck/k9/K9Activity; onResume
V/DBox    (  400): 977163 - Lcom/fsck/k9/K9Activity; onResume
V/DBox    (  400): 977164 - Lcom/fsck/k9/activity/MessageView; onResume
V/DBox    (  400): Ljava/net/Socket;->connectV
V/DBox    (  400): Ljava/net/Socket;->closeV
V/DBox    (  400): 982600 + Lcom/fsck/k9/activity/MessageList; onResume
V/DBox    (  400): 982600 + Lcom/fsck/k9/K9Activity; onResume
V/DBox    (  400): 982604 - Lcom/fsck/k9/K9Activity; onResume
V/DBox    (  400): 982640 - Lcom/fsck/k9/activity/MessageList; onResume
V/DBox    (  400): 984081 + Lcom/fsck/k9/activity/MessageList; onPause
V/DBox    (  400): 984085 - Lcom/fsck/k9/activity/MessageList; onPause
V/DBox    (  400): 984106 + Lcom/fsck/k9/activity/FolderList; onResume
V/DBox    (  400): 984108 + Lcom/fsck/k9/K9ListActivity; onResume
V/DBox    (  400): 984110 - Lcom/fsck/k9/K9ListActivity; onResume
V/DBox    (  400): 984135 - Lcom/fsck/k9/activity/FolderList; onResume
V/DBox    (  400): 985511 + Lcom/fsck/k9/activity/FolderList; onSaveInstanceState
V/DBox    (  400): 985512 - Lcom/fsck/k9/activity/FolderList; onSaveInstanceState
V/DBox    (  400): 985513 + Lcom/fsck/k9/activity/FolderList; onPause
V/DBox    (  400): 985515 - Lcom/fsck/k9/activity/FolderList; onPause
V/DBox    (  400): Ljava/net/Socket;->connectV
V/DBox    (  400): Ljava/net/Socket;->connectV
V/DBox    (  400): Ljava/net/Socket;->connectV
V/DBox    (  400): Ljava/net/Socket;->connectV
V/DBox    (  400): Ljava/net/Socket;->connectV
V/DBox    (  400): Ljava/net/Socket;->connectV
V/DBox    (  400): Ljava/net/Socket;->connectV
V/DBox    (  400): Ljava/net/Socket;->connectV
V/DBox    (  400): Ljava/net/Socket;->connectV
V/DBox    (  400): Ljava/net/Socket;->connectV
V/DBox    (  400): Ljava/net/Socket;->closeV
V/DBox    (  400): Ljava/net/Socket;->closeV
V/DBox    (  400): Ljava/net/Socket;->closeV
V/DBox    (  400): Ljava/net/Socket;->closeV
V/DBox    (  400): Ljava/net/Socket;->closeV
V/DBox    (  400): Ljava/net/Socket;->closeV
V/DBox    (  400): Ljava/net/Socket;->closeV
V/DBox    (  400): Ljava/net/Socket;->closeV
V/DBox    (  400): Ljava/net/Socket;->closeV
V/DBox    (  400): Ljava/net/Socket;->closeV
