

1039113 + Lcom/fsck/k9/activity/MessageList$1; onTouch android.widget.ListView@461b18c8
1039113 - Lcom/fsck/k9/activity/MessageList$1; onTouch
1039142 + Lcom/fsck/k9/activity/MessageList$1; onTouch android.widget.ListView@461b18c8
1039144 - Lcom/fsck/k9/activity/MessageList$1; onTouch
1039170 + Lcom/fsck/k9/activity/MessageList$1; onTouch android.widget.ListView@461b18c8
1039171 - Lcom/fsck/k9/activity/MessageList$1; onTouch
1039198 + Lcom/fsck/k9/activity/MessageList$1; onTouch android.widget.ListView@461b18c8
1039200 - Lcom/fsck/k9/activity/MessageList$1; onTouch
1039227 + Lcom/fsck/k9/activity/MessageList$1; onTouch android.widget.ListView@461b18c8
1039228 - Lcom/fsck/k9/activity/MessageList$1; onTouch
1039254 + Lcom/fsck/k9/activity/MessageList$1; onTouch android.widget.ListView@461b18c8
1039255 - Lcom/fsck/k9/activity/MessageList$1; onTouch
1039282 + Lcom/fsck/k9/activity/MessageList$1; onTouch android.widget.ListView@461b18c8
1039284 - Lcom/fsck/k9/activity/MessageList$1; onTouch
1039310 + Lcom/fsck/k9/activity/MessageList$1; onTouch android.widget.ListView@461b18c8
1039311 - Lcom/fsck/k9/activity/MessageList$1; onTouch
1039338 + Lcom/fsck/k9/activity/MessageList$1; onTouch android.widget.ListView@461b18c8
1039339 - Lcom/fsck/k9/activity/MessageList$1; onTouch
1039341 + Lcom/fsck/k9/activity/MessageList$1; onTouch android.widget.ListView@461b18c8
1039343 - Lcom/fsck/k9/activity/MessageList$1; onTouch
1046624 + Lcom/fsck/k9/activity/MessageList$1; onTouch android.widget.ListView@461b18c8
1046626 - Lcom/fsck/k9/activity/MessageList$1; onTouch
1046636 + Lcom/fsck/k9/activity/MessageList$1; onTouch android.widget.ListView@461b18c8
1046639 - Lcom/fsck/k9/activity/MessageList$1; onTouch
1046672 + Lcom/fsck/k9/activity/MessageList$1; onTouch android.widget.ListView@461b18c8
1046672 - Lcom/fsck/k9/activity/MessageList$1; onTouch
1046691 + Lcom/fsck/k9/activity/MessageList$1; onTouch android.widget.ListView@461b18c8
1046691 - Lcom/fsck/k9/activity/MessageList$1; onTouch
1046719 + Lcom/fsck/k9/activity/MessageList$1; onTouch android.widget.ListView@461b18c8
1046720 - Lcom/fsck/k9/activity/MessageList$1; onTouch
1046747 + Lcom/fsck/k9/activity/MessageList$1; onTouch android.widget.ListView@461b18c8
1046748 - Lcom/fsck/k9/activity/MessageList$1; onTouch
1046794 + Lcom/fsck/k9/activity/MessageList$1; onTouch android.widget.ListView@461b18c8
1046794 - Lcom/fsck/k9/activity/MessageList$1; onTouch
1046981 + Lcom/fsck/k9/activity/MessageList; onItemClick android.widget.ListView@461b18c8
1047010 - Lcom/fsck/k9/activity/MessageList; onItemClick
1069167 + Lcom/fsck/k9/activity/MessageList$1; onTouch android.widget.ListView@461b18c8
1069168 - Lcom/fsck/k9/activity/MessageList$1; onTouch
1069179 + Lcom/fsck/k9/activity/MessageList$1; onTouch android.widget.ListView@461b18c8
1069180 - Lcom/fsck/k9/activity/MessageList$1; onTouch
1069206 + Lcom/fsck/k9/activity/MessageList$1; onTouch android.widget.ListView@461b18c8
1069207 - Lcom/fsck/k9/activity/MessageList$1; onTouch
1069236 + Lcom/fsck/k9/activity/MessageList$1; onTouch android.widget.ListView@461b18c8
1069237 - Lcom/fsck/k9/activity/MessageList$1; onTouch
1069263 + Lcom/fsck/k9/activity/MessageList$1; onTouch android.widget.ListView@461b18c8
1069264 - Lcom/fsck/k9/activity/MessageList$1; onTouch
1069384 + Lcom/fsck/k9/activity/MessageList$1; onTouch android.widget.ListView@461b18c8
1069385 - Lcom/fsck/k9/activity/MessageList$1; onTouch
1069406 + Lcom/fsck/k9/activity/MessageList$1; onTouch android.widget.ListView@461b18c8
1069407 - Lcom/fsck/k9/activity/MessageList$1; onTouch
1069460 + Lcom/fsck/k9/activity/MessageList$1; onTouch android.widget.ListView@461b18c8
1069465 - Lcom/fsck/k9/activity/MessageList$1; onTouch
1069477 + Lcom/fsck/k9/activity/MessageList$1; onTouch android.widget.ListView@461b18c8
1069480 - Lcom/fsck/k9/activity/MessageList$1; onTouch
1069501 + Lcom/fsck/k9/activity/MessageList$1; onTouch android.widget.ListView@461b18c8
1069504 - Lcom/fsck/k9/activity/MessageList$1; onTouch
1069535 + Lcom/fsck/k9/activity/MessageList$1; onTouch android.widget.ListView@461b18c8
1069535 - Lcom/fsck/k9/activity/MessageList$1; onTouch
1069559 + Lcom/fsck/k9/activity/MessageList$1; onTouch android.widget.ListView@461b18c8
1069561 - Lcom/fsck/k9/activity/MessageList$1; onTouch
1069584 + Lcom/fsck/k9/activity/MessageList$1; onTouch android.widget.ListView@461b18c8
1069585 - Lcom/fsck/k9/activity/MessageList$1; onTouch
1069609 + Lcom/fsck/k9/activity/MessageList$1; onTouch android.widget.ListView@461b18c8
1069609 - Lcom/fsck/k9/activity/MessageList$1; onTouch
1069637 + Lcom/fsck/k9/activity/MessageList$1; onTouch android.widget.ListView@461b18c8
1069638 - Lcom/fsck/k9/activity/MessageList$1; onTouch
1069665 + Lcom/fsck/k9/activity/MessageList$1; onTouch android.widget.ListView@461b18c8
1069666 - Lcom/fsck/k9/activity/MessageList$1; onTouch
1069746 + Lcom/fsck/k9/activity/MessageList$1; onTouch android.widget.ListView@461b18c8
1069747 - Lcom/fsck/k9/activity/MessageList$1; onTouch
1069750 + Lcom/fsck/k9/activity/MessageList$1; onTouch android.widget.ListView@461b18c8
1069751 - Lcom/fsck/k9/activity/MessageList$1; onTouch
1070317 + Lcom/fsck/k9/activity/MessageList$1; onTouch android.widget.ListView@461b18c8
1070317 - Lcom/fsck/k9/activity/MessageList$1; onTouch
1070350 + Lcom/fsck/k9/activity/MessageList$1; onTouch android.widget.ListView@461b18c8
1070351 - Lcom/fsck/k9/activity/MessageList$1; onTouch
1070357 + Lcom/fsck/k9/activity/MessageList$1; onTouch android.widget.ListView@461b18c8
1070358 - Lcom/fsck/k9/activity/MessageList$1; onTouch
1070385 + Lcom/fsck/k9/activity/MessageList$1; onTouch android.widget.ListView@461b18c8
1070386 - Lcom/fsck/k9/activity/MessageList$1; onTouch
1070412 + Lcom/fsck/k9/activity/MessageList$1; onTouch android.widget.ListView@461b18c8
1070413 - Lcom/fsck/k9/activity/MessageList$1; onTouch
1070450 + Lcom/fsck/k9/activity/MessageList$1; onTouch android.widget.ListView@461b18c8
1070450 - Lcom/fsck/k9/activity/MessageList$1; onTouch
1070480 + Lcom/fsck/k9/activity/MessageList$1; onTouch android.widget.ListView@461b18c8
1070481 - Lcom/fsck/k9/activity/MessageList$1; onTouch
1070515 + Lcom/fsck/k9/activity/MessageList$1; onTouch android.widget.ListView@461b18c8
1070515 - Lcom/fsck/k9/activity/MessageList$1; onTouch
1070540 + Lcom/fsck/k9/activity/MessageList$1; onTouch android.widget.ListView@461b18c8
1070541 - Lcom/fsck/k9/activity/MessageList$1; onTouch
1070568 + Lcom/fsck/k9/activity/MessageList$1; onTouch android.widget.ListView@461b18c8
1070570 - Lcom/fsck/k9/activity/MessageList$1; onTouch
1070583 + Lcom/fsck/k9/activity/MessageList$1; onTouch android.widget.ListView@461b18c8
1070584 - Lcom/fsck/k9/activity/MessageList$1; onTouch
1070611 + Lcom/fsck/k9/activity/MessageList$1; onTouch android.widget.ListView@461b18c8
1070612 - Lcom/fsck/k9/activity/MessageList$1; onTouch
1070638 + Lcom/fsck/k9/activity/MessageList$1; onTouch android.widget.ListView@461b18c8
1070639 - Lcom/fsck/k9/activity/MessageList$1; onTouch
1070666 + Lcom/fsck/k9/activity/MessageList$1; onTouch android.widget.ListView@461b18c8
1070666 - Lcom/fsck/k9/activity/MessageList$1; onTouch
1070694 + Lcom/fsck/k9/activity/MessageList$1; onTouch android.widget.ListView@461b18c8
1070695 - Lcom/fsck/k9/activity/MessageList$1; onTouch
1070723 + Lcom/fsck/k9/activity/MessageList$1; onTouch android.widget.ListView@461b18c8
1070723 - Lcom/fsck/k9/activity/MessageList$1; onTouch
1070750 + Lcom/fsck/k9/activity/MessageList$1; onTouch android.widget.ListView@461b18c8
1070751 - Lcom/fsck/k9/activity/MessageList$1; onTouch
1070778 + Lcom/fsck/k9/activity/MessageList$1; onTouch android.widget.ListView@461b18c8
1070779 - Lcom/fsck/k9/activity/MessageList$1; onTouch
1070788 + Lcom/fsck/k9/activity/MessageList$1; onTouch android.widget.ListView@461b18c8
1070789 - Lcom/fsck/k9/activity/MessageList$1; onTouch
1073546 + Lcom/fsck/k9/activity/MessageList$1; onTouch android.widget.ListView@461b18c8
1073547 - Lcom/fsck/k9/activity/MessageList$1; onTouch
1073558 + Lcom/fsck/k9/activity/MessageList$1; onTouch android.widget.ListView@461b18c8
1073559 - Lcom/fsck/k9/activity/MessageList$1; onTouch
1073586 + Lcom/fsck/k9/activity/MessageList$1; onTouch android.widget.ListView@461b18c8
1073587 - Lcom/fsck/k9/activity/MessageList$1; onTouch
1073616 + Lcom/fsck/k9/activity/MessageList$1; onTouch android.widget.ListView@461b18c8
1073617 - Lcom/fsck/k9/activity/MessageList$1; onTouch
1073664 + Lcom/fsck/k9/activity/MessageList$1; onTouch android.widget.ListView@461b18c8
1073665 - Lcom/fsck/k9/activity/MessageList$1; onTouch
1073678 + Lcom/fsck/k9/activity/MessageList$1; onTouch android.widget.ListView@461b18c8
1073678 - Lcom/fsck/k9/activity/MessageList$1; onTouch
1073703 + Lcom/fsck/k9/activity/MessageList$1; onTouch android.widget.ListView@461b18c8
1073703 - Lcom/fsck/k9/activity/MessageList$1; onTouch
1073733 + Lcom/fsck/k9/activity/MessageList$1; onTouch android.widget.ListView@461b18c8
1073733 - Lcom/fsck/k9/activity/MessageList$1; onTouch
1073760 + Lcom/fsck/k9/activity/MessageList$1; onTouch android.widget.ListView@461b18c8
1073761 - Lcom/fsck/k9/activity/MessageList$1; onTouch
1073790 + Lcom/fsck/k9/activity/MessageList$1; onTouch android.widget.ListView@461b18c8
1073792 - Lcom/fsck/k9/activity/MessageList$1; onTouch
1073817 + Lcom/fsck/k9/activity/MessageList$1; onTouch android.widget.ListView@461b18c8
1073817 - Lcom/fsck/k9/activity/MessageList$1; onTouch
1073846 + Lcom/fsck/k9/activity/MessageList$1; onTouch android.widget.ListView@461b18c8
1073848 - Lcom/fsck/k9/activity/MessageList$1; onTouch
1073873 + Lcom/fsck/k9/activity/MessageList$1; onTouch android.widget.ListView@461b18c8
1073874 - Lcom/fsck/k9/activity/MessageList$1; onTouch
1073900 + Lcom/fsck/k9/activity/MessageList$1; onTouch android.widget.ListView@461b18c8
1073901 - Lcom/fsck/k9/activity/MessageList$1; onTouch
1073933 + Lcom/fsck/k9/activity/MessageList$1; onTouch android.widget.ListView@461b18c8
1073944 - Lcom/fsck/k9/activity/MessageList$1; onTouch
1073983 + Lcom/fsck/k9/activity/MessageList$1; onTouch android.widget.ListView@461b18c8
1073988 - Lcom/fsck/k9/activity/MessageList$1; onTouch
1074013 + Lcom/fsck/k9/activity/MessageList$1; onTouch android.widget.ListView@461b18c8
1074013 - Lcom/fsck/k9/activity/MessageList$1; onTouch
1074031 + Lcom/fsck/k9/activity/MessageList$1; onTouch android.widget.ListView@461b18c8
1074033 - Lcom/fsck/k9/activity/MessageList$1; onTouch
1074053 + Lcom/fsck/k9/activity/MessageList$1; onTouch android.widget.ListView@461b18c8
1074053 - Lcom/fsck/k9/activity/MessageList$1; onTouch
1074059 + Lcom/fsck/k9/activity/MessageList$1; onTouch android.widget.ListView@461b18c8
1074059 - Lcom/fsck/k9/activity/MessageList$1; onTouch
1074823 + Lcom/fsck/k9/activity/MessageList$1; onTouch android.widget.ListView@461b18c8
1074826 - Lcom/fsck/k9/activity/MessageList$1; onTouch
1074836 + Lcom/fsck/k9/activity/MessageList$1; onTouch android.widget.ListView@461b18c8
1074841 - Lcom/fsck/k9/activity/MessageList$1; onTouch
1074879 + Lcom/fsck/k9/activity/MessageList$1; onTouch android.widget.ListView@461b18c8
1074880 - Lcom/fsck/k9/activity/MessageList$1; onTouch
1074893 + Lcom/fsck/k9/activity/MessageList$1; onTouch android.widget.ListView@461b18c8
1074894 - Lcom/fsck/k9/activity/MessageList$1; onTouch
1074934 + Lcom/fsck/k9/activity/MessageList$1; onTouch android.widget.ListView@461b18c8
1074936 - Lcom/fsck/k9/activity/MessageList$1; onTouch
1074971 + Lcom/fsck/k9/activity/MessageList$1; onTouch android.widget.ListView@461b18c8
1074972 - Lcom/fsck/k9/activity/MessageList$1; onTouch
1075002 + Lcom/fsck/k9/activity/MessageList$1; onTouch android.widget.ListView@461b18c8
1075003 - Lcom/fsck/k9/activity/MessageList$1; onTouch
1075025 + Lcom/fsck/k9/activity/MessageList$1; onTouch android.widget.ListView@461b18c8
1075026 - Lcom/fsck/k9/activity/MessageList$1; onTouch
1075045 + Lcom/fsck/k9/activity/MessageList$1; onTouch android.widget.ListView@461b18c8
1075046 - Lcom/fsck/k9/activity/MessageList$1; onTouch
1075072 + Lcom/fsck/k9/activity/MessageList$1; onTouch android.widget.ListView@461b18c8
1075072 - Lcom/fsck/k9/activity/MessageList$1; onTouch
1075098 + Lcom/fsck/k9/activity/MessageList$1; onTouch android.widget.ListView@461b18c8
1075099 - Lcom/fsck/k9/activity/MessageList$1; onTouch
1075126 + Lcom/fsck/k9/activity/MessageList$1; onTouch android.widget.ListView@461b18c8
1075127 - Lcom/fsck/k9/activity/MessageList$1; onTouch
1075155 + Lcom/fsck/k9/activity/MessageList$1; onTouch android.widget.ListView@461b18c8
1075156 - Lcom/fsck/k9/activity/MessageList$1; onTouch
1075182 + Lcom/fsck/k9/activity/MessageList$1; onTouch android.widget.ListView@461b18c8
1075183 - Lcom/fsck/k9/activity/MessageList$1; onTouch
1075213 + Lcom/fsck/k9/activity/MessageList$1; onTouch android.widget.ListView@461b18c8
1075214 - Lcom/fsck/k9/activity/MessageList$1; onTouch
1075239 + Lcom/fsck/k9/activity/MessageList$1; onTouch android.widget.ListView@461b18c8
1075241 - Lcom/fsck/k9/activity/MessageList$1; onTouch
1075267 + Lcom/fsck/k9/activity/MessageList$1; onTouch android.widget.ListView@461b18c8
1075270 - Lcom/fsck/k9/activity/MessageList$1; onTouch
1075296 + Lcom/fsck/k9/activity/MessageList$1; onTouch android.widget.ListView@461b18c8
1075297 - Lcom/fsck/k9/activity/MessageList$1; onTouch
1075298 + Lcom/fsck/k9/activity/MessageList$1; onTouch android.widget.ListView@461b18c8
1075302 - Lcom/fsck/k9/activity/MessageList$1; onTouch
1076342 + Lcom/fsck/k9/activity/MessageList$1; onTouch android.widget.ListView@461b18c8
1076346 - Lcom/fsck/k9/activity/MessageList$1; onTouch
1076356 + Lcom/fsck/k9/activity/MessageList$1; onTouch android.widget.ListView@461b18c8
1076357 - Lcom/fsck/k9/activity/MessageList$1; onTouch
1076384 + Lcom/fsck/k9/activity/MessageList$1; onTouch android.widget.ListView@461b18c8
1076387 - Lcom/fsck/k9/activity/MessageList$1; onTouch
1076413 + Lcom/fsck/k9/activity/MessageList$1; onTouch android.widget.ListView@461b18c8
1076414 - Lcom/fsck/k9/activity/MessageList$1; onTouch
1076453 + Lcom/fsck/k9/activity/MessageList$1; onTouch android.widget.ListView@461b18c8
1076464 - Lcom/fsck/k9/activity/MessageList$1; onTouch
1076475 + Lcom/fsck/k9/activity/MessageList$1; onTouch android.widget.ListView@461b18c8
1076481 - Lcom/fsck/k9/activity/MessageList$1; onTouch
1076632 + Lcom/fsck/k9/activity/MessageList; onItemClick android.widget.ListView@461b18c8
1076714 - Lcom/fsck/k9/activity/MessageList; onItemClick
1076715 + Lcom/fsck/k9/activity/MessageList; onSaveInstanceState
1076716 - Lcom/fsck/k9/activity/MessageList; onSaveInstanceState
1076716 + Lcom/fsck/k9/activity/MessageList; onPause
1076717 - Lcom/fsck/k9/activity/MessageList; onPause
1076782 + Lcom/fsck/k9/activity/MessageView; onCreate
1076782 + Lcom/fsck/k9/K9Activity; onCreate
1076786 - Lcom/fsck/k9/K9Activity; onCreate
1076880 - Lcom/fsck/k9/activity/MessageView; onCreate
1076881 + Lcom/fsck/k9/activity/MessageView; onResume
1076881 + Lcom/fsck/k9/K9Activity; onResume
1076884 - Lcom/fsck/k9/K9Activity; onResume
1076884 - Lcom/fsck/k9/activity/MessageView; onResume
1082021 + Lcom/fsck/k9/activity/MessageView; onClick android.widget.Button@46439508
1082029 - Lcom/fsck/k9/activity/MessageView; onClick
1088100 + Lcom/fsck/k9/activity/MessageView; onClick android.widget.Button@46439508
1088108 - Lcom/fsck/k9/activity/MessageView; onClick
1091468 + Lcom/fsck/k9/activity/MessageList; onResume
1091468 + Lcom/fsck/k9/K9Activity; onResume
1091481 - Lcom/fsck/k9/K9Activity; onResume
1091665 - Lcom/fsck/k9/activity/MessageList; onResume
1096686 + Lcom/fsck/k9/activity/MessageList; onCreateOptionsMenu com.android.internal.view.menu.MenuBuilder@4631a818
1096725 - Lcom/fsck/k9/activity/MessageList; onCreateOptionsMenu
1099140 + Lcom/fsck/k9/activity/MessageList; onOptionsItemSelected Compose
1099189 - Lcom/fsck/k9/activity/MessageList; onOptionsItemSelected
1099212 + Lcom/fsck/k9/activity/MessageList; onSaveInstanceState
1099213 - Lcom/fsck/k9/activity/MessageList; onSaveInstanceState
1099214 + Lcom/fsck/k9/activity/MessageList; onPause
1099214 - Lcom/fsck/k9/activity/MessageList; onPause
1099228 + Lcom/fsck/k9/activity/MessageCompose; onCreate
1099229 + Lcom/fsck/k9/K9Activity; onCreate
1099232 - Lcom/fsck/k9/K9Activity; onCreate
1099310 - Lcom/fsck/k9/activity/MessageCompose; onCreate
1099311 + Lcom/fsck/k9/activity/MessageCompose; onResume
1099311 + Lcom/fsck/k9/K9Activity; onResume
1099314 - Lcom/fsck/k9/K9Activity; onResume
1099315 - Lcom/fsck/k9/activity/MessageCompose; onResume
1112467 + Lcom/fsck/k9/activity/MessageCompose; onFocusChange android.widget.EditText@462de218
1112479 - Lcom/fsck/k9/activity/MessageCompose; onFocusChange
1114128 + Lcom/fsck/k9/activity/MessageCompose; onFocusChange android.widget.EditText@462de218
1114130 - Lcom/fsck/k9/activity/MessageCompose; onFocusChange
1127779 + Lcom/fsck/k9/activity/MessageCompose; onCreateOptionsMenu com.android.internal.view.menu.MenuBuilder@4637f460
1127797 - Lcom/fsck/k9/activity/MessageCompose; onCreateOptionsMenu
1128735 + Lcom/fsck/k9/activity/MessageCompose; onOptionsItemSelected Send
1128888 - Lcom/fsck/k9/activity/MessageCompose; onOptionsItemSelected
1128970 + Lcom/fsck/k9/activity/MessageCompose; onPause
1128973 - Lcom/fsck/k9/activity/MessageCompose; onPause
1128993 + Lcom/fsck/k9/activity/MessageList; onResume
1128993 + Lcom/fsck/k9/K9Activity; onResume
1128996 - Lcom/fsck/k9/K9Activity; onResume
1129149 - Lcom/fsck/k9/activity/MessageList; onResume
Ljava/net/Socket;->connectV
Ljava/net/Socket;->closeV
1135487 + Lcom/fsck/k9/activity/MessageList; onPause
1135487 - Lcom/fsck/k9/activity/MessageList; onPause
1135510 + Lcom/fsck/k9/activity/FolderList; onResume
1135510 + Lcom/fsck/k9/K9ListActivity; onResume
1135513 - Lcom/fsck/k9/K9ListActivity; onResume
1135549 - Lcom/fsck/k9/activity/FolderList; onResume
1150772 + Lcom/fsck/k9/activity/FolderList; onCreateOptionsMenu com.android.internal.view.menu.MenuBuilder@4625c540
1150785 - Lcom/fsck/k9/activity/FolderList; onCreateOptionsMenu
1159655 + Lcom/fsck/k9/activity/FolderList; onPause
1159658 - Lcom/fsck/k9/activity/FolderList; onPause
1159702 + Lcom/fsck/k9/activity/Accounts; onResume
1159702 + Lcom/fsck/k9/K9ListActivity; onResume
1159705 - Lcom/fsck/k9/K9ListActivity; onResume
1159718 - Lcom/fsck/k9/activity/Accounts; onResume
1161214 + Lcom/fsck/k9/activity/Accounts; onCreateOptionsMenu com.android.internal.view.menu.MenuBuilder@462ccfa0
1161224 - Lcom/fsck/k9/activity/Accounts; onCreateOptionsMenu
1166860 + Lcom/fsck/k9/activity/Accounts; onItemClick android.widget.ListView@4616d568
1166911 - Lcom/fsck/k9/activity/Accounts; onItemClick
1166912 + Lcom/fsck/k9/activity/Accounts; onSaveInstanceState
1166916 - Lcom/fsck/k9/activity/Accounts; onSaveInstanceState
1166917 + Lcom/fsck/k9/activity/Accounts; onPause
1166917 - Lcom/fsck/k9/activity/Accounts; onPause
1166949 + Lcom/fsck/k9/activity/MessageList; onCreate
1166949 + Lcom/fsck/k9/K9Activity; onCreate
1166957 - Lcom/fsck/k9/K9Activity; onCreate
1167011 - Lcom/fsck/k9/activity/MessageList; onCreate
1167012 + Lcom/fsck/k9/activity/MessageList; onResume
1167013 + Lcom/fsck/k9/K9Activity; onResume
1167015 - Lcom/fsck/k9/K9Activity; onResume
1167194 - Lcom/fsck/k9/activity/MessageList; onResume
1168309 + Lcom/fsck/k9/activity/MessageList$1; onTouch android.widget.ListView@462d2650
1168311 - Lcom/fsck/k9/activity/MessageList$1; onTouch
1168324 + Lcom/fsck/k9/activity/MessageList$1; onTouch android.widget.ListView@462d2650
1168325 - Lcom/fsck/k9/activity/MessageList$1; onTouch
1168349 + Lcom/fsck/k9/activity/MessageList$1; onTouch android.widget.ListView@462d2650
1168353 - Lcom/fsck/k9/activity/MessageList$1; onTouch
1168551 + Lcom/fsck/k9/activity/MessageList$1; onTouch android.widget.ListView@462d2650
1168556 - Lcom/fsck/k9/activity/MessageList$1; onTouch
1168589 + Lcom/fsck/k9/activity/MessageList$1; onTouch android.widget.ListView@462d2650
1168593 - Lcom/fsck/k9/activity/MessageList$1; onTouch
1168626 + Lcom/fsck/k9/activity/MessageList$1; onTouch android.widget.ListView@462d2650
1168627 - Lcom/fsck/k9/activity/MessageList$1; onTouch
1168655 + Lcom/fsck/k9/activity/MessageList$1; onTouch android.widget.ListView@462d2650
1168655 - Lcom/fsck/k9/activity/MessageList$1; onTouch
1168656 + Lcom/fsck/k9/activity/MessageList$1; onTouch android.widget.ListView@462d2650
1168657 - Lcom/fsck/k9/activity/MessageList$1; onTouch
1168892 + Lcom/fsck/k9/activity/MessageList$1; onTouch android.widget.ListView@462d2650
1168897 - Lcom/fsck/k9/activity/MessageList$1; onTouch
1168908 + Lcom/fsck/k9/activity/MessageList$1; onTouch android.widget.ListView@462d2650
1168914 - Lcom/fsck/k9/activity/MessageList$1; onTouch
1168986 + Lcom/fsck/k9/activity/MessageList$1; onTouch android.widget.ListView@462d2650
1168987 - Lcom/fsck/k9/activity/MessageList$1; onTouch
1169009 + Lcom/fsck/k9/activity/MessageList$1; onTouch android.widget.ListView@462d2650
1169011 - Lcom/fsck/k9/activity/MessageList$1; onTouch
1169028 + Lcom/fsck/k9/activity/MessageList$1; onTouch android.widget.ListView@462d2650
1169029 - Lcom/fsck/k9/activity/MessageList$1; onTouch
1169055 + Lcom/fsck/k9/activity/MessageList$1; onTouch android.widget.ListView@462d2650
1169056 - Lcom/fsck/k9/activity/MessageList$1; onTouch
1169083 + Lcom/fsck/k9/activity/MessageList$1; onTouch android.widget.ListView@462d2650
1169083 - Lcom/fsck/k9/activity/MessageList$1; onTouch
1169110 + Lcom/fsck/k9/activity/MessageList$1; onTouch android.widget.ListView@462d2650
1169111 - Lcom/fsck/k9/activity/MessageList$1; onTouch
1169139 + Lcom/fsck/k9/activity/MessageList$1; onTouch android.widget.ListView@462d2650
1169140 - Lcom/fsck/k9/activity/MessageList$1; onTouch
1169166 + Lcom/fsck/k9/activity/MessageList$1; onTouch android.widget.ListView@462d2650
1169166 - Lcom/fsck/k9/activity/MessageList$1; onTouch
1169196 + Lcom/fsck/k9/activity/MessageList$1; onTouch android.widget.ListView@462d2650
1169197 - Lcom/fsck/k9/activity/MessageList$1; onTouch
1169223 + Lcom/fsck/k9/activity/MessageList$1; onTouch android.widget.ListView@462d2650
1169225 - Lcom/fsck/k9/activity/MessageList$1; onTouch
1169251 + Lcom/fsck/k9/activity/MessageList$1; onTouch android.widget.ListView@462d2650
1169255 - Lcom/fsck/k9/activity/MessageList$1; onTouch
1169279 + Lcom/fsck/k9/activity/MessageList$1; onTouch android.widget.ListView@462d2650
1169280 - Lcom/fsck/k9/activity/MessageList$1; onTouch
1169307 + Lcom/fsck/k9/activity/MessageList$1; onTouch android.widget.ListView@462d2650
1169308 - Lcom/fsck/k9/activity/MessageList$1; onTouch
1169336 + Lcom/fsck/k9/activity/MessageList$1; onTouch android.widget.ListView@462d2650
1169337 - Lcom/fsck/k9/activity/MessageList$1; onTouch
1169362 + Lcom/fsck/k9/activity/MessageList$1; onTouch android.widget.ListView@462d2650
1169363 - Lcom/fsck/k9/activity/MessageList$1; onTouch
1169391 + Lcom/fsck/k9/activity/MessageList$1; onTouch android.widget.ListView@462d2650
1169394 - Lcom/fsck/k9/activity/MessageList$1; onTouch
1169448 + Lcom/fsck/k9/activity/MessageList$1; onTouch android.widget.ListView@462d2650
1169450 - Lcom/fsck/k9/activity/MessageList$1; onTouch
1169458 + Lcom/fsck/k9/activity/MessageList$1; onTouch android.widget.ListView@462d2650
1169464 - Lcom/fsck/k9/activity/MessageList$1; onTouch
1169472 + Lcom/fsck/k9/activity/MessageList$1; onTouch android.widget.ListView@462d2650
1169479 - Lcom/fsck/k9/activity/MessageList$1; onTouch
1169593 + Lcom/fsck/k9/activity/MessageList$1; onTouch android.widget.ListView@462d2650
1169595 - Lcom/fsck/k9/activity/MessageList$1; onTouch
1169636 + Lcom/fsck/k9/activity/MessageList$1; onTouch android.widget.ListView@462d2650
1169640 - Lcom/fsck/k9/activity/MessageList$1; onTouch
1169645 + Lcom/fsck/k9/activity/MessageList$1; onTouch android.widget.ListView@462d2650
1169647 - Lcom/fsck/k9/activity/MessageList$1; onTouch
1169670 + Lcom/fsck/k9/activity/MessageList$1; onTouch android.widget.ListView@462d2650
1169671 - Lcom/fsck/k9/activity/MessageList$1; onTouch
1169696 + Lcom/fsck/k9/activity/MessageList$1; onTouch android.widget.ListView@462d2650
1169696 - Lcom/fsck/k9/activity/MessageList$1; onTouch
1169723 + Lcom/fsck/k9/activity/MessageList$1; onTouch android.widget.ListView@462d2650
1169723 - Lcom/fsck/k9/activity/MessageList$1; onTouch
1169751 + Lcom/fsck/k9/activity/MessageList$1; onTouch android.widget.ListView@462d2650
1169751 - Lcom/fsck/k9/activity/MessageList$1; onTouch
1169779 + Lcom/fsck/k9/activity/MessageList$1; onTouch android.widget.ListView@462d2650
1169780 - Lcom/fsck/k9/activity/MessageList$1; onTouch
1169808 + Lcom/fsck/k9/activity/MessageList$1; onTouch android.widget.ListView@462d2650
1169810 - Lcom/fsck/k9/activity/MessageList$1; onTouch
1169837 + Lcom/fsck/k9/activity/MessageList$1; onTouch android.widget.ListView@462d2650
1169838 - Lcom/fsck/k9/activity/MessageList$1; onTouch
1169863 + Lcom/fsck/k9/activity/MessageList$1; onTouch android.widget.ListView@462d2650
1169864 - Lcom/fsck/k9/activity/MessageList$1; onTouch
1169893 + Lcom/fsck/k9/activity/MessageList$1; onTouch android.widget.ListView@462d2650
1169894 - Lcom/fsck/k9/activity/MessageList$1; onTouch
1169895 + Lcom/fsck/k9/activity/MessageList$1; onTouch android.widget.ListView@462d2650
1169896 - Lcom/fsck/k9/activity/MessageList$1; onTouch
1170271 + Lcom/fsck/k9/activity/MessageList$1; onTouch android.widget.ListView@462d2650
1170272 - Lcom/fsck/k9/activity/MessageList$1; onTouch
1170294 + Lcom/fsck/k9/activity/MessageList$1; onTouch android.widget.ListView@462d2650
1170295 - Lcom/fsck/k9/activity/MessageList$1; onTouch
1170308 + Lcom/fsck/k9/activity/MessageList$1; onTouch android.widget.ListView@462d2650
1170309 - Lcom/fsck/k9/activity/MessageList$1; onTouch
1170335 + Lcom/fsck/k9/activity/MessageList$1; onTouch android.widget.ListView@462d2650
1170336 - Lcom/fsck/k9/activity/MessageList$1; onTouch
1170363 + Lcom/fsck/k9/activity/MessageList$1; onTouch android.widget.ListView@462d2650
1170363 - Lcom/fsck/k9/activity/MessageList$1; onTouch
1170394 + Lcom/fsck/k9/activity/MessageList$1; onTouch android.widget.ListView@462d2650
1170395 - Lcom/fsck/k9/activity/MessageList$1; onTouch
1170443 + Lcom/fsck/k9/activity/MessageList$1; onTouch android.widget.ListView@462d2650
1170452 - Lcom/fsck/k9/activity/MessageList$1; onTouch
1170460 + Lcom/fsck/k9/activity/MessageList$1; onTouch android.widget.ListView@462d2650
1170469 - Lcom/fsck/k9/activity/MessageList$1; onTouch
1170494 + Lcom/fsck/k9/activity/MessageList$1; onTouch android.widget.ListView@462d2650
1170495 - Lcom/fsck/k9/activity/MessageList$1; onTouch
1170509 + Lcom/fsck/k9/activity/MessageList$1; onTouch android.widget.ListView@462d2650
1170510 - Lcom/fsck/k9/activity/MessageList$1; onTouch
1170536 + Lcom/fsck/k9/activity/MessageList$1; onTouch android.widget.ListView@462d2650
1170537 - Lcom/fsck/k9/activity/MessageList$1; onTouch
1170564 + Lcom/fsck/k9/activity/MessageList$1; onTouch android.widget.ListView@462d2650
1170565 - Lcom/fsck/k9/activity/MessageList$1; onTouch
1170599 + Lcom/fsck/k9/activity/MessageList$1; onTouch android.widget.ListView@462d2650
1170600 - Lcom/fsck/k9/activity/MessageList$1; onTouch
1170620 + Lcom/fsck/k9/activity/MessageList$1; onTouch android.widget.ListView@462d2650
1170621 - Lcom/fsck/k9/activity/MessageList$1; onTouch
1170648 + Lcom/fsck/k9/activity/MessageList$1; onTouch android.widget.ListView@462d2650
1170649 - Lcom/fsck/k9/activity/MessageList$1; onTouch
1170676 + Lcom/fsck/k9/activity/MessageList$1; onTouch android.widget.ListView@462d2650
1170677 - Lcom/fsck/k9/activity/MessageList$1; onTouch
1170703 + Lcom/fsck/k9/activity/MessageList$1; onTouch android.widget.ListView@462d2650
1170704 - Lcom/fsck/k9/activity/MessageList$1; onTouch
1170732 + Lcom/fsck/k9/activity/MessageList$1; onTouch android.widget.ListView@462d2650
1170733 - Lcom/fsck/k9/activity/MessageList$1; onTouch
1170760 + Lcom/fsck/k9/activity/MessageList$1; onTouch android.widget.ListView@462d2650
1170761 - Lcom/fsck/k9/activity/MessageList$1; onTouch
1170789 + Lcom/fsck/k9/activity/MessageList$1; onTouch android.widget.ListView@462d2650
1170790 - Lcom/fsck/k9/activity/MessageList$1; onTouch
1170817 + Lcom/fsck/k9/activity/MessageList$1; onTouch android.widget.ListView@462d2650
1170818 - Lcom/fsck/k9/activity/MessageList$1; onTouch
1170844 + Lcom/fsck/k9/activity/MessageList$1; onTouch android.widget.ListView@462d2650
1170847 - Lcom/fsck/k9/activity/MessageList$1; onTouch
1170872 + Lcom/fsck/k9/activity/MessageList$1; onTouch android.widget.ListView@462d2650
1170873 - Lcom/fsck/k9/activity/MessageList$1; onTouch
1170902 + Lcom/fsck/k9/activity/MessageList$1; onTouch android.widget.ListView@462d2650
1170905 - Lcom/fsck/k9/activity/MessageList$1; onTouch
1170951 + Lcom/fsck/k9/activity/MessageList$1; onTouch android.widget.ListView@462d2650
1170952 - Lcom/fsck/k9/activity/MessageList$1; onTouch
1170956 + Lcom/fsck/k9/activity/MessageList$1; onTouch android.widget.ListView@462d2650
1170957 - Lcom/fsck/k9/activity/MessageList$1; onTouch
1171202 + Lcom/fsck/k9/activity/MessageList$1; onTouch android.widget.ListView@462d2650
1171203 - Lcom/fsck/k9/activity/MessageList$1; onTouch
1171223 + Lcom/fsck/k9/activity/MessageList$1; onTouch android.widget.ListView@462d2650
1171224 - Lcom/fsck/k9/activity/MessageList$1; onTouch
1171241 + Lcom/fsck/k9/activity/MessageList$1; onTouch android.widget.ListView@462d2650
1171241 - Lcom/fsck/k9/activity/MessageList$1; onTouch
1171265 + Lcom/fsck/k9/activity/MessageList$1; onTouch android.widget.ListView@462d2650
1171265 - Lcom/fsck/k9/activity/MessageList$1; onTouch
1171293 + Lcom/fsck/k9/activity/MessageList$1; onTouch android.widget.ListView@462d2650
1171294 - Lcom/fsck/k9/activity/MessageList$1; onTouch
1171323 + Lcom/fsck/k9/activity/MessageList$1; onTouch android.widget.ListView@462d2650
1171324 - Lcom/fsck/k9/activity/MessageList$1; onTouch
1171350 + Lcom/fsck/k9/activity/MessageList$1; onTouch android.widget.ListView@462d2650
1171351 - Lcom/fsck/k9/activity/MessageList$1; onTouch
1171379 + Lcom/fsck/k9/activity/MessageList$1; onTouch android.widget.ListView@462d2650
1171381 - Lcom/fsck/k9/activity/MessageList$1; onTouch
1171406 + Lcom/fsck/k9/activity/MessageList$1; onTouch android.widget.ListView@462d2650
1171407 - Lcom/fsck/k9/activity/MessageList$1; onTouch
1171470 + Lcom/fsck/k9/activity/MessageList$1; onTouch android.widget.ListView@462d2650
1171475 - Lcom/fsck/k9/activity/MessageList$1; onTouch
1171484 + Lcom/fsck/k9/activity/MessageList$1; onTouch android.widget.ListView@462d2650
1171486 - Lcom/fsck/k9/activity/MessageList$1; onTouch
1171507 + Lcom/fsck/k9/activity/MessageList$1; onTouch android.widget.ListView@462d2650
1171508 - Lcom/fsck/k9/activity/MessageList$1; onTouch
1171531 + Lcom/fsck/k9/activity/MessageList$1; onTouch android.widget.ListView@462d2650
1171531 - Lcom/fsck/k9/activity/MessageList$1; onTouch
1171546 + Lcom/fsck/k9/activity/MessageList$1; onTouch android.widget.ListView@462d2650
1171550 - Lcom/fsck/k9/activity/MessageList$1; onTouch
1171822 + Lcom/fsck/k9/activity/MessageList$1; onTouch android.widget.ListView@462d2650
1171826 - Lcom/fsck/k9/activity/MessageList$1; onTouch
1171843 + Lcom/fsck/k9/activity/MessageList$1; onTouch android.widget.ListView@462d2650
1171843 - Lcom/fsck/k9/activity/MessageList$1; onTouch
1171858 + Lcom/fsck/k9/activity/MessageList$1; onTouch android.widget.ListView@462d2650
1171859 - Lcom/fsck/k9/activity/MessageList$1; onTouch
1171886 + Lcom/fsck/k9/activity/MessageList$1; onTouch android.widget.ListView@462d2650
1171887 - Lcom/fsck/k9/activity/MessageList$1; onTouch
1171915 + Lcom/fsck/k9/activity/MessageList$1; onTouch android.widget.ListView@462d2650
1171916 - Lcom/fsck/k9/activity/MessageList$1; onTouch
1171994 + Lcom/fsck/k9/activity/MessageList$1; onTouch android.widget.ListView@462d2650
1171998 - Lcom/fsck/k9/activity/MessageList$1; onTouch
1172008 + Lcom/fsck/k9/activity/MessageList$1; onTouch android.widget.ListView@462d2650
1172009 - Lcom/fsck/k9/activity/MessageList$1; onTouch
1172030 + Lcom/fsck/k9/activity/MessageList$1; onTouch android.widget.ListView@462d2650
1172031 - Lcom/fsck/k9/activity/MessageList$1; onTouch
1172052 + Lcom/fsck/k9/activity/MessageList$1; onTouch android.widget.ListView@462d2650
1172053 - Lcom/fsck/k9/activity/MessageList$1; onTouch
1172080 + Lcom/fsck/k9/activity/MessageList$1; onTouch android.widget.ListView@462d2650
1172080 - Lcom/fsck/k9/activity/MessageList$1; onTouch
1172108 + Lcom/fsck/k9/activity/MessageList$1; onTouch android.widget.ListView@462d2650
1172109 - Lcom/fsck/k9/activity/MessageList$1; onTouch
1172137 + Lcom/fsck/k9/activity/MessageList$1; onTouch android.widget.ListView@462d2650
1172138 - Lcom/fsck/k9/activity/MessageList$1; onTouch
1172165 + Lcom/fsck/k9/activity/MessageList$1; onTouch android.widget.ListView@462d2650
1172165 - Lcom/fsck/k9/activity/MessageList$1; onTouch
1172197 + Lcom/fsck/k9/activity/MessageList$1; onTouch android.widget.ListView@462d2650
1172198 - Lcom/fsck/k9/activity/MessageList$1; onTouch
1172200 + Lcom/fsck/k9/activity/MessageList$1; onTouch android.widget.ListView@462d2650
1172202 - Lcom/fsck/k9/activity/MessageList$1; onTouch
1176056 + Lcom/fsck/k9/activity/MessageList; onCreateOptionsMenu com.android.internal.view.menu.MenuBuilder@462a2678
1176072 - Lcom/fsck/k9/activity/MessageList; onCreateOptionsMenu
1177478 + Lcom/fsck/k9/activity/MessageList; onOptionsItemSelected Check mail
1177483 - Lcom/fsck/k9/activity/MessageList; onOptionsItemSelected
1184691 + Lcom/fsck/k9/activity/MessageList; onPause
1184699 - Lcom/fsck/k9/activity/MessageList; onPause
1184725 + Lcom/fsck/k9/activity/Accounts; onResume
1184725 + Lcom/fsck/k9/K9ListActivity; onResume
1184728 - Lcom/fsck/k9/K9ListActivity; onResume
1184738 - Lcom/fsck/k9/activity/Accounts; onResume
1187018 + Lcom/fsck/k9/activity/Accounts; onSaveInstanceState
1187019 - Lcom/fsck/k9/activity/Accounts; onSaveInstanceState
1187022 + Lcom/fsck/k9/activity/Accounts; onPause
1187022 - Lcom/fsck/k9/activity/Accounts; onPause
