

227722 + Lcom/fsck/k9/activity/MessageList; onResume
227723 + Lcom/fsck/k9/K9Activity; onResume
227727 - Lcom/fsck/k9/K9Activity; onResume
227807 - Lcom/fsck/k9/activity/MessageList; onResume
228856 + Lcom/fsck/k9/activity/MessageList; onCreateOptionsMenu com.android.internal.view.menu.MenuBuilder@462db9f0
228915 - Lcom/fsck/k9/activity/MessageList; onCreateOptionsMenu
230217 + Lcom/fsck/k9/activity/MessageList; onOptionsItemSelected Folder list
230333 - Lcom/fsck/k9/activity/MessageList; onOptionsItemSelected
230354 + Lcom/fsck/k9/activity/MessageList; onPause
230355 - Lcom/fsck/k9/activity/MessageList; onPause
230373 + Lcom/fsck/k9/activity/FolderList; onCreate
230373 + Lcom/fsck/k9/K9ListActivity; onCreate
230377 - Lcom/fsck/k9/K9ListActivity; onCreate
230402 - Lcom/fsck/k9/activity/FolderList; onCreate
230403 + Lcom/fsck/k9/activity/FolderList; onResume
230403 + Lcom/fsck/k9/K9ListActivity; onResume
230406 - Lcom/fsck/k9/K9ListActivity; onResume
230416 - Lcom/fsck/k9/activity/FolderList; onResume
241701 + Lcom/fsck/k9/activity/FolderList; onCreateOptionsMenu com.android.internal.view.menu.MenuBuilder@461aae00
241722 - Lcom/fsck/k9/activity/FolderList; onCreateOptionsMenu
242899 + Lcom/fsck/k9/activity/FolderList; onOptionsItemSelected Accounts
242913 - Lcom/fsck/k9/activity/FolderList; onOptionsItemSelected
242955 + Lcom/fsck/k9/activity/FolderList; onPause
242955 - Lcom/fsck/k9/activity/FolderList; onPause
242988 + Lcom/fsck/k9/activity/Accounts; onCreate
242993 + Lcom/fsck/k9/K9ListActivity; onCreate
242997 - Lcom/fsck/k9/K9ListActivity; onCreate
243036 - Lcom/fsck/k9/activity/Accounts; onCreate
243037 + Lcom/fsck/k9/activity/Accounts; onResume
243037 + Lcom/fsck/k9/K9ListActivity; onResume
243039 - Lcom/fsck/k9/K9ListActivity; onResume
243057 - Lcom/fsck/k9/activity/Accounts; onResume
245255 + Lcom/fsck/k9/activity/Accounts; onItemClick android.widget.ListView@46349420
245288 - Lcom/fsck/k9/activity/Accounts; onItemClick
245288 + Lcom/fsck/k9/activity/Accounts; onSaveInstanceState
245289 - Lcom/fsck/k9/activity/Accounts; onSaveInstanceState
245289 + Lcom/fsck/k9/activity/Accounts; onPause
245290 - Lcom/fsck/k9/activity/Accounts; onPause
245299 + Lcom/fsck/k9/activity/MessageList; onCreate
245299 + Lcom/fsck/k9/K9Activity; onCreate
245302 - Lcom/fsck/k9/K9Activity; onCreate
245325 - Lcom/fsck/k9/activity/MessageList; onCreate
245326 + Lcom/fsck/k9/activity/MessageList; onResume
245326 + Lcom/fsck/k9/K9Activity; onResume
245328 - Lcom/fsck/k9/K9Activity; onResume
245377 - Lcom/fsck/k9/activity/MessageList; onResume
250755 + Lcom/fsck/k9/activity/MessageList$1; onTouch android.widget.ListView@462d8708
250758 - Lcom/fsck/k9/activity/MessageList$1; onTouch
250769 + Lcom/fsck/k9/activity/MessageList$1; onTouch android.widget.ListView@462d8708
250772 - Lcom/fsck/k9/activity/MessageList$1; onTouch
250797 + Lcom/fsck/k9/activity/MessageList$1; onTouch android.widget.ListView@462d8708
250799 - Lcom/fsck/k9/activity/MessageList$1; onTouch
250823 + Lcom/fsck/k9/activity/MessageList$1; onTouch android.widget.ListView@462d8708
250824 - Lcom/fsck/k9/activity/MessageList$1; onTouch
250850 + Lcom/fsck/k9/activity/MessageList$1; onTouch android.widget.ListView@462d8708
250855 - Lcom/fsck/k9/activity/MessageList$1; onTouch
250881 + Lcom/fsck/k9/activity/MessageList$1; onTouch android.widget.ListView@462d8708
250883 - Lcom/fsck/k9/activity/MessageList$1; onTouch
250924 + Lcom/fsck/k9/activity/MessageList$1; onTouch android.widget.ListView@462d8708
250925 - Lcom/fsck/k9/activity/MessageList$1; onTouch
251066 + Lcom/fsck/k9/activity/MessageList$1; onTouch android.widget.ListView@462d8708
251067 - Lcom/fsck/k9/activity/MessageList$1; onTouch
251091 + Lcom/fsck/k9/activity/MessageList$1; onTouch android.widget.ListView@462d8708
251091 - Lcom/fsck/k9/activity/MessageList$1; onTouch
251106 + Lcom/fsck/k9/activity/MessageList$1; onTouch android.widget.ListView@462d8708
251108 - Lcom/fsck/k9/activity/MessageList$1; onTouch
251132 + Lcom/fsck/k9/activity/MessageList$1; onTouch android.widget.ListView@462d8708
251132 - Lcom/fsck/k9/activity/MessageList$1; onTouch
251159 + Lcom/fsck/k9/activity/MessageList$1; onTouch android.widget.ListView@462d8708
251160 - Lcom/fsck/k9/activity/MessageList$1; onTouch
251187 + Lcom/fsck/k9/activity/MessageList$1; onTouch android.widget.ListView@462d8708
251188 - Lcom/fsck/k9/activity/MessageList$1; onTouch
251216 + Lcom/fsck/k9/activity/MessageList$1; onTouch android.widget.ListView@462d8708
251217 - Lcom/fsck/k9/activity/MessageList$1; onTouch
251244 + Lcom/fsck/k9/activity/MessageList$1; onTouch android.widget.ListView@462d8708
251246 - Lcom/fsck/k9/activity/MessageList$1; onTouch
251273 + Lcom/fsck/k9/activity/MessageList$1; onTouch android.widget.ListView@462d8708
251274 - Lcom/fsck/k9/activity/MessageList$1; onTouch
251299 + Lcom/fsck/k9/activity/MessageList$1; onTouch android.widget.ListView@462d8708
251300 - Lcom/fsck/k9/activity/MessageList$1; onTouch
251332 + Lcom/fsck/k9/activity/MessageList$1; onTouch android.widget.ListView@462d8708
251333 - Lcom/fsck/k9/activity/MessageList$1; onTouch
251334 + Lcom/fsck/k9/activity/MessageList$1; onTouch android.widget.ListView@462d8708
251339 - Lcom/fsck/k9/activity/MessageList$1; onTouch
253560 + Lcom/fsck/k9/activity/MessageList$1; onTouch android.widget.ListView@462d8708
253561 - Lcom/fsck/k9/activity/MessageList$1; onTouch
253586 + Lcom/fsck/k9/activity/MessageList$1; onTouch android.widget.ListView@462d8708
253586 - Lcom/fsck/k9/activity/MessageList$1; onTouch
253600 + Lcom/fsck/k9/activity/MessageList$1; onTouch android.widget.ListView@462d8708
253600 - Lcom/fsck/k9/activity/MessageList$1; onTouch
253629 + Lcom/fsck/k9/activity/MessageList$1; onTouch android.widget.ListView@462d8708
253630 - Lcom/fsck/k9/activity/MessageList$1; onTouch
253630 + Lcom/fsck/k9/activity/MessageList$1; onTouch android.widget.ListView@462d8708
253631 - Lcom/fsck/k9/activity/MessageList$1; onTouch
253773 + Lcom/fsck/k9/activity/MessageList; onItemClick android.widget.ListView@462d8708
253827 - Lcom/fsck/k9/activity/MessageList; onItemClick
253829 + Lcom/fsck/k9/activity/MessageList; onSaveInstanceState
253831 - Lcom/fsck/k9/activity/MessageList; onSaveInstanceState
253832 + Lcom/fsck/k9/activity/MessageList; onPause
253834 - Lcom/fsck/k9/activity/MessageList; onPause
253939 + Lcom/fsck/k9/activity/MessageView; onCreate
253940 + Lcom/fsck/k9/K9Activity; onCreate
253943 - Lcom/fsck/k9/K9Activity; onCreate
254028 - Lcom/fsck/k9/activity/MessageView; onCreate
254029 + Lcom/fsck/k9/activity/MessageView; onResume
254029 + Lcom/fsck/k9/K9Activity; onResume
254031 - Lcom/fsck/k9/K9Activity; onResume
254035 - Lcom/fsck/k9/activity/MessageView; onResume
Ljava/net/Socket;->closeV
256246 + Lcom/fsck/k9/activity/MessageView; onClick android.widget.Button@463110d8
256256 - Lcom/fsck/k9/activity/MessageView; onClick
Ljava/net/Socket;->closeV
258744 + Lcom/fsck/k9/activity/MessageList; onResume
258746 + Lcom/fsck/k9/K9Activity; onResume
258757 - Lcom/fsck/k9/K9Activity; onResume
258813 - Lcom/fsck/k9/activity/MessageList; onResume
260256 + Lcom/fsck/k9/activity/MessageList; onPause
260257 - Lcom/fsck/k9/activity/MessageList; onPause
260280 + Lcom/fsck/k9/activity/Accounts; onResume
260280 + Lcom/fsck/k9/K9ListActivity; onResume
260284 - Lcom/fsck/k9/K9ListActivity; onResume
260292 - Lcom/fsck/k9/activity/Accounts; onResume
262048 + Lcom/fsck/k9/activity/Accounts; onCreateContextMenu com.android.internal.view.menu.ContextMenuBuilder@4637d470
262063 - Lcom/fsck/k9/activity/Accounts; onCreateContextMenu
263447 + Lcom/fsck/k9/activity/Accounts; onContextItemSelected Account settings
263497 - Lcom/fsck/k9/activity/Accounts; onContextItemSelected
263518 + Lcom/fsck/k9/activity/Accounts; onSaveInstanceState
263519 - Lcom/fsck/k9/activity/Accounts; onSaveInstanceState
263519 + Lcom/fsck/k9/activity/Accounts; onPause
263520 - Lcom/fsck/k9/activity/Accounts; onPause
263546 + Lcom/fsck/k9/activity/setup/AccountSettings; onCreate
263552 + Lcom/fsck/k9/K9PreferenceActivity; onCreate
263563 - Lcom/fsck/k9/K9PreferenceActivity; onCreate
263905 - Lcom/fsck/k9/activity/setup/AccountSettings; onCreate
263905 + Lcom/fsck/k9/activity/setup/AccountSettings; onResume
263910 - Lcom/fsck/k9/activity/setup/AccountSettings; onResume
284955 + Lcom/fsck/k9/service/MailService; onCreate
284958 - Lcom/fsck/k9/service/MailService; onCreate
285005 + Lcom/fsck/k9/activity/Accounts; onResume
285005 + Lcom/fsck/k9/K9ListActivity; onResume
285009 - Lcom/fsck/k9/K9ListActivity; onResume
285035 - Lcom/fsck/k9/activity/Accounts; onResume
285040 + Lcom/fsck/k9/service/MailService; onDestroy
285040 - Lcom/fsck/k9/service/MailService; onDestroy
288769 + Lcom/fsck/k9/activity/Accounts; onSaveInstanceState
288780 - Lcom/fsck/k9/activity/Accounts; onSaveInstanceState
288784 + Lcom/fsck/k9/activity/Accounts; onPause
288787 - Lcom/fsck/k9/activity/Accounts; onPause
459193 + Lcom/fsck/k9/service/MailService; onCreate
459194 - Lcom/fsck/k9/service/MailService; onCreate
459221 + Lcom/fsck/k9/service/MailService; onDestroy
459221 - Lcom/fsck/k9/service/MailService; onDestroy
461476 + Lcom/fsck/k9/service/MailService; onCreate
461477 - Lcom/fsck/k9/service/MailService; onCreate
461612 + Lcom/fsck/k9/service/MailService; onDestroy
461612 - Lcom/fsck/k9/service/MailService; onDestroy
Ljava/net/Socket;->connectV
478062 + Lcom/fsck/k9/activity/Accounts; onResume
478062 + Lcom/fsck/k9/K9ListActivity; onResume
478064 - Lcom/fsck/k9/K9ListActivity; onResume
478075 - Lcom/fsck/k9/activity/Accounts; onResume
480378 + Lcom/fsck/k9/activity/Accounts; onItemClick android.widget.ListView@46349420
480421 - Lcom/fsck/k9/activity/Accounts; onItemClick
480421 + Lcom/fsck/k9/activity/Accounts; onSaveInstanceState
480422 - Lcom/fsck/k9/activity/Accounts; onSaveInstanceState
480422 + Lcom/fsck/k9/activity/Accounts; onPause
480422 - Lcom/fsck/k9/activity/Accounts; onPause
480446 + Lcom/fsck/k9/activity/MessageList; onCreate
480446 + Lcom/fsck/k9/K9Activity; onCreate
480448 - Lcom/fsck/k9/K9Activity; onCreate
480482 - Lcom/fsck/k9/activity/MessageList; onCreate
480483 + Lcom/fsck/k9/activity/MessageList; onResume
480483 + Lcom/fsck/k9/K9Activity; onResume
480485 - Lcom/fsck/k9/K9Activity; onResume
480578 - Lcom/fsck/k9/activity/MessageList; onResume
489050 + Lcom/fsck/k9/activity/MessageList$1; onTouch android.widget.ListView@461678f0
489050 - Lcom/fsck/k9/activity/MessageList$1; onTouch
489063 + Lcom/fsck/k9/activity/MessageList$1; onTouch android.widget.ListView@461678f0
489065 - Lcom/fsck/k9/activity/MessageList$1; onTouch
489092 + Lcom/fsck/k9/activity/MessageList$1; onTouch android.widget.ListView@461678f0
489096 - Lcom/fsck/k9/activity/MessageList$1; onTouch
489120 + Lcom/fsck/k9/activity/MessageList$1; onTouch android.widget.ListView@461678f0
489122 - Lcom/fsck/k9/activity/MessageList$1; onTouch
489147 + Lcom/fsck/k9/activity/MessageList$1; onTouch android.widget.ListView@461678f0
489149 - Lcom/fsck/k9/activity/MessageList$1; onTouch
489269 + Lcom/fsck/k9/activity/MessageList$1; onTouch android.widget.ListView@461678f0
489269 - Lcom/fsck/k9/activity/MessageList$1; onTouch
489287 + Lcom/fsck/k9/activity/MessageList$1; onTouch android.widget.ListView@461678f0
489287 - Lcom/fsck/k9/activity/MessageList$1; onTouch
489309 + Lcom/fsck/k9/activity/MessageList$1; onTouch android.widget.ListView@461678f0
489309 - Lcom/fsck/k9/activity/MessageList$1; onTouch
489347 + Lcom/fsck/k9/activity/MessageList$1; onTouch android.widget.ListView@461678f0
489348 - Lcom/fsck/k9/activity/MessageList$1; onTouch
489369 + Lcom/fsck/k9/activity/MessageList$1; onTouch android.widget.ListView@461678f0
489370 - Lcom/fsck/k9/activity/MessageList$1; onTouch
489394 + Lcom/fsck/k9/activity/MessageList$1; onTouch android.widget.ListView@461678f0
489395 - Lcom/fsck/k9/activity/MessageList$1; onTouch
489425 + Lcom/fsck/k9/activity/MessageList$1; onTouch android.widget.ListView@461678f0
489431 - Lcom/fsck/k9/activity/MessageList$1; onTouch
489453 + Lcom/fsck/k9/activity/MessageList$1; onTouch android.widget.ListView@461678f0
489454 - Lcom/fsck/k9/activity/MessageList$1; onTouch
489477 + Lcom/fsck/k9/activity/MessageList$1; onTouch android.widget.ListView@461678f0
489477 - Lcom/fsck/k9/activity/MessageList$1; onTouch
489504 + Lcom/fsck/k9/activity/MessageList$1; onTouch android.widget.ListView@461678f0
489504 - Lcom/fsck/k9/activity/MessageList$1; onTouch
489534 + Lcom/fsck/k9/activity/MessageList$1; onTouch android.widget.ListView@461678f0
489534 - Lcom/fsck/k9/activity/MessageList$1; onTouch
489535 + Lcom/fsck/k9/activity/MessageList$1; onTouch android.widget.ListView@461678f0
489536 - Lcom/fsck/k9/activity/MessageList$1; onTouch
490248 + Lcom/fsck/k9/activity/MessageList$1; onTouch android.widget.ListView@461678f0
490250 - Lcom/fsck/k9/activity/MessageList$1; onTouch
490262 + Lcom/fsck/k9/activity/MessageList$1; onTouch android.widget.ListView@461678f0
490266 - Lcom/fsck/k9/activity/MessageList$1; onTouch
490298 + Lcom/fsck/k9/activity/MessageList$1; onTouch android.widget.ListView@461678f0
490299 - Lcom/fsck/k9/activity/MessageList$1; onTouch
490334 + Lcom/fsck/k9/activity/MessageList$1; onTouch android.widget.ListView@461678f0
490336 - Lcom/fsck/k9/activity/MessageList$1; onTouch
490347 + Lcom/fsck/k9/activity/MessageList$1; onTouch android.widget.ListView@461678f0
490353 - Lcom/fsck/k9/activity/MessageList$1; onTouch
490354 + Lcom/fsck/k9/activity/MessageList$1; onTouch android.widget.ListView@461678f0
490355 - Lcom/fsck/k9/activity/MessageList$1; onTouch
490498 + Lcom/fsck/k9/activity/MessageList; onItemClick android.widget.ListView@461678f0
490527 - Lcom/fsck/k9/activity/MessageList; onItemClick
490528 + Lcom/fsck/k9/activity/MessageList; onSaveInstanceState
490532 - Lcom/fsck/k9/activity/MessageList; onSaveInstanceState
490533 + Lcom/fsck/k9/activity/MessageList; onPause
490536 - Lcom/fsck/k9/activity/MessageList; onPause
490575 + Lcom/fsck/k9/activity/MessageView; onCreate
490575 + Lcom/fsck/k9/K9Activity; onCreate
490577 - Lcom/fsck/k9/K9Activity; onCreate
490626 - Lcom/fsck/k9/activity/MessageView; onCreate
490626 + Lcom/fsck/k9/activity/MessageView; onResume
490627 + Lcom/fsck/k9/K9Activity; onResume
490630 - Lcom/fsck/k9/K9Activity; onResume
490632 - Lcom/fsck/k9/activity/MessageView; onResume
Ljava/net/Socket;->connectV
492158 + Lcom/fsck/k9/activity/MessageView; onClick android.widget.Button@46193170
492162 - Lcom/fsck/k9/activity/MessageView; onClick
494257 + Lcom/fsck/k9/activity/MessageView; onClick android.widget.Button@4613d2b0
494265 - Lcom/fsck/k9/activity/MessageView; onClick
496230 + Lcom/fsck/k9/activity/MessageList; onResume
496230 + Lcom/fsck/k9/K9Activity; onResume
496232 - Lcom/fsck/k9/K9Activity; onResume
496285 - Lcom/fsck/k9/activity/MessageList; onResume
498796 + Lcom/fsck/k9/activity/MessageList; onPause
498800 - Lcom/fsck/k9/activity/MessageList; onPause
498847 + Lcom/fsck/k9/activity/Accounts; onResume
498848 + Lcom/fsck/k9/K9ListActivity; onResume
498853 - Lcom/fsck/k9/K9ListActivity; onResume
498889 - Lcom/fsck/k9/activity/Accounts; onResume
512972 + Lcom/fsck/k9/activity/Accounts; onItemClick android.widget.ListView@46349420
512998 - Lcom/fsck/k9/activity/Accounts; onItemClick
513000 + Lcom/fsck/k9/activity/Accounts; onSaveInstanceState
513001 - Lcom/fsck/k9/activity/Accounts; onSaveInstanceState
513003 + Lcom/fsck/k9/activity/Accounts; onPause
513004 - Lcom/fsck/k9/activity/Accounts; onPause
513032 + Lcom/fsck/k9/activity/MessageList; onCreate
513033 + Lcom/fsck/k9/K9Activity; onCreate
513036 - Lcom/fsck/k9/K9Activity; onCreate
513059 - Lcom/fsck/k9/activity/MessageList; onCreate
513059 + Lcom/fsck/k9/activity/MessageList; onResume
513060 + Lcom/fsck/k9/K9Activity; onResume
513062 - Lcom/fsck/k9/K9Activity; onResume
513102 - Lcom/fsck/k9/activity/MessageList; onResume
515927 + Lcom/fsck/k9/activity/MessageList$1; onTouch android.widget.ListView@462a1dc8
515927 - Lcom/fsck/k9/activity/MessageList$1; onTouch
515940 + Lcom/fsck/k9/activity/MessageList$1; onTouch android.widget.ListView@462a1dc8
515941 - Lcom/fsck/k9/activity/MessageList$1; onTouch
515968 + Lcom/fsck/k9/activity/MessageList$1; onTouch android.widget.ListView@462a1dc8
515969 - Lcom/fsck/k9/activity/MessageList$1; onTouch
515999 + Lcom/fsck/k9/activity/MessageList$1; onTouch android.widget.ListView@462a1dc8
516001 - Lcom/fsck/k9/activity/MessageList$1; onTouch
516027 + Lcom/fsck/k9/activity/MessageList$1; onTouch android.widget.ListView@462a1dc8
516028 - Lcom/fsck/k9/activity/MessageList$1; onTouch
516030 + Lcom/fsck/k9/activity/MessageList$1; onTouch android.widget.ListView@462a1dc8
516032 - Lcom/fsck/k9/activity/MessageList$1; onTouch
519058 + Lcom/fsck/k9/activity/MessageList$1; onTouch android.widget.ListView@462a1dc8
519061 - Lcom/fsck/k9/activity/MessageList$1; onTouch
519070 + Lcom/fsck/k9/activity/MessageList$1; onTouch android.widget.ListView@462a1dc8
519072 - Lcom/fsck/k9/activity/MessageList$1; onTouch
519101 + Lcom/fsck/k9/activity/MessageList$1; onTouch android.widget.ListView@462a1dc8
519102 - Lcom/fsck/k9/activity/MessageList$1; onTouch
519126 + Lcom/fsck/k9/activity/MessageList$1; onTouch android.widget.ListView@462a1dc8
519127 - Lcom/fsck/k9/activity/MessageList$1; onTouch
519159 + Lcom/fsck/k9/activity/MessageList$1; onTouch android.widget.ListView@462a1dc8
519160 - Lcom/fsck/k9/activity/MessageList$1; onTouch
519285 + Lcom/fsck/k9/activity/MessageList$1; onTouch android.widget.ListView@462a1dc8
519285 - Lcom/fsck/k9/activity/MessageList$1; onTouch
519298 + Lcom/fsck/k9/activity/MessageList$1; onTouch android.widget.ListView@462a1dc8
519298 - Lcom/fsck/k9/activity/MessageList$1; onTouch
519338 + Lcom/fsck/k9/activity/MessageList$1; onTouch android.widget.ListView@462a1dc8
519339 - Lcom/fsck/k9/activity/MessageList$1; onTouch
519363 + Lcom/fsck/k9/activity/MessageList$1; onTouch android.widget.ListView@462a1dc8
519363 - Lcom/fsck/k9/activity/MessageList$1; onTouch
519386 + Lcom/fsck/k9/activity/MessageList$1; onTouch android.widget.ListView@462a1dc8
519387 - Lcom/fsck/k9/activity/MessageList$1; onTouch
519408 + Lcom/fsck/k9/activity/MessageList$1; onTouch android.widget.ListView@462a1dc8
519409 - Lcom/fsck/k9/activity/MessageList$1; onTouch
519436 + Lcom/fsck/k9/activity/MessageList$1; onTouch android.widget.ListView@462a1dc8
519437 - Lcom/fsck/k9/activity/MessageList$1; onTouch
519464 + Lcom/fsck/k9/activity/MessageList$1; onTouch android.widget.ListView@462a1dc8
519465 - Lcom/fsck/k9/activity/MessageList$1; onTouch
519493 + Lcom/fsck/k9/activity/MessageList$1; onTouch android.widget.ListView@462a1dc8
519494 - Lcom/fsck/k9/activity/MessageList$1; onTouch
519521 + Lcom/fsck/k9/activity/MessageList$1; onTouch android.widget.ListView@462a1dc8
519522 - Lcom/fsck/k9/activity/MessageList$1; onTouch
519549 + Lcom/fsck/k9/activity/MessageList$1; onTouch android.widget.ListView@462a1dc8
519552 - Lcom/fsck/k9/activity/MessageList$1; onTouch
519576 + Lcom/fsck/k9/activity/MessageList$1; onTouch android.widget.ListView@462a1dc8
519577 - Lcom/fsck/k9/activity/MessageList$1; onTouch
519605 + Lcom/fsck/k9/activity/MessageList$1; onTouch android.widget.ListView@462a1dc8
519606 - Lcom/fsck/k9/activity/MessageList$1; onTouch
519634 + Lcom/fsck/k9/activity/MessageList$1; onTouch android.widget.ListView@462a1dc8
519635 - Lcom/fsck/k9/activity/MessageList$1; onTouch
519661 + Lcom/fsck/k9/activity/MessageList$1; onTouch android.widget.ListView@462a1dc8
519661 - Lcom/fsck/k9/activity/MessageList$1; onTouch
519691 + Lcom/fsck/k9/activity/MessageList$1; onTouch android.widget.ListView@462a1dc8
519692 - Lcom/fsck/k9/activity/MessageList$1; onTouch
519717 + Lcom/fsck/k9/activity/MessageList$1; onTouch android.widget.ListView@462a1dc8
519718 - Lcom/fsck/k9/activity/MessageList$1; onTouch
519745 + Lcom/fsck/k9/activity/MessageList$1; onTouch android.widget.ListView@462a1dc8
519746 - Lcom/fsck/k9/activity/MessageList$1; onTouch
519775 + Lcom/fsck/k9/activity/MessageList$1; onTouch android.widget.ListView@462a1dc8
519776 - Lcom/fsck/k9/activity/MessageList$1; onTouch
519777 + Lcom/fsck/k9/activity/MessageList$1; onTouch android.widget.ListView@462a1dc8
519778 - Lcom/fsck/k9/activity/MessageList$1; onTouch
520222 + Lcom/fsck/k9/activity/MessageList$1; onTouch android.widget.ListView@462a1dc8
520228 - Lcom/fsck/k9/activity/MessageList$1; onTouch
520245 + Lcom/fsck/k9/activity/MessageList$1; onTouch android.widget.ListView@462a1dc8
520251 - Lcom/fsck/k9/activity/MessageList$1; onTouch
520292 + Lcom/fsck/k9/activity/MessageList$1; onTouch android.widget.ListView@462a1dc8
520294 - Lcom/fsck/k9/activity/MessageList$1; onTouch
520302 + Lcom/fsck/k9/activity/MessageList$1; onTouch android.widget.ListView@462a1dc8
520303 - Lcom/fsck/k9/activity/MessageList$1; onTouch
520337 + Lcom/fsck/k9/activity/MessageList$1; onTouch android.widget.ListView@462a1dc8
520339 - Lcom/fsck/k9/activity/MessageList$1; onTouch
520362 + Lcom/fsck/k9/activity/MessageList$1; onTouch android.widget.ListView@462a1dc8
520363 - Lcom/fsck/k9/activity/MessageList$1; onTouch
520378 + Lcom/fsck/k9/activity/MessageList$1; onTouch android.widget.ListView@462a1dc8
520378 - Lcom/fsck/k9/activity/MessageList$1; onTouch
520407 + Lcom/fsck/k9/activity/MessageList$1; onTouch android.widget.ListView@462a1dc8
520407 - Lcom/fsck/k9/activity/MessageList$1; onTouch
520434 + Lcom/fsck/k9/activity/MessageList$1; onTouch android.widget.ListView@462a1dc8
520435 - Lcom/fsck/k9/activity/MessageList$1; onTouch
520461 + Lcom/fsck/k9/activity/MessageList$1; onTouch android.widget.ListView@462a1dc8
520462 - Lcom/fsck/k9/activity/MessageList$1; onTouch
520493 + Lcom/fsck/k9/activity/MessageList$1; onTouch android.widget.ListView@462a1dc8
520494 - Lcom/fsck/k9/activity/MessageList$1; onTouch
520518 + Lcom/fsck/k9/activity/MessageList$1; onTouch android.widget.ListView@462a1dc8
520519 - Lcom/fsck/k9/activity/MessageList$1; onTouch
520547 + Lcom/fsck/k9/activity/MessageList$1; onTouch android.widget.ListView@462a1dc8
520549 - Lcom/fsck/k9/activity/MessageList$1; onTouch
520575 + Lcom/fsck/k9/activity/MessageList$1; onTouch android.widget.ListView@462a1dc8
520576 - Lcom/fsck/k9/activity/MessageList$1; onTouch
520602 + Lcom/fsck/k9/activity/MessageList$1; onTouch android.widget.ListView@462a1dc8
520603 - Lcom/fsck/k9/activity/MessageList$1; onTouch
520632 + Lcom/fsck/k9/activity/MessageList$1; onTouch android.widget.ListView@462a1dc8
520633 - Lcom/fsck/k9/activity/MessageList$1; onTouch
520658 + Lcom/fsck/k9/activity/MessageList$1; onTouch android.widget.ListView@462a1dc8
520659 - Lcom/fsck/k9/activity/MessageList$1; onTouch
520687 + Lcom/fsck/k9/activity/MessageList$1; onTouch android.widget.ListView@462a1dc8
520689 - Lcom/fsck/k9/activity/MessageList$1; onTouch
520715 + Lcom/fsck/k9/activity/MessageList$1; onTouch android.widget.ListView@462a1dc8
520716 - Lcom/fsck/k9/activity/MessageList$1; onTouch
520743 + Lcom/fsck/k9/activity/MessageList$1; onTouch android.widget.ListView@462a1dc8
520744 - Lcom/fsck/k9/activity/MessageList$1; onTouch
520771 + Lcom/fsck/k9/activity/MessageList$1; onTouch android.widget.ListView@462a1dc8
520772 - Lcom/fsck/k9/activity/MessageList$1; onTouch
520799 + Lcom/fsck/k9/activity/MessageList$1; onTouch android.widget.ListView@462a1dc8
520800 - Lcom/fsck/k9/activity/MessageList$1; onTouch
520853 + Lcom/fsck/k9/activity/MessageList$1; onTouch android.widget.ListView@462a1dc8
520854 - Lcom/fsck/k9/activity/MessageList$1; onTouch
520855 + Lcom/fsck/k9/activity/MessageList$1; onTouch android.widget.ListView@462a1dc8
520857 - Lcom/fsck/k9/activity/MessageList$1; onTouch
521476 + Lcom/fsck/k9/activity/MessageList; onCreateOptionsMenu com.android.internal.view.menu.MenuBuilder@46383848
521513 - Lcom/fsck/k9/activity/MessageList; onCreateOptionsMenu
523113 + Lcom/fsck/k9/activity/MessageList; onOptionsItemSelected Compose
523167 - Lcom/fsck/k9/activity/MessageList; onOptionsItemSelected
523187 + Lcom/fsck/k9/activity/MessageList; onSaveInstanceState
523189 - Lcom/fsck/k9/activity/MessageList; onSaveInstanceState
523190 + Lcom/fsck/k9/activity/MessageList; onPause
523191 - Lcom/fsck/k9/activity/MessageList; onPause
523203 + Lcom/fsck/k9/activity/MessageCompose; onCreate
523204 + Lcom/fsck/k9/K9Activity; onCreate
523207 - Lcom/fsck/k9/K9Activity; onCreate
523280 - Lcom/fsck/k9/activity/MessageCompose; onCreate
523281 + Lcom/fsck/k9/activity/MessageCompose; onResume
523281 + Lcom/fsck/k9/K9Activity; onResume
523283 - Lcom/fsck/k9/K9Activity; onResume
523284 - Lcom/fsck/k9/activity/MessageCompose; onResume
530644 + Lcom/fsck/k9/activity/MessageCompose; onCreateOptionsMenu com.android.internal.view.menu.MenuBuilder@461c6228
530656 - Lcom/fsck/k9/activity/MessageCompose; onCreateOptionsMenu
532743 + Lcom/fsck/k9/activity/MessageCompose; onOptionsItemSelected Save as draft
532893 - Lcom/fsck/k9/activity/MessageCompose; onOptionsItemSelected
532906 + Lcom/fsck/k9/activity/MessageCompose; onPause
532907 - Lcom/fsck/k9/activity/MessageCompose; onPause
532921 + Lcom/fsck/k9/activity/MessageList; onResume
532927 + Lcom/fsck/k9/K9Activity; onResume
532929 - Lcom/fsck/k9/K9Activity; onResume
533007 - Lcom/fsck/k9/activity/MessageList; onResume
541850 + Lcom/fsck/k9/activity/MessageList$1; onTouch android.widget.ListView@462a1dc8
541853 - Lcom/fsck/k9/activity/MessageList$1; onTouch
541864 + Lcom/fsck/k9/activity/MessageList$1; onTouch android.widget.ListView@462a1dc8
541872 - Lcom/fsck/k9/activity/MessageList$1; onTouch
541988 + Lcom/fsck/k9/activity/MessageList$1; onTouch android.widget.ListView@462a1dc8
541989 - Lcom/fsck/k9/activity/MessageList$1; onTouch
541991 + Lcom/fsck/k9/activity/MessageList$1; onTouch android.widget.ListView@462a1dc8
541994 - Lcom/fsck/k9/activity/MessageList$1; onTouch
542004 + Lcom/fsck/k9/activity/MessageList$1; onTouch android.widget.ListView@462a1dc8
542005 - Lcom/fsck/k9/activity/MessageList$1; onTouch
542084 + Lcom/fsck/k9/activity/MessageList$1; onTouch android.widget.ListView@462a1dc8
542084 - Lcom/fsck/k9/activity/MessageList$1; onTouch
542107 + Lcom/fsck/k9/activity/MessageList$1; onTouch android.widget.ListView@462a1dc8
542108 - Lcom/fsck/k9/activity/MessageList$1; onTouch
542125 + Lcom/fsck/k9/activity/MessageList$1; onTouch android.widget.ListView@462a1dc8
542126 - Lcom/fsck/k9/activity/MessageList$1; onTouch
542148 + Lcom/fsck/k9/activity/MessageList$1; onTouch android.widget.ListView@462a1dc8
542148 - Lcom/fsck/k9/activity/MessageList$1; onTouch
542175 + Lcom/fsck/k9/activity/MessageList$1; onTouch android.widget.ListView@462a1dc8
542176 - Lcom/fsck/k9/activity/MessageList$1; onTouch
542203 + Lcom/fsck/k9/activity/MessageList$1; onTouch android.widget.ListView@462a1dc8
542204 - Lcom/fsck/k9/activity/MessageList$1; onTouch
542232 + Lcom/fsck/k9/activity/MessageList$1; onTouch android.widget.ListView@462a1dc8
542233 - Lcom/fsck/k9/activity/MessageList$1; onTouch
542261 + Lcom/fsck/k9/activity/MessageList$1; onTouch android.widget.ListView@462a1dc8
542262 - Lcom/fsck/k9/activity/MessageList$1; onTouch
542289 + Lcom/fsck/k9/activity/MessageList$1; onTouch android.widget.ListView@462a1dc8
542290 - Lcom/fsck/k9/activity/MessageList$1; onTouch
542339 + Lcom/fsck/k9/activity/MessageList$1; onTouch android.widget.ListView@462a1dc8
542341 - Lcom/fsck/k9/activity/MessageList$1; onTouch
542358 + Lcom/fsck/k9/activity/MessageList$1; onTouch android.widget.ListView@462a1dc8
542359 - Lcom/fsck/k9/activity/MessageList$1; onTouch
542390 + Lcom/fsck/k9/activity/MessageList$1; onTouch android.widget.ListView@462a1dc8
542393 - Lcom/fsck/k9/activity/MessageList$1; onTouch
542426 + Lcom/fsck/k9/activity/MessageList$1; onTouch android.widget.ListView@462a1dc8
542427 - Lcom/fsck/k9/activity/MessageList$1; onTouch
542428 + Lcom/fsck/k9/activity/MessageList$1; onTouch android.widget.ListView@462a1dc8
542429 - Lcom/fsck/k9/activity/MessageList$1; onTouch
547840 + Lcom/fsck/k9/activity/MessageList; onSaveInstanceState
547842 - Lcom/fsck/k9/activity/MessageList; onSaveInstanceState
547843 + Lcom/fsck/k9/activity/MessageList; onPause
547844 - Lcom/fsck/k9/activity/MessageList; onPause
