up_time cpu_freq utime work_time total_time screen_on brightness wifi_on wifi_rx_bytes wifi_tx_bytes
 6318101	 0.8965517	 25402 59485 626275	 1 0.11764705882352941	 1 509257059 11977439
 6318602	 0.22000718	 25412 59497 626325	 1 0.11764705882352941	 1 509257657 11977439
 6319046	 0.22000718	 25414 59508 626373	 1 0.11764705882352941	 1 509258707 11977439
 6319544	 0.22000718	 25417 59518 626423	 1 0.11764705882352941	 1 509259795 11977439
 6320054	 0.22000718	 25444 59555 626475	 1 0.11764705882352941	 1 509260393 11977439
 6320599	 0.8965517	 25478 59597 626527	 1 0.11764705882352941	 1 509260715 11977439
 6321045	 0.8965517	 25511 59641 626571	 1 0.11764705882352941	 1 509261037 11977439
 6321564	 0.22000718	 25531 59670 626624	 1 0.11764705882352941	 1 509261465 11977439
 6322066	 0.8965517	 25537 59681 626672	 1 0.11764705882352941	 1 509262063 11977439
 6322549	 0.82758623	 25552 59704 626719	 1 0.11764705882352941	 1 509262481 11977673
 6323069	 0.8965517	 25561 59747 626768	 1 0.11764705882352941	 1 510157225 11998549
 6323574	 0.8965517	 25572 59783 626811	 1 0.11764705882352941	 1 511008945 12018429
 6324041	 0.8965517	 25592 59825 626860	 1 0.11764705882352941	 1 511699481 12033829
 6324547	 0.8965517	 25602 59861 626907	 1 0.11764705882352941	 1 512652279 12055949
 6325048	 0.3448276	 25612 59903 626959	 1 0.11764705882352941	 1 513516986 12076879
 6325554	 0.22000718	 25622 59917 627009	 1 0.11764705882352941	 1 513517560 12076879
 6326066	 0.22000718	 25627 59927 627059	 1 0.11764705882352941	 1 513517966 12076879
 6326568	 0.22000718	 25634 59937 627110	 1 0.11764705882352941	 1 513518012 12076879
 6327063	 0.22000718	 25641 59946 627159	 1 0.11764705882352941	 1 513518192 12076879
 6327563	 0.22000718	 25650 59960 627208	 1 0.11764705882352941	 1 513518590 12076879
 6328070	 0.22000718	 25657 59973 627260	 1 0.11764705882352941	 1 513519096 12076879
 6328574	 0.8965517	 25663 59982 627308	 1 0.11764705882352941	 1 513520026 12076879
 6329064	 0.8965517	 25670 59993 627358	 1 0.11764705882352941	 1 513520604 12076879
 6329554	 0.22000718	 25676 60003 627409	 1 0.11764705882352941	 1 513521772 12076879
 6330054	 0.22000718	 25685 60016 627460	 1 0.11764705882352941	 1 513522744 12076879
 6330544	 0.22000718	 25692 60027 627509	 1 0.11764705882352941	 1 513523732 12076879
 6331064	 0.22000718	 25704 60042 627559	 1 0.11764705882352941	 1 513524042 12076879
 6331554	 0.22000718	 25710 60053 627609	 1 0.11764705882352941	 1 513524536 12076879
 6332067	 0.22000718	 25717 60063 627658	 1 0.11764705882352941	 1 513524922 12076879
 6332559	 0.8965517	 25724 60076 627710	 1 0.11764705882352941	 1 513525402 12077027
 6333044	 0.82758623	 25735 60110 627754	 1 0.11764705882352941	 1 514414302 12097563
 6333573	 0.8965517	 25744 60148 627802	 1 0.11764705882352941	 1 515286696 12116895
 6334083	 0.7241379	 25752 60181 627850	 1 0.11764705882352941	 1 516034700 12138095
 6334561	 0.82758623	 25770 60223 627896	 1 0.11764705882352941	 1 516872206 12156855
 6335070	 0.86206895	 25783 60267 627946	 1 0.11764705882352941	 1 517737004 12178329
 6335557	 0.22000718	 25787 60280 627997	 1 0.11764705882352941	 1 517806279 12180289
 6336045	 0.22000718	 25794 60291 628047	 1 0.11764705882352941	 1 517806601 12180289
 6336554	 0.22000718	 25801 60303 628097	 1 0.11764705882352941	 1 517806923 12180289
 6337068	 0.22000718	 25808 60314 628147	 1 0.11764705882352941	 1 517807199 12180289
 6337564	 0.22000718	 25812 60324 628197	 1 0.11764705882352941	 1 517807383 12180289
 6338078	 0.22000718	 25821 60340 628247	 1 0.11764705882352941	 1 517808339 12180289
 6338555	 0.22000718	 25826 60350 628297	 1 0.11764705882352941	 1 517808737 12180289
 6339063	 0.22000718	 25834 60362 628348	 1 0.11764705882352941	 1 517809495 12180289
 6339560	 0.22000718	 25838 60371 628396	 1 0.11764705882352941	 1 517810077 12180289
 6340055	 0.22000718	 25851 60391 628448	 1 0.11764705882352941	 1 517810391 12180289
 6340571	 0.22000718	 25854 60401 628496	 1 0.11764705882352941	 1 517811065 12180289
 6341054	 0.22000718	 25862 60412 628546	 1 0.11764705882352941	 1 517811639 12180289
 6341570	 0.22000718	 25877 60428 628596	 1 0.11764705882352941	 1 517811853 12180289
 6342054	 0.8965517	 25884 60438 628645	 1 0.11764705882352941	 1 517812795 12180289
 6342545	 0.22000718	 25890 60449 628696	 1 0.11764705882352941	 1 517813065 12180673
 6343075	 0.8965517	 25904 60481 628741	 1 0.11764705882352941	 1 518364049 12193413
 6343568	 0.8965517	 25911 60500 628791	 1 0.11764705882352941	 1 518542835 12198345
 6344072	 0.55172414	 25919 60536 628838	 1 0.11764705882352941	 1 519449909 12219205
 6344552	 0.55172414	 25929 60575 628883	 1 0.11764705882352941	 1 520453989 12244157
 6345044	 0.8965517	 25945 60613 628931	 1 0.11764705882352941	 1 520989007 12257285
 6345551	 0.7241379	 25957 60654 628980	 1 0.11764705882352941	 1 521970279 12280245
 6346072	 0.22000718	 25966 60667 629032	 1 0.11764705882352941	 1 522086574 12283535
 6346569	 0.22000718	 25973 60678 629082	 1 0.11764705882352941	 1 522087072 12283535
 6347054	 0.22000718	 25979 60689 629132	 1 0.11764705882352941	 1 522087394 12283535
 6347564	 0.22000718	 25987 60700 629183	 1 0.11764705882352941	 1 522087716 12283535
 6348072	 0.22000718	 25994 60710 629232	 1 0.11764705882352941	 1 522088176 12283535
 6348546	 0.22000718	 26003 60724 629281	 1 0.11764705882352941	 1 522088360 12283535
 6349082	 0.8965517	 26007 60734 629331	 1 0.11764705882352941	 1 522088628 12283535
 6349564	 0.22000718	 26011 60745 629383	 1 0.11764705882352941	 1 522088750 12283535
 6350069	 0.22000718	 26017 60755 629432	 1 0.11764705882352941	 1 522089654 12283535
 6350545	 0.22000718	 26021 60765 629483	 1 0.11764705882352941	 1 522090566 12283535
 6351066	 0.22000718	 26027 60775 629531	 1 0.11764705882352941	 1 522090930 12283535
 6351566	 0.8965517	 26031 60783 629580	 1 0.11764705882352941	 1 522091692 12283535
 6352064	 0.22000718	 26043 60799 629632	 1 0.11764705882352941	 1 522092010 12283535
 6352574	 0.22000718	 26048 60812 629681	 1 0.11764705882352941	 1 522097124 12283919
 6353092	 0.8965517	 26058 60850 629732	 1 0.11764705882352941	 1 522916396 12303309
 6353554	 0.6551724	 26069 60890 629778	 1 0.11764705882352941	 1 523860744 12325793
 6354080	 0.8965517	 26080 60919 629828	 1 0.11764705882352941	 1 524324814 12336517
 6354546	 0.8965517	 26089 60955 629872	 1 0.11764705882352941	 1 524902090 12350917
 6355046	 0.8965517	 26099 60996 629918	 1 0.11764705882352941	 1 525895168 12374577
 6355548	 0.22000718	 26114 61032 629972	 1 0.11764705882352941	 1 526355635 12385637
 6356055	 0.22000718	 26118 61042 630021	 1 0.11764705882352941	 1 526355995 12385637
 6356572	 0.22000718	 26126 61053 630071	 1 0.11764705882352941	 1 526356447 12385637
 6357045	 0.22000718	 26132 61062 630120	 1 0.11764705882352941	 1 526356677 12385637
 6357554	 0.22000718	 26138 61072 630170	 1 0.11764705882352941	 1 526356899 12385637
 6358055	 0.22000718	 26143 61081 630220	 1 0.11764705882352941	 1 526357175 12385637
 6358570	 0.22000718	 26147 61093 630272	 1 0.11764705882352941	 1 526357719 12385637
 6359068	 0.22000718	 26158 61109 630321	 1 0.11764705882352941	 1 526358033 12385637
 6359555	 0.22000718	 26164 61120 630370	 1 0.11764705882352941	 1 526359163 12385637
 6360055	 0.22000718	 26170 61132 630420	 1 0.11764705882352941	 1 526359881 12385637
 6360544	 0.22000718	 26178 61143 630469	 1 0.11764705882352941	 1 526361187 12385637
 6361055	 0.22000718	 26186 61154 630520	 1 0.11764705882352941	 1 526362027 12385637
 6361545	 0.22000718	 26194 61165 630569	 1 0.11764705882352941	 1 526362631 12385637
 6362045	 0.22000718	 26201 61175 630619	 1 0.11764705882352941	 1 526363265 12385637
 6362705	 0.8965517	 26218 61199 630682	 1 0.11764705882352941	 1 526429773 12387351
 6363062	 0.79310346	 26226 61233 630718	 1 0.11764705882352941	 1 527111927 12403815
 6363568	 0.8965517	 26238 61272 630768	 1 0.11764705882352941	 1 527962603 12423345
 6364069	 0.79310346	 26250 61314 630818	 1 0.11764705882352941	 1 528952821 12446365
 6364554	 0.62068963	 26258 61350 630868	 1 0.11764705882352941	 1 529561271 12460295
 6365077	 0.7586207	 26272 61395 630917	 1 0.11764705882352941	 1 530604411 12484025
 6365545	 0.22000718	 26280 61408 630968	 1 0.11764705882352941	 1 530624134 12484855
 6366045	 0.8965517	 26294 61424 631025	 1 0.11764705882352941	 1 530625160 12484855
 6366563	 0.22000718	 26300 61435 631068	 1 0.11764705882352941	 1 530625834 12484855
 6367063	 0.8965517	 26307 61444 631117	 1 0.11764705882352941	 1 530626408 12484855
 6367564	 0.22000718	 26313 61456 631167	 1 0.11764705882352941	 1 530627288 12484855
 6368064	 0.22000718	 26321 61468 631217	 1 0.11764705882352941	 1 530628504 12484855
 6368559	 0.22000718	 26330 61479 631267	 1 0.11764705882352941	 1 530628990 12484855
 6369073	 0.22000718	 26338 61489 631317	 1 0.11764705882352941	 1 530629832 12484855
 6369545	 0.8965517	 26352 61504 631372	 1 0.11764705882352941	 1 530631164 12484855
 6370054	 0.22000718	 26361 61518 631417	 1 0.11764705882352941	 1 530632010 12484855
 6370569	 0.22000718	 26366 61530 631467	 1 0.11764705882352941	 1 530633144 12484855
 6371059	 0.22000718	 26374 61541 631517	 1 0.11764705882352941	 1 530633902 12484855
 6371545	 0.22000718	 26382 61553 631568	 1 0.11764705882352941	 1 530634842 12484855
 6372069	 0.22000718	 26386 61562 631617	 1 0.11764705882352941	 1 530635002 12484855
 6372559	 0.22000718	 26392 61575 631667	 1 0.11764705882352941	 1 530635438 12485003
 6373158	 0.8965517	 26411 61624 631723	 1 0.11764705882352941	 1 531675686 12509635
 6373582	 0.8965517	 26423 61653 631763	 1 0.11764705882352941	 1 532169350 12522487
 6374065	 0.8965517	 26430 61683 631805	 1 0.11764705882352941	 1 532706284 12535029
 6374561	 0.55172414	 26442 61723 631854	 1 0.11764705882352941	 1 533698222 12558479
 6375066	 0.6551724	 26451 61759 631903	 1 0.11764705882352941	 1 534427378 12576477
 6375564	 0.22000718	 26459 61789 631952	 1 0.11764705882352941	 1 534896013 12587887
 6376072	 0.8965517	 26469 61807 632009	 1 0.11764705882352941	 1 534896617 12587887
 6376554	 0.8965517	 26481 61822 632057	 1 0.11764705882352941	 1 534896935 12587887
 6377046	 0.22000718	 26490 61833 632103	 1 0.11764705882352941	 1 534897525 12587887
 6377554	 0.22000718	 26498 61843 632152	 1 0.11764705882352941	 1 534898141 12587887
 6378058	 0.22000718	 26504 61854 632201	 1 0.11764705882352941	 1 534898363 12587887
 6378562	 0.22000718	 26508 61864 632251	 1 0.11764705882352941	 1 534899219 12587887
 6379044	 0.22000718	 26513 61873 632301	 1 0.11764705882352941	 1 534899433 12587887
 6379571	 0.22000718	 26520 61884 632352	 1 0.11764705882352941	 1 534900037 12587887
 6380065	 0.8965517	 26532 61901 632410	 1 0.11764705882352941	 1 534900549 12587887
 6380570	 0.22000718	 26539 61914 632452	 1 0.11764705882352941	 1 534900855 12587887
 6381045	 0.22000718	 26546 61926 632502	 1 0.11764705882352941	 1 534901215 12587887
 6381564	 0.22000718	 26553 61937 632551	 1 0.11764705882352941	 1 534901345 12587887
 6382054	 0.22000718	 26557 61946 632602	 1 0.11764705882352941	 1 534901483 12587887
 6382580	 0.8965517	 26565 61957 632652	 1 0.11764705882352941	 1 534901751 12587887
 6383067	 0.22000718	 26588 61993 632703	 1 0.11764705882352941	 1 534901873 12587887
 6383545	 0.8965517	 26611 62024 632758	 1 0.11764705882352941	 1 534902363 12587887
 6384054	 0.22000718	 26624 62046 632802	 1 0.11764705882352941	 1 534903135 12587887
 6384554	 0.22000718	 26633 62058 632852	 1 0.11764705882352941	 1 534903349 12587887
 6385068	 0.8965517	 26638 62070 632904	 1 0.11764705882352941	 1 534903839 12587887
 6385574	 0.22000718	 26642 62080 632952	 1 0.11764705882352941	 1 534904153 12587887
 6386070	 0.22000718	 26647 62089 633001	 1 0.11764705882352941	 1 534904199 12587887
 6386547	 0.22000718	 26653 62098 633051	 1 0.11764705882352941	 1 534904589 12587887
 6387050	 0.8965517	 26677 62133 633114	 1 0.11764705882352941	 1 534905603 12587887
 6387546	 0.3448276	 26691 62159 633151	 1 0.11764705882352941	 1 534905963 12587887
 6388045	 0.22000718	 26697 62170 633200	 1 0.11764705882352941	 1 534906817 12587887
 6388564	 0.8965517	 26729 62209 633251	 1 0.11764705882352941	 1 534907311 12587887
 6389054	 0.22000718	 26738 62223 633302	 1 0.11764705882352941	 1 534908245 12587887
