up_time cpu_freq utime work_time total_time screen_on brightness wifi_on wifi_rx_bytes wifi_tx_bytes
 7141940	 0.22000718	 32226 73408 708225	 1 0.11764705882352941	 1 609591406 14374831
 7142449	 0.8965517	 32232 73420 708275	 1 0.11764705882352941	 1 609592042 14374831
 7142904	 0.22000718	 32258 73458 708324	 1 0.11764705882352941	 1 609592226 14374831
 7143404	 0.22000718	 32266 73471 708374	 1 0.11764705882352941	 1 609592770 14374831
 7143894	 0.8965517	 32281 73497 708420	 1 0.11764705882352941	 1 609593230 14374831
 7144396	 0.22000718	 32307 73534 708474	 1 0.11764705882352941	 1 609593368 14374831
 7144898	 0.8965517	 32332 73568 708522	 1 0.11764705882352941	 1 609594034 14374831
 7145404	 0.22000718	 32339 73579 708575	 1 0.11764705882352941	 1 609594562 14374831
 7145914	 0.22000718	 32346 73588 708623	 1 0.11764705882352941	 1 609594914 14374831
 7146397	 0.22000718	 32352 73598 708672	 1 0.11764705882352941	 1 609595634 14374831
 7146904	 0.8965517	 32367 73622 708736	 1 0.11764705882352941	 1 609596584 14374831
 7147404	 0.8965517	 32374 73649 708773	 1 0.11764705882352941	 1 609890840 14382999
 7147965	 0.8965517	 32384 73684 708821	 1 0.11764705882352941	 1 610481610 14398117
 7148429	 0.8965517	 32389 73716 708863	 1 0.11764705882352941	 1 611076482 14413585
 7148930	 0.8965517	 32395 73749 708908	 1 0.11764705882352941	 1 611811378 14430923
 7149430	 0.55172414	 32403 73777 708954	 1 0.11764705882352941	 1 612396582 14444363
 7149920	 0.8965517	 32414 73812 709000	 1 0.11764705882352941	 1 613138470 14464861
 7150409	 0.79310346	 32422 73848 709050	 1 0.11764705882352941	 1 613837826 14481149
 7150897	 0.22000718	 32426 73858 709100	 1 0.11764705882352941	 1 613859959 14482859
 7151404	 0.22000718	 32438 73874 709151	 1 0.11764705882352941	 1 613860629 14482859
 7151914	 0.22000718	 32447 73887 709201	 1 0.11764705882352941	 1 613861265 14482859
 7152397	 0.22000718	 32451 73897 709251	 1 0.11764705882352941	 1 613861525 14482859
 7152931	 0.22000718	 32456 73907 709301	 1 0.11764705882352941	 1 613862237 14482859
 7153396	 0.22000718	 32462 73919 709352	 1 0.11764705882352941	 1 613862895 14482859
 7153913	 0.22000718	 32468 73928 709400	 1 0.11764705882352941	 1 613863393 14482859
 7154414	 0.22000718	 32474 73939 709451	 1 0.11764705882352941	 1 613864059 14482859
 7154904	 0.22000718	 32480 73949 709501	 1 0.11764705882352941	 1 613864281 14482859
 7155397	 0.22000718	 32490 73962 709550	 1 0.11764705882352941	 1 613865039 14482859
 7155918	 0.22000718	 32500 73978 709601	 1 0.11764705882352941	 1 613865545 14482859
 7156397	 0.8965517	 32506 73990 709651	 1 0.11764705882352941	 1 613865953 14482929
 7156897	 0.22000718	 32511 74001 709701	 1 0.11764705882352941	 1 613866363 14482929
 7157405	 0.44827586	 32523 74030 709745	 1 0.11764705882352941	 1 614344577 14496063
 7157895	 0.5862069	 32534 74071 709795	 1 0.11764705882352941	 1 615240507 14518047
 7158393	 0.8965517	 32544 74108 709841	 1 0.11764705882352941	 1 616042315 14539343
 7158897	 0.8965517	 32552 74153 709891	 1 0.11764705882352941	 1 616848585 14558789
 7159418	 0.8965517	 32557 74183 709935	 1 0.11764705882352941	 1 617503623 14575809
 7159912	 0.86206895	 32577 74223 709985	 1 0.11764705882352941	 1 618125414 14590579
 7160418	 0.22000718	 32583 74234 710032	 1 0.11764705882352941	 1 618126046 14590579
 7160904	 0.22000718	 32589 74246 710082	 1 0.11764705882352941	 1 618126804 14590579
 7161407	 0.22000718	 32594 74256 710131	 1 0.11764705882352941	 1 618127240 14590579
 7161904	 0.22000718	 32600 74266 710182	 1 0.11764705882352941	 1 618127424 14590579
 7162404	 0.22000718	 32605 74277 710232	 1 0.11764705882352941	 1 618128006 14590579
 7162896	 0.22000718	 32612 74287 710282	 1 0.11764705882352941	 1 618128274 14590579
 7163414	 0.22000718	 32614 74296 710331	 1 0.11764705882352941	 1 618129170 14590579
 7163905	 0.8965517	 32623 74308 710382	 1 0.11764705882352941	 1 618130396 14590579
 7164415	 0.22000718	 32637 74326 710432	 1 0.11764705882352941	 1 618130802 14590579
 7164908	 0.8965517	 32645 74337 710481	 1 0.11764705882352941	 1 618131576 14590579
 7165414	 0.22000718	 32649 74347 710532	 1 0.11764705882352941	 1 618132020 14590579
 7165904	 0.22000718	 32656 74357 710582	 1 0.11764705882352941	 1 618132234 14590579
 7166404	 0.22000718	 32661 74366 710632	 1 0.11764705882352941	 1 618132732 14590579
 7166897	 0.22000718	 32667 74379 710682	 1 0.11764705882352941	 1 618133226 14590579
 7167421	 0.7241379	 32673 74409 710729	 1 0.11764705882352941	 1 618684052 14602863
 7167904	 0.8965517	 32683 74446 710776	 1 0.11764705882352941	 1 619568494 14623373
 7168405	 0.55172414	 32692 74476 710822	 1 0.11764705882352941	 1 620401868 14644803
 7168926	 0.8965517	 32713 74517 710874	 1 0.11764705882352941	 1 621079448 14660623
 7169415	 0.7586207	 32720 74554 710919	 1 0.11764705882352941	 1 622069678 14683933
 7169896	 0.22000718	 32739 74586 710977	 1 0.11764705882352941	 1 622388587 14692263
 7170396	 0.8965517	 32747 74598 711021	 1 0.11764705882352941	 1 622389053 14692263
 7170904	 0.22000718	 32753 74608 711070	 1 0.11764705882352941	 1 622389719 14692263
 7171414	 0.22000718	 32758 74619 711121	 1 0.11764705882352941	 1 622389941 14692263
 7171925	 0.8965517	 32763 74628 711169	 1 0.11764705882352941	 1 622390623 14692263
 7172418	 0.22000718	 32769 74637 711220	 1 0.11764705882352941	 1 622390799 14692263
 7172903	 0.8965517	 32785 74656 711279	 1 0.11764705882352941	 1 622391465 14692263
 7173397	 0.22000718	 32793 74666 711320	 1 0.11764705882352941	 1 622392001 14692263
 7173904	 0.22000718	 32801 74675 711370	 1 0.11764705882352941	 1 622392311 14692263
 7174411	 0.22000718	 32807 74685 711419	 1 0.11764705882352941	 1 622392809 14692263
 7174904	 0.8965517	 32813 74695 711467	 1 0.11764705882352941	 1 622393265 14692263
 7175418	 0.22000718	 32822 74710 711519	 1 0.11764705882352941	 1 622393671 14692263
 7175897	 0.22000718	 32827 74720 711569	 1 0.11764705882352941	 1 622394361 14692263
 7176415	 0.22000718	 32836 74731 711619	 1 0.11764705882352941	 1 622394407 14692263
 7176896	 0.22000718	 32839 74742 711669	 1 0.11764705882352941	 1 622394913 14692263
 7177393	 0.8965517	 32855 74782 711714	 1 0.11764705882352941	 1 623077283 14708677
 7177912	 0.62068963	 32866 74830 711766	 1 0.11764705882352941	 1 624079853 14732197
 7178403	 0.8965517	 32876 74873 711814	 1 0.11764705882352941	 1 625058273 14754947
 7178893	 0.8965517	 32886 74910 711859	 1 0.11764705882352941	 1 625610311 14768015
 7179401	 0.5862069	 32899 74952 711907	 1 0.11764705882352941	 1 626621345 14791675
 7179904	 0.22000718	 32910 74973 711959	 1 0.11764705882352941	 1 626648906 14792795
 7180414	 0.22000718	 32916 74982 712008	 1 0.11764705882352941	 1 626649028 14792795
 7180918	 0.22000718	 32923 74992 712059	 1 0.11764705882352941	 1 626649304 14792795
 7181397	 0.8965517	 32936 75008 712115	 1 0.11764705882352941	 1 626649962 14792795
 7181896	 0.22000718	 32942 75018 712159	 1 0.11764705882352941	 1 626650176 14792795
 7182396	 0.22000718	 32952 75030 712210	 1 0.11764705882352941	 1 626650894 14792795
 7182904	 0.22000718	 32957 75040 712260	 1 0.11764705882352941	 1 626651024 14792795
 7183404	 0.22000718	 32965 75049 712308	 1 0.11764705882352941	 1 626651242 14792795
 7183896	 0.22000718	 32970 75059 712358	 1 0.11764705882352941	 1 626651708 14792795
 7184403	 0.22000718	 32977 75069 712409	 1 0.11764705882352941	 1 626652504 14792795
 7184918	 0.22000718	 32984 75081 712459	 1 0.11764705882352941	 1 626652772 14792795
 7185404	 0.22000718	 32991 75089 712507	 1 0.11764705882352941	 1 626653316 14792795
 7185904	 0.8965517	 33003 75107 712567	 1 0.11764705882352941	 1 626654052 14792795
 7186408	 0.8965517	 33011 75118 712609	 1 0.11764705882352941	 1 626654358 14792795
 7186912	 0.22000718	 33015 75128 712657	 1 0.11764705882352941	 1 626654938 14792795
 7187414	 0.22000718	 33022 75152 712708	 1 0.11764705882352941	 1 626879318 14800593
 7187921	 0.8965517	 33033 75187 712752	 1 0.11764705882352941	 1 627521842 14817061
 7188425	 0.8965517	 33043 75231 712801	 1 0.11764705882352941	 1 628452374 14838203
 7188942	 0.8965517	 33053 75265 712850	 1 0.11764705882352941	 1 628960824 14849963
 7189422	 0.6551724	 33064 75304 712898	 1 0.11764705882352941	 1 629892484 14871701
 7189942	 0.8965517	 33076 75340 712948	 1 0.11764705882352941	 1 630446308 14886329
 7190429	 0.8965517	 33095 75377 712998	 1 0.11764705882352941	 1 630923457 14898045
 7190904	 0.22000718	 33101 75390 713048	 1 0.11764705882352941	 1 630924009 14898045
 7191404	 0.22000718	 33109 75399 713097	 1 0.11764705882352941	 1 630924281 14898045
 7191904	 0.22000718	 33116 75411 713147	 1 0.11764705882352941	 1 630924859 14898045
 7192405	 0.22000718	 33123 75422 713198	 1 0.11764705882352941	 1 630925943 14898045
 7192904	 0.22000718	 33128 75433 713247	 1 0.11764705882352941	 1 630926349 14898045
 7193409	 0.22000718	 33132 75445 713298	 1 0.11764705882352941	 1 630927601 14898045
 7193896	 0.8965517	 33136 75455 713347	 1 0.11764705882352941	 1 630928617 14898045
 7194404	 0.22000718	 33146 75470 713402	 1 0.11764705882352941	 1 630928937 14898045
 7194904	 0.22000718	 33154 75482 713448	 1 0.11764705882352941	 1 630929679 14898045
 7195414	 0.8965517	 33163 75493 713496	 1 0.11764705882352941	 1 630929855 14898045
 7195914	 0.22000718	 33171 75503 713547	 1 0.11764705882352941	 1 630930237 14898045
 7196417	 0.22000718	 33178 75513 713597	 1 0.11764705882352941	 1 630930919 14898045
 7196913	 0.22000718	 33183 75524 713647	 1 0.11764705882352941	 1 630931179 14898045
 7197416	 0.3448276	 33192 75553 713695	 1 0.11764705882352941	 1 631431121 14912129
 7197923	 0.8965517	 33200 75582 713740	 1 0.11764705882352941	 1 632029155 14930135
 7198412	 0.8965517	 33214 75615 713784	 1 0.11764705882352941	 1 632729505 14947515
 7198915	 0.8965517	 33229 75666 713845	 1 0.11764705882352941	 1 633868127 14974539
 7199406	 0.51724136	 33237 75693 713881	 1 0.11764705882352941	 1 634581441 14991131
 7199934	 0.8965517	 33246 75730 713935	 1 0.11764705882352941	 1 635123773 15007159
 7200396	 0.22000718	 33253 75746 713983	 1 0.11764705882352941	 1 635191898 15008979
 7200916	 0.22000718	 33258 75757 714033	 1 0.11764705882352941	 1 635192204 15008979
 7201397	 0.22000718	 33263 75766 714082	 1 0.11764705882352941	 1 635192422 15008979
 7201921	 0.22000718	 33269 75778 714132	 1 0.11764705882352941	 1 635192892 15008979
 7202415	 0.22000718	 33274 75788 714182	 1 0.11764705882352941	 1 635193106 15008979
 7202914	 0.22000718	 33281 75800 714233	 1 0.11764705882352941	 1 635193540 15008979
 7203404	 0.22000718	 33292 75817 714282	 1 0.11764705882352941	 1 635193624 15008979
 7203913	 0.22000718	 33301 75827 714332	 1 0.11764705882352941	 1 635193980 15008979
 7204396	 0.22000718	 33308 75838 714383	 1 0.11764705882352941	 1 635194210 15008979
 7204921	 0.22000718	 33313 75850 714432	 1 0.11764705882352941	 1 635194378 15008979
 7205409	 0.22000718	 33322 75861 714481	 1 0.11764705882352941	 1 635194588 15008979
 7205918	 0.22000718	 33330 75871 714531	 1 0.11764705882352941	 1 635194672 15008979
 7206404	 0.22000718	 33336 75881 714582	 1 0.11764705882352941	 1 635194848 15008979
 7206905	 0.22000718	 33344 75891 714632	 1 0.11764705882352941	 1 635195032 15008979
 7207395	 0.3448276	 33366 75922 714681	 1 0.11764705882352941	 1 635195124 15008979
 7207920	 0.22000718	 33386 75950 714733	 1 0.11764705882352941	 1 635195346 15008979
 7208431	 0.8965517	 33395 75966 714781	 1 0.11764705882352941	 1 635195728 15008979
 7208914	 0.8965517	 33411 75987 714831	 1 0.11764705882352941	 1 635195904 15008979
 7209397	 0.8965517	 33422 76003 714884	 1 0.11764705882352941	 1 635196264 15008979
 7209925	 0.22000718	 33432 76017 714932	 1 0.11764705882352941	 1 635196578 15008979
 7210397	 0.22000718	 33436 76028 714982	 1 0.11764705882352941	 1 635196846 15008979
 7210904	 0.8965517	 33457 76060 715033	 1 0.11764705882352941	 1 635197366 15008979
 7211394	 0.8965517	 33485 76102 715079	 1 0.11764705882352941	 1 635197894 15008979
 7211932	 0.8965517	 33533 76156 715146	 1 0.11764705882352941	 1 635198250 15008979
 7212400	 0.8965517	 33560 76189 715179	 1 0.11764705882352941	 1 635198472 15008979
 7212899	 0.22000718	 33591 76231 715231	 1 0.11764705882352941	 1 635198594 15008979
 7213405	 0.8965517	 33599 76245 715281	 1 0.11764705882352941	 1 635198916 15008979
