up_time cpu_freq utime work_time total_time screen_on brightness wifi_on wifi_rx_bytes wifi_tx_bytes
 6891954	 0.8965517	 29512 67957 683382	 1 0.11764705882352941	 1 566825518 13355601
 6892417	 0.8965517	 29522 67975 683432	 1 0.11764705882352941	 1 566825954 13355601
 6892935	 0.22000718	 29537 68002 683482	 1 0.11764705882352941	 1 566826184 13355601
 6893424	 0.22000718	 29546 68015 683534	 1 0.11764705882352941	 1 566826598 13355601
 6893915	 0.8965517	 29573 68054 683579	 1 0.11764705882352941	 1 566827242 13355601
 6894424	 0.22000718	 29588 68077 683632	 1 0.11764705882352941	 1 566827334 13355601
 6894951	 0.8965517	 29618 68115 683683	 1 0.11764705882352941	 1 566827648 13355601
 6895440	 0.8965517	 29622 68124 683731	 1 0.11764705882352941	 1 566828030 13355601
 6895924	 0.22000718	 29626 68137 683783	 1 0.11764705882352941	 1 566828642 13355601
 6896424	 0.22000718	 29635 68148 683832	 1 0.11764705882352941	 1 566829246 13355601
 6896926	 0.8965517	 29642 68164 683883	 1 0.11764705882352941	 1 566830026 13355601
 6897444	 0.8965517	 29650 68206 683929	 1 0.11764705882352941	 1 567489536 13371227
 6897970	 0.8965517	 29661 68244 683981	 1 0.11764705882352941	 1 568123200 13385717
 6898432	 0.86206895	 29674 68283 684025	 1 0.11764705882352941	 1 568900920 13405353
 6898916	 0.8965517	 29691 68318 684072	 1 0.11764705882352941	 1 569297638 13414383
 6899449	 0.8965517	 29699 68351 684120	 1 0.11764705882352941	 1 570023840 13433167
 6899928	 0.8965517	 29707 68387 684166	 1 0.11764705882352941	 1 570739914 13449757
 6900424	 0.22000718	 29715 68413 684219	 1 0.11764705882352941	 1 571089235 13458787
 6900934	 0.22000718	 29723 68422 684267	 1 0.11764705882352941	 1 571090145 13458787
 6901418	 0.22000718	 29732 68434 684318	 1 0.11764705882352941	 1 571090191 13458787
 6901934	 0.22000718	 29739 68444 684368	 1 0.11764705882352941	 1 571090597 13458787
 6902419	 0.22000718	 29747 68454 684418	 1 0.11764705882352941	 1 571090811 13458787
 6902939	 0.22000718	 29758 68470 684468	 1 0.11764705882352941	 1 571090949 13458787
 6903424	 0.8965517	 29767 68480 684518	 1 0.11764705882352941	 1 571091317 13458787
 6903941	 0.22000718	 29775 68491 684568	 1 0.11764705882352941	 1 571091455 13458787
 6904424	 0.22000718	 29782 68501 684617	 1 0.11764705882352941	 1 571091669 13458787
 6904925	 0.22000718	 29788 68511 684666	 1 0.11764705882352941	 1 571092263 13458787
 6905436	 0.22000718	 29796 68521 684716	 1 0.11764705882352941	 1 571092401 13458787
 6905945	 0.22000718	 29802 68531 684767	 1 0.11764705882352941	 1 571092807 13458787
 6906424	 0.8965517	 29806 68542 684817	 1 0.11764705882352941	 1 571092991 13458787
 6906939	 0.22000718	 29820 68560 684867	 1 0.11764705882352941	 1 571093175 13458787
 6907446	 0.8965517	 29828 68598 684914	 1 0.11764705882352941	 1 571953435 13478841
 6907946	 0.86206895	 29840 68636 684959	 1 0.11764705882352941	 1 572826277 13500879
 6908429	 0.8965517	 29850 68669 685006	 1 0.11764705882352941	 1 573629613 13519219
 6908948	 0.62068963	 29860 68704 685054	 1 0.11764705882352941	 1 574430243 13539237
 6909416	 0.8965517	 29870 68741 685097	 1 0.11764705882352941	 1 575133491 13557441
 6909925	 0.22000718	 29880 68765 685152	 1 0.11764705882352941	 1 575350978 13563041
 6910419	 0.22000718	 29888 68778 685201	 1 0.11764705882352941	 1 575351610 13563041
 6910938	 0.22000718	 29899 68794 685249	 1 0.11764705882352941	 1 575352096 13563041
 6911425	 0.22000718	 29905 68804 685300	 1 0.11764705882352941	 1 575352674 13563041
 6911924	 0.22000718	 29910 68813 685350	 1 0.11764705882352941	 1 575352942 13563041
 6912434	 0.22000718	 29916 68823 685400	 1 0.11764705882352941	 1 575353362 13563041
 6912924	 0.22000718	 29920 68833 685450	 1 0.11764705882352941	 1 575353974 13563041
 6913424	 0.22000718	 29933 68854 685502	 1 0.11764705882352941	 1 575354104 13563041
 6913934	 0.22000718	 29941 68865 685551	 1 0.11764705882352941	 1 575354418 13563041
 6914434	 0.22000718	 29949 68878 685601	 1 0.11764705882352941	 1 575355046 13563041
 6914939	 0.22000718	 29960 68895 685649	 1 0.11764705882352941	 1 575355176 13563041
 6915441	 0.22000718	 29969 68906 685701	 1 0.11764705882352941	 1 575355490 13563041
 6915941	 0.22000718	 29975 68916 685750	 1 0.11764705882352941	 1 575355804 13563041
 6916424	 0.22000718	 29983 68926 685800	 1 0.11764705882352941	 1 575356118 13563041
 6916926	 0.8965517	 29988 68934 685848	 1 0.11764705882352941	 1 575356382 13563041
 6917448	 0.79310346	 30001 68965 685894	 1 0.11764705882352941	 1 575843026 13574135
 6917921	 0.79310346	 30013 69006 685943	 1 0.11764705882352941	 1 576871776 13597305
 6918423	 0.8965517	 30026 69045 685990	 1 0.11764705882352941	 1 577612214 13616693
 6918924	 0.8965517	 30045 69086 686036	 1 0.11764705882352941	 1 578063006 13627603
 6919417	 0.8965517	 30051 69114 686080	 1 0.11764705882352941	 1 578577062 13639433
 6919934	 0.8965517	 30057 69153 686129	 1 0.11764705882352941	 1 579532696 13663243
 6920419	 0.22000718	 30064 69168 686181	 1 0.11764705882352941	 1 579611853 13665623
 6920919	 0.22000718	 30070 69177 686230	 1 0.11764705882352941	 1 579612387 13665623
 6921437	 0.22000718	 30078 69188 686281	 1 0.11764705882352941	 1 579612525 13665623
 6921943	 0.22000718	 30086 69199 686330	 1 0.11764705882352941	 1 579612977 13665623
 6922433	 0.22000718	 30099 69216 686386	 1 0.11764705882352941	 1 579613321 13665623
 6922934	 0.22000718	 30106 69227 686430	 1 0.11764705882352941	 1 579613497 13665623
 6923419	 0.22000718	 30109 69240 686481	 1 0.11764705882352941	 1 579613773 13665623
 6923919	 0.22000718	 30116 69250 686530	 1 0.11764705882352941	 1 579613911 13665623
 6924451	 0.22000718	 30122 69261 686581	 1 0.11764705882352941	 1 579614049 13665623
 6924935	 0.22000718	 30129 69271 686630	 1 0.11764705882352941	 1 579614229 13665623
 6925435	 0.22000718	 30135 69283 686681	 1 0.11764705882352941	 1 579614405 13665623
 6925918	 0.22000718	 30143 69295 686730	 1 0.11764705882352941	 1 579614711 13665623
 6926424	 0.22000718	 30148 69306 686781	 1 0.11764705882352941	 1 579614955 13665623
 6926924	 0.22000718	 30158 69324 686829	 1 0.11764705882352941	 1 579615115 13665623
 6927428	 0.51724136	 30168 69353 686872	 1 0.11764705882352941	 1 580197715 13681209
 6927938	 0.5862069	 30179 69386 686921	 1 0.11764705882352941	 1 580980833 13699759
 6928424	 0.8965517	 30189 69419 686968	 1 0.11764705882352941	 1 581521577 13712945
 6928921	 0.8965517	 30201 69459 687016	 1 0.11764705882352941	 1 582475877 13735415
 6929421	 0.8965517	 30208 69498 687063	 1 0.11764705882352941	 1 583472827 13759075
 6929934	 0.22000718	 30219 69523 687112	 1 0.11764705882352941	 1 583873140 13768945
 6930424	 0.22000718	 30229 69534 687162	 1 0.11764705882352941	 1 583873768 13768945
 6930925	 0.22000718	 30240 69550 687212	 1 0.11764705882352941	 1 583873906 13768945
 6931419	 0.22000718	 30247 69561 687262	 1 0.11764705882352941	 1 583874166 13768945
 6931924	 0.22000718	 30255 69572 687312	 1 0.11764705882352941	 1 583874434 13768945
 6932450	 0.22000718	 30266 69585 687363	 1 0.11764705882352941	 1 583874656 13768945
 6932950	 0.22000718	 30274 69595 687411	 1 0.11764705882352941	 1 583874878 13768945
 6933438	 0.22000718	 30278 69605 687461	 1 0.11764705882352941	 1 583875050 13768945
 6933938	 0.22000718	 30284 69614 687511	 1 0.11764705882352941	 1 583875540 13768945
 6934436	 0.22000718	 30292 69624 687560	 1 0.11764705882352941	 1 583876604 13768945
 6934924	 0.22000718	 30306 69642 687611	 1 0.11764705882352941	 1 583876918 13768945
 6935419	 0.22000718	 30315 69653 687662	 1 0.11764705882352941	 1 583877454 13768945
 6935924	 0.22000718	 30320 69662 687711	 1 0.11764705882352941	 1 583877776 13768945
 6936418	 0.22000718	 30329 69674 687763	 1 0.11764705882352941	 1 583878052 13768945
 6936924	 0.22000718	 30336 69685 687811	 1 0.11764705882352941	 1 583878706 13768945
 6937426	 0.8965517	 30347 69716 687859	 1 0.11764705882352941	 1 584445156 13784097
 6937942	 0.55172414	 30356 69754 687908	 1 0.11764705882352941	 1 585395208 13806637
 6938444	 0.4827586	 30367 69794 687956	 1 0.11764705882352941	 1 586349754 13829107
 6938928	 0.8965517	 30388 69831 688003	 1 0.11764705882352941	 1 586851982 13843025
 6939416	 0.5862069	 30396 69863 688052	 1 0.11764705882352941	 1 587665078 13863027
 6939917	 0.22000718	 30408 69894 688098	 1 0.11764705882352941	 1 588133533 13874555
 6940418	 0.22000718	 30413 69905 688148	 1 0.11764705882352941	 1 588133617 13874555
 6940939	 0.22000718	 30418 69915 688198	 1 0.11764705882352941	 1 588133893 13874555
 6941424	 0.22000718	 30419 69927 688248	 1 0.11764705882352941	 1 588134031 13874555
 6941943	 0.22000718	 30424 69937 688298	 1 0.11764705882352941	 1 588134559 13874555
 6942419	 0.22000718	 30432 69948 688348	 1 0.11764705882352941	 1 588134999 13874555
 6942918	 0.22000718	 30443 69964 688398	 1 0.11764705882352941	 1 588135045 13874555
 6943436	 0.22000718	 30450 69975 688447	 1 0.11764705882352941	 1 588135367 13874555
 6943918	 0.22000718	 30460 69988 688499	 1 0.11764705882352941	 1 588135497 13874555
 6944434	 0.22000718	 30468 69998 688548	 1 0.11764705882352941	 1 588135635 13874555
 6944924	 0.22000718	 30476 70011 688599	 1 0.11764705882352941	 1 588135971 13874555
 6945439	 0.22000718	 30482 70024 688649	 1 0.11764705882352941	 1 588136239 13874555
 6945920	 0.22000718	 30488 70035 688698	 1 0.11764705882352941	 1 588136713 13874555
 6946424	 0.22000718	 30496 70045 688748	 1 0.11764705882352941	 1 588137141 13874555
 6946950	 0.22000718	 30507 70060 688798	 1 0.11764705882352941	 1 588137233 13874555
 6947426	 0.8965517	 30517 70097 688845	 1 0.11764705882352941	 1 588960585 13893489
 6947941	 0.86206895	 30529 70136 688891	 1 0.11764705882352941	 1 589947561 13916169
 6948444	 0.82758623	 30541 70175 688940	 1 0.11764705882352941	 1 590916273 13938605
 6948940	 0.62068963	 30550 70206 688989	 1 0.11764705882352941	 1 591535937 13953095
 6949422	 0.3448276	 30560 70248 689039	 1 0.11764705882352941	 1 592392180 13973255
 6949924	 0.22000718	 30568 70261 689092	 1 0.11764705882352941	 1 592393076 13973255
 6950425	 0.8965517	 30573 70271 689140	 1 0.11764705882352941	 1 592394018 13973255
 6950941	 0.22000718	 30589 70288 689192	 1 0.11764705882352941	 1 592394562 13973255
 6951458	 0.22000718	 30596 70301 689243	 1 0.11764705882352941	 1 592395114 13973255
 6951944	 0.22000718	 30602 70311 689291	 1 0.11764705882352941	 1 592395344 13973255
 6952437	 0.22000718	 30609 70325 689340	 1 0.11764705882352941	 1 592396394 13973255
 6952925	 0.22000718	 30617 70334 689390	 1 0.11764705882352941	 1 592397206 13973255
 6953434	 0.22000718	 30621 70344 689440	 1 0.11764705882352941	 1 592397850 13973255
 6953951	 0.8965517	 30626 70354 689490	 1 0.11764705882352941	 1 592398310 13973255
 6954419	 0.22000718	 30633 70367 689542	 1 0.11764705882352941	 1 592399122 13973255
 6954936	 0.22000718	 30648 70382 689590	 1 0.11764705882352941	 1 592399562 13973255
 6955429	 0.22000718	 30655 70392 689640	 1 0.11764705882352941	 1 592400090 13973255
 6955924	 0.22000718	 30663 70403 689691	 1 0.11764705882352941	 1 592400304 13973255
 6956419	 0.22000718	 30668 70413 689741	 1 0.11764705882352941	 1 592401062 13973255
 6956934	 0.22000718	 30672 70423 689791	 1 0.11764705882352941	 1 592401666 13973255
 6957427	 0.8965517	 30693 70457 689840	 1 0.11764705882352941	 1 592402010 13973255
 6957944	 0.22000718	 30716 70484 689892	 1 0.11764705882352941	 1 592402392 13973255
 6958426	 0.51724136	 30723 70501 689938	 1 0.11764705882352941	 1 592402636 13973255
 6958921	 0.5862069	 30744 70530 689990	 1 0.11764705882352941	 1 592402834 13973255
 6959435	 0.22000718	 30751 70542 690039	 1 0.11764705882352941	 1 592403308 13973255
 6959934	 0.22000718	 30759 70552 690090	 1 0.11764705882352941	 1 592403728 13973255
 6960435	 0.8965517	 30765 70564 690141	 1 0.11764705882352941	 1 592404302 13973255
 6960918	 0.22000718	 30786 70596 690192	 1 0.11764705882352941	 1 592404524 13973255
 6961424	 0.22000718	 30793 70617 690240	 1 0.11764705882352941	 1 592404646 13973255
 6961924	 0.22000718	 30798 70628 690290	 1 0.11764705882352941	 1 592404784 13973255
 6962423	 0.8965517	 30817 70660 690337	 1 0.11764705882352941	 1 592405190 13973255
 6962919	 0.22000718	 30835 70689 690391	 1 0.11764705882352941	 1 592405374 13973255
