up_time cpu_freq utime work_time total_time screen_on brightness wifi_on wifi_rx_bytes wifi_tx_bytes
 3126382	 0.8965517	 19173 30560 180719	 1 0.00392156862745098	 1 3424035 124122
 3126864	 0.8965517	 19181 30572 180767	 1 0.00392156862745098	 1 3424349 124122
 3127343	 0.22000718	 19190 30584 180818	 1 0.00392156862745098	 1 3424985 124122
 3127825	 0.22000718	 19193 30595 180868	 1 0.00392156862745098	 1 3425399 124122
 3128342	 0.8965517	 19215 30623 180917	 1 0.00392156862745098	 1 3425927 124122
 3128828	 0.8965517	 19224 30638 180966	 1 0.00392156862745098	 1 3426609 124122
 3129319	 0.82758623	 19247 30677 181014	 1 0.00392156862745098	 1 3426839 124122
 3129826	 0.22000718	 19265 30702 181073	 1 0.00392156862745098	 1 3427505 124122
 3130329	 0.8965517	 19272 30714 181117	 1 0.00392156862745098	 1 3428079 124122
 3130818	 0.22000718	 19280 30732 181166	 1 0.00392156862745098	 1 3428415 124200
 3131317	 0.22000718	 19286 30742 181217	 1 0.00392156862745098	 1 3428821 124200
 3131829	 0.22000718	 19292 30753 181267	 1 0.00392156862745098	 1 3429211 124200
 3132318	 0.22000718	 19300 30771 181317	 0 0.00392156862745098	 1 3429433 124200
 3132827	 0.22000718	 19305 30783 181365	 0 0.00392156862745098	 1 3429433 124200
 3156396	 0.8965517	 19316 30803 181428	 1 0.00392156862745098	 1 3429493 124348
 3156815	 0.22000718	 19323 30815 181464	 1 0.00392156862745098	 1 3429965 124691
 3157339	 0.22000718	 19335 30836 181519	 1 0.00392156862745098	 1 3431388 125049
 3157838	 0.22000718	 19347 30851 181565	 1 0.00392156862745098	 1 3434420 125476
 3158325	 0.22000718	 19353 30862 181614	 1 0.00392156862745098	 1 3440310 125756
 3158825	 0.22000718	 19359 30873 181664	 1 0.00392156862745098	 1 3468658 126806
 3159318	 0.22000718	 19369 30887 181714	 1 0.00392156862745098	 1 3499944 127576
 3159839	 0.22000718	 19375 30898 181763	 1 0.00392156862745098	 1 3539262 128556
 3160339	 0.22000718	 19376 30911 181812	 1 0.00392156862745098	 1 3584646 129606
 3160817	 0.22000718	 19387 30927 181863	 1 0.00392156862745098	 1 3635392 130866
 3161327	 0.22000718	 19393 30941 181914	 1 0.00392156862745098	 1 3656692 131642
 3161825	 0.22000718	 19406 30958 181963	 1 0.00392156862745098	 1 3665574 132222
 3162318	 0.22000718	 19412 30969 182013	 1 0.00392156862745098	 1 3674126 132762
 3162847	 0.22000718	 19417 30979 182063	 1 0.00392156862745098	 1 3683008 133302
 3163341	 0.8965517	 19425 30992 182113	 1 0.00392156862745098	 1 3691728 133676
 3163824	 0.22000718	 19432 31003 182161	 1 0.00392156862745098	 1 3703080 133956
 3164317	 0.22000718	 19437 31015 182213	 1 0.00392156862745098	 1 3716348 134306
 3164841	 0.22000718	 19446 31026 182263	 1 0.00392156862745098	 1 3737778 134866
 3165340	 0.22000718	 19450 31035 182312	 1 0.00392156862745098	 1 3761946 135426
 3165846	 0.8965517	 19461 31052 182368	 1 0.00392156862745098	 1 3783476 136056
 3166317	 0.22000718	 19467 31066 182412	 1 0.00392156862745098	 1 3783752 136056
 3166818	 0.22000718	 19473 31079 182461	 1 0.00392156862745098	 1 3808296 136686
 3167342	 0.22000718	 19481 31090 182508	 1 0.00392156862745098	 1 3829604 137246
 3167842	 0.22000718	 19485 31101 182558	 1 0.00392156862745098	 1 3854362 137876
 3168348	 0.22000718	 19493 31114 182609	 1 0.00392156862745098	 1 3875838 138436
 3168818	 0.8965517	 19500 31127 182656	 1 0.00392156862745098	 1 3898450 139136
 3169324	 0.22000718	 19505 31142 182708	 1 0.00392156862745098	 1 3909040 139416
 3169834	 0.22000718	 19513 31160 182760	 1 0.00392156862745098	 1 3919596 139990
 3170318	 0.22000718	 19525 31175 182807	 1 0.00392156862745098	 1 3922728 140154
 3170820	 0.22000718	 19533 31188 182860	 1 0.00392156862745098	 1 3926262 140326
 3171343	 0.8965517	 19537 31197 182907	 1 0.00392156862745098	 1 3928384 140408
 3171824	 0.8965517	 19544 31205 182956	 1 0.00392156862745098	 1 3932908 140654
 3172325	 0.8965517	 19549 31216 183005	 1 0.00392156862745098	 1 3939280 140946
 3172814	 0.8965517	 19552 31229 183053	 1 0.00392156862745098	 1 3950708 141506
 3173340	 0.22000718	 19557 31241 183108	 1 0.00392156862745098	 1 3967912 141996
 3173819	 0.22000718	 19564 31250 183157	 1 0.00392156862745098	 1 3979440 142276
 3174317	 0.22000718	 19575 31270 183214	 1 0.00392156862745098	 1 3991006 142932
 3174818	 0.22000718	 19582 31280 183257	 1 0.00392156862745098	 1 4009426 143962
 3175324	 0.22000718	 19588 31294 183307	 1 0.00392156862745098	 1 4032574 144662
 3175847	 0.22000718	 19597 31306 183357	 1 0.00392156862745098	 1 4071892 145782
 3176335	 0.8965517	 19603 31317 183405	 1 0.00392156862745098	 1 4107878 146692
 3176842	 0.8965517	 19609 31331 183454	 1 0.00392156862745098	 1 4140682 147602
 3177325	 0.22000718	 19618 31342 183505	 1 0.00392156862745098	 1 4163338 148162
 3177849	 0.8965517	 19624 31351 183552	 1 0.00392156862745098	 1 4188886 149262
 3178334	 0.22000718	 19630 31362 183602	 1 0.00392156862745098	 1 4200146 149882
 3178825	 0.8965517	 19642 31380 183651	 1 0.00392156862745098	 1 4214626 150702
 3179325	 0.22000718	 19647 31390 183702	 1 0.00392156862745098	 1 4219296 150924
 3179825	 0.8965517	 19652 31402 183750	 1 0.00392156862745098	 1 4225202 151204
 3180345	 0.8965517	 19657 31414 183801	 1 0.00392156862745098	 1 4231268 151484
 3180842	 0.22000718	 19665 31424 183852	 1 0.00392156862745098	 1 4231536 151484
 3181325	 0.8965517	 19666 31435 183899	 1 0.00392156862745098	 1 4240574 152034
 3181836	 0.8965517	 19672 31446 183950	 1 0.00392156862745098	 1 4245152 152244
 3182335	 0.22000718	 19679 31457 184000	 1 0.00392156862745098	 1 4249684 152454
 3182834	 0.8965517	 19688 31475 184054	 1 0.00392156862745098	 1 4255550 152734
 3183326	 0.8965517	 19691 31485 184098	 1 0.00392156862745098	 1 4262920 153014
 3183837	 0.22000718	 19698 31497 184148	 1 0.00392156862745098	 1 4270106 153224
 3184326	 0.8965517	 19704 31506 184198	 1 0.00392156862745098	 1 4277982 153434
 3184827	 0.8965517	 19710 31518 184251	 1 0.00392156862745098	 1 4288734 153714
 3185319	 0.22000718	 19717 31531 184298	 1 0.00392156862745098	 1 4298904 153994
 3185825	 0.8965517	 19721 31542 184349	 1 0.00392156862745098	 1 4307938 154204
 3186342	 0.22000718	 19730 31554 184399	 1 0.00392156862745098	 1 4308206 154204
 3186846	 0.22000718	 19738 31566 184448	 1 0.00392156862745098	 1 4319772 154484
 3187318	 0.22000718	 19749 31584 184499	 1 0.00392156862745098	 1 4331384 154764
 3187826	 0.8965517	 19753 31592 184546	 1 0.00392156862745098	 1 4341424 155044
 3188325	 0.22000718	 19760 31603 184597	 1 0.00392156862745098	 1 4354638 155394
 3188835	 0.22000718	 19769 31616 184648	 1 0.00392156862745098	 1 4354952 155394
 3189335	 0.22000718	 19776 31627 184697	 1 0.00392156862745098	 1 4360112 155534
 3189825	 0.22000718	 19782 31637 184747	 1 0.00392156862745098	 1 4366476 155862
 3190335	 0.22000718	 19785 31648 184796	 1 0.00392156862745098	 1 4372726 156190
 3190844	 0.22000718	 19792 31661 184847	 1 0.00392156862745098	 1 4381621 156692
 3191347	 0.22000718	 19806 31684 184906	 1 0.00392156862745098	 1 4382415 157085
 3191818	 0.22000718	 19812 31696 184945	 1 0.00392156862745098	 1 4386701 157295
 3192326	 0.22000718	 19818 31708 184996	 1 0.00392156862745098	 1 4395613 157715
 3192835	 0.22000718	 19823 31719 185045	 1 0.00392156862745098	 1 4412679 158415
 3193324	 0.22000718	 19829 31732 185095	 1 0.00392156862745098	 1 4443559 159115
 3193825	 0.8965517	 19832 31741 185142	 1 0.00392156862745098	 1 4483541 159745
 3194323	 0.22000718	 19839 31754 185191	 1 0.00392156862745098	 1 4506175 160305
 3194818	 0.22000718	 19845 31768 185243	 1 0.00392156862745098	 1 4551719 161425
 3195328	 0.22000718	 19849 31781 185292	 1 0.00392156862745098	 1 4595477 162545
 3195841	 0.22000718	 19862 31798 185342	 1 0.00392156862745098	 1 4640547 163665
 3196325	 0.22000718	 19871 31809 185391	 1 0.00392156862745098	 1 4670551 164435
 3196825	 0.22000718	 19878 31821 185441	 1 0.00392156862745098	 1 4708687 165415
 3197318	 0.22000718	 19883 31832 185490	 1 0.00392156862745098	 1 4753619 166605
 3197859	 0.8965517	 19887 31842 185540	 1 0.00392156862745098	 1 4783249 167375
 3198338	 0.22000718	 19892 31851 185589	 1 0.00392156862745098	 1 4783479 167375
 3198834	 0.8965517	 19899 31861 185638	 1 0.00392156862745098	 1 4851145 169195
 3199334	 0.8965517	 19909 31875 185689	 1 0.00392156862745098	 1 4876593 170577
 3199862	 0.8965517	 19917 31886 185738	 1 0.00392156862745098	 1 4899135 171793
 3200329	 0.8965517	 19930 31909 185787	 1 0.00392156862745098	 1 4906093 172003
 3200818	 0.8965517	 19948 31939 185840	 1 0.00392156862745098	 1 4906499 172003
 3201340	 0.22000718	 19962 31964 185887	 1 0.00392156862745098	 1 4906683 172003
 3201834	 0.22000718	 19985 31998 185939	 1 0.00392156862745098	 1 4907663 172003
 3202334	 0.22000718	 19993 32009 185989	 1 0.00392156862745098	 1 4908107 172003
 3202818	 0.22000718	 19999 32022 186041	 1 0.00392156862745098	 1 4908919 172003
 3203333	 0.8965517	 20009 32044 186087	 1 0.00392156862745098	 1 4909539 172003
 3203836	 0.22000718	 20017 32056 186138	 1 0.00392156862745098	 1 4909799 172003
 3204318	 0.8965517	 20040 32083 186200	 1 0.00392156862745098	 1 4910021 172003
 3204824	 0.8965517	 20055 32106 186240	 1 0.00392156862745098	 1 4910381 172003
 3205352	 0.8965517	 20070 32131 186292	 1 0.00392156862745098	 1 4910863 172003
 3205824	 0.8965517	 20093 32163 186337	 1 0.00392156862745098	 1 4911047 172003
 3206341	 0.22000718	 20100 32175 186387	 1 0.00392156862745098	 1 4911697 172003
 3206818	 0.8965517	 20109 32191 186437	 1 0.00392156862745098	 1 4912025 172003
