up_time cpu_freq utime work_time total_time screen_on brightness wifi_on wifi_rx_bytes wifi_tx_bytes
 1393556	 0.8965517	 8624 13219 68717	 1 0.00392156862745098	 1 500677 40833
 1394040	 0.8965517	 8628 13229 68765	 1 0.00392156862745098	 1 500937 40833
 1394514	 0.22000718	 8636 13237 68814	 1 0.00392156862745098	 1 501369 40833
 1395027	 0.22000718	 8646 13252 68865	 1 0.00392156862745098	 1 501889 40833
 1395511	 0.22000718	 8651 13264 68915	 1 0.00392156862745098	 1 502463 40833
 1396018	 0.8965517	 8660 13275 68966	 1 0.00392156862745098	 1 502547 40833
 1396500	 0.22000718	 8681 13305 69017	 1 0.00392156862745098	 1 503159 40833
 1396995	 0.22000718	 8687 13315 69066	 1 0.00392156862745098	 1 503695 40833
 1397515	 0.22000718	 8699 13329 69115	 1 0.00392156862745098	 1 504139 40833
 1397995	 0.8965517	 8708 13340 69164	 1 0.00392156862745098	 1 504369 40833
 1398501	 0.22000718	 8715 13353 69215	 1 0.00392156862745098	 1 504737 40833
 1399002	 0.22000718	 8721 13363 69265	 1 0.00392156862745098	 1 505379 40833
 1399519	 0.22000718	 8732 13382 69323	 1 0.00392156862745098	 1 506397 40833
 1400001	 0.22000718	 8736 13392 69365	 1 0.00392156862745098	 1 506611 40833
 1400495	 0.22000718	 8743 13406 69418	 1 0.00392156862745098	 1 507023 40833
 1401022	 0.8965517	 8750 13417 69465	 1 0.00392156862745098	 1 507111 40833
 1401527	 0.22000718	 8755 13426 69515	 1 0.00392156862745098	 1 507777 40833
 1402028	 0.22000718	 8767 13440 69566	 1 0.00392156862745098	 1 508229 40833
 1402501	 0.22000718	 8774 13451 69615	 1 0.00392156862745098	 1 508573 40833
 1402992	 0.22000718	 8782 13467 69664	 1 0.00392156862745098	 1 509445 40833
 1403501	 0.22000718	 8790 13478 69716	 1 0.00392156862745098	 1 510263 40833
 1404001	 0.22000718	 8802 13493 69769	 1 0.00392156862745098	 1 510585 40833
 1404528	 0.8965517	 8819 13521 69818	 0 0.00392156862745098	 1 510991 40833
 1405002	 0.22000718	 8836 13544 69864	 0 0.00392156862745098	 1 510991 40833
 1405495	 0.22000718	 8840 13558 69925	 0 0.00392156862745098	 1 510991 40833
 1413993	 0.22000718	 8858 13589 69989	 1 0.00392156862745098	 1 511347 40833
 1414516	 0.22000718	 8869 13606 70040	 1 0.00392156862745098	 1 511887 40833
 1415019	 0.22000718	 8876 13616 70090	 1 0.00392156862745098	 1 512101 40833
 1415498	 0.7241379	 8903 13647 70139	 1 0.00392156862745098	 1 512415 40833
 1415996	 0.3448276	 8933 13688 70191	 1 0.00392156862745098	 1 512905 40833
 1416495	 0.8965517	 8944 13705 70243	 1 0.00392156862745098	 1 513127 40833
 1417022	 0.8965517	 8948 13713 70289	 1 0.00392156862745098	 1 513701 40833
 1417496	 0.8965517	 8955 13723 70339	 1 0.00392156862745098	 1 513931 40833
 1417995	 0.22000718	 8963 13734 70390	 1 0.00392156862745098	 1 514313 40833
 1418514	 0.22000718	 8969 13745 70440	 1 0.00392156862745098	 1 514703 40833
 1419069	 0.8965517	 8977 13758 70493	 1 0.00392156862745098	 1 514887 40833
 1419507	 0.22000718	 8986 13769 70540	 1 0.00392156862745098	 1 515529 40833
 1420015	 0.22000718	 8990 13781 70590	 1 0.00392156862745098	 1 516263 40833
 1420504	 0.22000718	 8996 13793 70640	 1 0.00392156862745098	 1 516707 40833
 1421006	 0.8965517	 9002 13803 70689	 1 0.00392156862745098	 1 517373 40833
 1421505	 0.22000718	 9011 13817 70739	 1 0.00392156862745098	 1 517671 40833
 1422019	 0.22000718	 9018 13826 70789	 1 0.00392156862745098	 1 518527 40833
 1422519	 0.22000718	 9024 13836 70839	 1 0.00392156862745098	 1 519237 40833
 1423025	 0.22000718	 9030 13846 70889	 1 0.00392156862745098	 1 519581 40833
 1423530	 0.22000718	 9044 13863 70946	 1 0.00392156862745098	 1 520361 40833
 1424030	 0.22000718	 9054 13878 70989	 1 0.00392156862745098	 1 521019 40833
