up_time cpu_freq utime work_time total_time screen_on brightness wifi_on wifi_rx_bytes wifi_tx_bytes
 2384344	 0.22000718	 15635 24301 141505	 1 0.00392156862745098	 1 205127 35821
 2384851	 0.22000718	 15641 24312 141554	 1 0.00392156862745098	 1 205901 35821
 2385315	 0.22000718	 15665 24344 141605	 1 0.00392156862745098	 1 206131 35821
 2385815	 0.8965517	 15674 24357 141652	 1 0.00392156862745098	 1 206759 35821
 2386307	 0.8965517	 15717 24414 141719	 1 0.00392156862745098	 1 207433 35821
 2386834	 0.8965517	 15734 24436 141753	 1 0.00392156862745098	 1 207693 35821
 2387315	 0.22000718	 15763 24473 141804	 1 0.00392156862745098	 1 208359 35821
 2387845	 0.8965517	 15773 24491 141855	 1 0.00392156862745098	 1 208925 35821
 2388307	 0.22000718	 15782 24514 141904	 1 0.00392156862745098	 1 209563 35985
 2388815	 0.22000718	 15786 24524 141952	 1 0.00392156862745098	 1 210393 36055
 2389325	 0.22000718	 15791 24536 142002	 1 0.00392156862745098	 1 210949 36296
 2389805	 0.8965517	 15801 24547 142051	 1 0.00392156862745098	 1 214605 36436
 2390334	 0.8965517	 15814 24568 142110	 1 0.00392156862745098	 1 215455 36436
 2390822	 0.22000718	 15821 24579 142152	 1 0.00392156862745098	 1 221223 36716
 2391307	 0.8965517	 15836 24596 142203	 1 0.00392156862745098	 1 221583 36716
 2391833	 0.22000718	 15850 24616 142253	 1 0.00392156862745098	 1 230235 37136
 2392307	 0.22000718	 15862 24639 142303	 0 0.00392156862745098	 1 250185 37766
 2392825	 0.22000718	 15872 24654 142352	 0 0.00392156862745098	 1 250185 37766
 2393315	 0.22000718	 15878 24665 142399	 0 0.00392156862745098	 1 280897 38326
 2393802	 0.22000718	 15885 24674 142449	 0 0.00392156862745098	 1 280897 38326
 2394306	 0.22000718	 15896 24691 142505	 0 0.00392156862745098	 1 317193 39096
 2394827	 0.22000718	 15902 24701 142550	 0 0.00392156862745098	 1 317193 39096
 2395307	 0.22000718	 15906 24710 142600	 0 0.00392156862745098	 1 342321 39726
 2395803	 0.22000718	 15914 24718 142649	 0 0.00392156862745098	 1 342321 39726
 2396306	 0.22000718	 15918 24727 142698	 0 0.00392156862745098	 1 386993 40846
 2396806	 0.22000718	 15925 24739 142749	 0 0.00392156862745098	 1 410725 42158
 2397310	 0.22000718	 15936 24754 142797	 0 0.00392156862745098	 1 410725 42158
 2397806	 0.22000718	 15941 24766 142847	 0 0.00392156862745098	 1 433061 43458
 2398303	 0.22000718	 15946 24772 142895	 0 0.00392156862745098	 1 452605 43948
 2398816	 0.22000718	 15960 24791 142949	 0 0.00392156862745098	 1 454001 44018
 2399340	 0.8965517	 15965 24800 142997	 0 0.00392156862745098	 1 483317 44788
 2399814	 0.79310346	 15975 24819 143044	 1 0.00392156862745098	 1 483317 44788
 2400306	 0.8965517	 15982 24836 143098	 1 0.00392156862745098	 1 520523 45698
 2400810	 0.8965517	 15987 24846 143147	 1 0.00392156862745098	 1 521855 45698
 2401316	 0.22000718	 15992 24859 143197	 1 0.00392156862745098	 1 566757 46818
 2401816	 0.22000718	 15997 24870 143248	 1 0.00392156862745098	 1 567439 46818
 2402335	 0.22000718	 16008 24890 143300	 1 0.00392156862745098	 1 596969 47588
 2402806	 0.22000718	 16018 24907 143348	 1 0.00392156862745098	 1 597543 47588
 2403326	 0.22000718	 16031 24926 143399	 1 0.00392156862745098	 1 631767 48428
 2403815	 0.22000718	 16035 24936 143448	 1 0.00392156862745098	 1 661543 50150
 2404326	 0.22000718	 16041 24952 143499	 1 0.00392156862745098	 1 661949 50150
 2404828	 0.8965517	 16044 24965 143547	 1 0.00392156862745098	 1 678401 50874
 2405307	 0.22000718	 16052 24977 143598	 1 0.00392156862745098	 1 680279 50874
 2405816	 0.22000718	 16056 24987 143648	 1 0.00392156862745098	 1 704463 51504
 2406325	 0.22000718	 16067 25004 143702	 1 0.00392156862745098	 1 735359 52274
 2406816	 0.22000718	 16071 25016 143747	 1 0.00392156862745098	 1 751083 52624
 2407321	 0.22000718	 16080 25029 143796	 1 0.00392156862745098	 1 775405 53254
 2407835	 0.22000718	 16088 25039 143846	 1 0.00392156862745098	 1 820575 54304
 2408303	 0.8965517	 16100 25060 143892	 0 0.00392156862745098	 1 820989 54304
 2408834	 0.8965517	 16105 25075 143944	 0 0.00392156862745098	 1 848909 55004
 2409323	 0.22000718	 16113 25085 143994	 0 0.00392156862745098	 1 848909 55004
 2409827	 0.22000718	 16118 25096 144043	 0 0.00392156862745098	 1 887997 55984
 2410306	 0.22000718	 16123 25105 144093	 0 0.00392156862745098	 1 887997 55984
 2410815	 0.22000718	 16133 25122 144143	 0 0.00392156862745098	 1 932669 57104
 2411326	 0.22000718	 16140 25131 144193	 0 0.00392156862745098	 1 932669 57104
 2411821	 0.22000718	 16145 25142 144243	 0 0.00392156862745098	 1 977341 58224
 2412323	 0.22000718	 16150 25150 144293	 0 0.00392156862745098	 1 977341 58224
 2412815	 0.22000718	 16154 25162 144344	 0 0.00392156862745098	 1 1022013 59344
 2413315	 0.22000718	 16158 25171 144393	 0 0.00392156862745098	 1 1022013 59344
 2413805	 0.22000718	 16171 25189 144444	 0 0.00392156862745098	 1 1066685 60464
 2414329	 0.8965517	 16176 25200 144495	 0 0.00392156862745098	 1 1111357 61584
 2414821	 0.8965517	 16186 25213 144547	 0 0.00392156862745098	 1 1111357 61584
 2415306	 0.8965517	 16188 25223 144590	 0 0.00392156862745098	 1 1140778 62514
 2415816	 0.22000718	 16202 25243 144643	 1 0.00392156862745098	 1 1141628 62514
 2416325	 0.22000718	 16210 25256 144694	 1 0.00392156862745098	 1 1142098 62829
 2416835	 0.22000718	 16215 25267 144745	 1 0.00392156862745098	 1 1142550 62829
 2417329	 0.8965517	 16219 25278 144793	 1 0.00392156862745098	 1 1142550 62829
 2417825	 0.8965517	 16226 25288 144843	 1 0.00392156862745098	 1 1142894 62829
 2418349	 0.8965517	 16233 25299 144894	 1 0.00392156862745098	 1 1143162 62829
 2418907	 0.8965517	 16250 25320 144950	 1 0.00392156862745098	 1 1143484 63074
 2419330	 0.8965517	 16256 25329 144992	 1 0.00392156862745098	 1 1143916 63074
 2419839	 0.8965517	 16260 25342 145043	 1 0.00392156862745098	 1 1144590 63074
 2420316	 0.22000718	 16268 25353 145093	 1 0.00392156862745098	 1 1144896 63074
 2420815	 0.22000718	 16274 25366 145145	 1 0.00392156862745098	 1 1145478 63074
 2421316	 0.8965517	 16280 25377 145194	 1 0.00392156862745098	 1 1146022 63074
 2421833	 0.8965517	 16286 25389 145243	 1 0.00392156862745098	 1 1147556 63144
 2422336	 0.8965517	 16295 25399 145294	 1 0.00392156862745098	 1 1147916 63144
 2422806	 0.8965517	 16305 25413 145343	 1 0.00392156862745098	 1 1150892 63284
 2423307	 0.8965517	 16311 25424 145393	 1 0.00392156862745098	 1 1151076 63284
 2423825	 0.22000718	 16318 25436 145444	 1 0.00392156862745098	 1 1155486 63494
 2424334	 0.8965517	 16323 25446 145493	 1 0.00392156862745098	 1 1159942 63704
 2424816	 0.22000718	 16328 25459 145545	 1 0.00392156862745098	 1 1160194 63704
 2425306	 0.8965517	 16335 25469 145593	 1 0.00392156862745098	 1 1165938 63984
 2425814	 0.22000718	 16341 25481 145645	 1 0.00392156862745098	 1 1166206 63984
 2426325	 0.22000718	 16343 25490 145693	 1 0.00392156862745098	 1 1173492 64264
 2426806	 0.22000718	 16354 25506 145743	 1 0.00392156862745098	 1 1173584 64264
 2427317	 0.22000718	 16359 25518 145793	 1 0.00392156862745098	 1 1182282 64474
 2427829	 0.22000718	 16369 25533 145843	 1 0.00392156862745098	 1 1190842 64684
 2428319	 0.22000718	 16371 25543 145893	 1 0.00392156862745098	 1 1199356 64894
 2428827	 0.8965517	 16377 25556 145945	 1 0.00392156862745098	 1 1209740 65174
 2429329	 0.8965517	 16384 25567 145993	 1 0.00392156862745098	 1 1218668 65384
 2429833	 0.22000718	 16393 25580 146044	 1 0.00392156862745098	 1 1219020 65384
 2430340	 0.8965517	 16405 25596 146100	 1 0.00392156862745098	 1 1227902 65594
 2430837	 0.22000718	 16408 25607 146143	 1 0.00392156862745098	 1 1236760 65804
 2431306	 0.22000718	 16414 25618 146193	 1 0.00392156862745098	 1 1237082 65804
 2431838	 0.22000718	 16419 25629 146243	 1 0.00392156862745098	 1 1248678 66084
 2432315	 0.22000718	 16422 25639 146293	 1 0.00392156862745098	 1 1248862 66084
 2432806	 0.22000718	 16428 25651 146343	 1 0.00392156862745098	 1 1261854 66434
 2433333	 0.8965517	 16434 25660 146392	 1 0.00392156862745098	 1 1274846 66784
 2433830	 0.8965517	 16441 25673 146442	 1 0.00392156862745098	 1 1275160 66784
 2434327	 0.8965517	 16453 25693 146499	 1 0.00392156862745098	 1 1285476 67064
 2434831	 0.8965517	 16456 25702 146542	 1 0.00392156862745098	 1 1285614 67064
 2435315	 0.22000718	 16462 25713 146592	 1 0.00392156862745098	 1 1300262 67414
 2435816	 0.22000718	 16469 25726 146644	 1 0.00392156862745098	 1 1316244 67834
 2436326	 0.8965517	 16473 25736 146693	 1 0.00392156862745098	 1 1316458 67834
 2436824	 0.22000718	 16479 25749 146742	 1 0.00392156862745098	 1 1328222 68114
 2437325	 0.22000718	 16485 25761 146792	 1 0.00392156862745098	 1 1329132 68114
 2437815	 0.22000718	 16492 25778 146841	 1 0.00392156862745098	 1 1340744 68394
 2438306	 0.22000718	 16502 25795 146891	 1 0.00392156862745098	 1 1341746 68394
 2438833	 0.22000718	 16508 25809 146941	 1 0.00392156862745098	 1 1359064 68814
 2439306	 0.22000718	 16517 25822 146991	 1 0.00392156862745098	 1 1376030 69234
 2439852	 0.8965517	 16523 25837 147042	 1 0.00392156862745098	 1 1376294 69234
 2440306	 0.22000718	 16528 25849 147090	 1 0.00392156862745098	 1 1394594 69724
 2440815	 0.22000718	 16536 25861 147139	 1 0.00392156862745098	 1 1410034 70144
 2441331	 0.22000718	 16543 25871 147190	 1 0.00392156862745098	 1 1410386 70144
 2441826	 0.22000718	 16550 25884 147240	 1 0.00392156862745098	 1 1430282 70634
 2442333	 0.22000718	 16560 25901 147291	 1 0.00392156862745098	 1 1430420 70634
 2442818	 0.22000718	 16564 25914 147340	 1 0.00392156862745098	 1 1433778 70704
 2443328	 0.22000718	 16569 25925 147390	 1 0.00392156862745098	 1 1442476 71196
 2443837	 0.8965517	 16576 25935 147439	 1 0.00392156862745098	 1 1443134 71196
 2444342	 0.22000718	 16583 25948 147491	 1 0.00392156862745098	 1 1452314 71688
 2444816	 0.22000718	 16590 25959 147540	 1 0.00392156862745098	 1 1461050 72120
 2445315	 0.22000718	 16597 25971 147590	 1 0.00392156862745098	 1 1472570 72540
 2445806	 0.8965517	 16609 25990 147645	 1 0.00392156862745098	 1 1482816 72820
 2446333	 0.22000718	 16622 26007 147687	 1 0.00392156862745098	 1 1483038 72820
 2446815	 0.22000718	 16630 26018 147738	 1 0.00392156862745098	 1 1494696 73100
 2447304	 0.22000718	 16644 26036 147788	 1 0.00392156862745098	 1 1507612 73520
 2447836	 0.8965517	 16650 26048 147837	 1 0.00392156862745098	 1 1520618 73870
 2448341	 0.22000718	 16657 26060 147888	 1 0.00392156862745098	 1 1530994 74080
 2448832	 0.8965517	 16662 26071 147937	 1 0.00392156862745098	 1 1531208 74150
 2449306	 0.8965517	 16669 26082 147987	 1 0.00392156862745098	 1 1545482 74500
 2449805	 0.22000718	 16679 26099 148044	 1 0.00392156862745098	 1 1561424 74850
 2450333	 0.22000718	 16687 26110 148087	 1 0.00392156862745098	 1 1561646 74920
 2450815	 0.22000718	 16694 26121 148136	 1 0.00392156862745098	 1 1578918 75340
 2451316	 0.8965517	 16702 26135 148187	 1 0.00392156862745098	 1 1579216 75340
 2451826	 0.22000718	 16709 26149 148235	 1 0.00392156862745098	 1 1594886 75760
 2452316	 0.22000718	 16715 26160 148284	 1 0.00392156862745098	 1 1595116 75760
 2452842	 0.22000718	 16722 26173 148335	 1 0.00392156862745098	 1 1607864 76110
 2453337	 0.8965517	 16729 26183 148385	 1 0.00392156862745098	 1 1624708 76530
 2453815	 0.8965517	 16740 26200 148440	 1 0.00392156862745098	 1 1625094 76530
 2454306	 0.22000718	 16746 26213 148485	 1 0.00392156862745098	 1 1640916 76950
 2454826	 0.22000718	 16753 26228 148535	 1 0.00392156862745098	 1 1655324 77300
 2455306	 0.22000718	 16759 26238 148584	 1 0.00392156862745098	 1 1655798 77300
 2455815	 0.22000718	 16762 26248 148634	 1 0.00392156862745098	 1 1673044 77720
 2456315	 0.22000718	 16769 26258 148684	 1 0.00392156862745098	 1 1673848 77720
 2456805	 0.86206895	 16779 26277 148730	 1 0.00392156862745098	 1 1689174 78140
 2457306	 0.22000718	 16806 26314 148785	 1 0.00392156862745098	 1 1689786 78140
 2457819	 0.22000718	 16826 26338 148833	 1 0.00392156862745098	 1 1690154 78140
 2458306	 0.22000718	 16841 26366 148883	 1 0.00392156862745098	 1 1690744 78140
 2458842	 0.8965517	 16846 26379 148933	 1 0.00392156862745098	 1 1691364 78140
 2459323	 0.22000718	 16854 26389 148983	 1 0.00392156862745098	 1 1691486 78140
 2459832	 0.8965517	 16859 26398 149032	 1 0.00392156862745098	 1 1692022 78140
 2460316	 0.22000718	 16867 26408 149084	 1 0.00392156862745098	 1 1692672 78140
 2460819	 0.8965517	 16872 26421 149135	 1 0.00392156862745098	 1 1692810 78140
 2461333	 0.22000718	 16875 26434 149183	 1 0.00392156862745098	 1 1693392 78140
 2461806	 0.22000718	 16886 26448 149232	 1 0.00392156862745098	 1 1693698 78140
 2462315	 0.22000718	 16894 26459 149282	 1 0.00392156862745098	 1 1694264 78140
 2462808	 0.8965517	 16904 26482 149329	 1 0.00392156862745098	 1 1694920 78140
 2463315	 0.22000718	 16919 26520 149384	 1 0.00392156862745098	 1 1695394 78140
 2463802	 0.8965517	 16944 26558 149431	 1 0.00392156862745098	 1 1696334 78140
 2464306	 0.8965517	 16959 26582 149482	 1 0.00392156862745098	 1 1697038 78140
 2464825	 0.22000718	 16965 26592 149533	 1 0.00392156862745098	 1 1697420 78140
 2465327	 0.22000718	 16971 26606 149584	 1 0.00392156862745098	 1 1698344 78140
 2465827	 0.22000718	 16984 26622 149634	 1 0.00392156862745098	 1 1699010 78140
 2466325	 0.22000718	 16989 26635 149685	 1 0.00392156862745098	 1 1699362 78140
