up_time cpu_freq utime work_time total_time screen_on brightness wifi_on wifi_rx_bytes wifi_tx_bytes
 2629021	 0.8965517	 17426 27449 162139	 1 0.00392156862745098	 1 1806982 78338
 2629526	 0.8965517	 17444 27483 162189	 1 0.00392156862745098	 1 1807854 78338
 2629988	 0.22000718	 17458 27502 162237	 1 0.00392156862745098	 1 1808160 78338
 2630460	 0.8965517	 17475 27529 162286	 1 0.00392156862745098	 1 1808804 78338
 2630967	 0.22000718	 17499 27562 162337	 1 0.00392156862745098	 1 1809110 78338
 2631466	 0.22000718	 17505 27574 162388	 1 0.00392156862745098	 1 1809676 78338
 2631983	 0.3448276	 17526 27618 162438	 1 0.00392156862745098	 1 1809860 78416
 2632480	 0.22000718	 17530 27631 162488	 1 0.00392156862745098	 1 1810050 78727
 2632991	 0.22000718	 17538 27641 162536	 1 0.00392156862745098	 1 1810096 78727
 2633490	 0.22000718	 17543 27655 162587	 1 0.00392156862745098	 1 1814504 78937
 2633966	 0.22000718	 17547 27664 162635	 1 0.00392156862745098	 1 1823064 79357
 2634476	 0.22000718	 17552 27676 162687	 1 0.00392156862745098	 1 1834592 79917
 2634976	 0.22000718	 17557 27689 162736	 1 0.00392156862745098	 1 1844914 80127
 2635494	 0.22000718	 17564 27704 162786	 1 0.00392156862745098	 1 1845916 80197
 2635960	 0.8965517	 17584 27733 162843	 1 0.00392156862745098	 1 1859038 80547
 2636494	 0.8965517	 17589 27745 162883	 1 0.00392156862745098	 1 1872934 80897
 2636994	 0.8965517	 17594 27758 162933	 1 0.00392156862745098	 1 1886248 81247
 2637466	 0.22000718	 17602 27772 162985	 1 0.00392156862745098	 1 1899402 81597
 2637976	 0.22000718	 17605 27788 163034	 1 0.00392156862745098	 1 1915524 82017
 2638490	 0.22000718	 17613 27799 163082	 1 0.00392156862745098	 1 1932782 82437
 2638983	 0.22000718	 17620 27810 163132	 1 0.00392156862745098	 1 1939010 82577
 2639465	 0.22000718	 17625 27823 163182	 1 0.00392156862745098	 1 1947968 82787
 2639976	 0.22000718	 17638 27842 163238	 1 0.00392156862745098	 1 1965624 83207
 2640494	 0.22000718	 17642 27855 163283	 1 0.00392156862745098	 1 1984392 83697
 2640978	 0.8965517	 17651 27869 163332	 1 0.00392156862745098	 1 1995790 83977
 2641466	 0.22000718	 17667 27888 163389	 1 0.00392156862745098	 1 2003264 84387
 2641977	 0.22000718	 17675 27901 163434	 1 0.00392156862745098	 1 2003762 84387
 2642465	 0.22000718	 17682 27912 163482	 1 0.00392156862745098	 1 2010972 84785
 2642992	 0.22000718	 17688 27923 163531	 1 0.00392156862745098	 1 2018404 85135
 2643494	 0.8965517	 17696 27934 163582	 1 0.00392156862745098	 1 2021418 85275
 2643976	 0.22000718	 17710 27952 163640	 1 0.00392156862745098	 1 2025996 85521
 2644480	 0.22000718	 17718 27965 163683	 1 0.00392156862745098	 1 2030612 85767
 2644966	 0.22000718	 17724 27976 163732	 1 0.00392156862745098	 1 2035144 85989
 2645493	 0.22000718	 17730 27986 163782	 1 0.00392156862745098	 1 2041134 86269
 2645987	 0.8965517	 17736 27998 163832	 1 0.00392156862745098	 1 2055576 86829
 2646494	 0.22000718	 17744 28010 163883	 1 0.00392156862745098	 1 2063000 87039
 2646996	 0.22000718	 17754 28024 163934	 1 0.00392156862745098	 1 2072330 87249
 2647466	 0.22000718	 17758 28035 163982	 1 0.00392156862745098	 1 2082562 87529
 2647981	 0.22000718	 17769 28052 164038	 1 0.00392156862745098	 1 2094872 87879
 2648490	 0.22000718	 17773 28063 164083	 1 0.00392156862745098	 1 2109444 88229
 2648981	 0.22000718	 17780 28075 164131	 1 0.00392156862745098	 1 2118842 88509
 2649466	 0.22000718	 17785 28089 164181	 1 0.00392156862745098	 1 2129038 88789
 2649989	 0.22000718	 17792 28102 164231	 1 0.00392156862745098	 1 2143434 89139
 2650488	 0.22000718	 17800 28116 164283	 1 0.00392156862745098	 1 2155476 89419
 2650970	 0.8965517	 17805 28126 164330	 1 0.00392156862745098	 1 2164028 89817
 2651493	 0.8965517	 17814 28138 164380	 1 0.00392156862745098	 1 2178616 90601
 2651983	 0.22000718	 17821 28150 164429	 1 0.00392156862745098	 1 2190382 91161
 2652466	 0.22000718	 17833 28166 164477	 1 0.00392156862745098	 1 2197638 91441
 2652989	 0.22000718	 17842 28178 164526	 1 0.00392156862745098	 1 2207870 91721
 2653489	 0.22000718	 17852 28189 164575	 1 0.00392156862745098	 1 2219344 92001
 2653966	 0.22000718	 17858 28200 164625	 1 0.00392156862745098	 1 2230788 92421
 2654490	 0.22000718	 17865 28213 164676	 1 0.00392156862745098	 1 2241012 92561
 2654991	 0.22000718	 17878 28234 164725	 1 0.00392156862745098	 1 2254388 92981
 2655477	 0.22000718	 17885 28244 164774	 1 0.00392156862745098	 1 2265870 93261
 2655968	 0.22000718	 17894 28257 164826	 1 0.00392156862745098	 1 2277820 93541
 2656493	 0.22000718	 17909 28278 164875	 1 0.00392156862745098	 1 2289812 93821
 2656966	 0.22000718	 17913 28289 164924	 1 0.00392156862745098	 1 2301708 94101
 2657492	 0.22000718	 17919 28303 164975	 1 0.00392156862745098	 1 2315004 94521
 2657967	 0.22000718	 17927 28316 165023	 1 0.00392156862745098	 1 2330988 94941
 2658466	 0.8965517	 17933 28330 165075	 1 0.00392156862745098	 1 2344464 95291
 2659000	 0.22000718	 17941 28342 165122	 1 0.00392156862745098	 1 2367144 95921
 2659476	 0.22000718	 17950 28356 165174	 1 0.00392156862745098	 1 2394302 96621
 2659979	 0.22000718	 17961 28371 165224	 1 0.00392156862745098	 1 2408866 96971
 2660489	 0.22000718	 17973 28388 165272	 1 0.00392156862745098	 1 2426314 97485
 2660989	 0.22000718	 17981 28401 165322	 1 0.00392156862745098	 1 2440778 97835
 2661484	 0.8965517	 17986 28413 165373	 1 0.00392156862745098	 1 2472308 98675
 2661967	 0.22000718	 17993 28429 165423	 1 0.00392156862745098	 1 2492188 99165
 2662480	 0.22000718	 18001 28442 165474	 1 0.00392156862745098	 1 2513472 99795
 2662959	 0.3448276	 18009 28456 165519	 1 0.00392156862745098	 1 2513962 99795
 2663476	 0.22000718	 18016 28469 165573	 1 0.00392156862745098	 1 2517236 99865
 2663966	 0.22000718	 18022 28482 165623	 1 0.00392156862745098	 1 2518086 99865
 2664486	 0.8965517	 18036 28500 165680	 1 0.00392156862745098	 1 2519980 99935
 2664984	 0.22000718	 18044 28516 165721	 1 0.00392156862745098	 1 2521636 100005
 2665466	 0.22000718	 18052 28528 165773	 1 0.00392156862745098	 1 2524658 100169
 2665977	 0.8965517	 18061 28541 165823	 1 0.00392156862745098	 1 2527726 100333
 2666466	 0.22000718	 18070 28554 165874	 1 0.00392156862745098	 1 2532734 100543
 2666976	 0.8965517	 18076 28565 165921	 1 0.00392156862745098	 1 2537474 100753
 2667486	 0.22000718	 18082 28576 165971	 1 0.00392156862745098	 1 2543750 101033
 2667975	 0.22000718	 18090 28590 166022	 1 0.00392156862745098	 1 2549770 101313
 2668490	 0.22000718	 18104 28606 166077	 1 0.00392156862745098	 1 2555728 101523
 2668976	 0.22000718	 18110 28618 166121	 1 0.00392156862745098	 1 2564868 101733
 2669481	 0.22000718	 18114 28628 166171	 1 0.00392156862745098	 1 2574078 101943
 2669970	 0.22000718	 18120 28639 166221	 1 0.00392156862745098	 1 2584350 102153
 2670493	 0.8965517	 18125 28650 166269	 1 0.00392156862745098	 1 2594742 102433
 2670991	 0.22000718	 18130 28661 166320	 1 0.00392156862745098	 1 2605118 102713
 2671487	 0.22000718	 18135 28673 166369	 1 0.00392156862745098	 1 2616990 103063
 2671976	 0.22000718	 18144 28684 166419	 1 0.00392156862745098	 1 2627550 103343
 2672486	 0.22000718	 18158 28705 166478	 1 0.00392156862745098	 1 2646448 103903
 2672985	 0.22000718	 18167 28721 166521	 1 0.00392156862745098	 1 2652506 104043
 2673495	 0.8965517	 18174 28734 166570	 1 0.00392156862745098	 1 2665982 104393
 2673980	 0.8965517	 18180 28748 166619	 1 0.00392156862745098	 1 2677724 104673
 2674466	 0.22000718	 18185 28761 166669	 1 0.00392156862745098	 1 2689274 104953
 2674988	 0.22000718	 18192 28774 166720	 1 0.00392156862745098	 1 2700740 105421
 2675491	 0.22000718	 18203 28792 166770	 1 0.00392156862745098	 1 2714100 106147
 2675975	 0.22000718	 18211 28804 166820	 1 0.00392156862745098	 1 2721722 106497
 2676480	 0.22000718	 18216 28816 166868	 1 0.00392156862745098	 1 2729666 106847
 2676994	 0.22000718	 18231 28836 166919	 1 0.00392156862745098	 1 2737588 107197
 2677466	 0.22000718	 18238 28847 166968	 1 0.00392156862745098	 1 2737818 107197
 2677976	 0.22000718	 18245 28858 167019	 1 0.00392156862745098	 1 2740094 107267
 2678467	 0.8965517	 18250 28869 167067	 1 0.00392156862745098	 1 2743146 107337
 2678976	 0.22000718	 18256 28881 167118	 1 0.00392156862745098	 1 2747678 107477
 2679480	 0.22000718	 18261 28890 167166	 1 0.00392156862745098	 1 2753606 107617
 2679988	 0.22000718	 18269 28903 167218	 1 0.00392156862745098	 1 2760270 107757
 2680501	 0.8965517	 18278 28917 167265	 1 0.00392156862745098	 1 2783025 108465
 2680967	 0.8965517	 18290 28935 167316	 1 0.00392156862745098	 1 2783569 108465
 2681492	 0.22000718	 18297 28948 167366	 1 0.00392156862745098	 1 2783991 108920
 2681983	 0.22000718	 18305 28959 167415	 1 0.00392156862745098	 1 2788685 108990
 2682466	 0.8965517	 18311 28969 167465	 1 0.00392156862745098	 1 2795139 109270
 2682986	 0.22000718	 18320 28980 167515	 1 0.00392156862745098	 1 2800861 109550
 2683466	 0.22000718	 18328 28992 167566	 1 0.00392156862745098	 1 2807887 109900
 2683966	 0.22000718	 18335 29002 167615	 1 0.00392156862745098	 1 2816423 110110
 2684466	 0.22000718	 18340 29013 167665	 1 0.00392156862745098	 1 2826371 110390
 2684966	 0.8965517	 18354 29033 167725	 1 0.00392156862745098	 1 2844813 110810
 2685480	 0.22000718	 18360 29044 167766	 1 0.00392156862745098	 1 2845181 110880
 2685985	 0.8965517	 18365 29056 167815	 1 0.00392156862745098	 1 2867869 111440
 2686477	 0.22000718	 18371 29068 167865	 1 0.00392156862745098	 1 2880755 111720
 2687002	 0.8965517	 18379 29080 167915	 1 0.00392156862745098	 1 2881345 111790
 2687490	 0.22000718	 18385 29092 167965	 1 0.00392156862745098	 1 2884497 111860
 2687985	 0.22000718	 18393 29103 168015	 1 0.00392156862745098	 1 2885041 111860
 2688466	 0.22000718	 18402 29116 168066	 1 0.00392156862745098	 1 2886805 111930
 2688982	 0.22000718	 18420 29136 168119	 1 0.00392156862745098	 1 2894053 112070
 2689466	 0.22000718	 18424 29147 168163	 1 0.00392156862745098	 1 2901301 112350
 2689970	 0.22000718	 18433 29161 168215	 1 0.00392156862745098	 1 2908617 112560
 2690488	 0.22000718	 18439 29173 168265	 1 0.00392156862745098	 1 2917575 112770
 2690988	 0.22000718	 18444 29184 168313	 1 0.00392156862745098	 1 2926395 112980
 2691467	 0.8965517	 18447 29195 168363	 1 0.00392156862745098	 1 2934095 113190
 2691969	 0.22000718	 18455 29218 168415	 0 0.00392156862745098	 1 2944625 113470
 2692466	 0.22000718	 18464 29242 168463	 0 0.00392156862745098	 1 2944763 113540
 2692979	 0.22000718	 18469 29252 168511	 0 0.00392156862745098	 1 2954535 113890
 2693479	 0.22000718	 18480 29268 168562	 0 0.00392156862745098	 1 2964307 114170
 2693960	 0.22000718	 18484 29276 168611	 0 0.00392156862745098	 1 2964307 114170
 2694465	 0.22000718	 18487 29285 168661	 0 0.00392156862745098	 1 2974079 114450
 2694976	 0.22000718	 18494 29303 168711	 1 0.00392156862745098	 1 2982627 114882
 2695479	 0.22000718	 18506 29318 168763	 1 0.00392156862745098	 1 2989783 115232
 2695967	 0.8965517	 18512 29330 168813	 1 0.00392156862745098	 1 2998473 115652
 2696497	 0.22000718	 18519 29344 168864	 1 0.00392156862745098	 1 3007231 115862
 2696976	 0.8965517	 18526 29355 168914	 1 0.00392156862745098	 1 3019963 116212
 2697485	 0.8965517	 18536 29376 168971	 1 0.00392156862745098	 1 3033283 116562
 2697965	 0.22000718	 18545 29389 169013	 1 0.00392156862745098	 1 3033757 116562
 2698476	 0.22000718	 18550 29402 169063	 1 0.00392156862745098	 1 3045479 116842
 2698988	 0.8965517	 18557 29415 169113	 1 0.00392156862745098	 1 3059867 117192
 2699468	 0.8965517	 18563 29427 169162	 1 0.00392156862745098	 1 3074121 117542
 2699966	 0.22000718	 18571 29440 169215	 1 0.00392156862745098	 1 3087071 117892
 2700466	 0.22000718	 18579 29451 169264	 1 0.00392156862745098	 1 3087465 117892
 2700979	 0.22000718	 18588 29466 169312	 1 0.00392156862745098	 1 3100465 118242
 2701492	 0.22000718	 18599 29482 169368	 1 0.00392156862745098	 1 3116533 118662
 2701987	 0.8965517	 18612 29501 169418	 1 0.00392156862745098	 1 3129587 119012
 2702467	 0.22000718	 18618 29515 169464	 1 0.00392156862745098	 1 3130207 119012
 2702971	 0.8965517	 18626 29528 169512	 1 0.00392156862745098	 1 3144757 119432
 2703501	 0.8965517	 18638 29546 169564	 1 0.00392156862745098	 1 3159353 119922
 2703987	 0.8965517	 18642 29558 169613	 1 0.00392156862745098	 1 3173867 120272
 2704466	 0.22000718	 18650 29570 169663	 1 0.00392156862745098	 1 3194169 120762
 2704976	 0.22000718	 18656 29581 169712	 1 0.00392156862745098	 1 3194521 120762
 2705486	 0.22000718	 18667 29594 169762	 1 0.00392156862745098	 1 3211617 121182
 2705980	 0.22000718	 18679 29612 169811	 1 0.00392156862745098	 1 3233153 121742
 2706486	 0.22000718	 18684 29626 169861	 1 0.00392156862745098	 1 3257503 122372
 2706982	 0.8965517	 18692 29639 169907	 1 0.00392156862745098	 1 3284967 123072
 2707466	 0.8965517	 18701 29653 169960	 1 0.00392156862745098	 1 3323069 124052
 2707976	 0.8965517	 18722 29686 170009	 1 0.00392156862745098	 1 3323605 124052
 2708484	 0.22000718	 18738 29711 170061	 1 0.00392156862745098	 1 3324149 124052
 2708981	 0.8965517	 18755 29733 170110	 1 0.00392156862745098	 1 3325145 124052
 2709479	 0.22000718	 18769 29758 170159	 1 0.00392156862745098	 1 3325995 124052
 2709966	 0.8965517	 18781 29781 170212	 1 0.00392156862745098	 1 3326493 124052
 2710488	 0.8965517	 18804 29813 170260	 1 0.00392156862745098	 1 3327649 124052
 2710966	 0.8965517	 18815 29838 170309	 1 0.00392156862745098	 1 3328583 124052
 2711503	 0.8965517	 18839 29876 170360	 1 0.00392156862745098	 1 3329157 124052
 2711980	 0.8965517	 18845 29886 170409	 1 0.00392156862745098	 1 3329655 124052
 2712476	 0.8965517	 18850 29894 170458	 1 0.00392156862745098	 1 3329931 124052
 2712967	 0.8965517	 18858 29911 170508	 1 0.00392156862745098	 1 3330475 124052
