up_time cpu_freq utime work_time total_time screen_on brightness wifi_on wifi_rx_bytes wifi_tx_bytes
 4836481	 0.8965517	 46792 88491 307053	 1 0.00392156862745098	 1 49294832 5357934
 4836979	 0.8965517	 46819 88533 307100	 1 0.00392156862745098	 1 49295138 5357934
 4837412	 0.8965517	 46835 88560 307140	 1 0.00392156862745098	 1 49295276 5357934
 4837922	 0.8965517	 46841 88574 307191	 1 0.00392156862745098	 1 49295368 5357934
 4838390	 0.8965517	 46876 88621 307244	 1 0.00392156862745098	 1 49295544 5357934
 4838912	 0.8965517	 46918 88681 307304	 1 0.00392156862745098	 1 49295854 5358941
 4839385	 0.8965517	 46944 88718 307341	 1 0.00392156862745098	 1 49296403 5359089
 4839885	 0.8965517	 46973 88771 307394	 1 0.00392156862745098	 1 49303678 5361247
 4840400	 0.8965517	 47011 88824 307447	 1 0.00392156862745098	 1 49322068 5363011
 4840895	 0.8965517	 47046 88865 307488	 1 0.00392156862745098	 1 49333655 5363361
 4841388	 0.8965517	 47087 88915 307538	 1 0.00392156862745098	 1 49333693 5363361
 4841894	 0.8965517	 47141 88972 307595	 1 0.00392156862745098	 1 49333845 5363361
 4842385	 0.8965517	 47175 89016 307639	 1 0.00392156862745098	 1 49338385 5363571
 4842893	 0.8965517	 47215 89066 307689	 1 0.00392156862745098	 1 49341073 5363711
 4843389	 0.8965517	 47254 89119 307742	 1 0.00392156862745098	 1 49341379 5363711
 4843882	 0.8965517	 47289 89166 307789	 1 0.00392156862745098	 1 49342246 5364805
 4844388	 0.8965517	 47324 89217 307840	 1 0.00392156862745098	 1 49342992 5366582
 4844893	 0.8965517	 47363 89269 307892	 1 0.00392156862745098	 1 49343827 5368019
 4845387	 0.8965517	 47394 89315 307938	 1 0.00392156862745098	 1 49347160 5369745
 4845884	 0.8965517	 47424 89361 307990	 1 0.00392156862745098	 1 49348267 5371111
 4846388	 0.8965517	 47443 89385 308040	 1 0.00392156862745098	 1 49349299 5371381
 4846906	 0.8965517	 47466 89414 308090	 1 0.00392156862745098	 1 49349567 5371585
 4847398	 0.8965517	 47490 89446 308141	 1 0.00392156862745098	 1 49350287 5371861
 4847900	 0.8965517	 47502 89470 308189	 1 0.00392156862745098	 1 49351101 5371931
 4848447	 0.8965517	 47527 89518 308243	 1 0.00392156862745098	 1 49351299 5372088
 4848897	 0.8965517	 47536 89530 308289	 1 0.00392156862745098	 1 49351483 5372963
 4849401	 0.8965517	 47543 89545 308339	 1 0.00392156862745098	 1 49354209 5373079
 4849887	 0.8965517	 47560 89573 308393	 1 0.00392156862745098	 1 49365661 5373974
 4850398	 0.8965517	 47569 89592 308439	 1 0.00392156862745098	 1 49374718 5374556
 4850913	 0.8965517	 47581 89614 308488	 1 0.00392156862745098	 1 49402395 5377168
 4851426	 0.8965517	 47609 89658 308544	 1 0.00392156862745098	 1 49481778 5380556
 4851886	 0.8965517	 47619 89680 308582	 1 0.00392156862745098	 1 49541247 5382420
 4852386	 0.8965517	 47654 89730 308632	 1 0.00392156862745098	 1 49567491 5383482
 4852883	 0.8965517	 47697 89779 308681	 1 0.00392156862745098	 1 49594197 5385159
 4853401	 0.8965517	 47733 89824 308732	 1 0.00392156862745098	 1 49603317 5387250
 4853897	 0.8965517	 47761 89867 308785	 1 0.00392156862745098	 1 49623188 5391722
 4854422	 0.8965517	 47780 89902 308836	 1 0.00392156862745098	 1 49683839 5396523
 4854883	 0.8965517	 47814 89947 308883	 1 0.00392156862745098	 1 49729566 5401822
 4855387	 0.8965517	 47849 89996 308932	 1 0.00392156862745098	 1 49838605 5408759
 4855897	 0.8965517	 47885 90045 308981	 1 0.00392156862745098	 1 49881630 5418180
 4856403	 0.8965517	 47920 90095 309031	 1 0.00392156862745098	 1 49948109 5422507
 4856885	 0.8965517	 47959 90142 309078	 1 0.00392156862745098	 1 49981754 5428790
 4857389	 0.8965517	 47993 90191 309128	 1 0.00392156862745098	 1 50014414 5433245
 4857892	 0.8965517	 48041 90254 309191	 1 0.00392156862745098	 1 50113644 5448905
 4858387	 0.8965517	 48067 90291 309228	 1 0.00392156862745098	 1 50215518 5463044
 4858895	 0.8965517	 48105 90339 309276	 1 0.00392156862745098	 1 50326339 5470167
 4859386	 0.8965517	 48160 90405 309342	 1 0.00392156862745098	 1 50337910 5477647
 4859902	 0.8965517	 48179 90440 309377	 1 0.00392156862745098	 1 50360168 5479982
 4860401	 0.8965517	 48213 90487 309424	 1 0.00392156862745098	 1 50400352 5490000
 4860893	 0.8965517	 48233 90536 309473	 1 0.00392156862745098	 1 50464078 5498386
 4861383	 0.8965517	 48270 90587 309524	 1 0.00392156862745098	 1 50475154 5500811
 4861891	 0.8965517	 48308 90635 309572	 1 0.00392156862745098	 1 50487362 5501799
 4862406	 0.8965517	 48323 90663 309626	 1 0.00392156862745098	 1 50497526 5505570
 4862884	 0.8965517	 48360 90713 309679	 1 0.00392156862745098	 1 50504723 5510013
 4863410	 0.8965517	 48375 90745 309721	 1 0.00392156862745098	 1 50505454 5510265
 4863895	 0.8965517	 48389 90769 309771	 1 0.00392156862745098	 1 50519692 5512340
 4864387	 0.8965517	 48416 90812 309833	 1 0.00392156862745098	 1 50617080 5533228
 4864942	 0.8965517	 48438 90852 309876	 1 0.00392156862745098	 1 50661290 5547668
 4865390	 0.8965517	 48462 90891 309920	 1 0.00392156862745098	 1 50679034 5548390
 4865883	 0.8965517	 48511 90949 309978	 1 0.00392156862745098	 1 50681516 5549847
 4866443	 0.8965517	 48536 90987 310024	 1 0.00392156862745098	 1 50683877 5560198
 4866887	 0.8965517	 48550 91016 310070	 1 0.00392156862745098	 1 50754246 5565214
 4867383	 0.8965517	 48580 91054 310122	 1 0.00392156862745098	 1 50755602 5565494
 4867889	 0.8965517	 48607 91087 310170	 1 0.00392156862745098	 1 50757328 5568882
 4868406	 0.8965517	 48620 91106 310220	 1 0.00392156862745098	 1 50759464 5571256
 4868886	 0.8965517	 48637 91132 310270	 1 0.00392156862745098	 1 50765225 5572542
 4869387	 0.8965517	 48676 91179 310317	 1 0.00392156862745098	 1 50767065 5573990
 4869887	 0.8965517	 48715 91229 310367	 1 0.00392156862745098	 1 50785813 5579107
 4870382	 0.8965517	 48753 91279 310417	 1 0.00392156862745098	 1 50840615 5590951
 4870890	 0.8965517	 48794 91329 310467	 1 0.00392156862745098	 1 50915392 5597727
 4871393	 0.8965517	 48818 91377 310515	 1 0.00392156862745098	 1 51000993 5601930
 4871890	 0.8965517	 48859 91429 310567	 1 0.00392156862745098	 1 51001777 5605052
 4872386	 0.8965517	 48901 91483 310621	 1 0.00392156862745098	 1 51027716 5613169
 4872890	 0.8965517	 48936 91528 310666	 1 0.00392156862745098	 1 51030001 5620175
 4873399	 0.8965517	 48950 91558 310715	 1 0.00392156862745098	 1 51058817 5624458
 4873893	 0.8965517	 48990 91615 310780	 1 0.00392156862745098	 1 51076820 5629817
 4874393	 0.8965517	 49019 91651 310816	 1 0.00392156862745098	 1 51093488 5633517
 4874890	 0.8965517	 49047 91697 310862	 1 0.00392156862745098	 1 51141027 5643876
 4875384	 0.51724136	 49077 91740 310917	 1 0.00392156862745098	 1 51155802 5652261
 4875882	 0.8965517	 49110 91783 310962	 1 0.00392156862745098	 1 51165264 5654848
 4876382	 0.8965517	 49139 91833 311012	 1 0.00392156862745098	 1 51175252 5657851
 4876892	 0.8965517	 49171 91882 311062	 1 0.00392156862745098	 1 51189367 5661931
 4877383	 0.8965517	 49192 91933 311113	 1 0.00392156862745098	 1 51199488 5663850
 4877890	 0.8965517	 49221 91981 311161	 1 0.00392156862745098	 1 51208346 5669236
 4878387	 0.8965517	 49261 92030 311210	 1 0.00392156862745098	 1 51248131 5679845
 4878884	 0.8965517	 49290 92082 311262	 1 0.00392156862745098	 1 51292960 5685746
 4879406	 0.8965517	 49318 92131 311311	 1 0.00392156862745098	 1 51318778 5689041
 4879892	 0.8965517	 49345 92178 311358	 1 0.00392156862745098	 1 51323685 5690907
 4880383	 0.8965517	 49383 92236 311416	 1 0.00392156862745098	 1 51326180 5692715
 4880883	 0.8965517	 49409 92278 311459	 1 0.00392156862745098	 1 51326272 5692773
 4881383	 0.8965517	 49432 92326 311507	 1 0.00392156862745098	 1 51328650 5696189
 4881896	 0.8965517	 49459 92369 311565	 1 0.00392156862745098	 1 51337751 5704459
 4882383	 0.8965517	 49476 92398 311607	 1 0.00392156862745098	 1 51341472 5710638
 4882883	 0.8965517	 49512 92451 311660	 1 0.00392156862745098	 1 51350306 5714270
 4883386	 0.8965517	 49529 92476 311709	 1 0.00392156862745098	 1 51351249 5715557
 4883896	 0.22000718	 49539 92492 311760	 1 0.00392156862745098	 1 51352399 5715557
 4884408	 0.22000718	 49546 92507 311810	 1 0.00392156862745098	 1 51352705 5715557
 4884908	 0.8965517	 49554 92522 311860	 1 0.00392156862745098	 1 51353847 5715557
 4885396	 0.8965517	 49572 92544 311909	 1 0.00392156862745098	 1 51353935 5715557
 4885886	 0.8965517	 49588 92572 311959	 1 0.00392156862745098	 1 51354885 5715767
 4886400	 0.8965517	 49599 92587 312009	 1 0.00392156862745098	 1 51355207 5715977
 4886910	 0.8965517	 49612 92606 312064	 1 0.00392156862745098	 1 51356287 5715977
 4887388	 0.8965517	 49620 92623 312109	 1 0.00392156862745098	 1 51356539 5715977
 4887899	 0.8965517	 49628 92634 312160	 1 0.00392156862745098	 1 51356849 5716047
 4888385	 0.8965517	 49637 92654 312214	 1 0.00392156862745098	 1 51357997 5716117
 4888885	 0.22000718	 49643 92665 312260	 1 0.00392156862745098	 1 51359123 5716117
 4889385	 0.8965517	 49655 92680 312307	 1 0.00392156862745098	 1 51359261 5716117
 4889899	 0.8965517	 49675 92709 312358	 1 0.00392156862745098	 1 51379427 5717313
 4890396	 0.8965517	 49694 92737 312408	 1 0.00392156862745098	 1 51412221 5718337
 4890897	 0.8965517	 49708 92758 312456	 1 0.00392156862745098	 1 51460829 5725908
 4891389	 0.8965517	 49721 92783 312504	 1 0.00392156862745098	 1 51474264 5733916
 4891882	 0.8965517	 49736 92812 312554	 1 0.00392156862745098	 1 51496203 5743311
 4892385	 0.8965517	 49765 92857 312605	 1 0.00392156862745098	 1 51496631 5745764
 4892911	 0.8965517	 49783 92891 312655	 1 0.00392156862745098	 1 51499359 5747249
 4893418	 0.8965517	 49805 92923 312717	 1 0.00392156862745098	 1 51518091 5766385
 4893897	 0.8965517	 49834 92959 312753	 1 0.00392156862745098	 1 51560447 5768205
 4894394	 0.8965517	 49871 93011 312805	 1 0.00392156862745098	 1 51694057 5779455
 4894886	 0.8965517	 49902 93053 312860	 1 0.00392156862745098	 1 51701519 5784120
 4895391	 0.8965517	 49914 93071 312900	 1 0.00392156862745098	 1 51706351 5784412
 4895897	 0.8965517	 49943 93105 312953	 1 0.00392156862745098	 1 51708512 5786177
 4896416	 0.8965517	 49958 93124 313002	 1 0.00392156862745098	 1 51708886 5786177
 4896894	 0.3448276	 49990 93159 313051	 1 0.00392156862745098	 1 51711521 5787901
 4897384	 0.3448276	 50001 93174 313101	 1 0.00392156862745098	 1 51712577 5787901
 4897889	 0.8965517	 50013 93192 313150	 1 0.00392156862745098	 1 51716610 5788337
 4898392	 0.8965517	 50057 93243 313201	 1 0.00392156862745098	 1 51717857 5790671
 4898885	 0.8965517	 50080 93276 313253	 1 0.00392156862745098	 1 51722434 5794800
 4899389	 0.8965517	 50103 93305 313302	 1 0.00392156862745098	 1 51728132 5798948
 4899883	 0.8965517	 50151 93360 313357	 1 0.00392156862745098	 1 51728603 5799809
 4900382	 0.8965517	 50178 93405 313402	 1 0.00392156862745098	 1 51733404 5800299
 4900883	 0.8965517	 50202 93455 313452	 1 0.00392156862745098	 1 51733672 5800299
 4901389	 0.8965517	 50247 93509 313506	 1 0.00392156862745098	 1 51736696 5802504
 4901885	 0.8965517	 50281 93550 313550	 1 0.00392156862745098	 1 51738146 5802644
 4902386	 0.8965517	 50293 93581 313602	 1 0.00392156862745098	 1 51739507 5803287
 4902889	 0.8965517	 50316 93618 313653	 1 0.00392156862745098	 1 51739986 5804710
 4903383	 0.8965517	 50330 93641 313703	 1 0.00392156862745098	 1 51743272 5804826
 4903885	 0.8965517	 50348 93664 313753	 1 0.00392156862745098	 1 51755850 5805514
 4904391	 0.8965517	 50386 93712 313801	 1 0.00392156862745098	 1 51771072 5807509
 4904884	 0.8965517	 50421 93762 313851	 1 0.00392156862745098	 1 51791110 5808126
 4905393	 0.8965517	 50456 93812 313901	 1 0.00392156862745098	 1 51813727 5809023
 4905895	 0.8965517	 50476 93846 313953	 1 0.00392156862745098	 1 51823003 5813047
 4906403	 0.8965517	 50495 93873 314012	 1 0.00392156862745098	 1 51840778 5814292
 4906886	 0.8965517	 50526 93911 314050	 1 0.00392156862745098	 1 51847148 5818767
 4907385	 0.8965517	 50567 93961 314100	 1 0.00392156862745098	 1 51871250 5821471
 4907882	 0.8965517	 50615 94020 314162	 1 0.00392156862745098	 1 51911353 5828594
 4908382	 0.8965517	 50624 94041 314199	 1 0.00392156862745098	 1 51945234 5834439
 4908886	 0.8965517	 50648 94071 314248	 1 0.00392156862745098	 1 52010018 5838190
 4909382	 0.8965517	 50692 94122 314299	 1 0.00392156862745098	 1 52018065 5840696
 4909883	 0.8965517	 50736 94173 314350	 1 0.00392156862745098	 1 52029609 5843045
 4910391	 0.8965517	 50775 94220 314397	 1 0.00392156862745098	 1 52032838 5848421
 4910885	 0.8965517	 50817 94272 314449	 1 0.00392156862745098	 1 52060901 5849994
 4911476	 0.8965517	 50864 94329 314506	 1 0.00392156862745098	 1 52088580 5851601
 4911885	 0.8965517	 50902 94372 314549	 1 0.00392156862745098	 1 52089257 5853154
 4912392	 0.8965517	 50945 94422 314599	 1 0.00392156862745098	 1 52090309 5855663
 4912882	 0.8965517	 50994 94479 314656	 1 0.00392156862745098	 1 52095566 5858388
 4913391	 0.8965517	 51027 94521 314698	 1 0.00392156862745098	 1 52095842 5861237
 4913885	 0.8965517	 51061 94572 314749	 1 0.00392156862745098	 1 52098450 5865356
 4914391	 0.8965517	 51094 94621 314798	 1 0.00392156862745098	 1 52103197 5868274
 4914889	 0.8965517	 51129 94671 314848	 1 0.00392156862745098	 1 52114659 5868904
 4915387	 0.8965517	 51163 94721 314898	 1 0.00392156862745098	 1 52114789 5872710
 4915893	 0.8965517	 51188 94762 314948	 1 0.00392156862745098	 1 52120180 5874997
 4916383	 0.8965517	 51225 94812 314998	 1 0.00392156862745098	 1 52121286 5883447
 4916895	 0.8965517	 51250 94860 315050	 1 0.00392156862745098	 1 52128932 5884201
 4917388	 0.8965517	 51273 94907 315097	 1 0.00392156862745098	 1 52144452 5886215
 4917891	 0.8965517	 51287 94968 315158	 1 0.00392156862745098	 1 52150476 5887989
 4918383	 0.8965517	 51310 95007 315197	 1 0.00392156862745098	 1 52155281 5888479
 4918895	 0.8965517	 51333 95056 315246	 1 0.00392156862745098	 1 52166717 5889039
 4919382	 0.8965517	 51368 95127 315317	 1 0.00392156862745098	 1 52169128 5889794
 4919882	 0.8965517	 51380 95155 315345	 1 0.00392156862745098	 1 52174804 5890308
 4920389	 0.8965517	 51421 95204 315394	 1 0.00392156862745098	 1 52211809 5894910
 4920884	 0.8965517	 51464 95255 315445	 1 0.00392156862745098	 1 52217693 5896576
 4921384	 0.8965517	 51508 95305 315495	 1 0.00392156862745098	 1 52221001 5896750
 4921883	 0.8965517	 51551 95354 315544	 1 0.00392156862745098	 1 52225235 5897038
 4922386	 0.8965517	 51568 95380 315595	 1 0.00392156862745098	 1 52241276 5905182
 4922914	 0.8965517	 51587 95407 315644	 1 0.00392156862745098	 1 52244873 5909277
 4923409	 0.8965517	 51598 95424 315694	 1 0.00392156862745098	 1 52248816 5910181
 4923919	 0.8965517	 51612 95447 315745	 1 0.00392156862745098	 1 52249691 5911133
 4924382	 0.62068963	 51638 95493 315797	 1 0.00392156862745098	 1 52249939 5911413
 4924911	 0.8965517	 51645 95520 315845	 1 0.00392156862745098	 1 52250023 5911413
 4925394	 0.8965517	 51656 95553 315895	 1 0.00392156862745098	 1 52250115 5911413
