up_time cpu_freq utime work_time total_time screen_on brightness wifi_on wifi_rx_bytes wifi_tx_bytes
 5284726	 0.8965517	 52621 97080 328148	 1 0.00392156862745098	 1 52332061 5912601
 5285226	 0.8965517	 52633 97094 328202	 1 0.00392156862745098	 1 52332291 5912601
 5285706	 0.8965517	 52650 97118 328247	 1 0.00392156862745098	 1 52332383 5912601
 5286204	 0.8965517	 52659 97136 328298	 1 0.00392156862745098	 1 52332567 5912601
 5286688	 0.8965517	 52675 97163 328346	 1 0.00392156862745098	 1 52332705 5912601
 5287186	 0.8965517	 52728 97224 328407	 1 0.00392156862745098	 1 52332957 5912680
 5287680	 0.8965517	 52764 97263 328446	 1 0.00392156862745098	 1 52333179 5912680
 5288180	 0.8965517	 52806 97313 328496	 1 0.00392156862745098	 1 52333752 5912986
 5288687	 0.8965517	 52851 97362 328545	 1 0.00392156862745098	 1 52338286 5913624
 5289186	 0.8965517	 52902 97422 328605	 1 0.00392156862745098	 1 52338755 5914506
 5289680	 0.8965517	 52937 97461 328646	 1 0.00392156862745098	 1 52338981 5914576
 5290187	 0.8965517	 52984 97519 328705	 1 0.00392156862745098	 1 52339027 5914576
 5290685	 0.8965517	 53015 97559 328745	 1 0.00392156862745098	 1 52339073 5914576
 5291322	 0.8965517	 53062 97623 328809	 1 0.00392156862745098	 1 52339467 5914736
 5291680	 0.8965517	 53094 97662 328848	 1 0.00392156862745098	 1 52339737 5914794
 5292187	 0.8965517	 53131 97710 328897	 1 0.00392156862745098	 1 52344334 5915172
 5292693	 0.8965517	 53160 97757 328945	 1 0.00392156862745098	 1 52344753 5915776
 5293184	 0.8965517	 53182 97792 328996	 1 0.00392156862745098	 1 52349239 5916235
 5293684	 0.8965517	 53212 97839 329045	 1 0.00392156862745098	 1 52349898 5917083
 5294197	 0.8965517	 53238 97874 329096	 1 0.00392156862745098	 1 52359100 5918945
 5294684	 0.8965517	 53263 97924 329146	 1 0.00392156862745098	 1 52359865 5919928
 5295187	 0.3448276	 53297 97972 329198	 1 0.00392156862745098	 1 52360041 5922445
 5295703	 0.8965517	 53324 98006 329247	 1 0.00392156862745098	 1 52361485 5922593
 5296180	 0.8965517	 53341 98047 329295	 1 0.00392156862745098	 1 52364809 5923310
 5296694	 0.8965517	 53367 98096 329359	 1 0.00392156862745098	 1 52369747 5925931
 5297181	 0.8965517	 53392 98131 329395	 1 0.00392156862745098	 1 52371436 5927457
 5297686	 0.8965517	 53412 98176 329444	 1 0.00392156862745098	 1 52373429 5928235
 5298193	 0.8965517	 53427 98202 329496	 1 0.00392156862745098	 1 52373967 5929867
 5298723	 0.8965517	 53435 98219 329553	 1 0.00392156862745098	 1 52379054 5931487
 5299209	 0.8965517	 53459 98256 329597	 1 0.00392156862745098	 1 52382190 5933873
 5299681	 0.8965517	 53473 98288 329645	 1 0.00392156862745098	 1 52393044 5934664
 5300181	 0.8965517	 53505 98335 329695	 1 0.00392156862745098	 1 52410164 5935352
 5300684	 0.8965517	 53525 98369 329750	 1 0.00392156862745098	 1 52435568 5935982
 5301183	 0.8965517	 53535 98392 329796	 1 0.00392156862745098	 1 52488960 5937460
 5301693	 0.8965517	 53561 98438 329844	 1 0.00392156862745098	 1 52489112 5937622
 5302184	 0.8965517	 53567 98448 329896	 1 0.00392156862745098	 1 52492332 5937832
 5302696	 0.8965517	 53580 98467 329945	 1 0.00392156862745098	 1 52500022 5938252
 5303184	 0.8965517	 53589 98487 329995	 1 0.00392156862745098	 1 52514296 5938812
 5303709	 0.8965517	 53616 98527 330045	 1 0.00392156862745098	 1 52539654 5940951
 5304204	 0.8965517	 53632 98550 330087	 1 0.00392156862745098	 1 52550429 5942071
 5304687	 0.8965517	 53645 98590 330127	 1 0.00392156862745098	 1 52553538 5942579
 5305202	 0.8965517	 53657 98632 330169	 1 0.00392156862745098	 1 52556732 5943440
 5305697	 0.8965517	 53662 98660 330197	 1 0.00392156862745098	 1 52563283 5944107
 5306184	 0.8965517	 53666 98672 330209	 1 0.00392156862745098	 1 52576077 5944667
 5306693	 0.8965517	 53676 98701 330238	 1 0.00392156862745098	 1 52601025 5945297
 5307184	 0.8965517	 53681 98731 330268	 1 0.00392156862745098	 1 52626505 5946773
 5307711	 0.8965517	 53688 98751 330288	 1 0.00392156862745098	 1 52662651 5948089
 5308207	 0.8965517	 53698 98778 330315	 1 0.00392156862745098	 1 52663309 5948251
 5308704	 0.8965517	 53707 98808 330345	 1 0.00392156862745098	 1 52666445 5948461
 5309182	 0.8965517	 53727 98845 330382	 1 0.00392156862745098	 1 52686811 5949441
 5309684	 0.8965517	 53738 98876 330413	 1 0.00392156862745098	 1 52686949 5949441
 5310184	 0.8965517	 53744 98915 330452	 1 0.00392156862745098	 1 52757017 5951191
 5310683	 0.8965517	 53765 98952 330489	 1 0.00392156862745098	 1 52771089 5951689
 5311219	 0.8965517	 53773 98984 330521	 1 0.00392156862745098	 1 52771279 5951851
 5311704	 0.8965517	 53778 99020 330557	 1 0.00392156862745098	 1 52774743 5952061
 5312185	 0.8965517	 53788 99037 330574	 1 0.00392156862745098	 1 52774743 5952061
 5312680	 0.8965517	 53798 99065 330602	 1 0.00392156862745098	 1 52781225 5952411
 5313209	 0.8965517	 53810 99090 330652	 1 0.00392156862745098	 1 52781225 5952411
 5313697	 0.8965517	 53817 99108 330701	 1 0.00392156862745098	 1 52796627 5953041
 5314183	 0.8965517	 53833 99138 330758	 1 0.00392156862745098	 1 52820617 5954233
 5314707	 0.8965517	 53840 99148 330801	 1 0.00392156862745098	 1 52820677 5954395
 5315183	 0.8965517	 53846 99157 330850	 1 0.00392156862745098	 1 52823767 5954605
 5315704	 0.8965517	 53852 99168 330901	 1 0.00392156862745098	 1 52829959 5954955
 5316183	 0.8965517	 53878 99203 330949	 1 0.00392156862745098	 1 52842983 5955515
 5316711	 0.8965517	 53898 99235 331001	 1 0.00392156862745098	 1 52869305 5956145
 5317185	 0.8965517	 53906 99251 331049	 1 0.00392156862745098	 1 52898981 5957535
 5317681	 0.8965517	 53937 99299 331101	 1 0.00392156862745098	 1 52901096 5958986
 5318181	 0.8965517	 53970 99349 331151	 1 0.00392156862745098	 1 52901310 5959190
 5318680	 0.8965517	 53989 99387 331198	 1 0.00392156862745098	 1 52901356 5959190
 5319183	 0.8965517	 54006 99423 331250	 1 0.00392156862745098	 1 52901494 5959190
 5319684	 0.8965517	 54020 99447 331300	 1 0.00392156862745098	 1 52901816 5959857
 5320261	 0.8965517	 54032 99463 331355	 1 0.00392156862745098	 1 52902231 5960104
 5320691	 0.8965517	 54045 99480 331398	 1 0.00392156862745098	 1 52902463 5960174
 5321183	 0.8965517	 54054 99498 331451	 1 0.00392156862745098	 1 52902867 5960480
 5321691	 0.41379312	 54068 99519 331500	 1 0.00392156862745098	 1 52907206 5961679
 5322185	 0.8965517	 54087 99546 331552	 1 0.00392156862745098	 1 52907925 5962232
 5322684	 0.8965517	 54097 99561 331599	 1 0.00392156862745098	 1 52912271 5962780
 5323210	 0.8965517	 54114 99581 331650	 1 0.00392156862745098	 1 52912474 5963501
 5323693	 0.22000718	 54138 99615 331701	 1 0.00392156862745098	 1 52912927 5963748
 5324212	 0.8965517	 54149 99630 331751	 1 0.00392156862745098	 1 52913121 5963818
 5324696	 0.8965517	 54162 99651 331800	 1 0.00392156862745098	 1 52913205 5963818
 5325180	 0.8965517	 54190 99691 331849	 1 0.00392156862745098	 1 52913403 5963818
 5325685	 0.8965517	 54231 99734 331901	 1 0.00392156862745098	 1 52913693 5963818
 5326206	 0.8965517	 54261 99777 331951	 1 0.00392156862745098	 1 52913731 5963818
 5326720	 0.8965517	 54273 99798 332002	 1 0.00392156862745098	 1 52914067 5963818
 5327186	 0.8965517	 54309 99844 332048	 1 0.00392156862745098	 1 52914319 5963818
 5327691	 0.55172414	 54340 99889 332100	 1 0.00392156862745098	 1 52914457 5963818
 5328206	 0.22000718	 54362 99922 332151	 1 0.00392156862745098	 1 52915193 5963818
 5328704	 0.8965517	 54381 99951 332200	 1 0.00392156862745098	 1 52915285 5963818
 5329193	 0.8965517	 54387 99962 332251	 1 0.00392156862745098	 1 52915653 5963818
 5329703	 0.8965517	 54405 99984 332310	 1 0.00392156862745098	 1 52916013 5963818
 5330184	 0.6551724	 54432 100017 332349	 1 0.00392156862745098	 1 52916059 5963818
 5330683	 0.8965517	 54455 100049 332401	 1 0.00392156862745098	 1 52916243 5963818
 5331192	 0.22000718	 54476 100088 332451	 1 0.00392156862745098	 1 52916335 5963818
 5331702	 0.8965517	 54493 100117 332504	 1 0.00392156862745098	 1 52916657 5963818
 5332183	 0.8965517	 54503 100130 332551	 1 0.00392156862745098	 1 52917071 5963818
 5332683	 0.8965517	 54509 100140 332600	 1 0.00392156862745098	 1 52917255 5963818
 5333211	 0.8965517	 54514 100151 332651	 1 0.00392156862745098	 1 52917661 5963818
 5333694	 0.8965517	 54525 100167 332707	 1 0.00392156862745098	 1 52917891 5963818
 5334211	 0.8965517	 54530 100177 332751	 1 0.00392156862745098	 1 52917937 5963818
 5334682	 0.8965517	 54535 100187 332798	 1 0.00392156862745098	 1 52918305 5963818
 5335207	 0.8965517	 54560 100224 332850	 1 0.00392156862745098	 1 52918711 5963818
 5335683	 0.8965517	 54584 100256 332908	 1 0.00392156862745098	 1 52919079 5963818
 5336207	 0.22000718	 54601 100279 332950	 1 0.00392156862745098	 1 52919171 5963818
 5336683	 0.8965517	 54623 100314 333002	 1 0.00392156862745098	 1 52919523 5963818
 5337206	 0.22000718	 54645 100342 333050	 1 0.00392156862745098	 1 52919691 5963818
 5337802	 0.8965517	 54659 100365 333109	 1 0.00392156862745098	 1 52920035 5963818
 5338198	 0.8965517	 54672 100386 333150	 1 0.00392156862745098	 1 52920173 5963818
 5338714	 0.8965517	 54697 100423 333202	 1 0.00392156862745098	 1 52920357 5963818
 5339193	 0.8965517	 54718 100451 333250	 1 0.00392156862745098	 1 52920449 5963818
 5339683	 0.8965517	 54744 100485 333298	 1 0.00392156862745098	 1 52920495 5963818
 5340184	 0.8965517	 54762 100506 333349	 1 0.00392156862745098	 1 52920717 5963818
 5340693	 0.8965517	 54782 100535 333398	 1 0.00392156862745098	 1 52920717 5963818
 5341212	 0.8965517	 54804 100567 333449	 1 0.00392156862745098	 1 52921077 5963818
 5341681	 0.8965517	 54823 100594 333499	 1 0.00392156862745098	 1 52921253 5963818
 5342204	 0.8965517	 54833 100608 333550	 1 0.00392156862745098	 1 52921467 5963818
 5342680	 0.8965517	 54864 100656 333600	 1 0.00392156862745098	 1 52921605 5963905
 5343182	 0.8965517	 54903 100705 333649	 1 0.00392156862745098	 1 52922419 5963905
 5343710	 0.8965517	 54919 100732 333700	 1 0.00392156862745098	 1 52922511 5963983
 5344194	 0.8965517	 54921 100742 333749	 1 0.00392156862745098	 1 52922709 5964211
 5344704	 0.8965517	 54939 100769 333799	 1 0.00392156862745098	 1 52925985 5964421
 5345193	 0.8965517	 54945 100785 333850	 1 0.00392156862745098	 1 52927438 5964920
 5345714	 0.8965517	 54956 100799 333899	 1 0.00392156862745098	 1 52928196 5964920
 5346219	 0.8965517	 54978 100836 333951	 1 0.00392156862745098	 1 52928576 5979887
 5346683	 0.8965517	 54980 100852 333999	 1 0.00392156862745098	 1 52929244 5995441
 5347210	 0.8965517	 54984 100864 334047	 1 0.00392156862745098	 1 52930092 6025379
 5347683	 0.8965517	 54994 100884 334097	 1 0.00392156862745098	 1 52931038 6054372
 5348203	 0.8965517	 55001 100900 334146	 1 0.00392156862745098	 1 52931890 6083297
 5348683	 0.8965517	 55005 100914 334194	 1 0.00392156862745098	 1 52933234 6111619
 5349193	 0.8965517	 55009 100928 334243	 1 0.00392156862745098	 1 52935106 6141958
 5349685	 0.8965517	 55017 100943 334292	 1 0.00392156862745098	 1 52936432 6171694
 5350193	 0.8965517	 55031 100965 334343	 1 0.00392156862745098	 1 52938448 6202844
 5350700	 0.8965517	 55038 100977 334393	 1 0.00392156862745098	 1 52939094 6216194
 5351187	 0.22000718	 55044 100991 334442	 1 0.00392156862745098	 1 52940740 6247344
 5351715	 0.8965517	 55054 101009 334494	 1 0.00392156862745098	 1 52941580 6269594
 5352190	 0.8965517	 55057 101019 334538	 1 0.00392156862745098	 1 52943230 6296294
 5352691	 0.3448276	 55065 101036 334589	 1 0.00392156862745098	 1 52943650 6298519
 5353183	 0.8965517	 55072 101052 334642	 1 0.00392156862745098	 1 52945500 6302969
 5353684	 0.8965517	 55077 101061 334688	 1 0.00392156862745098	 1 52946024 6307419
 5354181	 0.8965517	 55099 101092 334736	 1 0.00392156862745098	 1 52947348 6309722
 5354709	 0.8965517	 55111 101107 334789	 1 0.00392156862745098	 1 52947794 6314400
 5355185	 0.8965517	 55131 101130 334843	 1 0.00392156862745098	 1 52953213 6322018
 5355705	 0.8965517	 55149 101157 334888	 1 0.00392156862745098	 1 52953439 6329739
 5356209	 0.8965517	 55154 101169 334938	 1 0.00392156862745098	 1 52954865 6341051
 5356715	 0.8965517	 55158 101179 334988	 1 0.00392156862745098	 1 52955932 6342425
 5357183	 0.8965517	 55173 101212 335043	 1 0.00392156862745098	 1 52958231 6347564
 5357694	 0.8965517	 55184 101233 335088	 1 0.00392156862745098	 1 52959093 6375844
 5358213	 0.8965517	 55190 101248 335137	 1 0.00392156862745098	 1 52960909 6439223
 5358694	 0.8965517	 55202 101280 335185	 1 0.00392156862745098	 1 52963647 6510589
 5359193	 0.8965517	 55218 101311 335242	 1 0.00392156862745098	 1 52971040 6580112
 5359680	 0.8965517	 55225 101329 335282	 1 0.00392156862745098	 1 52972335 6626337
 5360183	 0.8965517	 55234 101345 335333	 1 0.00392156862745098	 1 52974543 6639341
 5360702	 0.8965517	 55242 101358 335384	 1 0.00392156862745098	 1 52975655 6656309
 5361234	 0.8965517	 55250 101371 335435	 1 0.00392156862745098	 1 52976385 6660551
 5361684	 0.8965517	 55258 101383 335482	 1 0.00392156862745098	 1 52978265 6687417
 5362208	 0.8965517	 55265 101403 335531	 1 0.00392156862745098	 1 52980197 6784834
 5362685	 0.7586207	 55271 101425 335579	 1 0.00392156862745098	 1 52983357 6879615
 5363197	 0.8965517	 55291 101457 335631	 1 0.00392156862745098	 1 52984332 6879685
 5363683	 0.8965517	 55310 101491 335681	 1 0.00392156862745098	 1 52985892 6916465
 5364185	 0.8965517	 55318 101510 335732	 1 0.00392156862745098	 1 52987428 7002763
 5364697	 0.8965517	 55337 101544 335781	 1 0.00392156862745098	 1 52990230 7061074
 5365180	 0.7586207	 55357 101584 335829	 1 0.00392156862745098	 1 52991343 7079958
 5365693	 0.8965517	 55369 101611 335880	 1 0.00392156862745098	 1 52992927 7122159
 5366212	 0.8965517	 55377 101628 335930	 1 0.00392156862745098	 1 52994313 7160513
 5366686	 0.6551724	 55379 101643 335979	 1 0.00392156862745098	 1 52995974 7160583
 5367206	 0.8965517	 55390 101664 336029	 1 0.00392156862745098	 1 52996522 7190293
 5367684	 0.8965517	 55396 101683 336082	 1 0.00392156862745098	 1 52999062 7254946
 5368193	 0.8965517	 55408 101702 336129	 1 0.00392156862745098	 1 52999818 7269704
 5368684	 0.8965517	 55417 101728 336178	 1 0.00392156862745098	 1 53001341 7271807
 5369185	 0.8965517	 55429 101748 336224	 1 0.00392156862745098	 1 53002185 7322422
 5369705	 0.8965517	 55439 101770 336278	 1 0.00392156862745098	 1 53008407 7378814
 5370212	 0.8965517	 55454 101792 336326	 1 0.00392156862745098	 1 53010086 7418927
 5370680	 0.7241379	 55461 101807 336375	 1 0.00392156862745098	 1 53011512 7419314
 5371184	 0.8965517	 55492 101853 336424	 1 0.00392156862745098	 1 53012674 7422158
 5371694	 0.8965517	 55516 101886 336475	 1 0.00392156862745098	 1 53013136 7461355
 5372180	 0.79310346	 55529 101914 336524	 1 0.00392156862745098	 1 53015832 7526932
 5372710	 0.8965517	 55538 101930 336577	 1 0.00392156862745098	 1 53017761 7527002
 5373179	 0.8965517	 55563 101975 336624	 1 0.00392156862745098	 1 53018405 7531260
 5373705	 0.8965517	 55576 101993 336675	 1 0.00392156862745098	 1 53019363 7569476
 5374183	 0.8965517	 55584 102015 336724	 1 0.00392156862745098	 1 53021963 7624080
 5374704	 0.8965517	 55595 102032 336773	 1 0.00392156862745098	 1 53023233 7673030
 5375195	 0.22000718	 55606 102057 336824	 1 0.00392156862745098	 1 53025583 7729466
 5375684	 0.8965517	 55610 102074 336873	 1 0.00392156862745098	 1 53027307 7791766
 5376200	 0.8965517	 55619 102092 336922	 1 0.00392156862745098	 1 53030711 7857705
 5376708	 0.8965517	 55629 102109 336974	 1 0.00392156862745098	 1 53032247 7901602
 5377194	 0.8965517	 55636 102123 337024	 1 0.00392156862745098	 1 53033395 7901602
 5377684	 0.8965517	 55657 102163 337071	 1 0.00392156862745098	 1 53034258 7910380
 5378218	 0.8965517	 55665 102178 337123	 1 0.00392156862745098	 1 53036482 7945560
 5378693	 0.8965517	 55674 102195 337173	 1 0.00392156862745098	 1 53037664 7995111
 5379193	 0.8965517	 55687 102214 337223	 1 0.00392156862745098	 1 53039474 8017462
 5379685	 0.8965517	 55693 102223 337273	 1 0.00392156862745098	 1 53040345 8017532
 5380197	 0.8965517	 55705 102260 337322	 1 0.00392156862745098	 1 53041523 8026843
 5380715	 0.8965517	 55711 102272 337372	 1 0.00392156862745098	 1 53042225 8062231
 5381202	 0.8965517	 55723 102296 337421	 1 0.00392156862745098	 1 53044263 8117298
 5381684	 0.8965517	 55729 102312 337468	 1 0.00392156862745098	 1 53045539 8177581
 5382184	 0.8965517	 55735 102328 337518	 1 0.00392156862745098	 1 53047637 8226531
 5382694	 0.8965517	 55743 102344 337566	 1 0.00392156862745098	 1 53049353 8288831
 5383197	 0.8965517	 55754 102366 337618	 1 0.00392156862745098	 1 53050889 8325845
 5383682	 0.8965517	 55761 102382 337668	 1 0.00392156862745098	 1 53052577 8366706
 5384205	 0.8965517	 55767 102394 337717	 1 0.00392156862745098	 1 53054923 8404531
 5384687	 0.8965517	 55775 102407 337766	 1 0.00392156862745098	 1 53055881 8453481
 5385208	 0.22000718	 55787 102426 337817	 1 0.00392156862745098	 1 53057695 8484631
 5385690	 0.22000718	 55794 102436 337866	 1 0.00392156862745098	 1 53058791 8499395
 5386213	 0.8965517	 55801 102449 337916	 1 0.00392156862745098	 1 53060137 8544959
 5386684	 0.8965517	 55807 102461 337965	 1 0.00392156862745098	 1 53060649 8555273
 5387207	 0.22000718	 55820 102482 338015	 1 0.00392156862745098	 1 53062531 8611639
 5387687	 0.8965517	 55823 102506 338062	 1 0.00392156862745098	 1 53064115 8627993
 5388196	 0.51724136	 55832 102526 338113	 1 0.00392156862745098	 1 53065270 8628063
 5388685	 0.8965517	 55866 102572 338165	 1 0.00392156862745098	 1 53065592 8628063
 5389202	 0.8965517	 55885 102597 338215	 1 0.00392156862745098	 1 53065776 8628063
 5389703	 0.22000718	 55894 102607 338264	 1 0.00392156862745098	 1 53065898 8628063
 5390188	 0.8965517	 55909 102630 338311	 1 0.00392156862745098	 1 53065936 8628063
 5390683	 0.8965517	 55932 102662 338363	 1 0.00392156862745098	 1 53066066 8628141
 5391183	 0.8965517	 55944 102677 338413	 1 0.00392156862745098	 1 53066478 8628369
 5391692	 0.8965517	 55967 102708 338462	 1 0.00392156862745098	 1 53070776 8628847
 5392187	 0.8965517	 55996 102746 338513	 1 0.00392156862745098	 1 53070979 8628917
 5392704	 0.8965517	 56007 102769 338565	 1 0.00392156862745098	 1 53071540 8629815
 5393183	 0.8965517	 56017 102784 338613	 1 0.00392156862745098	 1 53071914 8629815
 5393693	 0.8965517	 56026 102798 338664	 1 0.00392156862745098	 1 53072090 8629815
 5394181	 0.8965517	 56043 102828 338711	 1 0.00392156862745098	 1 53072182 8629815
 5394708	 0.8965517	 56063 102853 338764	 1 0.00392156862745098	 1 53072758 8629955
 5395183	 0.8965517	 56091 102890 338814	 1 0.00392156862745098	 1 53072934 8629955
 5395684	 0.8965517	 56101 102905 338863	 1 0.00392156862745098	 1 53073118 8629955
 5396206	 0.22000718	 56110 102918 338913	 1 0.00392156862745098	 1 53073210 8629955
 5396713	 0.8965517	 56126 102940 338964	 1 0.00392156862745098	 1 53073302 8629955
