

1575684 + Lcom/fsck/k9/activity/setup/AccountSettings; onResume
1575700 - Lcom/fsck/k9/activity/setup/AccountSettings; onResume
1576800 + Lcom/fsck/k9/service/MailService; onCreate
1576803 - Lcom/fsck/k9/service/MailService; onCreate
1576852 + Lcom/fsck/k9/service/MailService; onDestroy
1576852 - Lcom/fsck/k9/service/MailService; onDestroy
Ljava/net/Socket;->connectV
Ljava/net/Socket;->closeV
Ljava/net/Socket;->connectV
1579377 + Lcom/fsck/k9/service/MailService; onCreate
1579378 - Lcom/fsck/k9/service/MailService; onCreate
Ljava/net/Socket;->closeV
Ljava/net/Socket;->closeV
Ljava/net/Socket;->closeV
1579449 + Lcom/fsck/k9/activity/MessageList; onResume
1579452 + Lcom/fsck/k9/K9Activity; onResume
1579453 - Lcom/fsck/k9/K9Activity; onResume
Ljava/net/Socket;->connectV
1579822 - Lcom/fsck/k9/activity/MessageList; onResume
1579903 + Lcom/fsck/k9/service/MailService; onDestroy
1579904 - Lcom/fsck/k9/service/MailService; onDestroy
Ljava/net/Socket;->closeV
Ljava/net/Socket;->connectV
Ljava/net/Socket;->connectV
Ljava/net/Socket;->connectV
Ljava/net/Socket;->connectV
Ljava/net/Socket;->connectV
Ljava/net/Socket;->connectV
Ljava/net/Socket;->connectV
Ljava/net/Socket;->connectV
Ljava/net/Socket;->connectV
Ljava/net/Socket;->closeV
Ljava/net/Socket;->closeV
Ljava/net/Socket;->closeV
Ljava/net/Socket;->closeV
Ljava/net/Socket;->closeV
Ljava/net/Socket;->closeV
Ljava/net/Socket;->closeV
Ljava/net/Socket;->closeV
Ljava/net/Socket;->connectV
1582814 + Lcom/fsck/k9/activity/MessageList; onOptionsItemSelected Compose
Ljava/net/Socket;->closeV
Ljava/net/Socket;->closeV
1582889 - Lcom/fsck/k9/activity/MessageList; onOptionsItemSelected
1582919 + Lcom/fsck/k9/activity/MessageList; onSaveInstanceState
1582921 - Lcom/fsck/k9/activity/MessageList; onSaveInstanceState
1582922 + Lcom/fsck/k9/activity/MessageList; onPause
1582926 - Lcom/fsck/k9/activity/MessageList; onPause
1582942 + Lcom/fsck/k9/activity/MessageCompose; onCreate
1582943 + Lcom/fsck/k9/K9Activity; onCreate
1582945 - Lcom/fsck/k9/K9Activity; onCreate
1583253 - Lcom/fsck/k9/activity/MessageCompose; onCreate
1583259 + Lcom/fsck/k9/activity/MessageCompose; onResume
1583259 + Lcom/fsck/k9/K9Activity; onResume
1583262 - Lcom/fsck/k9/K9Activity; onResume
1583263 - Lcom/fsck/k9/activity/MessageCompose; onResume
Ljava/net/Socket;->connectV
Ljava/net/Socket;->closeV
Ljava/net/Socket;->connectV
Ljava/net/Socket;->connectV
Ljava/net/Socket;->connectV
Ljava/net/Socket;->connectV
Ljava/net/Socket;->connectV
Ljava/net/Socket;->connectV
Ljava/net/Socket;->connectV
1585255 + Lcom/fsck/k9/activity/MessageCompose; onPause
1585257 - Lcom/fsck/k9/activity/MessageCompose; onPause
1585313 + Lcom/fsck/k9/activity/MessageList; onResume
1585313 + Lcom/fsck/k9/K9Activity; onResume
Ljava/net/Socket;->closeV
1585332 - Lcom/fsck/k9/K9Activity; onResume
Ljava/net/Socket;->connectV
Ljava/net/Socket;->connectV
Ljava/net/Socket;->closeV
1586459 - Lcom/fsck/k9/activity/MessageList; onResume
Ljava/net/Socket;->closeV
Ljava/net/Socket;->closeV
Ljava/net/Socket;->closeV
Ljava/net/Socket;->closeV
Ljava/net/Socket;->closeV
Ljava/net/Socket;->closeV
Ljava/net/Socket;->closeV
Ljava/net/Socket;->connectV
Ljava/net/Socket;->closeV
Ljava/net/Socket;->connectV
Ljava/net/Socket;->connectV
1591020 + Lcom/fsck/k9/activity/MessageList; onOptionsItemSelected Sort by...
1591021 - Lcom/fsck/k9/activity/MessageList; onOptionsItemSelected
Ljava/net/Socket;->closeV
Ljava/net/Socket;->closeV
Ljava/net/Socket;->connectV
Ljava/net/Socket;->connectV
Ljava/net/Socket;->connectV
Ljava/net/Socket;->connectV
Ljava/net/Socket;->connectV
Ljava/net/Socket;->connectV
Ljava/net/Socket;->connectV
Ljava/net/Socket;->connectV
Ljava/net/Socket;->connectV
1593327 + Lcom/fsck/k9/activity/MessageList; onOptionsItemSelected Subject
1593376 - Lcom/fsck/k9/activity/MessageList; onOptionsItemSelected
Ljava/net/Socket;->closeV
Ljava/net/Socket;->closeV
Ljava/net/Socket;->closeV
Ljava/net/Socket;->closeV
Ljava/net/Socket;->closeV
Ljava/net/Socket;->closeV
Ljava/net/Socket;->closeV
Ljava/net/Socket;->closeV
1595344 + Lcom/fsck/k9/activity/MessageList; onOptionsItemSelected Batch Ops
1595344 - Lcom/fsck/k9/activity/MessageList; onOptionsItemSelected
1596409 + Lcom/fsck/k9/activity/MessageList; onOptionsItemSelected Select all
1596419 - Lcom/fsck/k9/activity/MessageList; onOptionsItemSelected
1597305 + Lcom/fsck/k9/activity/MessageList; onClick android.widget.Button@4406bf40
1597313 - Lcom/fsck/k9/activity/MessageList; onClick
1599037 + Lcom/fsck/k9/activity/MessageList; onOptionsItemSelected Folder list
1599103 - Lcom/fsck/k9/activity/MessageList; onOptionsItemSelected
1599131 + Lcom/fsck/k9/activity/MessageList; onPause
1599131 - Lcom/fsck/k9/activity/MessageList; onPause
1599146 + Lcom/fsck/k9/activity/FolderList; onCreate
1599149 + Lcom/fsck/k9/K9ListActivity; onCreate
1599151 - Lcom/fsck/k9/K9ListActivity; onCreate
1599174 - Lcom/fsck/k9/activity/FolderList; onCreate
1599175 + Lcom/fsck/k9/activity/FolderList; onResume
1599175 + Lcom/fsck/k9/K9ListActivity; onResume
1599177 - Lcom/fsck/k9/K9ListActivity; onResume
1599221 - Lcom/fsck/k9/activity/FolderList; onResume
1600226 + Lcom/fsck/k9/activity/FolderList$2; onItemClick android.widget.ListView@4424cd78
1600249 - Lcom/fsck/k9/activity/FolderList$2; onItemClick
1600250 + Lcom/fsck/k9/activity/FolderList; onSaveInstanceState
1600262 - Lcom/fsck/k9/activity/FolderList; onSaveInstanceState
1600262 + Lcom/fsck/k9/activity/FolderList; onPause
1600263 - Lcom/fsck/k9/activity/FolderList; onPause
1600301 + Lcom/fsck/k9/activity/MessageList; onCreate
1600302 + Lcom/fsck/k9/K9Activity; onCreate
1600304 - Lcom/fsck/k9/K9Activity; onCreate
1600325 - Lcom/fsck/k9/activity/MessageList; onCreate
1600326 + Lcom/fsck/k9/activity/MessageList; onResume
1600326 + Lcom/fsck/k9/K9Activity; onResume
1600328 - Lcom/fsck/k9/K9Activity; onResume
1600497 - Lcom/fsck/k9/activity/MessageList; onResume
1601564 + Lcom/fsck/k9/activity/MessageList; onCreateOptionsMenu com.android.internal.view.menu.MenuBuilder@44284ec0
1601597 - Lcom/fsck/k9/activity/MessageList; onCreateOptionsMenu
Ljava/net/Socket;->connectV
1602500 + Lcom/fsck/k9/activity/MessageList; onOptionsItemSelected Check mail
1602502 - Lcom/fsck/k9/activity/MessageList; onOptionsItemSelected
Ljava/net/Socket;->connectV
Ljava/net/Socket;->connectV
Ljava/net/Socket;->connectV
Ljava/net/Socket;->connectV
Ljava/net/Socket;->connectV
Ljava/net/Socket;->connectV
Ljava/net/Socket;->connectV
Ljava/net/Socket;->connectV
Ljava/net/Socket;->closeV
Ljava/net/Socket;->closeV
Ljava/net/Socket;->closeV
Ljava/net/Socket;->closeV
Ljava/net/Socket;->closeV
Ljava/net/Socket;->closeV
Ljava/net/Socket;->closeV
Ljava/net/Socket;->closeV
1608088 + Lcom/fsck/k9/activity/MessageList; onOptionsItemSelected Folder settings
1608101 - Lcom/fsck/k9/activity/MessageList; onOptionsItemSelected
1608113 + Lcom/fsck/k9/activity/MessageList; onSaveInstanceState
1608119 - Lcom/fsck/k9/activity/MessageList; onSaveInstanceState
1608121 + Lcom/fsck/k9/activity/MessageList; onPause
1608126 - Lcom/fsck/k9/activity/MessageList; onPause
1608139 + Lcom/fsck/k9/activity/setup/FolderSettings; onCreate
1608139 + Lcom/fsck/k9/K9PreferenceActivity; onCreate
1608148 - Lcom/fsck/k9/K9PreferenceActivity; onCreate
1608176 - Lcom/fsck/k9/activity/setup/FolderSettings; onCreate
1608177 + Lcom/fsck/k9/activity/setup/FolderSettings; onResume
1608177 - Lcom/fsck/k9/activity/setup/FolderSettings; onResume
1611290 + Lcom/fsck/k9/service/MailService; onCreate
1611291 - Lcom/fsck/k9/service/MailService; onCreate
1611317 + Lcom/fsck/k9/activity/MessageList; onResume
1611318 + Lcom/fsck/k9/K9Activity; onResume
1611321 - Lcom/fsck/k9/K9Activity; onResume
Ljava/net/Socket;->closeV
Ljava/net/Socket;->closeV
Ljava/net/Socket;->connectV
Ljava/net/Socket;->connectV
Ljava/net/Socket;->connectV
Ljava/net/Socket;->connectV
Ljava/net/Socket;->connectV
Ljava/net/Socket;->connectV
Ljava/net/Socket;->connectV
Ljava/net/Socket;->connectV
Ljava/net/Socket;->connectV
Ljava/net/Socket;->connectV
1611862 - Lcom/fsck/k9/activity/MessageList; onResume
1611963 + Lcom/fsck/k9/service/MailService; onDestroy
1611963 - Lcom/fsck/k9/service/MailService; onDestroy
Ljava/net/Socket;->closeV
1613548 + Lcom/fsck/k9/activity/MessageList; onOptionsItemSelected Compose
1613565 - Lcom/fsck/k9/activity/MessageList; onOptionsItemSelected
1613609 + Lcom/fsck/k9/activity/MessageList; onSaveInstanceState
1613612 - Lcom/fsck/k9/activity/MessageList; onSaveInstanceState
1613616 + Lcom/fsck/k9/activity/MessageList; onPause
1613617 - Lcom/fsck/k9/activity/MessageList; onPause
1613645 + Lcom/fsck/k9/activity/MessageCompose; onCreate
1613646 + Lcom/fsck/k9/K9Activity; onCreate
1613647 - Lcom/fsck/k9/K9Activity; onCreate
Ljava/net/Socket;->closeV
Ljava/net/Socket;->closeV
Ljava/net/Socket;->closeV
Ljava/net/Socket;->closeV
Ljava/net/Socket;->closeV
Ljava/net/Socket;->closeV
1613952 - Lcom/fsck/k9/activity/MessageCompose; onCreate
1613962 + Lcom/fsck/k9/activity/MessageCompose; onResume
1613963 + Lcom/fsck/k9/K9Activity; onResume
1613964 - Lcom/fsck/k9/K9Activity; onResume
1613965 - Lcom/fsck/k9/activity/MessageCompose; onResume
Ljava/net/Socket;->closeV
Ljava/net/Socket;->closeV
1615994 + Lcom/fsck/k9/activity/MessageCompose; onPause
1615995 - Lcom/fsck/k9/activity/MessageCompose; onPause
1616017 + Lcom/fsck/k9/activity/MessageList; onResume
1616017 + Lcom/fsck/k9/K9Activity; onResume
1616019 - Lcom/fsck/k9/K9Activity; onResume
Ljava/net/Socket;->connectV
Ljava/net/Socket;->connectV
1616267 - Lcom/fsck/k9/activity/MessageList; onResume
Ljava/net/Socket;->connectV
Ljava/net/Socket;->connectV
Ljava/net/Socket;->connectV
Ljava/net/Socket;->connectV
Ljava/net/Socket;->connectV
Ljava/net/Socket;->connectV
Ljava/net/Socket;->connectV
Ljava/net/Socket;->closeV
Ljava/net/Socket;->closeV
Ljava/net/Socket;->closeV
Ljava/net/Socket;->closeV
Ljava/net/Socket;->closeV
Ljava/net/Socket;->closeV
1618425 + Lcom/fsck/k9/activity/MessageList; onOptionsItemSelected Sort by...
1618434 - Lcom/fsck/k9/activity/MessageList; onOptionsItemSelected
Ljava/net/Socket;->closeV
Ljava/net/Socket;->closeV
1620685 + Lcom/fsck/k9/activity/MessageList; onOptionsItemSelected Date
1620700 - Lcom/fsck/k9/activity/MessageList; onOptionsItemSelected
1622410 + Lcom/fsck/k9/activity/MessageList; onOptionsItemSelected Batch Ops
1622411 - Lcom/fsck/k9/activity/MessageList; onOptionsItemSelected
Ljava/net/Socket;->connectV
Ljava/net/Socket;->connectV
Ljava/net/Socket;->connectV
Ljava/net/Socket;->connectV
Ljava/net/Socket;->connectV
Ljava/net/Socket;->connectV
Ljava/net/Socket;->closeV
1624246 + Lcom/fsck/k9/activity/MessageList; onOptionsItemSelected Select all
1624250 - Lcom/fsck/k9/activity/MessageList; onOptionsItemSelected
Ljava/net/Socket;->closeV
Ljava/net/Socket;->closeV
Ljava/net/Socket;->connectV
Ljava/net/Socket;->closeV
Ljava/net/Socket;->closeV
Ljava/net/Socket;->closeV
1625377 + Lcom/fsck/k9/activity/MessageList; onClick android.widget.Button@44076ab8
1625379 - Lcom/fsck/k9/activity/MessageList; onClick
Ljava/net/Socket;->connectV
Ljava/net/Socket;->closeV
Ljava/net/Socket;->closeV
Ljava/net/Socket;->connectV
Ljava/net/Socket;->closeV
Ljava/net/Socket;->connectV
Ljava/net/Socket;->closeV
1630464 + Lcom/fsck/k9/activity/MessageList; onOptionsItemSelected Folder list
1630499 - Lcom/fsck/k9/activity/MessageList; onOptionsItemSelected
1630517 + Lcom/fsck/k9/activity/MessageList; onPause
1630518 - Lcom/fsck/k9/activity/MessageList; onPause
1630554 + Lcom/fsck/k9/activity/FolderList; onCreate
1630560 + Lcom/fsck/k9/K9ListActivity; onCreate
1630563 - Lcom/fsck/k9/K9ListActivity; onCreate
1630610 - Lcom/fsck/k9/activity/FolderList; onCreate
1630611 + Lcom/fsck/k9/activity/FolderList; onResume
1630611 + Lcom/fsck/k9/K9ListActivity; onResume
1630614 - Lcom/fsck/k9/K9ListActivity; onResume
1630693 - Lcom/fsck/k9/activity/FolderList; onResume
1631417 + Lcom/fsck/k9/service/MailService; onCreate
1631417 - Lcom/fsck/k9/service/MailService; onCreate
1631444 + Lcom/fsck/k9/service/MailService; onDestroy
1631444 - Lcom/fsck/k9/service/MailService; onDestroy
Ljava/net/Socket;->connectV
1632302 + Lcom/fsck/k9/activity/FolderList$2; onItemClick android.widget.ListView@440090e0
1632345 - Lcom/fsck/k9/activity/FolderList$2; onItemClick
1632346 + Lcom/fsck/k9/activity/FolderList; onSaveInstanceState
1632347 - Lcom/fsck/k9/activity/FolderList; onSaveInstanceState
1632347 + Lcom/fsck/k9/activity/FolderList; onPause
1632348 - Lcom/fsck/k9/activity/FolderList; onPause
1632362 + Lcom/fsck/k9/activity/MessageList; onCreate
1632363 + Lcom/fsck/k9/K9Activity; onCreate
1632364 - Lcom/fsck/k9/K9Activity; onCreate
Ljava/net/Socket;->closeV
1632506 - Lcom/fsck/k9/activity/MessageList; onCreate
1632507 + Lcom/fsck/k9/activity/MessageList; onResume
1632508 + Lcom/fsck/k9/K9Activity; onResume
1632512 - Lcom/fsck/k9/K9Activity; onResume
1632695 - Lcom/fsck/k9/activity/MessageList; onResume
1633432 + Lcom/fsck/k9/activity/MessageList; onCreateOptionsMenu com.android.internal.view.menu.MenuBuilder@44388620
1633464 - Lcom/fsck/k9/activity/MessageList; onCreateOptionsMenu
1634273 + Lcom/fsck/k9/activity/MessageList; onOptionsItemSelected Check mail
1634280 - Lcom/fsck/k9/activity/MessageList; onOptionsItemSelected
Ljava/net/Socket;->connectV
Ljava/net/Socket;->connectV
Ljava/net/Socket;->connectV
Ljava/net/Socket;->connectV
Ljava/net/Socket;->connectV
Ljava/net/Socket;->connectV
Ljava/net/Socket;->connectV
Ljava/net/Socket;->connectV
Ljava/net/Socket;->closeV
Ljava/net/Socket;->closeV
Ljava/net/Socket;->closeV
Ljava/net/Socket;->closeV
Ljava/net/Socket;->closeV
Ljava/net/Socket;->closeV
Ljava/net/Socket;->closeV
Ljava/net/Socket;->closeV
1637940 + Lcom/fsck/k9/activity/MessageList; onOptionsItemSelected Account settings
1637969 - Lcom/fsck/k9/activity/MessageList; onOptionsItemSelected
1637975 + Lcom/fsck/k9/activity/MessageList; onSaveInstanceState
1637977 - Lcom/fsck/k9/activity/MessageList; onSaveInstanceState
1637977 + Lcom/fsck/k9/activity/MessageList; onPause
1637978 - Lcom/fsck/k9/activity/MessageList; onPause
1637991 + Lcom/fsck/k9/activity/setup/AccountSettings; onCreate
1637992 + Lcom/fsck/k9/K9PreferenceActivity; onCreate
1637998 - Lcom/fsck/k9/K9PreferenceActivity; onCreate
1638158 - Lcom/fsck/k9/activity/setup/AccountSettings; onCreate
1638160 + Lcom/fsck/k9/activity/setup/AccountSettings; onResume
1638165 - Lcom/fsck/k9/activity/setup/AccountSettings; onResume
1640981 + Lcom/fsck/k9/service/MailService; onCreate
1640981 - Lcom/fsck/k9/service/MailService; onCreate
1641001 + Lcom/fsck/k9/activity/MessageList; onResume
1641002 + Lcom/fsck/k9/K9Activity; onResume
1641004 - Lcom/fsck/k9/K9Activity; onResume
Ljava/net/Socket;->closeV
Ljava/net/Socket;->closeV
Ljava/net/Socket;->closeV
Ljava/net/Socket;->connectV
Ljava/net/Socket;->connectV
Ljava/net/Socket;->connectV
Ljava/net/Socket;->connectV
Ljava/net/Socket;->connectV
Ljava/net/Socket;->connectV
Ljava/net/Socket;->connectV
Ljava/net/Socket;->connectV
Ljava/net/Socket;->connectV
Ljava/net/Socket;->connectV
1641354 - Lcom/fsck/k9/activity/MessageList; onResume
1641415 + Lcom/fsck/k9/service/MailService; onDestroy
1641416 - Lcom/fsck/k9/service/MailService; onDestroy
Ljava/net/Socket;->closeV
Ljava/net/Socket;->closeV
Ljava/net/Socket;->closeV
Ljava/net/Socket;->closeV
Ljava/net/Socket;->closeV
Ljava/net/Socket;->closeV
Ljava/net/Socket;->closeV
Ljava/net/Socket;->closeV
Ljava/net/Socket;->closeV
Ljava/net/Socket;->connectV
Ljava/net/Socket;->connectV
Ljava/net/Socket;->connectV
Ljava/net/Socket;->connectV
Ljava/net/Socket;->connectV
Ljava/net/Socket;->connectV
Ljava/net/Socket;->connectV
Ljava/net/Socket;->connectV
Ljava/net/Socket;->connectV
Ljava/net/Socket;->closeV
Ljava/net/Socket;->closeV
Ljava/net/Socket;->closeV
Ljava/net/Socket;->closeV
Ljava/net/Socket;->closeV
Ljava/net/Socket;->closeV
Ljava/net/Socket;->closeV
1649363 + Lcom/fsck/k9/activity/MessageList; onItemClick android.widget.ListView@440ea5d0
1649417 - Lcom/fsck/k9/activity/MessageList; onItemClick
1649418 + Lcom/fsck/k9/activity/MessageList; onSaveInstanceState
1649420 - Lcom/fsck/k9/activity/MessageList; onSaveInstanceState
1649421 + Lcom/fsck/k9/activity/MessageList; onPause
1649421 - Lcom/fsck/k9/activity/MessageList; onPause
1649429 + Lcom/fsck/k9/activity/MessageView; onCreate
1649429 + Lcom/fsck/k9/K9Activity; onCreate
1649432 - Lcom/fsck/k9/K9Activity; onCreate
1649490 - Lcom/fsck/k9/activity/MessageView; onCreate
1649491 + Lcom/fsck/k9/activity/MessageView; onResume
1649492 + Lcom/fsck/k9/K9Activity; onResume
1649493 - Lcom/fsck/k9/K9Activity; onResume
1649495 - Lcom/fsck/k9/activity/MessageView; onResume
1650647 + Lcom/fsck/k9/activity/MessageView; onClick android.widget.Button@4423d1d0
1650652 - Lcom/fsck/k9/activity/MessageView; onClick
1651555 + Lcom/fsck/k9/activity/MessageView; onClick android.widget.Button@44249dc0
1651590 - Lcom/fsck/k9/activity/MessageView; onClick
1652685 + Lcom/fsck/k9/activity/MessageView; onClick android.widget.Button@4423d1d0
1652689 - Lcom/fsck/k9/activity/MessageView; onClick
Ljava/net/Socket;->connectV
Ljava/net/Socket;->connectV
Ljava/net/Socket;->connectV
Ljava/net/Socket;->connectV
Ljava/net/Socket;->connectV
Ljava/net/Socket;->connectV
Ljava/net/Socket;->connectV
1653762 + Lcom/fsck/k9/activity/MessageView; onClick android.widget.Button@4423d1d0
1653763 - Lcom/fsck/k9/activity/MessageView; onClick
Ljava/net/Socket;->connectV
Ljava/net/Socket;->closeV
Ljava/net/Socket;->closeV
Ljava/net/Socket;->closeV
Ljava/net/Socket;->closeV
Ljava/net/Socket;->closeV
Ljava/net/Socket;->closeV
Ljava/net/Socket;->closeV
1655111 + Lcom/fsck/k9/activity/MessageView; onClick android.widget.Button@4423d1d0
1655113 - Lcom/fsck/k9/activity/MessageView; onClick
1656088 + Lcom/fsck/k9/activity/MessageView; onClick android.widget.Button@4423d1d0
1656094 - Lcom/fsck/k9/activity/MessageView; onClick
Ljava/net/Socket;->closeV
1658199 + Lcom/fsck/k9/activity/MessageView; onClick android.widget.Button@4423d1d0
1658204 - Lcom/fsck/k9/activity/MessageView; onClick
1659591 + Lcom/fsck/k9/activity/MessageView; onClick android.widget.Button@4423d1d0
1659598 - Lcom/fsck/k9/activity/MessageView; onClick
1660885 + Lcom/fsck/k9/activity/MessageView; onClick android.widget.Button@4423d1d0
1660893 - Lcom/fsck/k9/activity/MessageView; onClick
1662067 + Lcom/fsck/k9/activity/MessageView; onClick android.widget.Button@4423d1d0
1662073 - Lcom/fsck/k9/activity/MessageView; onClick
1663339 + Lcom/fsck/k9/activity/MessageView; onClick android.widget.Button@4423d1d0
1663346 - Lcom/fsck/k9/activity/MessageView; onClick
Ljava/net/Socket;->connectV
Ljava/net/Socket;->closeV
Ljava/net/Socket;->connectV
Ljava/net/Socket;->connectV
Ljava/net/Socket;->connectV
Ljava/net/Socket;->connectV
Ljava/net/Socket;->connectV
Ljava/net/Socket;->connectV
Ljava/net/Socket;->closeV
Ljava/net/Socket;->connectV
Ljava/net/Socket;->closeV
Ljava/net/Socket;->closeV
Ljava/net/Socket;->closeV
Ljava/net/Socket;->closeV
1666467 + Lcom/fsck/k9/activity/MessageList; onResume
1666467 + Lcom/fsck/k9/K9Activity; onResume
1666469 - Lcom/fsck/k9/K9Activity; onResume
1666622 - Lcom/fsck/k9/activity/MessageList; onResume
Ljava/net/Socket;->closeV
Ljava/net/Socket;->closeV
1671316 + Lcom/fsck/k9/activity/MessageList; onOptionsItemSelected Account settings
1671350 - Lcom/fsck/k9/activity/MessageList; onOptionsItemSelected
1671357 + Lcom/fsck/k9/activity/MessageList; onSaveInstanceState
1671358 - Lcom/fsck/k9/activity/MessageList; onSaveInstanceState
1671359 + Lcom/fsck/k9/activity/MessageList; onPause
1671359 - Lcom/fsck/k9/activity/MessageList; onPause
1671373 + Lcom/fsck/k9/activity/setup/AccountSettings; onCreate
1671374 + Lcom/fsck/k9/K9PreferenceActivity; onCreate
1671379 - Lcom/fsck/k9/K9PreferenceActivity; onCreate
1671489 - Lcom/fsck/k9/activity/setup/AccountSettings; onCreate
1671490 + Lcom/fsck/k9/activity/setup/AccountSettings; onResume
1671496 - Lcom/fsck/k9/activity/setup/AccountSettings; onResume
Ljava/net/Socket;->connectV
Ljava/net/Socket;->connectV
Ljava/net/Socket;->connectV
Ljava/net/Socket;->connectV
Ljava/net/Socket;->connectV
Ljava/net/Socket;->connectV
Ljava/net/Socket;->closeV
Ljava/net/Socket;->closeV
Ljava/net/Socket;->closeV
Ljava/net/Socket;->closeV
Ljava/net/Socket;->connectV
Ljava/net/Socket;->closeV
Ljava/net/Socket;->closeV
Ljava/net/Socket;->closeV
1699511 + Lcom/fsck/k9/service/MailService; onCreate
1699511 - Lcom/fsck/k9/service/MailService; onCreate
1699548 + Lcom/fsck/k9/activity/MessageList; onResume
1699549 + Lcom/fsck/k9/K9Activity; onResume
1699551 - Lcom/fsck/k9/K9Activity; onResume
Ljava/net/Socket;->closeV
Ljava/net/Socket;->closeV
Ljava/net/Socket;->closeV
Ljava/net/Socket;->connectV
Ljava/net/Socket;->connectV
Ljava/net/Socket;->connectV
Ljava/net/Socket;->connectV
Ljava/net/Socket;->connectV
Ljava/net/Socket;->connectV
Ljava/net/Socket;->connectV
Ljava/net/Socket;->connectV
Ljava/net/Socket;->connectV
Ljava/net/Socket;->connectV
Ljava/net/Socket;->connectV
Ljava/net/Socket;->connectV
Ljava/net/Socket;->connectV
Ljava/net/Socket;->connectV
Ljava/net/Socket;->connectV
Ljava/net/Socket;->connectV
Ljava/net/Socket;->connectV
Ljava/net/Socket;->connectV
Ljava/net/Socket;->connectV
Ljava/net/Socket;->connectV
Ljava/net/Socket;->connectV
Ljava/net/Socket;->connectV
Ljava/net/Socket;->connectV
Ljava/net/Socket;->connectV
Ljava/net/Socket;->connectV
Ljava/net/Socket;->connectV
1700248 - Lcom/fsck/k9/activity/MessageList; onResume
1700376 + Lcom/fsck/k9/service/MailService; onDestroy
1700380 - Lcom/fsck/k9/service/MailService; onDestroy
1701072 + Lcom/fsck/k9/activity/MessageList; onPause
1701073 - Lcom/fsck/k9/activity/MessageList; onPause
1701081 + Lcom/fsck/k9/activity/FolderList; onResume
1701082 + Lcom/fsck/k9/K9ListActivity; onResume
1701088 - Lcom/fsck/k9/K9ListActivity; onResume
1701323 - Lcom/fsck/k9/activity/FolderList; onResume
Ljava/net/Socket;->closeV
Ljava/net/Socket;->closeV
Ljava/net/Socket;->closeV
Ljava/net/Socket;->closeV
Ljava/net/Socket;->closeV
Ljava/net/Socket;->closeV
Ljava/net/Socket;->closeV
Ljava/net/Socket;->closeV
Ljava/net/Socket;->closeV
Ljava/net/Socket;->closeV
Ljava/net/Socket;->closeV
Ljava/net/Socket;->closeV
Ljava/net/Socket;->closeV
Ljava/net/Socket;->closeV
Ljava/net/Socket;->closeV
Ljava/net/Socket;->closeV
Ljava/net/Socket;->closeV
Ljava/net/Socket;->closeV
Ljava/net/Socket;->closeV
Ljava/net/Socket;->closeV
Ljava/net/Socket;->closeV
Ljava/net/Socket;->closeV
Ljava/net/Socket;->closeV
Ljava/net/Socket;->closeV
Ljava/net/Socket;->closeV
1705796 + Lcom/fsck/k9/activity/FolderList$2; onItemClick android.widget.ListView@440090e0
Ljava/net/Socket;->closeV
1705849 - Lcom/fsck/k9/activity/FolderList$2; onItemClick
1705870 + Lcom/fsck/k9/activity/FolderList; onSaveInstanceState
1705876 - Lcom/fsck/k9/activity/FolderList; onSaveInstanceState
1705876 + Lcom/fsck/k9/activity/FolderList; onPause
1705880 - Lcom/fsck/k9/activity/FolderList; onPause
1705967 + Lcom/fsck/k9/activity/MessageList; onCreate
1705969 + Lcom/fsck/k9/K9Activity; onCreate
1705974 - Lcom/fsck/k9/K9Activity; onCreate
1706039 - Lcom/fsck/k9/activity/MessageList; onCreate
1706046 + Lcom/fsck/k9/activity/MessageList; onResume
1706051 + Lcom/fsck/k9/K9Activity; onResume
1706054 - Lcom/fsck/k9/K9Activity; onResume
1706262 - Lcom/fsck/k9/activity/MessageList; onResume
Ljava/net/Socket;->connectV
Ljava/net/Socket;->connectV
Ljava/net/Socket;->connectV
1707886 + Lcom/fsck/k9/activity/MessageList; onCreateOptionsMenu com.android.internal.view.menu.MenuBuilder@43fb1120
1707915 - Lcom/fsck/k9/activity/MessageList; onCreateOptionsMenu
Ljava/net/Socket;->connectV
Ljava/net/Socket;->connectV
Ljava/net/Socket;->connectV
Ljava/net/Socket;->connectV
Ljava/net/Socket;->connectV
Ljava/net/Socket;->connectV
Ljava/net/Socket;->connectV
Ljava/net/Socket;->connectV
Ljava/net/Socket;->connectV
Ljava/net/Socket;->connectV
Ljava/net/Socket;->connectV
Ljava/net/Socket;->connectV
Ljava/net/Socket;->connectV
Ljava/net/Socket;->connectV
Ljava/net/Socket;->connectV
Ljava/net/Socket;->connectV
Ljava/net/Socket;->connectV
Ljava/net/Socket;->connectV
Ljava/net/Socket;->connectV
Ljava/net/Socket;->connectV
Ljava/net/Socket;->connectV
Ljava/net/Socket;->connectV
Ljava/net/Socket;->closeV
Ljava/net/Socket;->closeV
Ljava/net/Socket;->connectV
Ljava/net/Socket;->closeV
Ljava/net/Socket;->closeV
Ljava/net/Socket;->closeV
Ljava/net/Socket;->closeV
Ljava/net/Socket;->closeV
Ljava/net/Socket;->closeV
Ljava/net/Socket;->closeV
Ljava/net/Socket;->closeV
Ljava/net/Socket;->closeV
Ljava/net/Socket;->closeV
Ljava/net/Socket;->closeV
Ljava/net/Socket;->closeV
Ljava/net/Socket;->closeV
Ljava/net/Socket;->closeV
Ljava/net/Socket;->closeV
Ljava/net/Socket;->closeV
Ljava/net/Socket;->closeV
Ljava/net/Socket;->closeV
Ljava/net/Socket;->closeV
Ljava/net/Socket;->closeV
1713036 + Lcom/fsck/k9/activity/MessageList; onOptionsItemSelected Account settings
Ljava/net/Socket;->closeV
1713269 - Lcom/fsck/k9/activity/MessageList; onOptionsItemSelected
1713306 + Lcom/fsck/k9/activity/MessageList; onSaveInstanceState
1713307 - Lcom/fsck/k9/activity/MessageList; onSaveInstanceState
1713307 + Lcom/fsck/k9/activity/MessageList; onPause
1713308 - Lcom/fsck/k9/activity/MessageList; onPause
1713336 + Lcom/fsck/k9/activity/setup/AccountSettings; onCreate
1713337 + Lcom/fsck/k9/K9PreferenceActivity; onCreate
1713355 - Lcom/fsck/k9/K9PreferenceActivity; onCreate
Ljava/net/Socket;->closeV
Ljava/net/Socket;->closeV
1713631 - Lcom/fsck/k9/activity/setup/AccountSettings; onCreate
1713632 + Lcom/fsck/k9/activity/setup/AccountSettings; onResume
1713642 - Lcom/fsck/k9/activity/setup/AccountSettings; onResume
Ljava/net/Socket;->connectV
Ljava/net/Socket;->connectV
Ljava/net/Socket;->connectV
Ljava/net/Socket;->closeV
Ljava/net/Socket;->connectV
Ljava/net/Socket;->closeV
Ljava/net/Socket;->closeV
Ljava/net/Socket;->closeV
1717299 + Lcom/fsck/k9/service/MailService; onCreate
1717300 - Lcom/fsck/k9/service/MailService; onCreate
1717319 + Lcom/fsck/k9/activity/MessageList; onResume
1717321 + Lcom/fsck/k9/K9Activity; onResume
1717322 - Lcom/fsck/k9/K9Activity; onResume
Ljava/net/Socket;->closeV
Ljava/net/Socket;->connectV
Ljava/net/Socket;->connectV
Ljava/net/Socket;->connectV
Ljava/net/Socket;->connectV
Ljava/net/Socket;->connectV
Ljava/net/Socket;->connectV
Ljava/net/Socket;->connectV
Ljava/net/Socket;->connectV
Ljava/net/Socket;->connectV
Ljava/net/Socket;->connectV
Ljava/net/Socket;->connectV
Ljava/net/Socket;->connectV
Ljava/net/Socket;->connectV
Ljava/net/Socket;->connectV
Ljava/net/Socket;->connectV
Ljava/net/Socket;->connectV
Ljava/net/Socket;->connectV
Ljava/net/Socket;->connectV
Ljava/net/Socket;->connectV
Ljava/net/Socket;->connectV
Ljava/net/Socket;->connectV
Ljava/net/Socket;->connectV
1717829 - Lcom/fsck/k9/activity/MessageList; onResume
Ljava/net/Socket;->connectV
Ljava/net/Socket;->connectV
Ljava/net/Socket;->connectV
1718011 + Lcom/fsck/k9/service/MailService; onDestroy
1718012 - Lcom/fsck/k9/service/MailService; onDestroy
Ljava/net/Socket;->connectV
1720517 + Lcom/fsck/k9/activity/MessageList; onOptionsItemSelected Compose
1720649 - Lcom/fsck/k9/activity/MessageList; onOptionsItemSelected
1720680 + Lcom/fsck/k9/activity/MessageList; onSaveInstanceState
1720685 - Lcom/fsck/k9/activity/MessageList; onSaveInstanceState
1720685 + Lcom/fsck/k9/activity/MessageList; onPause
1720686 - Lcom/fsck/k9/activity/MessageList; onPause
1720889 + Lcom/fsck/k9/activity/MessageCompose; onCreate
1720889 + Lcom/fsck/k9/K9Activity; onCreate
1720894 - Lcom/fsck/k9/K9Activity; onCreate
1720989 - Lcom/fsck/k9/activity/MessageCompose; onCreate
1721023 + Lcom/fsck/k9/activity/MessageCompose; onResume
1721037 + Lcom/fsck/k9/K9Activity; onResume
1721039 - Lcom/fsck/k9/K9Activity; onResume
1721055 - Lcom/fsck/k9/activity/MessageCompose; onResume
Ljava/net/Socket;->closeV
Ljava/net/Socket;->closeV
Ljava/net/Socket;->closeV
Ljava/net/Socket;->closeV
Ljava/net/Socket;->closeV
Ljava/net/Socket;->closeV
Ljava/net/Socket;->closeV
Ljava/net/Socket;->closeV
Ljava/net/Socket;->closeV
Ljava/net/Socket;->closeV
Ljava/net/Socket;->closeV
Ljava/net/Socket;->closeV
Ljava/net/Socket;->closeV
1724244 + Lcom/fsck/k9/activity/MessageCompose; onPause
1724244 - Lcom/fsck/k9/activity/MessageCompose; onPause
1724280 + Lcom/fsck/k9/activity/MessageList; onResume
1724280 + Lcom/fsck/k9/K9Activity; onResume
Ljava/net/Socket;->closeV
1724297 - Lcom/fsck/k9/K9Activity; onResume
Ljava/net/Socket;->closeV
Ljava/net/Socket;->closeV
Ljava/net/Socket;->closeV
Ljava/net/Socket;->closeV
Ljava/net/Socket;->closeV
Ljava/net/Socket;->closeV
Ljava/net/Socket;->closeV
Ljava/net/Socket;->closeV
Ljava/net/Socket;->closeV
1724803 - Lcom/fsck/k9/activity/MessageList; onResume
1726284 + Lcom/fsck/k9/activity/MessageList; onOptionsItemSelected Sort by...
1726284 - Lcom/fsck/k9/activity/MessageList; onOptionsItemSelected
Ljava/net/Socket;->connectV
Ljava/net/Socket;->connectV
Ljava/net/Socket;->connectV
Ljava/net/Socket;->connectV
Ljava/net/Socket;->connectV
Ljava/net/Socket;->connectV
Ljava/net/Socket;->connectV
Ljava/net/Socket;->connectV
Ljava/net/Socket;->connectV
Ljava/net/Socket;->connectV
Ljava/net/Socket;->connectV
Ljava/net/Socket;->connectV
Ljava/net/Socket;->connectV
Ljava/net/Socket;->connectV
Ljava/net/Socket;->connectV
Ljava/net/Socket;->connectV
Ljava/net/Socket;->connectV
Ljava/net/Socket;->connectV
Ljava/net/Socket;->connectV
Ljava/net/Socket;->connectV
Ljava/net/Socket;->connectV
Ljava/net/Socket;->connectV
1728374 + Lcom/fsck/k9/activity/MessageList; onOptionsItemSelected Subject
1728413 - Lcom/fsck/k9/activity/MessageList; onOptionsItemSelected
Ljava/net/Socket;->connectV
Ljava/net/Socket;->closeV
Ljava/net/Socket;->closeV
Ljava/net/Socket;->closeV
Ljava/net/Socket;->closeV
Ljava/net/Socket;->closeV
Ljava/net/Socket;->closeV
Ljava/net/Socket;->closeV
Ljava/net/Socket;->closeV
Ljava/net/Socket;->closeV
Ljava/net/Socket;->closeV
Ljava/net/Socket;->closeV
Ljava/net/Socket;->closeV
Ljava/net/Socket;->closeV
Ljava/net/Socket;->closeV
Ljava/net/Socket;->closeV
Ljava/net/Socket;->closeV
Ljava/net/Socket;->closeV
Ljava/net/Socket;->closeV
Ljava/net/Socket;->closeV
Ljava/net/Socket;->closeV
Ljava/net/Socket;->closeV
Ljava/net/Socket;->closeV
Ljava/net/Socket;->closeV
1732263 + Lcom/fsck/k9/activity/MessageList; onOptionsItemSelected Batch Ops
1732264 - Lcom/fsck/k9/activity/MessageList; onOptionsItemSelected
1733433 + Lcom/fsck/k9/activity/MessageList; onOptionsItemSelected Select all
1733437 - Lcom/fsck/k9/activity/MessageList; onOptionsItemSelected
1734465 + Lcom/fsck/k9/activity/MessageList; onClick android.widget.Button@4434b8e0
1734470 - Lcom/fsck/k9/activity/MessageList; onClick
Ljava/net/Socket;->connectV
Ljava/net/Socket;->connectV
Ljava/net/Socket;->connectV
Ljava/net/Socket;->connectV
Ljava/net/Socket;->closeV
Ljava/net/Socket;->closeV
Ljava/net/Socket;->closeV
Ljava/net/Socket;->closeV
Ljava/net/Socket;->connectV
Ljava/net/Socket;->connectV
1736264 + Lcom/fsck/k9/activity/MessageList; onOptionsItemSelected Folder list
1736438 - Lcom/fsck/k9/activity/MessageList; onOptionsItemSelected
1736519 + Lcom/fsck/k9/activity/MessageList; onPause
1736537 - Lcom/fsck/k9/activity/MessageList; onPause
1736610 + Lcom/fsck/k9/activity/FolderList; onCreate
1736660 + Lcom/fsck/k9/K9ListActivity; onCreate
Ljava/net/Socket;->connectV
Ljava/net/Socket;->connectV
Ljava/net/Socket;->connectV
Ljava/net/Socket;->connectV
Ljava/net/Socket;->connectV
Ljava/net/Socket;->connectV
Ljava/net/Socket;->connectV
1736691 - Lcom/fsck/k9/K9ListActivity; onCreate
Ljava/net/Socket;->connectV
Ljava/net/Socket;->connectV
Ljava/net/Socket;->connectV
Ljava/net/Socket;->connectV
Ljava/net/Socket;->connectV
Ljava/net/Socket;->connectV
Ljava/net/Socket;->connectV
1736854 - Lcom/fsck/k9/activity/FolderList; onCreate
1736855 + Lcom/fsck/k9/activity/FolderList; onResume
1736856 + Lcom/fsck/k9/K9ListActivity; onResume
1737001 - Lcom/fsck/k9/K9ListActivity; onResume
Ljava/net/Socket;->connectV
1737183 - Lcom/fsck/k9/activity/FolderList; onResume
Ljava/net/Socket;->connectV
Ljava/net/Socket;->connectV
Ljava/net/Socket;->closeV
Ljava/net/Socket;->closeV
Ljava/net/Socket;->closeV
Ljava/net/Socket;->closeV
Ljava/net/Socket;->closeV
Ljava/net/Socket;->closeV
Ljava/net/Socket;->closeV
Ljava/net/Socket;->closeV
Ljava/net/Socket;->closeV
Ljava/net/Socket;->closeV
Ljava/net/Socket;->closeV
Ljava/net/Socket;->closeV
Ljava/net/Socket;->closeV
Ljava/net/Socket;->closeV
Ljava/net/Socket;->closeV
Ljava/net/Socket;->closeV
Ljava/net/Socket;->closeV
Ljava/net/Socket;->closeV
Ljava/net/Socket;->closeV
1741969 + Lcom/fsck/k9/activity/FolderList$2; onItemClick android.widget.ListView@441689a0
1742004 - Lcom/fsck/k9/activity/FolderList$2; onItemClick
1742004 + Lcom/fsck/k9/activity/FolderList; onSaveInstanceState
1742005 - Lcom/fsck/k9/activity/FolderList; onSaveInstanceState
1742006 + Lcom/fsck/k9/activity/FolderList; onPause
1742006 - Lcom/fsck/k9/activity/FolderList; onPause
1742015 + Lcom/fsck/k9/activity/MessageList; onCreate
1742015 + Lcom/fsck/k9/K9Activity; onCreate
1742017 - Lcom/fsck/k9/K9Activity; onCreate
1742092 - Lcom/fsck/k9/activity/MessageList; onCreate
1742093 + Lcom/fsck/k9/activity/MessageList; onResume
1742093 + Lcom/fsck/k9/K9Activity; onResume
1742095 - Lcom/fsck/k9/K9Activity; onResume
1742346 - Lcom/fsck/k9/activity/MessageList; onResume
1743142 + Lcom/fsck/k9/activity/MessageList; onCreateOptionsMenu com.android.internal.view.menu.MenuBuilder@441b9398
1743154 - Lcom/fsck/k9/activity/MessageList; onCreateOptionsMenu
1743980 + Lcom/fsck/k9/activity/MessageList; onOptionsItemSelected Check mail
1743985 - Lcom/fsck/k9/activity/MessageList; onOptionsItemSelected
Ljava/net/Socket;->connectV
Ljava/net/Socket;->closeV
Ljava/net/Socket;->connectV
Ljava/net/Socket;->connectV
Ljava/net/Socket;->connectV
Ljava/net/Socket;->connectV
Ljava/net/Socket;->closeV
Ljava/net/Socket;->closeV
Ljava/net/Socket;->closeV
1748286 + Lcom/fsck/k9/activity/MessageList; onOptionsItemSelected Folder settings
1748314 - Lcom/fsck/k9/activity/MessageList; onOptionsItemSelected
1748316 + Lcom/fsck/k9/activity/MessageList; onSaveInstanceState
1748321 - Lcom/fsck/k9/activity/MessageList; onSaveInstanceState
1748323 + Lcom/fsck/k9/activity/MessageList; onPause
1748324 - Lcom/fsck/k9/activity/MessageList; onPause
Ljava/net/Socket;->closeV
1748347 + Lcom/fsck/k9/activity/setup/FolderSettings; onCreate
1748351 + Lcom/fsck/k9/K9PreferenceActivity; onCreate
1748371 - Lcom/fsck/k9/K9PreferenceActivity; onCreate
1748445 - Lcom/fsck/k9/activity/setup/FolderSettings; onCreate
1748446 + Lcom/fsck/k9/activity/setup/FolderSettings; onResume
1748450 - Lcom/fsck/k9/activity/setup/FolderSettings; onResume
Ljava/net/Socket;->connectV
Ljava/net/Socket;->closeV
1749963 + Lcom/fsck/k9/service/MailService; onCreate
1749963 - Lcom/fsck/k9/service/MailService; onCreate
Ljava/net/Socket;->connectV
Ljava/net/Socket;->connectV
Ljava/net/Socket;->connectV
Ljava/net/Socket;->connectV
1750107 + Lcom/fsck/k9/activity/MessageList; onResume
1750108 + Lcom/fsck/k9/K9Activity; onResume
1750122 - Lcom/fsck/k9/K9Activity; onResume
Ljava/net/Socket;->closeV
Ljava/net/Socket;->connectV
Ljava/net/Socket;->connectV
1750870 - Lcom/fsck/k9/activity/MessageList; onResume
Ljava/net/Socket;->closeV
Ljava/net/Socket;->closeV
Ljava/net/Socket;->closeV
Ljava/net/Socket;->closeV
Ljava/net/Socket;->closeV
Ljava/net/Socket;->closeV
Ljava/net/Socket;->closeV
Ljava/net/Socket;->closeV
Ljava/net/Socket;->connectV
Ljava/net/Socket;->connectV
Ljava/net/Socket;->connectV
Ljava/net/Socket;->connectV
Ljava/net/Socket;->connectV
Ljava/net/Socket;->connectV
1752170 + Lcom/fsck/k9/activity/MessageList; onOptionsItemSelected Compose
1752216 - Lcom/fsck/k9/activity/MessageList; onOptionsItemSelected
1752293 + Lcom/fsck/k9/activity/MessageList; onSaveInstanceState
1752294 - Lcom/fsck/k9/activity/MessageList; onSaveInstanceState
1752299 + Lcom/fsck/k9/activity/MessageList; onPause
1752300 - Lcom/fsck/k9/activity/MessageList; onPause
1752322 + Lcom/fsck/k9/service/MailService; onDestroy
1752323 - Lcom/fsck/k9/service/MailService; onDestroy
1752356 + Lcom/fsck/k9/activity/MessageCompose; onCreate
1752358 + Lcom/fsck/k9/K9Activity; onCreate
1752365 - Lcom/fsck/k9/K9Activity; onCreate
1752907 - Lcom/fsck/k9/activity/MessageCompose; onCreate
1752918 + Lcom/fsck/k9/activity/MessageCompose; onResume
1752918 + Lcom/fsck/k9/K9Activity; onResume
1752930 - Lcom/fsck/k9/K9Activity; onResume
1752938 - Lcom/fsck/k9/activity/MessageCompose; onResume
Ljava/net/Socket;->closeV
Ljava/net/Socket;->closeV
Ljava/net/Socket;->closeV
Ljava/net/Socket;->closeV
Ljava/net/Socket;->connectV
Ljava/net/Socket;->connectV
Ljava/net/Socket;->connectV
Ljava/net/Socket;->connectV
Ljava/net/Socket;->connectV
Ljava/net/Socket;->connectV
Ljava/net/Socket;->connectV
Ljava/net/Socket;->connectV
Ljava/net/Socket;->connectV
Ljava/net/Socket;->connectV
Ljava/net/Socket;->connectV
Ljava/net/Socket;->connectV
Ljava/net/Socket;->connectV
Ljava/net/Socket;->connectV
Ljava/net/Socket;->connectV
Ljava/net/Socket;->connectV
Ljava/net/Socket;->connectV
Ljava/net/Socket;->connectV
Ljava/net/Socket;->connectV
Ljava/net/Socket;->connectV
Ljava/net/Socket;->connectV
Ljava/net/Socket;->connectV
Ljava/net/Socket;->connectV
Ljava/net/Socket;->connectV
Ljava/net/Socket;->connectV
Ljava/net/Socket;->closeV
1755204 + Lcom/fsck/k9/activity/MessageCompose; onPause
1755204 - Lcom/fsck/k9/activity/MessageCompose; onPause
1755213 + Lcom/fsck/k9/activity/MessageList; onResume
1755213 + Lcom/fsck/k9/K9Activity; onResume
1755215 - Lcom/fsck/k9/K9Activity; onResume
1755358 - Lcom/fsck/k9/activity/MessageList; onResume
Ljava/net/Socket;->closeV
Ljava/net/Socket;->closeV
Ljava/net/Socket;->closeV
Ljava/net/Socket;->closeV
Ljava/net/Socket;->closeV
Ljava/net/Socket;->closeV
Ljava/net/Socket;->closeV
Ljava/net/Socket;->closeV
Ljava/net/Socket;->closeV
Ljava/net/Socket;->closeV
Ljava/net/Socket;->closeV
Ljava/net/Socket;->closeV
Ljava/net/Socket;->closeV
Ljava/net/Socket;->closeV
Ljava/net/Socket;->closeV
Ljava/net/Socket;->closeV
Ljava/net/Socket;->closeV
Ljava/net/Socket;->closeV
Ljava/net/Socket;->closeV
Ljava/net/Socket;->closeV
Ljava/net/Socket;->closeV
Ljava/net/Socket;->closeV
Ljava/net/Socket;->closeV
Ljava/net/Socket;->closeV
1759140 + Lcom/fsck/k9/activity/MessageList; onOptionsItemSelected Sort by...
1759141 - Lcom/fsck/k9/activity/MessageList; onOptionsItemSelected
Ljava/net/Socket;->closeV
Ljava/net/Socket;->connectV
Ljava/net/Socket;->connectV
Ljava/net/Socket;->connectV
Ljava/net/Socket;->connectV
Ljava/net/Socket;->connectV
Ljava/net/Socket;->connectV
Ljava/net/Socket;->connectV
Ljava/net/Socket;->connectV
Ljava/net/Socket;->connectV
Ljava/net/Socket;->connectV
Ljava/net/Socket;->connectV
Ljava/net/Socket;->connectV
Ljava/net/Socket;->connectV
Ljava/net/Socket;->connectV
Ljava/net/Socket;->connectV
Ljava/net/Socket;->connectV
Ljava/net/Socket;->connectV
Ljava/net/Socket;->connectV
Ljava/net/Socket;->connectV
Ljava/net/Socket;->connectV
Ljava/net/Socket;->connectV
Ljava/net/Socket;->connectV
Ljava/net/Socket;->connectV
Ljava/net/Socket;->connectV
Ljava/net/Socket;->connectV
Ljava/net/Socket;->closeV
1764041 + Lcom/fsck/k9/activity/MessageList; onOptionsItemSelected Date
1764311 - Lcom/fsck/k9/activity/MessageList; onOptionsItemSelected
Ljava/net/Socket;->closeV
Ljava/net/Socket;->closeV
Ljava/net/Socket;->closeV
Ljava/net/Socket;->closeV
Ljava/net/Socket;->closeV
Ljava/net/Socket;->closeV
Ljava/net/Socket;->closeV
Ljava/net/Socket;->closeV
Ljava/net/Socket;->closeV
Ljava/net/Socket;->closeV
Ljava/net/Socket;->closeV
Ljava/net/Socket;->closeV
Ljava/net/Socket;->closeV
Ljava/net/Socket;->closeV
Ljava/net/Socket;->closeV
Ljava/net/Socket;->closeV
Ljava/net/Socket;->closeV
Ljava/net/Socket;->closeV
Ljava/net/Socket;->closeV
Ljava/net/Socket;->closeV
Ljava/net/Socket;->closeV
Ljava/net/Socket;->closeV
Ljava/net/Socket;->closeV
Ljava/net/Socket;->closeV
1767898 + Lcom/fsck/k9/activity/MessageList; onOptionsItemSelected Batch Ops
1767899 - Lcom/fsck/k9/activity/MessageList; onOptionsItemSelected
1768906 + Lcom/fsck/k9/activity/MessageList; onOptionsItemSelected Select all
1768907 - Lcom/fsck/k9/activity/MessageList; onOptionsItemSelected
1769868 + Lcom/fsck/k9/activity/MessageList; onClick android.widget.Button@442c7590
1769870 - Lcom/fsck/k9/activity/MessageList; onClick
Ljava/net/Socket;->connectV
Ljava/net/Socket;->connectV
Ljava/net/Socket;->closeV
Ljava/net/Socket;->connectV
Ljava/net/Socket;->connectV
Ljava/net/Socket;->connectV
Ljava/net/Socket;->closeV
Ljava/net/Socket;->closeV
Ljava/net/Socket;->connectV
Ljava/net/Socket;->connectV
Ljava/net/Socket;->connectV
Ljava/net/Socket;->connectV
Ljava/net/Socket;->connectV
1771741 + Lcom/fsck/k9/activity/MessageList; onOptionsItemSelected Folder list
Ljava/net/Socket;->connectV
Ljava/net/Socket;->connectV
1771911 - Lcom/fsck/k9/activity/MessageList; onOptionsItemSelected
1771980 + Lcom/fsck/k9/activity/MessageList; onPause
1771981 - Lcom/fsck/k9/activity/MessageList; onPause
Ljava/net/Socket;->connectV
Ljava/net/Socket;->connectV
Ljava/net/Socket;->connectV
Ljava/net/Socket;->connectV
Ljava/net/Socket;->connectV
Ljava/net/Socket;->connectV
Ljava/net/Socket;->connectV
Ljava/net/Socket;->connectV
Ljava/net/Socket;->connectV
Ljava/net/Socket;->connectV
Ljava/net/Socket;->connectV
Ljava/net/Socket;->connectV
Ljava/net/Socket;->connectV
Ljava/net/Socket;->closeV
1772300 + Lcom/fsck/k9/activity/FolderList; onCreate
1772300 + Lcom/fsck/k9/K9ListActivity; onCreate
1772348 - Lcom/fsck/k9/K9ListActivity; onCreate
1772421 - Lcom/fsck/k9/activity/FolderList; onCreate
1772422 + Lcom/fsck/k9/activity/FolderList; onResume
1772423 + Lcom/fsck/k9/K9ListActivity; onResume
1772444 - Lcom/fsck/k9/K9ListActivity; onResume
1772754 - Lcom/fsck/k9/activity/FolderList; onResume
Ljava/net/Socket;->closeV
Ljava/net/Socket;->closeV
Ljava/net/Socket;->closeV
Ljava/net/Socket;->closeV
Ljava/net/Socket;->closeV
Ljava/net/Socket;->closeV
Ljava/net/Socket;->closeV
Ljava/net/Socket;->closeV
Ljava/net/Socket;->closeV
Ljava/net/Socket;->closeV
Ljava/net/Socket;->closeV
Ljava/net/Socket;->closeV
Ljava/net/Socket;->closeV
Ljava/net/Socket;->closeV
Ljava/net/Socket;->closeV
Ljava/net/Socket;->closeV
1775814 + Lcom/fsck/k9/activity/FolderList; onPause
1775815 - Lcom/fsck/k9/activity/FolderList; onPause
Ljava/net/Socket;->closeV
1776024 + Lcom/fsck/k9/activity/FolderList; onResume
1776024 + Lcom/fsck/k9/K9ListActivity; onResume
1776042 - Lcom/fsck/k9/K9ListActivity; onResume
Ljava/net/Socket;->closeV
1776239 - Lcom/fsck/k9/activity/FolderList; onResume
Ljava/net/Socket;->closeV
1777311 + Lcom/fsck/k9/activity/FolderList$2; onItemClick android.widget.ListView@441689a0
1777351 - Lcom/fsck/k9/activity/FolderList$2; onItemClick
1777367 + Lcom/fsck/k9/activity/FolderList; onSaveInstanceState
1777368 - Lcom/fsck/k9/activity/FolderList; onSaveInstanceState
1777368 + Lcom/fsck/k9/activity/FolderList; onPause
1777369 - Lcom/fsck/k9/activity/FolderList; onPause
1777394 + Lcom/fsck/k9/activity/MessageList; onCreate
1777394 + Lcom/fsck/k9/K9Activity; onCreate
1777396 - Lcom/fsck/k9/K9Activity; onCreate
1777419 - Lcom/fsck/k9/activity/MessageList; onCreate
1777420 + Lcom/fsck/k9/activity/MessageList; onResume
1777420 + Lcom/fsck/k9/K9Activity; onResume
1777422 - Lcom/fsck/k9/K9Activity; onResume
1777513 - Lcom/fsck/k9/activity/MessageList; onResume
1778916 + Lcom/fsck/k9/activity/MessageList; onCreateOptionsMenu com.android.internal.view.menu.MenuBuilder@4423e458
1778920 - Lcom/fsck/k9/activity/MessageList; onCreateOptionsMenu
1780187 + Lcom/fsck/k9/activity/MessageList; onOptionsItemSelected Check mail
1780188 - Lcom/fsck/k9/activity/MessageList; onOptionsItemSelected
Ljava/net/Socket;->connectV
Ljava/net/Socket;->connectV
Ljava/net/Socket;->closeV
Ljava/net/Socket;->connectV
Ljava/net/Socket;->connectV
Ljava/net/Socket;->closeV
Ljava/net/Socket;->closeV
Ljava/net/Socket;->connectV
1783146 + Lcom/fsck/k9/activity/MessageList; onOptionsItemSelected Account settings
Ljava/net/Socket;->closeV
1783287 - Lcom/fsck/k9/activity/MessageList; onOptionsItemSelected
1783287 + Lcom/fsck/k9/activity/MessageList; onSaveInstanceState
1783289 - Lcom/fsck/k9/activity/MessageList; onSaveInstanceState
1783289 + Lcom/fsck/k9/activity/MessageList; onPause
1783301 - Lcom/fsck/k9/activity/MessageList; onPause
1783323 + Lcom/fsck/k9/activity/setup/AccountSettings; onCreate
1783323 + Lcom/fsck/k9/K9PreferenceActivity; onCreate
1783328 - Lcom/fsck/k9/K9PreferenceActivity; onCreate
1783504 - Lcom/fsck/k9/activity/setup/AccountSettings; onCreate
1783505 + Lcom/fsck/k9/activity/setup/AccountSettings; onResume
1783509 - Lcom/fsck/k9/activity/setup/AccountSettings; onResume
Ljava/net/Socket;->closeV
1784993 + Lcom/fsck/k9/service/MailService; onCreate
1784994 - Lcom/fsck/k9/service/MailService; onCreate
Ljava/net/Socket;->connectV
1785072 + Lcom/fsck/k9/activity/MessageList; onResume
1785073 + Lcom/fsck/k9/K9Activity; onResume
1785095 - Lcom/fsck/k9/K9Activity; onResume
Ljava/net/Socket;->closeV
Ljava/net/Socket;->closeV
Ljava/net/Socket;->closeV
Ljava/net/Socket;->closeV
Ljava/net/Socket;->closeV
1785553 - Lcom/fsck/k9/activity/MessageList; onResume
Ljava/net/Socket;->connectV
1786087 + Lcom/fsck/k9/service/MailService; onDestroy
1786088 - Lcom/fsck/k9/service/MailService; onDestroy
Ljava/net/Socket;->closeV
Ljava/net/Socket;->connectV
Ljava/net/Socket;->connectV
Ljava/net/Socket;->connectV
Ljava/net/Socket;->connectV
Ljava/net/Socket;->connectV
Ljava/net/Socket;->connectV
Ljava/net/Socket;->connectV
Ljava/net/Socket;->connectV
Ljava/net/Socket;->connectV
Ljava/net/Socket;->connectV
Ljava/net/Socket;->connectV
Ljava/net/Socket;->connectV
Ljava/net/Socket;->connectV
Ljava/net/Socket;->connectV
Ljava/net/Socket;->connectV
Ljava/net/Socket;->connectV
Ljava/net/Socket;->connectV
Ljava/net/Socket;->connectV
Ljava/net/Socket;->connectV
Ljava/net/Socket;->connectV
Ljava/net/Socket;->connectV
Ljava/net/Socket;->connectV
Ljava/net/Socket;->connectV
Ljava/net/Socket;->connectV
Ljava/net/Socket;->connectV
Ljava/net/Socket;->connectV
Ljava/net/Socket;->closeV
Ljava/net/Socket;->closeV
Ljava/net/Socket;->closeV
Ljava/net/Socket;->closeV
Ljava/net/Socket;->closeV
Ljava/net/Socket;->closeV
Ljava/net/Socket;->closeV
Ljava/net/Socket;->closeV
Ljava/net/Socket;->closeV
Ljava/net/Socket;->closeV
Ljava/net/Socket;->closeV
Ljava/net/Socket;->closeV
Ljava/net/Socket;->closeV
Ljava/net/Socket;->closeV
Ljava/net/Socket;->closeV
Ljava/net/Socket;->closeV
Ljava/net/Socket;->closeV
Ljava/net/Socket;->closeV
Ljava/net/Socket;->closeV
Ljava/net/Socket;->closeV
Ljava/net/Socket;->closeV
Ljava/net/Socket;->closeV
Ljava/net/Socket;->closeV
Ljava/net/Socket;->closeV
Ljava/net/Socket;->closeV
Ljava/net/Socket;->closeV
Ljava/net/Socket;->connectV
Ljava/net/Socket;->connectV
Ljava/net/Socket;->connectV
Ljava/net/Socket;->connectV
Ljava/net/Socket;->connectV
Ljava/net/Socket;->connectV
Ljava/net/Socket;->connectV
Ljava/net/Socket;->connectV
Ljava/net/Socket;->connectV
Ljava/net/Socket;->connectV
Ljava/net/Socket;->connectV
Ljava/net/Socket;->connectV
Ljava/net/Socket;->connectV
Ljava/net/Socket;->connectV
Ljava/net/Socket;->connectV
Ljava/net/Socket;->connectV
Ljava/net/Socket;->connectV
Ljava/net/Socket;->connectV
Ljava/net/Socket;->connectV
Ljava/net/Socket;->connectV
Ljava/net/Socket;->connectV
Ljava/net/Socket;->connectV
Ljava/net/Socket;->connectV
Ljava/net/Socket;->connectV
Ljava/net/Socket;->connectV
1795998 + Lcom/fsck/k9/activity/MessageList; onItemClick android.widget.ListView@440d8fd8
1796212 - Lcom/fsck/k9/activity/MessageList; onItemClick
1796346 + Lcom/fsck/k9/activity/MessageList; onSaveInstanceState
1796347 - Lcom/fsck/k9/activity/MessageList; onSaveInstanceState
1796348 + Lcom/fsck/k9/activity/MessageList; onPause
1796348 - Lcom/fsck/k9/activity/MessageList; onPause
1796394 + Lcom/fsck/k9/activity/MessageView; onCreate
1796394 + Lcom/fsck/k9/K9Activity; onCreate
1796402 - Lcom/fsck/k9/K9Activity; onCreate
1796682 - Lcom/fsck/k9/activity/MessageView; onCreate
1796697 + Lcom/fsck/k9/activity/MessageView; onResume
1796698 + Lcom/fsck/k9/K9Activity; onResume
1796717 - Lcom/fsck/k9/K9Activity; onResume
1796808 - Lcom/fsck/k9/activity/MessageView; onResume
Ljava/net/Socket;->closeV
Ljava/net/Socket;->closeV
Ljava/net/Socket;->closeV
Ljava/net/Socket;->closeV
Ljava/net/Socket;->connectV
Ljava/net/Socket;->closeV
Ljava/net/Socket;->closeV
Ljava/net/Socket;->closeV
Ljava/net/Socket;->closeV
Ljava/net/Socket;->closeV
Ljava/net/Socket;->closeV
Ljava/net/Socket;->closeV
Ljava/net/Socket;->closeV
Ljava/net/Socket;->closeV
Ljava/net/Socket;->closeV
Ljava/net/Socket;->closeV
Ljava/net/Socket;->closeV
Ljava/net/Socket;->closeV
Ljava/net/Socket;->closeV
Ljava/net/Socket;->closeV
Ljava/net/Socket;->closeV
Ljava/net/Socket;->closeV
Ljava/net/Socket;->closeV
Ljava/net/Socket;->closeV
Ljava/net/Socket;->closeV
Ljava/net/Socket;->closeV
Ljava/net/Socket;->closeV
1800570 + Lcom/fsck/k9/activity/MessageView; onClick android.widget.Button@440f54e8
1800580 - Lcom/fsck/k9/activity/MessageView; onClick
1801802 + Lcom/fsck/k9/activity/MessageView; onClick android.widget.Button@4410ec70
1801812 - Lcom/fsck/k9/activity/MessageView; onClick
Ljava/net/Socket;->connectV
Ljava/net/Socket;->connectV
1803099 + Lcom/fsck/k9/activity/MessageView; onClick android.widget.Button@440f54e8
1803106 - Lcom/fsck/k9/activity/MessageView; onClick
Ljava/net/Socket;->connectV
Ljava/net/Socket;->connectV
Ljava/net/Socket;->connectV
Ljava/net/Socket;->connectV
Ljava/net/Socket;->connectV
Ljava/net/Socket;->connectV
Ljava/net/Socket;->connectV
1804222 + Lcom/fsck/k9/activity/MessageView; onClick android.widget.Button@440f54e8
1804236 - Lcom/fsck/k9/activity/MessageView; onClick
Ljava/net/Socket;->connectV
Ljava/net/Socket;->connectV
Ljava/net/Socket;->connectV
Ljava/net/Socket;->connectV
Ljava/net/Socket;->connectV
Ljava/net/Socket;->connectV
Ljava/net/Socket;->connectV
Ljava/net/Socket;->connectV
Ljava/net/Socket;->connectV
Ljava/net/Socket;->connectV
Ljava/net/Socket;->connectV
Ljava/net/Socket;->connectV
Ljava/net/Socket;->connectV
Ljava/net/Socket;->connectV
Ljava/net/Socket;->connectV
Ljava/net/Socket;->connectV
Ljava/net/Socket;->closeV
Ljava/net/Socket;->closeV
Ljava/net/Socket;->closeV
1806089 + Lcom/fsck/k9/activity/MessageView; onClick android.widget.Button@440f54e8
1806100 - Lcom/fsck/k9/activity/MessageView; onClick
Ljava/net/Socket;->closeV
Ljava/net/Socket;->closeV
Ljava/net/Socket;->closeV
Ljava/net/Socket;->closeV
Ljava/net/Socket;->closeV
Ljava/net/Socket;->closeV
Ljava/net/Socket;->closeV
Ljava/net/Socket;->closeV
Ljava/net/Socket;->closeV
Ljava/net/Socket;->closeV
Ljava/net/Socket;->closeV
Ljava/net/Socket;->closeV
Ljava/net/Socket;->closeV
Ljava/net/Socket;->closeV
Ljava/net/Socket;->closeV
Ljava/net/Socket;->closeV
Ljava/net/Socket;->closeV
Ljava/net/Socket;->closeV
Ljava/net/Socket;->connectV
Ljava/net/Socket;->closeV
1809091 + Lcom/fsck/k9/activity/MessageView; onClick android.widget.Button@44125990
1809099 - Lcom/fsck/k9/activity/MessageView; onClick
Ljava/net/Socket;->closeV
1810761 + Lcom/fsck/k9/activity/MessageView; onClick android.widget.Button@44125990
1810768 - Lcom/fsck/k9/activity/MessageView; onClick
Ljava/net/Socket;->connectV
Ljava/net/Socket;->closeV
1813096 + Lcom/fsck/k9/activity/MessageView; onClick android.widget.Button@4410ec70
1813111 - Lcom/fsck/k9/activity/MessageView; onClick
1814224 + Lcom/fsck/k9/activity/MessageView; onClick android.widget.Button@44125990
1814228 - Lcom/fsck/k9/activity/MessageView; onClick
1815350 + Lcom/fsck/k9/activity/MessageView; onClick android.widget.Button@44125990
1815355 - Lcom/fsck/k9/activity/MessageView; onClick
Ljava/net/Socket;->connectV
Ljava/net/Socket;->connectV
Ljava/net/Socket;->closeV
Ljava/net/Socket;->closeV
1817098 + Lcom/fsck/k9/activity/MessageView; onClick android.widget.Button@44125990
1817103 - Lcom/fsck/k9/activity/MessageView; onClick
Ljava/net/Socket;->connectV
Ljava/net/Socket;->connectV
Ljava/net/Socket;->connectV
Ljava/net/Socket;->connectV
Ljava/net/Socket;->connectV
Ljava/net/Socket;->connectV
Ljava/net/Socket;->connectV
Ljava/net/Socket;->connectV
Ljava/net/Socket;->connectV
Ljava/net/Socket;->connectV
Ljava/net/Socket;->connectV
Ljava/net/Socket;->connectV
Ljava/net/Socket;->connectV
Ljava/net/Socket;->connectV
Ljava/net/Socket;->connectV
Ljava/net/Socket;->connectV
Ljava/net/Socket;->connectV
Ljava/net/Socket;->connectV
Ljava/net/Socket;->connectV
1819623 + Lcom/fsck/k9/activity/MessageView; onClick android.widget.Button@44125990
1819634 - Lcom/fsck/k9/activity/MessageView; onClick
Ljava/net/Socket;->closeV
Ljava/net/Socket;->connectV
Ljava/net/Socket;->closeV
Ljava/net/Socket;->closeV
Ljava/net/Socket;->closeV
Ljava/net/Socket;->closeV
Ljava/net/Socket;->closeV
Ljava/net/Socket;->closeV
Ljava/net/Socket;->closeV
Ljava/net/Socket;->closeV
Ljava/net/Socket;->closeV
Ljava/net/Socket;->closeV
Ljava/net/Socket;->closeV
Ljava/net/Socket;->closeV
Ljava/net/Socket;->closeV
Ljava/net/Socket;->closeV
Ljava/net/Socket;->connectV
Ljava/net/Socket;->closeV
Ljava/net/Socket;->closeV
Ljava/net/Socket;->closeV
Ljava/net/Socket;->closeV
1822749 + Lcom/fsck/k9/activity/MessageList; onResume
1822751 + Lcom/fsck/k9/K9Activity; onResume
1822759 - Lcom/fsck/k9/K9Activity; onResume
1822906 - Lcom/fsck/k9/activity/MessageList; onResume
Ljava/net/Socket;->closeV
