

29298092 + Lcom/fsck/k9/activity/MessageList; onResume
29298096 + Lcom/fsck/k9/K9Activity; onResume
29298098 - Lcom/fsck/k9/K9Activity; onResume
29298177 - Lcom/fsck/k9/activity/MessageList; onResume
29301480 + Lcom/fsck/k9/activity/MessageList; onItemClick android.widget.ListView@44163840
29301504 - Lcom/fsck/k9/activity/MessageList; onItemClick
29301505 + Lcom/fsck/k9/activity/MessageList; onSaveInstanceState
29301507 - Lcom/fsck/k9/activity/MessageList; onSaveInstanceState
29301508 + Lcom/fsck/k9/activity/MessageList; onPause
29301509 - Lcom/fsck/k9/activity/MessageList; onPause
29301518 + Lcom/fsck/k9/activity/MessageView; onCreate
29301519 + Lcom/fsck/k9/K9Activity; onCreate
29301522 - Lcom/fsck/k9/K9Activity; onCreate
29301580 - Lcom/fsck/k9/activity/MessageView; onCreate
29301584 + Lcom/fsck/k9/activity/MessageView; onResume
29301584 + Lcom/fsck/k9/K9Activity; onResume
29301586 - Lcom/fsck/k9/K9Activity; onResume
29301587 - Lcom/fsck/k9/activity/MessageView; onResume
29305018 + Lcom/fsck/k9/activity/MessageView; onClick android.widget.Button@4420f810
29305025 - Lcom/fsck/k9/activity/MessageView; onClick
29308548 + Lcom/fsck/k9/activity/MessageView; onClick android.widget.Button@4420d580
29308557 - Lcom/fsck/k9/activity/MessageView; onClick
29312087 + Lcom/fsck/k9/activity/MessageView; onCreateOptionsMenu com.android.internal.view.menu.MenuBuilder@44055ac8
29312114 - Lcom/fsck/k9/activity/MessageView; onCreateOptionsMenu
29315530 + Lcom/fsck/k9/activity/MessageView; onOptionsItemSelected Mark as unread
29315689 - Lcom/fsck/k9/activity/MessageView; onOptionsItemSelected
29318878 + Lcom/fsck/k9/activity/MessageList; onResume
29318878 + Lcom/fsck/k9/K9Activity; onResume
29318880 - Lcom/fsck/k9/K9Activity; onResume
29319059 - Lcom/fsck/k9/activity/MessageList; onResume
29322840 + Lcom/fsck/k9/activity/MessageList; onCreateOptionsMenu com.android.internal.view.menu.MenuBuilder@44142db8
29322883 - Lcom/fsck/k9/activity/MessageList; onCreateOptionsMenu
29326663 + Lcom/fsck/k9/activity/MessageList; onOptionsItemSelected Sort by...
29326664 - Lcom/fsck/k9/activity/MessageList; onOptionsItemSelected
29330081 + Lcom/fsck/k9/activity/MessageList; onOptionsItemSelected Date
29330101 - Lcom/fsck/k9/activity/MessageList; onOptionsItemSelected
29337385 + Lcom/fsck/k9/activity/MessageList; onOptionsItemSelected Check mail
29337386 - Lcom/fsck/k9/activity/MessageList; onOptionsItemSelected
29342456 + Lcom/fsck/k9/service/MailService; onCreate
29342461 - Lcom/fsck/k9/service/MailService; onCreate
29342533 + Lcom/fsck/k9/service/MailService; onDestroy
29342533 - Lcom/fsck/k9/service/MailService; onDestroy
29344745 + Lcom/fsck/k9/activity/MessageList; onOptionsItemSelected Batch Ops
29344745 - Lcom/fsck/k9/activity/MessageList; onOptionsItemSelected
29348682 + Lcom/fsck/k9/activity/MessageList; onOptionsItemSelected Select all
29348691 - Lcom/fsck/k9/activity/MessageList; onOptionsItemSelected
29352495 + Lcom/fsck/k9/activity/MessageList; onClick android.widget.Button@44098890
29352497 - Lcom/fsck/k9/activity/MessageList; onClick
29359108 + Lcom/fsck/k9/service/MailService; onCreate
29359109 - Lcom/fsck/k9/service/MailService; onCreate
29359134 + Lcom/fsck/k9/service/MailService; onDestroy
29359135 - Lcom/fsck/k9/service/MailService; onDestroy
29359570 + Lcom/fsck/k9/activity/MessageList; onOptionsItemSelected Folder list
29359620 - Lcom/fsck/k9/activity/MessageList; onOptionsItemSelected
29359622 + Lcom/fsck/k9/activity/MessageList; onPause
29359622 - Lcom/fsck/k9/activity/MessageList; onPause
29359636 + Lcom/fsck/k9/activity/FolderList; onCreate
29359636 + Lcom/fsck/k9/K9ListActivity; onCreate
29359641 - Lcom/fsck/k9/K9ListActivity; onCreate
29359672 - Lcom/fsck/k9/activity/FolderList; onCreate
29359672 + Lcom/fsck/k9/activity/FolderList; onResume
29359673 + Lcom/fsck/k9/K9ListActivity; onResume
29359675 - Lcom/fsck/k9/K9ListActivity; onResume
29359735 - Lcom/fsck/k9/activity/FolderList; onResume
29364362 + Lcom/fsck/k9/activity/FolderList$2; onItemClick android.widget.ListView@4410eb18
29364382 - Lcom/fsck/k9/activity/FolderList$2; onItemClick
29364383 + Lcom/fsck/k9/activity/FolderList; onSaveInstanceState
29364384 - Lcom/fsck/k9/activity/FolderList; onSaveInstanceState
29364385 + Lcom/fsck/k9/activity/FolderList; onPause
29364385 - Lcom/fsck/k9/activity/FolderList; onPause
29364395 + Lcom/fsck/k9/activity/MessageList; onCreate
29364396 + Lcom/fsck/k9/K9Activity; onCreate
29364399 - Lcom/fsck/k9/K9Activity; onCreate
29364455 - Lcom/fsck/k9/activity/MessageList; onCreate
29364456 + Lcom/fsck/k9/activity/MessageList; onResume
29364457 + Lcom/fsck/k9/K9Activity; onResume
29364461 - Lcom/fsck/k9/K9Activity; onResume
29364611 - Lcom/fsck/k9/activity/MessageList; onResume
29367897 + Lcom/fsck/k9/activity/MessageList; onCreateOptionsMenu com.android.internal.view.menu.MenuBuilder@4410d600
29367916 - Lcom/fsck/k9/activity/MessageList; onCreateOptionsMenu
29375970 + Lcom/fsck/k9/activity/MessageList; onOptionsItemSelected Mark all messages as read
29376005 - Lcom/fsck/k9/activity/MessageList; onOptionsItemSelected
29379537 + Lcom/fsck/k9/activity/MessageList$3; onClick android.app.AlertDialog@4431a7d0
29379555 - Lcom/fsck/k9/activity/MessageList$3; onClick
29390872 + Lcom/fsck/k9/activity/MessageList; onOptionsItemSelected Account settings
29390883 - Lcom/fsck/k9/activity/MessageList; onOptionsItemSelected
29390889 + Lcom/fsck/k9/activity/MessageList; onSaveInstanceState
29390892 - Lcom/fsck/k9/activity/MessageList; onSaveInstanceState
29390900 + Lcom/fsck/k9/activity/MessageList; onPause
29390901 - Lcom/fsck/k9/activity/MessageList; onPause
29390923 + Lcom/fsck/k9/activity/setup/AccountSettings; onCreate
29390924 + Lcom/fsck/k9/K9PreferenceActivity; onCreate
29390931 - Lcom/fsck/k9/K9PreferenceActivity; onCreate
29391079 - Lcom/fsck/k9/activity/setup/AccountSettings; onCreate
29391080 + Lcom/fsck/k9/activity/setup/AccountSettings; onResume
29391085 - Lcom/fsck/k9/activity/setup/AccountSettings; onResume
