

617560 + Lcom/fsck/k9/activity/MessageList; onCreateOptionsMenu com.android.internal.view.menu.MenuBuilder@441a5b80
617602 - Lcom/fsck/k9/activity/MessageList; onCreateOptionsMenu
618664 + Lcom/fsck/k9/activity/MessageList; onOptionsItemSelected Compose
618713 - Lcom/fsck/k9/activity/MessageList; onOptionsItemSelected
618736 + Lcom/fsck/k9/activity/MessageList; onSaveInstanceState
618737 - Lcom/fsck/k9/activity/MessageList; onSaveInstanceState
618737 + Lcom/fsck/k9/activity/MessageList; onPause
618738 - Lcom/fsck/k9/activity/MessageList; onPause
618749 + Lcom/fsck/k9/activity/MessageCompose; onCreate
618750 + Lcom/fsck/k9/K9Activity; onCreate
618754 - Lcom/fsck/k9/K9Activity; onCreate
618790 - Lcom/fsck/k9/activity/MessageCompose; onCreate
618791 + Lcom/fsck/k9/activity/MessageCompose; onResume
618791 + Lcom/fsck/k9/K9Activity; onResume
618793 - Lcom/fsck/k9/K9Activity; onResume
618793 - Lcom/fsck/k9/activity/MessageCompose; onResume
622141 + Lcom/fsck/k9/activity/MessageCompose; onPause
622141 - Lcom/fsck/k9/activity/MessageCompose; onPause
622149 + Lcom/fsck/k9/activity/MessageList; onResume
622149 + Lcom/fsck/k9/K9Activity; onResume
622151 - Lcom/fsck/k9/K9Activity; onResume
622320 - Lcom/fsck/k9/activity/MessageList; onResume
623963 + Lcom/fsck/k9/activity/MessageList; onOptionsItemSelected Sort by...
623964 - Lcom/fsck/k9/activity/MessageList; onOptionsItemSelected
625402 + Lcom/fsck/k9/activity/MessageList; onOptionsItemSelected Date
625417 - Lcom/fsck/k9/activity/MessageList; onOptionsItemSelected
627746 + Lcom/fsck/k9/activity/MessageList; onOptionsItemSelected Batch Ops
627746 - Lcom/fsck/k9/activity/MessageList; onOptionsItemSelected
629320 + Lcom/fsck/k9/activity/MessageList; onOptionsItemSelected Select all
629325 - Lcom/fsck/k9/activity/MessageList; onOptionsItemSelected
630753 + Lcom/fsck/k9/activity/MessageList; onClick android.widget.Button@4426e268
630762 - Lcom/fsck/k9/activity/MessageList; onClick
632728 + Lcom/fsck/k9/activity/MessageList; onOptionsItemSelected Folder list
632772 - Lcom/fsck/k9/activity/MessageList; onOptionsItemSelected
632799 + Lcom/fsck/k9/activity/MessageList; onPause
632799 - Lcom/fsck/k9/activity/MessageList; onPause
632817 + Lcom/fsck/k9/activity/FolderList; onCreate
632818 + Lcom/fsck/k9/K9ListActivity; onCreate
632822 - Lcom/fsck/k9/K9ListActivity; onCreate
632854 - Lcom/fsck/k9/activity/FolderList; onCreate
632855 + Lcom/fsck/k9/activity/FolderList; onResume
632856 + Lcom/fsck/k9/K9ListActivity; onResume
632861 - Lcom/fsck/k9/K9ListActivity; onResume
632910 - Lcom/fsck/k9/activity/FolderList; onResume
634196 + Lcom/fsck/k9/activity/FolderList$2; onItemClick android.widget.ListView@440acef0
634219 - Lcom/fsck/k9/activity/FolderList$2; onItemClick
634224 + Lcom/fsck/k9/activity/FolderList; onSaveInstanceState
634226 - Lcom/fsck/k9/activity/FolderList; onSaveInstanceState
634226 + Lcom/fsck/k9/activity/FolderList; onPause
634227 - Lcom/fsck/k9/activity/FolderList; onPause
634239 + Lcom/fsck/k9/activity/MessageList; onCreate
634240 + Lcom/fsck/k9/K9Activity; onCreate
634244 - Lcom/fsck/k9/K9Activity; onCreate
634284 - Lcom/fsck/k9/activity/MessageList; onCreate
634285 + Lcom/fsck/k9/activity/MessageList; onResume
634286 + Lcom/fsck/k9/K9Activity; onResume
634289 - Lcom/fsck/k9/K9Activity; onResume
634553 - Lcom/fsck/k9/activity/MessageList; onResume
635631 + Lcom/fsck/k9/activity/MessageList; onCreateOptionsMenu com.android.internal.view.menu.MenuBuilder@441a8cf8
635649 - Lcom/fsck/k9/activity/MessageList; onCreateOptionsMenu
636743 + Lcom/fsck/k9/activity/MessageList; onOptionsItemSelected Check mail
636744 - Lcom/fsck/k9/activity/MessageList; onOptionsItemSelected
Ljava/net/Socket;->connectV
642779 + Lcom/fsck/k9/activity/MessageList; onOptionsItemSelected Folder settings
642824 - Lcom/fsck/k9/activity/MessageList; onOptionsItemSelected
642825 + Lcom/fsck/k9/activity/MessageList; onSaveInstanceState
642827 - Lcom/fsck/k9/activity/MessageList; onSaveInstanceState
642830 + Lcom/fsck/k9/activity/MessageList; onPause
642831 - Lcom/fsck/k9/activity/MessageList; onPause
642850 + Lcom/fsck/k9/activity/setup/FolderSettings; onCreate
642851 + Lcom/fsck/k9/K9PreferenceActivity; onCreate
642858 - Lcom/fsck/k9/K9PreferenceActivity; onCreate
642889 - Lcom/fsck/k9/activity/setup/FolderSettings; onCreate
642890 + Lcom/fsck/k9/activity/setup/FolderSettings; onResume
642891 - Lcom/fsck/k9/activity/setup/FolderSettings; onResume
643971 + Lcom/fsck/k9/service/MailService; onCreate
643972 - Lcom/fsck/k9/service/MailService; onCreate
643994 + Lcom/fsck/k9/activity/MessageList; onResume
643994 + Lcom/fsck/k9/K9Activity; onResume
643998 - Lcom/fsck/k9/K9Activity; onResume
Ljava/net/Socket;->closeV
Ljava/net/Socket;->closeV
Ljava/net/Socket;->closeV
Ljava/net/Socket;->closeV
Ljava/net/Socket;->closeV
Ljava/net/Socket;->closeV
Ljava/net/Socket;->closeV
Ljava/net/Socket;->closeV
Ljava/net/Socket;->closeV
Ljava/net/Socket;->closeV
644361 - Lcom/fsck/k9/activity/MessageList; onResume
644449 + Lcom/fsck/k9/service/MailService; onDestroy
644450 - Lcom/fsck/k9/service/MailService; onDestroy
Ljava/net/Socket;->connectV
Ljava/net/Socket;->connectV
Ljava/net/Socket;->connectV
Ljava/net/Socket;->connectV
Ljava/net/Socket;->connectV
Ljava/net/Socket;->connectV
Ljava/net/Socket;->connectV
Ljava/net/Socket;->connectV
Ljava/net/Socket;->connectV
645762 + Lcom/fsck/k9/activity/MessageList; onOptionsItemSelected Compose
645782 - Lcom/fsck/k9/activity/MessageList; onOptionsItemSelected
646060 + Lcom/fsck/k9/activity/MessageList; onSaveInstanceState
646061 - Lcom/fsck/k9/activity/MessageList; onSaveInstanceState
646061 + Lcom/fsck/k9/activity/MessageList; onPause
646061 - Lcom/fsck/k9/activity/MessageList; onPause
646132 + Lcom/fsck/k9/activity/MessageCompose; onCreate
646132 + Lcom/fsck/k9/K9Activity; onCreate
646134 - Lcom/fsck/k9/K9Activity; onCreate
646319 - Lcom/fsck/k9/activity/MessageCompose; onCreate
646319 + Lcom/fsck/k9/activity/MessageCompose; onResume
646320 + Lcom/fsck/k9/K9Activity; onResume
646324 - Lcom/fsck/k9/K9Activity; onResume
646325 - Lcom/fsck/k9/activity/MessageCompose; onResume
Ljava/net/Socket;->closeV
Ljava/net/Socket;->closeV
Ljava/net/Socket;->closeV
Ljava/net/Socket;->closeV
Ljava/net/Socket;->closeV
Ljava/net/Socket;->closeV
Ljava/net/Socket;->closeV
Ljava/net/Socket;->closeV
Ljava/net/Socket;->closeV
648104 + Lcom/fsck/k9/activity/MessageCompose; onPause
648105 - Lcom/fsck/k9/activity/MessageCompose; onPause
648134 + Lcom/fsck/k9/activity/MessageList; onResume
648136 + Lcom/fsck/k9/K9Activity; onResume
648138 - Lcom/fsck/k9/K9Activity; onResume
648314 - Lcom/fsck/k9/activity/MessageList; onResume
Ljava/net/Socket;->connectV
Ljava/net/Socket;->connectV
Ljava/net/Socket;->connectV
Ljava/net/Socket;->connectV
Ljava/net/Socket;->connectV
Ljava/net/Socket;->connectV
Ljava/net/Socket;->connectV
Ljava/net/Socket;->connectV
650105 + Lcom/fsck/k9/activity/MessageList; onOptionsItemSelected Sort by...
650106 - Lcom/fsck/k9/activity/MessageList; onOptionsItemSelected
Ljava/net/Socket;->connectV
Ljava/net/Socket;->closeV
Ljava/net/Socket;->closeV
Ljava/net/Socket;->closeV
Ljava/net/Socket;->closeV
Ljava/net/Socket;->closeV
Ljava/net/Socket;->closeV
Ljava/net/Socket;->closeV
Ljava/net/Socket;->closeV
Ljava/net/Socket;->closeV
653387 + Lcom/fsck/k9/activity/MessageList; onOptionsItemSelected Subject
653432 - Lcom/fsck/k9/activity/MessageList; onOptionsItemSelected
655421 + Lcom/fsck/k9/activity/MessageList; onOptionsItemSelected Batch Ops
655423 - Lcom/fsck/k9/activity/MessageList; onOptionsItemSelected
Ljava/net/Socket;->connectV
Ljava/net/Socket;->connectV
656667 + Lcom/fsck/k9/activity/MessageList; onOptionsItemSelected Select all
656668 - Lcom/fsck/k9/activity/MessageList; onOptionsItemSelected
Ljava/net/Socket;->connectV
Ljava/net/Socket;->connectV
Ljava/net/Socket;->connectV
Ljava/net/Socket;->connectV
Ljava/net/Socket;->connectV
Ljava/net/Socket;->connectV
Ljava/net/Socket;->connectV
657915 + Lcom/fsck/k9/activity/MessageList; onClick android.widget.Button@441b91c8
657917 - Lcom/fsck/k9/activity/MessageList; onClick
Ljava/net/Socket;->closeV
Ljava/net/Socket;->closeV
Ljava/net/Socket;->closeV
Ljava/net/Socket;->closeV
Ljava/net/Socket;->closeV
Ljava/net/Socket;->closeV
663138 + Lcom/fsck/k9/activity/MessageList; onOptionsItemSelected Folder list
663224 - Lcom/fsck/k9/activity/MessageList; onOptionsItemSelected
663251 + Lcom/fsck/k9/activity/MessageList; onPause
663251 - Lcom/fsck/k9/activity/MessageList; onPause
663272 + Lcom/fsck/k9/activity/FolderList; onCreate
663274 + Lcom/fsck/k9/K9ListActivity; onCreate
663276 - Lcom/fsck/k9/K9ListActivity; onCreate
663315 - Lcom/fsck/k9/activity/FolderList; onCreate
663320 + Lcom/fsck/k9/activity/FolderList; onResume
663320 + Lcom/fsck/k9/K9ListActivity; onResume
663322 - Lcom/fsck/k9/K9ListActivity; onResume
663372 - Lcom/fsck/k9/activity/FolderList; onResume
664936 + Lcom/fsck/k9/activity/FolderList$2; onItemClick android.widget.ListView@44066f28
664971 - Lcom/fsck/k9/activity/FolderList$2; onItemClick
664971 + Lcom/fsck/k9/activity/FolderList; onSaveInstanceState
664972 - Lcom/fsck/k9/activity/FolderList; onSaveInstanceState
664972 + Lcom/fsck/k9/activity/FolderList; onPause
664973 - Lcom/fsck/k9/activity/FolderList; onPause
664990 + Lcom/fsck/k9/activity/MessageList; onCreate
664991 + Lcom/fsck/k9/K9Activity; onCreate
664993 - Lcom/fsck/k9/K9Activity; onCreate
665019 - Lcom/fsck/k9/activity/MessageList; onCreate
665020 + Lcom/fsck/k9/activity/MessageList; onResume
665020 + Lcom/fsck/k9/K9Activity; onResume
665023 - Lcom/fsck/k9/K9Activity; onResume
665298 - Lcom/fsck/k9/activity/MessageList; onResume
666239 + Lcom/fsck/k9/activity/MessageList; onCreateOptionsMenu com.android.internal.view.menu.MenuBuilder@4411deb0
666281 - Lcom/fsck/k9/activity/MessageList; onCreateOptionsMenu
667496 + Lcom/fsck/k9/activity/MessageList; onOptionsItemSelected Check mail
667500 - Lcom/fsck/k9/activity/MessageList; onOptionsItemSelected
Ljava/net/Socket;->connectV
Ljava/net/Socket;->connectV
Ljava/net/Socket;->connectV
Ljava/net/Socket;->connectV
Ljava/net/Socket;->connectV
Ljava/net/Socket;->connectV
Ljava/net/Socket;->connectV
671171 + Lcom/fsck/k9/activity/MessageList; onOptionsItemSelected Account settings
671191 - Lcom/fsck/k9/activity/MessageList; onOptionsItemSelected
671192 + Lcom/fsck/k9/activity/MessageList; onSaveInstanceState
671194 - Lcom/fsck/k9/activity/MessageList; onSaveInstanceState
671194 + Lcom/fsck/k9/activity/MessageList; onPause
671198 - Lcom/fsck/k9/activity/MessageList; onPause
671217 + Lcom/fsck/k9/activity/setup/AccountSettings; onCreate
671219 + Lcom/fsck/k9/K9PreferenceActivity; onCreate
671231 - Lcom/fsck/k9/K9PreferenceActivity; onCreate
671378 - Lcom/fsck/k9/activity/setup/AccountSettings; onCreate
671379 + Lcom/fsck/k9/activity/setup/AccountSettings; onResume
671387 - Lcom/fsck/k9/activity/setup/AccountSettings; onResume
673471 + Lcom/fsck/k9/service/MailService; onCreate
673472 - Lcom/fsck/k9/service/MailService; onCreate
673489 + Lcom/fsck/k9/activity/MessageList; onResume
673491 + Lcom/fsck/k9/K9Activity; onResume
673493 - Lcom/fsck/k9/K9Activity; onResume
Ljava/net/Socket;->closeV
Ljava/net/Socket;->closeV
Ljava/net/Socket;->closeV
Ljava/net/Socket;->closeV
Ljava/net/Socket;->closeV
Ljava/net/Socket;->closeV
Ljava/net/Socket;->closeV
Ljava/net/Socket;->closeV
Ljava/net/Socket;->closeV
Ljava/net/Socket;->closeV
673789 - Lcom/fsck/k9/activity/MessageList; onResume
673833 + Lcom/fsck/k9/service/MailService; onDestroy
673833 - Lcom/fsck/k9/service/MailService; onDestroy
Ljava/net/Socket;->connectV
Ljava/net/Socket;->connectV
Ljava/net/Socket;->connectV
Ljava/net/Socket;->connectV
Ljava/net/Socket;->connectV
Ljava/net/Socket;->connectV
Ljava/net/Socket;->connectV
Ljava/net/Socket;->connectV
Ljava/net/Socket;->connectV
Ljava/net/Socket;->closeV
Ljava/net/Socket;->closeV
Ljava/net/Socket;->closeV
Ljava/net/Socket;->closeV
Ljava/net/Socket;->closeV
Ljava/net/Socket;->closeV
Ljava/net/Socket;->closeV
Ljava/net/Socket;->closeV
Ljava/net/Socket;->closeV
Ljava/net/Socket;->connectV
Ljava/net/Socket;->connectV
Ljava/net/Socket;->connectV
Ljava/net/Socket;->connectV
Ljava/net/Socket;->connectV
Ljava/net/Socket;->connectV
Ljava/net/Socket;->connectV
Ljava/net/Socket;->connectV
Ljava/net/Socket;->connectV
Ljava/net/Socket;->closeV
Ljava/net/Socket;->closeV
Ljava/net/Socket;->closeV
Ljava/net/Socket;->closeV
Ljava/net/Socket;->closeV
Ljava/net/Socket;->closeV
Ljava/net/Socket;->closeV
Ljava/net/Socket;->closeV
Ljava/net/Socket;->closeV
681322 + Lcom/fsck/k9/activity/MessageList; onOptionsItemSelected Compose
681478 - Lcom/fsck/k9/activity/MessageList; onOptionsItemSelected
681520 + Lcom/fsck/k9/activity/MessageList; onSaveInstanceState
681521 - Lcom/fsck/k9/activity/MessageList; onSaveInstanceState
681522 + Lcom/fsck/k9/activity/MessageList; onPause
681523 - Lcom/fsck/k9/activity/MessageList; onPause
681545 + Lcom/fsck/k9/activity/MessageCompose; onCreate
681546 + Lcom/fsck/k9/K9Activity; onCreate
681552 - Lcom/fsck/k9/K9Activity; onCreate
681708 - Lcom/fsck/k9/activity/MessageCompose; onCreate
681709 + Lcom/fsck/k9/activity/MessageCompose; onResume
681709 + Lcom/fsck/k9/K9Activity; onResume
681714 - Lcom/fsck/k9/K9Activity; onResume
681715 - Lcom/fsck/k9/activity/MessageCompose; onResume
683995 + Lcom/fsck/k9/activity/MessageCompose; onPause
683997 - Lcom/fsck/k9/activity/MessageCompose; onPause
684023 + Lcom/fsck/k9/activity/MessageList; onResume
684023 + Lcom/fsck/k9/K9Activity; onResume
684027 - Lcom/fsck/k9/K9Activity; onResume
684267 - Lcom/fsck/k9/activity/MessageList; onResume
Ljava/net/Socket;->connectV
Ljava/net/Socket;->connectV
Ljava/net/Socket;->connectV
Ljava/net/Socket;->connectV
Ljava/net/Socket;->connectV
Ljava/net/Socket;->connectV
Ljava/net/Socket;->closeV
Ljava/net/Socket;->closeV
Ljava/net/Socket;->connectV
Ljava/net/Socket;->connectV
686852 + Lcom/fsck/k9/activity/MessageList; onOptionsItemSelected Sort by...
686853 - Lcom/fsck/k9/activity/MessageList; onOptionsItemSelected
Ljava/net/Socket;->connectV
Ljava/net/Socket;->closeV
Ljava/net/Socket;->closeV
Ljava/net/Socket;->closeV
690478 + Lcom/fsck/k9/activity/MessageList; onOptionsItemSelected Date
690496 - Lcom/fsck/k9/activity/MessageList; onOptionsItemSelected
693123 + Lcom/fsck/k9/activity/MessageList; onOptionsItemSelected Batch Ops
693124 - Lcom/fsck/k9/activity/MessageList; onOptionsItemSelected
694227 + Lcom/fsck/k9/activity/MessageList; onOptionsItemSelected Select all
694228 - Lcom/fsck/k9/activity/MessageList; onOptionsItemSelected
695385 + Lcom/fsck/k9/activity/MessageList; onClick android.widget.Button@44184b28
695387 - Lcom/fsck/k9/activity/MessageList; onClick
Ljava/net/Socket;->connectV
697423 + Lcom/fsck/k9/activity/MessageList; onOptionsItemSelected Folder list
697454 - Lcom/fsck/k9/activity/MessageList; onOptionsItemSelected
697472 + Lcom/fsck/k9/activity/MessageList; onPause
697473 - Lcom/fsck/k9/activity/MessageList; onPause
697486 + Lcom/fsck/k9/activity/FolderList; onCreate
697486 + Lcom/fsck/k9/K9ListActivity; onCreate
697489 - Lcom/fsck/k9/K9ListActivity; onCreate
697516 - Lcom/fsck/k9/activity/FolderList; onCreate
697517 + Lcom/fsck/k9/activity/FolderList; onResume
697517 + Lcom/fsck/k9/K9ListActivity; onResume
697519 - Lcom/fsck/k9/K9ListActivity; onResume
697550 - Lcom/fsck/k9/activity/FolderList; onResume
Ljava/net/Socket;->closeV
Ljava/net/Socket;->connectV
Ljava/net/Socket;->connectV
Ljava/net/Socket;->connectV
Ljava/net/Socket;->connectV
Ljava/net/Socket;->closeV
Ljava/net/Socket;->closeV
Ljava/net/Socket;->closeV
701666 + Lcom/fsck/k9/activity/FolderList$2; onItemClick android.widget.ListView@441dd4f8
701761 - Lcom/fsck/k9/activity/FolderList$2; onItemClick
701765 + Lcom/fsck/k9/activity/FolderList; onSaveInstanceState
701766 - Lcom/fsck/k9/activity/FolderList; onSaveInstanceState
701767 + Lcom/fsck/k9/activity/FolderList; onPause
701768 - Lcom/fsck/k9/activity/FolderList; onPause
701782 + Lcom/fsck/k9/activity/MessageList; onCreate
701782 + Lcom/fsck/k9/K9Activity; onCreate
701785 - Lcom/fsck/k9/K9Activity; onCreate
701811 - Lcom/fsck/k9/activity/MessageList; onCreate
701812 + Lcom/fsck/k9/activity/MessageList; onResume
701812 + Lcom/fsck/k9/K9Activity; onResume
701814 - Lcom/fsck/k9/K9Activity; onResume
701908 - Lcom/fsck/k9/activity/MessageList; onResume
702879 + Lcom/fsck/k9/activity/MessageList; onCreateOptionsMenu com.android.internal.view.menu.MenuBuilder@4431e6e8
702909 - Lcom/fsck/k9/activity/MessageList; onCreateOptionsMenu
703984 + Lcom/fsck/k9/activity/MessageList; onOptionsItemSelected Check mail
703987 - Lcom/fsck/k9/activity/MessageList; onOptionsItemSelected
Ljava/net/Socket;->connectV
709997 + Lcom/fsck/k9/activity/MessageList; onOptionsItemSelected Folder settings
710036 - Lcom/fsck/k9/activity/MessageList; onOptionsItemSelected
710048 + Lcom/fsck/k9/activity/MessageList; onSaveInstanceState
710049 - Lcom/fsck/k9/activity/MessageList; onSaveInstanceState
710050 + Lcom/fsck/k9/activity/MessageList; onPause
710051 - Lcom/fsck/k9/activity/MessageList; onPause
710093 + Lcom/fsck/k9/activity/setup/FolderSettings; onCreate
710096 + Lcom/fsck/k9/K9PreferenceActivity; onCreate
710120 - Lcom/fsck/k9/K9PreferenceActivity; onCreate
710150 - Lcom/fsck/k9/activity/setup/FolderSettings; onCreate
710155 + Lcom/fsck/k9/activity/setup/FolderSettings; onResume
710156 - Lcom/fsck/k9/activity/setup/FolderSettings; onResume
711708 + Lcom/fsck/k9/service/MailService; onCreate
711708 - Lcom/fsck/k9/service/MailService; onCreate
Ljava/net/Socket;->closeV
711834 + Lcom/fsck/k9/activity/MessageList; onResume
Ljava/net/Socket;->closeV
Ljava/net/Socket;->closeV
711845 + Lcom/fsck/k9/K9Activity; onResume
711847 - Lcom/fsck/k9/K9Activity; onResume
Ljava/net/Socket;->closeV
Ljava/net/Socket;->closeV
Ljava/net/Socket;->closeV
712039 - Lcom/fsck/k9/activity/MessageList; onResume
Ljava/net/Socket;->connectV
712262 + Lcom/fsck/k9/service/MailService; onDestroy
712263 - Lcom/fsck/k9/service/MailService; onDestroy
Ljava/net/Socket;->connectV
713849 + Lcom/fsck/k9/activity/MessageList; onOptionsItemSelected Compose
713905 - Lcom/fsck/k9/activity/MessageList; onOptionsItemSelected
713918 + Lcom/fsck/k9/activity/MessageList; onSaveInstanceState
713919 - Lcom/fsck/k9/activity/MessageList; onSaveInstanceState
713920 + Lcom/fsck/k9/activity/MessageList; onPause
713921 - Lcom/fsck/k9/activity/MessageList; onPause
714005 + Lcom/fsck/k9/activity/MessageCompose; onCreate
714007 + Lcom/fsck/k9/K9Activity; onCreate
714011 - Lcom/fsck/k9/K9Activity; onCreate
714058 - Lcom/fsck/k9/activity/MessageCompose; onCreate
714059 + Lcom/fsck/k9/activity/MessageCompose; onResume
714059 + Lcom/fsck/k9/K9Activity; onResume
714062 - Lcom/fsck/k9/K9Activity; onResume
714063 - Lcom/fsck/k9/activity/MessageCompose; onResume
Ljava/net/Socket;->connectV
Ljava/net/Socket;->connectV
716127 + Lcom/fsck/k9/activity/MessageCompose; onPause
716127 - Lcom/fsck/k9/activity/MessageCompose; onPause
716155 + Lcom/fsck/k9/activity/MessageList; onResume
716156 + Lcom/fsck/k9/K9Activity; onResume
716162 - Lcom/fsck/k9/K9Activity; onResume
716300 - Lcom/fsck/k9/activity/MessageList; onResume
Ljava/net/Socket;->connectV
Ljava/net/Socket;->connectV
Ljava/net/Socket;->connectV
Ljava/net/Socket;->connectV
Ljava/net/Socket;->connectV
717984 + Lcom/fsck/k9/activity/MessageList; onOptionsItemSelected Sort by...
717985 - Lcom/fsck/k9/activity/MessageList; onOptionsItemSelected
720511 + Lcom/fsck/k9/activity/MessageList; onOptionsItemSelected Date
720533 - Lcom/fsck/k9/activity/MessageList; onOptionsItemSelected
722611 + Lcom/fsck/k9/activity/MessageList; onOptionsItemSelected Batch Ops
722612 - Lcom/fsck/k9/activity/MessageList; onOptionsItemSelected
723710 + Lcom/fsck/k9/activity/MessageList; onOptionsItemSelected Select all
723712 - Lcom/fsck/k9/activity/MessageList; onOptionsItemSelected
725018 + Lcom/fsck/k9/activity/MessageList; onClick android.widget.Button@442f7db0
725023 - Lcom/fsck/k9/activity/MessageList; onClick
726694 + Lcom/fsck/k9/activity/MessageList; onOptionsItemSelected Folder list
726714 - Lcom/fsck/k9/activity/MessageList; onOptionsItemSelected
726735 + Lcom/fsck/k9/activity/MessageList; onPause
726735 - Lcom/fsck/k9/activity/MessageList; onPause
726750 + Lcom/fsck/k9/activity/FolderList; onCreate
726750 + Lcom/fsck/k9/K9ListActivity; onCreate
726752 - Lcom/fsck/k9/K9ListActivity; onCreate
726841 - Lcom/fsck/k9/activity/FolderList; onCreate
726842 + Lcom/fsck/k9/activity/FolderList; onResume
726842 + Lcom/fsck/k9/K9ListActivity; onResume
726844 - Lcom/fsck/k9/K9ListActivity; onResume
726875 - Lcom/fsck/k9/activity/FolderList; onResume
728158 + Lcom/fsck/k9/activity/FolderList$2; onItemClick android.widget.ListView@44185b08
728166 - Lcom/fsck/k9/activity/FolderList$2; onItemClick
728176 + Lcom/fsck/k9/activity/FolderList; onSaveInstanceState
728177 - Lcom/fsck/k9/activity/FolderList; onSaveInstanceState
728179 + Lcom/fsck/k9/activity/FolderList; onPause
728181 - Lcom/fsck/k9/activity/FolderList; onPause
728199 + Lcom/fsck/k9/activity/MessageList; onCreate
728200 + Lcom/fsck/k9/K9Activity; onCreate
728202 - Lcom/fsck/k9/K9Activity; onCreate
728228 - Lcom/fsck/k9/activity/MessageList; onCreate
728228 + Lcom/fsck/k9/activity/MessageList; onResume
728229 + Lcom/fsck/k9/K9Activity; onResume
728231 - Lcom/fsck/k9/K9Activity; onResume
728318 - Lcom/fsck/k9/activity/MessageList; onResume
729107 + Lcom/fsck/k9/activity/MessageList; onCreateOptionsMenu com.android.internal.view.menu.MenuBuilder@441f6cd8
729139 - Lcom/fsck/k9/activity/MessageList; onCreateOptionsMenu
730010 + Lcom/fsck/k9/activity/MessageList; onOptionsItemSelected Check mail
730013 - Lcom/fsck/k9/activity/MessageList; onOptionsItemSelected
Ljava/net/Socket;->connectV
736820 + Lcom/fsck/k9/activity/MessageList; onOptionsItemSelected Account settings
736873 - Lcom/fsck/k9/activity/MessageList; onOptionsItemSelected
736883 + Lcom/fsck/k9/activity/MessageList; onSaveInstanceState
736884 - Lcom/fsck/k9/activity/MessageList; onSaveInstanceState
736885 + Lcom/fsck/k9/activity/MessageList; onPause
736885 - Lcom/fsck/k9/activity/MessageList; onPause
736897 + Lcom/fsck/k9/activity/setup/AccountSettings; onCreate
736897 + Lcom/fsck/k9/K9PreferenceActivity; onCreate
736905 - Lcom/fsck/k9/K9PreferenceActivity; onCreate
737001 - Lcom/fsck/k9/activity/setup/AccountSettings; onCreate
737002 + Lcom/fsck/k9/activity/setup/AccountSettings; onResume
737006 - Lcom/fsck/k9/activity/setup/AccountSettings; onResume
738257 + Lcom/fsck/k9/service/MailService; onCreate
738258 - Lcom/fsck/k9/service/MailService; onCreate
Ljava/net/Socket;->closeV
Ljava/net/Socket;->closeV
Ljava/net/Socket;->closeV
Ljava/net/Socket;->closeV
Ljava/net/Socket;->closeV
738330 + Lcom/fsck/k9/activity/MessageList; onResume
738335 + Lcom/fsck/k9/K9Activity; onResume
Ljava/net/Socket;->closeV
Ljava/net/Socket;->closeV
738348 - Lcom/fsck/k9/K9Activity; onResume
Ljava/net/Socket;->closeV
Ljava/net/Socket;->closeV
Ljava/net/Socket;->closeV
Ljava/net/Socket;->connectV
738753 - Lcom/fsck/k9/activity/MessageList; onResume
738911 + Lcom/fsck/k9/service/MailService; onDestroy
738912 - Lcom/fsck/k9/service/MailService; onDestroy
Ljava/net/Socket;->closeV
Ljava/net/Socket;->connectV
740971 + Lcom/fsck/k9/activity/MessageList; onItemClick android.widget.ListView@44276ba8
740998 - Lcom/fsck/k9/activity/MessageList; onItemClick
740998 + Lcom/fsck/k9/activity/MessageList; onSaveInstanceState
740999 - Lcom/fsck/k9/activity/MessageList; onSaveInstanceState
741000 + Lcom/fsck/k9/activity/MessageList; onPause
741001 - Lcom/fsck/k9/activity/MessageList; onPause
741016 + Lcom/fsck/k9/activity/MessageView; onCreate
741017 + Lcom/fsck/k9/K9Activity; onCreate
741019 - Lcom/fsck/k9/K9Activity; onCreate
741178 - Lcom/fsck/k9/activity/MessageView; onCreate
741178 + Lcom/fsck/k9/activity/MessageView; onResume
741179 + Lcom/fsck/k9/K9Activity; onResume
741245 - Lcom/fsck/k9/K9Activity; onResume
741245 - Lcom/fsck/k9/activity/MessageView; onResume
Ljava/net/Socket;->closeV
Ljava/net/Socket;->connectV
Ljava/net/Socket;->closeV
Ljava/net/Socket;->connectV
742720 + Lcom/fsck/k9/activity/MessageView; onClick android.widget.Button@4416e088
742729 - Lcom/fsck/k9/activity/MessageView; onClick
Ljava/net/Socket;->connectV
744246 + Lcom/fsck/k9/activity/MessageView; onClick android.widget.Button@44186370
744263 - Lcom/fsck/k9/activity/MessageView; onClick
Ljava/net/Socket;->connectV
Ljava/net/Socket;->connectV
745582 + Lcom/fsck/k9/activity/MessageView; onClick android.widget.Button@4416e088
745590 - Lcom/fsck/k9/activity/MessageView; onClick
Ljava/net/Socket;->closeV
Ljava/net/Socket;->connectV
746805 + Lcom/fsck/k9/activity/MessageView; onClick android.widget.Button@4416e088
746807 - Lcom/fsck/k9/activity/MessageView; onClick
Ljava/net/Socket;->connectV
Ljava/net/Socket;->connectV
Ljava/net/Socket;->connectV
Ljava/net/Socket;->connectV
Ljava/net/Socket;->connectV
748819 + Lcom/fsck/k9/activity/MessageList; onResume
748819 + Lcom/fsck/k9/K9Activity; onResume
748822 - Lcom/fsck/k9/K9Activity; onResume
748987 - Lcom/fsck/k9/activity/MessageList; onResume
Ljava/net/Socket;->connectV
Ljava/net/Socket;->closeV
751083 + Lcom/fsck/k9/activity/MessageList; onItemClick android.widget.ListView@44276ba8
751193 - Lcom/fsck/k9/activity/MessageList; onItemClick
751193 + Lcom/fsck/k9/activity/MessageList; onSaveInstanceState
751345 - Lcom/fsck/k9/activity/MessageList; onSaveInstanceState
751346 + Lcom/fsck/k9/activity/MessageList; onPause
751346 - Lcom/fsck/k9/activity/MessageList; onPause
751370 + Lcom/fsck/k9/activity/MessageView; onCreate
751371 + Lcom/fsck/k9/K9Activity; onCreate
751373 - Lcom/fsck/k9/K9Activity; onCreate
751460 - Lcom/fsck/k9/activity/MessageView; onCreate
751460 + Lcom/fsck/k9/activity/MessageView; onResume
751461 + Lcom/fsck/k9/K9Activity; onResume
751462 - Lcom/fsck/k9/K9Activity; onResume
751463 - Lcom/fsck/k9/activity/MessageView; onResume
753089 + Lcom/fsck/k9/activity/MessageView; onClick android.widget.Button@440ce118
753100 - Lcom/fsck/k9/activity/MessageView; onClick
754303 + Lcom/fsck/k9/activity/MessageView; onClick android.widget.Button@440ce118
754311 - Lcom/fsck/k9/activity/MessageView; onClick
755684 + Lcom/fsck/k9/activity/MessageView; onClick android.widget.Button@4414c9d0
755690 - Lcom/fsck/k9/activity/MessageView; onClick
756822 + Lcom/fsck/k9/activity/MessageView; onClick android.widget.Button@440ce118
756830 - Lcom/fsck/k9/activity/MessageView; onClick
757855 + Lcom/fsck/k9/activity/MessageView; onClick android.widget.Button@440ce118
757860 - Lcom/fsck/k9/activity/MessageView; onClick
Ljava/net/Socket;->connectV
758956 + Lcom/fsck/k9/activity/MessageList; onResume
758958 + Lcom/fsck/k9/K9Activity; onResume
758968 - Lcom/fsck/k9/K9Activity; onResume
759162 - Lcom/fsck/k9/activity/MessageList; onResume
763161 + Lcom/fsck/k9/activity/MessageList; onOptionsItemSelected Account settings
763250 - Lcom/fsck/k9/activity/MessageList; onOptionsItemSelected
763251 + Lcom/fsck/k9/activity/MessageList; onSaveInstanceState
763253 - Lcom/fsck/k9/activity/MessageList; onSaveInstanceState
763253 + Lcom/fsck/k9/activity/MessageList; onPause
763256 - Lcom/fsck/k9/activity/MessageList; onPause
763269 + Lcom/fsck/k9/activity/setup/AccountSettings; onCreate
763270 + Lcom/fsck/k9/K9PreferenceActivity; onCreate
763277 - Lcom/fsck/k9/K9PreferenceActivity; onCreate
763396 - Lcom/fsck/k9/activity/setup/AccountSettings; onCreate
763397 + Lcom/fsck/k9/activity/setup/AccountSettings; onResume
763402 - Lcom/fsck/k9/activity/setup/AccountSettings; onResume
781459 + Lcom/fsck/k9/service/MailService; onCreate
781460 - Lcom/fsck/k9/service/MailService; onCreate
781481 + Lcom/fsck/k9/activity/MessageList; onResume
781481 + Lcom/fsck/k9/K9Activity; onResume
781483 - Lcom/fsck/k9/K9Activity; onResume
Ljava/net/Socket;->closeV
Ljava/net/Socket;->closeV
Ljava/net/Socket;->closeV
Ljava/net/Socket;->closeV
Ljava/net/Socket;->closeV
Ljava/net/Socket;->closeV
Ljava/net/Socket;->closeV
Ljava/net/Socket;->closeV
Ljava/net/Socket;->closeV
Ljava/net/Socket;->closeV
Ljava/net/Socket;->connectV
Ljava/net/Socket;->connectV
Ljava/net/Socket;->connectV
Ljava/net/Socket;->connectV
Ljava/net/Socket;->connectV
Ljava/net/Socket;->connectV
Ljava/net/Socket;->connectV
Ljava/net/Socket;->connectV
Ljava/net/Socket;->connectV
Ljava/net/Socket;->connectV
Ljava/net/Socket;->connectV
Ljava/net/Socket;->connectV
Ljava/net/Socket;->connectV
Ljava/net/Socket;->connectV
Ljava/net/Socket;->connectV
Ljava/net/Socket;->connectV
Ljava/net/Socket;->connectV
Ljava/net/Socket;->connectV
Ljava/net/Socket;->connectV
Ljava/net/Socket;->connectV
Ljava/net/Socket;->connectV
Ljava/net/Socket;->connectV
Ljava/net/Socket;->connectV
Ljava/net/Socket;->connectV
Ljava/net/Socket;->connectV
782020 - Lcom/fsck/k9/activity/MessageList; onResume
782167 + Lcom/fsck/k9/service/MailService; onDestroy
782168 - Lcom/fsck/k9/service/MailService; onDestroy
782877 + Lcom/fsck/k9/activity/MessageList; onPause
782882 - Lcom/fsck/k9/activity/MessageList; onPause
782914 + Lcom/fsck/k9/activity/FolderList; onResume
782917 + Lcom/fsck/k9/K9ListActivity; onResume
782922 - Lcom/fsck/k9/K9ListActivity; onResume
782996 - Lcom/fsck/k9/activity/FolderList; onResume
785453 + Lcom/fsck/k9/activity/FolderList$2; onItemClick android.widget.ListView@44185b08
785959 - Lcom/fsck/k9/activity/FolderList$2; onItemClick
785995 + Lcom/fsck/k9/activity/FolderList; onSaveInstanceState
785995 - Lcom/fsck/k9/activity/FolderList; onSaveInstanceState
785995 + Lcom/fsck/k9/activity/FolderList; onPause
785996 - Lcom/fsck/k9/activity/FolderList; onPause
Ljava/net/Socket;->closeV
Ljava/net/Socket;->closeV
786245 + Lcom/fsck/k9/activity/MessageList; onCreate
786282 + Lcom/fsck/k9/K9Activity; onCreate
786284 - Lcom/fsck/k9/K9Activity; onCreate
Ljava/net/Socket;->closeV
Ljava/net/Socket;->closeV
Ljava/net/Socket;->closeV
Ljava/net/Socket;->closeV
Ljava/net/Socket;->closeV
Ljava/net/Socket;->closeV
786760 - Lcom/fsck/k9/activity/MessageList; onCreate
786762 + Lcom/fsck/k9/activity/MessageList; onResume
786763 + Lcom/fsck/k9/K9Activity; onResume
786771 - Lcom/fsck/k9/K9Activity; onResume
Ljava/net/Socket;->closeV
Ljava/net/Socket;->closeV
Ljava/net/Socket;->closeV
Ljava/net/Socket;->closeV
Ljava/net/Socket;->closeV
Ljava/net/Socket;->closeV
Ljava/net/Socket;->closeV
Ljava/net/Socket;->closeV
Ljava/net/Socket;->closeV
Ljava/net/Socket;->closeV
Ljava/net/Socket;->closeV
Ljava/net/Socket;->closeV
Ljava/net/Socket;->closeV
Ljava/net/Socket;->closeV
Ljava/net/Socket;->closeV
Ljava/net/Socket;->closeV
787455 - Lcom/fsck/k9/activity/MessageList; onResume
Ljava/net/Socket;->closeV
788525 + Lcom/fsck/k9/activity/MessageList; onCreateOptionsMenu com.android.internal.view.menu.MenuBuilder@44120c38
788563 - Lcom/fsck/k9/activity/MessageList; onCreateOptionsMenu
Ljava/net/Socket;->connectV
Ljava/net/Socket;->connectV
Ljava/net/Socket;->connectV
Ljava/net/Socket;->connectV
Ljava/net/Socket;->connectV
Ljava/net/Socket;->connectV
Ljava/net/Socket;->connectV
Ljava/net/Socket;->connectV
Ljava/net/Socket;->connectV
Ljava/net/Socket;->connectV
Ljava/net/Socket;->connectV
Ljava/net/Socket;->closeV
Ljava/net/Socket;->connectV
Ljava/net/Socket;->connectV
Ljava/net/Socket;->connectV
Ljava/net/Socket;->connectV
Ljava/net/Socket;->connectV
Ljava/net/Socket;->connectV
Ljava/net/Socket;->connectV
Ljava/net/Socket;->connectV
Ljava/net/Socket;->connectV
Ljava/net/Socket;->connectV
Ljava/net/Socket;->connectV
Ljava/net/Socket;->connectV
Ljava/net/Socket;->connectV
Ljava/net/Socket;->closeV
Ljava/net/Socket;->connectV
Ljava/net/Socket;->closeV
Ljava/net/Socket;->closeV
Ljava/net/Socket;->closeV
Ljava/net/Socket;->closeV
793092 + Lcom/fsck/k9/activity/MessageList; onOptionsItemSelected Account settings
Ljava/net/Socket;->closeV
793557 - Lcom/fsck/k9/activity/MessageList; onOptionsItemSelected
Ljava/net/Socket;->closeV
793643 + Lcom/fsck/k9/activity/MessageList; onSaveInstanceState
793645 - Lcom/fsck/k9/activity/MessageList; onSaveInstanceState
793646 + Lcom/fsck/k9/activity/MessageList; onPause
793646 - Lcom/fsck/k9/activity/MessageList; onPause
Ljava/net/Socket;->closeV
Ljava/net/Socket;->closeV
Ljava/net/Socket;->closeV
Ljava/net/Socket;->closeV
Ljava/net/Socket;->closeV
793853 + Lcom/fsck/k9/activity/setup/AccountSettings; onCreate
793853 + Lcom/fsck/k9/K9PreferenceActivity; onCreate
793858 - Lcom/fsck/k9/K9PreferenceActivity; onCreate
Ljava/net/Socket;->closeV
Ljava/net/Socket;->closeV
Ljava/net/Socket;->closeV
Ljava/net/Socket;->closeV
Ljava/net/Socket;->closeV
Ljava/net/Socket;->closeV
Ljava/net/Socket;->closeV
Ljava/net/Socket;->closeV
Ljava/net/Socket;->closeV
794294 - Lcom/fsck/k9/activity/setup/AccountSettings; onCreate
794295 + Lcom/fsck/k9/activity/setup/AccountSettings; onResume
794298 - Lcom/fsck/k9/activity/setup/AccountSettings; onResume
Ljava/net/Socket;->closeV
Ljava/net/Socket;->connectV
Ljava/net/Socket;->connectV
Ljava/net/Socket;->connectV
Ljava/net/Socket;->closeV
Ljava/net/Socket;->connectV
Ljava/net/Socket;->connectV
798017 + Lcom/fsck/k9/service/MailService; onCreate
798018 - Lcom/fsck/k9/service/MailService; onCreate
798042 + Lcom/fsck/k9/activity/MessageList; onResume
798043 + Lcom/fsck/k9/K9Activity; onResume
798045 - Lcom/fsck/k9/K9Activity; onResume
Ljava/net/Socket;->closeV
Ljava/net/Socket;->closeV
Ljava/net/Socket;->closeV
Ljava/net/Socket;->closeV
Ljava/net/Socket;->closeV
Ljava/net/Socket;->closeV
Ljava/net/Socket;->closeV
Ljava/net/Socket;->connectV
Ljava/net/Socket;->closeV
Ljava/net/Socket;->closeV
Ljava/net/Socket;->connectV
798801 - Lcom/fsck/k9/activity/MessageList; onResume
799045 + Lcom/fsck/k9/service/MailService; onDestroy
799046 - Lcom/fsck/k9/service/MailService; onDestroy
Ljava/net/Socket;->connectV
Ljava/net/Socket;->connectV
Ljava/net/Socket;->connectV
Ljava/net/Socket;->connectV
Ljava/net/Socket;->connectV
Ljava/net/Socket;->connectV
Ljava/net/Socket;->connectV
Ljava/net/Socket;->connectV
Ljava/net/Socket;->connectV
Ljava/net/Socket;->connectV
Ljava/net/Socket;->connectV
Ljava/net/Socket;->connectV
Ljava/net/Socket;->connectV
Ljava/net/Socket;->connectV
Ljava/net/Socket;->connectV
Ljava/net/Socket;->connectV
Ljava/net/Socket;->connectV
Ljava/net/Socket;->connectV
Ljava/net/Socket;->connectV
Ljava/net/Socket;->connectV
Ljava/net/Socket;->connectV
Ljava/net/Socket;->connectV
Ljava/net/Socket;->connectV
Ljava/net/Socket;->connectV
Ljava/net/Socket;->connectV
801549 + Lcom/fsck/k9/activity/MessageList; onOptionsItemSelected Compose
801644 - Lcom/fsck/k9/activity/MessageList; onOptionsItemSelected
801668 + Lcom/fsck/k9/activity/MessageList; onSaveInstanceState
801676 - Lcom/fsck/k9/activity/MessageList; onSaveInstanceState
801679 + Lcom/fsck/k9/activity/MessageList; onPause
801680 - Lcom/fsck/k9/activity/MessageList; onPause
801701 + Lcom/fsck/k9/activity/MessageCompose; onCreate
801702 + Lcom/fsck/k9/K9Activity; onCreate
801706 - Lcom/fsck/k9/K9Activity; onCreate
801881 - Lcom/fsck/k9/activity/MessageCompose; onCreate
801881 + Lcom/fsck/k9/activity/MessageCompose; onResume
801882 + Lcom/fsck/k9/K9Activity; onResume
801883 - Lcom/fsck/k9/K9Activity; onResume
801888 - Lcom/fsck/k9/activity/MessageCompose; onResume
Ljava/net/Socket;->closeV
Ljava/net/Socket;->closeV
Ljava/net/Socket;->closeV
Ljava/net/Socket;->closeV
Ljava/net/Socket;->closeV
Ljava/net/Socket;->closeV
Ljava/net/Socket;->closeV
Ljava/net/Socket;->closeV
Ljava/net/Socket;->closeV
805044 + Lcom/fsck/k9/activity/MessageCompose; onPause
805058 - Lcom/fsck/k9/activity/MessageCompose; onPause
Ljava/net/Socket;->closeV
805134 + Lcom/fsck/k9/activity/MessageList; onResume
805135 + Lcom/fsck/k9/K9Activity; onResume
805146 - Lcom/fsck/k9/K9Activity; onResume
Ljava/net/Socket;->closeV
Ljava/net/Socket;->closeV
Ljava/net/Socket;->closeV
Ljava/net/Socket;->closeV
Ljava/net/Socket;->closeV
Ljava/net/Socket;->closeV
805581 - Lcom/fsck/k9/activity/MessageList; onResume
Ljava/net/Socket;->closeV
Ljava/net/Socket;->connectV
Ljava/net/Socket;->connectV
Ljava/net/Socket;->connectV
Ljava/net/Socket;->connectV
Ljava/net/Socket;->connectV
Ljava/net/Socket;->connectV
Ljava/net/Socket;->connectV
Ljava/net/Socket;->connectV
Ljava/net/Socket;->connectV
Ljava/net/Socket;->connectV
Ljava/net/Socket;->connectV
Ljava/net/Socket;->connectV
Ljava/net/Socket;->connectV
Ljava/net/Socket;->connectV
Ljava/net/Socket;->connectV
Ljava/net/Socket;->connectV
Ljava/net/Socket;->connectV
Ljava/net/Socket;->closeV
Ljava/net/Socket;->closeV
Ljava/net/Socket;->closeV
810643 + Lcom/fsck/k9/activity/MessageList; onOptionsItemSelected Sort by...
810643 - Lcom/fsck/k9/activity/MessageList; onOptionsItemSelected
Ljava/net/Socket;->closeV
Ljava/net/Socket;->closeV
Ljava/net/Socket;->closeV
Ljava/net/Socket;->closeV
Ljava/net/Socket;->closeV
Ljava/net/Socket;->closeV
Ljava/net/Socket;->closeV
Ljava/net/Socket;->closeV
Ljava/net/Socket;->closeV
Ljava/net/Socket;->closeV
Ljava/net/Socket;->closeV
Ljava/net/Socket;->closeV
Ljava/net/Socket;->closeV
812773 + Lcom/fsck/k9/activity/MessageList; onOptionsItemSelected Subject
812820 - Lcom/fsck/k9/activity/MessageList; onOptionsItemSelected
Ljava/net/Socket;->connectV
Ljava/net/Socket;->closeV
814970 + Lcom/fsck/k9/activity/MessageList; onOptionsItemSelected Batch Ops
814971 - Lcom/fsck/k9/activity/MessageList; onOptionsItemSelected
Ljava/net/Socket;->connectV
Ljava/net/Socket;->connectV
Ljava/net/Socket;->connectV
Ljava/net/Socket;->connectV
Ljava/net/Socket;->connectV
Ljava/net/Socket;->connectV
Ljava/net/Socket;->connectV
Ljava/net/Socket;->connectV
Ljava/net/Socket;->closeV
Ljava/net/Socket;->connectV
Ljava/net/Socket;->connectV
Ljava/net/Socket;->connectV
Ljava/net/Socket;->connectV
Ljava/net/Socket;->connectV
Ljava/net/Socket;->connectV
816671 + Lcom/fsck/k9/activity/MessageList; onOptionsItemSelected Select all
816674 - Lcom/fsck/k9/activity/MessageList; onOptionsItemSelected
Ljava/net/Socket;->connectV
Ljava/net/Socket;->closeV
Ljava/net/Socket;->closeV
818223 + Lcom/fsck/k9/activity/MessageList; onClick android.widget.Button@44275c10
818228 - Lcom/fsck/k9/activity/MessageList; onClick
Ljava/net/Socket;->closeV
Ljava/net/Socket;->closeV
Ljava/net/Socket;->closeV
Ljava/net/Socket;->closeV
Ljava/net/Socket;->closeV
Ljava/net/Socket;->closeV
Ljava/net/Socket;->closeV
Ljava/net/Socket;->closeV
Ljava/net/Socket;->closeV
Ljava/net/Socket;->closeV
Ljava/net/Socket;->closeV
Ljava/net/Socket;->closeV
Ljava/net/Socket;->connectV
820553 + Lcom/fsck/k9/activity/MessageList; onOptionsItemSelected Folder list
Ljava/net/Socket;->closeV
820681 - Lcom/fsck/k9/activity/MessageList; onOptionsItemSelected
820731 + Lcom/fsck/k9/activity/MessageList; onPause
820732 - Lcom/fsck/k9/activity/MessageList; onPause
820763 + Lcom/fsck/k9/activity/FolderList; onCreate
820764 + Lcom/fsck/k9/K9ListActivity; onCreate
820771 - Lcom/fsck/k9/K9ListActivity; onCreate
820822 - Lcom/fsck/k9/activity/FolderList; onCreate
820828 + Lcom/fsck/k9/activity/FolderList; onResume
820828 + Lcom/fsck/k9/K9ListActivity; onResume
820831 - Lcom/fsck/k9/K9ListActivity; onResume
820990 - Lcom/fsck/k9/activity/FolderList; onResume
822132 + Lcom/fsck/k9/activity/FolderList$2; onItemClick android.widget.ListView@441b87f8
822152 - Lcom/fsck/k9/activity/FolderList$2; onItemClick
822152 + Lcom/fsck/k9/activity/FolderList; onSaveInstanceState
822153 - Lcom/fsck/k9/activity/FolderList; onSaveInstanceState
822153 + Lcom/fsck/k9/activity/FolderList; onPause
822154 - Lcom/fsck/k9/activity/FolderList; onPause
822163 + Lcom/fsck/k9/activity/MessageList; onCreate
822163 + Lcom/fsck/k9/K9Activity; onCreate
822165 - Lcom/fsck/k9/K9Activity; onCreate
822201 - Lcom/fsck/k9/activity/MessageList; onCreate
822202 + Lcom/fsck/k9/activity/MessageList; onResume
822202 + Lcom/fsck/k9/K9Activity; onResume
822204 - Lcom/fsck/k9/K9Activity; onResume
822440 - Lcom/fsck/k9/activity/MessageList; onResume
823560 + Lcom/fsck/k9/activity/MessageList; onCreateOptionsMenu com.android.internal.view.menu.MenuBuilder@44217ee0
823630 - Lcom/fsck/k9/activity/MessageList; onCreateOptionsMenu
824605 + Lcom/fsck/k9/activity/MessageList; onOptionsItemSelected Check mail
824621 - Lcom/fsck/k9/activity/MessageList; onOptionsItemSelected
Ljava/net/Socket;->connectV
Ljava/net/Socket;->closeV
Ljava/net/Socket;->connectV
827842 + Lcom/fsck/k9/activity/MessageList; onOptionsItemSelected Folder settings
Ljava/net/Socket;->connectV
827948 - Lcom/fsck/k9/activity/MessageList; onOptionsItemSelected
827984 + Lcom/fsck/k9/activity/MessageList; onSaveInstanceState
827985 - Lcom/fsck/k9/activity/MessageList; onSaveInstanceState
827985 + Lcom/fsck/k9/activity/MessageList; onPause
827986 - Lcom/fsck/k9/activity/MessageList; onPause
828169 + Lcom/fsck/k9/activity/setup/FolderSettings; onCreate
828170 + Lcom/fsck/k9/K9PreferenceActivity; onCreate
828175 - Lcom/fsck/k9/K9PreferenceActivity; onCreate
828278 - Lcom/fsck/k9/activity/setup/FolderSettings; onCreate
828293 + Lcom/fsck/k9/activity/setup/FolderSettings; onResume
828294 - Lcom/fsck/k9/activity/setup/FolderSettings; onResume
Ljava/net/Socket;->closeV
Ljava/net/Socket;->connectV
Ljava/net/Socket;->connectV
Ljava/net/Socket;->closeV
Ljava/net/Socket;->connectV
Ljava/net/Socket;->connectV
Ljava/net/Socket;->connectV
Ljava/net/Socket;->connectV
Ljava/net/Socket;->connectV
Ljava/net/Socket;->connectV
Ljava/net/Socket;->connectV
Ljava/net/Socket;->connectV
Ljava/net/Socket;->connectV
Ljava/net/Socket;->connectV
829593 + Lcom/fsck/k9/service/MailService; onCreate
829613 - Lcom/fsck/k9/service/MailService; onCreate
Ljava/net/Socket;->closeV
829882 + Lcom/fsck/k9/activity/MessageList; onResume
829888 + Lcom/fsck/k9/K9Activity; onResume
Ljava/net/Socket;->connectV
829894 - Lcom/fsck/k9/K9Activity; onResume
830492 - Lcom/fsck/k9/activity/MessageList; onResume
Ljava/net/Socket;->closeV
Ljava/net/Socket;->closeV
Ljava/net/Socket;->closeV
Ljava/net/Socket;->closeV
Ljava/net/Socket;->closeV
Ljava/net/Socket;->closeV
Ljava/net/Socket;->closeV
Ljava/net/Socket;->closeV
Ljava/net/Socket;->closeV
Ljava/net/Socket;->closeV
Ljava/net/Socket;->closeV
Ljava/net/Socket;->closeV
Ljava/net/Socket;->closeV
Ljava/net/Socket;->closeV
Ljava/net/Socket;->closeV
Ljava/net/Socket;->closeV
Ljava/net/Socket;->closeV
Ljava/net/Socket;->closeV
Ljava/net/Socket;->closeV
Ljava/net/Socket;->closeV
Ljava/net/Socket;->closeV
Ljava/net/Socket;->closeV
Ljava/net/Socket;->closeV
Ljava/net/Socket;->connectV
Ljava/net/Socket;->closeV
Ljava/net/Socket;->connectV
832945 + Lcom/fsck/k9/service/MailService; onDestroy
832947 - Lcom/fsck/k9/service/MailService; onDestroy
833187 + Lcom/fsck/k9/activity/MessageList; onOptionsItemSelected Compose
833269 - Lcom/fsck/k9/activity/MessageList; onOptionsItemSelected
Ljava/net/Socket;->closeV
Ljava/net/Socket;->connectV
833332 + Lcom/fsck/k9/activity/MessageList; onSaveInstanceState
833333 - Lcom/fsck/k9/activity/MessageList; onSaveInstanceState
833333 + Lcom/fsck/k9/activity/MessageList; onPause
833341 - Lcom/fsck/k9/activity/MessageList; onPause
833381 + Lcom/fsck/k9/activity/MessageCompose; onCreate
833383 + Lcom/fsck/k9/K9Activity; onCreate
833392 - Lcom/fsck/k9/K9Activity; onCreate
833584 - Lcom/fsck/k9/activity/MessageCompose; onCreate
833585 + Lcom/fsck/k9/activity/MessageCompose; onResume
833586 + Lcom/fsck/k9/K9Activity; onResume
833590 - Lcom/fsck/k9/K9Activity; onResume
833591 - Lcom/fsck/k9/activity/MessageCompose; onResume
Ljava/net/Socket;->connectV
835334 + Lcom/fsck/k9/activity/MessageCompose; onPause
835335 - Lcom/fsck/k9/activity/MessageCompose; onPause
835358 + Lcom/fsck/k9/activity/MessageList; onResume
835359 + Lcom/fsck/k9/K9Activity; onResume
835362 - Lcom/fsck/k9/K9Activity; onResume
835515 - Lcom/fsck/k9/activity/MessageList; onResume
Ljava/net/Socket;->connectV
837115 + Lcom/fsck/k9/activity/MessageList; onOptionsItemSelected Sort by...
837116 - Lcom/fsck/k9/activity/MessageList; onOptionsItemSelected
Ljava/net/Socket;->connectV
Ljava/net/Socket;->connectV
838856 + Lcom/fsck/k9/activity/MessageList; onOptionsItemSelected Date
838886 - Lcom/fsck/k9/activity/MessageList; onOptionsItemSelected
840738 + Lcom/fsck/k9/activity/MessageList; onOptionsItemSelected Batch Ops
840739 - Lcom/fsck/k9/activity/MessageList; onOptionsItemSelected
841811 + Lcom/fsck/k9/activity/MessageList; onOptionsItemSelected Select all
841820 - Lcom/fsck/k9/activity/MessageList; onOptionsItemSelected
Ljava/net/Socket;->connectV
842602 + Lcom/fsck/k9/activity/MessageList; onClick android.widget.Button@4415be58
842614 - Lcom/fsck/k9/activity/MessageList; onClick
Ljava/net/Socket;->connectV
Ljava/net/Socket;->connectV
Ljava/net/Socket;->connectV
Ljava/net/Socket;->connectV
Ljava/net/Socket;->connectV
Ljava/net/Socket;->connectV
Ljava/net/Socket;->connectV
Ljava/net/Socket;->connectV
Ljava/net/Socket;->connectV
Ljava/net/Socket;->connectV
Ljava/net/Socket;->connectV
Ljava/net/Socket;->connectV
Ljava/net/Socket;->connectV
Ljava/net/Socket;->connectV
Ljava/net/Socket;->connectV
Ljava/net/Socket;->connectV
Ljava/net/Socket;->connectV
Ljava/net/Socket;->connectV
Ljava/net/Socket;->connectV
844283 + Lcom/fsck/k9/activity/MessageList; onOptionsItemSelected Folder list
844310 - Lcom/fsck/k9/activity/MessageList; onOptionsItemSelected
844345 + Lcom/fsck/k9/activity/MessageList; onPause
844345 - Lcom/fsck/k9/activity/MessageList; onPause
844374 + Lcom/fsck/k9/activity/FolderList; onCreate
844375 + Lcom/fsck/k9/K9ListActivity; onCreate
844377 - Lcom/fsck/k9/K9ListActivity; onCreate
844402 - Lcom/fsck/k9/activity/FolderList; onCreate
844403 + Lcom/fsck/k9/activity/FolderList; onResume
844404 + Lcom/fsck/k9/K9ListActivity; onResume
844416 - Lcom/fsck/k9/K9ListActivity; onResume
844471 - Lcom/fsck/k9/activity/FolderList; onResume
845914 + Lcom/fsck/k9/activity/FolderList$2; onItemClick android.widget.ListView@441c4a68
845932 - Lcom/fsck/k9/activity/FolderList$2; onItemClick
846064 + Lcom/fsck/k9/activity/FolderList; onSaveInstanceState
846065 - Lcom/fsck/k9/activity/FolderList; onSaveInstanceState
846065 + Lcom/fsck/k9/activity/FolderList; onPause
846066 - Lcom/fsck/k9/activity/FolderList; onPause
846750 + Lcom/fsck/k9/activity/MessageList; onCreate
846757 + Lcom/fsck/k9/K9Activity; onCreate
846758 - Lcom/fsck/k9/K9Activity; onCreate
847280 - Lcom/fsck/k9/activity/MessageList; onCreate
847280 + Lcom/fsck/k9/activity/MessageList; onResume
847281 + Lcom/fsck/k9/K9Activity; onResume
847298 - Lcom/fsck/k9/K9Activity; onResume
Ljava/net/Socket;->closeV
Ljava/net/Socket;->closeV
Ljava/net/Socket;->closeV
Ljava/net/Socket;->closeV
Ljava/net/Socket;->closeV
Ljava/net/Socket;->closeV
Ljava/net/Socket;->closeV
Ljava/net/Socket;->closeV
Ljava/net/Socket;->closeV
Ljava/net/Socket;->closeV
Ljava/net/Socket;->closeV
Ljava/net/Socket;->closeV
Ljava/net/Socket;->closeV
Ljava/net/Socket;->closeV
Ljava/net/Socket;->closeV
848046 - Lcom/fsck/k9/activity/MessageList; onResume
Ljava/net/Socket;->closeV
849367 + Lcom/fsck/k9/activity/MessageList; onCreateOptionsMenu com.android.internal.view.menu.MenuBuilder@4437b520
849407 - Lcom/fsck/k9/activity/MessageList; onCreateOptionsMenu
Ljava/net/Socket;->connectV
Ljava/net/Socket;->connectV
Ljava/net/Socket;->connectV
Ljava/net/Socket;->connectV
Ljava/net/Socket;->connectV
Ljava/net/Socket;->connectV
Ljava/net/Socket;->connectV
Ljava/net/Socket;->connectV
Ljava/net/Socket;->connectV
Ljava/net/Socket;->connectV
850391 + Lcom/fsck/k9/activity/MessageList; onOptionsItemSelected Check mail
850400 - Lcom/fsck/k9/activity/MessageList; onOptionsItemSelected
Ljava/net/Socket;->connectV
Ljava/net/Socket;->connectV
Ljava/net/Socket;->connectV
Ljava/net/Socket;->connectV
Ljava/net/Socket;->connectV
Ljava/net/Socket;->closeV
Ljava/net/Socket;->closeV
Ljava/net/Socket;->closeV
Ljava/net/Socket;->closeV
Ljava/net/Socket;->closeV
Ljava/net/Socket;->closeV
Ljava/net/Socket;->closeV
Ljava/net/Socket;->closeV
Ljava/net/Socket;->closeV
Ljava/net/Socket;->closeV
Ljava/net/Socket;->closeV
Ljava/net/Socket;->closeV
Ljava/net/Socket;->closeV
Ljava/net/Socket;->closeV
Ljava/net/Socket;->connectV
854799 + Lcom/fsck/k9/activity/MessageList; onOptionsItemSelected Account settings
854844 - Lcom/fsck/k9/activity/MessageList; onOptionsItemSelected
854855 + Lcom/fsck/k9/activity/MessageList; onSaveInstanceState
854856 - Lcom/fsck/k9/activity/MessageList; onSaveInstanceState
854857 + Lcom/fsck/k9/activity/MessageList; onPause
854857 - Lcom/fsck/k9/activity/MessageList; onPause
854875 + Lcom/fsck/k9/activity/setup/AccountSettings; onCreate
854876 + Lcom/fsck/k9/K9PreferenceActivity; onCreate
854883 - Lcom/fsck/k9/K9PreferenceActivity; onCreate
855019 - Lcom/fsck/k9/activity/setup/AccountSettings; onCreate
855020 + Lcom/fsck/k9/activity/setup/AccountSettings; onResume
855029 - Lcom/fsck/k9/activity/setup/AccountSettings; onResume
Ljava/net/Socket;->closeV
856219 + Lcom/fsck/k9/service/MailService; onCreate
856220 - Lcom/fsck/k9/service/MailService; onCreate
856243 + Lcom/fsck/k9/activity/MessageList; onResume
856244 + Lcom/fsck/k9/K9Activity; onResume
856245 - Lcom/fsck/k9/K9Activity; onResume
Ljava/net/Socket;->closeV
Ljava/net/Socket;->closeV
Ljava/net/Socket;->closeV
Ljava/net/Socket;->closeV
Ljava/net/Socket;->closeV
Ljava/net/Socket;->closeV
Ljava/net/Socket;->closeV
Ljava/net/Socket;->closeV
Ljava/net/Socket;->closeV
Ljava/net/Socket;->closeV
Ljava/net/Socket;->closeV
Ljava/net/Socket;->closeV
Ljava/net/Socket;->connectV
Ljava/net/Socket;->connectV
Ljava/net/Socket;->connectV
Ljava/net/Socket;->connectV
Ljava/net/Socket;->connectV
Ljava/net/Socket;->connectV
Ljava/net/Socket;->connectV
Ljava/net/Socket;->connectV
Ljava/net/Socket;->connectV
Ljava/net/Socket;->connectV
Ljava/net/Socket;->connectV
Ljava/net/Socket;->connectV
Ljava/net/Socket;->connectV
Ljava/net/Socket;->connectV
Ljava/net/Socket;->connectV
Ljava/net/Socket;->connectV
Ljava/net/Socket;->connectV
Ljava/net/Socket;->connectV
Ljava/net/Socket;->connectV
Ljava/net/Socket;->connectV
Ljava/net/Socket;->connectV
Ljava/net/Socket;->connectV
Ljava/net/Socket;->connectV
Ljava/net/Socket;->connectV
Ljava/net/Socket;->connectV
Ljava/net/Socket;->connectV
856855 - Lcom/fsck/k9/activity/MessageList; onResume
857055 + Lcom/fsck/k9/service/MailService; onDestroy
857056 - Lcom/fsck/k9/service/MailService; onDestroy
Ljava/net/Socket;->closeV
860577 + Lcom/fsck/k9/activity/MessageList; onOptionsItemSelected Compose
Ljava/net/Socket;->closeV
Ljava/net/Socket;->closeV
Ljava/net/Socket;->closeV
Ljava/net/Socket;->closeV
Ljava/net/Socket;->closeV
Ljava/net/Socket;->closeV
861034 - Lcom/fsck/k9/activity/MessageList; onOptionsItemSelected
861080 + Lcom/fsck/k9/activity/MessageList; onSaveInstanceState
861082 - Lcom/fsck/k9/activity/MessageList; onSaveInstanceState
861086 + Lcom/fsck/k9/activity/MessageList; onPause
861086 - Lcom/fsck/k9/activity/MessageList; onPause
Ljava/net/Socket;->closeV
861148 + Lcom/fsck/k9/activity/MessageCompose; onCreate
861150 + Lcom/fsck/k9/K9Activity; onCreate
861151 - Lcom/fsck/k9/K9Activity; onCreate
861241 - Lcom/fsck/k9/activity/MessageCompose; onCreate
861242 + Lcom/fsck/k9/activity/MessageCompose; onResume
861242 + Lcom/fsck/k9/K9Activity; onResume
861244 - Lcom/fsck/k9/K9Activity; onResume
861245 - Lcom/fsck/k9/activity/MessageCompose; onResume
Ljava/net/Socket;->closeV
Ljava/net/Socket;->closeV
Ljava/net/Socket;->closeV
Ljava/net/Socket;->closeV
Ljava/net/Socket;->closeV
Ljava/net/Socket;->closeV
Ljava/net/Socket;->closeV
Ljava/net/Socket;->closeV
Ljava/net/Socket;->closeV
Ljava/net/Socket;->closeV
Ljava/net/Socket;->closeV
Ljava/net/Socket;->closeV
Ljava/net/Socket;->closeV
Ljava/net/Socket;->closeV
Ljava/net/Socket;->closeV
Ljava/net/Socket;->closeV
Ljava/net/Socket;->closeV
Ljava/net/Socket;->connectV
Ljava/net/Socket;->connectV
Ljava/net/Socket;->connectV
Ljava/net/Socket;->connectV
Ljava/net/Socket;->connectV
Ljava/net/Socket;->connectV
Ljava/net/Socket;->connectV
Ljava/net/Socket;->connectV
863777 + Lcom/fsck/k9/activity/MessageCompose; onPause
863780 - Lcom/fsck/k9/activity/MessageCompose; onPause
863814 + Lcom/fsck/k9/activity/MessageList; onResume
863815 + Lcom/fsck/k9/K9Activity; onResume
863819 - Lcom/fsck/k9/K9Activity; onResume
Ljava/net/Socket;->connectV
Ljava/net/Socket;->connectV
Ljava/net/Socket;->connectV
Ljava/net/Socket;->connectV
Ljava/net/Socket;->connectV
Ljava/net/Socket;->connectV
Ljava/net/Socket;->connectV
Ljava/net/Socket;->connectV
Ljava/net/Socket;->connectV
Ljava/net/Socket;->connectV
Ljava/net/Socket;->connectV
864419 - Lcom/fsck/k9/activity/MessageList; onResume
Ljava/net/Socket;->connectV
Ljava/net/Socket;->connectV
Ljava/net/Socket;->connectV
Ljava/net/Socket;->connectV
Ljava/net/Socket;->connectV
Ljava/net/Socket;->connectV
Ljava/net/Socket;->closeV
Ljava/net/Socket;->closeV
Ljava/net/Socket;->closeV
Ljava/net/Socket;->closeV
Ljava/net/Socket;->closeV
Ljava/net/Socket;->closeV
Ljava/net/Socket;->closeV
Ljava/net/Socket;->closeV
Ljava/net/Socket;->closeV
Ljava/net/Socket;->closeV
Ljava/net/Socket;->closeV
Ljava/net/Socket;->closeV
Ljava/net/Socket;->closeV
Ljava/net/Socket;->closeV
Ljava/net/Socket;->closeV
Ljava/net/Socket;->closeV
Ljava/net/Socket;->closeV
Ljava/net/Socket;->closeV
Ljava/net/Socket;->closeV
Ljava/net/Socket;->closeV
869974 + Lcom/fsck/k9/activity/MessageList; onOptionsItemSelected Sort by...
869975 - Lcom/fsck/k9/activity/MessageList; onOptionsItemSelected
Ljava/net/Socket;->connectV
Ljava/net/Socket;->connectV
Ljava/net/Socket;->connectV
Ljava/net/Socket;->connectV
871698 + Lcom/fsck/k9/activity/MessageList; onOptionsItemSelected Subject
871826 - Lcom/fsck/k9/activity/MessageList; onOptionsItemSelected
Ljava/net/Socket;->closeV
Ljava/net/Socket;->closeV
Ljava/net/Socket;->connectV
Ljava/net/Socket;->connectV
Ljava/net/Socket;->connectV
Ljava/net/Socket;->connectV
Ljava/net/Socket;->connectV
Ljava/net/Socket;->connectV
Ljava/net/Socket;->connectV
Ljava/net/Socket;->connectV
Ljava/net/Socket;->connectV
Ljava/net/Socket;->connectV
Ljava/net/Socket;->connectV
Ljava/net/Socket;->connectV
Ljava/net/Socket;->connectV
Ljava/net/Socket;->connectV
Ljava/net/Socket;->connectV
Ljava/net/Socket;->connectV
Ljava/net/Socket;->closeV
Ljava/net/Socket;->closeV
875251 + Lcom/fsck/k9/activity/MessageList; onOptionsItemSelected Batch Ops
875251 - Lcom/fsck/k9/activity/MessageList; onOptionsItemSelected
Ljava/net/Socket;->closeV
Ljava/net/Socket;->closeV
Ljava/net/Socket;->closeV
Ljava/net/Socket;->closeV
Ljava/net/Socket;->closeV
Ljava/net/Socket;->closeV
Ljava/net/Socket;->closeV
Ljava/net/Socket;->closeV
Ljava/net/Socket;->closeV
Ljava/net/Socket;->closeV
Ljava/net/Socket;->closeV
Ljava/net/Socket;->closeV
877127 + Lcom/fsck/k9/activity/MessageList; onOptionsItemSelected Select all
877128 - Lcom/fsck/k9/activity/MessageList; onOptionsItemSelected
877972 + Lcom/fsck/k9/activity/MessageList; onClick android.widget.Button@44257848
877975 - Lcom/fsck/k9/activity/MessageList; onClick
879642 + Lcom/fsck/k9/activity/MessageList; onOptionsItemSelected Folder list
879701 - Lcom/fsck/k9/activity/MessageList; onOptionsItemSelected
879715 + Lcom/fsck/k9/activity/MessageList; onPause
879716 - Lcom/fsck/k9/activity/MessageList; onPause
879733 + Lcom/fsck/k9/activity/FolderList; onCreate
879733 + Lcom/fsck/k9/K9ListActivity; onCreate
879735 - Lcom/fsck/k9/K9ListActivity; onCreate
879754 - Lcom/fsck/k9/activity/FolderList; onCreate
879754 + Lcom/fsck/k9/activity/FolderList; onResume
879755 + Lcom/fsck/k9/K9ListActivity; onResume
879756 - Lcom/fsck/k9/K9ListActivity; onResume
879790 - Lcom/fsck/k9/activity/FolderList; onResume
880763 + Lcom/fsck/k9/activity/FolderList$2; onItemClick android.widget.ListView@44057c18
880773 - Lcom/fsck/k9/activity/FolderList$2; onItemClick
880774 + Lcom/fsck/k9/activity/FolderList; onSaveInstanceState
880775 - Lcom/fsck/k9/activity/FolderList; onSaveInstanceState
880776 + Lcom/fsck/k9/activity/FolderList; onPause
880776 - Lcom/fsck/k9/activity/FolderList; onPause
880787 + Lcom/fsck/k9/activity/MessageList; onCreate
880787 + Lcom/fsck/k9/K9Activity; onCreate
880790 - Lcom/fsck/k9/K9Activity; onCreate
880819 - Lcom/fsck/k9/activity/MessageList; onCreate
880820 + Lcom/fsck/k9/activity/MessageList; onResume
880821 + Lcom/fsck/k9/K9Activity; onResume
880823 - Lcom/fsck/k9/K9Activity; onResume
880918 - Lcom/fsck/k9/activity/MessageList; onResume
881880 + Lcom/fsck/k9/activity/MessageList; onCreateOptionsMenu com.android.internal.view.menu.MenuBuilder@442608e8
881913 - Lcom/fsck/k9/activity/MessageList; onCreateOptionsMenu
Ljava/net/Socket;->connectV
Ljava/net/Socket;->connectV
882655 + Lcom/fsck/k9/activity/MessageList; onOptionsItemSelected Check mail
882680 - Lcom/fsck/k9/activity/MessageList; onOptionsItemSelected
Ljava/net/Socket;->connectV
Ljava/net/Socket;->closeV
Ljava/net/Socket;->connectV
Ljava/net/Socket;->closeV
Ljava/net/Socket;->connectV
Ljava/net/Socket;->connectV
Ljava/net/Socket;->closeV
Ljava/net/Socket;->connectV
Ljava/net/Socket;->connectV
Ljava/net/Socket;->connectV
Ljava/net/Socket;->connectV
Ljava/net/Socket;->connectV
Ljava/net/Socket;->connectV
Ljava/net/Socket;->connectV
Ljava/net/Socket;->connectV
Ljava/net/Socket;->connectV
Ljava/net/Socket;->connectV
Ljava/net/Socket;->connectV
Ljava/net/Socket;->connectV
Ljava/net/Socket;->closeV
Ljava/net/Socket;->connectV
Ljava/net/Socket;->connectV
Ljava/net/Socket;->closeV
Ljava/net/Socket;->closeV
Ljava/net/Socket;->closeV
Ljava/net/Socket;->closeV
Ljava/net/Socket;->closeV
Ljava/net/Socket;->closeV
Ljava/net/Socket;->closeV
Ljava/net/Socket;->closeV
Ljava/net/Socket;->closeV
Ljava/net/Socket;->closeV
Ljava/net/Socket;->closeV
Ljava/net/Socket;->closeV
889012 + Lcom/fsck/k9/activity/MessageList; onOptionsItemSelected Account settings
889020 - Lcom/fsck/k9/activity/MessageList; onOptionsItemSelected
889020 + Lcom/fsck/k9/activity/MessageList; onSaveInstanceState
889022 - Lcom/fsck/k9/activity/MessageList; onSaveInstanceState
889022 + Lcom/fsck/k9/activity/MessageList; onPause
889023 - Lcom/fsck/k9/activity/MessageList; onPause
889040 + Lcom/fsck/k9/activity/setup/AccountSettings; onCreate
889040 + Lcom/fsck/k9/K9PreferenceActivity; onCreate
889052 - Lcom/fsck/k9/K9PreferenceActivity; onCreate
889219 - Lcom/fsck/k9/activity/setup/AccountSettings; onCreate
889220 + Lcom/fsck/k9/activity/setup/AccountSettings; onResume
889225 - Lcom/fsck/k9/activity/setup/AccountSettings; onResume
Ljava/net/Socket;->closeV
890207 + Lcom/fsck/k9/service/MailService; onCreate
890208 - Lcom/fsck/k9/service/MailService; onCreate
890226 + Lcom/fsck/k9/activity/MessageList; onResume
890228 + Lcom/fsck/k9/K9Activity; onResume
890229 - Lcom/fsck/k9/K9Activity; onResume
Ljava/net/Socket;->closeV
Ljava/net/Socket;->closeV
Ljava/net/Socket;->closeV
Ljava/net/Socket;->closeV
Ljava/net/Socket;->closeV
Ljava/net/Socket;->closeV
Ljava/net/Socket;->closeV
Ljava/net/Socket;->closeV
Ljava/net/Socket;->closeV
Ljava/net/Socket;->closeV
Ljava/net/Socket;->closeV
Ljava/net/Socket;->connectV
Ljava/net/Socket;->connectV
Ljava/net/Socket;->connectV
Ljava/net/Socket;->connectV
Ljava/net/Socket;->connectV
Ljava/net/Socket;->connectV
Ljava/net/Socket;->connectV
Ljava/net/Socket;->connectV
Ljava/net/Socket;->connectV
Ljava/net/Socket;->connectV
Ljava/net/Socket;->connectV
Ljava/net/Socket;->connectV
Ljava/net/Socket;->connectV
Ljava/net/Socket;->connectV
Ljava/net/Socket;->connectV
Ljava/net/Socket;->connectV
Ljava/net/Socket;->connectV
Ljava/net/Socket;->connectV
Ljava/net/Socket;->connectV
Ljava/net/Socket;->connectV
Ljava/net/Socket;->connectV
Ljava/net/Socket;->connectV
Ljava/net/Socket;->connectV
Ljava/net/Socket;->connectV
Ljava/net/Socket;->connectV
Ljava/net/Socket;->connectV
890908 - Lcom/fsck/k9/activity/MessageList; onResume
890971 + Lcom/fsck/k9/service/MailService; onDestroy
890972 - Lcom/fsck/k9/service/MailService; onDestroy
893282 + Lcom/fsck/k9/activity/MessageList; onOptionsItemSelected Compose
893329 - Lcom/fsck/k9/activity/MessageList; onOptionsItemSelected
893851 + Lcom/fsck/k9/activity/MessageList; onSaveInstanceState
893996 - Lcom/fsck/k9/activity/MessageList; onSaveInstanceState
893996 + Lcom/fsck/k9/activity/MessageList; onPause
893996 - Lcom/fsck/k9/activity/MessageList; onPause
894347 + Lcom/fsck/k9/activity/MessageCompose; onCreate
894360 + Lcom/fsck/k9/K9Activity; onCreate
894371 - Lcom/fsck/k9/K9Activity; onCreate
Ljava/net/Socket;->closeV
Ljava/net/Socket;->closeV
Ljava/net/Socket;->closeV
Ljava/net/Socket;->closeV
Ljava/net/Socket;->closeV
Ljava/net/Socket;->closeV
Ljava/net/Socket;->closeV
Ljava/net/Socket;->closeV
Ljava/net/Socket;->closeV
Ljava/net/Socket;->closeV
895306 - Lcom/fsck/k9/activity/MessageCompose; onCreate
895309 + Lcom/fsck/k9/activity/MessageCompose; onResume
895309 + Lcom/fsck/k9/K9Activity; onResume
895317 - Lcom/fsck/k9/K9Activity; onResume
Ljava/net/Socket;->closeV
895340 - Lcom/fsck/k9/activity/MessageCompose; onResume
Ljava/net/Socket;->closeV
Ljava/net/Socket;->closeV
Ljava/net/Socket;->closeV
Ljava/net/Socket;->closeV
Ljava/net/Socket;->closeV
Ljava/net/Socket;->closeV
Ljava/net/Socket;->closeV
Ljava/net/Socket;->closeV
Ljava/net/Socket;->closeV
Ljava/net/Socket;->closeV
Ljava/net/Socket;->closeV
Ljava/net/Socket;->connectV
Ljava/net/Socket;->connectV
Ljava/net/Socket;->connectV
Ljava/net/Socket;->connectV
Ljava/net/Socket;->connectV
Ljava/net/Socket;->connectV
Ljava/net/Socket;->connectV
Ljava/net/Socket;->connectV
Ljava/net/Socket;->connectV
897860 + Lcom/fsck/k9/activity/MessageCompose; onPause
897861 - Lcom/fsck/k9/activity/MessageCompose; onPause
897897 + Lcom/fsck/k9/activity/MessageList; onResume
897903 + Lcom/fsck/k9/K9Activity; onResume
897904 - Lcom/fsck/k9/K9Activity; onResume
Ljava/net/Socket;->connectV
Ljava/net/Socket;->connectV
Ljava/net/Socket;->connectV
Ljava/net/Socket;->connectV
Ljava/net/Socket;->connectV
Ljava/net/Socket;->connectV
Ljava/net/Socket;->connectV
Ljava/net/Socket;->connectV
Ljava/net/Socket;->connectV
Ljava/net/Socket;->connectV
Ljava/net/Socket;->connectV
Ljava/net/Socket;->connectV
Ljava/net/Socket;->connectV
899225 - Lcom/fsck/k9/activity/MessageList; onResume
Ljava/net/Socket;->closeV
Ljava/net/Socket;->closeV
Ljava/net/Socket;->closeV
Ljava/net/Socket;->closeV
Ljava/net/Socket;->closeV
Ljava/net/Socket;->closeV
Ljava/net/Socket;->closeV
Ljava/net/Socket;->closeV
Ljava/net/Socket;->closeV
Ljava/net/Socket;->closeV
Ljava/net/Socket;->closeV
Ljava/net/Socket;->closeV
Ljava/net/Socket;->closeV
Ljava/net/Socket;->closeV
Ljava/net/Socket;->closeV
Ljava/net/Socket;->closeV
Ljava/net/Socket;->closeV
Ljava/net/Socket;->closeV
Ljava/net/Socket;->closeV
Ljava/net/Socket;->connectV
Ljava/net/Socket;->connectV
Ljava/net/Socket;->connectV
Ljava/net/Socket;->connectV
Ljava/net/Socket;->connectV
Ljava/net/Socket;->connectV
Ljava/net/Socket;->connectV
Ljava/net/Socket;->closeV
Ljava/net/Socket;->closeV
Ljava/net/Socket;->closeV
Ljava/net/Socket;->connectV
Ljava/net/Socket;->connectV
Ljava/net/Socket;->connectV
Ljava/net/Socket;->connectV
Ljava/net/Socket;->connectV
Ljava/net/Socket;->connectV
Ljava/net/Socket;->connectV
Ljava/net/Socket;->connectV
Ljava/net/Socket;->connectV
Ljava/net/Socket;->connectV
Ljava/net/Socket;->connectV
Ljava/net/Socket;->connectV
Ljava/net/Socket;->connectV
907977 + Lcom/fsck/k9/activity/MessageList; onOptionsItemSelected Sort by...
907978 - Lcom/fsck/k9/activity/MessageList; onOptionsItemSelected
Ljava/net/Socket;->connectV
Ljava/net/Socket;->closeV
Ljava/net/Socket;->closeV
Ljava/net/Socket;->closeV
Ljava/net/Socket;->closeV
Ljava/net/Socket;->closeV
Ljava/net/Socket;->closeV
Ljava/net/Socket;->closeV
Ljava/net/Socket;->closeV
Ljava/net/Socket;->closeV
Ljava/net/Socket;->closeV
Ljava/net/Socket;->closeV
Ljava/net/Socket;->closeV
911009 + Lcom/fsck/k9/activity/MessageList; onOptionsItemSelected Date
911024 - Lcom/fsck/k9/activity/MessageList; onOptionsItemSelected
Ljava/net/Socket;->connectV
Ljava/net/Socket;->closeV
914797 + Lcom/fsck/k9/activity/MessageList; onOptionsItemSelected Batch Ops
914800 - Lcom/fsck/k9/activity/MessageList; onOptionsItemSelected
916360 + Lcom/fsck/k9/activity/MessageList; onOptionsItemSelected Select all
916369 - Lcom/fsck/k9/activity/MessageList; onOptionsItemSelected
Ljava/net/Socket;->connectV
Ljava/net/Socket;->connectV
917267 + Lcom/fsck/k9/activity/MessageList; onClick android.widget.Button@440a4868
917271 - Lcom/fsck/k9/activity/MessageList; onClick
Ljava/net/Socket;->closeV
Ljava/net/Socket;->closeV
918914 + Lcom/fsck/k9/activity/MessageList; onOptionsItemSelected Folder list
919010 - Lcom/fsck/k9/activity/MessageList; onOptionsItemSelected
919025 + Lcom/fsck/k9/activity/MessageList; onPause
919026 - Lcom/fsck/k9/activity/MessageList; onPause
919043 + Lcom/fsck/k9/activity/FolderList; onCreate
919043 + Lcom/fsck/k9/K9ListActivity; onCreate
919046 - Lcom/fsck/k9/K9ListActivity; onCreate
919118 - Lcom/fsck/k9/activity/FolderList; onCreate
919119 + Lcom/fsck/k9/activity/FolderList; onResume
919120 + Lcom/fsck/k9/K9ListActivity; onResume
919128 - Lcom/fsck/k9/K9ListActivity; onResume
Ljava/net/Socket;->connectV
Ljava/net/Socket;->connectV
919220 - Lcom/fsck/k9/activity/FolderList; onResume
Ljava/net/Socket;->connectV
Ljava/net/Socket;->connectV
Ljava/net/Socket;->connectV
Ljava/net/Socket;->closeV
Ljava/net/Socket;->closeV
Ljava/net/Socket;->connectV
Ljava/net/Socket;->connectV
Ljava/net/Socket;->connectV
Ljava/net/Socket;->connectV
Ljava/net/Socket;->closeV
Ljava/net/Socket;->connectV
Ljava/net/Socket;->connectV
Ljava/net/Socket;->connectV
Ljava/net/Socket;->closeV
Ljava/net/Socket;->connectV
Ljava/net/Socket;->closeV
Ljava/net/Socket;->closeV
Ljava/net/Socket;->closeV
Ljava/net/Socket;->closeV
Ljava/net/Socket;->closeV
Ljava/net/Socket;->closeV
Ljava/net/Socket;->closeV
Ljava/net/Socket;->closeV
Ljava/net/Socket;->closeV
923137 + Lcom/fsck/k9/activity/FolderList$2; onItemClick android.widget.ListView@44101728
923205 - Lcom/fsck/k9/activity/FolderList$2; onItemClick
923221 + Lcom/fsck/k9/activity/FolderList; onSaveInstanceState
923227 - Lcom/fsck/k9/activity/FolderList; onSaveInstanceState
923228 + Lcom/fsck/k9/activity/FolderList; onPause
923229 - Lcom/fsck/k9/activity/FolderList; onPause
923335 + Lcom/fsck/k9/activity/MessageList; onCreate
923336 + Lcom/fsck/k9/K9Activity; onCreate
923352 - Lcom/fsck/k9/K9Activity; onCreate
923445 - Lcom/fsck/k9/activity/MessageList; onCreate
923446 + Lcom/fsck/k9/activity/MessageList; onResume
923450 + Lcom/fsck/k9/K9Activity; onResume
923454 - Lcom/fsck/k9/K9Activity; onResume
923827 - Lcom/fsck/k9/activity/MessageList; onResume
924947 + Lcom/fsck/k9/activity/MessageList; onCreateOptionsMenu com.android.internal.view.menu.MenuBuilder@442c7000
924982 - Lcom/fsck/k9/activity/MessageList; onCreateOptionsMenu
925806 + Lcom/fsck/k9/activity/MessageList; onOptionsItemSelected Check mail
925809 - Lcom/fsck/k9/activity/MessageList; onOptionsItemSelected
Ljava/net/Socket;->connectV
Ljava/net/Socket;->closeV
Ljava/net/Socket;->connectV
930814 + Lcom/fsck/k9/activity/MessageList; onOptionsItemSelected Account settings
930851 - Lcom/fsck/k9/activity/MessageList; onOptionsItemSelected
930851 + Lcom/fsck/k9/activity/MessageList; onSaveInstanceState
930852 - Lcom/fsck/k9/activity/MessageList; onSaveInstanceState
930853 + Lcom/fsck/k9/activity/MessageList; onPause
930853 - Lcom/fsck/k9/activity/MessageList; onPause
930866 + Lcom/fsck/k9/activity/setup/AccountSettings; onCreate
930866 + Lcom/fsck/k9/K9PreferenceActivity; onCreate
930874 - Lcom/fsck/k9/K9PreferenceActivity; onCreate
931124 - Lcom/fsck/k9/activity/setup/AccountSettings; onCreate
931125 + Lcom/fsck/k9/activity/setup/AccountSettings; onResume
931134 - Lcom/fsck/k9/activity/setup/AccountSettings; onResume
Ljava/net/Socket;->closeV
932136 + Lcom/fsck/k9/service/MailService; onCreate
932136 - Lcom/fsck/k9/service/MailService; onCreate
932158 + Lcom/fsck/k9/activity/MessageList; onResume
932159 + Lcom/fsck/k9/K9Activity; onResume
932161 - Lcom/fsck/k9/K9Activity; onResume
Ljava/net/Socket;->closeV
Ljava/net/Socket;->closeV
Ljava/net/Socket;->closeV
Ljava/net/Socket;->closeV
Ljava/net/Socket;->closeV
Ljava/net/Socket;->closeV
Ljava/net/Socket;->closeV
Ljava/net/Socket;->closeV
Ljava/net/Socket;->closeV
Ljava/net/Socket;->closeV
Ljava/net/Socket;->closeV
Ljava/net/Socket;->connectV
Ljava/net/Socket;->connectV
Ljava/net/Socket;->connectV
Ljava/net/Socket;->connectV
Ljava/net/Socket;->connectV
Ljava/net/Socket;->connectV
Ljava/net/Socket;->connectV
932845 - Lcom/fsck/k9/activity/MessageList; onResume
Ljava/net/Socket;->connectV
Ljava/net/Socket;->connectV
Ljava/net/Socket;->connectV
Ljava/net/Socket;->connectV
Ljava/net/Socket;->connectV
Ljava/net/Socket;->connectV
Ljava/net/Socket;->connectV
Ljava/net/Socket;->connectV
Ljava/net/Socket;->connectV
Ljava/net/Socket;->connectV
Ljava/net/Socket;->connectV
Ljava/net/Socket;->connectV
Ljava/net/Socket;->connectV
Ljava/net/Socket;->connectV
Ljava/net/Socket;->connectV
Ljava/net/Socket;->connectV
Ljava/net/Socket;->connectV
Ljava/net/Socket;->connectV
Ljava/net/Socket;->connectV
933062 + Lcom/fsck/k9/service/MailService; onDestroy
933062 - Lcom/fsck/k9/service/MailService; onDestroy
Ljava/net/Socket;->closeV
Ljava/net/Socket;->closeV
934374 + Lcom/fsck/k9/activity/MessageList; onItemClick android.widget.ListView@440ba1f0
934506 - Lcom/fsck/k9/activity/MessageList; onItemClick
934506 + Lcom/fsck/k9/activity/MessageList; onSaveInstanceState
934507 - Lcom/fsck/k9/activity/MessageList; onSaveInstanceState
934507 + Lcom/fsck/k9/activity/MessageList; onPause
934508 - Lcom/fsck/k9/activity/MessageList; onPause
934517 + Lcom/fsck/k9/activity/MessageView; onCreate
934518 + Lcom/fsck/k9/K9Activity; onCreate
934530 - Lcom/fsck/k9/K9Activity; onCreate
936189 - Lcom/fsck/k9/activity/MessageView; onCreate
936190 + Lcom/fsck/k9/activity/MessageView; onResume
936190 + Lcom/fsck/k9/K9Activity; onResume
936192 - Lcom/fsck/k9/K9Activity; onResume
936192 - Lcom/fsck/k9/activity/MessageView; onResume
Ljava/net/Socket;->closeV
Ljava/net/Socket;->closeV
Ljava/net/Socket;->closeV
Ljava/net/Socket;->connectV
Ljava/net/Socket;->closeV
Ljava/net/Socket;->closeV
Ljava/net/Socket;->closeV
Ljava/net/Socket;->closeV
Ljava/net/Socket;->closeV
Ljava/net/Socket;->closeV
Ljava/net/Socket;->closeV
Ljava/net/Socket;->closeV
Ljava/net/Socket;->closeV
Ljava/net/Socket;->closeV
Ljava/net/Socket;->closeV
Ljava/net/Socket;->closeV
Ljava/net/Socket;->closeV
Ljava/net/Socket;->closeV
Ljava/net/Socket;->closeV
Ljava/net/Socket;->closeV
Ljava/net/Socket;->closeV
Ljava/net/Socket;->connectV
Ljava/net/Socket;->closeV
Ljava/net/Socket;->closeV
Ljava/net/Socket;->closeV
Ljava/net/Socket;->closeV
Ljava/net/Socket;->closeV
938876 + Lcom/fsck/k9/activity/MessageView; onClick android.widget.Button@440dc350
938882 - Lcom/fsck/k9/activity/MessageView; onClick
Ljava/net/Socket;->closeV
Ljava/net/Socket;->connectV
Ljava/net/Socket;->connectV
Ljava/net/Socket;->connectV
Ljava/net/Socket;->connectV
Ljava/net/Socket;->connectV
Ljava/net/Socket;->connectV
Ljava/net/Socket;->connectV
Ljava/net/Socket;->connectV
Ljava/net/Socket;->connectV
Ljava/net/Socket;->connectV
Ljava/net/Socket;->connectV
Ljava/net/Socket;->connectV
Ljava/net/Socket;->connectV
Ljava/net/Socket;->connectV
Ljava/net/Socket;->connectV
Ljava/net/Socket;->connectV
Ljava/net/Socket;->connectV
Ljava/net/Socket;->connectV
Ljava/net/Socket;->connectV
940089 + Lcom/fsck/k9/activity/MessageView; onClick android.widget.Button@440dc350
940107 - Lcom/fsck/k9/activity/MessageView; onClick
Ljava/net/Socket;->connectV
Ljava/net/Socket;->connectV
Ljava/net/Socket;->connectV
Ljava/net/Socket;->connectV
Ljava/net/Socket;->closeV
Ljava/net/Socket;->closeV
Ljava/net/Socket;->closeV
Ljava/net/Socket;->connectV
942562 + Lcom/fsck/k9/activity/MessageView; onClick android.widget.Button@44382178
942710 - Lcom/fsck/k9/activity/MessageView; onClick
Ljava/net/Socket;->closeV
Ljava/net/Socket;->connectV
Ljava/net/Socket;->closeV
Ljava/net/Socket;->closeV
Ljava/net/Socket;->closeV
Ljava/net/Socket;->closeV
Ljava/net/Socket;->closeV
Ljava/net/Socket;->closeV
Ljava/net/Socket;->closeV
Ljava/net/Socket;->closeV
Ljava/net/Socket;->closeV
Ljava/net/Socket;->closeV
Ljava/net/Socket;->closeV
Ljava/net/Socket;->closeV
Ljava/net/Socket;->closeV
Ljava/net/Socket;->closeV
Ljava/net/Socket;->closeV
Ljava/net/Socket;->closeV
945026 + Lcom/fsck/k9/activity/MessageView; onClick android.widget.Button@440dc350
945032 - Lcom/fsck/k9/activity/MessageView; onClick
Ljava/net/Socket;->connectV
Ljava/net/Socket;->closeV
946057 + Lcom/fsck/k9/activity/MessageView; onClick android.widget.Button@440dc350
946058 - Lcom/fsck/k9/activity/MessageView; onClick
Ljava/net/Socket;->closeV
Ljava/net/Socket;->connectV
Ljava/net/Socket;->connectV
947284 + Lcom/fsck/k9/activity/MessageList; onResume
947284 + Lcom/fsck/k9/K9Activity; onResume
947286 - Lcom/fsck/k9/K9Activity; onResume
947480 - Lcom/fsck/k9/activity/MessageList; onResume
Ljava/net/Socket;->closeV
Ljava/net/Socket;->closeV
Ljava/net/Socket;->connectV
948650 + Lcom/fsck/k9/activity/MessageList; onItemClick android.widget.ListView@440ba1f0
948832 - Lcom/fsck/k9/activity/MessageList; onItemClick
948836 + Lcom/fsck/k9/activity/MessageList; onSaveInstanceState
948837 - Lcom/fsck/k9/activity/MessageList; onSaveInstanceState
948838 + Lcom/fsck/k9/activity/MessageList; onPause
948840 - Lcom/fsck/k9/activity/MessageList; onPause
948879 + Lcom/fsck/k9/activity/MessageView; onCreate
948879 + Lcom/fsck/k9/K9Activity; onCreate
948882 - Lcom/fsck/k9/K9Activity; onCreate
948947 - Lcom/fsck/k9/activity/MessageView; onCreate
948948 + Lcom/fsck/k9/activity/MessageView; onResume
948948 + Lcom/fsck/k9/K9Activity; onResume
948953 - Lcom/fsck/k9/K9Activity; onResume
948954 - Lcom/fsck/k9/activity/MessageView; onResume
Ljava/net/Socket;->connectV
Ljava/net/Socket;->connectV
Ljava/net/Socket;->connectV
Ljava/net/Socket;->connectV
Ljava/net/Socket;->connectV
Ljava/net/Socket;->connectV
Ljava/net/Socket;->connectV
Ljava/net/Socket;->connectV
Ljava/net/Socket;->connectV
Ljava/net/Socket;->connectV
Ljava/net/Socket;->connectV
Ljava/net/Socket;->connectV
Ljava/net/Socket;->connectV
Ljava/net/Socket;->connectV
Ljava/net/Socket;->connectV
Ljava/net/Socket;->connectV
950225 + Lcom/fsck/k9/activity/MessageView; onClick android.widget.Button@441e59e0
950246 - Lcom/fsck/k9/activity/MessageView; onClick
Ljava/net/Socket;->closeV
951670 + Lcom/fsck/k9/activity/MessageView; onClick android.widget.Button@441e59e0
951755 - Lcom/fsck/k9/activity/MessageView; onClick
Ljava/net/Socket;->connectV
Ljava/net/Socket;->closeV
Ljava/net/Socket;->closeV
Ljava/net/Socket;->closeV
Ljava/net/Socket;->closeV
Ljava/net/Socket;->closeV
Ljava/net/Socket;->closeV
Ljava/net/Socket;->closeV
Ljava/net/Socket;->closeV
Ljava/net/Socket;->closeV
Ljava/net/Socket;->closeV
Ljava/net/Socket;->closeV
Ljava/net/Socket;->closeV
Ljava/net/Socket;->closeV
953486 + Lcom/fsck/k9/activity/MessageView; onClick android.widget.Button@4420ee38
953496 - Lcom/fsck/k9/activity/MessageView; onClick
Ljava/net/Socket;->closeV
954681 + Lcom/fsck/k9/activity/MessageView; onClick android.widget.Button@441e59e0
954692 - Lcom/fsck/k9/activity/MessageView; onClick
955632 + Lcom/fsck/k9/activity/MessageView; onClick android.widget.Button@441e59e0
955637 - Lcom/fsck/k9/activity/MessageView; onClick
Ljava/net/Socket;->connectV
Ljava/net/Socket;->connectV
Ljava/net/Socket;->connectV
Ljava/net/Socket;->closeV
957642 + Lcom/fsck/k9/activity/MessageList; onResume
957642 + Lcom/fsck/k9/K9Activity; onResume
957644 - Lcom/fsck/k9/K9Activity; onResume
957812 - Lcom/fsck/k9/activity/MessageList; onResume
Ljava/net/Socket;->connectV
Ljava/net/Socket;->connectV
Ljava/net/Socket;->closeV
Ljava/net/Socket;->connectV
Ljava/net/Socket;->connectV
Ljava/net/Socket;->connectV
