



Ljava/net/Socket;->closeV
Ljava/net/Socket;->closeV
Ljava/net/Socket;->closeV
Ljava/net/Socket;->closeV
Ljava/net/Socket;->closeV
Ljava/net/Socket;->closeV
20288160 + Lcom/fsck/k9/service/MailService; onCreate
20288160 - Lcom/fsck/k9/service/MailService; onCreate
20288191 + Lcom/fsck/k9/activity/MessageList; onResume
20288191 + Lcom/fsck/k9/K9Activity; onResume
20288200 - Lcom/fsck/k9/K9Activity; onResume
Ljava/net/Socket;->closeV
Ljava/net/Socket;->closeV
Ljava/net/Socket;->closeV
Ljava/net/Socket;->connectV
Ljava/net/Socket;->connectV
Ljava/net/Socket;->connectV
20288428 - Lcom/fsck/k9/activity/MessageList; onResume
Ljava/net/Socket;->connectV
Ljava/net/Socket;->connectV
Ljava/net/Socket;->connectV
Ljava/net/Socket;->connectV
Ljava/net/Socket;->connectV
Ljava/net/Socket;->connectV
20288505 + Lcom/fsck/k9/service/MailService; onDestroy
20288506 - Lcom/fsck/k9/service/MailService; onDestroy
Ljava/net/Socket;->connectV
20289212 + Lcom/fsck/k9/activity/MessageList; onPause
20289217 - Lcom/fsck/k9/activity/MessageList; onPause
Ljava/net/Socket;->closeV
Ljava/net/Socket;->closeV
Ljava/net/Socket;->closeV
Ljava/net/Socket;->closeV
Ljava/net/Socket;->closeV
Ljava/net/Socket;->connectV
Ljava/net/Socket;->connectV
Ljava/net/Socket;->connectV
Ljava/net/Socket;->connectV
Ljava/net/Socket;->connectV
Ljava/net/Socket;->closeV
20297876 + Lcom/fsck/k9/service/MailService; onCreate
20297877 - Lcom/fsck/k9/service/MailService; onCreate
20297991 + Lcom/fsck/k9/service/MailService; onDestroy
20297992 - Lcom/fsck/k9/service/MailService; onDestroy
20342683 + Lcom/fsck/k9/activity/Accounts; onCreate
20342683 + Lcom/fsck/k9/K9ListActivity; onCreate
20342685 - Lcom/fsck/k9/K9ListActivity; onCreate
20342753 - Lcom/fsck/k9/activity/Accounts; onCreate
20342762 + Lcom/fsck/k9/activity/MessageList; onCreate
20342762 + Lcom/fsck/k9/K9Activity; onCreate
20342765 - Lcom/fsck/k9/K9Activity; onCreate
20342830 - Lcom/fsck/k9/activity/MessageList; onCreate
20342831 + Lcom/fsck/k9/activity/MessageList; onResume
20342832 + Lcom/fsck/k9/K9Activity; onResume
20342834 - Lcom/fsck/k9/K9Activity; onResume
20342910 - Lcom/fsck/k9/activity/MessageList; onResume
20352055 + Lcom/fsck/k9/activity/MessageList; onCreateOptionsMenu com.android.internal.view.menu.MenuBuilder@43f8b6a8
20352127 - Lcom/fsck/k9/activity/MessageList; onCreateOptionsMenu
20352913 + Lcom/fsck/k9/activity/MessageList; onOptionsItemSelected Compose
20352927 - Lcom/fsck/k9/activity/MessageList; onOptionsItemSelected
20352928 + Lcom/fsck/k9/activity/MessageList; onSaveInstanceState
20352930 - Lcom/fsck/k9/activity/MessageList; onSaveInstanceState
20352932 + Lcom/fsck/k9/activity/MessageList; onPause
20352935 - Lcom/fsck/k9/activity/MessageList; onPause
20352948 + Lcom/fsck/k9/activity/MessageCompose; onCreate
20352948 + Lcom/fsck/k9/K9Activity; onCreate
20352951 - Lcom/fsck/k9/K9Activity; onCreate
20353012 - Lcom/fsck/k9/activity/MessageCompose; onCreate
20353013 + Lcom/fsck/k9/activity/MessageCompose; onResume
20353013 + Lcom/fsck/k9/K9Activity; onResume
20353015 - Lcom/fsck/k9/K9Activity; onResume
20353017 - Lcom/fsck/k9/activity/MessageCompose; onResume
20354037 + Lcom/fsck/k9/activity/MessageCompose; onCreateOptionsMenu com.android.internal.view.menu.MenuBuilder@43febac8
20354051 - Lcom/fsck/k9/activity/MessageCompose; onCreateOptionsMenu
20354963 + Lcom/fsck/k9/activity/MessageCompose; onOptionsItemSelected Add Cc/Bcc
20354967 - Lcom/fsck/k9/activity/MessageCompose; onOptionsItemSelected
20356822 + Lcom/fsck/k9/activity/MessageCompose; onOptionsItemSelected Add attachment
20356832 - Lcom/fsck/k9/activity/MessageCompose; onOptionsItemSelected
20356834 + Lcom/fsck/k9/activity/MessageCompose; onSaveInstanceState
20356848 - Lcom/fsck/k9/activity/MessageCompose; onSaveInstanceState
20356852 + Lcom/fsck/k9/activity/MessageCompose; onPause
20356852 - Lcom/fsck/k9/activity/MessageCompose; onPause
20357844 + Lcom/fsck/k9/activity/MessageCompose; onResume
20357846 + Lcom/fsck/k9/K9Activity; onResume
20357859 - Lcom/fsck/k9/K9Activity; onResume
20357860 - Lcom/fsck/k9/activity/MessageCompose; onResume
20357904 + Lcom/fsck/k9/service/MailService; onCreate
20357904 - Lcom/fsck/k9/service/MailService; onCreate
20357968 + Lcom/fsck/k9/service/MailService; onDestroy
20357969 - Lcom/fsck/k9/service/MailService; onDestroy
Ljava/net/Socket;->connectV
20359526 + Lcom/fsck/k9/activity/MessageCompose; onOptionsItemSelected Save as draft
20359751 - Lcom/fsck/k9/activity/MessageCompose; onOptionsItemSelected
20359757 + Lcom/fsck/k9/activity/MessageCompose; onPause
20359760 - Lcom/fsck/k9/activity/MessageCompose; onPause
20359776 + Lcom/fsck/k9/activity/MessageList; onResume
20359777 + Lcom/fsck/k9/K9Activity; onResume
20359779 - Lcom/fsck/k9/K9Activity; onResume
20359828 - Lcom/fsck/k9/activity/MessageList; onResume
20361895 + Lcom/fsck/k9/activity/MessageList; onOptionsItemSelected Check mail
20361896 - Lcom/fsck/k9/activity/MessageList; onOptionsItemSelected
20367212 + Lcom/fsck/k9/activity/MessageList; onOptionsItemSelected Accounts
20367231 - Lcom/fsck/k9/activity/MessageList; onOptionsItemSelected
20367232 + Lcom/fsck/k9/activity/MessageList; onPause
20367232 - Lcom/fsck/k9/activity/MessageList; onPause
20367259 + Lcom/fsck/k9/activity/Accounts; onCreate
20367260 + Lcom/fsck/k9/K9ListActivity; onCreate
20367263 - Lcom/fsck/k9/K9ListActivity; onCreate
20367290 - Lcom/fsck/k9/activity/Accounts; onCreate
20367291 + Lcom/fsck/k9/activity/Accounts; onResume
20367292 + Lcom/fsck/k9/K9ListActivity; onResume
20367293 - Lcom/fsck/k9/K9ListActivity; onResume
20367324 - Lcom/fsck/k9/activity/Accounts; onResume
20368204 + Lcom/fsck/k9/activity/Accounts; onPause
20368206 - Lcom/fsck/k9/activity/Accounts; onPause
20369547 + Lcom/fsck/k9/activity/Accounts; onCreate
20369548 + Lcom/fsck/k9/K9ListActivity; onCreate
20369556 - Lcom/fsck/k9/K9ListActivity; onCreate
20369640 - Lcom/fsck/k9/activity/Accounts; onCreate
20369650 + Lcom/fsck/k9/activity/MessageList; onCreate
20369651 + Lcom/fsck/k9/K9Activity; onCreate
20369653 - Lcom/fsck/k9/K9Activity; onCreate
20369732 - Lcom/fsck/k9/activity/MessageList; onCreate
20369733 + Lcom/fsck/k9/activity/MessageList; onResume
20369733 + Lcom/fsck/k9/K9Activity; onResume
20369739 - Lcom/fsck/k9/K9Activity; onResume
20369834 - Lcom/fsck/k9/activity/MessageList; onResume
20370631 + Lcom/fsck/k9/activity/MessageList; onCreateOptionsMenu com.android.internal.view.menu.MenuBuilder@440bb398
20370670 - Lcom/fsck/k9/activity/MessageList; onCreateOptionsMenu
20372664 + Lcom/fsck/k9/activity/MessageList; onOptionsItemSelected Mark all messages as read
20372697 - Lcom/fsck/k9/activity/MessageList; onOptionsItemSelected
20373710 + Lcom/fsck/k9/activity/MessageList$2; onClick android.app.AlertDialog@4411cc40
20373716 - Lcom/fsck/k9/activity/MessageList$2; onClick
20376480 + Lcom/fsck/k9/activity/MessageList; onOptionsItemSelected Folder settings
20376498 - Lcom/fsck/k9/activity/MessageList; onOptionsItemSelected
20376530 + Lcom/fsck/k9/activity/MessageList; onSaveInstanceState
20376532 - Lcom/fsck/k9/activity/MessageList; onSaveInstanceState
20376545 + Lcom/fsck/k9/activity/MessageList; onPause
20376545 - Lcom/fsck/k9/activity/MessageList; onPause
20376595 + Lcom/fsck/k9/activity/setup/FolderSettings; onCreate
20376596 + Lcom/fsck/k9/K9PreferenceActivity; onCreate
20376622 - Lcom/fsck/k9/K9PreferenceActivity; onCreate
20376691 - Lcom/fsck/k9/activity/setup/FolderSettings; onCreate
20376691 + Lcom/fsck/k9/activity/setup/FolderSettings; onResume
20376692 - Lcom/fsck/k9/activity/setup/FolderSettings; onResume
20378505 + Lcom/fsck/k9/service/MailService; onCreate
20378506 - Lcom/fsck/k9/service/MailService; onCreate
20378530 + Lcom/fsck/k9/activity/MessageList; onResume
20378531 + Lcom/fsck/k9/K9Activity; onResume
20378532 - Lcom/fsck/k9/K9Activity; onResume
Ljava/net/Socket;->closeV
Ljava/net/Socket;->closeV
Ljava/net/Socket;->closeV
Ljava/net/Socket;->closeV
Ljava/net/Socket;->closeV
Ljava/net/Socket;->closeV
Ljava/net/Socket;->closeV
Ljava/net/Socket;->closeV
Ljava/net/Socket;->closeV
Ljava/net/Socket;->closeV
Ljava/net/Socket;->connectV
20378856 - Lcom/fsck/k9/activity/MessageList; onResume
Ljava/net/Socket;->connectV
Ljava/net/Socket;->connectV
Ljava/net/Socket;->connectV
Ljava/net/Socket;->connectV
Ljava/net/Socket;->connectV
20378977 + Lcom/fsck/k9/service/MailService; onDestroy
20378977 - Lcom/fsck/k9/service/MailService; onDestroy
Ljava/net/Socket;->connectV
Ljava/net/Socket;->connectV
Ljava/net/Socket;->connectV
20382193 + Lcom/fsck/k9/activity/MessageList; onOptionsItemSelected Expunge
20382197 - Lcom/fsck/k9/activity/MessageList; onOptionsItemSelected
Ljava/net/Socket;->closeV
Ljava/net/Socket;->closeV
Ljava/net/Socket;->closeV
Ljava/net/Socket;->closeV
Ljava/net/Socket;->closeV
Ljava/net/Socket;->connectV
Ljava/net/Socket;->connectV
Ljava/net/Socket;->connectV
20386333 + Lcom/fsck/k9/activity/MessageList; onOptionsItemSelected Account settings
20386347 - Lcom/fsck/k9/activity/MessageList; onOptionsItemSelected
20386364 + Lcom/fsck/k9/activity/MessageList; onSaveInstanceState
20386366 - Lcom/fsck/k9/activity/MessageList; onSaveInstanceState
20386367 + Lcom/fsck/k9/activity/MessageList; onPause
20386368 - Lcom/fsck/k9/activity/MessageList; onPause
20386384 + Lcom/fsck/k9/activity/setup/AccountSettings; onCreate
20386384 + Lcom/fsck/k9/K9PreferenceActivity; onCreate
20386391 - Lcom/fsck/k9/K9PreferenceActivity; onCreate
20386653 - Lcom/fsck/k9/activity/setup/AccountSettings; onCreate
20386654 + Lcom/fsck/k9/activity/setup/AccountSettings; onResume
20386660 - Lcom/fsck/k9/activity/setup/AccountSettings; onResume
20387841 + Lcom/fsck/k9/service/MailService; onCreate
20387843 - Lcom/fsck/k9/service/MailService; onCreate
20387874 + Lcom/fsck/k9/activity/MessageList; onResume
20387874 + Lcom/fsck/k9/K9Activity; onResume
20387876 - Lcom/fsck/k9/K9Activity; onResume
Ljava/net/Socket;->closeV
Ljava/net/Socket;->closeV
Ljava/net/Socket;->closeV
Ljava/net/Socket;->closeV
Ljava/net/Socket;->closeV
Ljava/net/Socket;->closeV
Ljava/net/Socket;->closeV
Ljava/net/Socket;->closeV
Ljava/net/Socket;->closeV
Ljava/net/Socket;->closeV
20388007 - Lcom/fsck/k9/activity/MessageList; onResume
Ljava/net/Socket;->connectV
Ljava/net/Socket;->connectV
Ljava/net/Socket;->connectV
Ljava/net/Socket;->connectV
Ljava/net/Socket;->connectV
Ljava/net/Socket;->connectV
Ljava/net/Socket;->connectV
Ljava/net/Socket;->connectV
Ljava/net/Socket;->connectV
20388466 + Lcom/fsck/k9/service/MailService; onDestroy
20388481 - Lcom/fsck/k9/service/MailService; onDestroy
Ljava/net/Socket;->closeV
Ljava/net/Socket;->closeV
Ljava/net/Socket;->closeV
Ljava/net/Socket;->closeV
Ljava/net/Socket;->closeV
20393225 + Lcom/fsck/k9/activity/MessageList; onOptionsItemSelected Compose
20393248 - Lcom/fsck/k9/activity/MessageList; onOptionsItemSelected
20393249 + Lcom/fsck/k9/activity/MessageList; onSaveInstanceState
20393250 - Lcom/fsck/k9/activity/MessageList; onSaveInstanceState
20393251 + Lcom/fsck/k9/activity/MessageList; onPause
20393251 - Lcom/fsck/k9/activity/MessageList; onPause
20393264 + Lcom/fsck/k9/activity/MessageCompose; onCreate
20393265 + Lcom/fsck/k9/K9Activity; onCreate
20393266 - Lcom/fsck/k9/K9Activity; onCreate
20393316 - Lcom/fsck/k9/activity/MessageCompose; onCreate
20393317 + Lcom/fsck/k9/activity/MessageCompose; onResume
20393317 + Lcom/fsck/k9/K9Activity; onResume
20393320 - Lcom/fsck/k9/K9Activity; onResume
20393321 - Lcom/fsck/k9/activity/MessageCompose; onResume
20394249 + Lcom/fsck/k9/activity/MessageCompose; onCreateOptionsMenu com.android.internal.view.menu.MenuBuilder@4411c870
20394251 - Lcom/fsck/k9/activity/MessageCompose; onCreateOptionsMenu
Ljava/net/Socket;->connectV
Ljava/net/Socket;->connectV
Ljava/net/Socket;->connectV
20395378 + Lcom/fsck/k9/activity/MessageCompose; onOptionsItemSelected Add Cc/Bcc
20395378 - Lcom/fsck/k9/activity/MessageCompose; onOptionsItemSelected
Ljava/net/Socket;->connectV
Ljava/net/Socket;->closeV
Ljava/net/Socket;->closeV
Ljava/net/Socket;->closeV
20397244 + Lcom/fsck/k9/activity/MessageCompose; onOptionsItemSelected Add attachment
20397251 - Lcom/fsck/k9/activity/MessageCompose; onOptionsItemSelected
20397408 + Lcom/fsck/k9/activity/MessageCompose; onSaveInstanceState
20397418 - Lcom/fsck/k9/activity/MessageCompose; onSaveInstanceState
20397432 + Lcom/fsck/k9/activity/MessageCompose; onPause
20397433 - Lcom/fsck/k9/activity/MessageCompose; onPause
Ljava/net/Socket;->closeV
20398416 + Lcom/fsck/k9/activity/MessageCompose; onResume
20398417 + Lcom/fsck/k9/K9Activity; onResume
20398421 - Lcom/fsck/k9/K9Activity; onResume
20398422 - Lcom/fsck/k9/activity/MessageCompose; onResume
20398993 + Lcom/fsck/k9/service/MailService; onCreate
20398993 - Lcom/fsck/k9/service/MailService; onCreate
20399033 + Lcom/fsck/k9/service/MailService; onDestroy
20399034 - Lcom/fsck/k9/service/MailService; onDestroy
20399848 + Lcom/fsck/k9/activity/MessageCompose; onOptionsItemSelected Save as draft
20399975 - Lcom/fsck/k9/activity/MessageCompose; onOptionsItemSelected
20399984 + Lcom/fsck/k9/activity/MessageCompose; onPause
20399985 - Lcom/fsck/k9/activity/MessageCompose; onPause
20400011 + Lcom/fsck/k9/activity/MessageList; onResume
20400012 + Lcom/fsck/k9/K9Activity; onResume
20400015 - Lcom/fsck/k9/K9Activity; onResume
20400088 - Lcom/fsck/k9/activity/MessageList; onResume
Ljava/net/Socket;->connectV
Ljava/net/Socket;->connectV
20401747 + Lcom/fsck/k9/activity/MessageList; onOptionsItemSelected Check mail
20401748 - Lcom/fsck/k9/activity/MessageList; onOptionsItemSelected
Ljava/net/Socket;->connectV
20404340 + Lcom/fsck/k9/activity/MessageList; onOptionsItemSelected Accounts
20404358 - Lcom/fsck/k9/activity/MessageList; onOptionsItemSelected
20404381 + Lcom/fsck/k9/activity/MessageList; onPause
20404382 - Lcom/fsck/k9/activity/MessageList; onPause
20404395 + Lcom/fsck/k9/activity/Accounts; onCreate
20404396 + Lcom/fsck/k9/K9ListActivity; onCreate
20404399 - Lcom/fsck/k9/K9ListActivity; onCreate
20404475 - Lcom/fsck/k9/activity/Accounts; onCreate
20404476 + Lcom/fsck/k9/activity/Accounts; onResume
20404476 + Lcom/fsck/k9/K9ListActivity; onResume
20404479 - Lcom/fsck/k9/K9ListActivity; onResume
20404500 - Lcom/fsck/k9/activity/Accounts; onResume
20405237 + Lcom/fsck/k9/activity/Accounts; onCreateOptionsMenu com.android.internal.view.menu.MenuBuilder@43f582f8
20405240 - Lcom/fsck/k9/activity/Accounts; onCreateOptionsMenu
Ljava/net/Socket;->closeV
20408278 + Lcom/fsck/k9/activity/Accounts; onOptionsItemSelected Compose
20408311 - Lcom/fsck/k9/activity/Accounts; onOptionsItemSelected
20408312 + Lcom/fsck/k9/activity/Accounts; onSaveInstanceState
20408313 - Lcom/fsck/k9/activity/Accounts; onSaveInstanceState
20408313 + Lcom/fsck/k9/activity/Accounts; onPause
20408314 - Lcom/fsck/k9/activity/Accounts; onPause
20408328 + Lcom/fsck/k9/activity/MessageCompose; onCreate
20408328 + Lcom/fsck/k9/K9Activity; onCreate
20408332 - Lcom/fsck/k9/K9Activity; onCreate
20408367 - Lcom/fsck/k9/activity/MessageCompose; onCreate
20408367 + Lcom/fsck/k9/activity/MessageCompose; onResume
20408368 + Lcom/fsck/k9/K9Activity; onResume
20408370 - Lcom/fsck/k9/K9Activity; onResume
20408371 - Lcom/fsck/k9/activity/MessageCompose; onResume
20409096 + Lcom/fsck/k9/activity/MessageCompose; onCreateOptionsMenu com.android.internal.view.menu.MenuBuilder@4401a870
20409101 - Lcom/fsck/k9/activity/MessageCompose; onCreateOptionsMenu
20410545 + Lcom/fsck/k9/activity/MessageCompose; onOptionsItemSelected Add Cc/Bcc
20410546 - Lcom/fsck/k9/activity/MessageCompose; onOptionsItemSelected
Ljava/net/Socket;->closeV
20412345 + Lcom/fsck/k9/activity/MessageCompose; onOptionsItemSelected Add attachment
20412353 - Lcom/fsck/k9/activity/MessageCompose; onOptionsItemSelected
20412354 + Lcom/fsck/k9/activity/MessageCompose; onSaveInstanceState
20412368 - Lcom/fsck/k9/activity/MessageCompose; onSaveInstanceState
20412368 + Lcom/fsck/k9/activity/MessageCompose; onPause
20412368 - Lcom/fsck/k9/activity/MessageCompose; onPause
20413484 + Lcom/fsck/k9/activity/MessageCompose; onResume
20413486 + Lcom/fsck/k9/K9Activity; onResume
20413501 - Lcom/fsck/k9/K9Activity; onResume
20413502 - Lcom/fsck/k9/activity/MessageCompose; onResume
20414932 + Lcom/fsck/k9/activity/MessageCompose; onOptionsItemSelected Save as draft
20415060 - Lcom/fsck/k9/activity/MessageCompose; onOptionsItemSelected
20415113 + Lcom/fsck/k9/activity/MessageCompose; onPause
20415114 - Lcom/fsck/k9/activity/MessageCompose; onPause
20415128 + Lcom/fsck/k9/activity/Accounts; onResume
20415128 + Lcom/fsck/k9/K9ListActivity; onResume
20415130 - Lcom/fsck/k9/K9ListActivity; onResume
20415148 - Lcom/fsck/k9/activity/Accounts; onResume
20416810 + Lcom/fsck/k9/activity/Accounts; onOptionsItemSelected Settings
20416818 - Lcom/fsck/k9/activity/Accounts; onOptionsItemSelected
20416820 + Lcom/fsck/k9/activity/Accounts; onSaveInstanceState
20416821 - Lcom/fsck/k9/activity/Accounts; onSaveInstanceState
20416822 + Lcom/fsck/k9/activity/Accounts; onPause
20416825 - Lcom/fsck/k9/activity/Accounts; onPause
20416839 + Lcom/fsck/k9/activity/setup/Prefs; onCreate
20416840 + Lcom/fsck/k9/K9PreferenceActivity; onCreate
20416846 - Lcom/fsck/k9/K9PreferenceActivity; onCreate
20416867 - Lcom/fsck/k9/activity/setup/Prefs; onCreate
20416868 + Lcom/fsck/k9/activity/setup/Prefs; onResume
20416869 - Lcom/fsck/k9/activity/setup/Prefs; onResume
Ljava/net/Socket;->connectV
20419590 + Lcom/fsck/k9/activity/Accounts; onResume
20419590 + Lcom/fsck/k9/K9ListActivity; onResume
20419592 - Lcom/fsck/k9/K9ListActivity; onResume
20419756 - Lcom/fsck/k9/activity/Accounts; onResume
20421698 + Lcom/fsck/k9/activity/Accounts; onOptionsItemSelected Compose
20421726 - Lcom/fsck/k9/activity/Accounts; onOptionsItemSelected
20421727 + Lcom/fsck/k9/activity/Accounts; onSaveInstanceState
20421728 - Lcom/fsck/k9/activity/Accounts; onSaveInstanceState
20421730 + Lcom/fsck/k9/activity/Accounts; onPause
20421731 - Lcom/fsck/k9/activity/Accounts; onPause
20421749 + Lcom/fsck/k9/activity/MessageCompose; onCreate
20421750 + Lcom/fsck/k9/K9Activity; onCreate
20421753 - Lcom/fsck/k9/K9Activity; onCreate
20421829 - Lcom/fsck/k9/activity/MessageCompose; onCreate
20421830 + Lcom/fsck/k9/activity/MessageCompose; onResume
20421831 + Lcom/fsck/k9/K9Activity; onResume
20421833 - Lcom/fsck/k9/K9Activity; onResume
20421836 - Lcom/fsck/k9/activity/MessageCompose; onResume
20422505 + Lcom/fsck/k9/activity/MessageCompose; onCreateOptionsMenu com.android.internal.view.menu.MenuBuilder@4413d098
20422518 - Lcom/fsck/k9/activity/MessageCompose; onCreateOptionsMenu
20424756 + Lcom/fsck/k9/activity/MessageCompose; onPause
20424756 - Lcom/fsck/k9/activity/MessageCompose; onPause
20424764 + Lcom/fsck/k9/activity/Accounts; onResume
20424764 + Lcom/fsck/k9/K9ListActivity; onResume
20424768 - Lcom/fsck/k9/K9ListActivity; onResume
20424820 - Lcom/fsck/k9/activity/Accounts; onResume
Ljava/net/Socket;->closeV
20426438 + Lcom/fsck/k9/activity/Accounts; onPause
20426439 - Lcom/fsck/k9/activity/Accounts; onPause
20427526 + Lcom/fsck/k9/activity/Accounts; onCreate
20427527 + Lcom/fsck/k9/K9ListActivity; onCreate
20427530 - Lcom/fsck/k9/K9ListActivity; onCreate
20427590 - Lcom/fsck/k9/activity/Accounts; onCreate
20427600 + Lcom/fsck/k9/activity/MessageList; onCreate
20427601 + Lcom/fsck/k9/K9Activity; onCreate
20427624 - Lcom/fsck/k9/K9Activity; onCreate
20427757 - Lcom/fsck/k9/activity/MessageList; onCreate
20427759 + Lcom/fsck/k9/activity/MessageList; onResume
20427759 + Lcom/fsck/k9/K9Activity; onResume
20427761 - Lcom/fsck/k9/K9Activity; onResume
20427852 - Lcom/fsck/k9/activity/MessageList; onResume
20428954 + Lcom/fsck/k9/activity/MessageList; onCreateOptionsMenu com.android.internal.view.menu.MenuBuilder@442059e8
20428992 - Lcom/fsck/k9/activity/MessageList; onCreateOptionsMenu
20430019 + Lcom/fsck/k9/activity/MessageList; onOptionsItemSelected Compose
20430044 - Lcom/fsck/k9/activity/MessageList; onOptionsItemSelected
20430045 + Lcom/fsck/k9/activity/MessageList; onSaveInstanceState
20430047 - Lcom/fsck/k9/activity/MessageList; onSaveInstanceState
20430047 + Lcom/fsck/k9/activity/MessageList; onPause
20430048 - Lcom/fsck/k9/activity/MessageList; onPause
20430078 + Lcom/fsck/k9/activity/MessageCompose; onCreate
20430078 + Lcom/fsck/k9/K9Activity; onCreate
20430091 - Lcom/fsck/k9/K9Activity; onCreate
20430177 - Lcom/fsck/k9/activity/MessageCompose; onCreate
20430178 + Lcom/fsck/k9/activity/MessageCompose; onResume
20430178 + Lcom/fsck/k9/K9Activity; onResume
20430182 - Lcom/fsck/k9/K9Activity; onResume
20430183 - Lcom/fsck/k9/activity/MessageCompose; onResume
20430890 + Lcom/fsck/k9/activity/MessageCompose; onCreateOptionsMenu com.android.internal.view.menu.MenuBuilder@441ab7a8
20430902 - Lcom/fsck/k9/activity/MessageCompose; onCreateOptionsMenu
20431901 + Lcom/fsck/k9/activity/MessageCompose; onOptionsItemSelected Add Cc/Bcc
20431902 - Lcom/fsck/k9/activity/MessageCompose; onOptionsItemSelected
20433521 + Lcom/fsck/k9/activity/MessageCompose; onOptionsItemSelected Add attachment
20433530 - Lcom/fsck/k9/activity/MessageCompose; onOptionsItemSelected
20433531 + Lcom/fsck/k9/activity/MessageCompose; onSaveInstanceState
20433550 - Lcom/fsck/k9/activity/MessageCompose; onSaveInstanceState
20433553 + Lcom/fsck/k9/activity/MessageCompose; onPause
20433554 - Lcom/fsck/k9/activity/MessageCompose; onPause
20435236 + Lcom/fsck/k9/activity/MessageCompose; onResume
20435237 + Lcom/fsck/k9/K9Activity; onResume
20435238 - Lcom/fsck/k9/K9Activity; onResume
20435239 - Lcom/fsck/k9/activity/MessageCompose; onResume
20436682 + Lcom/fsck/k9/activity/MessageCompose; onOptionsItemSelected Save as draft
20436807 - Lcom/fsck/k9/activity/MessageCompose; onOptionsItemSelected
20436811 + Lcom/fsck/k9/activity/MessageCompose; onPause
20436812 - Lcom/fsck/k9/activity/MessageCompose; onPause
20436825 + Lcom/fsck/k9/activity/MessageList; onResume
20436826 + Lcom/fsck/k9/K9Activity; onResume
20436827 - Lcom/fsck/k9/K9Activity; onResume
20436859 - Lcom/fsck/k9/activity/MessageList; onResume
Ljava/net/Socket;->connectV
20438504 + Lcom/fsck/k9/activity/MessageList; onOptionsItemSelected Check mail
20438508 - Lcom/fsck/k9/activity/MessageList; onOptionsItemSelected
20441613 + Lcom/fsck/k9/activity/MessageList; onPause
20441613 - Lcom/fsck/k9/activity/MessageList; onPause
20444926 + Lcom/fsck/k9/activity/Accounts; onCreate
20444927 + Lcom/fsck/k9/K9ListActivity; onCreate
20444935 - Lcom/fsck/k9/K9ListActivity; onCreate
20444976 - Lcom/fsck/k9/activity/Accounts; onCreate
20444985 + Lcom/fsck/k9/activity/MessageList; onCreate
20444986 + Lcom/fsck/k9/K9Activity; onCreate
20444988 - Lcom/fsck/k9/K9Activity; onCreate
20445219 - Lcom/fsck/k9/activity/MessageList; onCreate
20445220 + Lcom/fsck/k9/activity/MessageList; onResume
20445221 + Lcom/fsck/k9/K9Activity; onResume
20445227 - Lcom/fsck/k9/K9Activity; onResume
20445291 - Lcom/fsck/k9/activity/MessageList; onResume
20445940 + Lcom/fsck/k9/activity/MessageList; onCreateOptionsMenu com.android.internal.view.menu.MenuBuilder@441cbd80
20445958 - Lcom/fsck/k9/activity/MessageList; onCreateOptionsMenu
20446882 + Lcom/fsck/k9/activity/MessageList; onOptionsItemSelected Compose
20446920 - Lcom/fsck/k9/activity/MessageList; onOptionsItemSelected
20446946 + Lcom/fsck/k9/activity/MessageList; onSaveInstanceState
20446948 - Lcom/fsck/k9/activity/MessageList; onSaveInstanceState
20446949 + Lcom/fsck/k9/activity/MessageList; onPause
20446950 - Lcom/fsck/k9/activity/MessageList; onPause
20446965 + Lcom/fsck/k9/activity/MessageCompose; onCreate
20446965 + Lcom/fsck/k9/K9Activity; onCreate
20446968 - Lcom/fsck/k9/K9Activity; onCreate
20447013 - Lcom/fsck/k9/activity/MessageCompose; onCreate
20447013 + Lcom/fsck/k9/activity/MessageCompose; onResume
20447014 + Lcom/fsck/k9/K9Activity; onResume
20447017 - Lcom/fsck/k9/K9Activity; onResume
20447018 - Lcom/fsck/k9/activity/MessageCompose; onResume
20448011 + Lcom/fsck/k9/activity/MessageCompose; onCreateOptionsMenu com.android.internal.view.menu.MenuBuilder@4409b838
20448021 - Lcom/fsck/k9/activity/MessageCompose; onCreateOptionsMenu
20448882 + Lcom/fsck/k9/activity/MessageCompose; onOptionsItemSelected Add Cc/Bcc
20448883 - Lcom/fsck/k9/activity/MessageCompose; onOptionsItemSelected
20450526 + Lcom/fsck/k9/activity/MessageCompose; onOptionsItemSelected Save as draft
20450662 - Lcom/fsck/k9/activity/MessageCompose; onOptionsItemSelected
20450667 + Lcom/fsck/k9/activity/MessageCompose; onPause
20450669 - Lcom/fsck/k9/activity/MessageCompose; onPause
20450684 + Lcom/fsck/k9/activity/MessageList; onResume
20450685 + Lcom/fsck/k9/K9Activity; onResume
20450687 - Lcom/fsck/k9/K9Activity; onResume
20450730 - Lcom/fsck/k9/activity/MessageList; onResume
20452170 + Lcom/fsck/k9/activity/MessageList; onOptionsItemSelected Check mail
20452171 - Lcom/fsck/k9/activity/MessageList; onOptionsItemSelected
20454693 + Lcom/fsck/k9/activity/MessageList; onOptionsItemSelected Batch Ops
20454694 - Lcom/fsck/k9/activity/MessageList; onOptionsItemSelected
20456747 + Lcom/fsck/k9/activity/MessageList; onSaveInstanceState
20456753 - Lcom/fsck/k9/activity/MessageList; onSaveInstanceState
20456754 + Lcom/fsck/k9/activity/MessageList; onPause
20456756 - Lcom/fsck/k9/activity/MessageList; onPause
20458092 + Lcom/fsck/k9/activity/MessageList; onResume
20458092 + Lcom/fsck/k9/K9Activity; onResume
20458095 - Lcom/fsck/k9/K9Activity; onResume
20458193 - Lcom/fsck/k9/activity/MessageList; onResume
20459049 + Lcom/fsck/k9/service/MailService; onCreate
20459054 - Lcom/fsck/k9/service/MailService; onCreate
20459143 + Lcom/fsck/k9/service/MailService; onDestroy
20459143 - Lcom/fsck/k9/service/MailService; onDestroy
20460801 + Lcom/fsck/k9/activity/MessageList; onOptionsItemSelected Accounts
20460805 - Lcom/fsck/k9/activity/MessageList; onOptionsItemSelected
20460828 + Lcom/fsck/k9/activity/MessageList; onPause
20460828 - Lcom/fsck/k9/activity/MessageList; onPause
20460843 + Lcom/fsck/k9/activity/Accounts; onCreate
20460844 + Lcom/fsck/k9/K9ListActivity; onCreate
20460847 - Lcom/fsck/k9/K9ListActivity; onCreate
20460867 - Lcom/fsck/k9/activity/Accounts; onCreate
20460868 + Lcom/fsck/k9/activity/Accounts; onResume
20460868 + Lcom/fsck/k9/K9ListActivity; onResume
20460871 - Lcom/fsck/k9/K9ListActivity; onResume
20460891 - Lcom/fsck/k9/activity/Accounts; onResume
20461755 + Lcom/fsck/k9/activity/Accounts; onCreateOptionsMenu com.android.internal.view.menu.MenuBuilder@440c15a8
20461759 - Lcom/fsck/k9/activity/Accounts; onCreateOptionsMenu
20463907 + Lcom/fsck/k9/activity/Accounts; onPause
20463908 - Lcom/fsck/k9/activity/Accounts; onPause
20465029 + Lcom/fsck/k9/activity/Accounts; onCreate
20465030 + Lcom/fsck/k9/K9ListActivity; onCreate
20465032 - Lcom/fsck/k9/K9ListActivity; onCreate
20465105 - Lcom/fsck/k9/activity/Accounts; onCreate
20465112 + Lcom/fsck/k9/activity/MessageList; onCreate
20465113 + Lcom/fsck/k9/K9Activity; onCreate
20465115 - Lcom/fsck/k9/K9Activity; onCreate
20465195 - Lcom/fsck/k9/activity/MessageList; onCreate
20465196 + Lcom/fsck/k9/activity/MessageList; onResume
20465196 + Lcom/fsck/k9/K9Activity; onResume
20465198 - Lcom/fsck/k9/K9Activity; onResume
20465252 - Lcom/fsck/k9/activity/MessageList; onResume
20465872 + Lcom/fsck/k9/activity/MessageList; onCreateOptionsMenu com.android.internal.view.menu.MenuBuilder@43f98578
20465882 - Lcom/fsck/k9/activity/MessageList; onCreateOptionsMenu
20466947 + Lcom/fsck/k9/activity/MessageList; onOptionsItemSelected Compose
20466957 - Lcom/fsck/k9/activity/MessageList; onOptionsItemSelected
20466959 + Lcom/fsck/k9/activity/MessageList; onSaveInstanceState
20466961 - Lcom/fsck/k9/activity/MessageList; onSaveInstanceState
20466962 + Lcom/fsck/k9/activity/MessageList; onPause
20466962 - Lcom/fsck/k9/activity/MessageList; onPause
20466977 + Lcom/fsck/k9/activity/MessageCompose; onCreate
20466978 + Lcom/fsck/k9/K9Activity; onCreate
20466982 - Lcom/fsck/k9/K9Activity; onCreate
20467167 - Lcom/fsck/k9/activity/MessageCompose; onCreate
20467169 + Lcom/fsck/k9/activity/MessageCompose; onResume
20467170 + Lcom/fsck/k9/K9Activity; onResume
20467172 - Lcom/fsck/k9/K9Activity; onResume
20467178 - Lcom/fsck/k9/activity/MessageCompose; onResume
20467894 + Lcom/fsck/k9/activity/MessageCompose; onCreateOptionsMenu com.android.internal.view.menu.MenuBuilder@441867a8
20467902 - Lcom/fsck/k9/activity/MessageCompose; onCreateOptionsMenu
20468894 + Lcom/fsck/k9/activity/MessageCompose; onOptionsItemSelected Add Cc/Bcc
20468894 - Lcom/fsck/k9/activity/MessageCompose; onOptionsItemSelected
20470608 + Lcom/fsck/k9/activity/MessageCompose; onOptionsItemSelected Add attachment
20470621 - Lcom/fsck/k9/activity/MessageCompose; onOptionsItemSelected
20470622 + Lcom/fsck/k9/activity/MessageCompose; onSaveInstanceState
20470643 - Lcom/fsck/k9/activity/MessageCompose; onSaveInstanceState
20470647 + Lcom/fsck/k9/activity/MessageCompose; onPause
20470648 - Lcom/fsck/k9/activity/MessageCompose; onPause
20472039 + Lcom/fsck/k9/activity/MessageCompose; onResume
20472040 + Lcom/fsck/k9/K9Activity; onResume
20472041 - Lcom/fsck/k9/K9Activity; onResume
20472042 - Lcom/fsck/k9/activity/MessageCompose; onResume
20473594 + Lcom/fsck/k9/activity/MessageCompose; onOptionsItemSelected Save as draft
20473730 - Lcom/fsck/k9/activity/MessageCompose; onOptionsItemSelected
20473737 + Lcom/fsck/k9/activity/MessageCompose; onPause
20473738 - Lcom/fsck/k9/activity/MessageCompose; onPause
20473758 + Lcom/fsck/k9/activity/MessageList; onResume
20473759 + Lcom/fsck/k9/K9Activity; onResume
20473763 - Lcom/fsck/k9/K9Activity; onResume
20473834 - Lcom/fsck/k9/activity/MessageList; onResume
20475350 + Lcom/fsck/k9/activity/MessageList; onOptionsItemSelected Check mail
20475351 - Lcom/fsck/k9/activity/MessageList; onOptionsItemSelected
20476122 + Lcom/fsck/k9/activity/MessageList; onPause
20476122 - Lcom/fsck/k9/activity/MessageList; onPause
20477453 + Lcom/fsck/k9/activity/Accounts; onCreate
20477454 + Lcom/fsck/k9/K9ListActivity; onCreate
20477463 - Lcom/fsck/k9/K9ListActivity; onCreate
20477530 - Lcom/fsck/k9/activity/Accounts; onCreate
20477540 + Lcom/fsck/k9/activity/MessageList; onCreate
20477541 + Lcom/fsck/k9/K9Activity; onCreate
20477545 - Lcom/fsck/k9/K9Activity; onCreate
20477649 - Lcom/fsck/k9/activity/MessageList; onCreate
20477650 + Lcom/fsck/k9/activity/MessageList; onResume
20477651 + Lcom/fsck/k9/K9Activity; onResume
20477653 - Lcom/fsck/k9/K9Activity; onResume
20477795 - Lcom/fsck/k9/activity/MessageList; onResume
20478364 + Lcom/fsck/k9/activity/MessageList; onCreateOptionsMenu com.android.internal.view.menu.MenuBuilder@44136620
20478383 - Lcom/fsck/k9/activity/MessageList; onCreateOptionsMenu
20479357 + Lcom/fsck/k9/activity/MessageList; onOptionsItemSelected Compose
20479368 - Lcom/fsck/k9/activity/MessageList; onOptionsItemSelected
20479368 + Lcom/fsck/k9/activity/MessageList; onSaveInstanceState
20479370 - Lcom/fsck/k9/activity/MessageList; onSaveInstanceState
20479371 + Lcom/fsck/k9/activity/MessageList; onPause
20479371 - Lcom/fsck/k9/activity/MessageList; onPause
20479385 + Lcom/fsck/k9/activity/MessageCompose; onCreate
20479385 + Lcom/fsck/k9/K9Activity; onCreate
20479387 - Lcom/fsck/k9/K9Activity; onCreate
20479513 - Lcom/fsck/k9/activity/MessageCompose; onCreate
20479514 + Lcom/fsck/k9/activity/MessageCompose; onResume
20479515 + Lcom/fsck/k9/K9Activity; onResume
20479517 - Lcom/fsck/k9/K9Activity; onResume
20479517 - Lcom/fsck/k9/activity/MessageCompose; onResume
20481284 + Lcom/fsck/k9/activity/MessageCompose; onCreateOptionsMenu com.android.internal.view.menu.MenuBuilder@43f990b0
20481286 - Lcom/fsck/k9/activity/MessageCompose; onCreateOptionsMenu
20482127 + Lcom/fsck/k9/activity/MessageCompose; onOptionsItemSelected Add Cc/Bcc
20482128 - Lcom/fsck/k9/activity/MessageCompose; onOptionsItemSelected
20483944 + Lcom/fsck/k9/activity/MessageCompose; onOptionsItemSelected Add attachment
20483958 - Lcom/fsck/k9/activity/MessageCompose; onOptionsItemSelected
20483963 + Lcom/fsck/k9/activity/MessageCompose; onSaveInstanceState
20483968 - Lcom/fsck/k9/activity/MessageCompose; onSaveInstanceState
20483968 + Lcom/fsck/k9/activity/MessageCompose; onPause
20483969 - Lcom/fsck/k9/activity/MessageCompose; onPause
20484874 + Lcom/fsck/k9/activity/MessageCompose; onResume
20484875 + Lcom/fsck/k9/K9Activity; onResume
20484885 - Lcom/fsck/k9/K9Activity; onResume
20484886 - Lcom/fsck/k9/activity/MessageCompose; onResume
20486964 + Lcom/fsck/k9/activity/MessageCompose; onOptionsItemSelected Save as draft
20487141 - Lcom/fsck/k9/activity/MessageCompose; onOptionsItemSelected
20487175 + Lcom/fsck/k9/activity/MessageCompose; onPause
20487175 - Lcom/fsck/k9/activity/MessageCompose; onPause
20487190 + Lcom/fsck/k9/activity/MessageList; onResume
20487190 + Lcom/fsck/k9/K9Activity; onResume
20487193 - Lcom/fsck/k9/K9Activity; onResume
20487313 - Lcom/fsck/k9/activity/MessageList; onResume
20490366 + Lcom/fsck/k9/activity/MessageList; onOptionsItemSelected Accounts
20490382 - Lcom/fsck/k9/activity/MessageList; onOptionsItemSelected
20490403 + Lcom/fsck/k9/activity/MessageList; onPause
20490404 - Lcom/fsck/k9/activity/MessageList; onPause
20490425 + Lcom/fsck/k9/activity/Accounts; onCreate
20490426 + Lcom/fsck/k9/K9ListActivity; onCreate
20490429 - Lcom/fsck/k9/K9ListActivity; onCreate
20490457 - Lcom/fsck/k9/activity/Accounts; onCreate
20490457 + Lcom/fsck/k9/activity/Accounts; onResume
20490458 + Lcom/fsck/k9/K9ListActivity; onResume
20490460 - Lcom/fsck/k9/K9ListActivity; onResume
20490480 - Lcom/fsck/k9/activity/Accounts; onResume
20492997 + Lcom/fsck/k9/activity/Accounts; onCreateOptionsMenu com.android.internal.view.menu.MenuBuilder@44265808
20493008 - Lcom/fsck/k9/activity/Accounts; onCreateOptionsMenu
20494781 + Lcom/fsck/k9/activity/Accounts; onOptionsItemSelected Settings
20494784 - Lcom/fsck/k9/activity/Accounts; onOptionsItemSelected
20494785 + Lcom/fsck/k9/activity/Accounts; onSaveInstanceState
20494786 - Lcom/fsck/k9/activity/Accounts; onSaveInstanceState
20494787 + Lcom/fsck/k9/activity/Accounts; onPause
20494788 - Lcom/fsck/k9/activity/Accounts; onPause
20494801 + Lcom/fsck/k9/activity/setup/Prefs; onCreate
20494802 + Lcom/fsck/k9/K9PreferenceActivity; onCreate
20494806 - Lcom/fsck/k9/K9PreferenceActivity; onCreate
20494827 - Lcom/fsck/k9/activity/setup/Prefs; onCreate
20494827 + Lcom/fsck/k9/activity/setup/Prefs; onResume
20494828 - Lcom/fsck/k9/activity/setup/Prefs; onResume
20495264 + Lcom/fsck/k9/service/MailService; onCreate
20495265 - Lcom/fsck/k9/service/MailService; onCreate
20495294 + Lcom/fsck/k9/service/MailService; onDestroy
20495295 - Lcom/fsck/k9/service/MailService; onDestroy
20496542 + Lcom/fsck/k9/activity/Accounts; onResume
20496543 + Lcom/fsck/k9/K9ListActivity; onResume
20496544 - Lcom/fsck/k9/K9ListActivity; onResume
20496615 - Lcom/fsck/k9/activity/Accounts; onResume
20498334 + Lcom/fsck/k9/activity/Accounts; onOptionsItemSelected Compose
20498435 - Lcom/fsck/k9/activity/Accounts; onOptionsItemSelected
20498436 + Lcom/fsck/k9/activity/Accounts; onSaveInstanceState
20498437 - Lcom/fsck/k9/activity/Accounts; onSaveInstanceState
20498438 + Lcom/fsck/k9/activity/Accounts; onPause
20498438 - Lcom/fsck/k9/activity/Accounts; onPause
20498452 + Lcom/fsck/k9/activity/MessageCompose; onCreate
20498452 + Lcom/fsck/k9/K9Activity; onCreate
20498455 - Lcom/fsck/k9/K9Activity; onCreate
20498492 - Lcom/fsck/k9/activity/MessageCompose; onCreate
20498492 + Lcom/fsck/k9/activity/MessageCompose; onResume
20498493 + Lcom/fsck/k9/K9Activity; onResume
20498495 - Lcom/fsck/k9/K9Activity; onResume
20498495 - Lcom/fsck/k9/activity/MessageCompose; onResume
20499366 + Lcom/fsck/k9/activity/MessageCompose; onCreateOptionsMenu com.android.internal.view.menu.MenuBuilder@440c4d88
20499373 - Lcom/fsck/k9/activity/MessageCompose; onCreateOptionsMenu
20500440 + Lcom/fsck/k9/activity/MessageCompose; onOptionsItemSelected Add Cc/Bcc
20500441 - Lcom/fsck/k9/activity/MessageCompose; onOptionsItemSelected
20502144 + Lcom/fsck/k9/activity/MessageCompose; onOptionsItemSelected Add attachment
20502152 - Lcom/fsck/k9/activity/MessageCompose; onOptionsItemSelected
20502159 + Lcom/fsck/k9/activity/MessageCompose; onSaveInstanceState
20502182 - Lcom/fsck/k9/activity/MessageCompose; onSaveInstanceState
20502182 + Lcom/fsck/k9/activity/MessageCompose; onPause
20502183 - Lcom/fsck/k9/activity/MessageCompose; onPause
20504261 + Lcom/fsck/k9/activity/MessageCompose; onResume
20504261 + Lcom/fsck/k9/K9Activity; onResume
20504263 - Lcom/fsck/k9/K9Activity; onResume
20504263 - Lcom/fsck/k9/activity/MessageCompose; onResume
20505895 + Lcom/fsck/k9/activity/MessageCompose; onOptionsItemSelected Save as draft
20506013 - Lcom/fsck/k9/activity/MessageCompose; onOptionsItemSelected
20506024 + Lcom/fsck/k9/activity/MessageCompose; onPause
20506025 - Lcom/fsck/k9/activity/MessageCompose; onPause
20506055 + Lcom/fsck/k9/activity/Accounts; onResume
20506055 + Lcom/fsck/k9/K9ListActivity; onResume
20506057 - Lcom/fsck/k9/K9ListActivity; onResume
20506112 - Lcom/fsck/k9/activity/Accounts; onResume
20508993 + Lcom/fsck/k9/activity/Accounts; onOptionsItemSelected Add account
20509003 - Lcom/fsck/k9/activity/Accounts; onOptionsItemSelected
20509004 + Lcom/fsck/k9/activity/Accounts; onSaveInstanceState
20509008 - Lcom/fsck/k9/activity/Accounts; onSaveInstanceState
20509008 + Lcom/fsck/k9/activity/Accounts; onPause
20509009 - Lcom/fsck/k9/activity/Accounts; onPause
20509025 + Lcom/fsck/k9/activity/setup/AccountSetupBasics; onCreate
20509026 + Lcom/fsck/k9/K9Activity; onCreate
20509028 - Lcom/fsck/k9/K9Activity; onCreate
20509049 - Lcom/fsck/k9/activity/setup/AccountSetupBasics; onCreate
20509050 + Lcom/fsck/k9/activity/setup/AccountSetupBasics; onResume
20509050 + Lcom/fsck/k9/K9Activity; onResume
20509053 - Lcom/fsck/k9/K9Activity; onResume
20509054 - Lcom/fsck/k9/activity/setup/AccountSetupBasics; onResume
20511761 + Lcom/fsck/k9/activity/Accounts; onResume
20511761 + Lcom/fsck/k9/K9ListActivity; onResume
20511768 - Lcom/fsck/k9/K9ListActivity; onResume
20511793 - Lcom/fsck/k9/activity/Accounts; onResume
20511840 + Lcom/fsck/k9/activity/Accounts; onPause
20511840 - Lcom/fsck/k9/activity/Accounts; onPause
20512961 + Lcom/fsck/k9/activity/Accounts; onCreate
20512963 + Lcom/fsck/k9/K9ListActivity; onCreate
20512967 - Lcom/fsck/k9/K9ListActivity; onCreate
20512993 - Lcom/fsck/k9/activity/Accounts; onCreate
20513008 + Lcom/fsck/k9/activity/MessageList; onCreate
20513009 + Lcom/fsck/k9/K9Activity; onCreate
20513011 - Lcom/fsck/k9/K9Activity; onCreate
20513044 - Lcom/fsck/k9/activity/MessageList; onCreate
20513045 + Lcom/fsck/k9/activity/MessageList; onResume
20513045 + Lcom/fsck/k9/K9Activity; onResume
20513052 - Lcom/fsck/k9/K9Activity; onResume
20513161 - Lcom/fsck/k9/activity/MessageList; onResume
20513838 + Lcom/fsck/k9/activity/MessageList; onCreateOptionsMenu com.android.internal.view.menu.MenuBuilder@44100aa8
20513853 - Lcom/fsck/k9/activity/MessageList; onCreateOptionsMenu
20515268 + Lcom/fsck/k9/activity/MessageList; onOptionsItemSelected Compose
20515300 - Lcom/fsck/k9/activity/MessageList; onOptionsItemSelected
20515304 + Lcom/fsck/k9/activity/MessageList; onSaveInstanceState
20515308 - Lcom/fsck/k9/activity/MessageList; onSaveInstanceState
20515310 + Lcom/fsck/k9/activity/MessageList; onPause
20515314 - Lcom/fsck/k9/activity/MessageList; onPause
20515329 + Lcom/fsck/k9/activity/MessageCompose; onCreate
20515330 + Lcom/fsck/k9/K9Activity; onCreate
20515331 - Lcom/fsck/k9/K9Activity; onCreate
20515376 - Lcom/fsck/k9/activity/MessageCompose; onCreate
20515377 + Lcom/fsck/k9/activity/MessageCompose; onResume
20515377 + Lcom/fsck/k9/K9Activity; onResume
20515381 - Lcom/fsck/k9/K9Activity; onResume
20515381 - Lcom/fsck/k9/activity/MessageCompose; onResume
20517006 + Lcom/fsck/k9/activity/MessageCompose; onCreateOptionsMenu com.android.internal.view.menu.MenuBuilder@440ce410
20517010 - Lcom/fsck/k9/activity/MessageCompose; onCreateOptionsMenu
20517955 + Lcom/fsck/k9/activity/MessageCompose; onOptionsItemSelected Add Cc/Bcc
20517957 - Lcom/fsck/k9/activity/MessageCompose; onOptionsItemSelected
20520174 + Lcom/fsck/k9/activity/MessageCompose; onOptionsItemSelected Add attachment
20520178 - Lcom/fsck/k9/activity/MessageCompose; onOptionsItemSelected
20520192 + Lcom/fsck/k9/activity/MessageCompose; onSaveInstanceState
20520203 - Lcom/fsck/k9/activity/MessageCompose; onSaveInstanceState
20520203 + Lcom/fsck/k9/activity/MessageCompose; onPause
20520204 - Lcom/fsck/k9/activity/MessageCompose; onPause
20522653 + Lcom/fsck/k9/activity/MessageCompose; onResume
20522653 + Lcom/fsck/k9/K9Activity; onResume
20522657 - Lcom/fsck/k9/K9Activity; onResume
20522658 - Lcom/fsck/k9/activity/MessageCompose; onResume
20524762 + Lcom/fsck/k9/activity/MessageCompose; onOptionsItemSelected Save as draft
20524873 - Lcom/fsck/k9/activity/MessageCompose; onOptionsItemSelected
20524886 + Lcom/fsck/k9/activity/MessageCompose; onPause
20524887 - Lcom/fsck/k9/activity/MessageCompose; onPause
20524908 + Lcom/fsck/k9/activity/MessageList; onResume
20524909 + Lcom/fsck/k9/K9Activity; onResume
20524910 - Lcom/fsck/k9/K9Activity; onResume
20524942 - Lcom/fsck/k9/activity/MessageList; onResume
20526849 + Lcom/fsck/k9/activity/MessageList; onPause
20526852 - Lcom/fsck/k9/activity/MessageList; onPause
20529381 + Lcom/fsck/k9/activity/Accounts; onCreate
20529382 + Lcom/fsck/k9/K9ListActivity; onCreate
20529393 - Lcom/fsck/k9/K9ListActivity; onCreate
20529426 - Lcom/fsck/k9/activity/Accounts; onCreate
20529433 + Lcom/fsck/k9/activity/MessageList; onCreate
20529433 + Lcom/fsck/k9/K9Activity; onCreate
20529435 - Lcom/fsck/k9/K9Activity; onCreate
20529465 - Lcom/fsck/k9/activity/MessageList; onCreate
20529465 + Lcom/fsck/k9/activity/MessageList; onResume
20529466 + Lcom/fsck/k9/K9Activity; onResume
20529469 - Lcom/fsck/k9/K9Activity; onResume
20529537 - Lcom/fsck/k9/activity/MessageList; onResume
20530302 + Lcom/fsck/k9/activity/MessageList; onCreateOptionsMenu com.android.internal.view.menu.MenuBuilder@4412c188
20530322 - Lcom/fsck/k9/activity/MessageList; onCreateOptionsMenu
20531218 + Lcom/fsck/k9/activity/MessageList; onOptionsItemSelected Check mail
20531219 - Lcom/fsck/k9/activity/MessageList; onOptionsItemSelected
20537375 + Lcom/fsck/k9/activity/MessageList; onOptionsItemSelected Compose
20537402 - Lcom/fsck/k9/activity/MessageList; onOptionsItemSelected
20537403 + Lcom/fsck/k9/activity/MessageList; onSaveInstanceState
20537411 - Lcom/fsck/k9/activity/MessageList; onSaveInstanceState
20537412 + Lcom/fsck/k9/activity/MessageList; onPause
20537413 - Lcom/fsck/k9/activity/MessageList; onPause
20537432 + Lcom/fsck/k9/activity/MessageCompose; onCreate
20537433 + Lcom/fsck/k9/K9Activity; onCreate
20537436 - Lcom/fsck/k9/K9Activity; onCreate
20537469 - Lcom/fsck/k9/activity/MessageCompose; onCreate
20537470 + Lcom/fsck/k9/activity/MessageCompose; onResume
20537470 + Lcom/fsck/k9/K9Activity; onResume
20537493 - Lcom/fsck/k9/K9Activity; onResume
20537493 - Lcom/fsck/k9/activity/MessageCompose; onResume
20538172 + Lcom/fsck/k9/activity/MessageCompose; onCreateOptionsMenu com.android.internal.view.menu.MenuBuilder@44285b38
20538175 - Lcom/fsck/k9/activity/MessageCompose; onCreateOptionsMenu
20539126 + Lcom/fsck/k9/activity/MessageCompose; onOptionsItemSelected Add Cc/Bcc
20539129 - Lcom/fsck/k9/activity/MessageCompose; onOptionsItemSelected
20541143 + Lcom/fsck/k9/activity/MessageCompose; onOptionsItemSelected Add attachment
20541147 - Lcom/fsck/k9/activity/MessageCompose; onOptionsItemSelected
20541148 + Lcom/fsck/k9/activity/MessageCompose; onSaveInstanceState
20541160 - Lcom/fsck/k9/activity/MessageCompose; onSaveInstanceState
20541165 + Lcom/fsck/k9/activity/MessageCompose; onPause
20541166 - Lcom/fsck/k9/activity/MessageCompose; onPause
20543077 + Lcom/fsck/k9/activity/MessageCompose; onResume
20543077 + Lcom/fsck/k9/K9Activity; onResume
20543087 - Lcom/fsck/k9/K9Activity; onResume
20543090 - Lcom/fsck/k9/activity/MessageCompose; onResume
20544344 + Lcom/fsck/k9/activity/MessageCompose; onOptionsItemSelected Save as draft
20544473 - Lcom/fsck/k9/activity/MessageCompose; onOptionsItemSelected
20544482 + Lcom/fsck/k9/activity/MessageCompose; onPause
20544483 - Lcom/fsck/k9/activity/MessageCompose; onPause
20544521 + Lcom/fsck/k9/activity/MessageList; onResume
20544522 + Lcom/fsck/k9/K9Activity; onResume
20544527 - Lcom/fsck/k9/K9Activity; onResume
20544559 - Lcom/fsck/k9/activity/MessageList; onResume
20546122 + Lcom/fsck/k9/activity/MessageList; onOptionsItemSelected Check mail
20546123 - Lcom/fsck/k9/activity/MessageList; onOptionsItemSelected
20546778 + Lcom/fsck/k9/activity/MessageList; onPause
20546780 - Lcom/fsck/k9/activity/MessageList; onPause
20548207 + Lcom/fsck/k9/activity/Accounts; onCreate
20548208 + Lcom/fsck/k9/K9ListActivity; onCreate
20548226 - Lcom/fsck/k9/K9ListActivity; onCreate
20548320 - Lcom/fsck/k9/activity/Accounts; onCreate
20548412 + Lcom/fsck/k9/activity/MessageList; onCreate
20548412 + Lcom/fsck/k9/K9Activity; onCreate
20548416 - Lcom/fsck/k9/K9Activity; onCreate
20548453 - Lcom/fsck/k9/activity/MessageList; onCreate
20548458 + Lcom/fsck/k9/activity/MessageList; onResume
20548459 + Lcom/fsck/k9/K9Activity; onResume
20548463 - Lcom/fsck/k9/K9Activity; onResume
20548516 - Lcom/fsck/k9/activity/MessageList; onResume
20549237 + Lcom/fsck/k9/activity/MessageList; onCreateOptionsMenu com.android.internal.view.menu.MenuBuilder@4429d010
20549255 - Lcom/fsck/k9/activity/MessageList; onCreateOptionsMenu
20550227 + Lcom/fsck/k9/activity/MessageList; onOptionsItemSelected Compose
20550348 - Lcom/fsck/k9/activity/MessageList; onOptionsItemSelected
20550349 + Lcom/fsck/k9/activity/MessageList; onSaveInstanceState
20550350 - Lcom/fsck/k9/activity/MessageList; onSaveInstanceState
20550350 + Lcom/fsck/k9/activity/MessageList; onPause
20550351 - Lcom/fsck/k9/activity/MessageList; onPause
20550368 + Lcom/fsck/k9/activity/MessageCompose; onCreate
20550368 + Lcom/fsck/k9/K9Activity; onCreate
20550374 - Lcom/fsck/k9/K9Activity; onCreate
20550410 - Lcom/fsck/k9/activity/MessageCompose; onCreate
20550411 + Lcom/fsck/k9/activity/MessageCompose; onResume
20550411 + Lcom/fsck/k9/K9Activity; onResume
20550415 - Lcom/fsck/k9/K9Activity; onResume
20550415 - Lcom/fsck/k9/activity/MessageCompose; onResume
20551166 + Lcom/fsck/k9/activity/MessageCompose; onCreateOptionsMenu com.android.internal.view.menu.MenuBuilder@441893e8
20551167 - Lcom/fsck/k9/activity/MessageCompose; onCreateOptionsMenu
20552045 + Lcom/fsck/k9/activity/MessageCompose; onOptionsItemSelected Add Cc/Bcc
20552049 - Lcom/fsck/k9/activity/MessageCompose; onOptionsItemSelected
20553475 + Lcom/fsck/k9/activity/MessageCompose; onOptionsItemSelected Add attachment
20553491 - Lcom/fsck/k9/activity/MessageCompose; onOptionsItemSelected
20553492 + Lcom/fsck/k9/activity/MessageCompose; onSaveInstanceState
20553506 - Lcom/fsck/k9/activity/MessageCompose; onSaveInstanceState
20553507 + Lcom/fsck/k9/activity/MessageCompose; onPause
20553507 - Lcom/fsck/k9/activity/MessageCompose; onPause
20555013 + Lcom/fsck/k9/activity/MessageCompose; onResume
20555014 + Lcom/fsck/k9/K9Activity; onResume
20555027 - Lcom/fsck/k9/K9Activity; onResume
20555027 - Lcom/fsck/k9/activity/MessageCompose; onResume
20555308 + Lcom/fsck/k9/service/MailService; onCreate
20555312 - Lcom/fsck/k9/service/MailService; onCreate
20555386 + Lcom/fsck/k9/service/MailService; onDestroy
20555387 - Lcom/fsck/k9/service/MailService; onDestroy
20556347 + Lcom/fsck/k9/activity/MessageCompose; onOptionsItemSelected Save as draft
20556520 - Lcom/fsck/k9/activity/MessageCompose; onOptionsItemSelected
20556527 + Lcom/fsck/k9/activity/MessageCompose; onPause
20556528 - Lcom/fsck/k9/activity/MessageCompose; onPause
20556542 + Lcom/fsck/k9/activity/MessageList; onResume
20556542 + Lcom/fsck/k9/K9Activity; onResume
20556544 - Lcom/fsck/k9/K9Activity; onResume
20556613 - Lcom/fsck/k9/activity/MessageList; onResume
20558740 + Lcom/fsck/k9/activity/MessageList; onOptionsItemSelected Check mail
20558740 - Lcom/fsck/k9/activity/MessageList; onOptionsItemSelected
20563120 + Lcom/fsck/k9/activity/MessageList; onOptionsItemSelected Accounts
20563132 - Lcom/fsck/k9/activity/MessageList; onOptionsItemSelected
20563135 + Lcom/fsck/k9/activity/MessageList; onPause
20563143 - Lcom/fsck/k9/activity/MessageList; onPause
20563163 + Lcom/fsck/k9/activity/Accounts; onCreate
20563169 + Lcom/fsck/k9/K9ListActivity; onCreate
20563173 - Lcom/fsck/k9/K9ListActivity; onCreate
20563197 - Lcom/fsck/k9/activity/Accounts; onCreate
20563198 + Lcom/fsck/k9/activity/Accounts; onResume
20563199 + Lcom/fsck/k9/K9ListActivity; onResume
20563202 - Lcom/fsck/k9/K9ListActivity; onResume
20563215 - Lcom/fsck/k9/activity/Accounts; onResume
20564542 + Lcom/fsck/k9/activity/Accounts; onCreateOptionsMenu com.android.internal.view.menu.MenuBuilder@441e4dc8
20564543 - Lcom/fsck/k9/activity/Accounts; onCreateOptionsMenu
20565592 + Lcom/fsck/k9/activity/Accounts; onOptionsItemSelected Settings
20565600 - Lcom/fsck/k9/activity/Accounts; onOptionsItemSelected
20565601 + Lcom/fsck/k9/activity/Accounts; onSaveInstanceState
20565602 - Lcom/fsck/k9/activity/Accounts; onSaveInstanceState
20565604 + Lcom/fsck/k9/activity/Accounts; onPause
20565610 - Lcom/fsck/k9/activity/Accounts; onPause
20565632 + Lcom/fsck/k9/activity/setup/Prefs; onCreate
20565633 + Lcom/fsck/k9/K9PreferenceActivity; onCreate
20565638 - Lcom/fsck/k9/K9PreferenceActivity; onCreate
20565653 - Lcom/fsck/k9/activity/setup/Prefs; onCreate
20565659 + Lcom/fsck/k9/activity/setup/Prefs; onResume
20565659 - Lcom/fsck/k9/activity/setup/Prefs; onResume
20568367 + Lcom/fsck/k9/activity/Accounts; onResume
20568368 + Lcom/fsck/k9/K9ListActivity; onResume
20568373 - Lcom/fsck/k9/K9ListActivity; onResume
20568392 - Lcom/fsck/k9/activity/Accounts; onResume
20569807 + Lcom/fsck/k9/activity/Accounts; onOptionsItemSelected Compose
20569835 - Lcom/fsck/k9/activity/Accounts; onOptionsItemSelected
20569854 + Lcom/fsck/k9/activity/Accounts; onSaveInstanceState
20569855 - Lcom/fsck/k9/activity/Accounts; onSaveInstanceState
20569855 + Lcom/fsck/k9/activity/Accounts; onPause
20569856 - Lcom/fsck/k9/activity/Accounts; onPause
20569873 + Lcom/fsck/k9/activity/MessageCompose; onCreate
20569873 + Lcom/fsck/k9/K9Activity; onCreate
20569880 - Lcom/fsck/k9/K9Activity; onCreate
20569920 - Lcom/fsck/k9/activity/MessageCompose; onCreate
20569921 + Lcom/fsck/k9/activity/MessageCompose; onResume
20569921 + Lcom/fsck/k9/K9Activity; onResume
20569925 - Lcom/fsck/k9/K9Activity; onResume
20569926 - Lcom/fsck/k9/activity/MessageCompose; onResume
20570951 + Lcom/fsck/k9/activity/MessageCompose; onCreateOptionsMenu com.android.internal.view.menu.MenuBuilder@4428f478
20570958 - Lcom/fsck/k9/activity/MessageCompose; onCreateOptionsMenu
20571917 + Lcom/fsck/k9/activity/MessageCompose; onOptionsItemSelected Add Cc/Bcc
20571919 - Lcom/fsck/k9/activity/MessageCompose; onOptionsItemSelected
20573859 + Lcom/fsck/k9/activity/MessageCompose; onOptionsItemSelected Add attachment
20573873 - Lcom/fsck/k9/activity/MessageCompose; onOptionsItemSelected
20573874 + Lcom/fsck/k9/activity/MessageCompose; onSaveInstanceState
20573889 - Lcom/fsck/k9/activity/MessageCompose; onSaveInstanceState
20573889 + Lcom/fsck/k9/activity/MessageCompose; onPause
20573890 - Lcom/fsck/k9/activity/MessageCompose; onPause
20575630 + Lcom/fsck/k9/activity/MessageCompose; onResume
20575631 + Lcom/fsck/k9/K9Activity; onResume
20575639 - Lcom/fsck/k9/K9Activity; onResume
20575640 - Lcom/fsck/k9/activity/MessageCompose; onResume
20577151 + Lcom/fsck/k9/activity/MessageCompose; onOptionsItemSelected Save as draft
20577322 - Lcom/fsck/k9/activity/MessageCompose; onOptionsItemSelected
20577327 + Lcom/fsck/k9/activity/MessageCompose; onPause
20577328 - Lcom/fsck/k9/activity/MessageCompose; onPause
20577343 + Lcom/fsck/k9/activity/Accounts; onResume
20577343 + Lcom/fsck/k9/K9ListActivity; onResume
20577345 - Lcom/fsck/k9/K9ListActivity; onResume
20577360 - Lcom/fsck/k9/activity/Accounts; onResume
20579093 + Lcom/fsck/k9/activity/Accounts; onOptionsItemSelected Compose
20579117 - Lcom/fsck/k9/activity/Accounts; onOptionsItemSelected
20579118 + Lcom/fsck/k9/activity/Accounts; onSaveInstanceState
20579121 - Lcom/fsck/k9/activity/Accounts; onSaveInstanceState
20579121 + Lcom/fsck/k9/activity/Accounts; onPause
20579122 - Lcom/fsck/k9/activity/Accounts; onPause
20579142 + Lcom/fsck/k9/activity/MessageCompose; onCreate
20579142 + Lcom/fsck/k9/K9Activity; onCreate
20579150 - Lcom/fsck/k9/K9Activity; onCreate
20579209 - Lcom/fsck/k9/activity/MessageCompose; onCreate
20579210 + Lcom/fsck/k9/activity/MessageCompose; onResume
20579210 + Lcom/fsck/k9/K9Activity; onResume
20579212 - Lcom/fsck/k9/K9Activity; onResume
20579213 - Lcom/fsck/k9/activity/MessageCompose; onResume
20580097 + Lcom/fsck/k9/activity/MessageCompose; onCreateOptionsMenu com.android.internal.view.menu.MenuBuilder@44287158
20580120 - Lcom/fsck/k9/activity/MessageCompose; onCreateOptionsMenu
20581123 + Lcom/fsck/k9/activity/MessageCompose; onOptionsItemSelected Add Cc/Bcc
20581124 - Lcom/fsck/k9/activity/MessageCompose; onOptionsItemSelected
20582895 + Lcom/fsck/k9/activity/MessageCompose; onOptionsItemSelected Add attachment
20582904 - Lcom/fsck/k9/activity/MessageCompose; onOptionsItemSelected
20582905 + Lcom/fsck/k9/activity/MessageCompose; onSaveInstanceState
20582911 - Lcom/fsck/k9/activity/MessageCompose; onSaveInstanceState
20582911 + Lcom/fsck/k9/activity/MessageCompose; onPause
20582912 - Lcom/fsck/k9/activity/MessageCompose; onPause
20584471 + Lcom/fsck/k9/activity/MessageCompose; onResume
20584472 + Lcom/fsck/k9/K9Activity; onResume
20584473 - Lcom/fsck/k9/K9Activity; onResume
20584474 - Lcom/fsck/k9/activity/MessageCompose; onResume
20585875 + Lcom/fsck/k9/activity/MessageCompose; onOptionsItemSelected Save as draft
20586021 - Lcom/fsck/k9/activity/MessageCompose; onOptionsItemSelected
20586038 + Lcom/fsck/k9/activity/MessageCompose; onPause
20586040 - Lcom/fsck/k9/activity/MessageCompose; onPause
20586102 + Lcom/fsck/k9/activity/Accounts; onResume
20586102 + Lcom/fsck/k9/K9ListActivity; onResume
20586109 - Lcom/fsck/k9/K9ListActivity; onResume
20586140 - Lcom/fsck/k9/activity/Accounts; onResume
20588276 + Lcom/fsck/k9/activity/Accounts; onOptionsItemSelected Settings
20588283 - Lcom/fsck/k9/activity/Accounts; onOptionsItemSelected
20588286 + Lcom/fsck/k9/activity/Accounts; onSaveInstanceState
20588291 - Lcom/fsck/k9/activity/Accounts; onSaveInstanceState
20588293 + Lcom/fsck/k9/activity/Accounts; onPause
20588294 - Lcom/fsck/k9/activity/Accounts; onPause
20588318 + Lcom/fsck/k9/activity/setup/Prefs; onCreate
20588319 + Lcom/fsck/k9/K9PreferenceActivity; onCreate
20588324 - Lcom/fsck/k9/K9PreferenceActivity; onCreate
20588340 - Lcom/fsck/k9/activity/setup/Prefs; onCreate
20588340 + Lcom/fsck/k9/activity/setup/Prefs; onResume
20588341 - Lcom/fsck/k9/activity/setup/Prefs; onResume
20595147 + Lcom/fsck/k9/service/MailService; onCreate
20595148 - Lcom/fsck/k9/service/MailService; onCreate
20595253 + Lcom/fsck/k9/service/MailService; onDestroy
20595253 - Lcom/fsck/k9/service/MailService; onDestroy
20595407 + Lcom/fsck/k9/activity/Accounts; onResume
20595408 + Lcom/fsck/k9/K9ListActivity; onResume
20595412 - Lcom/fsck/k9/K9ListActivity; onResume
20595462 - Lcom/fsck/k9/activity/Accounts; onResume
20596220 + Lcom/fsck/k9/activity/Accounts; onPause
20596221 - Lcom/fsck/k9/activity/Accounts; onPause
20597261 + Lcom/fsck/k9/activity/Accounts; onCreate
20597262 + Lcom/fsck/k9/K9ListActivity; onCreate
20597269 - Lcom/fsck/k9/K9ListActivity; onCreate
20597444 - Lcom/fsck/k9/activity/Accounts; onCreate
20597456 + Lcom/fsck/k9/activity/MessageList; onCreate
20597456 + Lcom/fsck/k9/K9Activity; onCreate
20597458 - Lcom/fsck/k9/K9Activity; onCreate
20597519 - Lcom/fsck/k9/activity/MessageList; onCreate
20597520 + Lcom/fsck/k9/activity/MessageList; onResume
20597521 + Lcom/fsck/k9/K9Activity; onResume
20597522 - Lcom/fsck/k9/K9Activity; onResume
20597670 - Lcom/fsck/k9/activity/MessageList; onResume
20597999 + Lcom/fsck/k9/activity/MessageList; onCreateOptionsMenu com.android.internal.view.menu.MenuBuilder@43f99060
20598034 - Lcom/fsck/k9/activity/MessageList; onCreateOptionsMenu
20600074 + Lcom/fsck/k9/activity/MessageList; onOptionsItemSelected Account settings
20600095 - Lcom/fsck/k9/activity/MessageList; onOptionsItemSelected
20600138 + Lcom/fsck/k9/activity/MessageList; onSaveInstanceState
20600141 - Lcom/fsck/k9/activity/MessageList; onSaveInstanceState
20600142 + Lcom/fsck/k9/activity/MessageList; onPause
20600142 - Lcom/fsck/k9/activity/MessageList; onPause
20600163 + Lcom/fsck/k9/activity/setup/AccountSettings; onCreate
20600164 + Lcom/fsck/k9/K9PreferenceActivity; onCreate
20600171 - Lcom/fsck/k9/K9PreferenceActivity; onCreate
20600393 - Lcom/fsck/k9/activity/setup/AccountSettings; onCreate
20600394 + Lcom/fsck/k9/activity/setup/AccountSettings; onResume
20600402 - Lcom/fsck/k9/activity/setup/AccountSettings; onResume
20606867 + Lcom/fsck/k9/service/MailService; onCreate
20606868 - Lcom/fsck/k9/service/MailService; onCreate
20606885 + Lcom/fsck/k9/activity/MessageList; onResume
20606885 + Lcom/fsck/k9/K9Activity; onResume
20606887 - Lcom/fsck/k9/K9Activity; onResume
Ljava/net/Socket;->closeV
Ljava/net/Socket;->closeV
Ljava/net/Socket;->closeV
Ljava/net/Socket;->closeV
Ljava/net/Socket;->closeV
Ljava/net/Socket;->closeV
Ljava/net/Socket;->closeV
Ljava/net/Socket;->closeV
Ljava/net/Socket;->closeV
Ljava/net/Socket;->closeV
20607073 - Lcom/fsck/k9/activity/MessageList; onResume
Ljava/net/Socket;->connectV
Ljava/net/Socket;->connectV
Ljava/net/Socket;->connectV
Ljava/net/Socket;->connectV
Ljava/net/Socket;->connectV
Ljava/net/Socket;->connectV
Ljava/net/Socket;->connectV
Ljava/net/Socket;->connectV
Ljava/net/Socket;->connectV
Ljava/net/Socket;->connectV
Ljava/net/Socket;->connectV
Ljava/net/Socket;->connectV
20607420 + Lcom/fsck/k9/service/MailService; onDestroy
20607421 - Lcom/fsck/k9/service/MailService; onDestroy
Ljava/net/Socket;->connectV
Ljava/net/Socket;->connectV
Ljava/net/Socket;->connectV
Ljava/net/Socket;->connectV
Ljava/net/Socket;->connectV
Ljava/net/Socket;->connectV
Ljava/net/Socket;->connectV
Ljava/net/Socket;->connectV
20607859 + Lcom/fsck/k9/activity/MessageList; onPause
20607862 - Lcom/fsck/k9/activity/MessageList; onPause
20609001 + Lcom/fsck/k9/activity/Accounts; onCreate
20609001 + Lcom/fsck/k9/K9ListActivity; onCreate
20609009 - Lcom/fsck/k9/K9ListActivity; onCreate
20609151 - Lcom/fsck/k9/activity/Accounts; onCreate
20609166 + Lcom/fsck/k9/activity/MessageList; onCreate
20609169 + Lcom/fsck/k9/K9Activity; onCreate
20609171 - Lcom/fsck/k9/K9Activity; onCreate
20609271 - Lcom/fsck/k9/activity/MessageList; onCreate
20609271 + Lcom/fsck/k9/activity/MessageList; onResume
20609277 + Lcom/fsck/k9/K9Activity; onResume
20609290 - Lcom/fsck/k9/K9Activity; onResume
20609363 - Lcom/fsck/k9/activity/MessageList; onResume
20611270 + Lcom/fsck/k9/activity/MessageList; onCreateOptionsMenu com.android.internal.view.menu.MenuBuilder@44169040
20611274 - Lcom/fsck/k9/activity/MessageList; onCreateOptionsMenu
Ljava/net/Socket;->connectV
Ljava/net/Socket;->connectV
Ljava/net/Socket;->connectV
Ljava/net/Socket;->connectV
Ljava/net/Socket;->closeV
Ljava/net/Socket;->closeV
Ljava/net/Socket;->closeV
Ljava/net/Socket;->closeV
Ljava/net/Socket;->closeV
Ljava/net/Socket;->closeV
Ljava/net/Socket;->closeV
Ljava/net/Socket;->closeV
Ljava/net/Socket;->closeV
Ljava/net/Socket;->closeV
Ljava/net/Socket;->closeV
20616713 + Lcom/fsck/k9/activity/MessageList; onOptionsItemSelected Compose
20616764 - Lcom/fsck/k9/activity/MessageList; onOptionsItemSelected
20616765 + Lcom/fsck/k9/activity/MessageList; onSaveInstanceState
20616766 - Lcom/fsck/k9/activity/MessageList; onSaveInstanceState
20616767 + Lcom/fsck/k9/activity/MessageList; onPause
20616768 - Lcom/fsck/k9/activity/MessageList; onPause
20616782 + Lcom/fsck/k9/activity/MessageCompose; onCreate
20616784 + Lcom/fsck/k9/K9Activity; onCreate
20616787 - Lcom/fsck/k9/K9Activity; onCreate
Ljava/net/Socket;->closeV
20616946 - Lcom/fsck/k9/activity/MessageCompose; onCreate
20616948 + Lcom/fsck/k9/activity/MessageCompose; onResume
20616954 + Lcom/fsck/k9/K9Activity; onResume
20616959 - Lcom/fsck/k9/K9Activity; onResume
20616973 - Lcom/fsck/k9/activity/MessageCompose; onResume
Ljava/net/Socket;->closeV
Ljava/net/Socket;->closeV
Ljava/net/Socket;->closeV
20617976 + Lcom/fsck/k9/activity/MessageCompose; onCreateOptionsMenu com.android.internal.view.menu.MenuBuilder@441896c0
20617985 - Lcom/fsck/k9/activity/MessageCompose; onCreateOptionsMenu
Ljava/net/Socket;->connectV
Ljava/net/Socket;->connectV
Ljava/net/Socket;->connectV
Ljava/net/Socket;->connectV
Ljava/net/Socket;->connectV
Ljava/net/Socket;->connectV
Ljava/net/Socket;->connectV
Ljava/net/Socket;->connectV
20619216 + Lcom/fsck/k9/activity/MessageCompose; onOptionsItemSelected Add Cc/Bcc
20619216 - Lcom/fsck/k9/activity/MessageCompose; onOptionsItemSelected
Ljava/net/Socket;->connectV
Ljava/net/Socket;->connectV
Ljava/net/Socket;->connectV
Ljava/net/Socket;->connectV
Ljava/net/Socket;->closeV
Ljava/net/Socket;->closeV
20621233 + Lcom/fsck/k9/activity/MessageCompose; onOptionsItemSelected Add attachment
20621238 - Lcom/fsck/k9/activity/MessageCompose; onOptionsItemSelected
20621519 + Lcom/fsck/k9/activity/MessageCompose; onSaveInstanceState
20621525 - Lcom/fsck/k9/activity/MessageCompose; onSaveInstanceState
20621559 + Lcom/fsck/k9/activity/MessageCompose; onPause
20621575 - Lcom/fsck/k9/activity/MessageCompose; onPause
Ljava/net/Socket;->closeV
Ljava/net/Socket;->closeV
Ljava/net/Socket;->closeV
Ljava/net/Socket;->closeV
Ljava/net/Socket;->closeV
Ljava/net/Socket;->closeV
20623683 + Lcom/fsck/k9/activity/MessageCompose; onResume
20623683 + Lcom/fsck/k9/K9Activity; onResume
20623685 - Lcom/fsck/k9/K9Activity; onResume
20623690 - Lcom/fsck/k9/activity/MessageCompose; onResume
20625376 + Lcom/fsck/k9/activity/MessageCompose; onOptionsItemSelected Save as draft
20625502 - Lcom/fsck/k9/activity/MessageCompose; onOptionsItemSelected
20625528 + Lcom/fsck/k9/activity/MessageCompose; onPause
20625529 - Lcom/fsck/k9/activity/MessageCompose; onPause
20625545 + Lcom/fsck/k9/activity/MessageList; onResume
20625545 + Lcom/fsck/k9/K9Activity; onResume
20625547 - Lcom/fsck/k9/K9Activity; onResume
20625631 - Lcom/fsck/k9/activity/MessageList; onResume
Ljava/net/Socket;->connectV
20627294 + Lcom/fsck/k9/activity/MessageList; onOptionsItemSelected Check mail
20627294 - Lcom/fsck/k9/activity/MessageList; onOptionsItemSelected
Ljava/net/Socket;->connectV
Ljava/net/Socket;->connectV
Ljava/net/Socket;->connectV
Ljava/net/Socket;->connectV
Ljava/net/Socket;->connectV
Ljava/net/Socket;->closeV
Ljava/net/Socket;->connectV
Ljava/net/Socket;->closeV
Ljava/net/Socket;->closeV
Ljava/net/Socket;->closeV
Ljava/net/Socket;->connectV
Ljava/net/Socket;->closeV
Ljava/net/Socket;->connectV
Ljava/net/Socket;->closeV
Ljava/net/Socket;->closeV
Ljava/net/Socket;->closeV
Ljava/net/Socket;->closeV
Ljava/net/Socket;->closeV
Ljava/net/Socket;->closeV
Ljava/net/Socket;->closeV
Ljava/net/Socket;->connectV
Ljava/net/Socket;->connectV
Ljava/net/Socket;->connectV
Ljava/net/Socket;->closeV
Ljava/net/Socket;->closeV
Ljava/net/Socket;->closeV
20637877 + Lcom/fsck/k9/activity/MessageList; onOptionsItemSelected Compose
20637922 - Lcom/fsck/k9/activity/MessageList; onOptionsItemSelected
20637923 + Lcom/fsck/k9/activity/MessageList; onSaveInstanceState
20637925 - Lcom/fsck/k9/activity/MessageList; onSaveInstanceState
20637925 + Lcom/fsck/k9/activity/MessageList; onPause
20637926 - Lcom/fsck/k9/activity/MessageList; onPause
20637945 + Lcom/fsck/k9/activity/MessageCompose; onCreate
20637946 + Lcom/fsck/k9/K9Activity; onCreate
20637949 - Lcom/fsck/k9/K9Activity; onCreate
20638010 - Lcom/fsck/k9/activity/MessageCompose; onCreate
20638011 + Lcom/fsck/k9/activity/MessageCompose; onResume
20638012 + Lcom/fsck/k9/K9Activity; onResume
20638014 - Lcom/fsck/k9/K9Activity; onResume
20638015 - Lcom/fsck/k9/activity/MessageCompose; onResume
Ljava/net/Socket;->connectV
20639354 + Lcom/fsck/k9/activity/MessageCompose; onCreateOptionsMenu com.android.internal.view.menu.MenuBuilder@44029750
20639360 - Lcom/fsck/k9/activity/MessageCompose; onCreateOptionsMenu
Ljava/net/Socket;->connectV
Ljava/net/Socket;->connectV
Ljava/net/Socket;->connectV
Ljava/net/Socket;->connectV
Ljava/net/Socket;->closeV
20641311 + Lcom/fsck/k9/activity/MessageCompose; onOptionsItemSelected Add Cc/Bcc
20641312 - Lcom/fsck/k9/activity/MessageCompose; onOptionsItemSelected
Ljava/net/Socket;->connectV
Ljava/net/Socket;->closeV
Ljava/net/Socket;->closeV
Ljava/net/Socket;->closeV
Ljava/net/Socket;->closeV
Ljava/net/Socket;->closeV
20644360 + Lcom/fsck/k9/activity/MessageCompose; onOptionsItemSelected Add attachment
20644367 - Lcom/fsck/k9/activity/MessageCompose; onOptionsItemSelected
20644371 + Lcom/fsck/k9/activity/MessageCompose; onSaveInstanceState
20644402 - Lcom/fsck/k9/activity/MessageCompose; onSaveInstanceState
20644402 + Lcom/fsck/k9/activity/MessageCompose; onPause
20644402 - Lcom/fsck/k9/activity/MessageCompose; onPause
Ljava/net/Socket;->connectV
Ljava/net/Socket;->connectV
Ljava/net/Socket;->closeV
Ljava/net/Socket;->closeV
20647475 + Lcom/fsck/k9/activity/MessageCompose; onResume
20647476 + Lcom/fsck/k9/K9Activity; onResume
20647486 - Lcom/fsck/k9/K9Activity; onResume
20647487 - Lcom/fsck/k9/activity/MessageCompose; onResume
20649248 + Lcom/fsck/k9/activity/MessageCompose; onOptionsItemSelected Save as draft
20649363 - Lcom/fsck/k9/activity/MessageCompose; onOptionsItemSelected
20649376 + Lcom/fsck/k9/activity/MessageCompose; onPause
20649377 - Lcom/fsck/k9/activity/MessageCompose; onPause
20649419 + Lcom/fsck/k9/activity/MessageList; onResume
20649419 + Lcom/fsck/k9/K9Activity; onResume
20649422 - Lcom/fsck/k9/K9Activity; onResume
20649481 - Lcom/fsck/k9/activity/MessageList; onResume
Ljava/net/Socket;->connectV
Ljava/net/Socket;->closeV
Ljava/net/Socket;->closeV
Ljava/net/Socket;->closeV
20651799 + Lcom/fsck/k9/activity/MessageList; onOptionsItemSelected Check mail
20651800 - Lcom/fsck/k9/activity/MessageList; onOptionsItemSelected
Ljava/net/Socket;->connectV
Ljava/net/Socket;->closeV
Ljava/net/Socket;->closeV
Ljava/net/Socket;->connectV
Ljava/net/Socket;->closeV
20658977 + Lcom/fsck/k9/activity/MessageList; onOptionsItemSelected Expunge
20658978 - Lcom/fsck/k9/activity/MessageList; onOptionsItemSelected
20660976 + Lcom/fsck/k9/activity/MessageList; onOptionsItemSelected Compose
20660994 - Lcom/fsck/k9/activity/MessageList; onOptionsItemSelected
20660995 + Lcom/fsck/k9/activity/MessageList; onSaveInstanceState
20660996 - Lcom/fsck/k9/activity/MessageList; onSaveInstanceState
20660997 + Lcom/fsck/k9/activity/MessageList; onPause
20660997 - Lcom/fsck/k9/activity/MessageList; onPause
20661014 + Lcom/fsck/k9/activity/MessageCompose; onCreate
20661014 + Lcom/fsck/k9/K9Activity; onCreate
20661016 - Lcom/fsck/k9/K9Activity; onCreate
20661058 - Lcom/fsck/k9/activity/MessageCompose; onCreate
20661059 + Lcom/fsck/k9/activity/MessageCompose; onResume
20661060 + Lcom/fsck/k9/K9Activity; onResume
20661075 - Lcom/fsck/k9/K9Activity; onResume
20661076 - Lcom/fsck/k9/activity/MessageCompose; onResume
20662545 + Lcom/fsck/k9/activity/MessageCompose; onSaveInstanceState
20662600 - Lcom/fsck/k9/activity/MessageCompose; onSaveInstanceState
20662601 + Lcom/fsck/k9/activity/MessageCompose; onPause
20662601 - Lcom/fsck/k9/activity/MessageCompose; onPause
Ljava/net/Socket;->connectV
Ljava/net/Socket;->connectV
Ljava/net/Socket;->connectV
Ljava/net/Socket;->connectV
20663990 + Lcom/fsck/k9/activity/MessageCompose; onResume
20663991 + Lcom/fsck/k9/K9Activity; onResume
20663993 - Lcom/fsck/k9/K9Activity; onResume
20663994 - Lcom/fsck/k9/activity/MessageCompose; onResume
Ljava/net/Socket;->closeV
Ljava/net/Socket;->closeV
20664886 + Lcom/fsck/k9/activity/MessageCompose; onCreateOptionsMenu com.android.internal.view.menu.MenuBuilder@442d2478
20664900 - Lcom/fsck/k9/activity/MessageCompose; onCreateOptionsMenu
Ljava/net/Socket;->closeV
Ljava/net/Socket;->closeV
20665690 + Lcom/fsck/k9/activity/MessageCompose; onOptionsItemSelected Add Cc/Bcc
20665691 - Lcom/fsck/k9/activity/MessageCompose; onOptionsItemSelected
20666907 + Lcom/fsck/k9/service/MailService; onCreate
20666908 - Lcom/fsck/k9/service/MailService; onCreate
Ljava/net/Socket;->connectV
20666959 + Lcom/fsck/k9/service/MailService; onDestroy
20666959 - Lcom/fsck/k9/service/MailService; onDestroy
Ljava/net/Socket;->connectV
Ljava/net/Socket;->closeV
20668457 + Lcom/fsck/k9/activity/MessageCompose; onOptionsItemSelected Save as draft
20668628 - Lcom/fsck/k9/activity/MessageCompose; onOptionsItemSelected
20668661 + Lcom/fsck/k9/activity/MessageCompose; onPause
20668661 - Lcom/fsck/k9/activity/MessageCompose; onPause
Ljava/net/Socket;->closeV
20668691 + Lcom/fsck/k9/activity/MessageList; onResume
20668692 + Lcom/fsck/k9/K9Activity; onResume
20668701 - Lcom/fsck/k9/K9Activity; onResume
20668834 - Lcom/fsck/k9/activity/MessageList; onResume
Ljava/net/Socket;->closeV
Ljava/net/Socket;->connectV
Ljava/net/Socket;->connectV
Ljava/net/Socket;->connectV
Ljava/net/Socket;->closeV
Ljava/net/Socket;->closeV
Ljava/net/Socket;->closeV
20672174 + Lcom/fsck/k9/activity/MessageList; onOptionsItemSelected Check mail
20672174 - Lcom/fsck/k9/activity/MessageList; onOptionsItemSelected
Ljava/net/Socket;->closeV
Ljava/net/Socket;->closeV
Ljava/net/Socket;->connectV
Ljava/net/Socket;->closeV
Ljava/net/Socket;->connectV
Ljava/net/Socket;->connectV
Ljava/net/Socket;->closeV
Ljava/net/Socket;->closeV
Ljava/net/Socket;->connectV
20678519 + Lcom/fsck/k9/activity/MessageList; onPause
20678520 - Lcom/fsck/k9/activity/MessageList; onPause
Ljava/net/Socket;->closeV
20679761 + Lcom/fsck/k9/activity/Accounts; onCreate
20679761 + Lcom/fsck/k9/K9ListActivity; onCreate
20679763 - Lcom/fsck/k9/K9ListActivity; onCreate
20679800 - Lcom/fsck/k9/activity/Accounts; onCreate
20679812 + Lcom/fsck/k9/activity/MessageList; onCreate
20679813 + Lcom/fsck/k9/K9Activity; onCreate
20679815 - Lcom/fsck/k9/K9Activity; onCreate
20679898 - Lcom/fsck/k9/activity/MessageList; onCreate
20679899 + Lcom/fsck/k9/activity/MessageList; onResume
20679899 + Lcom/fsck/k9/K9Activity; onResume
20679901 - Lcom/fsck/k9/K9Activity; onResume
20679971 - Lcom/fsck/k9/activity/MessageList; onResume
Ljava/net/Socket;->connectV
20680627 + Lcom/fsck/k9/activity/MessageList; onCreateOptionsMenu com.android.internal.view.menu.MenuBuilder@43fe4a28
20680648 - Lcom/fsck/k9/activity/MessageList; onCreateOptionsMenu
Ljava/net/Socket;->closeV
20681714 + Lcom/fsck/k9/activity/MessageList; onOptionsItemSelected Compose
20681724 - Lcom/fsck/k9/activity/MessageList; onOptionsItemSelected
20681740 + Lcom/fsck/k9/activity/MessageList; onSaveInstanceState
20681741 - Lcom/fsck/k9/activity/MessageList; onSaveInstanceState
20681741 + Lcom/fsck/k9/activity/MessageList; onPause
20681742 - Lcom/fsck/k9/activity/MessageList; onPause
20681755 + Lcom/fsck/k9/activity/MessageCompose; onCreate
20681756 + Lcom/fsck/k9/K9Activity; onCreate
20681761 - Lcom/fsck/k9/K9Activity; onCreate
20681801 - Lcom/fsck/k9/activity/MessageCompose; onCreate
20681804 + Lcom/fsck/k9/activity/MessageCompose; onResume
20681804 + Lcom/fsck/k9/K9Activity; onResume
20681806 - Lcom/fsck/k9/K9Activity; onResume
20681807 - Lcom/fsck/k9/activity/MessageCompose; onResume
Ljava/net/Socket;->connectV
Ljava/net/Socket;->closeV
20684240 + Lcom/fsck/k9/activity/MessageCompose; onCreateOptionsMenu com.android.internal.view.menu.MenuBuilder@442ddeb0
20684244 - Lcom/fsck/k9/activity/MessageCompose; onCreateOptionsMenu
20685334 + Lcom/fsck/k9/activity/MessageCompose; onOptionsItemSelected Add Cc/Bcc
20685335 - Lcom/fsck/k9/activity/MessageCompose; onOptionsItemSelected
20687556 + Lcom/fsck/k9/activity/MessageCompose; onOptionsItemSelected Add attachment
20687592 - Lcom/fsck/k9/activity/MessageCompose; onOptionsItemSelected
20687592 + Lcom/fsck/k9/activity/MessageCompose; onSaveInstanceState
20687628 - Lcom/fsck/k9/activity/MessageCompose; onSaveInstanceState
20687632 + Lcom/fsck/k9/activity/MessageCompose; onPause
20687633 - Lcom/fsck/k9/activity/MessageCompose; onPause
20689150 + Lcom/fsck/k9/activity/MessageCompose; onResume
20689150 + Lcom/fsck/k9/K9Activity; onResume
20689152 - Lcom/fsck/k9/K9Activity; onResume
20689153 - Lcom/fsck/k9/activity/MessageCompose; onResume
20691023 + Lcom/fsck/k9/activity/MessageCompose; onOptionsItemSelected Save as draft
20691140 - Lcom/fsck/k9/activity/MessageCompose; onOptionsItemSelected
20691147 + Lcom/fsck/k9/activity/MessageCompose; onPause
20691148 - Lcom/fsck/k9/activity/MessageCompose; onPause
20691166 + Lcom/fsck/k9/activity/MessageList; onResume
20691167 + Lcom/fsck/k9/K9Activity; onResume
20691168 - Lcom/fsck/k9/K9Activity; onResume
20691216 - Lcom/fsck/k9/activity/MessageList; onResume
20693035 + Lcom/fsck/k9/activity/MessageList; onOptionsItemSelected Check mail
20693037 - Lcom/fsck/k9/activity/MessageList; onOptionsItemSelected
Ljava/net/Socket;->closeV
Ljava/net/Socket;->connectV
Ljava/net/Socket;->closeV
Ljava/net/Socket;->connectV
Ljava/net/Socket;->closeV
Ljava/net/Socket;->connectV
Ljava/net/Socket;->closeV
20703210 + Lcom/fsck/k9/activity/MessageList; onOptionsItemSelected Batch Ops
20703211 - Lcom/fsck/k9/activity/MessageList; onOptionsItemSelected
Ljava/net/Socket;->connectV
20704995 + Lcom/fsck/k9/activity/MessageList; onOptionsItemSelected Select all
20704999 - Lcom/fsck/k9/activity/MessageList; onOptionsItemSelected
Ljava/net/Socket;->connectV
Ljava/net/Socket;->closeV
Ljava/net/Socket;->connectV
Ljava/net/Socket;->connectV
Ljava/net/Socket;->closeV
Ljava/net/Socket;->closeV
Ljava/net/Socket;->closeV
20708511 + Lcom/fsck/k9/activity/MessageList; onOptionsItemSelected Compose
20708518 - Lcom/fsck/k9/activity/MessageList; onOptionsItemSelected
20708520 + Lcom/fsck/k9/activity/MessageList; onSaveInstanceState
20708521 - Lcom/fsck/k9/activity/MessageList; onSaveInstanceState
20708521 + Lcom/fsck/k9/activity/MessageList; onPause
20708521 - Lcom/fsck/k9/activity/MessageList; onPause
20708536 + Lcom/fsck/k9/activity/MessageCompose; onCreate
20708537 + Lcom/fsck/k9/K9Activity; onCreate
20708539 - Lcom/fsck/k9/K9Activity; onCreate
Ljava/net/Socket;->connectV
20708641 - Lcom/fsck/k9/activity/MessageCompose; onCreate
20708641 + Lcom/fsck/k9/activity/MessageCompose; onResume
20708642 + Lcom/fsck/k9/K9Activity; onResume
20708643 - Lcom/fsck/k9/K9Activity; onResume
20708644 - Lcom/fsck/k9/activity/MessageCompose; onResume
Ljava/net/Socket;->connectV
20709936 + Lcom/fsck/k9/activity/MessageCompose; onCreateOptionsMenu com.android.internal.view.menu.MenuBuilder@441cc3f8
20709943 - Lcom/fsck/k9/activity/MessageCompose; onCreateOptionsMenu
Ljava/net/Socket;->closeV
Ljava/net/Socket;->closeV
20710985 + Lcom/fsck/k9/activity/MessageCompose; onOptionsItemSelected Add Cc/Bcc
20710986 - Lcom/fsck/k9/activity/MessageCompose; onOptionsItemSelected
Ljava/net/Socket;->closeV
Ljava/net/Socket;->connectV
Ljava/net/Socket;->connectV
Ljava/net/Socket;->connectV
Ljava/net/Socket;->connectV
Ljava/net/Socket;->closeV
Ljava/net/Socket;->connectV
Ljava/net/Socket;->closeV
Ljava/net/Socket;->closeV
20714536 + Lcom/fsck/k9/activity/MessageCompose; onOptionsItemSelected Add attachment
20714540 - Lcom/fsck/k9/activity/MessageCompose; onOptionsItemSelected
20714543 + Lcom/fsck/k9/activity/MessageCompose; onSaveInstanceState
20714574 - Lcom/fsck/k9/activity/MessageCompose; onSaveInstanceState
20714586 + Lcom/fsck/k9/activity/MessageCompose; onPause
20714587 - Lcom/fsck/k9/activity/MessageCompose; onPause
Ljava/net/Socket;->closeV
Ljava/net/Socket;->closeV
Ljava/net/Socket;->connectV
20716131 + Lcom/fsck/k9/activity/MessageCompose; onResume
20716132 + Lcom/fsck/k9/K9Activity; onResume
20716185 - Lcom/fsck/k9/K9Activity; onResume
20716186 - Lcom/fsck/k9/activity/MessageCompose; onResume
Ljava/net/Socket;->connectV
Ljava/net/Socket;->closeV
20717707 + Lcom/fsck/k9/activity/MessageCompose; onOptionsItemSelected Save as draft
20717858 - Lcom/fsck/k9/activity/MessageCompose; onOptionsItemSelected
20717864 + Lcom/fsck/k9/activity/MessageCompose; onPause
20717865 - Lcom/fsck/k9/activity/MessageCompose; onPause
20717889 + Lcom/fsck/k9/activity/MessageList; onResume
20717890 + Lcom/fsck/k9/K9Activity; onResume
20717892 - Lcom/fsck/k9/K9Activity; onResume
20717962 - Lcom/fsck/k9/activity/MessageList; onResume
Ljava/net/Socket;->closeV
Ljava/net/Socket;->connectV
Ljava/net/Socket;->closeV
20721523 + Lcom/fsck/k9/activity/MessageList; onOptionsItemSelected Check mail
20721525 - Lcom/fsck/k9/activity/MessageList; onOptionsItemSelected
Ljava/net/Socket;->connectV
Ljava/net/Socket;->closeV
Ljava/net/Socket;->connectV
Ljava/net/Socket;->closeV
Ljava/net/Socket;->connectV
20726955 + Lcom/fsck/k9/service/MailService; onCreate
20726956 - Lcom/fsck/k9/service/MailService; onCreate
20727010 + Lcom/fsck/k9/service/MailService; onDestroy
20727010 - Lcom/fsck/k9/service/MailService; onDestroy
Ljava/net/Socket;->closeV
Ljava/net/Socket;->connectV
Ljava/net/Socket;->closeV
Ljava/net/Socket;->connectV
Ljava/net/Socket;->closeV
Ljava/net/Socket;->connectV
Ljava/net/Socket;->closeV
Ljava/net/Socket;->connectV
Ljava/net/Socket;->closeV
20746528 + Lcom/fsck/k9/activity/MessageList; onSaveInstanceState
20746530 - Lcom/fsck/k9/activity/MessageList; onSaveInstanceState
20746531 + Lcom/fsck/k9/activity/MessageList; onPause
20746531 - Lcom/fsck/k9/activity/MessageList; onPause
Ljava/net/Socket;->closeV
Ljava/net/Socket;->connectV
Ljava/net/Socket;->closeV
Ljava/net/Socket;->connectV
Ljava/net/Socket;->closeV
Ljava/net/Socket;->connectV
Ljava/net/Socket;->closeV
Ljava/net/Socket;->connectV
Ljava/net/Socket;->connectV
Ljava/net/Socket;->closeV
Ljava/net/Socket;->closeV
Ljava/net/Socket;->connectV
Ljava/net/Socket;->connectV
Ljava/net/Socket;->connectV
Ljava/net/Socket;->closeV
Ljava/net/Socket;->closeV
Ljava/net/Socket;->closeV
Ljava/net/Socket;->connectV
Ljava/net/Socket;->connectV
Ljava/net/Socket;->closeV
Ljava/net/Socket;->closeV
Ljava/net/Socket;->connectV
Ljava/net/Socket;->connectV
Ljava/net/Socket;->closeV
Ljava/net/Socket;->connectV
Ljava/net/Socket;->closeV
Ljava/net/Socket;->closeV
Ljava/net/Socket;->closeV
Ljava/net/Socket;->connectV
Ljava/net/Socket;->closeV
Ljava/net/Socket;->closeV
