

29711252 + Lcom/fsck/k9/activity/MessageList; onResume
29711253 + Lcom/fsck/k9/K9Activity; onResume
29711263 - Lcom/fsck/k9/K9Activity; onResume
29711418 - Lcom/fsck/k9/activity/MessageList; onResume
29714640 + Lcom/fsck/k9/activity/MessageList; onItemClick android.widget.ListView@441a6d58
29714693 - Lcom/fsck/k9/activity/MessageList; onItemClick
29714693 + Lcom/fsck/k9/activity/MessageList; onSaveInstanceState
29714695 - Lcom/fsck/k9/activity/MessageList; onSaveInstanceState
29714695 + Lcom/fsck/k9/activity/MessageList; onPause
29714696 - Lcom/fsck/k9/activity/MessageList; onPause
29714706 + Lcom/fsck/k9/activity/MessageView; onCreate
29714706 + Lcom/fsck/k9/K9Activity; onCreate
29714710 - Lcom/fsck/k9/K9Activity; onCreate
29714766 - Lcom/fsck/k9/activity/MessageView; onCreate
29714766 + Lcom/fsck/k9/activity/MessageView; onResume
29714782 + Lcom/fsck/k9/K9Activity; onResume
29714790 - Lcom/fsck/k9/K9Activity; onResume
29714796 - Lcom/fsck/k9/activity/MessageView; onResume
29718504 + Lcom/fsck/k9/activity/MessageView; onClick android.widget.Button@44276d40
29718510 - Lcom/fsck/k9/activity/MessageView; onClick
Ljava/net/Socket;->connectV
Ljava/net/Socket;->closeV
29722600 + Lcom/fsck/k9/activity/MessageView; onClick android.widget.Button@4422d5a8
29722608 - Lcom/fsck/k9/activity/MessageView; onClick
29725991 + Lcom/fsck/k9/activity/MessageView; onCreateOptionsMenu com.android.internal.view.menu.MenuBuilder@44359a00
29726010 - Lcom/fsck/k9/activity/MessageView; onCreateOptionsMenu
29729847 + Lcom/fsck/k9/activity/MessageView; onOptionsItemSelected Mark as unread
29729909 - Lcom/fsck/k9/activity/MessageView; onOptionsItemSelected
Ljava/net/Socket;->connectV
Ljava/net/Socket;->closeV
Ljava/net/Socket;->connectV
Ljava/net/Socket;->closeV
29733817 + Lcom/fsck/k9/activity/MessageList; onResume
29733818 + Lcom/fsck/k9/K9Activity; onResume
29733821 - Lcom/fsck/k9/K9Activity; onResume
29733939 - Lcom/fsck/k9/activity/MessageList; onResume
29737479 + Lcom/fsck/k9/activity/MessageList; onCreateOptionsMenu com.android.internal.view.menu.MenuBuilder@441941b0
29737505 - Lcom/fsck/k9/activity/MessageList; onCreateOptionsMenu
Ljava/net/Socket;->connectV
Ljava/net/Socket;->closeV
29741355 + Lcom/fsck/k9/activity/MessageList; onOptionsItemSelected Sort by...
29741355 - Lcom/fsck/k9/activity/MessageList; onOptionsItemSelected
29744952 + Lcom/fsck/k9/activity/MessageList; onOptionsItemSelected Date
29744958 - Lcom/fsck/k9/activity/MessageList; onOptionsItemSelected
29745554 + Lcom/fsck/k9/service/MailService; onCreate
29745556 - Lcom/fsck/k9/service/MailService; onCreate
29745621 + Lcom/fsck/k9/service/MailService; onDestroy
29745622 - Lcom/fsck/k9/service/MailService; onDestroy
Ljava/net/Socket;->connectV
Ljava/net/Socket;->closeV
Ljava/net/Socket;->connectV
Ljava/net/Socket;->closeV
Ljava/net/Socket;->connectV
Ljava/net/Socket;->closeV
Ljava/net/Socket;->connectV
Ljava/net/Socket;->closeV
29752524 + Lcom/fsck/k9/activity/MessageList; onOptionsItemSelected Check mail
29752525 - Lcom/fsck/k9/activity/MessageList; onOptionsItemSelected
Ljava/net/Socket;->connectV
Ljava/net/Socket;->closeV
Ljava/net/Socket;->connectV
Ljava/net/Socket;->closeV
Ljava/net/Socket;->connectV
Ljava/net/Socket;->closeV
Ljava/net/Socket;->connectV
Ljava/net/Socket;->closeV
29759899 + Lcom/fsck/k9/activity/MessageList; onOptionsItemSelected Batch Ops
29759899 - Lcom/fsck/k9/activity/MessageList; onOptionsItemSelected
Ljava/net/Socket;->connectV
Ljava/net/Socket;->closeV
Ljava/net/Socket;->connectV
Ljava/net/Socket;->closeV
Ljava/net/Socket;->connectV
29764247 + Lcom/fsck/k9/activity/MessageList; onOptionsItemSelected Select all
29764251 - Lcom/fsck/k9/activity/MessageList; onOptionsItemSelected
Ljava/net/Socket;->closeV
Ljava/net/Socket;->connectV
Ljava/net/Socket;->closeV
Ljava/net/Socket;->connectV
29767605 + Lcom/fsck/k9/activity/MessageList; onClick android.widget.Button@44284740
29767609 - Lcom/fsck/k9/activity/MessageList; onClick
Ljava/net/Socket;->closeV
Ljava/net/Socket;->connectV
Ljava/net/Socket;->closeV
Ljava/net/Socket;->connectV
Ljava/net/Socket;->closeV
Ljava/net/Socket;->connectV
Ljava/net/Socket;->closeV
Ljava/net/Socket;->connectV
Ljava/net/Socket;->closeV
29774880 + Lcom/fsck/k9/activity/MessageList; onOptionsItemSelected Folder list
29774928 - Lcom/fsck/k9/activity/MessageList; onOptionsItemSelected
29774962 + Lcom/fsck/k9/activity/MessageList; onPause
29774963 - Lcom/fsck/k9/activity/MessageList; onPause
29774976 + Lcom/fsck/k9/activity/FolderList; onCreate
29774980 + Lcom/fsck/k9/K9ListActivity; onCreate
29774988 - Lcom/fsck/k9/K9ListActivity; onCreate
29775023 - Lcom/fsck/k9/activity/FolderList; onCreate
29775023 + Lcom/fsck/k9/activity/FolderList; onResume
29775024 + Lcom/fsck/k9/K9ListActivity; onResume
29775026 - Lcom/fsck/k9/K9ListActivity; onResume
29775053 - Lcom/fsck/k9/activity/FolderList; onResume
Ljava/net/Socket;->connectV
Ljava/net/Socket;->closeV
29778245 + Lcom/fsck/k9/activity/FolderList$2; onItemClick android.widget.ListView@440a55b8
29778282 - Lcom/fsck/k9/activity/FolderList$2; onItemClick
29778282 + Lcom/fsck/k9/activity/FolderList; onSaveInstanceState
29778283 - Lcom/fsck/k9/activity/FolderList; onSaveInstanceState
29778289 + Lcom/fsck/k9/activity/FolderList; onPause
29778290 - Lcom/fsck/k9/activity/FolderList; onPause
29778302 + Lcom/fsck/k9/activity/MessageList; onCreate
29778308 + Lcom/fsck/k9/K9Activity; onCreate
29778310 - Lcom/fsck/k9/K9Activity; onCreate
29778386 - Lcom/fsck/k9/activity/MessageList; onCreate
29778386 + Lcom/fsck/k9/activity/MessageList; onResume
29778387 + Lcom/fsck/k9/K9Activity; onResume
29778388 - Lcom/fsck/k9/K9Activity; onResume
29778453 - Lcom/fsck/k9/activity/MessageList; onResume
Ljava/net/Socket;->connectV
Ljava/net/Socket;->closeV
Ljava/net/Socket;->connectV
Ljava/net/Socket;->connectV
29781555 + Lcom/fsck/k9/activity/MessageList; onCreateOptionsMenu com.android.internal.view.menu.MenuBuilder@443b0db8
29781571 - Lcom/fsck/k9/activity/MessageList; onCreateOptionsMenu
Ljava/net/Socket;->closeV
Ljava/net/Socket;->closeV
Ljava/net/Socket;->connectV
Ljava/net/Socket;->closeV
Ljava/net/Socket;->connectV
Ljava/net/Socket;->closeV
Ljava/net/Socket;->connectV
Ljava/net/Socket;->closeV
Ljava/net/Socket;->connectV
29788454 + Lcom/fsck/k9/activity/MessageList; onOptionsItemSelected Mark all messages as read
29788488 - Lcom/fsck/k9/activity/MessageList; onOptionsItemSelected
Ljava/net/Socket;->closeV
Ljava/net/Socket;->connectV
Ljava/net/Socket;->closeV
Ljava/net/Socket;->connectV
29792343 + Lcom/fsck/k9/activity/MessageList$3; onClick android.app.AlertDialog@442f99b0
29792356 - Lcom/fsck/k9/activity/MessageList$3; onClick
Ljava/net/Socket;->closeV
Ljava/net/Socket;->connectV
Ljava/net/Socket;->closeV
Ljava/net/Socket;->connectV
Ljava/net/Socket;->closeV
Ljava/net/Socket;->connectV
Ljava/net/Socket;->closeV
Ljava/net/Socket;->connectV
Ljava/net/Socket;->closeV
29799743 + Lcom/fsck/k9/service/MailService; onCreate
29799744 - Lcom/fsck/k9/service/MailService; onCreate
29799813 + Lcom/fsck/k9/service/MailService; onDestroy
29799814 - Lcom/fsck/k9/service/MailService; onDestroy
Ljava/net/Socket;->connectV
Ljava/net/Socket;->closeV
Ljava/net/Socket;->connectV
Ljava/net/Socket;->closeV
Ljava/net/Socket;->connectV
29804608 + Lcom/fsck/k9/activity/MessageList; onOptionsItemSelected Account settings
29804641 - Lcom/fsck/k9/activity/MessageList; onOptionsItemSelected
29804643 + Lcom/fsck/k9/activity/MessageList; onSaveInstanceState
29804644 - Lcom/fsck/k9/activity/MessageList; onSaveInstanceState
29804646 + Lcom/fsck/k9/activity/MessageList; onPause
29804646 - Lcom/fsck/k9/activity/MessageList; onPause
29804661 + Lcom/fsck/k9/activity/setup/AccountSettings; onCreate
29804661 + Lcom/fsck/k9/K9PreferenceActivity; onCreate
29804668 - Lcom/fsck/k9/K9PreferenceActivity; onCreate
29804836 - Lcom/fsck/k9/activity/setup/AccountSettings; onCreate
29804837 + Lcom/fsck/k9/activity/setup/AccountSettings; onResume
29804840 - Lcom/fsck/k9/activity/setup/AccountSettings; onResume
Ljava/net/Socket;->closeV
