

10610141 + Lcom/fsck/k9/activity/MessageList; onItemClick android.widget.ListView@441d89c8
10610156 - Lcom/fsck/k9/activity/MessageList; onItemClick
10610157 + Lcom/fsck/k9/activity/MessageList; onSaveInstanceState
10610158 - Lcom/fsck/k9/activity/MessageList; onSaveInstanceState
10610160 + Lcom/fsck/k9/activity/MessageList; onPause
10610161 - Lcom/fsck/k9/activity/MessageList; onPause
10610175 + Lcom/fsck/k9/activity/MessageView; onCreate
10610176 + Lcom/fsck/k9/K9Activity; onCreate
10610177 - Lcom/fsck/k9/K9Activity; onCreate
10610229 - Lcom/fsck/k9/activity/MessageView; onCreate
10610230 + Lcom/fsck/k9/activity/MessageView; onResume
10610230 + Lcom/fsck/k9/K9Activity; onResume
10610232 - Lcom/fsck/k9/K9Activity; onResume
10610238 - Lcom/fsck/k9/activity/MessageView; onResume
10611925 + Lcom/fsck/k9/activity/MessageView; onClick android.widget.Button@44156f98
10611942 - Lcom/fsck/k9/activity/MessageView; onClick
10612873 + Lcom/fsck/k9/activity/MessageView; onClick android.widget.Button@4416a220
10612883 - Lcom/fsck/k9/activity/MessageView; onClick
10614562 + Lcom/fsck/k9/activity/MessageView; onClick android.widget.Button@44156f98
10614568 - Lcom/fsck/k9/activity/MessageView; onClick
10616011 + Lcom/fsck/k9/activity/MessageView; onClick android.widget.Button@44164a90
10616017 - Lcom/fsck/k9/activity/MessageView; onClick
10617245 + Lcom/fsck/k9/activity/MessageList; onResume
10617246 + Lcom/fsck/k9/K9Activity; onResume
10617248 - Lcom/fsck/k9/K9Activity; onResume
10617302 - Lcom/fsck/k9/activity/MessageList; onResume
10617934 + Lcom/fsck/k9/service/MailService; onCreate
10617934 - Lcom/fsck/k9/service/MailService; onCreate
10617990 + Lcom/fsck/k9/service/MailService; onDestroy
10617991 - Lcom/fsck/k9/service/MailService; onDestroy
10619649 + Lcom/fsck/k9/activity/MessageList; onItemClick android.widget.ListView@441d89c8
10619668 - Lcom/fsck/k9/activity/MessageList; onItemClick
10623571 + Lcom/fsck/k9/activity/MessageList; onCreateOptionsMenu com.android.internal.view.menu.MenuBuilder@443288f0
10623617 - Lcom/fsck/k9/activity/MessageList; onCreateOptionsMenu
10625075 + Lcom/fsck/k9/activity/MessageList; onOptionsItemSelected Compose
10625091 - Lcom/fsck/k9/activity/MessageList; onOptionsItemSelected
10625122 + Lcom/fsck/k9/activity/MessageList; onSaveInstanceState
10625123 - Lcom/fsck/k9/activity/MessageList; onSaveInstanceState
10625124 + Lcom/fsck/k9/activity/MessageList; onPause
10625125 - Lcom/fsck/k9/activity/MessageList; onPause
10625139 + Lcom/fsck/k9/activity/MessageCompose; onCreate
10625139 + Lcom/fsck/k9/K9Activity; onCreate
10625141 - Lcom/fsck/k9/K9Activity; onCreate
10625205 - Lcom/fsck/k9/activity/MessageCompose; onCreate
10625205 + Lcom/fsck/k9/activity/MessageCompose; onResume
10625206 + Lcom/fsck/k9/K9Activity; onResume
10625208 - Lcom/fsck/k9/K9Activity; onResume
10625209 - Lcom/fsck/k9/activity/MessageCompose; onResume
10627671 + Lcom/fsck/k9/activity/MessageCompose; onPause
10627672 - Lcom/fsck/k9/activity/MessageCompose; onPause
10627680 + Lcom/fsck/k9/activity/MessageList; onResume
10627682 + Lcom/fsck/k9/K9Activity; onResume
10627684 - Lcom/fsck/k9/K9Activity; onResume
10627758 - Lcom/fsck/k9/activity/MessageList; onResume
10631601 + Lcom/fsck/k9/activity/MessageList; onOptionsItemSelected Accounts
10631611 - Lcom/fsck/k9/activity/MessageList; onOptionsItemSelected
10631612 + Lcom/fsck/k9/activity/MessageList; onPause
10631613 - Lcom/fsck/k9/activity/MessageList; onPause
10631632 + Lcom/fsck/k9/activity/Accounts; onCreate
10631633 + Lcom/fsck/k9/K9ListActivity; onCreate
10631636 - Lcom/fsck/k9/K9ListActivity; onCreate
10631657 - Lcom/fsck/k9/activity/Accounts; onCreate
10631657 + Lcom/fsck/k9/activity/Accounts; onResume
10631658 + Lcom/fsck/k9/K9ListActivity; onResume
10631659 - Lcom/fsck/k9/K9ListActivity; onResume
10631681 - Lcom/fsck/k9/activity/Accounts; onResume
10634609 + Lcom/fsck/k9/activity/Accounts; onItemClick android.widget.ListView@440500c0
10634634 - Lcom/fsck/k9/activity/Accounts; onItemClick
10634636 + Lcom/fsck/k9/activity/Accounts; onSaveInstanceState
10634638 - Lcom/fsck/k9/activity/Accounts; onSaveInstanceState
10634639 + Lcom/fsck/k9/activity/Accounts; onPause
10634642 - Lcom/fsck/k9/activity/Accounts; onPause
10634652 + Lcom/fsck/k9/activity/MessageList; onCreate
10634652 + Lcom/fsck/k9/K9Activity; onCreate
10634655 - Lcom/fsck/k9/K9Activity; onCreate
10634756 - Lcom/fsck/k9/activity/MessageList; onCreate
10634757 + Lcom/fsck/k9/activity/MessageList; onResume
10634757 + Lcom/fsck/k9/K9Activity; onResume
10634761 - Lcom/fsck/k9/K9Activity; onResume
10634833 - Lcom/fsck/k9/activity/MessageList; onResume
10635970 + Lcom/fsck/k9/activity/MessageList; onCreateOptionsMenu com.android.internal.view.menu.MenuBuilder@43f62f50
10635997 - Lcom/fsck/k9/activity/MessageList; onCreateOptionsMenu
10637370 + Lcom/fsck/k9/activity/MessageList; onOptionsItemSelected Check mail
10637372 - Lcom/fsck/k9/activity/MessageList; onOptionsItemSelected
10642443 + Lcom/fsck/k9/activity/MessageList; onOptionsItemSelected Folder list
10642481 - Lcom/fsck/k9/activity/MessageList; onOptionsItemSelected
10642511 + Lcom/fsck/k9/activity/MessageList; onPause
10642511 - Lcom/fsck/k9/activity/MessageList; onPause
10642527 + Lcom/fsck/k9/activity/FolderList; onCreate
10642527 + Lcom/fsck/k9/K9ListActivity; onCreate
10642532 - Lcom/fsck/k9/K9ListActivity; onCreate
10642562 - Lcom/fsck/k9/activity/FolderList; onCreate
10642567 + Lcom/fsck/k9/activity/FolderList; onResume
10642567 + Lcom/fsck/k9/K9ListActivity; onResume
10642569 - Lcom/fsck/k9/K9ListActivity; onResume
10642631 - Lcom/fsck/k9/activity/FolderList; onResume
10644954 + Lcom/fsck/k9/activity/FolderList$2; onItemClick android.widget.ListView@43fa5240
10645026 - Lcom/fsck/k9/activity/FolderList$2; onItemClick
10645026 + Lcom/fsck/k9/activity/FolderList; onSaveInstanceState
10645027 - Lcom/fsck/k9/activity/FolderList; onSaveInstanceState
10645028 + Lcom/fsck/k9/activity/FolderList; onPause
10645028 - Lcom/fsck/k9/activity/FolderList; onPause
10645037 + Lcom/fsck/k9/activity/MessageList; onCreate
10645038 + Lcom/fsck/k9/K9Activity; onCreate
10645040 - Lcom/fsck/k9/K9Activity; onCreate
10645070 - Lcom/fsck/k9/activity/MessageList; onCreate
10645070 + Lcom/fsck/k9/activity/MessageList; onResume
10645071 + Lcom/fsck/k9/K9Activity; onResume
10645073 - Lcom/fsck/k9/K9Activity; onResume
10645135 - Lcom/fsck/k9/activity/MessageList; onResume
10648104 + Lcom/fsck/k9/activity/MessageList; onItemClick android.widget.ListView@440d4d68
10648119 - Lcom/fsck/k9/activity/MessageList; onItemClick
10648119 + Lcom/fsck/k9/activity/MessageList; onSaveInstanceState
10648122 - Lcom/fsck/k9/activity/MessageList; onSaveInstanceState
10648122 + Lcom/fsck/k9/activity/MessageList; onPause
10648123 - Lcom/fsck/k9/activity/MessageList; onPause
10648137 + Lcom/fsck/k9/activity/MessageView; onCreate
10648138 + Lcom/fsck/k9/K9Activity; onCreate
10648140 - Lcom/fsck/k9/K9Activity; onCreate
10648190 - Lcom/fsck/k9/activity/MessageView; onCreate
10648190 + Lcom/fsck/k9/activity/MessageView; onResume
10648191 + Lcom/fsck/k9/K9Activity; onResume
10648196 - Lcom/fsck/k9/K9Activity; onResume
10648196 - Lcom/fsck/k9/activity/MessageView; onResume
10649685 + Lcom/fsck/k9/activity/MessageView; onClick android.widget.Button@442d8f70
10649690 - Lcom/fsck/k9/activity/MessageView; onClick
10652533 + Lcom/fsck/k9/activity/MessageView; onClick android.widget.Button@43fa1d00
10652539 - Lcom/fsck/k9/activity/MessageView; onClick
10658473 + Lcom/fsck/k9/activity/MessageView; onClick android.widget.Button@43fa1d00
10658479 - Lcom/fsck/k9/activity/MessageView; onClick
10660278 + Lcom/fsck/k9/activity/MessageView; onClick android.widget.Button@43fa1d00
10660285 - Lcom/fsck/k9/activity/MessageView; onClick
10663043 + Lcom/fsck/k9/activity/MessageView; onClick android.widget.Button@43fa1d00
10663048 - Lcom/fsck/k9/activity/MessageView; onClick
10665005 + Lcom/fsck/k9/activity/MessageList; onResume
10665005 + Lcom/fsck/k9/K9Activity; onResume
10665006 - Lcom/fsck/k9/K9Activity; onResume
10665101 - Lcom/fsck/k9/activity/MessageList; onResume
10665876 + Lcom/fsck/k9/activity/MessageList; onCreateOptionsMenu com.android.internal.view.menu.MenuBuilder@44304390
10665888 - Lcom/fsck/k9/activity/MessageList; onCreateOptionsMenu
10667147 + Lcom/fsck/k9/activity/MessageList; onOptionsItemSelected Batch Ops
10667147 - Lcom/fsck/k9/activity/MessageList; onOptionsItemSelected
10674868 + Lcom/fsck/k9/activity/MessageList; onOptionsItemSelected Account settings
10674960 - Lcom/fsck/k9/activity/MessageList; onOptionsItemSelected
10674962 + Lcom/fsck/k9/activity/MessageList; onSaveInstanceState
10674963 - Lcom/fsck/k9/activity/MessageList; onSaveInstanceState
10674965 + Lcom/fsck/k9/activity/MessageList; onPause
10674966 - Lcom/fsck/k9/activity/MessageList; onPause
10674979 + Lcom/fsck/k9/activity/setup/AccountSettings; onCreate
10674980 + Lcom/fsck/k9/K9PreferenceActivity; onCreate
10674991 - Lcom/fsck/k9/K9PreferenceActivity; onCreate
10675084 - Lcom/fsck/k9/activity/setup/AccountSettings; onCreate
10675085 + Lcom/fsck/k9/activity/setup/AccountSettings; onResume
10675090 - Lcom/fsck/k9/activity/setup/AccountSettings; onResume
10678013 + Lcom/fsck/k9/service/MailService; onCreate
10678014 - Lcom/fsck/k9/service/MailService; onCreate
10678281 + Lcom/fsck/k9/service/MailService; onDestroy
10678282 - Lcom/fsck/k9/service/MailService; onDestroy
10681644 + Lcom/fsck/k9/service/MailService; onCreate
10681645 - Lcom/fsck/k9/service/MailService; onCreate
10681676 + Lcom/fsck/k9/activity/MessageList; onResume
10681677 + Lcom/fsck/k9/K9Activity; onResume
10681680 - Lcom/fsck/k9/K9Activity; onResume
Ljava/net/Socket;->closeV
Ljava/net/Socket;->closeV
Ljava/net/Socket;->closeV
Ljava/net/Socket;->closeV
Ljava/net/Socket;->closeV
Ljava/net/Socket;->closeV
Ljava/net/Socket;->closeV
Ljava/net/Socket;->closeV
Ljava/net/Socket;->closeV
Ljava/net/Socket;->closeV
10682098 - Lcom/fsck/k9/activity/MessageList; onResume
10682191 + Lcom/fsck/k9/service/MailService; onDestroy
10682192 - Lcom/fsck/k9/service/MailService; onDestroy
Ljava/net/Socket;->connectV
Ljava/net/Socket;->connectV
Ljava/net/Socket;->connectV
Ljava/net/Socket;->connectV
Ljava/net/Socket;->connectV
Ljava/net/Socket;->connectV
Ljava/net/Socket;->connectV
Ljava/net/Socket;->connectV
Ljava/net/Socket;->connectV
Ljava/net/Socket;->connectV
10687220 + Lcom/fsck/k9/activity/MessageList; onOptionsItemSelected Check mail
10687224 - Lcom/fsck/k9/activity/MessageList; onOptionsItemSelected
Ljava/net/Socket;->closeV
10689795 + Lcom/fsck/k9/activity/MessageList; onItemClick android.widget.ListView@440d4d68
10689809 - Lcom/fsck/k9/activity/MessageList; onItemClick
10689810 + Lcom/fsck/k9/activity/MessageList; onSaveInstanceState
10689813 - Lcom/fsck/k9/activity/MessageList; onSaveInstanceState
10689813 + Lcom/fsck/k9/activity/MessageList; onPause
10689814 - Lcom/fsck/k9/activity/MessageList; onPause
10689824 + Lcom/fsck/k9/activity/MessageView; onCreate
10689825 + Lcom/fsck/k9/K9Activity; onCreate
10689827 - Lcom/fsck/k9/K9Activity; onCreate
10689952 - Lcom/fsck/k9/activity/MessageView; onCreate
10689953 + Lcom/fsck/k9/activity/MessageView; onResume
10689953 + Lcom/fsck/k9/K9Activity; onResume
10689955 - Lcom/fsck/k9/K9Activity; onResume
10689960 - Lcom/fsck/k9/activity/MessageView; onResume
Ljava/net/Socket;->connectV
10692480 + Lcom/fsck/k9/activity/MessageList; onResume
10692481 + Lcom/fsck/k9/K9Activity; onResume
10692483 - Lcom/fsck/k9/K9Activity; onResume
10692766 - Lcom/fsck/k9/activity/MessageList; onResume
10703392 + Lcom/fsck/k9/activity/MessageList; onItemClick android.widget.ListView@440d4d68
10703424 - Lcom/fsck/k9/activity/MessageList; onItemClick
10703425 + Lcom/fsck/k9/activity/MessageList; onSaveInstanceState
10703441 - Lcom/fsck/k9/activity/MessageList; onSaveInstanceState
10703441 + Lcom/fsck/k9/activity/MessageList; onPause
10703443 - Lcom/fsck/k9/activity/MessageList; onPause
10703457 + Lcom/fsck/k9/activity/MessageView; onCreate
10703458 + Lcom/fsck/k9/K9Activity; onCreate
10703462 - Lcom/fsck/k9/K9Activity; onCreate
10703613 - Lcom/fsck/k9/activity/MessageView; onCreate
10703614 + Lcom/fsck/k9/activity/MessageView; onResume
10703615 + Lcom/fsck/k9/K9Activity; onResume
10703616 - Lcom/fsck/k9/K9Activity; onResume
10703622 - Lcom/fsck/k9/activity/MessageView; onResume
10706151 + Lcom/fsck/k9/activity/MessageView; onClick android.widget.Button@442ce678
10706161 - Lcom/fsck/k9/activity/MessageView; onClick
10707885 + Lcom/fsck/k9/activity/MessageView; onClick android.widget.Button@44224e50
10707889 - Lcom/fsck/k9/activity/MessageView; onClick
10709471 + Lcom/fsck/k9/activity/MessageView; onClick android.widget.Button@4419b858
10709487 - Lcom/fsck/k9/activity/MessageView; onClick
10710563 + Lcom/fsck/k9/activity/MessageList; onResume
10710564 + Lcom/fsck/k9/K9Activity; onResume
10710570 - Lcom/fsck/k9/K9Activity; onResume
10710706 - Lcom/fsck/k9/activity/MessageList; onResume
10713435 + Lcom/fsck/k9/activity/MessageList; onOptionsItemSelected Folder list
10713475 - Lcom/fsck/k9/activity/MessageList; onOptionsItemSelected
10713511 + Lcom/fsck/k9/activity/MessageList; onPause
10713512 - Lcom/fsck/k9/activity/MessageList; onPause
10713528 + Lcom/fsck/k9/activity/FolderList; onCreate
10713528 + Lcom/fsck/k9/K9ListActivity; onCreate
10713535 - Lcom/fsck/k9/K9ListActivity; onCreate
10713578 - Lcom/fsck/k9/activity/FolderList; onCreate
10713579 + Lcom/fsck/k9/activity/FolderList; onResume
10713579 + Lcom/fsck/k9/K9ListActivity; onResume
10713582 - Lcom/fsck/k9/K9ListActivity; onResume
10713654 - Lcom/fsck/k9/activity/FolderList; onResume
10715854 + Lcom/fsck/k9/activity/FolderList$2; onItemClick android.widget.ListView@440081d8
10715892 - Lcom/fsck/k9/activity/FolderList$2; onItemClick
10715893 + Lcom/fsck/k9/activity/FolderList; onSaveInstanceState
10715894 - Lcom/fsck/k9/activity/FolderList; onSaveInstanceState
10715894 + Lcom/fsck/k9/activity/FolderList; onPause
10715895 - Lcom/fsck/k9/activity/FolderList; onPause
10715925 + Lcom/fsck/k9/activity/MessageList; onCreate
10715927 + Lcom/fsck/k9/K9Activity; onCreate
10715929 - Lcom/fsck/k9/K9Activity; onCreate
10715981 - Lcom/fsck/k9/activity/MessageList; onCreate
10715981 + Lcom/fsck/k9/activity/MessageList; onResume
10715987 + Lcom/fsck/k9/K9Activity; onResume
10715989 - Lcom/fsck/k9/K9Activity; onResume
10716156 - Lcom/fsck/k9/activity/MessageList; onResume
10717165 + Lcom/fsck/k9/activity/MessageList; onCreateOptionsMenu com.android.internal.view.menu.MenuBuilder@44160fc0
10717206 - Lcom/fsck/k9/activity/MessageList; onCreateOptionsMenu
10718431 + Lcom/fsck/k9/activity/MessageList; onOptionsItemSelected Sort by...
10718434 - Lcom/fsck/k9/activity/MessageList; onOptionsItemSelected
10720070 + Lcom/fsck/k9/service/MailService; onCreate
10720070 - Lcom/fsck/k9/service/MailService; onCreate
10720100 + Lcom/fsck/k9/service/MailService; onDestroy
10720100 - Lcom/fsck/k9/service/MailService; onDestroy
10721001 + Lcom/fsck/k9/activity/MessageList; onOptionsItemSelected Date
10721013 - Lcom/fsck/k9/activity/MessageList; onOptionsItemSelected
10725258 + Lcom/fsck/k9/activity/MessageList; onOptionsItemSelected Sort by...
10725259 - Lcom/fsck/k9/activity/MessageList; onOptionsItemSelected
10727981 + Lcom/fsck/k9/activity/MessageList; onOptionsItemSelected Subject
10728004 - Lcom/fsck/k9/activity/MessageList; onOptionsItemSelected
10731958 + Lcom/fsck/k9/activity/MessageList; onOptionsItemSelected Compose
10731986 - Lcom/fsck/k9/activity/MessageList; onOptionsItemSelected
10732021 + Lcom/fsck/k9/activity/MessageList; onSaveInstanceState
10732022 - Lcom/fsck/k9/activity/MessageList; onSaveInstanceState
10732022 + Lcom/fsck/k9/activity/MessageList; onPause
10732023 - Lcom/fsck/k9/activity/MessageList; onPause
10732035 + Lcom/fsck/k9/activity/MessageCompose; onCreate
10732036 + Lcom/fsck/k9/K9Activity; onCreate
10732038 - Lcom/fsck/k9/K9Activity; onCreate
10732117 - Lcom/fsck/k9/activity/MessageCompose; onCreate
10732118 + Lcom/fsck/k9/activity/MessageCompose; onResume
10732118 + Lcom/fsck/k9/K9Activity; onResume
10732122 - Lcom/fsck/k9/K9Activity; onResume
10732123 - Lcom/fsck/k9/activity/MessageCompose; onResume
10735224 + Lcom/fsck/k9/activity/MessageCompose; onCreateOptionsMenu com.android.internal.view.menu.MenuBuilder@44277650
10735236 - Lcom/fsck/k9/activity/MessageCompose; onCreateOptionsMenu
10738312 + Lcom/fsck/k9/activity/MessageCompose; onPause
10738314 - Lcom/fsck/k9/activity/MessageCompose; onPause
10738334 + Lcom/fsck/k9/activity/MessageList; onResume
10738336 + Lcom/fsck/k9/K9Activity; onResume
10738345 - Lcom/fsck/k9/K9Activity; onResume
10738452 - Lcom/fsck/k9/activity/MessageList; onResume
10743068 + Lcom/fsck/k9/activity/MessageList; onOptionsItemSelected Account settings
10743100 - Lcom/fsck/k9/activity/MessageList; onOptionsItemSelected
10743101 + Lcom/fsck/k9/activity/MessageList; onSaveInstanceState
10743103 - Lcom/fsck/k9/activity/MessageList; onSaveInstanceState
10743103 + Lcom/fsck/k9/activity/MessageList; onPause
10743104 - Lcom/fsck/k9/activity/MessageList; onPause
10743123 + Lcom/fsck/k9/activity/setup/AccountSettings; onCreate
10743123 + Lcom/fsck/k9/K9PreferenceActivity; onCreate
10743129 - Lcom/fsck/k9/K9PreferenceActivity; onCreate
10743322 - Lcom/fsck/k9/activity/setup/AccountSettings; onCreate
10743323 + Lcom/fsck/k9/activity/setup/AccountSettings; onResume
10743327 - Lcom/fsck/k9/activity/setup/AccountSettings; onResume
10766071 + Lcom/fsck/k9/service/MailService; onCreate
10766072 - Lcom/fsck/k9/service/MailService; onCreate
10766102 + Lcom/fsck/k9/activity/MessageList; onResume
10766102 + Lcom/fsck/k9/K9Activity; onResume
10766104 - Lcom/fsck/k9/K9Activity; onResume
Ljava/net/Socket;->closeV
Ljava/net/Socket;->closeV
Ljava/net/Socket;->closeV
Ljava/net/Socket;->closeV
Ljava/net/Socket;->closeV
Ljava/net/Socket;->closeV
Ljava/net/Socket;->closeV
Ljava/net/Socket;->closeV
Ljava/net/Socket;->closeV
Ljava/net/Socket;->closeV
10766366 - Lcom/fsck/k9/activity/MessageList; onResume
10766441 + Lcom/fsck/k9/service/MailService; onDestroy
10766442 - Lcom/fsck/k9/service/MailService; onDestroy
Ljava/net/Socket;->connectV
Ljava/net/Socket;->connectV
Ljava/net/Socket;->connectV
Ljava/net/Socket;->connectV
Ljava/net/Socket;->connectV
Ljava/net/Socket;->connectV
Ljava/net/Socket;->connectV
Ljava/net/Socket;->connectV
Ljava/net/Socket;->connectV
Ljava/net/Socket;->connectV
Ljava/net/Socket;->connectV
Ljava/net/Socket;->connectV
Ljava/net/Socket;->connectV
Ljava/net/Socket;->connectV
Ljava/net/Socket;->connectV
Ljava/net/Socket;->connectV
Ljava/net/Socket;->connectV
Ljava/net/Socket;->connectV
Ljava/net/Socket;->connectV
Ljava/net/Socket;->connectV
Ljava/net/Socket;->connectV
Ljava/net/Socket;->connectV
Ljava/net/Socket;->connectV
Ljava/net/Socket;->connectV
Ljava/net/Socket;->connectV
10766890 + Lcom/fsck/k9/activity/MessageList; onPause
10766903 - Lcom/fsck/k9/activity/MessageList; onPause
10766950 + Lcom/fsck/k9/activity/FolderList; onResume
10766950 + Lcom/fsck/k9/K9ListActivity; onResume
10766953 - Lcom/fsck/k9/K9ListActivity; onResume
10767094 - Lcom/fsck/k9/activity/FolderList; onResume
10768906 + Lcom/fsck/k9/activity/FolderList$2; onItemClick android.widget.ListView@440081d8
10769022 - Lcom/fsck/k9/activity/FolderList$2; onItemClick
10769023 + Lcom/fsck/k9/activity/FolderList; onSaveInstanceState
10769024 - Lcom/fsck/k9/activity/FolderList; onSaveInstanceState
10769027 + Lcom/fsck/k9/activity/FolderList; onPause
10769028 - Lcom/fsck/k9/activity/FolderList; onPause
10769127 + Lcom/fsck/k9/activity/MessageList; onCreate
10769128 + Lcom/fsck/k9/K9Activity; onCreate
10769129 - Lcom/fsck/k9/K9Activity; onCreate
10769154 - Lcom/fsck/k9/activity/MessageList; onCreate
10769155 + Lcom/fsck/k9/activity/MessageList; onResume
10769155 + Lcom/fsck/k9/K9Activity; onResume
10769157 - Lcom/fsck/k9/K9Activity; onResume
10769227 - Lcom/fsck/k9/activity/MessageList; onResume
10770016 + Lcom/fsck/k9/activity/MessageList; onCreateOptionsMenu com.android.internal.view.menu.MenuBuilder@44197cd0
10770024 - Lcom/fsck/k9/activity/MessageList; onCreateOptionsMenu
Ljava/net/Socket;->closeV
Ljava/net/Socket;->closeV
Ljava/net/Socket;->closeV
Ljava/net/Socket;->closeV
Ljava/net/Socket;->closeV
Ljava/net/Socket;->closeV
Ljava/net/Socket;->closeV
Ljava/net/Socket;->closeV
Ljava/net/Socket;->closeV
Ljava/net/Socket;->closeV
Ljava/net/Socket;->closeV
Ljava/net/Socket;->closeV
Ljava/net/Socket;->closeV
Ljava/net/Socket;->closeV
Ljava/net/Socket;->closeV
Ljava/net/Socket;->closeV
Ljava/net/Socket;->closeV
Ljava/net/Socket;->closeV
Ljava/net/Socket;->closeV
Ljava/net/Socket;->closeV
Ljava/net/Socket;->connectV
Ljava/net/Socket;->connectV
Ljava/net/Socket;->connectV
Ljava/net/Socket;->connectV
Ljava/net/Socket;->connectV
Ljava/net/Socket;->connectV
Ljava/net/Socket;->connectV
Ljava/net/Socket;->connectV
Ljava/net/Socket;->connectV
Ljava/net/Socket;->connectV
Ljava/net/Socket;->connectV
Ljava/net/Socket;->connectV
Ljava/net/Socket;->connectV
Ljava/net/Socket;->connectV
Ljava/net/Socket;->connectV
Ljava/net/Socket;->connectV
Ljava/net/Socket;->connectV
Ljava/net/Socket;->connectV
Ljava/net/Socket;->connectV
Ljava/net/Socket;->connectV
10776854 + Lcom/fsck/k9/activity/MessageList; onOptionsItemSelected Account settings
10776901 - Lcom/fsck/k9/activity/MessageList; onOptionsItemSelected
10776956 + Lcom/fsck/k9/activity/MessageList; onSaveInstanceState
10776957 - Lcom/fsck/k9/activity/MessageList; onSaveInstanceState
10776958 + Lcom/fsck/k9/activity/MessageList; onPause
10776958 - Lcom/fsck/k9/activity/MessageList; onPause
10776985 + Lcom/fsck/k9/activity/setup/AccountSettings; onCreate
10776991 + Lcom/fsck/k9/K9PreferenceActivity; onCreate
10776996 - Lcom/fsck/k9/K9PreferenceActivity; onCreate
10777281 - Lcom/fsck/k9/activity/setup/AccountSettings; onCreate
10777281 + Lcom/fsck/k9/activity/setup/AccountSettings; onResume
10777292 - Lcom/fsck/k9/activity/setup/AccountSettings; onResume
10781096 + Lcom/fsck/k9/service/MailService; onCreate
10781096 - Lcom/fsck/k9/service/MailService; onCreate
10781117 + Lcom/fsck/k9/activity/MessageList; onResume
10781119 + Lcom/fsck/k9/K9Activity; onResume
10781122 - Lcom/fsck/k9/K9Activity; onResume
Ljava/net/Socket;->closeV
Ljava/net/Socket;->closeV
Ljava/net/Socket;->closeV
Ljava/net/Socket;->closeV
Ljava/net/Socket;->closeV
Ljava/net/Socket;->closeV
Ljava/net/Socket;->closeV
Ljava/net/Socket;->closeV
Ljava/net/Socket;->closeV
Ljava/net/Socket;->closeV
Ljava/net/Socket;->closeV
Ljava/net/Socket;->closeV
Ljava/net/Socket;->closeV
Ljava/net/Socket;->closeV
Ljava/net/Socket;->closeV
Ljava/net/Socket;->closeV
Ljava/net/Socket;->closeV
Ljava/net/Socket;->closeV
Ljava/net/Socket;->closeV
Ljava/net/Socket;->closeV
Ljava/net/Socket;->closeV
Ljava/net/Socket;->closeV
Ljava/net/Socket;->closeV
Ljava/net/Socket;->closeV
Ljava/net/Socket;->closeV
Ljava/net/Socket;->closeV
Ljava/net/Socket;->closeV
Ljava/net/Socket;->closeV
Ljava/net/Socket;->closeV
Ljava/net/Socket;->closeV
Ljava/net/Socket;->closeV
Ljava/net/Socket;->closeV
Ljava/net/Socket;->closeV
Ljava/net/Socket;->closeV
Ljava/net/Socket;->closeV
Ljava/net/Socket;->closeV
Ljava/net/Socket;->closeV
Ljava/net/Socket;->closeV
Ljava/net/Socket;->closeV
Ljava/net/Socket;->closeV
Ljava/net/Socket;->closeV
Ljava/net/Socket;->closeV
Ljava/net/Socket;->closeV
Ljava/net/Socket;->closeV
Ljava/net/Socket;->connectV
10781659 - Lcom/fsck/k9/activity/MessageList; onResume
10781966 + Lcom/fsck/k9/service/MailService; onDestroy
10781966 - Lcom/fsck/k9/service/MailService; onDestroy
Ljava/net/Socket;->connectV
Ljava/net/Socket;->connectV
Ljava/net/Socket;->connectV
Ljava/net/Socket;->connectV
Ljava/net/Socket;->connectV
Ljava/net/Socket;->connectV
Ljava/net/Socket;->connectV
Ljava/net/Socket;->connectV
Ljava/net/Socket;->connectV
Ljava/net/Socket;->connectV
Ljava/net/Socket;->connectV
Ljava/net/Socket;->connectV
Ljava/net/Socket;->connectV
Ljava/net/Socket;->connectV
Ljava/net/Socket;->connectV
Ljava/net/Socket;->connectV
Ljava/net/Socket;->connectV
Ljava/net/Socket;->connectV
Ljava/net/Socket;->connectV
Ljava/net/Socket;->connectV
Ljava/net/Socket;->connectV
Ljava/net/Socket;->connectV
Ljava/net/Socket;->connectV
Ljava/net/Socket;->connectV
Ljava/net/Socket;->connectV
10784608 + Lcom/fsck/k9/activity/MessageList; onItemClick android.widget.ListView@43fe9b90
10784648 - Lcom/fsck/k9/activity/MessageList; onItemClick
10784649 + Lcom/fsck/k9/activity/MessageList; onSaveInstanceState
10784650 - Lcom/fsck/k9/activity/MessageList; onSaveInstanceState
10784651 + Lcom/fsck/k9/activity/MessageList; onPause
10784651 - Lcom/fsck/k9/activity/MessageList; onPause
10784665 + Lcom/fsck/k9/activity/MessageView; onCreate
10784666 + Lcom/fsck/k9/K9Activity; onCreate
10784668 - Lcom/fsck/k9/K9Activity; onCreate
10784741 - Lcom/fsck/k9/activity/MessageView; onCreate
10784742 + Lcom/fsck/k9/activity/MessageView; onResume
10784742 + Lcom/fsck/k9/K9Activity; onResume
10784744 - Lcom/fsck/k9/K9Activity; onResume
10784744 - Lcom/fsck/k9/activity/MessageView; onResume
10786200 + Lcom/fsck/k9/activity/MessageView; onClick android.widget.Button@443222c0
10786206 - Lcom/fsck/k9/activity/MessageView; onClick
Ljava/net/Socket;->closeV
Ljava/net/Socket;->closeV
Ljava/net/Socket;->closeV
Ljava/net/Socket;->closeV
Ljava/net/Socket;->closeV
Ljava/net/Socket;->closeV
Ljava/net/Socket;->closeV
Ljava/net/Socket;->closeV
Ljava/net/Socket;->closeV
10789355 + Lcom/fsck/k9/activity/MessageView; onClick android.widget.Button@443222c0
10789356 - Lcom/fsck/k9/activity/MessageView; onClick
Ljava/net/Socket;->connectV
Ljava/net/Socket;->closeV
Ljava/net/Socket;->closeV
Ljava/net/Socket;->closeV
Ljava/net/Socket;->closeV
10791325 + Lcom/fsck/k9/activity/MessageView; onClick android.widget.Button@44381fa0
10791336 - Lcom/fsck/k9/activity/MessageView; onClick
Ljava/net/Socket;->connectV
Ljava/net/Socket;->connectV
Ljava/net/Socket;->connectV
Ljava/net/Socket;->connectV
Ljava/net/Socket;->connectV
Ljava/net/Socket;->connectV
Ljava/net/Socket;->connectV
Ljava/net/Socket;->connectV
Ljava/net/Socket;->connectV
Ljava/net/Socket;->connectV
Ljava/net/Socket;->connectV
Ljava/net/Socket;->connectV
10793188 + Lcom/fsck/k9/activity/MessageList; onResume
10793189 + Lcom/fsck/k9/K9Activity; onResume
10793191 - Lcom/fsck/k9/K9Activity; onResume
10793260 - Lcom/fsck/k9/activity/MessageList; onResume
Ljava/net/Socket;->connectV
Ljava/net/Socket;->closeV
Ljava/net/Socket;->closeV
Ljava/net/Socket;->closeV
Ljava/net/Socket;->closeV
10795973 + Lcom/fsck/k9/activity/MessageList; onOptionsItemSelected Batch Ops
10795973 - Lcom/fsck/k9/activity/MessageList; onOptionsItemSelected
Ljava/net/Socket;->closeV
Ljava/net/Socket;->closeV
Ljava/net/Socket;->closeV
Ljava/net/Socket;->closeV
Ljava/net/Socket;->closeV
Ljava/net/Socket;->closeV
Ljava/net/Socket;->closeV
Ljava/net/Socket;->closeV
10798262 + Lcom/fsck/k9/activity/MessageList; onOptionsItemSelected Select all
10798269 - Lcom/fsck/k9/activity/MessageList; onOptionsItemSelected
Ljava/net/Socket;->connectV
10800436 + Lcom/fsck/k9/activity/MessageList; onClick android.widget.Button@4409ea18
10800456 - Lcom/fsck/k9/activity/MessageList; onClick
Ljava/net/Socket;->connectV
Ljava/net/Socket;->connectV
Ljava/net/Socket;->connectV
Ljava/net/Socket;->connectV
Ljava/net/Socket;->connectV
Ljava/net/Socket;->connectV
Ljava/net/Socket;->connectV
Ljava/net/Socket;->connectV
Ljava/net/Socket;->connectV
Ljava/net/Socket;->connectV
Ljava/net/Socket;->connectV
Ljava/net/Socket;->closeV
10802577 + Lcom/fsck/k9/activity/MessageList; onOptionsItemSelected Sort by...
10802578 - Lcom/fsck/k9/activity/MessageList; onOptionsItemSelected
10804459 + Lcom/fsck/k9/activity/MessageList; onOptionsItemSelected Date
10804483 - Lcom/fsck/k9/activity/MessageList; onOptionsItemSelected
Ljava/net/Socket;->closeV
Ljava/net/Socket;->closeV
Ljava/net/Socket;->closeV
Ljava/net/Socket;->closeV
Ljava/net/Socket;->closeV
Ljava/net/Socket;->closeV
Ljava/net/Socket;->closeV
Ljava/net/Socket;->closeV
Ljava/net/Socket;->closeV
Ljava/net/Socket;->closeV
10808631 + Lcom/fsck/k9/activity/MessageList; onOptionsItemSelected Check mail
10808634 - Lcom/fsck/k9/activity/MessageList; onOptionsItemSelected
Ljava/net/Socket;->connectV
Ljava/net/Socket;->closeV
Ljava/net/Socket;->connectV
10813944 + Lcom/fsck/k9/activity/MessageList; onOptionsItemSelected Folder list
10814072 - Lcom/fsck/k9/activity/MessageList; onOptionsItemSelected
10814095 + Lcom/fsck/k9/activity/MessageList; onPause
10814096 - Lcom/fsck/k9/activity/MessageList; onPause
Ljava/net/Socket;->closeV
10814121 + Lcom/fsck/k9/activity/FolderList; onCreate
10814123 + Lcom/fsck/k9/K9ListActivity; onCreate
10814131 - Lcom/fsck/k9/K9ListActivity; onCreate
10814178 - Lcom/fsck/k9/activity/FolderList; onCreate
10814179 + Lcom/fsck/k9/activity/FolderList; onResume
10814181 + Lcom/fsck/k9/K9ListActivity; onResume
10814185 - Lcom/fsck/k9/K9ListActivity; onResume
10814310 - Lcom/fsck/k9/activity/FolderList; onResume
Ljava/net/Socket;->connectV
Ljava/net/Socket;->connectV
Ljava/net/Socket;->connectV
Ljava/net/Socket;->connectV
Ljava/net/Socket;->connectV
Ljava/net/Socket;->connectV
Ljava/net/Socket;->connectV
Ljava/net/Socket;->connectV
Ljava/net/Socket;->connectV
Ljava/net/Socket;->connectV
10817036 + Lcom/fsck/k9/activity/FolderList$2; onItemClick android.widget.ListView@43ff7678
10817063 - Lcom/fsck/k9/activity/FolderList$2; onItemClick
10817064 + Lcom/fsck/k9/activity/FolderList; onSaveInstanceState
10817064 - Lcom/fsck/k9/activity/FolderList; onSaveInstanceState
10817065 + Lcom/fsck/k9/activity/FolderList; onPause
10817065 - Lcom/fsck/k9/activity/FolderList; onPause
10817074 + Lcom/fsck/k9/activity/MessageList; onCreate
10817075 + Lcom/fsck/k9/K9Activity; onCreate
10817078 - Lcom/fsck/k9/K9Activity; onCreate
10817122 - Lcom/fsck/k9/activity/MessageList; onCreate
10817122 + Lcom/fsck/k9/activity/MessageList; onResume
10817123 + Lcom/fsck/k9/K9Activity; onResume
10817125 - Lcom/fsck/k9/K9Activity; onResume
10817251 - Lcom/fsck/k9/activity/MessageList; onResume
Ljava/net/Socket;->closeV
10819124 + Lcom/fsck/k9/activity/MessageList; onCreateOptionsMenu com.android.internal.view.menu.MenuBuilder@44332728
10819137 - Lcom/fsck/k9/activity/MessageList; onCreateOptionsMenu
Ljava/net/Socket;->closeV
Ljava/net/Socket;->closeV
Ljava/net/Socket;->closeV
Ljava/net/Socket;->closeV
Ljava/net/Socket;->closeV
Ljava/net/Socket;->closeV
Ljava/net/Socket;->closeV
10820211 + Lcom/fsck/k9/activity/MessageList; onOptionsItemSelected Compose
Ljava/net/Socket;->closeV
Ljava/net/Socket;->closeV
10820269 - Lcom/fsck/k9/activity/MessageList; onOptionsItemSelected
10820306 + Lcom/fsck/k9/activity/MessageList; onSaveInstanceState
10820307 - Lcom/fsck/k9/activity/MessageList; onSaveInstanceState
10820308 + Lcom/fsck/k9/activity/MessageList; onPause
10820310 - Lcom/fsck/k9/activity/MessageList; onPause
10820340 + Lcom/fsck/k9/activity/MessageCompose; onCreate
10820341 + Lcom/fsck/k9/K9Activity; onCreate
10820347 - Lcom/fsck/k9/K9Activity; onCreate
10820590 - Lcom/fsck/k9/activity/MessageCompose; onCreate
10820591 + Lcom/fsck/k9/activity/MessageCompose; onResume
10820592 + Lcom/fsck/k9/K9Activity; onResume
10820594 - Lcom/fsck/k9/K9Activity; onResume
10820595 - Lcom/fsck/k9/activity/MessageCompose; onResume
10822186 + Lcom/fsck/k9/activity/MessageCompose; onCreateOptionsMenu com.android.internal.view.menu.MenuBuilder@44228540
10822204 - Lcom/fsck/k9/activity/MessageCompose; onCreateOptionsMenu
10825984 + Lcom/fsck/k9/activity/MessageCompose; onPause
10825984 - Lcom/fsck/k9/activity/MessageCompose; onPause
10825993 + Lcom/fsck/k9/activity/MessageList; onResume
10825994 + Lcom/fsck/k9/K9Activity; onResume
10825998 - Lcom/fsck/k9/K9Activity; onResume
10826135 - Lcom/fsck/k9/activity/MessageList; onResume
10827323 + Lcom/fsck/k9/activity/MessageList; onItemClick android.widget.ListView@440ff758
10827355 - Lcom/fsck/k9/activity/MessageList; onItemClick
10827356 + Lcom/fsck/k9/activity/MessageList; onSaveInstanceState
10827357 - Lcom/fsck/k9/activity/MessageList; onSaveInstanceState
10827358 + Lcom/fsck/k9/activity/MessageList; onPause
10827358 - Lcom/fsck/k9/activity/MessageList; onPause
10827386 + Lcom/fsck/k9/activity/MessageView; onCreate
10827386 + Lcom/fsck/k9/K9Activity; onCreate
10827389 - Lcom/fsck/k9/K9Activity; onCreate
10827513 - Lcom/fsck/k9/activity/MessageView; onCreate
10827514 + Lcom/fsck/k9/activity/MessageView; onResume
10827514 + Lcom/fsck/k9/K9Activity; onResume
10827516 - Lcom/fsck/k9/K9Activity; onResume
10827522 - Lcom/fsck/k9/activity/MessageView; onResume
Ljava/net/Socket;->connectV
10828677 + Lcom/fsck/k9/activity/MessageView; onClick android.widget.Button@4415f098
10828682 - Lcom/fsck/k9/activity/MessageView; onClick
Ljava/net/Socket;->closeV
10829996 + Lcom/fsck/k9/activity/MessageView; onClick android.widget.Button@4415f098
10830000 - Lcom/fsck/k9/activity/MessageView; onClick
Ljava/net/Socket;->connectV
Ljava/net/Socket;->closeV
Ljava/net/Socket;->connectV
Ljava/net/Socket;->closeV
Ljava/net/Socket;->connectV
Ljava/net/Socket;->connectV
Ljava/net/Socket;->connectV
Ljava/net/Socket;->connectV
Ljava/net/Socket;->connectV
Ljava/net/Socket;->connectV
Ljava/net/Socket;->closeV
10840048 + Lcom/fsck/k9/activity/MessageView; onClick android.widget.Button@4415f098
10840050 - Lcom/fsck/k9/activity/MessageView; onClick
Ljava/net/Socket;->connectV
Ljava/net/Socket;->connectV
Ljava/net/Socket;->connectV
Ljava/net/Socket;->connectV
10841168 + Lcom/fsck/k9/service/MailService; onCreate
10841169 - Lcom/fsck/k9/service/MailService; onCreate
10841305 + Lcom/fsck/k9/service/MailService; onDestroy
10841305 - Lcom/fsck/k9/service/MailService; onDestroy
Ljava/net/Socket;->closeV
Ljava/net/Socket;->closeV
Ljava/net/Socket;->closeV
Ljava/net/Socket;->closeV
Ljava/net/Socket;->connectV
Ljava/net/Socket;->closeV
Ljava/net/Socket;->closeV
Ljava/net/Socket;->closeV
Ljava/net/Socket;->closeV
10842872 + Lcom/fsck/k9/activity/MessageView; onClick android.widget.Button@4419b758
10842889 - Lcom/fsck/k9/activity/MessageView; onClick
Ljava/net/Socket;->closeV
Ljava/net/Socket;->closeV
10844350 + Lcom/fsck/k9/activity/MessageList; onResume
10844350 + Lcom/fsck/k9/K9Activity; onResume
10844352 - Lcom/fsck/k9/K9Activity; onResume
Ljava/net/Socket;->connectV
10844623 - Lcom/fsck/k9/activity/MessageList; onResume
Ljava/net/Socket;->closeV
Ljava/net/Socket;->connectV
Ljava/net/Socket;->closeV
Ljava/net/Socket;->connectV
10848231 + Lcom/fsck/k9/activity/MessageList; onOptionsItemSelected Check mail
10848232 - Lcom/fsck/k9/activity/MessageList; onOptionsItemSelected
Ljava/net/Socket;->closeV
Ljava/net/Socket;->connectV
Ljava/net/Socket;->closeV
Ljava/net/Socket;->connectV
Ljava/net/Socket;->closeV
Ljava/net/Socket;->connectV
10853726 + Lcom/fsck/k9/activity/MessageList; onOptionsItemSelected Account settings
10853778 - Lcom/fsck/k9/activity/MessageList; onOptionsItemSelected
10853779 + Lcom/fsck/k9/activity/MessageList; onSaveInstanceState
10853782 - Lcom/fsck/k9/activity/MessageList; onSaveInstanceState
10853782 + Lcom/fsck/k9/activity/MessageList; onPause
10853784 - Lcom/fsck/k9/activity/MessageList; onPause
10853799 + Lcom/fsck/k9/activity/setup/AccountSettings; onCreate
10853800 + Lcom/fsck/k9/K9PreferenceActivity; onCreate
10853807 - Lcom/fsck/k9/K9PreferenceActivity; onCreate
10854216 - Lcom/fsck/k9/activity/setup/AccountSettings; onCreate
10854217 + Lcom/fsck/k9/activity/setup/AccountSettings; onResume
10854233 - Lcom/fsck/k9/activity/setup/AccountSettings; onResume
Ljava/net/Socket;->closeV
Ljava/net/Socket;->connectV
Ljava/net/Socket;->closeV
Ljava/net/Socket;->connectV
10856633 + Lcom/fsck/k9/service/MailService; onCreate
10856633 - Lcom/fsck/k9/service/MailService; onCreate
10856651 + Lcom/fsck/k9/activity/MessageList; onResume
10856652 + Lcom/fsck/k9/K9Activity; onResume
10856654 - Lcom/fsck/k9/K9Activity; onResume
Ljava/net/Socket;->closeV
Ljava/net/Socket;->closeV
Ljava/net/Socket;->closeV
Ljava/net/Socket;->closeV
Ljava/net/Socket;->closeV
Ljava/net/Socket;->closeV
Ljava/net/Socket;->closeV
Ljava/net/Socket;->closeV
Ljava/net/Socket;->closeV
Ljava/net/Socket;->closeV
Ljava/net/Socket;->closeV
Ljava/net/Socket;->closeV
Ljava/net/Socket;->closeV
Ljava/net/Socket;->closeV
Ljava/net/Socket;->closeV
Ljava/net/Socket;->connectV
Ljava/net/Socket;->connectV
Ljava/net/Socket;->connectV
Ljava/net/Socket;->connectV
Ljava/net/Socket;->connectV
Ljava/net/Socket;->connectV
Ljava/net/Socket;->connectV
10857304 - Lcom/fsck/k9/activity/MessageList; onResume
Ljava/net/Socket;->connectV
Ljava/net/Socket;->connectV
Ljava/net/Socket;->connectV
Ljava/net/Socket;->connectV
Ljava/net/Socket;->connectV
Ljava/net/Socket;->connectV
Ljava/net/Socket;->connectV
Ljava/net/Socket;->connectV
Ljava/net/Socket;->connectV
Ljava/net/Socket;->connectV
Ljava/net/Socket;->connectV
Ljava/net/Socket;->connectV
Ljava/net/Socket;->connectV
Ljava/net/Socket;->connectV
Ljava/net/Socket;->connectV
Ljava/net/Socket;->connectV
Ljava/net/Socket;->connectV
Ljava/net/Socket;->connectV
Ljava/net/Socket;->connectV
10857561 + Lcom/fsck/k9/service/MailService; onDestroy
10857561 - Lcom/fsck/k9/service/MailService; onDestroy
Ljava/net/Socket;->closeV
Ljava/net/Socket;->connectV
10862885 + Lcom/fsck/k9/activity/MessageList; onOptionsItemSelected Sort by...
10862885 - Lcom/fsck/k9/activity/MessageList; onOptionsItemSelected
Ljava/net/Socket;->closeV
Ljava/net/Socket;->closeV
Ljava/net/Socket;->closeV
Ljava/net/Socket;->closeV
Ljava/net/Socket;->closeV
Ljava/net/Socket;->closeV
Ljava/net/Socket;->closeV
Ljava/net/Socket;->closeV
Ljava/net/Socket;->closeV
Ljava/net/Socket;->closeV
Ljava/net/Socket;->closeV
Ljava/net/Socket;->closeV
Ljava/net/Socket;->closeV
Ljava/net/Socket;->closeV
Ljava/net/Socket;->closeV
Ljava/net/Socket;->closeV
Ljava/net/Socket;->closeV
Ljava/net/Socket;->closeV
Ljava/net/Socket;->closeV
Ljava/net/Socket;->closeV
Ljava/net/Socket;->closeV
Ljava/net/Socket;->closeV
Ljava/net/Socket;->closeV
Ljava/net/Socket;->closeV
Ljava/net/Socket;->closeV
10866126 + Lcom/fsck/k9/activity/MessageList; onOptionsItemSelected Subject
10866152 - Lcom/fsck/k9/activity/MessageList; onOptionsItemSelected
Ljava/net/Socket;->closeV
Ljava/net/Socket;->connectV
Ljava/net/Socket;->connectV
Ljava/net/Socket;->connectV
Ljava/net/Socket;->connectV
Ljava/net/Socket;->connectV
Ljava/net/Socket;->connectV
Ljava/net/Socket;->connectV
Ljava/net/Socket;->connectV
Ljava/net/Socket;->connectV
Ljava/net/Socket;->connectV
Ljava/net/Socket;->connectV
Ljava/net/Socket;->connectV
Ljava/net/Socket;->connectV
Ljava/net/Socket;->connectV
Ljava/net/Socket;->connectV
Ljava/net/Socket;->connectV
Ljava/net/Socket;->connectV
Ljava/net/Socket;->connectV
Ljava/net/Socket;->connectV
Ljava/net/Socket;->connectV
Ljava/net/Socket;->connectV
Ljava/net/Socket;->closeV
Ljava/net/Socket;->connectV
Ljava/net/Socket;->connectV
Ljava/net/Socket;->connectV
Ljava/net/Socket;->connectV
Ljava/net/Socket;->connectV
10869212 + Lcom/fsck/k9/activity/MessageList; onOptionsItemSelected Batch Ops
10869219 - Lcom/fsck/k9/activity/MessageList; onOptionsItemSelected
Ljava/net/Socket;->closeV
Ljava/net/Socket;->closeV
Ljava/net/Socket;->closeV
Ljava/net/Socket;->closeV
Ljava/net/Socket;->connectV
10873040 + Lcom/fsck/k9/activity/MessageList; onItemClick android.widget.ListView@440ff758
10873623 - Lcom/fsck/k9/activity/MessageList; onItemClick
10873671 + Lcom/fsck/k9/activity/MessageList; onSaveInstanceState
10873672 - Lcom/fsck/k9/activity/MessageList; onSaveInstanceState
10873672 + Lcom/fsck/k9/activity/MessageList; onPause
10873673 - Lcom/fsck/k9/activity/MessageList; onPause
10873886 + Lcom/fsck/k9/activity/MessageView; onCreate
10873887 + Lcom/fsck/k9/K9Activity; onCreate
10874062 - Lcom/fsck/k9/K9Activity; onCreate
10874141 - Lcom/fsck/k9/activity/MessageView; onCreate
10874142 + Lcom/fsck/k9/activity/MessageView; onResume
10874142 + Lcom/fsck/k9/K9Activity; onResume
10874144 - Lcom/fsck/k9/K9Activity; onResume
10874144 - Lcom/fsck/k9/activity/MessageView; onResume
Ljava/net/Socket;->closeV
Ljava/net/Socket;->closeV
Ljava/net/Socket;->connectV
Ljava/net/Socket;->closeV
Ljava/net/Socket;->closeV
Ljava/net/Socket;->closeV
Ljava/net/Socket;->closeV
Ljava/net/Socket;->closeV
Ljava/net/Socket;->closeV
Ljava/net/Socket;->closeV
Ljava/net/Socket;->closeV
Ljava/net/Socket;->closeV
Ljava/net/Socket;->closeV
Ljava/net/Socket;->closeV
Ljava/net/Socket;->closeV
Ljava/net/Socket;->closeV
Ljava/net/Socket;->closeV
Ljava/net/Socket;->closeV
Ljava/net/Socket;->closeV
Ljava/net/Socket;->closeV
Ljava/net/Socket;->closeV
Ljava/net/Socket;->connectV
10876260 + Lcom/fsck/k9/activity/MessageView; onClick android.widget.Button@44255aa0
10876266 - Lcom/fsck/k9/activity/MessageView; onClick
Ljava/net/Socket;->connectV
Ljava/net/Socket;->closeV
Ljava/net/Socket;->closeV
Ljava/net/Socket;->connectV
Ljava/net/Socket;->connectV
Ljava/net/Socket;->closeV
10878284 + Lcom/fsck/k9/activity/MessageView; onClick android.widget.Button@44249a28
10878292 - Lcom/fsck/k9/activity/MessageView; onClick
Ljava/net/Socket;->connectV
Ljava/net/Socket;->connectV
Ljava/net/Socket;->connectV
10879960 + Lcom/fsck/k9/activity/MessageView; onClick android.widget.Button@44249a28
10879969 - Lcom/fsck/k9/activity/MessageView; onClick
Ljava/net/Socket;->connectV
Ljava/net/Socket;->connectV
Ljava/net/Socket;->connectV
Ljava/net/Socket;->connectV
Ljava/net/Socket;->connectV
Ljava/net/Socket;->connectV
Ljava/net/Socket;->connectV
Ljava/net/Socket;->connectV
Ljava/net/Socket;->connectV
Ljava/net/Socket;->connectV
Ljava/net/Socket;->connectV
Ljava/net/Socket;->connectV
Ljava/net/Socket;->connectV
Ljava/net/Socket;->connectV
Ljava/net/Socket;->connectV
Ljava/net/Socket;->connectV
10882862 + Lcom/fsck/k9/activity/MessageView; onClick android.widget.Button@44249a28
10882893 - Lcom/fsck/k9/activity/MessageView; onClick
Ljava/net/Socket;->closeV
Ljava/net/Socket;->closeV
Ljava/net/Socket;->closeV
Ljava/net/Socket;->closeV
Ljava/net/Socket;->closeV
Ljava/net/Socket;->closeV
Ljava/net/Socket;->closeV
Ljava/net/Socket;->closeV
Ljava/net/Socket;->closeV
10886040 + Lcom/fsck/k9/activity/MessageList; onResume
10886040 + Lcom/fsck/k9/K9Activity; onResume
10886043 - Lcom/fsck/k9/K9Activity; onResume
10886152 - Lcom/fsck/k9/activity/MessageList; onResume
Ljava/net/Socket;->connectV
Ljava/net/Socket;->closeV
Ljava/net/Socket;->connectV
Ljava/net/Socket;->closeV
10891335 + Lcom/fsck/k9/activity/MessageList; onOptionsItemSelected Check mail
10891337 - Lcom/fsck/k9/activity/MessageList; onOptionsItemSelected
Ljava/net/Socket;->connectV
Ljava/net/Socket;->connectV
Ljava/net/Socket;->connectV
Ljava/net/Socket;->connectV
Ljava/net/Socket;->connectV
Ljava/net/Socket;->connectV
Ljava/net/Socket;->connectV
Ljava/net/Socket;->connectV
Ljava/net/Socket;->connectV
Ljava/net/Socket;->connectV
Ljava/net/Socket;->closeV
Ljava/net/Socket;->connectV
Ljava/net/Socket;->closeV
Ljava/net/Socket;->closeV
Ljava/net/Socket;->closeV
Ljava/net/Socket;->closeV
Ljava/net/Socket;->closeV
Ljava/net/Socket;->closeV
Ljava/net/Socket;->closeV
Ljava/net/Socket;->closeV
Ljava/net/Socket;->closeV
Ljava/net/Socket;->closeV
Ljava/net/Socket;->connectV
Ljava/net/Socket;->closeV
Ljava/net/Socket;->connectV
Ljava/net/Socket;->connectV
Ljava/net/Socket;->closeV
10902070 + Lcom/fsck/k9/activity/MessageList; onOptionsItemSelected Account settings
10902181 - Lcom/fsck/k9/activity/MessageList; onOptionsItemSelected
10902183 + Lcom/fsck/k9/activity/MessageList; onSaveInstanceState
10902185 - Lcom/fsck/k9/activity/MessageList; onSaveInstanceState
10902185 + Lcom/fsck/k9/activity/MessageList; onPause
10902185 - Lcom/fsck/k9/activity/MessageList; onPause
10902199 + Lcom/fsck/k9/activity/setup/AccountSettings; onCreate
10902199 + Lcom/fsck/k9/K9PreferenceActivity; onCreate
10902206 - Lcom/fsck/k9/K9PreferenceActivity; onCreate
10902308 - Lcom/fsck/k9/activity/setup/AccountSettings; onCreate
10902309 + Lcom/fsck/k9/activity/setup/AccountSettings; onResume
10902318 - Lcom/fsck/k9/activity/setup/AccountSettings; onResume
Ljava/net/Socket;->closeV
Ljava/net/Socket;->connectV
Ljava/net/Socket;->closeV
10904388 + Lcom/fsck/k9/service/MailService; onCreate
10904388 - Lcom/fsck/k9/service/MailService; onCreate
10904431 + Lcom/fsck/k9/service/MailService; onDestroy
10904431 - Lcom/fsck/k9/service/MailService; onDestroy
Ljava/net/Socket;->connectV
10904712 + Lcom/fsck/k9/service/MailService; onCreate
10904713 - Lcom/fsck/k9/service/MailService; onCreate
10904730 + Lcom/fsck/k9/activity/MessageList; onResume
10904730 + Lcom/fsck/k9/K9Activity; onResume
10904732 - Lcom/fsck/k9/K9Activity; onResume
Ljava/net/Socket;->closeV
Ljava/net/Socket;->closeV
Ljava/net/Socket;->closeV
Ljava/net/Socket;->closeV
Ljava/net/Socket;->closeV
Ljava/net/Socket;->closeV
Ljava/net/Socket;->closeV
Ljava/net/Socket;->closeV
Ljava/net/Socket;->closeV
Ljava/net/Socket;->closeV
Ljava/net/Socket;->closeV
Ljava/net/Socket;->closeV
Ljava/net/Socket;->closeV
Ljava/net/Socket;->closeV
Ljava/net/Socket;->connectV
10905150 - Lcom/fsck/k9/activity/MessageList; onResume
10905261 + Lcom/fsck/k9/service/MailService; onDestroy
10905261 - Lcom/fsck/k9/service/MailService; onDestroy
Ljava/net/Socket;->closeV
Ljava/net/Socket;->connectV
Ljava/net/Socket;->connectV
Ljava/net/Socket;->connectV
Ljava/net/Socket;->connectV
Ljava/net/Socket;->connectV
Ljava/net/Socket;->connectV
Ljava/net/Socket;->connectV
Ljava/net/Socket;->connectV
Ljava/net/Socket;->connectV
Ljava/net/Socket;->connectV
Ljava/net/Socket;->connectV
Ljava/net/Socket;->connectV
Ljava/net/Socket;->connectV
Ljava/net/Socket;->connectV
Ljava/net/Socket;->connectV
Ljava/net/Socket;->connectV
Ljava/net/Socket;->connectV
Ljava/net/Socket;->connectV
Ljava/net/Socket;->connectV
Ljava/net/Socket;->connectV
Ljava/net/Socket;->connectV
Ljava/net/Socket;->connectV
Ljava/net/Socket;->connectV
Ljava/net/Socket;->connectV
Ljava/net/Socket;->connectV
Ljava/net/Socket;->closeV
Ljava/net/Socket;->connectV
Ljava/net/Socket;->connectV
10911573 + Lcom/fsck/k9/activity/MessageList; onOptionsItemSelected Check mail
10911574 - Lcom/fsck/k9/activity/MessageList; onOptionsItemSelected
Ljava/net/Socket;->closeV
Ljava/net/Socket;->closeV
Ljava/net/Socket;->closeV
Ljava/net/Socket;->closeV
Ljava/net/Socket;->closeV
Ljava/net/Socket;->closeV
Ljava/net/Socket;->closeV
Ljava/net/Socket;->closeV
Ljava/net/Socket;->closeV
Ljava/net/Socket;->closeV
Ljava/net/Socket;->closeV
Ljava/net/Socket;->closeV
Ljava/net/Socket;->closeV
Ljava/net/Socket;->closeV
Ljava/net/Socket;->closeV
Ljava/net/Socket;->closeV
Ljava/net/Socket;->closeV
Ljava/net/Socket;->connectV
Ljava/net/Socket;->closeV
Ljava/net/Socket;->connectV
Ljava/net/Socket;->connectV
Ljava/net/Socket;->connectV
Ljava/net/Socket;->connectV
Ljava/net/Socket;->connectV
Ljava/net/Socket;->connectV
Ljava/net/Socket;->connectV
Ljava/net/Socket;->connectV
10916802 + Lcom/fsck/k9/activity/MessageList; onOptionsItemSelected Account settings
10917054 - Lcom/fsck/k9/activity/MessageList; onOptionsItemSelected
Ljava/net/Socket;->connectV
Ljava/net/Socket;->connectV
Ljava/net/Socket;->connectV
Ljava/net/Socket;->connectV
Ljava/net/Socket;->connectV
10917133 + Lcom/fsck/k9/activity/MessageList; onSaveInstanceState
10917134 - Lcom/fsck/k9/activity/MessageList; onSaveInstanceState
10917135 + Lcom/fsck/k9/activity/MessageList; onPause
10917140 - Lcom/fsck/k9/activity/MessageList; onPause
Ljava/net/Socket;->connectV
10917183 + Lcom/fsck/k9/activity/setup/AccountSettings; onCreate
10917185 + Lcom/fsck/k9/K9PreferenceActivity; onCreate
10917201 - Lcom/fsck/k9/K9PreferenceActivity; onCreate
10917397 - Lcom/fsck/k9/activity/setup/AccountSettings; onCreate
10917397 + Lcom/fsck/k9/activity/setup/AccountSettings; onResume
10917404 - Lcom/fsck/k9/activity/setup/AccountSettings; onResume
Ljava/net/Socket;->connectV
Ljava/net/Socket;->connectV
Ljava/net/Socket;->connectV
Ljava/net/Socket;->connectV
Ljava/net/Socket;->connectV
10919119 + Lcom/fsck/k9/service/MailService; onCreate
10919120 - Lcom/fsck/k9/service/MailService; onCreate
10919149 + Lcom/fsck/k9/activity/MessageList; onResume
10919151 + Lcom/fsck/k9/K9Activity; onResume
10919153 - Lcom/fsck/k9/K9Activity; onResume
10919291 - Lcom/fsck/k9/activity/MessageList; onResume
Ljava/net/Socket;->closeV
Ljava/net/Socket;->closeV
10921443 + Lcom/fsck/k9/activity/MessageList; onOptionsItemSelected Folder list
10921668 - Lcom/fsck/k9/activity/MessageList; onOptionsItemSelected
10921685 + Lcom/fsck/k9/activity/MessageList; onPause
10921686 - Lcom/fsck/k9/activity/MessageList; onPause
10921706 + Lcom/fsck/k9/activity/FolderList; onCreate
10921706 + Lcom/fsck/k9/K9ListActivity; onCreate
10921708 - Lcom/fsck/k9/K9ListActivity; onCreate
10921745 - Lcom/fsck/k9/activity/FolderList; onCreate
10921746 + Lcom/fsck/k9/activity/FolderList; onResume
10921746 + Lcom/fsck/k9/K9ListActivity; onResume
10921748 - Lcom/fsck/k9/K9ListActivity; onResume
10921795 - Lcom/fsck/k9/activity/FolderList; onResume
Ljava/net/Socket;->connectV
Ljava/net/Socket;->closeV
Ljava/net/Socket;->closeV
10923631 + Lcom/fsck/k9/activity/FolderList; onCreateOptionsMenu com.android.internal.view.menu.MenuBuilder@43fb9510
10923633 - Lcom/fsck/k9/activity/FolderList; onCreateOptionsMenu
Ljava/net/Socket;->closeV
Ljava/net/Socket;->closeV
Ljava/net/Socket;->closeV
Ljava/net/Socket;->closeV
Ljava/net/Socket;->closeV
Ljava/net/Socket;->closeV
Ljava/net/Socket;->closeV
Ljava/net/Socket;->closeV
Ljava/net/Socket;->closeV
Ljava/net/Socket;->closeV
Ljava/net/Socket;->closeV
Ljava/net/Socket;->closeV
Ljava/net/Socket;->closeV
Ljava/net/Socket;->closeV
Ljava/net/Socket;->closeV
Ljava/net/Socket;->closeV
Ljava/net/Socket;->closeV
Ljava/net/Socket;->closeV
Ljava/net/Socket;->closeV
Ljava/net/Socket;->closeV
Ljava/net/Socket;->closeV
Ljava/net/Socket;->closeV
Ljava/net/Socket;->closeV
Ljava/net/Socket;->closeV
Ljava/net/Socket;->closeV
Ljava/net/Socket;->closeV
Ljava/net/Socket;->closeV
Ljava/net/Socket;->closeV
Ljava/net/Socket;->closeV
Ljava/net/Socket;->closeV
Ljava/net/Socket;->connectV
Ljava/net/Socket;->closeV
Ljava/net/Socket;->closeV
Ljava/net/Socket;->closeV
Ljava/net/Socket;->closeV
Ljava/net/Socket;->closeV
10924767 + Lcom/fsck/k9/service/MailService; onDestroy
10924768 - Lcom/fsck/k9/service/MailService; onDestroy
10925714 + Lcom/fsck/k9/activity/FolderList$2; onItemClick android.widget.ListView@440a6460
10925854 - Lcom/fsck/k9/activity/FolderList$2; onItemClick
10925858 + Lcom/fsck/k9/activity/FolderList; onSaveInstanceState
10925859 - Lcom/fsck/k9/activity/FolderList; onSaveInstanceState
10925860 + Lcom/fsck/k9/activity/FolderList; onPause
10925861 - Lcom/fsck/k9/activity/FolderList; onPause
10925873 + Lcom/fsck/k9/activity/MessageList; onCreate
10925873 + Lcom/fsck/k9/K9Activity; onCreate
10925876 - Lcom/fsck/k9/K9Activity; onCreate
10925947 - Lcom/fsck/k9/activity/MessageList; onCreate
10925947 + Lcom/fsck/k9/activity/MessageList; onResume
10925948 + Lcom/fsck/k9/K9Activity; onResume
10925950 - Lcom/fsck/k9/K9Activity; onResume
10926066 - Lcom/fsck/k9/activity/MessageList; onResume
Ljava/net/Socket;->connectV
