--------- beginning of /dev/log/main
--------- beginning of /dev/log/system
V/DBox    (  564): 57739 + Lcom/facebook/katana/provider/LoggingProvider; onCreate
V/DBox    (  564): 57771 - Lcom/facebook/katana/provider/LoggingProvider; onCreate
V/DBox    (  564): 57777 + Lcom/facebook/katana/provider/NotificationsProvider; onCreate
V/DBox    (  564): 57777 - Lcom/facebook/katana/provider/NotificationsProvider; onCreate
V/DBox    (  564): 57784 + Lcom/facebook/katana/provider/KeyValueProvider; onCreate
V/DBox    (  564): 57784 - Lcom/facebook/katana/provider/KeyValueProvider; onCreate
V/DBox    (  564): 57786 + Lcom/facebook/katana/provider/UserValuesProvider; onCreate
V/DBox    (  564): 57786 - Lcom/facebook/katana/provider/UserValuesProvider; onCreate
V/DBox    (  564): 57793 + Lcom/facebook/katana/provider/FriendsProvider; onCreate
V/DBox    (  564): 57793 - Lcom/facebook/katana/provider/FriendsProvider; onCreate
V/DBox    (  564): 57802 + Lcom/facebook/katana/provider/MailboxProvider; onCreate
V/DBox    (  564): 57802 - Lcom/facebook/katana/provider/MailboxProvider; onCreate
V/DBox    (  564): 57804 + Lcom/facebook/katana/provider/UserStatusesProvider; onCreate
V/DBox    (  564): 57804 - Lcom/facebook/katana/provider/UserStatusesProvider; onCreate
V/DBox    (  564): 57810 + Lcom/facebook/katana/provider/PhotosProvider; onCreate
V/DBox    (  564): 57811 - Lcom/facebook/katana/provider/PhotosProvider; onCreate
V/DBox    (  564): 57817 + Lcom/facebook/katana/provider/EventsProvider; onCreate
V/DBox    (  564): 57818 - Lcom/facebook/katana/provider/EventsProvider; onCreate
V/DBox    (  564): 57835 + Lcom/facebook/katana/LoginActivity; onCreate
V/DBox    (  564): 58449 < Lcom/facebook/katana/binding/AppSession; releaseWakeLock
V/DBox    (  564): 58461 - Lcom/facebook/katana/LoginActivity; onCreate
V/DBox    (  564): 58469 + Lcom/facebook/katana/HomeActivity; onCreate
V/DBox    (  564): 58618 - Lcom/facebook/katana/HomeActivity; onCreate
V/DBox    (  564): 58618 + Lcom/facebook/katana/HomeActivity; onResume
V/DBox    (  564): 58619 + Lcom/facebook/katana/FacebookListActivity; onResume
V/DBox    (  564): 58626 - Lcom/facebook/katana/FacebookListActivity; onResume
V/DBox    (  564): 58639 - Lcom/facebook/katana/HomeActivity; onResume
V/DBox    (  564): 58648 + Lcom/facebook/katana/service/FacebookService; onCreate
V/DBox    (  564): 58651 - Lcom/facebook/katana/service/FacebookService; onCreate
V/DBox    (  564): 58653 + Lcom/facebook/katana/service/FacebookService; onStart
V/DBox    (  564): 58674 - Lcom/facebook/katana/service/FacebookService; onStart
V/DBox    (  564): 58685 + Lcom/facebook/katana/service/FacebookService; onStart
V/DBox    (  564): 58715 - Lcom/facebook/katana/service/FacebookService; onStart
V/DBox    (  564): 58716 + Lcom/facebook/katana/service/FacebookService; onStart
V/DBox    (  564): 58730 - Lcom/facebook/katana/service/FacebookService; onStart
V/DBox    (  564): 58731 + Lcom/facebook/katana/service/FacebookService; onStart
V/DBox    (  564): 58751 - Lcom/facebook/katana/service/FacebookService; onStart
V/DBox    (  564): 59276 + Lcom/facebook/katana/LoginActivity; onDestroy
V/DBox    (  564): 59279 - Lcom/facebook/katana/LoginActivity; onDestroy
V/DBox    (  564): 59357 + Lcom/facebook/katana/service/FacebookService; onStart
V/DBox    (  564): 59380 > Lcom/facebook/katana/binding/AppSession; acquireWakeLock
V/DBox    (  564): 59382 - Lcom/facebook/katana/service/FacebookService; onStart
V/DBox    (  564): 59383 + Lcom/facebook/katana/service/FacebookService; onStart
V/DBox    (  564): 59422 - Lcom/facebook/katana/service/FacebookService; onStart
V/DBox    (  564): 61900 + Lcom/facebook/katana/service/FacebookService; onStart
V/DBox    (  564): 61937 - Lcom/facebook/katana/service/FacebookService; onStart
V/DBox    (  564): 61938 + Lcom/facebook/katana/HomeActivity$ReelListener; onItemSelected android.widget.Gallery@43f506b8
V/DBox    (  564): 61939 - Lcom/facebook/katana/HomeActivity$ReelListener; onItemSelected
V/DBox    (  564): 62659 + Lcom/facebook/katana/HomeActivity$4; onItemClick android.widget.ListView@43f55238
V/DBox    (  564): 62727 - Lcom/facebook/katana/HomeActivity$4; onItemClick
V/DBox    (  564): 62771 + Lcom/facebook/katana/HomeActivity; onPause
V/DBox    (  564): 62771 + Lcom/facebook/katana/FacebookListActivity; onPause
V/DBox    (  564): 62787 - Lcom/facebook/katana/FacebookListActivity; onPause
V/DBox    (  564): 62788 - Lcom/facebook/katana/HomeActivity; onPause
V/DBox    (  564): 65486 + Lcom/facebook/katana/HomeActivity; onResume
V/DBox    (  564): 65525 + Lcom/facebook/katana/FacebookListActivity; onResume
V/DBox    (  564): 65590 - Lcom/facebook/katana/FacebookListActivity; onResume
V/DBox    (  564): 65668 - Lcom/facebook/katana/HomeActivity; onResume
V/DBox    (  564): 65683 + Lcom/facebook/katana/HomeActivity; onPause
V/DBox    (  564): 65683 + Lcom/facebook/katana/FacebookListActivity; onPause
V/DBox    (  564): 65715 - Lcom/facebook/katana/FacebookListActivity; onPause
V/DBox    (  564): 65716 - Lcom/facebook/katana/HomeActivity; onPause
V/DBox    (  564): 65830 + Lcom/facebook/katana/service/FacebookService; onStart
V/DBox    (  564): 65837 - Lcom/facebook/katana/service/FacebookService; onStart
V/DBox    (  564): 65848 + Lcom/facebook/katana/service/FacebookService; onStart
V/DBox    (  564): 65866 - Lcom/facebook/katana/service/FacebookService; onStart
V/DBox    (  564): 66999 + Lcom/facebook/katana/HomeActivity; onResume
V/DBox    (  564): 66999 + Lcom/facebook/katana/FacebookListActivity; onResume
V/DBox    (  564): 67002 - Lcom/facebook/katana/FacebookListActivity; onResume
V/DBox    (  564): 67006 - Lcom/facebook/katana/HomeActivity; onResume
V/DBox    (  564): 68506 + Lcom/facebook/katana/service/FacebookService; onStart
V/DBox    (  564): 68508 > Lcom/facebook/katana/binding/AppSession; acquireWakeLock
V/DBox    (  564): 68517 - Lcom/facebook/katana/service/FacebookService; onStart
V/DBox    (  564): 68519 + Lcom/facebook/katana/service/FacebookService; onStart
V/DBox    (  564): 68595 - Lcom/facebook/katana/service/FacebookService; onStart
V/DBox    (  564): 69054 + Lcom/facebook/katana/HomeActivity; onClick android.widget.LinearLayout@43f111d8
V/DBox    (  564): 69066 - Lcom/facebook/katana/HomeActivity; onClick
V/DBox    (  564): 69071 + Lcom/facebook/katana/HomeActivity; onPause
V/DBox    (  564): 69072 + Lcom/facebook/katana/FacebookListActivity; onPause
V/DBox    (  564): 69072 - Lcom/facebook/katana/FacebookListActivity; onPause
V/DBox    (  564): 69076 - Lcom/facebook/katana/HomeActivity; onPause
V/DBox    (  564): 69089 + Lcom/facebook/katana/StreamActivity; onCreate
V/DBox    (  564): 69158 - Lcom/facebook/katana/StreamActivity; onCreate
V/DBox    (  564): 69158 + Lcom/facebook/katana/StreamActivity; onResume
V/DBox    (  564): 69158 + Lcom/facebook/katana/FacebookListActivity; onResume
V/DBox    (  564): 69159 - Lcom/facebook/katana/FacebookListActivity; onResume
V/DBox    (  564): 69172 - Lcom/facebook/katana/StreamActivity; onResume
V/DBox    (  564): 69335 + Lcom/facebook/katana/service/FacebookService; onStart
V/DBox    (  564): 69341 - Lcom/facebook/katana/service/FacebookService; onStart
V/DBox    (  564): 71971 + Lcom/facebook/katana/StreamActivity; onPause
V/DBox    (  564): 71973 + Lcom/facebook/katana/FacebookListActivity; onPause
V/DBox    (  564): 71976 - Lcom/facebook/katana/FacebookListActivity; onPause
V/DBox    (  564): 72014 - Lcom/facebook/katana/StreamActivity; onPause
V/DBox    (  564): 72046 + Lcom/facebook/katana/HomeActivity; onResume
V/DBox    (  564): 72047 + Lcom/facebook/katana/FacebookListActivity; onResume
V/DBox    (  564): 72047 - Lcom/facebook/katana/FacebookListActivity; onResume
V/DBox    (  564): 72073 - Lcom/facebook/katana/HomeActivity; onResume
V/DBox    (  564): 72275 + Lcom/facebook/katana/service/FacebookService; onStart
V/DBox    (  564): 72282 - Lcom/facebook/katana/service/FacebookService; onStart
V/DBox    (  564): 72282 + Lcom/facebook/katana/service/FacebookService; onStart
V/DBox    (  564): 72298 - Lcom/facebook/katana/service/FacebookService; onStart
V/DBox    (  564): 72556 + Lcom/facebook/katana/StreamActivity; onStop
V/DBox    (  564): 72558 - Lcom/facebook/katana/StreamActivity; onStop
V/DBox    (  564): 72560 + Lcom/facebook/katana/StreamActivity; onDestroy
V/DBox    (  564): 72568 - Lcom/facebook/katana/StreamActivity; onDestroy
V/DBox    (  564): 78106 + Lcom/facebook/katana/HomeActivity; onClick android.widget.LinearLayout@43f0fb00
V/DBox    (  564): 78128 - Lcom/facebook/katana/HomeActivity; onClick
V/DBox    (  564): 78129 + Lcom/facebook/katana/HomeActivity; onPause
V/DBox    (  564): 78131 + Lcom/facebook/katana/FacebookListActivity; onPause
V/DBox    (  564): 78137 - Lcom/facebook/katana/FacebookListActivity; onPause
V/DBox    (  564): 78140 - Lcom/facebook/katana/HomeActivity; onPause
V/DBox    (  564): 78150 + Lcom/facebook/katana/ProfileTabHostActivity; onCreate
V/DBox    (  564): 78240 + Lcom/facebook/katana/StreamActivity; onCreate
V/DBox    (  564): 78309 - Lcom/facebook/katana/StreamActivity; onCreate
V/DBox    (  564): 78322 - Lcom/facebook/katana/ProfileTabHostActivity; onCreate
V/DBox    (  564): 78323 + Lcom/facebook/katana/ProfileTabHostActivity; onResume
V/DBox    (  564): 78323 + Lcom/facebook/katana/FacebookTabActivity; onResume
V/DBox    (  564): 78324 + Lcom/facebook/katana/StreamActivity; onResume
V/DBox    (  564): 78324 + Lcom/facebook/katana/FacebookListActivity; onResume
V/DBox    (  564): 78325 - Lcom/facebook/katana/FacebookListActivity; onResume
V/DBox    (  564): 78331 - Lcom/facebook/katana/StreamActivity; onResume
V/DBox    (  564): 78331 - Lcom/facebook/katana/FacebookTabActivity; onResume
V/DBox    (  564): 78335 - Lcom/facebook/katana/ProfileTabHostActivity; onResume
V/DBox    (  564): 78339 + Lcom/facebook/katana/service/FacebookService; onStart
V/DBox    (  564): 78373 - Lcom/facebook/katana/service/FacebookService; onStart
V/DBox    (  564): 78450 + Lcom/facebook/katana/service/FacebookService; onStart
V/DBox    (  564): 78456 - Lcom/facebook/katana/service/FacebookService; onStart
V/DBox    (  564): 79640 + Lcom/facebook/katana/ProfileTabHostActivity; onPause
V/DBox    (  564): 79641 + Lcom/facebook/katana/FacebookTabActivity; onPause
V/DBox    (  564): 79641 + Lcom/facebook/katana/StreamActivity; onPause
V/DBox    (  564): 79642 + Lcom/facebook/katana/FacebookListActivity; onPause
V/DBox    (  564): 79642 - Lcom/facebook/katana/FacebookListActivity; onPause
V/DBox    (  564): 79643 - Lcom/facebook/katana/StreamActivity; onPause
V/DBox    (  564): 79643 - Lcom/facebook/katana/FacebookTabActivity; onPause
V/DBox    (  564): 79644 - Lcom/facebook/katana/ProfileTabHostActivity; onPause
V/DBox    (  564): 79668 + Lcom/facebook/katana/HomeActivity; onResume
V/DBox    (  564): 79675 + Lcom/facebook/katana/FacebookListActivity; onResume
V/DBox    (  564): 79675 - Lcom/facebook/katana/FacebookListActivity; onResume
V/DBox    (  564): 79687 - Lcom/facebook/katana/HomeActivity; onResume
V/DBox    (  564): 79786 + Lcom/facebook/katana/service/FacebookService; onStart
V/DBox    (  564): 79792 - Lcom/facebook/katana/service/FacebookService; onStart
V/DBox    (  564): 79793 + Lcom/facebook/katana/service/FacebookService; onStart
V/DBox    (  564): 79807 - Lcom/facebook/katana/service/FacebookService; onStart
V/DBox    (  564): 80048 + Lcom/facebook/katana/StreamActivity; onStop
V/DBox    (  564): 80049 - Lcom/facebook/katana/StreamActivity; onStop
V/DBox    (  564): 80049 + Lcom/facebook/katana/ProfileTabHostActivity; onDestroy
V/DBox    (  564): 80054 + Lcom/facebook/katana/StreamActivity; onDestroy
V/DBox    (  564): 80055 - Lcom/facebook/katana/StreamActivity; onDestroy
V/DBox    (  564): 80056 - Lcom/facebook/katana/ProfileTabHostActivity; onDestroy
V/DBox    (  564): 80713 + Lcom/facebook/katana/HomeActivity; onClick android.widget.LinearLayout@43f47978
V/DBox    (  564): 80725 - Lcom/facebook/katana/HomeActivity; onClick
V/DBox    (  564): 80728 + Lcom/facebook/katana/HomeActivity; onPause
V/DBox    (  564): 80729 + Lcom/facebook/katana/FacebookListActivity; onPause
V/DBox    (  564): 80732 - Lcom/facebook/katana/FacebookListActivity; onPause
V/DBox    (  564): 80733 - Lcom/facebook/katana/HomeActivity; onPause
V/DBox    (  564): 80748 + Lcom/facebook/katana/UsersTabHostActivity; onCreate
V/DBox    (  564): 80774 + Lcom/facebook/katana/FriendsActivity; onCreate
V/DBox    (  564): 80797 - Lcom/facebook/katana/FriendsActivity; onCreate
V/DBox    (  564): 80805 - Lcom/facebook/katana/UsersTabHostActivity; onCreate
V/DBox    (  564): 80806 + Lcom/facebook/katana/FacebookTabActivity; onResume
V/DBox    (  564): 80806 + Lcom/facebook/katana/FriendsActivity; onResume
V/DBox    (  564): 80811 - Lcom/facebook/katana/FriendsActivity; onResume
V/DBox    (  564): 80812 - Lcom/facebook/katana/FacebookTabActivity; onResume
V/DBox    (  564): 81897 + Lcom/facebook/katana/FacebookTabActivity; onPause
V/DBox    (  564): 81898 + Lcom/facebook/katana/FriendsActivity; onPause
V/DBox    (  564): 81898 - Lcom/facebook/katana/FriendsActivity; onPause
V/DBox    (  564): 81899 - Lcom/facebook/katana/FacebookTabActivity; onPause
V/DBox    (  564): 81912 + Lcom/facebook/katana/HomeActivity; onResume
V/DBox    (  564): 81912 + Lcom/facebook/katana/FacebookListActivity; onResume
V/DBox    (  564): 81913 - Lcom/facebook/katana/FacebookListActivity; onResume
V/DBox    (  564): 81923 - Lcom/facebook/katana/HomeActivity; onResume
V/DBox    (  564): 81997 + Lcom/facebook/katana/service/FacebookService; onStart
V/DBox    (  564): 82004 - Lcom/facebook/katana/service/FacebookService; onStart
V/DBox    (  564): 82006 + Lcom/facebook/katana/service/FacebookService; onStart
V/DBox    (  564): 82015 - Lcom/facebook/katana/service/FacebookService; onStart
V/DBox    (  564): 82335 + Lcom/facebook/katana/UsersTabHostActivity; onDestroy
V/DBox    (  564): 82341 - Lcom/facebook/katana/UsersTabHostActivity; onDestroy
V/DBox    (  564): 83274 + Lcom/facebook/katana/HomeActivity; onClick android.widget.LinearLayout@43f2fb00
V/DBox    (  564): 83294 - Lcom/facebook/katana/HomeActivity; onClick
V/DBox    (  564): 83296 + Lcom/facebook/katana/HomeActivity; onPause
V/DBox    (  564): 83298 + Lcom/facebook/katana/FacebookListActivity; onPause
V/DBox    (  564): 83299 - Lcom/facebook/katana/FacebookListActivity; onPause
V/DBox    (  564): 83302 - Lcom/facebook/katana/HomeActivity; onPause
V/DBox    (  564): 83334 + Lcom/facebook/katana/AlbumsActivity; onCreate
V/DBox    (  564): 83413 - Lcom/facebook/katana/AlbumsActivity; onCreate
V/DBox    (  564): 83414 + Lcom/facebook/katana/AlbumsActivity; onResume
V/DBox    (  564): 83414 + Lcom/facebook/katana/FacebookListActivity; onResume
V/DBox    (  564): 83415 - Lcom/facebook/katana/FacebookListActivity; onResume
V/DBox    (  564): 83418 - Lcom/facebook/katana/AlbumsActivity; onResume
V/DBox    (  564): 83424 + Lcom/facebook/katana/service/FacebookService; onStart
V/DBox    (  564): 83436 - Lcom/facebook/katana/service/FacebookService; onStart
V/DBox    (  564): 83504 + Lcom/facebook/katana/service/FacebookService; onStart
V/DBox    (  564): 83512 - Lcom/facebook/katana/service/FacebookService; onStart
V/DBox    (  564): 84335 + Lcom/facebook/katana/AlbumsActivity; onPause
V/DBox    (  564): 84336 + Lcom/facebook/katana/FacebookListActivity; onPause
V/DBox    (  564): 84338 - Lcom/facebook/katana/FacebookListActivity; onPause
V/DBox    (  564): 84339 - Lcom/facebook/katana/AlbumsActivity; onPause
V/DBox    (  564): 84436 + Lcom/facebook/katana/HomeActivity; onResume
V/DBox    (  564): 84436 + Lcom/facebook/katana/FacebookListActivity; onResume
V/DBox    (  564): 84437 - Lcom/facebook/katana/FacebookListActivity; onResume
V/DBox    (  564): 84447 - Lcom/facebook/katana/HomeActivity; onResume
V/DBox    (  564): 84523 + Lcom/facebook/katana/service/FacebookService; onStart
V/DBox    (  564): 84542 - Lcom/facebook/katana/service/FacebookService; onStart
V/DBox    (  564): 84543 + Lcom/facebook/katana/service/FacebookService; onStart
V/DBox    (  564): 84580 - Lcom/facebook/katana/service/FacebookService; onStart
V/DBox    (  564): 85258 + Lcom/facebook/katana/HomeActivity; onClick android.widget.LinearLayout@43f30ce8
V/DBox    (  564): 85262 - Lcom/facebook/katana/HomeActivity; onClick
V/DBox    (  564): 85264 + Lcom/facebook/katana/HomeActivity; onPause
V/DBox    (  564): 85265 + Lcom/facebook/katana/FacebookListActivity; onPause
V/DBox    (  564): 85265 - Lcom/facebook/katana/FacebookListActivity; onPause
V/DBox    (  564): 85266 - Lcom/facebook/katana/HomeActivity; onPause
V/DBox    (  564): 85277 + Lcom/facebook/katana/EventsActivity; onCreate
V/DBox    (  564): 85297 - Lcom/facebook/katana/EventsActivity; onCreate
V/DBox    (  564): 85298 + Lcom/facebook/katana/EventsActivity; onResume
V/DBox    (  564): 85298 + Lcom/facebook/katana/FacebookListActivity; onResume
V/DBox    (  564): 85299 - Lcom/facebook/katana/FacebookListActivity; onResume
V/DBox    (  564): 85305 - Lcom/facebook/katana/EventsActivity; onResume
V/DBox    (  564): 85308 + Lcom/facebook/katana/service/FacebookService; onStart
V/DBox    (  564): 85332 - Lcom/facebook/katana/service/FacebookService; onStart
V/DBox    (  564): 86409 + Lcom/facebook/katana/EventsActivity; onPause
V/DBox    (  564): 86410 + Lcom/facebook/katana/FacebookListActivity; onPause
V/DBox    (  564): 86413 - Lcom/facebook/katana/FacebookListActivity; onPause
V/DBox    (  564): 86415 - Lcom/facebook/katana/EventsActivity; onPause
V/DBox    (  564): 86438 + Lcom/facebook/katana/HomeActivity; onResume
V/DBox    (  564): 86440 + Lcom/facebook/katana/FacebookListActivity; onResume
V/DBox    (  564): 86441 - Lcom/facebook/katana/FacebookListActivity; onResume
V/DBox    (  564): 86461 - Lcom/facebook/katana/HomeActivity; onResume
V/DBox    (  564): 86542 + Lcom/facebook/katana/service/FacebookService; onStart
V/DBox    (  564): 86570 - Lcom/facebook/katana/service/FacebookService; onStart
V/DBox    (  564): 86571 + Lcom/facebook/katana/service/FacebookService; onStart
V/DBox    (  564): 86590 - Lcom/facebook/katana/service/FacebookService; onStart
V/DBox    (  564): 87262 + Lcom/facebook/katana/HomeActivity; onClick android.widget.LinearLayout@43f16690
V/DBox    (  564): 87274 - Lcom/facebook/katana/HomeActivity; onClick
V/DBox    (  564): 87276 + Lcom/facebook/katana/HomeActivity; onPause
V/DBox    (  564): 87278 + Lcom/facebook/katana/FacebookListActivity; onPause
V/DBox    (  564): 87279 - Lcom/facebook/katana/FacebookListActivity; onPause
V/DBox    (  564): 87281 - Lcom/facebook/katana/HomeActivity; onPause
V/DBox    (  564): 87289 + Lcom/facebook/katana/MailboxTabHostActivity; onCreate
V/DBox    (  564): 87319 + Lcom/facebook/katana/MailboxThreadsActivity; onCreate
V/DBox    (  564): 87329 + Lcom/facebook/katana/MailboxThreadsActivity; onScroll android.widget.ListView@43f82548
V/DBox    (  564): 87330 - Lcom/facebook/katana/MailboxThreadsActivity; onScroll
V/DBox    (  564): 87333 - Lcom/facebook/katana/MailboxThreadsActivity; onCreate
V/DBox    (  564): 87341 - Lcom/facebook/katana/MailboxTabHostActivity; onCreate
V/DBox    (  564): 87342 + Lcom/facebook/katana/FacebookTabActivity; onResume
V/DBox    (  564): 87342 + Lcom/facebook/katana/MailboxThreadsActivity; onResume
V/DBox    (  564): 87343 + Lcom/facebook/katana/FacebookListActivity; onResume
V/DBox    (  564): 87343 - Lcom/facebook/katana/FacebookListActivity; onResume
V/DBox    (  564): 87349 - Lcom/facebook/katana/MailboxThreadsActivity; onResume
V/DBox    (  564): 87349 - Lcom/facebook/katana/FacebookTabActivity; onResume
V/DBox    (  564): 87471 + Lcom/facebook/katana/MailboxThreadsActivity; onScroll android.widget.ListView@43f82548
V/DBox    (  564): 87471 - Lcom/facebook/katana/MailboxThreadsActivity; onScroll
V/DBox    (  564): 87506 + Lcom/facebook/katana/service/FacebookService; onStart
V/DBox    (  564): 87519 - Lcom/facebook/katana/service/FacebookService; onStart
V/DBox    (  564): 87550 + Lcom/facebook/katana/MailboxThreadsActivity; onScroll android.widget.ListView@43f82548
V/DBox    (  564): 87551 - Lcom/facebook/katana/MailboxThreadsActivity; onScroll
V/DBox    (  564): 87675 + Lcom/facebook/katana/MailboxThreadsActivity; onScroll android.widget.ListView@43f82548
V/DBox    (  564): 87677 - Lcom/facebook/katana/MailboxThreadsActivity; onScroll
V/DBox    (  564): 87787 + Lcom/facebook/katana/MailboxThreadsActivity; onScroll android.widget.ListView@43f82548
V/DBox    (  564): 87789 - Lcom/facebook/katana/MailboxThreadsActivity; onScroll
V/DBox    (  564): 87813 + Lcom/facebook/katana/MailboxThreadsActivity; onScroll android.widget.ListView@43f82548
V/DBox    (  564): 87815 - Lcom/facebook/katana/MailboxThreadsActivity; onScroll
V/DBox    (  564): 88332 + Lcom/facebook/katana/FacebookTabActivity; onPause
V/DBox    (  564): 88335 + Lcom/facebook/katana/MailboxThreadsActivity; onPause
V/DBox    (  564): 88337 + Lcom/facebook/katana/FacebookListActivity; onPause
V/DBox    (  564): 88338 - Lcom/facebook/katana/FacebookListActivity; onPause
V/DBox    (  564): 88340 - Lcom/facebook/katana/MailboxThreadsActivity; onPause
V/DBox    (  564): 88347 - Lcom/facebook/katana/FacebookTabActivity; onPause
V/DBox    (  564): 88385 + Lcom/facebook/katana/HomeActivity; onResume
V/DBox    (  564): 88385 + Lcom/facebook/katana/FacebookListActivity; onResume
V/DBox    (  564): 88386 - Lcom/facebook/katana/FacebookListActivity; onResume
V/DBox    (  564): 88395 - Lcom/facebook/katana/HomeActivity; onResume
V/DBox    (  564): 88452 + Lcom/facebook/katana/service/FacebookService; onStart
V/DBox    (  564): 88457 - Lcom/facebook/katana/service/FacebookService; onStart
V/DBox    (  564): 88458 + Lcom/facebook/katana/service/FacebookService; onStart
V/DBox    (  564): 88466 - Lcom/facebook/katana/service/FacebookService; onStart
V/DBox    (  564): 88732 + Lcom/facebook/katana/MailboxThreadsActivity; onScroll android.widget.ListView@43f82548
V/DBox    (  564): 88732 - Lcom/facebook/katana/MailboxThreadsActivity; onScroll
V/DBox    (  564): 88734 + Lcom/facebook/katana/MailboxTabHostActivity; onDestroy
V/DBox    (  564): 88737 + Lcom/facebook/katana/MailboxThreadsActivity; onScroll android.widget.ListView@43f82548
V/DBox    (  564): 88737 - Lcom/facebook/katana/MailboxThreadsActivity; onScroll
V/DBox    (  564): 88741 - Lcom/facebook/katana/MailboxTabHostActivity; onDestroy
V/DBox    (  564): 89244 + Lcom/facebook/katana/HomeActivity; onClick android.widget.LinearLayout@43f11940
V/DBox    (  564): 89249 - Lcom/facebook/katana/HomeActivity; onClick
V/DBox    (  564): 89252 + Lcom/facebook/katana/HomeActivity; onPause
V/DBox    (  564): 89253 + Lcom/facebook/katana/FacebookListActivity; onPause
V/DBox    (  564): 89254 - Lcom/facebook/katana/FacebookListActivity; onPause
V/DBox    (  564): 89255 - Lcom/facebook/katana/HomeActivity; onPause
V/DBox    (  564): 89272 + Lcom/facebook/katana/RequestsActivity; onCreate
V/DBox    (  564): 89306 - Lcom/facebook/katana/RequestsActivity; onCreate
V/DBox    (  564): 89306 + Lcom/facebook/katana/FacebookListActivity; onResume
V/DBox    (  564): 89307 - Lcom/facebook/katana/FacebookListActivity; onResume
V/DBox    (  564): 89311 + Lcom/facebook/katana/service/FacebookService; onStart
V/DBox    (  564): 89319 - Lcom/facebook/katana/service/FacebookService; onStart
V/DBox    (  564): 89653 + Lcom/facebook/katana/service/FacebookService; onStart
V/DBox    (  564): 89662 - Lcom/facebook/katana/service/FacebookService; onStart
V/DBox    (  564): 89700 + Lcom/facebook/katana/service/FacebookService; onStart
V/DBox    (  564): 89703 - Lcom/facebook/katana/service/FacebookService; onStart
V/DBox    (  564): 90376 + Lcom/facebook/katana/FacebookListActivity; onPause
V/DBox    (  564): 90377 - Lcom/facebook/katana/FacebookListActivity; onPause
V/DBox    (  564): 90404 + Lcom/facebook/katana/HomeActivity; onResume
V/DBox    (  564): 90406 + Lcom/facebook/katana/FacebookListActivity; onResume
V/DBox    (  564): 90407 - Lcom/facebook/katana/FacebookListActivity; onResume
V/DBox    (  564): 90415 - Lcom/facebook/katana/HomeActivity; onResume
V/DBox    (  564): 90472 + Lcom/facebook/katana/service/FacebookService; onStart
V/DBox    (  564): 90477 - Lcom/facebook/katana/service/FacebookService; onStart
V/DBox    (  564): 90478 + Lcom/facebook/katana/service/FacebookService; onStart
V/DBox    (  564): 90488 - Lcom/facebook/katana/service/FacebookService; onStart
V/DBox    (  564): 90760 + Lcom/facebook/katana/RequestsActivity; onDestroy
V/DBox    (  564): 90760 + Lcom/facebook/katana/RequestsAdapter; onDestroy
V/DBox    (  564): 90761 - Lcom/facebook/katana/RequestsAdapter; onDestroy
V/DBox    (  564): 90761 - Lcom/facebook/katana/RequestsActivity; onDestroy
V/DBox    (  564): 91263 + Lcom/facebook/katana/HomeActivity; onCreateOptionsMenu com.android.internal.view.menu.MenuBuilder@441fa580
V/DBox    (  564): 91272 - Lcom/facebook/katana/HomeActivity; onCreateOptionsMenu
V/DBox    (  564): 95121 + Lcom/facebook/katana/HomeActivity; onPause
V/DBox    (  564): 95122 + Lcom/facebook/katana/FacebookListActivity; onPause
V/DBox    (  564): 95149 - Lcom/facebook/katana/FacebookListActivity; onPause
V/DBox    (  564): 95150 - Lcom/facebook/katana/HomeActivity; onPause
V/DBox    (  564): 145150 + Lcom/facebook/katana/HomeActivity; onResume
V/DBox    (  564): 145151 + Lcom/facebook/katana/FacebookListActivity; onResume
V/DBox    (  564): 145157 - Lcom/facebook/katana/FacebookListActivity; onResume
V/DBox    (  564): 145165 - Lcom/facebook/katana/HomeActivity; onResume
V/DBox    (  564): 145244 + Lcom/facebook/katana/service/FacebookService; onStart
V/DBox    (  564): 145250 - Lcom/facebook/katana/service/FacebookService; onStart
V/DBox    (  564): 145250 + Lcom/facebook/katana/service/FacebookService; onStart
V/DBox    (  564): 145260 - Lcom/facebook/katana/service/FacebookService; onStart
V/DBox    (  564): 147589 + Lcom/facebook/katana/HomeActivity; onClick android.widget.LinearLayout@43f111d8
V/DBox    (  564): 147600 - Lcom/facebook/katana/HomeActivity; onClick
V/DBox    (  564): 147610 + Lcom/facebook/katana/HomeActivity; onPause
V/DBox    (  564): 147610 + Lcom/facebook/katana/FacebookListActivity; onPause
V/DBox    (  564): 147611 - Lcom/facebook/katana/FacebookListActivity; onPause
V/DBox    (  564): 147612 - Lcom/facebook/katana/HomeActivity; onPause
V/DBox    (  564): 147633 + Lcom/facebook/katana/StreamActivity; onCreate
V/DBox    (  564): 147680 - Lcom/facebook/katana/StreamActivity; onCreate
V/DBox    (  564): 147681 + Lcom/facebook/katana/StreamActivity; onResume
V/DBox    (  564): 147681 + Lcom/facebook/katana/FacebookListActivity; onResume
V/DBox    (  564): 147682 - Lcom/facebook/katana/FacebookListActivity; onResume
V/DBox    (  564): 147692 - Lcom/facebook/katana/StreamActivity; onResume
V/DBox    (  564): 147844 + Lcom/facebook/katana/service/FacebookService; onStart
V/DBox    (  564): 147849 - Lcom/facebook/katana/service/FacebookService; onStart
V/DBox    (  564): 148841 + Lcom/facebook/katana/StreamActivity; onPause
V/DBox    (  564): 148842 + Lcom/facebook/katana/FacebookListActivity; onPause
V/DBox    (  564): 148844 - Lcom/facebook/katana/FacebookListActivity; onPause
V/DBox    (  564): 148866 - Lcom/facebook/katana/StreamActivity; onPause
V/DBox    (  564): 148878 + Lcom/facebook/katana/HomeActivity; onResume
V/DBox    (  564): 148879 + Lcom/facebook/katana/FacebookListActivity; onResume
V/DBox    (  564): 148879 - Lcom/facebook/katana/FacebookListActivity; onResume
V/DBox    (  564): 148888 - Lcom/facebook/katana/HomeActivity; onResume
V/DBox    (  564): 148942 + Lcom/facebook/katana/service/FacebookService; onStart
V/DBox    (  564): 148947 - Lcom/facebook/katana/service/FacebookService; onStart
V/DBox    (  564): 148948 + Lcom/facebook/katana/service/FacebookService; onStart
V/DBox    (  564): 149016 - Lcom/facebook/katana/service/FacebookService; onStart
V/DBox    (  564): 149327 + Lcom/facebook/katana/StreamActivity; onStop
V/DBox    (  564): 149329 - Lcom/facebook/katana/StreamActivity; onStop
V/DBox    (  564): 149330 + Lcom/facebook/katana/StreamActivity; onDestroy
V/DBox    (  564): 149331 - Lcom/facebook/katana/StreamActivity; onDestroy
V/DBox    (  564): 149795 + Lcom/facebook/katana/HomeActivity; onClick android.widget.LinearLayout@43f0fb00
V/DBox    (  564): 149805 - Lcom/facebook/katana/HomeActivity; onClick
V/DBox    (  564): 149809 + Lcom/facebook/katana/HomeActivity; onPause
V/DBox    (  564): 149812 + Lcom/facebook/katana/FacebookListActivity; onPause
V/DBox    (  564): 149814 - Lcom/facebook/katana/FacebookListActivity; onPause
V/DBox    (  564): 149816 - Lcom/facebook/katana/HomeActivity; onPause
V/DBox    (  564): 149835 + Lcom/facebook/katana/ProfileTabHostActivity; onCreate
V/DBox    (  564): 149872 + Lcom/facebook/katana/StreamActivity; onCreate
V/DBox    (  564): 149887 - Lcom/facebook/katana/StreamActivity; onCreate
V/DBox    (  564): 149893 - Lcom/facebook/katana/ProfileTabHostActivity; onCreate
V/DBox    (  564): 149893 + Lcom/facebook/katana/ProfileTabHostActivity; onResume
V/DBox    (  564): 149894 + Lcom/facebook/katana/FacebookTabActivity; onResume
V/DBox    (  564): 149894 + Lcom/facebook/katana/StreamActivity; onResume
V/DBox    (  564): 149894 + Lcom/facebook/katana/FacebookListActivity; onResume
V/DBox    (  564): 149895 - Lcom/facebook/katana/FacebookListActivity; onResume
V/DBox    (  564): 149900 - Lcom/facebook/katana/StreamActivity; onResume
V/DBox    (  564): 149901 - Lcom/facebook/katana/FacebookTabActivity; onResume
V/DBox    (  564): 149902 - Lcom/facebook/katana/ProfileTabHostActivity; onResume
V/DBox    (  564): 149906 + Lcom/facebook/katana/service/FacebookService; onStart
V/DBox    (  564): 149934 - Lcom/facebook/katana/service/FacebookService; onStart
V/DBox    (  564): 152082 + Lcom/facebook/katana/ProfileTabHostActivity; onPause
V/DBox    (  564): 152088 + Lcom/facebook/katana/FacebookTabActivity; onPause
V/DBox    (  564): 152091 + Lcom/facebook/katana/StreamActivity; onPause
V/DBox    (  564): 152092 + Lcom/facebook/katana/FacebookListActivity; onPause
V/DBox    (  564): 152092 - Lcom/facebook/katana/FacebookListActivity; onPause
V/DBox    (  564): 152093 - Lcom/facebook/katana/StreamActivity; onPause
V/DBox    (  564): 152093 - Lcom/facebook/katana/FacebookTabActivity; onPause
V/DBox    (  564): 152096 - Lcom/facebook/katana/ProfileTabHostActivity; onPause
V/DBox    (  564): 152108 + Lcom/facebook/katana/HomeActivity; onResume
V/DBox    (  564): 152110 + Lcom/facebook/katana/FacebookListActivity; onResume
V/DBox    (  564): 152116 - Lcom/facebook/katana/FacebookListActivity; onResume
V/DBox    (  564): 152127 - Lcom/facebook/katana/HomeActivity; onResume
V/DBox    (  564): 152219 + Lcom/facebook/katana/service/FacebookService; onStart
V/DBox    (  564): 152224 - Lcom/facebook/katana/service/FacebookService; onStart
V/DBox    (  564): 152227 + Lcom/facebook/katana/service/FacebookService; onStart
V/DBox    (  564): 152236 - Lcom/facebook/katana/service/FacebookService; onStart
V/DBox    (  564): 152479 + Lcom/facebook/katana/StreamActivity; onStop
V/DBox    (  564): 152480 - Lcom/facebook/katana/StreamActivity; onStop
V/DBox    (  564): 152481 + Lcom/facebook/katana/ProfileTabHostActivity; onDestroy
V/DBox    (  564): 152482 + Lcom/facebook/katana/StreamActivity; onDestroy
V/DBox    (  564): 152482 - Lcom/facebook/katana/StreamActivity; onDestroy
V/DBox    (  564): 152484 - Lcom/facebook/katana/ProfileTabHostActivity; onDestroy
V/DBox    (  564): 157691 + Lcom/facebook/katana/HomeActivity; onClick android.widget.LinearLayout@43f47978
V/DBox    (  564): 157698 - Lcom/facebook/katana/HomeActivity; onClick
V/DBox    (  564): 157701 + Lcom/facebook/katana/HomeActivity; onPause
V/DBox    (  564): 157705 + Lcom/facebook/katana/FacebookListActivity; onPause
V/DBox    (  564): 157706 - Lcom/facebook/katana/FacebookListActivity; onPause
V/DBox    (  564): 157706 - Lcom/facebook/katana/HomeActivity; onPause
V/DBox    (  564): 157719 + Lcom/facebook/katana/UsersTabHostActivity; onCreate
V/DBox    (  564): 157740 + Lcom/facebook/katana/FriendsActivity; onCreate
V/DBox    (  564): 157754 - Lcom/facebook/katana/FriendsActivity; onCreate
V/DBox    (  564): 157760 - Lcom/facebook/katana/UsersTabHostActivity; onCreate
V/DBox    (  564): 157761 + Lcom/facebook/katana/FacebookTabActivity; onResume
V/DBox    (  564): 157762 + Lcom/facebook/katana/FriendsActivity; onResume
V/DBox    (  564): 157767 - Lcom/facebook/katana/FriendsActivity; onResume
V/DBox    (  564): 157768 - Lcom/facebook/katana/FacebookTabActivity; onResume
V/DBox    (  564): 158611 + Lcom/facebook/katana/FacebookTabActivity; onPause
V/DBox    (  564): 158612 + Lcom/facebook/katana/FriendsActivity; onPause
V/DBox    (  564): 158612 - Lcom/facebook/katana/FriendsActivity; onPause
V/DBox    (  564): 158613 - Lcom/facebook/katana/FacebookTabActivity; onPause
V/DBox    (  564): 158622 + Lcom/facebook/katana/HomeActivity; onResume
V/DBox    (  564): 158628 + Lcom/facebook/katana/FacebookListActivity; onResume
V/DBox    (  564): 158628 - Lcom/facebook/katana/FacebookListActivity; onResume
V/DBox    (  564): 158636 - Lcom/facebook/katana/HomeActivity; onResume
V/DBox    (  564): 158725 + Lcom/facebook/katana/service/FacebookService; onStart
V/DBox    (  564): 158729 - Lcom/facebook/katana/service/FacebookService; onStart
V/DBox    (  564): 158730 + Lcom/facebook/katana/service/FacebookService; onStart
V/DBox    (  564): 158739 - Lcom/facebook/katana/service/FacebookService; onStart
V/DBox    (  564): 158983 + Lcom/facebook/katana/UsersTabHostActivity; onDestroy
V/DBox    (  564): 158984 - Lcom/facebook/katana/UsersTabHostActivity; onDestroy
V/DBox    (  564): 159455 + Lcom/facebook/katana/HomeActivity; onClick android.widget.LinearLayout@43f2fb00
V/DBox    (  564): 159468 - Lcom/facebook/katana/HomeActivity; onClick
V/DBox    (  564): 159472 + Lcom/facebook/katana/HomeActivity; onPause
V/DBox    (  564): 159474 + Lcom/facebook/katana/FacebookListActivity; onPause
V/DBox    (  564): 159475 - Lcom/facebook/katana/FacebookListActivity; onPause
V/DBox    (  564): 159477 - Lcom/facebook/katana/HomeActivity; onPause
V/DBox    (  564): 159495 + Lcom/facebook/katana/AlbumsActivity; onCreate
V/DBox    (  564): 159520 - Lcom/facebook/katana/AlbumsActivity; onCreate
V/DBox    (  564): 159521 + Lcom/facebook/katana/AlbumsActivity; onResume
V/DBox    (  564): 159521 + Lcom/facebook/katana/FacebookListActivity; onResume
V/DBox    (  564): 159522 - Lcom/facebook/katana/FacebookListActivity; onResume
V/DBox    (  564): 159525 - Lcom/facebook/katana/AlbumsActivity; onResume
V/DBox    (  564): 159542 + Lcom/facebook/katana/service/FacebookService; onStart
V/DBox    (  564): 159560 - Lcom/facebook/katana/service/FacebookService; onStart
V/DBox    (  564): 159646 + Lcom/facebook/katana/service/FacebookService; onStart
V/DBox    (  564): 159651 - Lcom/facebook/katana/service/FacebookService; onStart
V/DBox    (  564): 160491 + Lcom/facebook/katana/AlbumsActivity; onPause
V/DBox    (  564): 160492 + Lcom/facebook/katana/FacebookListActivity; onPause
V/DBox    (  564): 160493 - Lcom/facebook/katana/FacebookListActivity; onPause
V/DBox    (  564): 160495 - Lcom/facebook/katana/AlbumsActivity; onPause
V/DBox    (  564): 160519 + Lcom/facebook/katana/HomeActivity; onResume
V/DBox    (  564): 160520 + Lcom/facebook/katana/FacebookListActivity; onResume
V/DBox    (  564): 160522 - Lcom/facebook/katana/FacebookListActivity; onResume
V/DBox    (  564): 160554 - Lcom/facebook/katana/HomeActivity; onResume
V/DBox    (  564): 160648 + Lcom/facebook/katana/service/FacebookService; onStart
V/DBox    (  564): 160661 - Lcom/facebook/katana/service/FacebookService; onStart
V/DBox    (  564): 160662 + Lcom/facebook/katana/service/FacebookService; onStart
V/DBox    (  564): 160736 - Lcom/facebook/katana/service/FacebookService; onStart
V/DBox    (  564): 161353 + Lcom/facebook/katana/HomeActivity; onClick android.widget.LinearLayout@43f30ce8
V/DBox    (  564): 161363 - Lcom/facebook/katana/HomeActivity; onClick
V/DBox    (  564): 161368 + Lcom/facebook/katana/HomeActivity; onPause
V/DBox    (  564): 161369 + Lcom/facebook/katana/FacebookListActivity; onPause
V/DBox    (  564): 161371 - Lcom/facebook/katana/FacebookListActivity; onPause
V/DBox    (  564): 161374 - Lcom/facebook/katana/HomeActivity; onPause
V/DBox    (  564): 161394 + Lcom/facebook/katana/EventsActivity; onCreate
V/DBox    (  564): 161408 - Lcom/facebook/katana/EventsActivity; onCreate
V/DBox    (  564): 161408 + Lcom/facebook/katana/EventsActivity; onResume
V/DBox    (  564): 161409 + Lcom/facebook/katana/FacebookListActivity; onResume
V/DBox    (  564): 161409 - Lcom/facebook/katana/FacebookListActivity; onResume
V/DBox    (  564): 161413 - Lcom/facebook/katana/EventsActivity; onResume
V/DBox    (  564): 161420 + Lcom/facebook/katana/service/FacebookService; onStart
V/DBox    (  564): 161440 - Lcom/facebook/katana/service/FacebookService; onStart
V/DBox    (  564): 162332 + Lcom/facebook/katana/EventsActivity; onPause
V/DBox    (  564): 162333 + Lcom/facebook/katana/FacebookListActivity; onPause
V/DBox    (  564): 162335 - Lcom/facebook/katana/FacebookListActivity; onPause
V/DBox    (  564): 162336 - Lcom/facebook/katana/EventsActivity; onPause
V/DBox    (  564): 162361 + Lcom/facebook/katana/HomeActivity; onResume
V/DBox    (  564): 162362 + Lcom/facebook/katana/FacebookListActivity; onResume
V/DBox    (  564): 162364 - Lcom/facebook/katana/FacebookListActivity; onResume
V/DBox    (  564): 162373 - Lcom/facebook/katana/HomeActivity; onResume
V/DBox    (  564): 163157 + Lcom/facebook/katana/HomeActivity; onClick android.widget.LinearLayout@43f16690
V/DBox    (  564): 163168 - Lcom/facebook/katana/HomeActivity; onClick
V/DBox    (  564): 163171 + Lcom/facebook/katana/HomeActivity; onPause
V/DBox    (  564): 163176 + Lcom/facebook/katana/FacebookListActivity; onPause
V/DBox    (  564): 163176 - Lcom/facebook/katana/FacebookListActivity; onPause
V/DBox    (  564): 163179 - Lcom/facebook/katana/HomeActivity; onPause
V/DBox    (  564): 163192 + Lcom/facebook/katana/MailboxTabHostActivity; onCreate
V/DBox    (  564): 163245 + Lcom/facebook/katana/MailboxThreadsActivity; onCreate
V/DBox    (  564): 163262 + Lcom/facebook/katana/MailboxThreadsActivity; onScroll android.widget.ListView@441eec40
V/DBox    (  564): 163265 - Lcom/facebook/katana/MailboxThreadsActivity; onScroll
V/DBox    (  564): 163265 - Lcom/facebook/katana/MailboxThreadsActivity; onCreate
V/DBox    (  564): 163272 - Lcom/facebook/katana/MailboxTabHostActivity; onCreate
V/DBox    (  564): 163272 + Lcom/facebook/katana/FacebookTabActivity; onResume
V/DBox    (  564): 163273 + Lcom/facebook/katana/MailboxThreadsActivity; onResume
V/DBox    (  564): 163274 + Lcom/facebook/katana/FacebookListActivity; onResume
V/DBox    (  564): 163274 - Lcom/facebook/katana/FacebookListActivity; onResume
V/DBox    (  564): 163280 - Lcom/facebook/katana/MailboxThreadsActivity; onResume
V/DBox    (  564): 163280 - Lcom/facebook/katana/FacebookTabActivity; onResume
V/DBox    (  564): 163387 + Lcom/facebook/katana/MailboxThreadsActivity; onScroll android.widget.ListView@441eec40
V/DBox    (  564): 163388 - Lcom/facebook/katana/MailboxThreadsActivity; onScroll
V/DBox    (  564): 163419 + Lcom/facebook/katana/service/FacebookService; onStart
V/DBox    (  564): 163431 - Lcom/facebook/katana/service/FacebookService; onStart
V/DBox    (  564): 163436 + Lcom/facebook/katana/MailboxThreadsActivity; onScroll android.widget.ListView@441eec40
V/DBox    (  564): 163437 - Lcom/facebook/katana/MailboxThreadsActivity; onScroll
V/DBox    (  564): 163471 + Lcom/facebook/katana/MailboxThreadsActivity; onScroll android.widget.ListView@441eec40
V/DBox    (  564): 163474 - Lcom/facebook/katana/MailboxThreadsActivity; onScroll
V/DBox    (  564): 163547 + Lcom/facebook/katana/MailboxThreadsActivity; onScroll android.widget.ListView@441eec40
V/DBox    (  564): 163556 - Lcom/facebook/katana/MailboxThreadsActivity; onScroll
V/DBox    (  564): 163648 + Lcom/facebook/katana/MailboxThreadsActivity; onScroll android.widget.ListView@441eec40
V/DBox    (  564): 163649 - Lcom/facebook/katana/MailboxThreadsActivity; onScroll
V/DBox    (  564): 164113 + Lcom/facebook/katana/FacebookTabActivity; onPause
V/DBox    (  564): 164114 + Lcom/facebook/katana/MailboxThreadsActivity; onPause
V/DBox    (  564): 164114 + Lcom/facebook/katana/FacebookListActivity; onPause
V/DBox    (  564): 164115 - Lcom/facebook/katana/FacebookListActivity; onPause
V/DBox    (  564): 164115 - Lcom/facebook/katana/MailboxThreadsActivity; onPause
V/DBox    (  564): 164116 - Lcom/facebook/katana/FacebookTabActivity; onPause
V/DBox    (  564): 164125 + Lcom/facebook/katana/HomeActivity; onResume
V/DBox    (  564): 164125 + Lcom/facebook/katana/FacebookListActivity; onResume
V/DBox    (  564): 164126 - Lcom/facebook/katana/FacebookListActivity; onResume
V/DBox    (  564): 164130 - Lcom/facebook/katana/HomeActivity; onResume
V/DBox    (  564): 164438 + Lcom/facebook/katana/MailboxThreadsActivity; onScroll android.widget.ListView@441eec40
V/DBox    (  564): 164439 - Lcom/facebook/katana/MailboxThreadsActivity; onScroll
V/DBox    (  564): 164441 + Lcom/facebook/katana/MailboxTabHostActivity; onDestroy
V/DBox    (  564): 164448 + Lcom/facebook/katana/MailboxThreadsActivity; onScroll android.widget.ListView@441eec40
V/DBox    (  564): 164449 - Lcom/facebook/katana/MailboxThreadsActivity; onScroll
V/DBox    (  564): 164454 - Lcom/facebook/katana/MailboxTabHostActivity; onDestroy
V/DBox    (  564): 164883 + Lcom/facebook/katana/HomeActivity; onClick android.widget.LinearLayout@43f11940
V/DBox    (  564): 164892 - Lcom/facebook/katana/HomeActivity; onClick
V/DBox    (  564): 164896 + Lcom/facebook/katana/HomeActivity; onPause
V/DBox    (  564): 164897 + Lcom/facebook/katana/FacebookListActivity; onPause
V/DBox    (  564): 164898 - Lcom/facebook/katana/FacebookListActivity; onPause
V/DBox    (  564): 164900 - Lcom/facebook/katana/HomeActivity; onPause
V/DBox    (  564): 164916 + Lcom/facebook/katana/RequestsActivity; onCreate
V/DBox    (  564): 164929 - Lcom/facebook/katana/RequestsActivity; onCreate
V/DBox    (  564): 164930 + Lcom/facebook/katana/FacebookListActivity; onResume
V/DBox    (  564): 164931 - Lcom/facebook/katana/FacebookListActivity; onResume
V/DBox    (  564): 164935 + Lcom/facebook/katana/service/FacebookService; onStart
V/DBox    (  564): 164943 - Lcom/facebook/katana/service/FacebookService; onStart
V/DBox    (  564): 165433 + Lcom/facebook/katana/service/FacebookService; onStart
V/DBox    (  564): 165453 - Lcom/facebook/katana/service/FacebookService; onStart
V/DBox    (  564): 165480 + Lcom/facebook/katana/service/FacebookService; onStart
V/DBox    (  564): 165484 - Lcom/facebook/katana/service/FacebookService; onStart
V/DBox    (  564): 166354 + Lcom/facebook/katana/FacebookListActivity; onPause
V/DBox    (  564): 166355 - Lcom/facebook/katana/FacebookListActivity; onPause
V/DBox    (  564): 166379 + Lcom/facebook/katana/HomeActivity; onResume
V/DBox    (  564): 166380 + Lcom/facebook/katana/FacebookListActivity; onResume
V/DBox    (  564): 166382 - Lcom/facebook/katana/FacebookListActivity; onResume
V/DBox    (  564): 166401 - Lcom/facebook/katana/HomeActivity; onResume
V/DBox    (  564): 166454 + Lcom/facebook/katana/service/FacebookService; onStart
V/DBox    (  564): 166458 - Lcom/facebook/katana/service/FacebookService; onStart
V/DBox    (  564): 166459 + Lcom/facebook/katana/service/FacebookService; onStart
V/DBox    (  564): 166469 - Lcom/facebook/katana/service/FacebookService; onStart
V/DBox    (  564): 166728 + Lcom/facebook/katana/RequestsActivity; onDestroy
V/DBox    (  564): 166730 + Lcom/facebook/katana/RequestsAdapter; onDestroy
V/DBox    (  564): 166731 - Lcom/facebook/katana/RequestsAdapter; onDestroy
V/DBox    (  564): 166731 - Lcom/facebook/katana/RequestsActivity; onDestroy
V/DBox    (  564): 170784 + Lcom/facebook/katana/HomeActivity; onPause
V/DBox    (  564): 170785 + Lcom/facebook/katana/FacebookListActivity; onPause
V/DBox    (  564): 170921 - Lcom/facebook/katana/FacebookListActivity; onPause
V/DBox    (  564): 170922 - Lcom/facebook/katana/HomeActivity; onPause
