* daemon not running. starting it now on port 5037 *
* daemon started successfully *
--------- beginning of /dev/log/system
--------- beginning of /dev/log/main
V/DBox    (  648): 596158 + Lcom/facebook/katana/provider/LoggingProvider; onCreate
V/DBox    (  648): 596190 - Lcom/facebook/katana/provider/LoggingProvider; onCreate
V/DBox    (  648): 596195 + Lcom/facebook/katana/provider/NotificationsProvider; onCreate
V/DBox    (  648): 596195 - Lcom/facebook/katana/provider/NotificationsProvider; onCreate
V/DBox    (  648): 596197 + Lcom/facebook/katana/provider/KeyValueProvider; onCreate
V/DBox    (  648): 596198 - Lcom/facebook/katana/provider/KeyValueProvider; onCreate
V/DBox    (  648): 596199 + Lcom/facebook/katana/provider/UserValuesProvider; onCreate
V/DBox    (  648): 596199 - Lcom/facebook/katana/provider/UserValuesProvider; onCreate
V/DBox    (  648): 596207 + Lcom/facebook/katana/provider/FriendsProvider; onCreate
V/DBox    (  648): 596207 - Lcom/facebook/katana/provider/FriendsProvider; onCreate
V/DBox    (  648): 596214 + Lcom/facebook/katana/provider/MailboxProvider; onCreate
V/DBox    (  648): 596214 - Lcom/facebook/katana/provider/MailboxProvider; onCreate
V/DBox    (  648): 596216 + Lcom/facebook/katana/provider/UserStatusesProvider; onCreate
V/DBox    (  648): 596216 - Lcom/facebook/katana/provider/UserStatusesProvider; onCreate
V/DBox    (  648): 596224 + Lcom/facebook/katana/provider/PhotosProvider; onCreate
V/DBox    (  648): 596225 - Lcom/facebook/katana/provider/PhotosProvider; onCreate
V/DBox    (  648): 596228 + Lcom/facebook/katana/provider/EventsProvider; onCreate
V/DBox    (  648): 596229 - Lcom/facebook/katana/provider/EventsProvider; onCreate
V/DBox    (  648): 596246 + Lcom/facebook/katana/LoginActivity; onCreate
V/DBox    (  648): 596691 < Lcom/facebook/katana/binding/AppSession; releaseWakeLock
V/DBox    (  648): 596702 - Lcom/facebook/katana/LoginActivity; onCreate
V/DBox    (  648): 596710 + Lcom/facebook/katana/HomeActivity; onCreate
V/DBox    (  648): 596820 - Lcom/facebook/katana/HomeActivity; onCreate
V/DBox    (  648): 596821 + Lcom/facebook/katana/HomeActivity; onResume
V/DBox    (  648): 596821 + Lcom/facebook/katana/FacebookListActivity; onResume
V/DBox    (  648): 596827 - Lcom/facebook/katana/FacebookListActivity; onResume
V/DBox    (  648): 596837 - Lcom/facebook/katana/HomeActivity; onResume
V/DBox    (  648): 596845 + Lcom/facebook/katana/service/FacebookService; onCreate
V/DBox    (  648): 596845 - Lcom/facebook/katana/service/FacebookService; onCreate
V/DBox    (  648): 596846 + Lcom/facebook/katana/service/FacebookService; onStart
V/DBox    (  648): 596864 - Lcom/facebook/katana/service/FacebookService; onStart
V/DBox    (  648): 596881 + Lcom/facebook/katana/service/FacebookService; onStart
V/DBox    (  648): 596907 - Lcom/facebook/katana/service/FacebookService; onStart
V/DBox    (  648): 596907 + Lcom/facebook/katana/service/FacebookService; onStart
V/DBox    (  648): 596921 - Lcom/facebook/katana/service/FacebookService; onStart
V/DBox    (  648): 596925 + Lcom/facebook/katana/service/FacebookService; onStart
V/DBox    (  648): 596944 - Lcom/facebook/katana/service/FacebookService; onStart
V/DBox    (  648): 597184 + Lcom/facebook/katana/LoginActivity; onDestroy
V/DBox    (  648): 597184 - Lcom/facebook/katana/LoginActivity; onDestroy
V/DBox    (  648): 597674 + Lcom/facebook/katana/service/FacebookService; onStart
V/DBox    (  648): 597682 > Lcom/facebook/katana/binding/AppSession; acquireWakeLock
V/DBox    (  648): 597682 - Lcom/facebook/katana/service/FacebookService; onStart
V/DBox    (  648): 597683 + Lcom/facebook/katana/service/FacebookService; onStart
V/DBox    (  648): 597693 - Lcom/facebook/katana/service/FacebookService; onStart
V/DBox    (  648): 598376 + Lcom/facebook/katana/service/FacebookService; onStart
V/DBox    (  648): 598387 - Lcom/facebook/katana/service/FacebookService; onStart
V/DBox    (  648): 598389 + Lcom/facebook/katana/service/FacebookService; onStart
V/DBox    (  648): 598393 - Lcom/facebook/katana/service/FacebookService; onStart
V/DBox    (  648): 598395 + Lcom/facebook/katana/service/FacebookService; onStart
V/DBox    (  648): 598396 - Lcom/facebook/katana/service/FacebookService; onStart
V/DBox    (  648): 598397 + Lcom/facebook/katana/service/FacebookService; onStart
V/DBox    (  648): 598399 - Lcom/facebook/katana/service/FacebookService; onStart
V/DBox    (  648): 599419 + Lcom/facebook/katana/service/FacebookService; onStart
V/DBox    (  648): 599420 > Lcom/facebook/katana/binding/AppSession; acquireWakeLock
V/DBox    (  648): 599422 - Lcom/facebook/katana/service/FacebookService; onStart
V/DBox    (  648): 599423 + Lcom/facebook/katana/service/FacebookService; onStart
V/DBox    (  648): 599435 - Lcom/facebook/katana/service/FacebookService; onStart
V/DBox    (  648): 599780 + Lcom/facebook/katana/service/FacebookService; onStart
V/DBox    (  648): 599804 - Lcom/facebook/katana/service/FacebookService; onStart
V/DBox    (  648): 600878 + Lcom/facebook/katana/service/FacebookService; onStart
V/DBox    (  648): 600927 - Lcom/facebook/katana/service/FacebookService; onStart
V/DBox    (  648): 600929 + Lcom/facebook/katana/service/FacebookService; onStart
V/DBox    (  648): 600930 - Lcom/facebook/katana/service/FacebookService; onStart
V/DBox    (  648): 600932 + Lcom/facebook/katana/service/FacebookService; onStart
V/DBox    (  648): 600934 - Lcom/facebook/katana/service/FacebookService; onStart
V/DBox    (  648): 600935 + Lcom/facebook/katana/service/FacebookService; onStart
V/DBox    (  648): 600937 - Lcom/facebook/katana/service/FacebookService; onStart
V/DBox    (  648): 600938 + Lcom/facebook/katana/HomeActivity$ReelListener; onItemSelected android.widget.Gallery@43f15ce0
V/DBox    (  648): 600939 - Lcom/facebook/katana/HomeActivity$ReelListener; onItemSelected
V/DBox    (  648): 601671 + Lcom/facebook/katana/service/FacebookService; onStart
V/DBox    (  648): 601745 - Lcom/facebook/katana/service/FacebookService; onStart
V/DBox    (  648): 601983 + Lcom/facebook/katana/service/FacebookService; onStart
V/DBox    (  648): 602002 - Lcom/facebook/katana/service/FacebookService; onStart
V/DBox    (  648): 602413 + Lcom/facebook/katana/service/FacebookService; onStart
V/DBox    (  648): 602432 - Lcom/facebook/katana/service/FacebookService; onStart
V/DBox    (  648): 602834 + Lcom/facebook/katana/service/FacebookService; onStart
V/DBox    (  648): 602858 - Lcom/facebook/katana/service/FacebookService; onStart
V/DBox    (  648): 603145 + Lcom/facebook/katana/service/FacebookService; onStart
V/DBox    (  648): 603211 - Lcom/facebook/katana/service/FacebookService; onStart
V/DBox    (  648): 603601 + Lcom/facebook/katana/service/FacebookService; onStart
V/DBox    (  648): 603620 - Lcom/facebook/katana/service/FacebookService; onStart
V/DBox    (  648): 603826 + Lcom/facebook/katana/service/FacebookService; onStart
V/DBox    (  648): 603867 - Lcom/facebook/katana/service/FacebookService; onStart
V/DBox    (  648): 604136 + Lcom/facebook/katana/service/FacebookService; onStart
V/DBox    (  648): 604171 - Lcom/facebook/katana/service/FacebookService; onStart
V/DBox    (  648): 604415 + Lcom/facebook/katana/service/FacebookService; onStart
V/DBox    (  648): 604472 - Lcom/facebook/katana/service/FacebookService; onStart
V/DBox    (  648): 604743 + Lcom/facebook/katana/service/FacebookService; onStart
V/DBox    (  648): 604772 - Lcom/facebook/katana/service/FacebookService; onStart
V/DBox    (  648): 605164 + Lcom/facebook/katana/service/FacebookService; onStart
V/DBox    (  648): 605182 - Lcom/facebook/katana/service/FacebookService; onStart
V/DBox    (  648): 605367 + Lcom/facebook/katana/service/FacebookService; onStart
V/DBox    (  648): 605409 - Lcom/facebook/katana/service/FacebookService; onStart
V/DBox    (  648): 605626 + Lcom/facebook/katana/service/FacebookService; onStart
V/DBox    (  648): 605649 - Lcom/facebook/katana/service/FacebookService; onStart
V/DBox    (  648): 605765 + Lcom/facebook/katana/HomeActivity; onClick android.widget.LinearLayout@43ed2280
V/DBox    (  648): 605775 - Lcom/facebook/katana/HomeActivity; onClick
V/DBox    (  648): 605778 + Lcom/facebook/katana/HomeActivity; onPause
V/DBox    (  648): 605779 + Lcom/facebook/katana/FacebookListActivity; onPause
V/DBox    (  648): 605779 - Lcom/facebook/katana/FacebookListActivity; onPause
V/DBox    (  648): 605780 - Lcom/facebook/katana/HomeActivity; onPause
V/DBox    (  648): 605790 + Lcom/facebook/katana/StreamActivity; onCreate
V/DBox    (  648): 605877 - Lcom/facebook/katana/StreamActivity; onCreate
V/DBox    (  648): 605878 + Lcom/facebook/katana/StreamActivity; onResume
V/DBox    (  648): 605878 + Lcom/facebook/katana/FacebookListActivity; onResume
V/DBox    (  648): 605878 - Lcom/facebook/katana/FacebookListActivity; onResume
V/DBox    (  648): 605886 - Lcom/facebook/katana/StreamActivity; onResume
V/DBox    (  648): 606093 + Lcom/facebook/katana/service/FacebookService; onStart
V/DBox    (  648): 606110 - Lcom/facebook/katana/service/FacebookService; onStart
V/DBox    (  648): 606112 + Lcom/facebook/katana/service/FacebookService; onStart
V/DBox    (  648): 606112 - Lcom/facebook/katana/service/FacebookService; onStart
V/DBox    (  648): 609330 + Lcom/facebook/katana/StreamActivity; onPause
V/DBox    (  648): 609332 + Lcom/facebook/katana/FacebookListActivity; onPause
V/DBox    (  648): 609334 - Lcom/facebook/katana/FacebookListActivity; onPause
V/DBox    (  648): 609359 - Lcom/facebook/katana/StreamActivity; onPause
V/DBox    (  648): 609368 + Lcom/facebook/katana/HomeActivity; onResume
V/DBox    (  648): 609369 + Lcom/facebook/katana/FacebookListActivity; onResume
V/DBox    (  648): 609369 - Lcom/facebook/katana/FacebookListActivity; onResume
V/DBox    (  648): 609378 - Lcom/facebook/katana/HomeActivity; onResume
V/DBox    (  648): 609397 + Lcom/facebook/katana/service/FacebookService; onStart
V/DBox    (  648): 609405 - Lcom/facebook/katana/service/FacebookService; onStart
V/DBox    (  648): 609406 + Lcom/facebook/katana/service/FacebookService; onStart
V/DBox    (  648): 609417 - Lcom/facebook/katana/service/FacebookService; onStart
V/DBox    (  648): 609683 + Lcom/facebook/katana/StreamActivity; onStop
V/DBox    (  648): 609687 - Lcom/facebook/katana/StreamActivity; onStop
V/DBox    (  648): 609687 + Lcom/facebook/katana/StreamActivity; onDestroy
V/DBox    (  648): 609689 - Lcom/facebook/katana/StreamActivity; onDestroy
V/DBox    (  648): 611447 + Lcom/facebook/katana/HomeActivity; onClick android.widget.LinearLayout@43f482e0
V/DBox    (  648): 611472 - Lcom/facebook/katana/HomeActivity; onClick
V/DBox    (  648): 611474 + Lcom/facebook/katana/HomeActivity; onPause
V/DBox    (  648): 611478 + Lcom/facebook/katana/FacebookListActivity; onPause
V/DBox    (  648): 611478 - Lcom/facebook/katana/FacebookListActivity; onPause
V/DBox    (  648): 611479 - Lcom/facebook/katana/HomeActivity; onPause
V/DBox    (  648): 611497 + Lcom/facebook/katana/ProfileTabHostActivity; onCreate
V/DBox    (  648): 611601 + Lcom/facebook/katana/StreamActivity; onCreate
V/DBox    (  648): 611637 - Lcom/facebook/katana/StreamActivity; onCreate
V/DBox    (  648): 611649 - Lcom/facebook/katana/ProfileTabHostActivity; onCreate
V/DBox    (  648): 611650 + Lcom/facebook/katana/ProfileTabHostActivity; onResume
V/DBox    (  648): 611651 + Lcom/facebook/katana/FacebookTabActivity; onResume
V/DBox    (  648): 611652 + Lcom/facebook/katana/StreamActivity; onResume
V/DBox    (  648): 611653 + Lcom/facebook/katana/FacebookListActivity; onResume
V/DBox    (  648): 611653 - Lcom/facebook/katana/FacebookListActivity; onResume
V/DBox    (  648): 611660 - Lcom/facebook/katana/StreamActivity; onResume
V/DBox    (  648): 611661 - Lcom/facebook/katana/FacebookTabActivity; onResume
V/DBox    (  648): 611666 - Lcom/facebook/katana/ProfileTabHostActivity; onResume
V/DBox    (  648): 611675 + Lcom/facebook/katana/service/FacebookService; onStart
V/DBox    (  648): 611705 - Lcom/facebook/katana/service/FacebookService; onStart
V/DBox    (  648): 611779 + Lcom/facebook/katana/service/FacebookService; onStart
V/DBox    (  648): 611785 - Lcom/facebook/katana/service/FacebookService; onStart
V/DBox    (  648): 615282 + Lcom/facebook/katana/MyTabWidget$TabClickListener; onClick android.widget.LinearLayout@440a75c0
V/DBox    (  648): 615299 + Lcom/facebook/katana/StreamActivity; onPause
V/DBox    (  648): 615300 + Lcom/facebook/katana/FacebookListActivity; onPause
V/DBox    (  648): 615301 - Lcom/facebook/katana/FacebookListActivity; onPause
V/DBox    (  648): 615303 - Lcom/facebook/katana/StreamActivity; onPause
V/DBox    (  648): 615306 + Lcom/facebook/katana/UserInfoActivity; onCreate
V/DBox    (  648): 615336 - Lcom/facebook/katana/UserInfoActivity; onCreate
V/DBox    (  648): 615337 + Lcom/facebook/katana/UserInfoActivity; onResume
V/DBox    (  648): 615337 + Lcom/facebook/katana/FacebookListActivity; onResume
V/DBox    (  648): 615338 - Lcom/facebook/katana/FacebookListActivity; onResume
V/DBox    (  648): 615340 - Lcom/facebook/katana/UserInfoActivity; onResume
V/DBox    (  648): 615342 - Lcom/facebook/katana/MyTabWidget$TabClickListener; onClick
V/DBox    (  648): 615367 + Lcom/facebook/katana/service/FacebookService; onStart
V/DBox    (  648): 615388 - Lcom/facebook/katana/service/FacebookService; onStart
V/DBox    (  648): 617771 + Lcom/facebook/katana/MyTabWidget$TabClickListener; onClick android.widget.LinearLayout@44069158
V/DBox    (  648): 617779 + Lcom/facebook/katana/UserInfoActivity; onPause
V/DBox    (  648): 617780 + Lcom/facebook/katana/FacebookListActivity; onPause
V/DBox    (  648): 617782 - Lcom/facebook/katana/FacebookListActivity; onPause
V/DBox    (  648): 617784 - Lcom/facebook/katana/UserInfoActivity; onPause
V/DBox    (  648): 617787 + Lcom/facebook/katana/AlbumsActivity; onCreate
V/DBox    (  648): 617834 - Lcom/facebook/katana/AlbumsActivity; onCreate
V/DBox    (  648): 617834 + Lcom/facebook/katana/AlbumsActivity; onResume
V/DBox    (  648): 617835 + Lcom/facebook/katana/FacebookListActivity; onResume
V/DBox    (  648): 617835 - Lcom/facebook/katana/FacebookListActivity; onResume
V/DBox    (  648): 617837 - Lcom/facebook/katana/AlbumsActivity; onResume
V/DBox    (  648): 617839 - Lcom/facebook/katana/MyTabWidget$TabClickListener; onClick
V/DBox    (  648): 617874 + Lcom/facebook/katana/service/FacebookService; onStart
V/DBox    (  648): 617885 - Lcom/facebook/katana/service/FacebookService; onStart
V/DBox    (  648): 621418 + Lcom/facebook/katana/MyTabWidget$TabClickListener; onClick android.widget.LinearLayout@44058270
V/DBox    (  648): 621424 + Lcom/facebook/katana/AlbumsActivity; onSaveInstanceState
V/DBox    (  648): 621427 - Lcom/facebook/katana/AlbumsActivity; onSaveInstanceState
V/DBox    (  648): 621429 + Lcom/facebook/katana/AlbumsActivity; onPause
V/DBox    (  648): 621431 + Lcom/facebook/katana/FacebookListActivity; onPause
V/DBox    (  648): 621433 - Lcom/facebook/katana/FacebookListActivity; onPause
V/DBox    (  648): 621435 - Lcom/facebook/katana/AlbumsActivity; onPause
V/DBox    (  648): 621438 + Lcom/facebook/katana/StreamActivity; onResume
V/DBox    (  648): 621440 + Lcom/facebook/katana/FacebookListActivity; onResume
V/DBox    (  648): 621443 - Lcom/facebook/katana/FacebookListActivity; onResume
V/DBox    (  648): 621445 - Lcom/facebook/katana/StreamActivity; onResume
V/DBox    (  648): 621449 - Lcom/facebook/katana/MyTabWidget$TabClickListener; onClick
V/DBox    (  648): 624542 + Lcom/facebook/katana/ProfileTabHostActivity; onPause
V/DBox    (  648): 624542 + Lcom/facebook/katana/FacebookTabActivity; onPause
V/DBox    (  648): 624544 + Lcom/facebook/katana/StreamActivity; onPause
V/DBox    (  648): 624561 + Lcom/facebook/katana/FacebookListActivity; onPause
V/DBox    (  648): 624561 - Lcom/facebook/katana/FacebookListActivity; onPause
V/DBox    (  648): 624562 - Lcom/facebook/katana/StreamActivity; onPause
V/DBox    (  648): 624562 - Lcom/facebook/katana/FacebookTabActivity; onPause
V/DBox    (  648): 624563 - Lcom/facebook/katana/ProfileTabHostActivity; onPause
V/DBox    (  648): 624574 + Lcom/facebook/katana/HomeActivity; onResume
V/DBox    (  648): 624574 + Lcom/facebook/katana/FacebookListActivity; onResume
V/DBox    (  648): 624575 - Lcom/facebook/katana/FacebookListActivity; onResume
V/DBox    (  648): 624586 - Lcom/facebook/katana/HomeActivity; onResume
V/DBox    (  648): 624607 + Lcom/facebook/katana/service/FacebookService; onStart
V/DBox    (  648): 624712 - Lcom/facebook/katana/service/FacebookService; onStart
V/DBox    (  648): 624713 + Lcom/facebook/katana/service/FacebookService; onStart
V/DBox    (  648): 624722 - Lcom/facebook/katana/service/FacebookService; onStart
V/DBox    (  648): 624963 + Lcom/facebook/katana/StreamActivity; onStop
V/DBox    (  648): 624964 - Lcom/facebook/katana/StreamActivity; onStop
V/DBox    (  648): 624968 + Lcom/facebook/katana/ProfileTabHostActivity; onDestroy
V/DBox    (  648): 624969 + Lcom/facebook/katana/StreamActivity; onDestroy
V/DBox    (  648): 624969 - Lcom/facebook/katana/StreamActivity; onDestroy
V/DBox    (  648): 624970 - Lcom/facebook/katana/ProfileTabHostActivity; onDestroy
V/DBox    (  648): 627997 + Lcom/facebook/katana/HomeActivity; onClick android.widget.LinearLayout@43f36d00
V/DBox    (  648): 628005 - Lcom/facebook/katana/HomeActivity; onClick
V/DBox    (  648): 628007 + Lcom/facebook/katana/HomeActivity; onPause
V/DBox    (  648): 628007 + Lcom/facebook/katana/FacebookListActivity; onPause
V/DBox    (  648): 628008 - Lcom/facebook/katana/FacebookListActivity; onPause
V/DBox    (  648): 628008 - Lcom/facebook/katana/HomeActivity; onPause
V/DBox    (  648): 628036 + Lcom/facebook/katana/UsersTabHostActivity; onCreate
V/DBox    (  648): 628156 + Lcom/facebook/katana/FriendsActivity; onCreate
V/DBox    (  648): 628177 - Lcom/facebook/katana/FriendsActivity; onCreate
V/DBox    (  648): 628186 - Lcom/facebook/katana/UsersTabHostActivity; onCreate
V/DBox    (  648): 628187 + Lcom/facebook/katana/FacebookTabActivity; onResume
V/DBox    (  648): 628187 + Lcom/facebook/katana/FriendsActivity; onResume
V/DBox    (  648): 628191 - Lcom/facebook/katana/FriendsActivity; onResume
V/DBox    (  648): 628192 - Lcom/facebook/katana/FacebookTabActivity; onResume
V/DBox    (  648): 636609 + Lcom/facebook/katana/MyTabWidget$TabClickListener; onClick android.widget.LinearLayout@43fa5dd8
V/DBox    (  648): 636612 + Lcom/facebook/katana/FriendsActivity; onPause
V/DBox    (  648): 636615 - Lcom/facebook/katana/FriendsActivity; onPause
V/DBox    (  648): 636616 + Lcom/facebook/katana/UserSearchResultsActivity; onCreate
V/DBox    (  648): 636639 + Lcom/facebook/katana/UserSearchResultsActivity; onScroll android.widget.ListView@44048990
V/DBox    (  648): 636640 - Lcom/facebook/katana/UserSearchResultsActivity; onScroll
V/DBox    (  648): 636642 - Lcom/facebook/katana/UserSearchResultsActivity; onCreate
V/DBox    (  648): 636643 + Lcom/facebook/katana/UserSearchResultsActivity; onResume
V/DBox    (  648): 636646 - Lcom/facebook/katana/UserSearchResultsActivity; onResume
V/DBox    (  648): 636660 - Lcom/facebook/katana/MyTabWidget$TabClickListener; onClick
V/DBox    (  648): 636701 + Lcom/facebook/katana/UserSearchResultsActivity; onScroll android.widget.ListView@44048990
V/DBox    (  648): 636702 - Lcom/facebook/katana/UserSearchResultsActivity; onScroll
V/DBox    (  648): 637906 + Lcom/facebook/katana/FacebookTabActivity; onPause
V/DBox    (  648): 637909 + Lcom/facebook/katana/UserSearchResultsActivity; onPause
V/DBox    (  648): 637913 - Lcom/facebook/katana/UserSearchResultsActivity; onPause
V/DBox    (  648): 637918 - Lcom/facebook/katana/FacebookTabActivity; onPause
V/DBox    (  648): 637938 + Lcom/facebook/katana/HomeActivity; onResume
V/DBox    (  648): 637938 + Lcom/facebook/katana/FacebookListActivity; onResume
V/DBox    (  648): 637939 - Lcom/facebook/katana/FacebookListActivity; onResume
V/DBox    (  648): 637948 - Lcom/facebook/katana/HomeActivity; onResume
V/DBox    (  648): 637959 + Lcom/facebook/katana/service/FacebookService; onStart
V/DBox    (  648): 637967 - Lcom/facebook/katana/service/FacebookService; onStart
V/DBox    (  648): 637968 + Lcom/facebook/katana/service/FacebookService; onStart
V/DBox    (  648): 637981 - Lcom/facebook/katana/service/FacebookService; onStart
V/DBox    (  648): 638288 + Lcom/facebook/katana/UserSearchResultsActivity; onScroll android.widget.ListView@44048990
V/DBox    (  648): 638288 - Lcom/facebook/katana/UserSearchResultsActivity; onScroll
V/DBox    (  648): 638289 + Lcom/facebook/katana/UsersTabHostActivity; onDestroy
V/DBox    (  648): 638291 + Lcom/facebook/katana/UserSearchResultsActivity; onScroll android.widget.ListView@44048990
V/DBox    (  648): 638291 - Lcom/facebook/katana/UserSearchResultsActivity; onScroll
V/DBox    (  648): 638292 - Lcom/facebook/katana/UsersTabHostActivity; onDestroy
V/DBox    (  648): 641319 + Lcom/facebook/katana/HomeActivity; onClick android.widget.LinearLayout@43f336e0
V/DBox    (  648): 641331 - Lcom/facebook/katana/HomeActivity; onClick
V/DBox    (  648): 641334 + Lcom/facebook/katana/HomeActivity; onPause
V/DBox    (  648): 641335 + Lcom/facebook/katana/FacebookListActivity; onPause
V/DBox    (  648): 641337 - Lcom/facebook/katana/FacebookListActivity; onPause
V/DBox    (  648): 641338 - Lcom/facebook/katana/HomeActivity; onPause
V/DBox    (  648): 641362 + Lcom/facebook/katana/EventsActivity; onCreate
V/DBox    (  648): 641383 - Lcom/facebook/katana/EventsActivity; onCreate
V/DBox    (  648): 641383 + Lcom/facebook/katana/EventsActivity; onResume
V/DBox    (  648): 641384 + Lcom/facebook/katana/FacebookListActivity; onResume
V/DBox    (  648): 641384 - Lcom/facebook/katana/FacebookListActivity; onResume
V/DBox    (  648): 641388 - Lcom/facebook/katana/EventsActivity; onResume
V/DBox    (  648): 641393 + Lcom/facebook/katana/service/FacebookService; onStart
V/DBox    (  648): 641409 - Lcom/facebook/katana/service/FacebookService; onStart
V/DBox    (  648): 643480 + Lcom/facebook/katana/EventsActivity; onPause
V/DBox    (  648): 643483 + Lcom/facebook/katana/FacebookListActivity; onPause
V/DBox    (  648): 643485 - Lcom/facebook/katana/FacebookListActivity; onPause
V/DBox    (  648): 643486 - Lcom/facebook/katana/EventsActivity; onPause
V/DBox    (  648): 643547 + Lcom/facebook/katana/HomeActivity; onResume
V/DBox    (  648): 643549 + Lcom/facebook/katana/FacebookListActivity; onResume
V/DBox    (  648): 643549 - Lcom/facebook/katana/FacebookListActivity; onResume
V/DBox    (  648): 643566 - Lcom/facebook/katana/HomeActivity; onResume
V/DBox    (  648): 643583 + Lcom/facebook/katana/service/FacebookService; onStart
V/DBox    (  648): 643598 - Lcom/facebook/katana/service/FacebookService; onStart
V/DBox    (  648): 643599 + Lcom/facebook/katana/service/FacebookService; onStart
V/DBox    (  648): 643619 - Lcom/facebook/katana/service/FacebookService; onStart
V/DBox    (  648): 645829 + Lcom/facebook/katana/HomeActivity; onClick android.widget.LinearLayout@43f482e0
V/DBox    (  648): 645842 - Lcom/facebook/katana/HomeActivity; onClick
V/DBox    (  648): 645846 + Lcom/facebook/katana/HomeActivity; onPause
V/DBox    (  648): 645848 + Lcom/facebook/katana/FacebookListActivity; onPause
V/DBox    (  648): 645849 - Lcom/facebook/katana/FacebookListActivity; onPause
V/DBox    (  648): 645852 - Lcom/facebook/katana/HomeActivity; onPause
V/DBox    (  648): 645869 + Lcom/facebook/katana/ProfileTabHostActivity; onCreate
V/DBox    (  648): 645906 + Lcom/facebook/katana/StreamActivity; onCreate
V/DBox    (  648): 645929 - Lcom/facebook/katana/StreamActivity; onCreate
V/DBox    (  648): 645936 - Lcom/facebook/katana/ProfileTabHostActivity; onCreate
V/DBox    (  648): 645937 + Lcom/facebook/katana/ProfileTabHostActivity; onResume
V/DBox    (  648): 645938 + Lcom/facebook/katana/FacebookTabActivity; onResume
V/DBox    (  648): 645938 + Lcom/facebook/katana/StreamActivity; onResume
V/DBox    (  648): 645939 + Lcom/facebook/katana/FacebookListActivity; onResume
V/DBox    (  648): 645939 - Lcom/facebook/katana/FacebookListActivity; onResume
V/DBox    (  648): 645943 - Lcom/facebook/katana/StreamActivity; onResume
V/DBox    (  648): 645944 - Lcom/facebook/katana/FacebookTabActivity; onResume
V/DBox    (  648): 645945 - Lcom/facebook/katana/ProfileTabHostActivity; onResume
V/DBox    (  648): 647221 + Lcom/facebook/katana/ProfileTabHostActivity; onPause
V/DBox    (  648): 647223 + Lcom/facebook/katana/FacebookTabActivity; onPause
V/DBox    (  648): 647223 + Lcom/facebook/katana/StreamActivity; onPause
V/DBox    (  648): 647224 + Lcom/facebook/katana/FacebookListActivity; onPause
V/DBox    (  648): 647224 - Lcom/facebook/katana/FacebookListActivity; onPause
V/DBox    (  648): 647225 - Lcom/facebook/katana/StreamActivity; onPause
V/DBox    (  648): 647225 - Lcom/facebook/katana/FacebookTabActivity; onPause
V/DBox    (  648): 647226 - Lcom/facebook/katana/ProfileTabHostActivity; onPause
V/DBox    (  648): 647245 + Lcom/facebook/katana/UsersTabHostActivity; onCreate
V/DBox    (  648): 647266 + Lcom/facebook/katana/FriendsActivity; onCreate
V/DBox    (  648): 647279 - Lcom/facebook/katana/FriendsActivity; onCreate
V/DBox    (  648): 647286 + Lcom/facebook/katana/UserSearchResultsActivity; onCreate
V/DBox    (  648): 647296 + Lcom/facebook/katana/UserSearchResultsActivity; onScroll android.widget.ListView@44087cc0
V/DBox    (  648): 647297 - Lcom/facebook/katana/UserSearchResultsActivity; onScroll
V/DBox    (  648): 647298 - Lcom/facebook/katana/UserSearchResultsActivity; onCreate
V/DBox    (  648): 647302 - Lcom/facebook/katana/UsersTabHostActivity; onCreate
V/DBox    (  648): 647303 + Lcom/facebook/katana/FacebookTabActivity; onResume
V/DBox    (  648): 647304 + Lcom/facebook/katana/UserSearchResultsActivity; onResume
V/DBox    (  648): 647305 - Lcom/facebook/katana/UserSearchResultsActivity; onResume
V/DBox    (  648): 647308 - Lcom/facebook/katana/FacebookTabActivity; onResume
V/DBox    (  648): 647324 + Lcom/facebook/katana/UserSearchResultsActivity; onScroll android.widget.ListView@44087cc0
V/DBox    (  648): 647325 - Lcom/facebook/katana/UserSearchResultsActivity; onScroll
V/DBox    (  648): 647569 + Lcom/facebook/katana/StreamActivity; onStop
V/DBox    (  648): 647571 - Lcom/facebook/katana/StreamActivity; onStop
V/DBox    (  648): 651556 + Lcom/facebook/katana/FacebookTabActivity; onPause
V/DBox    (  648): 651559 + Lcom/facebook/katana/UserSearchResultsActivity; onPause
V/DBox    (  648): 651564 - Lcom/facebook/katana/UserSearchResultsActivity; onPause
V/DBox    (  648): 651565 - Lcom/facebook/katana/FacebookTabActivity; onPause
V/DBox    (  648): 651600 + Lcom/facebook/katana/ProfileTabHostActivity; onResume
V/DBox    (  648): 651601 + Lcom/facebook/katana/FacebookTabActivity; onResume
V/DBox    (  648): 651601 + Lcom/facebook/katana/StreamActivity; onResume
V/DBox    (  648): 651601 + Lcom/facebook/katana/FacebookListActivity; onResume
V/DBox    (  648): 651602 - Lcom/facebook/katana/FacebookListActivity; onResume
V/DBox    (  648): 651604 - Lcom/facebook/katana/StreamActivity; onResume
V/DBox    (  648): 651605 - Lcom/facebook/katana/FacebookTabActivity; onResume
V/DBox    (  648): 651605 - Lcom/facebook/katana/ProfileTabHostActivity; onResume
V/DBox    (  648): 651876 + Lcom/facebook/katana/UserSearchResultsActivity; onScroll android.widget.ListView@44087cc0
V/DBox    (  648): 651879 - Lcom/facebook/katana/UserSearchResultsActivity; onScroll
V/DBox    (  648): 651881 + Lcom/facebook/katana/UsersTabHostActivity; onDestroy
V/DBox    (  648): 651883 + Lcom/facebook/katana/UserSearchResultsActivity; onScroll android.widget.ListView@44087cc0
V/DBox    (  648): 651884 - Lcom/facebook/katana/UserSearchResultsActivity; onScroll
V/DBox    (  648): 651887 - Lcom/facebook/katana/UsersTabHostActivity; onDestroy
V/DBox    (  648): 653389 + Lcom/facebook/katana/ProfileTabHostActivity; onPause
V/DBox    (  648): 653391 + Lcom/facebook/katana/FacebookTabActivity; onPause
V/DBox    (  648): 653392 + Lcom/facebook/katana/StreamActivity; onPause
V/DBox    (  648): 653394 + Lcom/facebook/katana/FacebookListActivity; onPause
V/DBox    (  648): 653396 - Lcom/facebook/katana/FacebookListActivity; onPause
V/DBox    (  648): 653397 - Lcom/facebook/katana/StreamActivity; onPause
V/DBox    (  648): 653398 - Lcom/facebook/katana/FacebookTabActivity; onPause
V/DBox    (  648): 653399 - Lcom/facebook/katana/ProfileTabHostActivity; onPause
V/DBox    (  648): 653423 + Lcom/facebook/katana/HomeActivity; onResume
V/DBox    (  648): 653425 + Lcom/facebook/katana/FacebookListActivity; onResume
V/DBox    (  648): 653426 - Lcom/facebook/katana/FacebookListActivity; onResume
V/DBox    (  648): 653447 - Lcom/facebook/katana/HomeActivity; onResume
V/DBox    (  648): 653457 + Lcom/facebook/katana/service/FacebookService; onStart
V/DBox    (  648): 653464 - Lcom/facebook/katana/service/FacebookService; onStart
V/DBox    (  648): 653465 + Lcom/facebook/katana/service/FacebookService; onStart
V/DBox    (  648): 653477 - Lcom/facebook/katana/service/FacebookService; onStart
V/DBox    (  648): 653790 + Lcom/facebook/katana/StreamActivity; onStop
V/DBox    (  648): 653791 - Lcom/facebook/katana/StreamActivity; onStop
V/DBox    (  648): 653791 + Lcom/facebook/katana/ProfileTabHostActivity; onDestroy
V/DBox    (  648): 653792 + Lcom/facebook/katana/StreamActivity; onDestroy
V/DBox    (  648): 653794 - Lcom/facebook/katana/StreamActivity; onDestroy
V/DBox    (  648): 653796 - Lcom/facebook/katana/ProfileTabHostActivity; onDestroy
V/DBox    (  648): 655559 + Lcom/facebook/katana/HomeActivity; onClick android.widget.LinearLayout@43f42348
V/DBox    (  648): 655588 - Lcom/facebook/katana/HomeActivity; onClick
V/DBox    (  648): 655589 + Lcom/facebook/katana/HomeActivity; onPause
V/DBox    (  648): 655600 + Lcom/facebook/katana/FacebookListActivity; onPause
V/DBox    (  648): 655601 - Lcom/facebook/katana/FacebookListActivity; onPause
V/DBox    (  648): 655602 - Lcom/facebook/katana/HomeActivity; onPause
V/DBox    (  648): 655615 + Lcom/facebook/katana/AlbumsActivity; onCreate
V/DBox    (  648): 655665 - Lcom/facebook/katana/AlbumsActivity; onCreate
V/DBox    (  648): 655666 + Lcom/facebook/katana/AlbumsActivity; onResume
V/DBox    (  648): 655669 + Lcom/facebook/katana/FacebookListActivity; onResume
V/DBox    (  648): 655670 - Lcom/facebook/katana/FacebookListActivity; onResume
V/DBox    (  648): 655674 - Lcom/facebook/katana/AlbumsActivity; onResume
V/DBox    (  648): 655683 + Lcom/facebook/katana/service/FacebookService; onStart
V/DBox    (  648): 655698 - Lcom/facebook/katana/service/FacebookService; onStart
V/DBox    (  648): 657268 + Lcom/facebook/katana/AlbumsActivity; onItemClick android.widget.ListView@4406d2f8
V/DBox    (  648): 657281 - Lcom/facebook/katana/AlbumsActivity; onItemClick
V/DBox    (  648): 657283 + Lcom/facebook/katana/AlbumsActivity; onSaveInstanceState
V/DBox    (  648): 657286 - Lcom/facebook/katana/AlbumsActivity; onSaveInstanceState
V/DBox    (  648): 657287 + Lcom/facebook/katana/AlbumsActivity; onPause
V/DBox    (  648): 657289 + Lcom/facebook/katana/FacebookListActivity; onPause
V/DBox    (  648): 657293 - Lcom/facebook/katana/FacebookListActivity; onPause
V/DBox    (  648): 657294 - Lcom/facebook/katana/AlbumsActivity; onPause
V/DBox    (  648): 657315 + Lcom/facebook/katana/PhotosActivity; onCreate
V/DBox    (  648): 657399 - Lcom/facebook/katana/PhotosActivity; onCreate
V/DBox    (  648): 657399 + Lcom/facebook/katana/PhotosActivity; onResume
V/DBox    (  648): 657400 + Lcom/facebook/katana/FacebookActivity; onResume
V/DBox    (  648): 657400 - Lcom/facebook/katana/FacebookActivity; onResume
V/DBox    (  648): 657404 - Lcom/facebook/katana/PhotosActivity; onResume
V/DBox    (  648): 657407 + Lcom/facebook/katana/service/FacebookService; onStart
V/DBox    (  648): 657415 - Lcom/facebook/katana/service/FacebookService; onStart
V/DBox    (  648): 657438 + Lcom/facebook/katana/service/FacebookService; onStart
V/DBox    (  648): 657442 - Lcom/facebook/katana/service/FacebookService; onStart
V/DBox    (  648): 658969 + Lcom/facebook/katana/PhotosActivity; onPause
V/DBox    (  648): 658970 + Lcom/facebook/katana/FacebookActivity; onPause
V/DBox    (  648): 658971 - Lcom/facebook/katana/FacebookActivity; onPause
V/DBox    (  648): 658974 - Lcom/facebook/katana/PhotosActivity; onPause
V/DBox    (  648): 658999 + Lcom/facebook/katana/AlbumsActivity; onResume
V/DBox    (  648): 659001 + Lcom/facebook/katana/FacebookListActivity; onResume
V/DBox    (  648): 659001 - Lcom/facebook/katana/FacebookListActivity; onResume
V/DBox    (  648): 659004 - Lcom/facebook/katana/AlbumsActivity; onResume
V/DBox    (  648): 659035 + Lcom/facebook/katana/service/FacebookService; onStart
V/DBox    (  648): 659057 - Lcom/facebook/katana/service/FacebookService; onStart
V/DBox    (  648): 662526 + Lcom/facebook/katana/AlbumsActivity; onPause
V/DBox    (  648): 662528 + Lcom/facebook/katana/FacebookListActivity; onPause
V/DBox    (  648): 662550 - Lcom/facebook/katana/FacebookListActivity; onPause
V/DBox    (  648): 662551 - Lcom/facebook/katana/AlbumsActivity; onPause
V/DBox    (  648): 662590 + Lcom/facebook/katana/HomeActivity; onResume
V/DBox    (  648): 662590 + Lcom/facebook/katana/FacebookListActivity; onResume
V/DBox    (  648): 662591 - Lcom/facebook/katana/FacebookListActivity; onResume
V/DBox    (  648): 662602 - Lcom/facebook/katana/HomeActivity; onResume
V/DBox    (  648): 662615 + Lcom/facebook/katana/service/FacebookService; onStart
V/DBox    (  648): 662696 - Lcom/facebook/katana/service/FacebookService; onStart
V/DBox    (  648): 662699 + Lcom/facebook/katana/service/FacebookService; onStart
V/DBox    (  648): 662707 - Lcom/facebook/katana/service/FacebookService; onStart
V/DBox    (  648): 665367 + Lcom/facebook/katana/HomeActivity$ReelListener; onItemSelected android.widget.Gallery@43f15ce0
V/DBox    (  648): 665367 - Lcom/facebook/katana/HomeActivity$ReelListener; onItemSelected
V/DBox    (  648): 678247 + Lcom/facebook/katana/HomeActivity; onCreateOptionsMenu com.android.internal.view.menu.MenuBuilder@440de448
V/DBox    (  648): 678249 - Lcom/facebook/katana/HomeActivity; onCreateOptionsMenu
V/DBox    (  648): 679796 + Lcom/facebook/katana/HomeActivity; onOptionsItemSelected Settings
V/DBox    (  648): 679811 - Lcom/facebook/katana/HomeActivity; onOptionsItemSelected
V/DBox    (  648): 679842 + Lcom/facebook/katana/HomeActivity; onPause
V/DBox    (  648): 679842 + Lcom/facebook/katana/FacebookListActivity; onPause
V/DBox    (  648): 679843 - Lcom/facebook/katana/FacebookListActivity; onPause
V/DBox    (  648): 679843 - Lcom/facebook/katana/HomeActivity; onPause
V/DBox    (  648): 679857 + Lcom/facebook/katana/SettingsActivity; onCreate
V/DBox    (  648): 679894 - Lcom/facebook/katana/SettingsActivity; onCreate
V/DBox    (  648): 679895 + Lcom/facebook/katana/SettingsActivity; onResume
V/DBox    (  648): 679906 - Lcom/facebook/katana/SettingsActivity; onResume
V/DBox    (  648): 681585 + Lcom/facebook/katana/HomeActivity; onResume
V/DBox    (  648): 681585 + Lcom/facebook/katana/FacebookListActivity; onResume
V/DBox    (  648): 681586 - Lcom/facebook/katana/FacebookListActivity; onResume
V/DBox    (  648): 681604 - Lcom/facebook/katana/HomeActivity; onResume
V/DBox    (  648): 681622 + Lcom/facebook/katana/service/FacebookService; onStart
V/DBox    (  648): 681637 - Lcom/facebook/katana/service/FacebookService; onStart
V/DBox    (  648): 681638 + Lcom/facebook/katana/service/FacebookService; onStart
V/DBox    (  648): 681659 - Lcom/facebook/katana/service/FacebookService; onStart
V/DBox    (  648): 683468 + Lcom/facebook/katana/HomeActivity; onClick android.widget.LinearLayout@43f482e0
V/DBox    (  648): 683478 - Lcom/facebook/katana/HomeActivity; onClick
V/DBox    (  648): 683484 + Lcom/facebook/katana/HomeActivity; onPause
V/DBox    (  648): 683485 + Lcom/facebook/katana/FacebookListActivity; onPause
V/DBox    (  648): 683487 - Lcom/facebook/katana/FacebookListActivity; onPause
V/DBox    (  648): 683488 - Lcom/facebook/katana/HomeActivity; onPause
V/DBox    (  648): 683512 + Lcom/facebook/katana/ProfileTabHostActivity; onCreate
V/DBox    (  648): 683613 + Lcom/facebook/katana/StreamActivity; onCreate
V/DBox    (  648): 683636 - Lcom/facebook/katana/StreamActivity; onCreate
V/DBox    (  648): 683644 - Lcom/facebook/katana/ProfileTabHostActivity; onCreate
V/DBox    (  648): 683644 + Lcom/facebook/katana/ProfileTabHostActivity; onResume
V/DBox    (  648): 683645 + Lcom/facebook/katana/FacebookTabActivity; onResume
V/DBox    (  648): 683645 + Lcom/facebook/katana/StreamActivity; onResume
V/DBox    (  648): 683645 + Lcom/facebook/katana/FacebookListActivity; onResume
V/DBox    (  648): 683646 - Lcom/facebook/katana/FacebookListActivity; onResume
V/DBox    (  648): 683651 - Lcom/facebook/katana/StreamActivity; onResume
V/DBox    (  648): 683652 - Lcom/facebook/katana/FacebookTabActivity; onResume
V/DBox    (  648): 683652 - Lcom/facebook/katana/ProfileTabHostActivity; onResume
V/DBox    (  648): 688508 + Lcom/facebook/katana/MyTabWidget$TabClickListener; onClick android.widget.LinearLayout@440b8528
V/DBox    (  648): 688547 + Lcom/facebook/katana/StreamActivity; onPause
V/DBox    (  648): 688547 + Lcom/facebook/katana/FacebookListActivity; onPause
V/DBox    (  648): 688547 - Lcom/facebook/katana/FacebookListActivity; onPause
V/DBox    (  648): 688548 - Lcom/facebook/katana/StreamActivity; onPause
V/DBox    (  648): 688549 + Lcom/facebook/katana/AlbumsActivity; onCreate
V/DBox    (  648): 688604 - Lcom/facebook/katana/AlbumsActivity; onCreate
V/DBox    (  648): 688604 + Lcom/facebook/katana/AlbumsActivity; onResume
V/DBox    (  648): 688605 + Lcom/facebook/katana/FacebookListActivity; onResume
V/DBox    (  648): 688605 - Lcom/facebook/katana/FacebookListActivity; onResume
V/DBox    (  648): 688608 - Lcom/facebook/katana/AlbumsActivity; onResume
V/DBox    (  648): 688612 - Lcom/facebook/katana/MyTabWidget$TabClickListener; onClick
V/DBox    (  648): 688662 + Lcom/facebook/katana/service/FacebookService; onStart
V/DBox    (  648): 688675 - Lcom/facebook/katana/service/FacebookService; onStart
V/DBox    (  648): 696992 + Lcom/facebook/katana/ProfileTabHostActivity; onPause
V/DBox    (  648): 696994 + Lcom/facebook/katana/FacebookTabActivity; onPause
V/DBox    (  648): 696995 + Lcom/facebook/katana/AlbumsActivity; onPause
V/DBox    (  648): 696997 + Lcom/facebook/katana/FacebookListActivity; onPause
V/DBox    (  648): 696998 - Lcom/facebook/katana/FacebookListActivity; onPause
V/DBox    (  648): 697000 - Lcom/facebook/katana/AlbumsActivity; onPause
V/DBox    (  648): 697005 - Lcom/facebook/katana/FacebookTabActivity; onPause
V/DBox    (  648): 697006 - Lcom/facebook/katana/ProfileTabHostActivity; onPause
V/DBox    (  648): 697063 + Lcom/facebook/katana/HomeActivity; onResume
V/DBox    (  648): 697063 + Lcom/facebook/katana/FacebookListActivity; onResume
V/DBox    (  648): 697064 - Lcom/facebook/katana/FacebookListActivity; onResume
V/DBox    (  648): 697074 - Lcom/facebook/katana/HomeActivity; onResume
V/DBox    (  648): 697087 + Lcom/facebook/katana/service/FacebookService; onStart
V/DBox    (  648): 697179 - Lcom/facebook/katana/service/FacebookService; onStart
V/DBox    (  648): 697180 + Lcom/facebook/katana/service/FacebookService; onStart
V/DBox    (  648): 697193 - Lcom/facebook/katana/service/FacebookService; onStart
V/DBox    (  648): 697423 + Lcom/facebook/katana/StreamActivity; onStop
V/DBox    (  648): 697424 - Lcom/facebook/katana/StreamActivity; onStop
V/DBox    (  648): 697428 + Lcom/facebook/katana/ProfileTabHostActivity; onDestroy
V/DBox    (  648): 697428 + Lcom/facebook/katana/StreamActivity; onDestroy
V/DBox    (  648): 697429 - Lcom/facebook/katana/StreamActivity; onDestroy
V/DBox    (  648): 697433 - Lcom/facebook/katana/ProfileTabHostActivity; onDestroy
V/DBox    (  648): 709227 + Lcom/facebook/katana/HomeActivity; onClick android.widget.LinearLayout@43f482e0
V/DBox    (  648): 709240 - Lcom/facebook/katana/HomeActivity; onClick
V/DBox    (  648): 709243 + Lcom/facebook/katana/HomeActivity; onPause
V/DBox    (  648): 709248 + Lcom/facebook/katana/FacebookListActivity; onPause
V/DBox    (  648): 709249 - Lcom/facebook/katana/FacebookListActivity; onPause
V/DBox    (  648): 709250 - Lcom/facebook/katana/HomeActivity; onPause
V/DBox    (  648): 709275 + Lcom/facebook/katana/ProfileTabHostActivity; onCreate
V/DBox    (  648): 709299 + Lcom/facebook/katana/StreamActivity; onCreate
V/DBox    (  648): 709315 - Lcom/facebook/katana/StreamActivity; onCreate
V/DBox    (  648): 709321 - Lcom/facebook/katana/ProfileTabHostActivity; onCreate
V/DBox    (  648): 709322 + Lcom/facebook/katana/ProfileTabHostActivity; onResume
V/DBox    (  648): 709322 + Lcom/facebook/katana/FacebookTabActivity; onResume
V/DBox    (  648): 709322 + Lcom/facebook/katana/StreamActivity; onResume
V/DBox    (  648): 709323 + Lcom/facebook/katana/FacebookListActivity; onResume
V/DBox    (  648): 709323 - Lcom/facebook/katana/FacebookListActivity; onResume
V/DBox    (  648): 709326 - Lcom/facebook/katana/StreamActivity; onResume
V/DBox    (  648): 709327 - Lcom/facebook/katana/FacebookTabActivity; onResume
V/DBox    (  648): 709328 - Lcom/facebook/katana/ProfileTabHostActivity; onResume
V/DBox    (  648): 714660 + Lcom/facebook/katana/MyTabWidget$TabClickListener; onClick android.widget.LinearLayout@440e7dd8
V/DBox    (  648): 714668 + Lcom/facebook/katana/StreamActivity; onPause
V/DBox    (  648): 714668 + Lcom/facebook/katana/FacebookListActivity; onPause
V/DBox    (  648): 714669 - Lcom/facebook/katana/FacebookListActivity; onPause
V/DBox    (  648): 714671 - Lcom/facebook/katana/StreamActivity; onPause
V/DBox    (  648): 714674 + Lcom/facebook/katana/UserInfoActivity; onCreate
V/DBox    (  648): 714693 - Lcom/facebook/katana/UserInfoActivity; onCreate
V/DBox    (  648): 714694 + Lcom/facebook/katana/UserInfoActivity; onResume
V/DBox    (  648): 714694 + Lcom/facebook/katana/FacebookListActivity; onResume
V/DBox    (  648): 714695 - Lcom/facebook/katana/FacebookListActivity; onResume
V/DBox    (  648): 714698 - Lcom/facebook/katana/UserInfoActivity; onResume
V/DBox    (  648): 714699 - Lcom/facebook/katana/MyTabWidget$TabClickListener; onClick
V/DBox    (  648): 714727 + Lcom/facebook/katana/service/FacebookService; onStart
V/DBox    (  648): 714752 - Lcom/facebook/katana/service/FacebookService; onStart
V/DBox    (  648): 723100 + Lcom/facebook/katana/ProfileTabHostActivity; onPause
V/DBox    (  648): 723101 + Lcom/facebook/katana/FacebookTabActivity; onPause
V/DBox    (  648): 723101 + Lcom/facebook/katana/UserInfoActivity; onPause
V/DBox    (  648): 723102 + Lcom/facebook/katana/FacebookListActivity; onPause
V/DBox    (  648): 723107 - Lcom/facebook/katana/FacebookListActivity; onPause
V/DBox    (  648): 723110 - Lcom/facebook/katana/UserInfoActivity; onPause
V/DBox    (  648): 723110 - Lcom/facebook/katana/FacebookTabActivity; onPause
V/DBox    (  648): 723111 - Lcom/facebook/katana/ProfileTabHostActivity; onPause
V/DBox    (  648): 723132 + Lcom/facebook/katana/HomeActivity; onResume
V/DBox    (  648): 723133 + Lcom/facebook/katana/FacebookListActivity; onResume
V/DBox    (  648): 723133 - Lcom/facebook/katana/FacebookListActivity; onResume
V/DBox    (  648): 723142 - Lcom/facebook/katana/HomeActivity; onResume
V/DBox    (  648): 723153 + Lcom/facebook/katana/service/FacebookService; onStart
V/DBox    (  648): 723169 - Lcom/facebook/katana/service/FacebookService; onStart
V/DBox    (  648): 723170 + Lcom/facebook/katana/service/FacebookService; onStart
V/DBox    (  648): 723191 - Lcom/facebook/katana/service/FacebookService; onStart
V/DBox    (  648): 723442 + Lcom/facebook/katana/StreamActivity; onStop
V/DBox    (  648): 723442 - Lcom/facebook/katana/StreamActivity; onStop
V/DBox    (  648): 723444 + Lcom/facebook/katana/ProfileTabHostActivity; onDestroy
V/DBox    (  648): 723444 + Lcom/facebook/katana/StreamActivity; onDestroy
V/DBox    (  648): 723445 - Lcom/facebook/katana/StreamActivity; onDestroy
V/DBox    (  648): 723445 - Lcom/facebook/katana/ProfileTabHostActivity; onDestroy
V/DBox    (  648): 728282 + Lcom/facebook/katana/HomeActivity; onClick android.widget.LinearLayout@43f482e0
V/DBox    (  648): 728301 - Lcom/facebook/katana/HomeActivity; onClick
V/DBox    (  648): 728308 + Lcom/facebook/katana/HomeActivity; onPause
V/DBox    (  648): 728310 + Lcom/facebook/katana/FacebookListActivity; onPause
V/DBox    (  648): 728313 - Lcom/facebook/katana/FacebookListActivity; onPause
V/DBox    (  648): 728314 - Lcom/facebook/katana/HomeActivity; onPause
V/DBox    (  648): 728327 + Lcom/facebook/katana/ProfileTabHostActivity; onCreate
V/DBox    (  648): 728348 + Lcom/facebook/katana/StreamActivity; onCreate
V/DBox    (  648): 728366 - Lcom/facebook/katana/StreamActivity; onCreate
V/DBox    (  648): 728371 - Lcom/facebook/katana/ProfileTabHostActivity; onCreate
V/DBox    (  648): 728372 + Lcom/facebook/katana/ProfileTabHostActivity; onResume
V/DBox    (  648): 728372 + Lcom/facebook/katana/FacebookTabActivity; onResume
V/DBox    (  648): 728373 + Lcom/facebook/katana/StreamActivity; onResume
V/DBox    (  648): 728373 + Lcom/facebook/katana/FacebookListActivity; onResume
V/DBox    (  648): 728373 - Lcom/facebook/katana/FacebookListActivity; onResume
V/DBox    (  648): 728377 - Lcom/facebook/katana/StreamActivity; onResume
V/DBox    (  648): 728377 - Lcom/facebook/katana/FacebookTabActivity; onResume
V/DBox    (  648): 728378 - Lcom/facebook/katana/ProfileTabHostActivity; onResume
V/DBox    (  648): 733338 + Lcom/facebook/katana/MyTabWidget$TabClickListener; onClick android.widget.LinearLayout@44088a70
V/DBox    (  648): 733348 + Lcom/facebook/katana/StreamActivity; onPause
V/DBox    (  648): 733349 + Lcom/facebook/katana/FacebookListActivity; onPause
V/DBox    (  648): 733351 - Lcom/facebook/katana/FacebookListActivity; onPause
V/DBox    (  648): 733354 - Lcom/facebook/katana/StreamActivity; onPause
V/DBox    (  648): 733358 + Lcom/facebook/katana/AlbumsActivity; onCreate
V/DBox    (  648): 733386 - Lcom/facebook/katana/AlbumsActivity; onCreate
V/DBox    (  648): 733387 + Lcom/facebook/katana/AlbumsActivity; onResume
V/DBox    (  648): 733387 + Lcom/facebook/katana/FacebookListActivity; onResume
V/DBox    (  648): 733388 - Lcom/facebook/katana/FacebookListActivity; onResume
V/DBox    (  648): 733391 - Lcom/facebook/katana/AlbumsActivity; onResume
V/DBox    (  648): 733392 - Lcom/facebook/katana/MyTabWidget$TabClickListener; onClick
V/DBox    (  648): 733420 + Lcom/facebook/katana/service/FacebookService; onStart
V/DBox    (  648): 733436 - Lcom/facebook/katana/service/FacebookService; onStart
V/DBox    (  648): 734957 + Lcom/facebook/katana/AlbumsActivity; onCreateOptionsMenu com.android.internal.view.menu.MenuBuilder@440a0f30
V/DBox    (  648): 734958 + Lcom/facebook/katana/ProfileTabHostActivity; onCreateOptionsMenu com.android.internal.view.menu.MenuBuilder@440a0f30
V/DBox    (  648): 734960 - Lcom/facebook/katana/ProfileTabHostActivity; onCreateOptionsMenu
V/DBox    (  648): 734963 - Lcom/facebook/katana/AlbumsActivity; onCreateOptionsMenu
V/DBox    (  648): 737466 + Lcom/facebook/katana/AlbumsActivity; onOptionsItemSelected Refresh
V/DBox    (  648): 737477 - Lcom/facebook/katana/AlbumsActivity; onOptionsItemSelected
V/DBox    (  648): 737479 + Lcom/facebook/katana/service/FacebookService; onStart
V/DBox    (  648): 737489 - Lcom/facebook/katana/service/FacebookService; onStart
V/DBox    (  648): 742834 + Lcom/facebook/katana/ProfileTabHostActivity; onPause
V/DBox    (  648): 742835 + Lcom/facebook/katana/FacebookTabActivity; onPause
V/DBox    (  648): 742837 + Lcom/facebook/katana/AlbumsActivity; onPause
V/DBox    (  648): 742838 + Lcom/facebook/katana/FacebookListActivity; onPause
V/DBox    (  648): 742841 - Lcom/facebook/katana/FacebookListActivity; onPause
V/DBox    (  648): 742842 - Lcom/facebook/katana/AlbumsActivity; onPause
V/DBox    (  648): 742844 - Lcom/facebook/katana/FacebookTabActivity; onPause
V/DBox    (  648): 742851 - Lcom/facebook/katana/ProfileTabHostActivity; onPause
V/DBox    (  648): 742884 + Lcom/facebook/katana/HomeActivity; onResume
V/DBox    (  648): 742884 + Lcom/facebook/katana/FacebookListActivity; onResume
V/DBox    (  648): 742885 - Lcom/facebook/katana/FacebookListActivity; onResume
V/DBox    (  648): 742893 - Lcom/facebook/katana/HomeActivity; onResume
V/DBox    (  648): 742905 + Lcom/facebook/katana/service/FacebookService; onStart
V/DBox    (  648): 742911 - Lcom/facebook/katana/service/FacebookService; onStart
V/DBox    (  648): 742912 + Lcom/facebook/katana/service/FacebookService; onStart
V/DBox    (  648): 742922 - Lcom/facebook/katana/service/FacebookService; onStart
V/DBox    (  648): 743184 + Lcom/facebook/katana/StreamActivity; onStop
V/DBox    (  648): 743185 - Lcom/facebook/katana/StreamActivity; onStop
V/DBox    (  648): 743187 + Lcom/facebook/katana/ProfileTabHostActivity; onDestroy
V/DBox    (  648): 743187 + Lcom/facebook/katana/StreamActivity; onDestroy
V/DBox    (  648): 743188 - Lcom/facebook/katana/StreamActivity; onDestroy
V/DBox    (  648): 743189 - Lcom/facebook/katana/ProfileTabHostActivity; onDestroy
V/DBox    (  648): 745045 + Lcom/facebook/katana/HomeActivity; onClick android.widget.LinearLayout@43f30828
V/DBox    (  648): 745079 - Lcom/facebook/katana/HomeActivity; onClick
V/DBox    (  648): 745083 + Lcom/facebook/katana/HomeActivity; onPause
V/DBox    (  648): 745084 + Lcom/facebook/katana/FacebookListActivity; onPause
V/DBox    (  648): 745090 - Lcom/facebook/katana/FacebookListActivity; onPause
V/DBox    (  648): 745090 - Lcom/facebook/katana/HomeActivity; onPause
V/DBox    (  648): 745100 + Lcom/facebook/katana/RequestsActivity; onCreate
V/DBox    (  648): 745126 - Lcom/facebook/katana/RequestsActivity; onCreate
V/DBox    (  648): 745130 + Lcom/facebook/katana/FacebookListActivity; onResume
V/DBox    (  648): 745130 - Lcom/facebook/katana/FacebookListActivity; onResume
V/DBox    (  648): 745133 + Lcom/facebook/katana/service/FacebookService; onStart
V/DBox    (  648): 745150 - Lcom/facebook/katana/service/FacebookService; onStart
V/DBox    (  648): 747573 + Lcom/facebook/katana/FacebookListActivity; onPause
V/DBox    (  648): 747574 - Lcom/facebook/katana/FacebookListActivity; onPause
V/DBox    (  648): 747584 + Lcom/facebook/katana/HomeActivity; onResume
V/DBox    (  648): 747584 + Lcom/facebook/katana/FacebookListActivity; onResume
V/DBox    (  648): 747585 - Lcom/facebook/katana/FacebookListActivity; onResume
V/DBox    (  648): 747597 - Lcom/facebook/katana/HomeActivity; onResume
V/DBox    (  648): 747612 + Lcom/facebook/katana/service/FacebookService; onStart
V/DBox    (  648): 747630 - Lcom/facebook/katana/service/FacebookService; onStart
V/DBox    (  648): 747631 + Lcom/facebook/katana/service/FacebookService; onStart
V/DBox    (  648): 747651 - Lcom/facebook/katana/service/FacebookService; onStart
V/DBox    (  648): 747883 + Lcom/facebook/katana/RequestsActivity; onDestroy
V/DBox    (  648): 747884 - Lcom/facebook/katana/RequestsActivity; onDestroy
V/DBox    (  648): 749841 + Lcom/facebook/katana/HomeActivity; onClick android.widget.LinearLayout@43f42348
V/DBox    (  648): 749863 - Lcom/facebook/katana/HomeActivity; onClick
V/DBox    (  648): 749867 + Lcom/facebook/katana/HomeActivity; onPause
V/DBox    (  648): 749869 + Lcom/facebook/katana/FacebookListActivity; onPause
V/DBox    (  648): 749871 - Lcom/facebook/katana/FacebookListActivity; onPause
V/DBox    (  648): 749875 - Lcom/facebook/katana/HomeActivity; onPause
V/DBox    (  648): 749893 + Lcom/facebook/katana/AlbumsActivity; onCreate
V/DBox    (  648): 749920 - Lcom/facebook/katana/AlbumsActivity; onCreate
V/DBox    (  648): 749921 + Lcom/facebook/katana/AlbumsActivity; onResume
V/DBox    (  648): 749922 + Lcom/facebook/katana/FacebookListActivity; onResume
V/DBox    (  648): 749922 - Lcom/facebook/katana/FacebookListActivity; onResume
V/DBox    (  648): 749925 - Lcom/facebook/katana/AlbumsActivity; onResume
V/DBox    (  648): 749929 + Lcom/facebook/katana/service/FacebookService; onStart
V/DBox    (  648): 749937 - Lcom/facebook/katana/service/FacebookService; onStart
V/DBox    (  648): 751659 + Lcom/facebook/katana/AlbumsActivity; onPause
V/DBox    (  648): 751660 + Lcom/facebook/katana/FacebookListActivity; onPause
V/DBox    (  648): 751661 - Lcom/facebook/katana/FacebookListActivity; onPause
V/DBox    (  648): 751661 - Lcom/facebook/katana/AlbumsActivity; onPause
V/DBox    (  648): 751677 + Lcom/facebook/katana/HomeActivity; onResume
V/DBox    (  648): 751678 + Lcom/facebook/katana/FacebookListActivity; onResume
V/DBox    (  648): 751679 - Lcom/facebook/katana/FacebookListActivity; onResume
V/DBox    (  648): 751693 - Lcom/facebook/katana/HomeActivity; onResume
V/DBox    (  648): 751703 + Lcom/facebook/katana/service/FacebookService; onStart
V/DBox    (  648): 751709 - Lcom/facebook/katana/service/FacebookService; onStart
V/DBox    (  648): 751709 + Lcom/facebook/katana/service/FacebookService; onStart
V/DBox    (  648): 751724 - Lcom/facebook/katana/service/FacebookService; onStart
V/DBox    (  648): 754080 + Lcom/facebook/katana/HomeActivity; onClick android.widget.LinearLayout@43f336e0
V/DBox    (  648): 754083 - Lcom/facebook/katana/HomeActivity; onClick
V/DBox    (  648): 754087 + Lcom/facebook/katana/HomeActivity; onPause
V/DBox    (  648): 754088 + Lcom/facebook/katana/FacebookListActivity; onPause
V/DBox    (  648): 754090 - Lcom/facebook/katana/FacebookListActivity; onPause
V/DBox    (  648): 754090 - Lcom/facebook/katana/HomeActivity; onPause
V/DBox    (  648): 754103 + Lcom/facebook/katana/EventsActivity; onCreate
V/DBox    (  648): 754129 - Lcom/facebook/katana/EventsActivity; onCreate
V/DBox    (  648): 754129 + Lcom/facebook/katana/EventsActivity; onResume
V/DBox    (  648): 754131 + Lcom/facebook/katana/FacebookListActivity; onResume
V/DBox    (  648): 754132 - Lcom/facebook/katana/FacebookListActivity; onResume
V/DBox    (  648): 754139 - Lcom/facebook/katana/EventsActivity; onResume
V/DBox    (  648): 754143 + Lcom/facebook/katana/service/FacebookService; onStart
V/DBox    (  648): 754162 - Lcom/facebook/katana/service/FacebookService; onStart
V/DBox    (  648): 759402 + Lcom/facebook/katana/EventsActivity; onPause
V/DBox    (  648): 759404 + Lcom/facebook/katana/FacebookListActivity; onPause
V/DBox    (  648): 759405 - Lcom/facebook/katana/FacebookListActivity; onPause
V/DBox    (  648): 759407 - Lcom/facebook/katana/EventsActivity; onPause
V/DBox    (  648): 759432 + Lcom/facebook/katana/HomeActivity; onResume
V/DBox    (  648): 759433 + Lcom/facebook/katana/FacebookListActivity; onResume
V/DBox    (  648): 759434 - Lcom/facebook/katana/FacebookListActivity; onResume
V/DBox    (  648): 759448 - Lcom/facebook/katana/HomeActivity; onResume
V/DBox    (  648): 759457 + Lcom/facebook/katana/service/FacebookService; onStart
V/DBox    (  648): 759464 - Lcom/facebook/katana/service/FacebookService; onStart
V/DBox    (  648): 759465 + Lcom/facebook/katana/service/FacebookService; onStart
V/DBox    (  648): 759475 - Lcom/facebook/katana/service/FacebookService; onStart
V/DBox    (  648): 764658 + Lcom/facebook/katana/HomeActivity; onPause
V/DBox    (  648): 764659 + Lcom/facebook/katana/FacebookListActivity; onPause
V/DBox    (  648): 764693 - Lcom/facebook/katana/FacebookListActivity; onPause
V/DBox    (  648): 764694 - Lcom/facebook/katana/HomeActivity; onPause
