--------- beginning of /dev/log/system
--------- beginning of /dev/log/main
V/DBox    (  401): Ljava/net/Socket;->connectV
V/DBox    (  401): Ljava/net/Socket;->connectV
V/DBox    (  401): Ljava/net/Socket;->connectV
V/DBox    (  401): Ljava/net/Socket;->connectV
V/DBox    (  401): Ljava/net/Socket;->connectV
V/DBox    (  401): Ljava/net/Socket;->connectV
V/DBox    (  401): Ljava/net/Socket;->connectV
V/DBox    (  401): Ljava/net/Socket;->connectV
V/DBox    (  401): Ljava/net/Socket;->closeV
V/DBox    (  401): Ljava/net/Socket;->closeV
V/DBox    (  401): Ljava/net/Socket;->closeV
V/DBox    (  401): Ljava/net/Socket;->closeV
V/DBox    (  401): Ljava/net/Socket;->closeV
V/DBox    (  401): Ljava/net/Socket;->closeV
V/DBox    (  401): Ljava/net/Socket;->closeV
V/DBox    (  401): Ljava/net/Socket;->closeV
V/DBox    (  401): Ljava/net/Socket;->connectV
V/DBox    (  401): Ljava/net/Socket;->closeV
V/DBox    (  401): Ljava/net/Socket;->connectV
V/DBox    (  401): Ljava/net/Socket;->closeV
V/DBox    (  401): Ljava/net/Socket;->connectV
V/DBox    (  401): Ljava/net/Socket;->connectV
V/DBox    (  401): Ljava/net/Socket;->connectV
V/DBox    (  401): Ljava/net/Socket;->connectV
V/DBox    (  401): Ljava/net/Socket;->closeV
V/DBox    (  401): Ljava/net/Socket;->closeV
V/DBox    (  401): Ljava/net/Socket;->closeV
V/DBox    (  401): Ljava/net/Socket;->closeV
V/DBox    (  401): Ljava/net/Socket;->connectV
V/DBox    (  401): Ljava/net/Socket;->closeV
V/DBox    (  401): Ljava/net/Socket;->connectV
V/DBox    (  401): Ljava/net/Socket;->closeV
V/DBox    (  401): Ljava/net/Socket;->connectV
V/DBox    (  401): Ljava/net/Socket;->closeV
V/DBox    (  401): Ljava/net/Socket;->connectV
V/DBox    (  401): Ljava/net/Socket;->connectV
V/DBox    (  401): Ljava/net/Socket;->closeV
V/DBox    (  401): Ljava/net/Socket;->closeV
V/DBox    (  401): Ljava/net/Socket;->connectV
V/DBox    (  401): Ljava/net/Socket;->closeV
V/DBox    (  401): Ljava/net/Socket;->connectV
V/DBox    (  401): Ljava/net/Socket;->connectV
V/DBox    (  401): Ljava/net/Socket;->closeV
V/DBox    (  401): Ljava/net/Socket;->closeV
V/DBox    (  401): Ljava/net/Socket;->connectV
V/DBox    (  401): Ljava/net/Socket;->connectV
V/DBox    (  401): Ljava/net/Socket;->connectV
V/DBox    (  401): Ljava/net/Socket;->connectV
V/DBox    (  401): Ljava/net/Socket;->connectV
V/DBox    (  401): Ljava/net/Socket;->closeV
V/DBox    (  401): Ljava/net/Socket;->closeV
V/DBox    (  401): Ljava/net/Socket;->closeV
V/DBox    (  401): Ljava/net/Socket;->closeV
V/DBox    (  401): Ljava/net/Socket;->closeV
V/DBox    (  401): Ljava/net/Socket;->connectV
V/DBox    (  401): Ljava/net/Socket;->closeV
V/DBox    (  401): Ljava/net/Socket;->connectV
V/DBox    (  401): Ljava/net/Socket;->connectV
V/DBox    (  401): Ljava/net/Socket;->connectV
V/DBox    (  401): Ljava/net/Socket;->closeV
V/DBox    (  401): Ljava/net/Socket;->closeV
V/DBox    (  401): Ljava/net/Socket;->closeV
V/DBox    (  401): Ljava/net/Socket;->connectV
V/DBox    (  401): Ljava/net/Socket;->connectV
V/DBox    (  401): Ljava/net/Socket;->closeV
V/DBox    (  401): Ljava/net/Socket;->closeV
V/DBox    (  401): Ljava/net/Socket;->connectV
V/DBox    (  401): Ljava/net/Socket;->connectV
V/DBox    (  401): Ljava/net/Socket;->closeV
V/DBox    (  401): Ljava/net/Socket;->closeV
V/DBox    (  401): Ljava/net/Socket;->connectV
V/DBox    (  401): Ljava/net/Socket;->connectV
V/DBox    (  401): Ljava/net/Socket;->connectV
V/DBox    (  401): Ljava/net/Socket;->connectV
V/DBox    (  401): Ljava/net/Socket;->connectV
V/DBox    (  401): Ljava/net/Socket;->connectV
V/DBox    (  401): Ljava/net/Socket;->connectV
V/DBox    (  401): Ljava/net/Socket;->connectV
V/DBox    (  401): Ljava/net/Socket;->connectV
V/DBox    (  401): Ljava/net/Socket;->closeV
V/DBox    (  401): Ljava/net/Socket;->closeV
V/DBox    (  401): Ljava/net/Socket;->closeV
V/DBox    (  401): Ljava/net/Socket;->closeV
V/DBox    (  401): Ljava/net/Socket;->closeV
V/DBox    (  401): Ljava/net/Socket;->closeV
V/DBox    (  401): Ljava/net/Socket;->closeV
V/DBox    (  401): Ljava/net/Socket;->closeV
V/DBox    (  401): Ljava/net/Socket;->closeV
V/DBox    (  401): Ljava/net/Socket;->connectV
V/DBox    (  401): Ljava/net/Socket;->connectV
V/DBox    (  401): Ljava/net/Socket;->closeV
V/DBox    (  401): Ljava/net/Socket;->connectV
V/DBox    (  401): Ljava/net/Socket;->connectV
V/DBox    (  401): Ljava/net/Socket;->closeV
V/DBox    (  401): Ljava/net/Socket;->connectV
V/DBox    (  401): Ljava/net/Socket;->closeV
V/DBox    (  401): Ljava/net/Socket;->closeV
V/DBox    (  401): Ljava/net/Socket;->closeV
V/DBox    (  401): Ljava/net/Socket;->connectV
V/DBox    (  401): Ljava/net/Socket;->closeV
V/DBox    (  401): 4422952 + Lcom/fsck/k9/activity/MessageList; onResume
V/DBox    (  401): 4422953 + Lcom/fsck/k9/K9Activity; onResume
V/DBox    (  401): 4422959 - Lcom/fsck/k9/K9Activity; onResume
V/DBox    (  401): 4423088 - Lcom/fsck/k9/activity/MessageList; onResume
V/DBox    (  401): 4426155 + Lcom/fsck/k9/activity/MessageList; onCreateOptionsMenu com.android.internal.view.menu.MenuBuilder@467e3158
V/DBox    (  401): 4426198 - Lcom/fsck/k9/activity/MessageList; onCreateOptionsMenu
V/DBox    (  401): 4427983 + Lcom/fsck/k9/activity/MessageList; onOptionsItemSelected Check mail
V/DBox    (  401): 4427986 - Lcom/fsck/k9/activity/MessageList; onOptionsItemSelected
V/DBox    (  401): Ljava/net/Socket;->connectV
V/DBox    (  401): Ljava/net/Socket;->closeV
V/DBox    (  401): Ljava/net/Socket;->connectV
V/DBox    (  401): Ljava/net/Socket;->closeV
V/DBox    (  401): 4435627 + Lcom/fsck/k9/activity/MessageList$1; onTouch android.widget.ListView@462e3528
V/DBox    (  401): 4435633 - Lcom/fsck/k9/activity/MessageList$1; onTouch
V/DBox    (  401): 4435664 + Lcom/fsck/k9/activity/MessageList$1; onTouch android.widget.ListView@462e3528
V/DBox    (  401): 4435669 - Lcom/fsck/k9/activity/MessageList$1; onTouch
V/DBox    (  401): 4435680 + Lcom/fsck/k9/activity/MessageList$1; onTouch android.widget.ListView@462e3528
V/DBox    (  401): 4435682 - Lcom/fsck/k9/activity/MessageList$1; onTouch
V/DBox    (  401): 4435695 + Lcom/fsck/k9/activity/MessageList$1; onTouch android.widget.ListView@462e3528
V/DBox    (  401): 4435696 - Lcom/fsck/k9/activity/MessageList$1; onTouch
V/DBox    (  401): 4435725 + Lcom/fsck/k9/activity/MessageList$1; onTouch android.widget.ListView@462e3528
V/DBox    (  401): 4435725 - Lcom/fsck/k9/activity/MessageList$1; onTouch
V/DBox    (  401): 4435752 + Lcom/fsck/k9/activity/MessageList$1; onTouch android.widget.ListView@462e3528
V/DBox    (  401): 4435753 - Lcom/fsck/k9/activity/MessageList$1; onTouch
V/DBox    (  401): 4435753 + Lcom/fsck/k9/activity/MessageList$1; onTouch android.widget.ListView@462e3528
V/DBox    (  401): 4435754 - Lcom/fsck/k9/activity/MessageList$1; onTouch
V/DBox    (  401): 4435895 + Lcom/fsck/k9/activity/MessageList; onItemClick android.widget.ListView@462e3528
V/DBox    (  401): 4435970 - Lcom/fsck/k9/activity/MessageList; onItemClick
V/DBox    (  401): 4435971 + Lcom/fsck/k9/activity/MessageList; onSaveInstanceState
V/DBox    (  401): 4435972 - Lcom/fsck/k9/activity/MessageList; onSaveInstanceState
V/DBox    (  401): 4435973 + Lcom/fsck/k9/activity/MessageList; onPause
V/DBox    (  401): 4435973 - Lcom/fsck/k9/activity/MessageList; onPause
V/DBox    (  401): 4436010 + Lcom/fsck/k9/activity/MessageView; onCreate
V/DBox    (  401): 4436011 + Lcom/fsck/k9/K9Activity; onCreate
V/DBox    (  401): 4436013 - Lcom/fsck/k9/K9Activity; onCreate
V/DBox    (  401): 4436097 - Lcom/fsck/k9/activity/MessageView; onCreate
V/DBox    (  401): 4436098 + Lcom/fsck/k9/activity/MessageView; onResume
V/DBox    (  401): 4436099 + Lcom/fsck/k9/K9Activity; onResume
V/DBox    (  401): 4436103 - Lcom/fsck/k9/K9Activity; onResume
V/DBox    (  401): 4436108 - Lcom/fsck/k9/activity/MessageView; onResume
V/DBox    (  401): Ljava/net/Socket;->connectV
V/DBox    (  401): Ljava/net/Socket;->closeV
V/DBox    (  401): 4437528 + Lcom/fsck/k9/activity/MessageView; onClick android.widget.Button@468f0080
V/DBox    (  401): 4437540 - Lcom/fsck/k9/activity/MessageView; onClick
V/DBox    (  401): Ljava/net/Socket;->connectV
V/DBox    (  401): Ljava/net/Socket;->closeV
V/DBox    (  401): Ljava/net/Socket;->connectV
V/DBox    (  401): Ljava/net/Socket;->closeV
V/DBox    (  401): Ljava/net/Socket;->connectV
V/DBox    (  401): Ljava/net/Socket;->closeV
V/DBox    (  401): 4445360 + Lcom/fsck/k9/activity/MessageView; onClick android.widget.Button@467798c8
V/DBox    (  401): 4445370 - Lcom/fsck/k9/activity/MessageView; onClick
V/DBox    (  401): Ljava/net/Socket;->connectV
V/DBox    (  401): Ljava/net/Socket;->closeV
V/DBox    (  401): Ljava/net/Socket;->connectV
V/DBox    (  401): Ljava/net/Socket;->connectV
V/DBox    (  401): Ljava/net/Socket;->closeV
V/DBox    (  401): Ljava/net/Socket;->closeV
V/DBox    (  401): 4447841 + Lcom/fsck/k9/activity/MessageView; onClick android.widget.Button@467798c8
V/DBox    (  401): 4447846 - Lcom/fsck/k9/activity/MessageView; onClick
V/DBox    (  401): Ljava/net/Socket;->connectV
V/DBox    (  401): Ljava/net/Socket;->closeV
V/DBox    (  401): Ljava/net/Socket;->connectV
V/DBox    (  401): Ljava/net/Socket;->closeV
V/DBox    (  401): 4449607 + Lcom/fsck/k9/activity/MessageView; onClick android.widget.Button@467798c8
V/DBox    (  401): Ljava/net/Socket;->connectV
V/DBox    (  401): 4449625 - Lcom/fsck/k9/activity/MessageView; onClick
V/DBox    (  401): Ljava/net/Socket;->connectV
V/DBox    (  401): Ljava/net/Socket;->connectV
V/DBox    (  401): Ljava/net/Socket;->closeV
V/DBox    (  401): Ljava/net/Socket;->closeV
V/DBox    (  401): Ljava/net/Socket;->connectV
V/DBox    (  401): Ljava/net/Socket;->connectV
V/DBox    (  401): Ljava/net/Socket;->closeV
V/DBox    (  401): Ljava/net/Socket;->connectV
V/DBox    (  401): Ljava/net/Socket;->connectV
V/DBox    (  401): Ljava/net/Socket;->connectV
V/DBox    (  401): Ljava/net/Socket;->closeV
V/DBox    (  401): Ljava/net/Socket;->closeV
V/DBox    (  401): Ljava/net/Socket;->closeV
V/DBox    (  401): Ljava/net/Socket;->closeV
V/DBox    (  401): Ljava/net/Socket;->closeV
V/DBox    (  401): Ljava/net/Socket;->connectV
V/DBox    (  401): Ljava/net/Socket;->connectV
V/DBox    (  401): 4453224 + Lcom/fsck/k9/activity/MessageList; onResume
V/DBox    (  401): 4453225 + Lcom/fsck/k9/K9Activity; onResume
V/DBox    (  401): 4453228 - Lcom/fsck/k9/K9Activity; onResume
V/DBox    (  401): Ljava/net/Socket;->closeV
V/DBox    (  401): 4453398 - Lcom/fsck/k9/activity/MessageList; onResume
V/DBox    (  401): Ljava/net/Socket;->closeV
V/DBox    (  401): Ljava/net/Socket;->connectV
V/DBox    (  401): Ljava/net/Socket;->connectV
V/DBox    (  401): Ljava/net/Socket;->connectV
V/DBox    (  401): Ljava/net/Socket;->connectV
V/DBox    (  401): Ljava/net/Socket;->closeV
V/DBox    (  401): Ljava/net/Socket;->closeV
V/DBox    (  401): Ljava/net/Socket;->closeV
V/DBox    (  401): Ljava/net/Socket;->closeV
V/DBox    (  401): Ljava/net/Socket;->connectV
V/DBox    (  401): Ljava/net/Socket;->connectV
V/DBox    (  401): Ljava/net/Socket;->closeV
V/DBox    (  401): Ljava/net/Socket;->closeV
V/DBox    (  401): Ljava/net/Socket;->connectV
V/DBox    (  401): Ljava/net/Socket;->connectV
V/DBox    (  401): Ljava/net/Socket;->closeV
V/DBox    (  401): Ljava/net/Socket;->closeV
V/DBox    (  401): 4461739 + Lcom/fsck/k9/activity/MessageList; onOptionsItemSelected Compose
V/DBox    (  401): 4461779 - Lcom/fsck/k9/activity/MessageList; onOptionsItemSelected
V/DBox    (  401): 4461799 + Lcom/fsck/k9/activity/MessageList; onSaveInstanceState
V/DBox    (  401): 4461800 - Lcom/fsck/k9/activity/MessageList; onSaveInstanceState
V/DBox    (  401): 4461801 + Lcom/fsck/k9/activity/MessageList; onPause
V/DBox    (  401): 4461801 - Lcom/fsck/k9/activity/MessageList; onPause
V/DBox    (  401): 4461816 + Lcom/fsck/k9/activity/MessageCompose; onCreate
V/DBox    (  401): 4461817 + Lcom/fsck/k9/K9Activity; onCreate
V/DBox    (  401): 4461818 - Lcom/fsck/k9/K9Activity; onCreate
V/DBox    (  401): 4461881 - Lcom/fsck/k9/activity/MessageCompose; onCreate
V/DBox    (  401): 4461881 + Lcom/fsck/k9/activity/MessageCompose; onResume
V/DBox    (  401): 4461882 + Lcom/fsck/k9/K9Activity; onResume
V/DBox    (  401): 4461883 - Lcom/fsck/k9/K9Activity; onResume
V/DBox    (  401): 4461884 - Lcom/fsck/k9/activity/MessageCompose; onResume
V/DBox    (  401): Ljava/net/Socket;->connectV
V/DBox    (  401): Ljava/net/Socket;->connectV
V/DBox    (  401): Ljava/net/Socket;->connectV
V/DBox    (  401): Ljava/net/Socket;->connectV
V/DBox    (  401): Ljava/net/Socket;->connectV
V/DBox    (  401): Ljava/net/Socket;->connectV
V/DBox    (  401): Ljava/net/Socket;->connectV
V/DBox    (  401): Ljava/net/Socket;->connectV
V/DBox    (  401): Ljava/net/Socket;->connectV
V/DBox    (  401): Ljava/net/Socket;->closeV
V/DBox    (  401): Ljava/net/Socket;->closeV
V/DBox    (  401): Ljava/net/Socket;->closeV
V/DBox    (  401): Ljava/net/Socket;->closeV
V/DBox    (  401): Ljava/net/Socket;->closeV
V/DBox    (  401): Ljava/net/Socket;->closeV
V/DBox    (  401): Ljava/net/Socket;->closeV
V/DBox    (  401): Ljava/net/Socket;->closeV
V/DBox    (  401): Ljava/net/Socket;->closeV
V/DBox    (  401): Ljava/net/Socket;->connectV
V/DBox    (  401): Ljava/net/Socket;->connectV
V/DBox    (  401): Ljava/net/Socket;->closeV
V/DBox    (  401): Ljava/net/Socket;->connectV
V/DBox    (  401): Ljava/net/Socket;->connectV
V/DBox    (  401): Ljava/net/Socket;->connectV
V/DBox    (  401): Ljava/net/Socket;->closeV
V/DBox    (  401): Ljava/net/Socket;->closeV
V/DBox    (  401): Ljava/net/Socket;->closeV
V/DBox    (  401): Ljava/net/Socket;->closeV
V/DBox    (  401): 4470342 + Lcom/fsck/k9/activity/MessageCompose; onFocusChange android.widget.EditText@464afd00
V/DBox    (  401): 4470347 - Lcom/fsck/k9/activity/MessageCompose; onFocusChange
V/DBox    (  401): Ljava/net/Socket;->connectV
V/DBox    (  401): Ljava/net/Socket;->closeV
V/DBox    (  401): 4489591 + Lcom/fsck/k9/activity/MessageCompose; onFocusChange android.widget.EditText@464afd00
V/DBox    (  401): 4489595 - Lcom/fsck/k9/activity/MessageCompose; onFocusChange
V/DBox    (  401): Ljava/net/Socket;->connectV
V/DBox    (  401): Ljava/net/Socket;->closeV
V/DBox    (  401): Ljava/net/Socket;->connectV
V/DBox    (  401): Ljava/net/Socket;->closeV
V/DBox    (  401): Ljava/net/Socket;->connectV
V/DBox    (  401): Ljava/net/Socket;->connectV
V/DBox    (  401): Ljava/net/Socket;->closeV
V/DBox    (  401): Ljava/net/Socket;->closeV
V/DBox    (  401): 4499413 + Lcom/fsck/k9/activity/MessageCompose; onCreateOptionsMenu com.android.internal.view.menu.MenuBuilder@46842470
V/DBox    (  401): 4499432 - Lcom/fsck/k9/activity/MessageCompose; onCreateOptionsMenu
V/DBox    (  401): Ljava/net/Socket;->connectV
V/DBox    (  401): Ljava/net/Socket;->closeV
V/DBox    (  401): 4500411 + Lcom/fsck/k9/activity/MessageCompose; onOptionsItemSelected Send
V/DBox    (  401): 4500541 - Lcom/fsck/k9/activity/MessageCompose; onOptionsItemSelected
V/DBox    (  401): 4500592 + Lcom/fsck/k9/activity/MessageCompose; onPause
V/DBox    (  401): 4500592 - Lcom/fsck/k9/activity/MessageCompose; onPause
V/DBox    (  401): Ljava/net/Socket;->connectV
V/DBox    (  401): 4500638 + Lcom/fsck/k9/activity/MessageList; onResume
V/DBox    (  401): 4500641 + Lcom/fsck/k9/K9Activity; onResume
V/DBox    (  401): 4500650 - Lcom/fsck/k9/K9Activity; onResume
V/DBox    (  401): Ljava/net/Socket;->closeV
V/DBox    (  401): Ljava/net/Socket;->connectV
V/DBox    (  401): 4501300 - Lcom/fsck/k9/activity/MessageList; onResume
V/DBox    (  401): Ljava/net/Socket;->closeV
V/DBox    (  401): Ljava/net/Socket;->connectV
V/DBox    (  401): Ljava/net/Socket;->connectV
V/DBox    (  401): Ljava/net/Socket;->connectV
V/DBox    (  401): Ljava/net/Socket;->connectV
V/DBox    (  401): Ljava/net/Socket;->connectV
V/DBox    (  401): Ljava/net/Socket;->connectV
V/DBox    (  401): Ljava/net/Socket;->closeV
V/DBox    (  401): Ljava/net/Socket;->closeV
V/DBox    (  401): Ljava/net/Socket;->closeV
V/DBox    (  401): Ljava/net/Socket;->closeV
V/DBox    (  401): Ljava/net/Socket;->closeV
V/DBox    (  401): 4504063 + Lcom/fsck/k9/activity/MessageList$1; onTouch android.widget.ListView@462e3528
V/DBox    (  401): 4504064 - Lcom/fsck/k9/activity/MessageList$1; onTouch
V/DBox    (  401): 4504076 + Lcom/fsck/k9/activity/MessageList$1; onTouch android.widget.ListView@462e3528
V/DBox    (  401): Ljava/net/Socket;->connectV
V/DBox    (  401): 4504082 - Lcom/fsck/k9/activity/MessageList$1; onTouch
V/DBox    (  401): 4504105 + Lcom/fsck/k9/activity/MessageList$1; onTouch android.widget.ListView@462e3528
V/DBox    (  401): 4504108 - Lcom/fsck/k9/activity/MessageList$1; onTouch
V/DBox    (  401): 4504146 + Lcom/fsck/k9/activity/MessageList$1; onTouch android.widget.ListView@462e3528
V/DBox    (  401): 4504154 - Lcom/fsck/k9/activity/MessageList$1; onTouch
V/DBox    (  401): 4504181 + Lcom/fsck/k9/activity/MessageList$1; onTouch android.widget.ListView@462e3528
V/DBox    (  401): 4504182 - Lcom/fsck/k9/activity/MessageList$1; onTouch
V/DBox    (  401): 4504436 + Lcom/fsck/k9/activity/MessageList$1; onTouch android.widget.ListView@462e3528
V/DBox    (  401): 4504442 - Lcom/fsck/k9/activity/MessageList$1; onTouch
V/DBox    (  401): 4504492 + Lcom/fsck/k9/activity/MessageList$1; onTouch android.widget.ListView@462e3528
V/DBox    (  401): 4504493 - Lcom/fsck/k9/activity/MessageList$1; onTouch
V/DBox    (  401): 4504523 + Lcom/fsck/k9/activity/MessageList$1; onTouch android.widget.ListView@462e3528
V/DBox    (  401): 4504524 - Lcom/fsck/k9/activity/MessageList$1; onTouch
V/DBox    (  401): 4504536 + Lcom/fsck/k9/activity/MessageList$1; onTouch android.widget.ListView@462e3528
V/DBox    (  401): 4504537 - Lcom/fsck/k9/activity/MessageList$1; onTouch
V/DBox    (  401): 4504561 + Lcom/fsck/k9/activity/MessageList$1; onTouch android.widget.ListView@462e3528
V/DBox    (  401): 4504561 - Lcom/fsck/k9/activity/MessageList$1; onTouch
V/DBox    (  401): 4504587 + Lcom/fsck/k9/activity/MessageList$1; onTouch android.widget.ListView@462e3528
V/DBox    (  401): 4504587 - Lcom/fsck/k9/activity/MessageList$1; onTouch
V/DBox    (  401): 4504636 + Lcom/fsck/k9/activity/MessageList$1; onTouch android.widget.ListView@462e3528
V/DBox    (  401): 4504637 - Lcom/fsck/k9/activity/MessageList$1; onTouch
V/DBox    (  401): 4504642 + Lcom/fsck/k9/activity/MessageList$1; onTouch android.widget.ListView@462e3528
V/DBox    (  401): 4504646 - Lcom/fsck/k9/activity/MessageList$1; onTouch
V/DBox    (  401): Ljava/net/Socket;->closeV
V/DBox    (  401): 4504998 + Lcom/fsck/k9/activity/MessageList$1; onTouch android.widget.ListView@462e3528
V/DBox    (  401): 4505000 - Lcom/fsck/k9/activity/MessageList$1; onTouch
V/DBox    (  401): 4505004 + Lcom/fsck/k9/activity/MessageList$1; onTouch android.widget.ListView@462e3528
V/DBox    (  401): 4505004 - Lcom/fsck/k9/activity/MessageList$1; onTouch
V/DBox    (  401): 4505030 + Lcom/fsck/k9/activity/MessageList$1; onTouch android.widget.ListView@462e3528
V/DBox    (  401): 4505031 - Lcom/fsck/k9/activity/MessageList$1; onTouch
V/DBox    (  401): 4505061 + Lcom/fsck/k9/activity/MessageList$1; onTouch android.widget.ListView@462e3528
V/DBox    (  401): 4505062 - Lcom/fsck/k9/activity/MessageList$1; onTouch
V/DBox    (  401): 4505088 + Lcom/fsck/k9/activity/MessageList$1; onTouch android.widget.ListView@462e3528
V/DBox    (  401): 4505088 - Lcom/fsck/k9/activity/MessageList$1; onTouch
V/DBox    (  401): 4505129 + Lcom/fsck/k9/activity/MessageList$1; onTouch android.widget.ListView@462e3528
V/DBox    (  401): 4505132 - Lcom/fsck/k9/activity/MessageList$1; onTouch
V/DBox    (  401): 4505148 + Lcom/fsck/k9/activity/MessageList$1; onTouch android.widget.ListView@462e3528
V/DBox    (  401): 4505148 - Lcom/fsck/k9/activity/MessageList$1; onTouch
V/DBox    (  401): 4505178 + Lcom/fsck/k9/activity/MessageList$1; onTouch android.widget.ListView@462e3528
V/DBox    (  401): 4505179 - Lcom/fsck/k9/activity/MessageList$1; onTouch
V/DBox    (  401): 4505212 + Lcom/fsck/k9/activity/MessageList$1; onTouch android.widget.ListView@462e3528
V/DBox    (  401): 4505213 - Lcom/fsck/k9/activity/MessageList$1; onTouch
V/DBox    (  401): 4505243 + Lcom/fsck/k9/activity/MessageList$1; onTouch android.widget.ListView@462e3528
V/DBox    (  401): 4505244 - Lcom/fsck/k9/activity/MessageList$1; onTouch
V/DBox    (  401): 4505264 + Lcom/fsck/k9/activity/MessageList$1; onTouch android.widget.ListView@462e3528
V/DBox    (  401): 4505265 - Lcom/fsck/k9/activity/MessageList$1; onTouch
V/DBox    (  401): 4505283 + Lcom/fsck/k9/activity/MessageList$1; onTouch android.widget.ListView@462e3528
V/DBox    (  401): 4505284 - Lcom/fsck/k9/activity/MessageList$1; onTouch
V/DBox    (  401): 4505315 + Lcom/fsck/k9/activity/MessageList$1; onTouch android.widget.ListView@462e3528
V/DBox    (  401): 4505316 - Lcom/fsck/k9/activity/MessageList$1; onTouch
V/DBox    (  401): 4505351 + Lcom/fsck/k9/activity/MessageList$1; onTouch android.widget.ListView@462e3528
V/DBox    (  401): 4505352 - Lcom/fsck/k9/activity/MessageList$1; onTouch
V/DBox    (  401): 4505369 + Lcom/fsck/k9/activity/MessageList$1; onTouch android.widget.ListView@462e3528
V/DBox    (  401): 4505370 - Lcom/fsck/k9/activity/MessageList$1; onTouch
V/DBox    (  401): 4505395 + Lcom/fsck/k9/activity/MessageList$1; onTouch android.widget.ListView@462e3528
V/DBox    (  401): 4505395 - Lcom/fsck/k9/activity/MessageList$1; onTouch
V/DBox    (  401): 4505425 + Lcom/fsck/k9/activity/MessageList$1; onTouch android.widget.ListView@462e3528
V/DBox    (  401): 4505425 - Lcom/fsck/k9/activity/MessageList$1; onTouch
V/DBox    (  401): 4505427 + Lcom/fsck/k9/activity/MessageList$1; onTouch android.widget.ListView@462e3528
V/DBox    (  401): 4505430 - Lcom/fsck/k9/activity/MessageList$1; onTouch
V/DBox    (  401): Ljava/net/Socket;->closeV
V/DBox    (  401): 4505973 + Lcom/fsck/k9/activity/MessageList$1; onTouch android.widget.ListView@462e3528
V/DBox    (  401): 4505975 - Lcom/fsck/k9/activity/MessageList$1; onTouch
V/DBox    (  401): 4505984 + Lcom/fsck/k9/activity/MessageList$1; onTouch android.widget.ListView@462e3528
V/DBox    (  401): 4505985 - Lcom/fsck/k9/activity/MessageList$1; onTouch
V/DBox    (  401): 4506014 + Lcom/fsck/k9/activity/MessageList$1; onTouch android.widget.ListView@462e3528
V/DBox    (  401): 4506015 - Lcom/fsck/k9/activity/MessageList$1; onTouch
V/DBox    (  401): 4506037 + Lcom/fsck/k9/activity/MessageList$1; onTouch android.widget.ListView@462e3528
V/DBox    (  401): 4506037 - Lcom/fsck/k9/activity/MessageList$1; onTouch
V/DBox    (  401): 4506055 + Lcom/fsck/k9/activity/MessageList$1; onTouch android.widget.ListView@462e3528
V/DBox    (  401): 4506061 - Lcom/fsck/k9/activity/MessageList$1; onTouch
V/DBox    (  401): Ljava/net/Socket;->connectV
V/DBox    (  401): 4506202 + Lcom/fsck/k9/activity/MessageList; onItemClick android.widget.ListView@462e3528
V/DBox    (  401): 4506245 - Lcom/fsck/k9/activity/MessageList; onItemClick
V/DBox    (  401): 4506246 + Lcom/fsck/k9/activity/MessageList; onSaveInstanceState
V/DBox    (  401): 4506248 - Lcom/fsck/k9/activity/MessageList; onSaveInstanceState
V/DBox    (  401): 4506248 + Lcom/fsck/k9/activity/MessageList; onPause
V/DBox    (  401): 4506249 - Lcom/fsck/k9/activity/MessageList; onPause
V/DBox    (  401): 4506369 + Lcom/fsck/k9/activity/MessageView; onCreate
V/DBox    (  401): 4506370 + Lcom/fsck/k9/K9Activity; onCreate
V/DBox    (  401): 4506373 - Lcom/fsck/k9/K9Activity; onCreate
V/DBox    (  401): Ljava/net/Socket;->connectV
V/DBox    (  401): Ljava/net/Socket;->connectV
V/DBox    (  401): 4506497 - Lcom/fsck/k9/activity/MessageView; onCreate
V/DBox    (  401): 4506498 + Lcom/fsck/k9/activity/MessageView; onResume
V/DBox    (  401): 4506498 + Lcom/fsck/k9/K9Activity; onResume
V/DBox    (  401): 4506501 - Lcom/fsck/k9/K9Activity; onResume
V/DBox    (  401): 4506502 - Lcom/fsck/k9/activity/MessageView; onResume
V/DBox    (  401): Ljava/net/Socket;->closeV
V/DBox    (  401): Ljava/net/Socket;->closeV
V/DBox    (  401): Ljava/net/Socket;->closeV
V/DBox    (  401): Ljava/net/Socket;->connectV
V/DBox    (  401): Ljava/net/Socket;->connectV
V/DBox    (  401): Ljava/net/Socket;->connectV
V/DBox    (  401): Ljava/net/Socket;->closeV
V/DBox    (  401): Ljava/net/Socket;->closeV
V/DBox    (  401): Ljava/net/Socket;->closeV
V/DBox    (  401): Ljava/net/Socket;->connectV
V/DBox    (  401): Ljava/net/Socket;->connectV
V/DBox    (  401): 4509722 + Lcom/fsck/k9/activity/MessageView; onClick android.widget.Button@465b83c0
V/DBox    (  401): 4509731 - Lcom/fsck/k9/activity/MessageView; onClick
V/DBox    (  401): Ljava/net/Socket;->connectV
V/DBox    (  401): Ljava/net/Socket;->closeV
V/DBox    (  401): Ljava/net/Socket;->closeV
V/DBox    (  401): Ljava/net/Socket;->closeV
V/DBox    (  401): Ljava/net/Socket;->connectV
V/DBox    (  401): Ljava/net/Socket;->closeV
V/DBox    (  401): Ljava/net/Socket;->connectV
V/DBox    (  401): 4514916 + Lcom/fsck/k9/activity/MessageView; onClick android.widget.Button@4669cb10
V/DBox    (  401): 4514927 - Lcom/fsck/k9/activity/MessageView; onClick
V/DBox    (  401): Ljava/net/Socket;->connectV
V/DBox    (  401): Ljava/net/Socket;->connectV
V/DBox    (  401): Ljava/net/Socket;->connectV
V/DBox    (  401): Ljava/net/Socket;->connectV
V/DBox    (  401): Ljava/net/Socket;->connectV
V/DBox    (  401): Ljava/net/Socket;->connectV
V/DBox    (  401): Ljava/net/Socket;->connectV
V/DBox    (  401): Ljava/net/Socket;->closeV
V/DBox    (  401): Ljava/net/Socket;->closeV
V/DBox    (  401): Ljava/net/Socket;->connectV
V/DBox    (  401): Ljava/net/Socket;->closeV
V/DBox    (  401): Ljava/net/Socket;->closeV
V/DBox    (  401): Ljava/net/Socket;->closeV
V/DBox    (  401): Ljava/net/Socket;->closeV
V/DBox    (  401): Ljava/net/Socket;->closeV
V/DBox    (  401): Ljava/net/Socket;->closeV
V/DBox    (  401): Ljava/net/Socket;->closeV
V/DBox    (  401): Ljava/net/Socket;->connectV
V/DBox    (  401): 4518074 + Lcom/fsck/k9/activity/MessageView; onClick android.widget.Button@4669cb10
V/DBox    (  401): 4518079 - Lcom/fsck/k9/activity/MessageView; onClick
V/DBox    (  401): Ljava/net/Socket;->closeV
V/DBox    (  401): Ljava/net/Socket;->connectV
V/DBox    (  401): Ljava/net/Socket;->connectV
V/DBox    (  401): Ljava/net/Socket;->connectV
V/DBox    (  401): Ljava/net/Socket;->connectV
V/DBox    (  401): Ljava/net/Socket;->connectV
V/DBox    (  401): 4520152 + Lcom/fsck/k9/activity/MessageView; onClick android.widget.Button@465b83c0
V/DBox    (  401): 4520153 - Lcom/fsck/k9/activity/MessageView; onClick
V/DBox    (  401): Ljava/net/Socket;->closeV
V/DBox    (  401): Ljava/net/Socket;->closeV
V/DBox    (  401): Ljava/net/Socket;->closeV
V/DBox    (  401): Ljava/net/Socket;->closeV
V/DBox    (  401): Ljava/net/Socket;->closeV
V/DBox    (  401): Ljava/net/Socket;->connectV
V/DBox    (  401): Ljava/net/Socket;->connectV
V/DBox    (  401): Ljava/net/Socket;->closeV
V/DBox    (  401): 4522770 + Lcom/fsck/k9/activity/MessageList; onResume
V/DBox    (  401): 4522770 + Lcom/fsck/k9/K9Activity; onResume
V/DBox    (  401): 4522772 - Lcom/fsck/k9/K9Activity; onResume
V/DBox    (  401): 4523104 - Lcom/fsck/k9/activity/MessageList; onResume
V/DBox    (  401): Ljava/net/Socket;->closeV
V/DBox    (  401): Ljava/net/Socket;->connectV
V/DBox    (  401): Ljava/net/Socket;->closeV
V/DBox    (  401): Ljava/net/Socket;->connectV
V/DBox    (  401): Ljava/net/Socket;->closeV
V/DBox    (  401): 4526549 + Lcom/fsck/k9/activity/MessageList; onSaveInstanceState
V/DBox    (  401): 4526550 - Lcom/fsck/k9/activity/MessageList; onSaveInstanceState
V/DBox    (  401): 4526551 + Lcom/fsck/k9/activity/MessageList; onPause
V/DBox    (  401): 4526551 - Lcom/fsck/k9/activity/MessageList; onPause
V/DBox    (  401): 4531490 + Lcom/fsck/k9/service/MailService; onCreate
V/DBox    (  401): 4531491 - Lcom/fsck/k9/service/MailService; onCreate
V/DBox    (  401): 4531562 + Lcom/fsck/k9/service/MailService; onDestroy
V/DBox    (  401): 4531562 - Lcom/fsck/k9/service/MailService; onDestroy
V/DBox    (  401): Ljava/net/Socket;->connectV
V/DBox    (  401): Ljava/net/Socket;->connectV
V/DBox    (  401): Ljava/net/Socket;->closeV
V/DBox    (  401): Ljava/net/Socket;->closeV
V/DBox    (  401): Ljava/net/Socket;->connectV
V/DBox    (  401): Ljava/net/Socket;->connectV
V/DBox    (  401): Ljava/net/Socket;->closeV
V/DBox    (  401): Ljava/net/Socket;->closeV
V/DBox    (  401): Ljava/net/Socket;->connectV
V/DBox    (  401): Ljava/net/Socket;->closeV
V/DBox    (  401): Ljava/net/Socket;->connectV
V/DBox    (  401): Ljava/net/Socket;->connectV
V/DBox    (  401): Ljava/net/Socket;->closeV
V/DBox    (  401): Ljava/net/Socket;->closeV
V/DBox    (  401): Ljava/net/Socket;->connectV
V/DBox    (  401): Ljava/net/Socket;->connectV
V/DBox    (  401): Ljava/net/Socket;->connectV
V/DBox    (  401): Ljava/net/Socket;->connectV
V/DBox    (  401): Ljava/net/Socket;->connectV
V/DBox    (  401): Ljava/net/Socket;->closeV
V/DBox    (  401): Ljava/net/Socket;->closeV
V/DBox    (  401): Ljava/net/Socket;->closeV
V/DBox    (  401): Ljava/net/Socket;->closeV
V/DBox    (  401): Ljava/net/Socket;->closeV
V/DBox    (  401): Ljava/net/Socket;->connectV
V/DBox    (  401): Ljava/net/Socket;->closeV
V/DBox    (  401): Ljava/net/Socket;->connectV
V/DBox    (  401): Ljava/net/Socket;->connectV
V/DBox    (  401): Ljava/net/Socket;->connectV
V/DBox    (  401): Ljava/net/Socket;->closeV
V/DBox    (  401): Ljava/net/Socket;->closeV
V/DBox    (  401): Ljava/net/Socket;->closeV
V/DBox    (  401): Ljava/net/Socket;->connectV
V/DBox    (  401): Ljava/net/Socket;->closeV
V/DBox    (  401): Ljava/net/Socket;->connectV
V/DBox    (  401): Ljava/net/Socket;->connectV
V/DBox    (  401): Ljava/net/Socket;->closeV
V/DBox    (  401): Ljava/net/Socket;->closeV
V/DBox    (  401): Ljava/net/Socket;->connectV
V/DBox    (  401): Ljava/net/Socket;->closeV
V/DBox    (  401): Ljava/net/Socket;->connectV
V/DBox    (  401): 4565799 + Lcom/fsck/k9/activity/MessageList; onResume
V/DBox    (  401): 4565800 + Lcom/fsck/k9/K9Activity; onResume
V/DBox    (  401): 4565805 - Lcom/fsck/k9/K9Activity; onResume
V/DBox    (  401): Ljava/net/Socket;->connectV
V/DBox    (  401): 4566223 - Lcom/fsck/k9/activity/MessageList; onResume
V/DBox    (  401): Ljava/net/Socket;->closeV
V/DBox    (  401): Ljava/net/Socket;->closeV
V/DBox    (  401): Ljava/net/Socket;->connectV
V/DBox    (  401): Ljava/net/Socket;->connectV
V/DBox    (  401): Ljava/net/Socket;->connectV
V/DBox    (  401): Ljava/net/Socket;->connectV
V/DBox    (  401): Ljava/net/Socket;->connectV
V/DBox    (  401): Ljava/net/Socket;->connectV
V/DBox    (  401): Ljava/net/Socket;->connectV
V/DBox    (  401): Ljava/net/Socket;->closeV
V/DBox    (  401): Ljava/net/Socket;->closeV
V/DBox    (  401): Ljava/net/Socket;->closeV
V/DBox    (  401): Ljava/net/Socket;->closeV
V/DBox    (  401): Ljava/net/Socket;->closeV
V/DBox    (  401): Ljava/net/Socket;->closeV
V/DBox    (  401): Ljava/net/Socket;->closeV
V/DBox    (  401): 4568672 + Lcom/fsck/k9/activity/MessageList$1; onTouch android.widget.ListView@462e3528
V/DBox    (  401): 4568673 - Lcom/fsck/k9/activity/MessageList$1; onTouch
V/DBox    (  401): 4568684 + Lcom/fsck/k9/activity/MessageList$1; onTouch android.widget.ListView@462e3528
V/DBox    (  401): 4568685 - Lcom/fsck/k9/activity/MessageList$1; onTouch
V/DBox    (  401): 4568712 + Lcom/fsck/k9/activity/MessageList$1; onTouch android.widget.ListView@462e3528
V/DBox    (  401): 4568712 - Lcom/fsck/k9/activity/MessageList$1; onTouch
V/DBox    (  401): 4568740 + Lcom/fsck/k9/activity/MessageList$1; onTouch android.widget.ListView@462e3528
V/DBox    (  401): 4568740 - Lcom/fsck/k9/activity/MessageList$1; onTouch
V/DBox    (  401): 4568768 + Lcom/fsck/k9/activity/MessageList$1; onTouch android.widget.ListView@462e3528
V/DBox    (  401): 4568769 - Lcom/fsck/k9/activity/MessageList$1; onTouch
V/DBox    (  401): 4569083 + Lcom/fsck/k9/activity/MessageList$1; onTouch android.widget.ListView@462e3528
V/DBox    (  401): 4569087 - Lcom/fsck/k9/activity/MessageList$1; onTouch
V/DBox    (  401): 4569145 + Lcom/fsck/k9/activity/MessageList$1; onTouch android.widget.ListView@462e3528
V/DBox    (  401): 4569146 - Lcom/fsck/k9/activity/MessageList$1; onTouch
V/DBox    (  401): 4569979 + Lcom/fsck/k9/activity/MessageList$1; onTouch android.widget.ListView@462e3528
V/DBox    (  401): 4569981 - Lcom/fsck/k9/activity/MessageList$1; onTouch
V/DBox    (  401): 4569994 + Lcom/fsck/k9/activity/MessageList$1; onTouch android.widget.ListView@462e3528
V/DBox    (  401): 4569998 - Lcom/fsck/k9/activity/MessageList$1; onTouch
V/DBox    (  401): 4570022 + Lcom/fsck/k9/activity/MessageList$1; onTouch android.widget.ListView@462e3528
V/DBox    (  401): 4570023 - Lcom/fsck/k9/activity/MessageList$1; onTouch
V/DBox    (  401): 4570047 + Lcom/fsck/k9/activity/MessageList$1; onTouch android.widget.ListView@462e3528
V/DBox    (  401): 4570049 - Lcom/fsck/k9/activity/MessageList$1; onTouch
V/DBox    (  401): 4570076 + Lcom/fsck/k9/activity/MessageList$1; onTouch android.widget.ListView@462e3528
V/DBox    (  401): 4570080 - Lcom/fsck/k9/activity/MessageList$1; onTouch
V/DBox    (  401): 4570107 + Lcom/fsck/k9/activity/MessageList$1; onTouch android.widget.ListView@462e3528
V/DBox    (  401): 4570134 - Lcom/fsck/k9/activity/MessageList$1; onTouch
V/DBox    (  401): 4570142 + Lcom/fsck/k9/activity/MessageList$1; onTouch android.widget.ListView@462e3528
V/DBox    (  401): 4570161 - Lcom/fsck/k9/activity/MessageList$1; onTouch
V/DBox    (  401): Ljava/net/Socket;->connectV
V/DBox    (  401): Ljava/net/Socket;->connectV
V/DBox    (  401): Ljava/net/Socket;->connectV
V/DBox    (  401): Ljava/net/Socket;->connectV
V/DBox    (  401): 4570334 + Lcom/fsck/k9/activity/MessageList; onItemClick android.widget.ListView@462e3528
V/DBox    (  401): 4570392 - Lcom/fsck/k9/activity/MessageList; onItemClick
V/DBox    (  401): 4570409 + Lcom/fsck/k9/activity/MessageList; onSaveInstanceState
V/DBox    (  401): 4570410 - Lcom/fsck/k9/activity/MessageList; onSaveInstanceState
V/DBox    (  401): 4570411 + Lcom/fsck/k9/activity/MessageList; onPause
V/DBox    (  401): 4570411 - Lcom/fsck/k9/activity/MessageList; onPause
V/DBox    (  401): 4570495 + Lcom/fsck/k9/activity/MessageView; onCreate
V/DBox    (  401): 4570496 + Lcom/fsck/k9/K9Activity; onCreate
V/DBox    (  401): 4570498 - Lcom/fsck/k9/K9Activity; onCreate
V/DBox    (  401): 4570689 - Lcom/fsck/k9/activity/MessageView; onCreate
V/DBox    (  401): 4570690 + Lcom/fsck/k9/activity/MessageView; onResume
V/DBox    (  401): 4570690 + Lcom/fsck/k9/K9Activity; onResume
V/DBox    (  401): 4570692 - Lcom/fsck/k9/K9Activity; onResume
V/DBox    (  401): 4570692 - Lcom/fsck/k9/activity/MessageView; onResume
V/DBox    (  401): Ljava/net/Socket;->closeV
V/DBox    (  401): Ljava/net/Socket;->closeV
V/DBox    (  401): Ljava/net/Socket;->closeV
V/DBox    (  401): Ljava/net/Socket;->closeV
V/DBox    (  401): Ljava/net/Socket;->connectV
V/DBox    (  401): Ljava/net/Socket;->connectV
V/DBox    (  401): 4572211 + Lcom/fsck/k9/activity/MessageView; onClick android.widget.Button@467c1670
V/DBox    (  401): Ljava/net/Socket;->closeV
V/DBox    (  401): 4572226 - Lcom/fsck/k9/activity/MessageView; onClick
V/DBox    (  401): Ljava/net/Socket;->connectV
V/DBox    (  401): Ljava/net/Socket;->closeV
V/DBox    (  401): Ljava/net/Socket;->closeV
V/DBox    (  401): 4575831 + Lcom/fsck/k9/activity/MessageView; onClick android.widget.Button@46908a40
V/DBox    (  401): 4575840 - Lcom/fsck/k9/activity/MessageView; onClick
V/DBox    (  401): Ljava/net/Socket;->connectV
V/DBox    (  401): Ljava/net/Socket;->closeV
V/DBox    (  401): Ljava/net/Socket;->connectV
V/DBox    (  401): Ljava/net/Socket;->closeV
V/DBox    (  401): 4580074 + Lcom/fsck/k9/activity/MessageView; onClick android.widget.Button@46733ae8
V/DBox    (  401): 4580080 - Lcom/fsck/k9/activity/MessageView; onClick
V/DBox    (  401): Ljava/net/Socket;->connectV
V/DBox    (  401): Ljava/net/Socket;->closeV
V/DBox    (  401): Ljava/net/Socket;->connectV
V/DBox    (  401): Ljava/net/Socket;->closeV
V/DBox    (  401): 4587240 + Lcom/fsck/k9/activity/MessageView; onSaveInstanceState
V/DBox    (  401): 4587240 - Lcom/fsck/k9/activity/MessageView; onSaveInstanceState
