associate 10078 edu.umich.PowerTutor@13
associate 10003 android.uid.shared:10003@19
associate 10004 com.android.defcontainer@19
associate 10005 android.media:10005@19
associate 10006 com.android.externalstorage@19
associate 10007 com.google.uid.shared:10007@19
associate 10011 com.google.android.partnersetup@19
associate 10012 android.uid.systemui:10012@19
associate 10013 com.android.musicfx@10400
associate 10014 com.android.vending@80300031
associate 10019 com.google.android.googlequicksearchbox@300303110
associate 10021 com.google.android.apps.walletnfcrel@1065
associate 10031 com.android.chrome@1700099
associate 10035 com.google.android.apps.docs@1248418
associate 10039 com.google.android.gallery3d@40304
associate 10054 com.google.android.inputmethod.latin@19003
associate 10056 com.google.android.apps.magazines@133431644
associate 10063 com.google.android.apps.plus@413263375
associate 10076 eu.chainfire.supersu@213
associate 10081 com.antutu.CpuMasterFree@2050300
associate 10082 edu.osu.cse.powermodeltest@1
