associate 10078 edu.umich.PowerTutor@13
associate 10001 android.uid.calendar:10001@19
associate 10003 android.uid.shared:10003@19
associate 10004 com.android.defcontainer@19
associate 10005 android.media:10005@19
associate 10007 com.google.uid.shared:10007@19
associate 10012 android.uid.systemui:10012@19
associate 10014 com.android.vending@80300031
associate 10019 com.google.android.googlequicksearchbox@300303110
associate 10025 com.google.android.apps.books@30149
associate 10028 com.google.android.calendar.uid.shared:10028@201308023
associate 10031 com.android.chrome@1700099
associate 10035 com.google.android.apps.docs@1248418
associate 10039 com.google.android.gallery3d@40304
associate 10041 com.google.android.gm@4900120
associate 10043 com.google.android.ears@15
associate 10052 com.google.android.keep@2302
associate 10054 com.google.android.inputmethod.latin@19003
associate 10056 com.google.android.apps.magazines@133431644
associate 10058 com.google.android.music@1623
associate 10063 com.google.android.apps.plus@413263375
associate 10070 com.google.android.videos@30270
associate 10081 com.antutu.CpuMasterFree@2050300
associate 10082 edu.osu.cse.powermodeltest@1
