up_time cpu_freq utime work_time total_time screen_on brightness wifi_on wifi_rx_bytes wifi_tx_bytes
 6647825	 0.27966103	 43863 128587 753280	 1 1.0	 1 601013317 9690565
 6648317	 0.27966103	 43873 128609 753374	 1 1.0	 1 601275817 9695721
 6648804	 0.27966103	 43880 128624 753462	 1 1.0	 1 601629817 9703145
 6649305	 0.27966103	 43886 128641 753554	 1 1.0	 1 601934317 9708901
 6649804	 0.27966103	 43892 128653 753643	 1 1.0	 1 602273317 9714569
 6650341	 0.105932206	 43899 128670 753735	 1 1.0	 1 602624317 9719717
 6650807	 0.21186441	 43918 128715 753879	 1 1.0	 1 603029317 9726633
 6651342	 0.25	 43936 128747 753974	 1 1.0	 1 603354817 9734401
 6651803	 0.6398305	 43972 128806 754119	 1 1.0	 1 603759817 9741005
 6652312	 0.27966103	 43992 128856 754262	 1 1.0	 1 604182817 9746933
 6652804	 0.27966103	 44017 128905 754394	 1 1.0	 1 604679317 9754317
 6653303	 0.27966103	 44026 128931 754486	 1 1.0	 1 605318317 9764873
 6653805	 0.27966103	 44031 128951 754581	 1 1.0	 1 605756317 9772153
 6654312	 0.27966103	 44037 128965 754678	 1 1.0	 1 605945317 9776681
 6654803	 0.27966103	 44046 128989 754773	 1 1.0	 1 606434317 9785001
 6655321	 0.17293432	 44052 129011 754869	 1 1.0	 1 606923317 9792853
 6655819	 0.105932206	 44060 129028 754947	 1 1.0	 1 607331317 9803413
 6656331	 0.105932206	 44066 129053 755025	 1 1.0	 1 607830817 9812261
 6656859	 0.25	 44075 129082 755094	 1 1.0	 1 608231345 9817357
 6657344	 0.105932206	 44084 129103 755199	 1 1.0	 1 608654345 9823181
 6657812	 0.105932206	 44089 129122 755263	 1 1.0	 1 609143345 9830045
 6658305	 0.27966103	 44101 129148 755350	 1 0.6784313725490196	 1 609710457 9840897
 6658804	 0.27966103	 44110 129168 755438	 1 0.4980392156862745	 1 610278957 9852077
 6659308	 0.27966103	 44115 129190 755536	 1 0.4980392156862745	 1 610683957 9862773
 6659805	 0.27966103	 44121 129202 755628	 1 0.4980392156862745	 1 610961457 9869733
 6660306	 0.27966103	 44128 129221 755722	 1 0.4980392156862745	 1 611490957 9878885
 6660806	 0.27966103	 44133 129239 755819	 1 0.4980392156862745	 1 611867457 9889141
 6661314	 0.105932206	 44138 129264 755893	 1 0.4980392156862745	 1 612350457 9894757
 6661822	 0.105932206	 44144 129283 756017	 1 0.4980392156862745	 1 612875457 9904357
 6662321	 0.105932206	 44149 129307 756142	 1 0.4980392156862745	 1 613313457 9911065
 6662820	 0.105932206	 44154 129325 756200	 1 0.4980392156862745	 1 613604457 9918353
 6663346	 0.25	 44163 129347 756311	 1 0.4980392156862745	 1 613935957 9925045
 6663853	 0.25	 44171 129362 756355	 1 0.4980392156862745	 1 614312457 9931277
 6664361	 0.105932206	 44178 129378 756402	 1 0.4980392156862745	 1 614582457 9938185
 6664835	 0.04661017	 44182 129395 756507	 1 0.4980392156862745	 1 614924457 9943073
 6665320	 0.25	 44191 129421 756592	 1 0.4980392156862745	 1 615239457 9947805
 6665817	 0.25	 44201 129443 756636	 1 0.4980392156862745	 1 615731457 9954721
 6666337	 0.033103812	 44211 129460 756747	 1 0.4980392156862745	 1 615924957 9959677
 6666863	 0.25	 44217 129478 756797	 1 0.4980392156862745	 1 616155957 9964233
 6667330	 0.25	 44227 129498 756840	 1 0.4980392156862745	 1 616437957 9967769
 6667848	 0.04661017	 44236 129531 756916	 1 0.4980392156862745	 1 616871457 9973761
 6668319	 0.17213982	 44244 129553 757008	 1 0.4980392156862745	 1 617300569 9981754
 6668843	 0.105932206	 44253 129584 757120	 1 0.4980392156862745	 1 617768569 9995078
 6669353	 0.105932206	 44260 129603 757226	 1 0.4980392156862745	 1 618266569 10003970
 6669849	 0.033103812	 44269 129626 757272	 1 0.4980392156862745	 1 618787069 10011470
 6670319	 0.105932206	 44279 129644 757400	 1 0.4980392156862745	 1 619031569 10018962
 6670827	 0.105932206	 44284 129664 757474	 1 0.4980392156862745	 1 619435069 10025374
 6671326	 0.105932206	 44292 129688 757527	 1 0.4980392156862745	 1 619777069 10029950
 6671839	 0.033103812	 44297 129709 757575	 1 0.4980392156862745	 1 620243569 10035670
 6672349	 0.25	 44303 129731 757681	 1 0.4980392156862745	 1 620629069 10044246
 6672818	 0.105932206	 44311 129762 757786	 1 0.4980392156862745	 1 621199069 10053302
 6673357	 0.25	 44321 129790 757911	 1 0.4980392156862745	 1 621688147 10060322
 6673826	 0.105932206	 44328 129806 757952	 1 0.4980392156862745	 1 622129147 10067558
 6674316	 0.105932206	 44333 129825 758058	 1 0.4980392156862745	 1 622393147 10071622
 6674807	 0.25	 44337 129838 758119	 1 0.4980392156862745	 1 622769647 10081174
 6675326	 0.25	 44338 129855 758161	 1 0.4980392156862745	 1 623128147 10086974
 6675817	 0.105932206	 44341 129870 758214	 1 0.4980392156862745	 1 623443147 10094614
 6676345	 0.25	 44349 129889 758262	 1 0.4980392156862745	 1 623746147 10101942
 6676810	 0.25	 44353 129910 758349	 1 0.4980392156862745	 1 623915647 10104814
 6677318	 0.25	 44356 129927 758395	 1 0.4980392156862745	 1 624256147 10109454
 6677806	 0.25	 44358 129946 758438	 1 0.4980392156862745	 1 624812647 10117618
 6678325	 0.105932206	 44365 129973 758509	 1 0.4980392156862745	 1 625453147 10127030
 6678824	 0.105932206	 44373 129995 758600	 1 0.4980392156862745	 1 626065147 10136598
 6679315	 0.25	 44384 130017 758652	 1 0.4980392156862745	 1 626557147 10146214
 6679823	 0.105932206	 44392 130041 758720	 1 0.4980392156862745	 1 626896147 10154554
 6680325	 0.25	 44402 130069 758767	 1 0.4980392156862745	 1 627286147 10164946
 6680848	 0.04661017	 44408 130088 758809	 1 0.4980392156862745	 1 627832147 10172590
 6681323	 0.105932206	 44415 130113 758934	 1 0.4980392156862745	 1 628342147 10180858
 6681872	 0.25	 44421 130140 759041	 1 0.4980392156862745	 1 628777147 10186942
 6682308	 0.25	 44425 130156 759081	 1 0.4980392156862745	 1 629206147 10192818
 6682813	 0.105932206	 44430 130184 759174	 1 0.4980392156862745	 1 629884147 10203878
 6683350	 0.04661017	 44438 130212 759310	 1 0.4980392156862745	 1 630434647 10212614
 6683814	 0.097457625	 44448 130232 759433	 1 0.4980392156862745	 1 630844147 10219634
 6684335	 0.0720339	 44458 130252 759484	 1 0.4980392156862745	 1 631087147 10225030
 6684822	 0.105932206	 44465 130280 759607	 1 0.4980392156862745	 1 631624124 10233662
 6685311	 0.21186441	 44472 130310 759758	 1 0.4980392156862745	 1 632273713 10246347
 6685817	 0.105932206	 44479 130338 759839	 1 0.4980392156862745	 1 632966713 10258931
 6686341	 0.105932206	 44486 130361 759944	 1 0.4980392156862745	 1 633562213 10270999
 6686847	 0.105932206	 44495 130391 760047	 1 0.4980392156862745	 1 634237213 10284163
 6687309	 0.25	 44503 130413 760091	 1 0.4980392156862745	 1 634849213 10296231
 6687806	 0.25	 44509 130448 760167	 1 0.4980392156862745	 1 635651713 10306891
 6688309	 0.15254237	 44517 130492 760263	 1 0.4980392156862745	 1 636551713 10320671
 6688814	 0.21186441	 44524 130526 760354	 1 0.4980392156862745	 1 637205713 10331071
 6689310	 0.105932206	 44531 130546 760397	 1 0.4980392156862745	 1 637667765 10343151
 6689814	 0.25	 44540 130568 760482	 1 0.4980392156862745	 1 638189765 10349891
 6690308	 0.21186441	 44551 130602 760617	 1 0.4980392156862745	 1 639136265 10365647
 6690813	 0.105932206	 44563 130640 760704	 1 0.4980392156862745	 1 639872765 10376619
 6691314	 0.105932206	 44568 130665 760812	 1 0.4980392156862745	 1 640240265 10385131
 6691820	 0.105932206	 44572 130688 760940	 1 0.4980392156862745	 1 640610765 10394999
 6692323	 0.105932206	 44581 130708 761044	 1 0.4980392156862745	 1 640970765 10401419
 6692847	 0.25	 44589 130728 761090	 1 0.4980392156862745	 1 641326265 10407979
 6693337	 0.033103812	 44598 130749 761157	 1 0.4980392156862745	 1 641729765 10414063
 6693816	 0.105932206	 44605 130766 761262	 1 0.4980392156862745	 1 641987765 10418639
 6694315	 0.105932206	 44613 130788 761307	 1 0.4980392156862745	 1 642511265 10426815
 6694847	 0.105932206	 44624 130812 761442	 1 0.4980392156862745	 1 642817265 10431859
 6695352	 0.25	 44631 130827 761488	 1 0.4980392156862745	 1 643027265 10435739
 6695850	 0.25	 44638 130846 761535	 1 0.4980392156862745	 1 643360265 10444915
 6696323	 0.0720339	 44643 130869 761639	 1 0.4980392156862745	 1 643766765 10452039
 6696822	 0.105932206	 44659 130892 761685	 1 0.4980392156862745	 1 644116265 10462455
 6697321	 0.105932206	 44673 130918 761793	 1 0.4980392156862745	 1 644452265 10467615
 6697806	 0.25	 44682 130943 761879	 1 0.4980392156862745	 1 644888765 10475415
 6698307	 0.25	 44686 130959 761925	 1 0.4980392156862745	 1 645449765 10483423
 6698847	 0.25	 44694 130984 762050	 1 0.4980392156862745	 1 645734765 10490567
 6699346	 0.25	 44702 131002 762095	 1 0.4980392156862745	 1 646072265 10496511
 6699841	 0.25	 44705 131019 762137	 1 0.4980392156862745	 1 646507265 10502567
 6700342	 0.25	 44710 131039 762183	 1 0.4980392156862745	 1 646919765 10509711
 6700806	 0.25	 44716 131057 762236	 1 0.4980392156862745	 1 647338265 10516323
 6701312	 0.25	 44722 131075 762281	 1 0.4980392156862745	 1 647758265 10522563
 6701814	 0.25	 44727 131095 762338	 1 0.4980392156862745	 1 648116765 10531535
 6702337	 0.105932206	 44733 131115 762385	 1 0.4980392156862745	 1 648461765 10536923
 6702814	 0.105932206	 44742 131133 762522	 1 0.4980392156862745	 1 648731765 10545127
 6703316	 0.105932206	 44750 131158 762595	 1 0.4980392156862745	 1 649166765 10554179
 6703817	 0.105932206	 44762 131181 762728	 1 0.4980392156862745	 1 649418765 10558547
 6704338	 0.033103812	 44767 131207 762779	 1 0.4980392156862745	 1 649862765 10564423
 6704825	 0.0720339	 44772 131226 762896	 1 0.4980392156862745	 1 650306765 10571495
 6705312	 0.25	 44780 131247 762949	 1 0.4980392156862745	 1 650633765 10576383
 6705808	 0.25	 44789 131268 762995	 1 0.4980392156862745	 1 651083765 10582415
 6706327	 0.25	 44795 131291 763093	 1 0.4980392156862745	 1 651512765 10588395
 6706832	 0.25	 44801 131307 763137	 1 0.4980392156862745	 1 651907265 10596391
 6707317	 0.105932206	 44806 131323 763192	 1 0.4980392156862745	 1 652226765 10600711
 6707818	 0.105932206	 44811 131348 763257	 1 0.4980392156862745	 1 652841765 10609523
 6708357	 0.25	 44819 131375 763379	 1 0.4980392156862745	 1 653435765 10617843
 6708861	 0.033103812	 44827 131398 763428	 1 0.4980392156862745	 1 653825765 10623431
 6709335	 0.25	 44835 131418 763469	 1 0.4980392156862745	 1 654197765 10632247
 6709820	 0.0720339	 44840 131438 763596	 1 0.4980392156862745	 1 654628265 10641027
 6710340	 0.105932206	 44846 131462 763695	 1 0.4980392156862745	 1 655088765 10647111
 6710833	 0.0720339	 44853 131488 763794	 1 0.4980392156862745	 1 655685765 10655743
 6711321	 0.105932206	 44860 131512 763916	 1 0.4980392156862745	 1 655985765 10662175
 6711857	 0.25	 44866 131539 763969	 1 0.4980392156862745	 1 656408765 10669127
 6712353	 0.25	 44873 131560 764014	 1 0.4980392156862745	 1 656753765 10676119
 6712866	 0.25	 44882 131583 764060	 1 0.4980392156862745	 1 657233765 10683399
 6713323	 0.0720339	 44889 131603 764155	 1 0.4980392156862745	 1 657715265 10691199
 6713837	 0.033103812	 44896 131631 764229	 1 0.4980392156862745	 1 658106765 10697179
 6714317	 0.105932206	 44901 131643 764284	 1 0.4980392156862745	 1 658250765 10701247
 6714855	 0.25	 44910 131662 764333	 1 0.4980392156862745	 1 658507265 10706843
 6715361	 0.25	 44916 131690 764463	 1 0.4980392156862745	 1 658954265 10712927
 6715854	 0.25	 44921 131710 764546	 1 0.4980392156862745	 1 659398265 10718959
 6716367	 0.25	 44924 131734 764608	 1 0.4980392156862745	 1 659797265 10724367
 6716806	 0.25	 44928 131751 764650	 1 0.4980392156862745	 1 660224765 10731543
 6717328	 0.0720339	 44939 131773 764701	 1 0.4980392156862745	 1 660754265 10742327
 6717808	 0.25	 44946 131792 764740	 1 0.4980392156862745	 1 661357027 10753080
 6718333	 0.25	 44956 131823 764787	 1 0.7098039215686275	 1 661813079 10759164
 6718829	 0.5	 44964 131857 764931	 1 1.0	 1 662603579 10772892
 6719309	 0.75	 44980 131890 765070	 1 1.0	 1 663476579 10788648
 6719812	 0.21186441	 44994 131934 765188	 1 1.0	 1 664741079 10807420
 6720321	 0.8559322	 45000 131960 765288	 1 1.0	 1 665713079 10824832
 6720815	 0.105932206	 45005 131984 765426	 1 1.0	 1 666418079 10848848
 6721304	 0.15254237	 45011 132002 765555	 1 1.0	 1 666925079 10858604
 6721810	 0.21186441	 45016 132023 765635	 1 1.0	 1 667550579 10869652
 6722304	 1.0	 45050 132078 765778	 1 1.0	 1 668017079 10878464
 6722809	 0.66525424	 45071 132126 765884	 1 1.0	 1 668641079 10891608
 6723304	 0.38135594	 45092 132167 765978	 1 1.0	 1 669494579 10905544
 6723804	 0.27966103	 45105 132200 766065	 1 1.0	 1 670174079 10919560
