up_time cpu_freq utime work_time total_time screen_on brightness wifi_on wifi_rx_bytes wifi_tx_bytes
 3879222	 0.27966103	 20358 68483 447889	 1 1.0	 0 0 384
 3879704	 0.5	 20374 68510 448013	 1 1.0	 0 0 384
 3880209	 0.5	 20383 68527 448119	 1 1.0	 0 0 384
 3880713	 0.5	 20421 68593 448209	 1 1.0	 0 0 384
 3881202	 0.17293432	 20468 68665 448369	 1 1.0	 0 0 384
 3881699	 0.75	 20480 68694 448443	 1 1.0	 0 0 384
 3882201	 0.27966103	 20501 68737 448551	 1 1.0	 0 0 384
 3882706	 0.27966103	 20513 68764 448646	 1 1.0	 0 0 384
 3883198	 0.17293432	 20515 68770 448741	 1 1.0	 0 0 384
 3883704	 0.5	 20521 68783 448840	 1 1.0	 0 0 384
 3884201	 0.5	 20524 68790 448930	 1 1.0	 0 0 384
 3884752	 0.105932206	 20535 68808 449005	 1 1.0	 0 0 384
 3885245	 0.033103812	 20550 68845 449052	 1 1.0	 0 0 384
 3885758	 0.033103812	 20572 68884 449103	 1 1.0	 0 0 384
 3886288	 0.105932206	 20594 68932 449161	 1 1.0	 0 0 384
 3887243	 0.033103812	 20620 68979 449251	 1 1.0	 0 0 384
 3888260	 0.033103812	 20683 69067 449351	 1 1.0	 0 0 384
 3888767	 0.033103812	 20703 69106 449401	 1 1.0	 0 0 384
 3889193	 0.28310382	 20719 69150 449455	 1 0.9333333333333333	 0 0 384
 3889697	 0.5	 20728 69213 449552	 1 0.5294117647058824	 0 0 384
 3890199	 0.17293432	 20731 69268 449651	 1 0.4980392156862745	 0 0 384
 3890709	 0.5	 20735 69326 449753	 1 0.4980392156862745	 0 0 384
 3891199	 0.5	 20737 69380 449850	 1 0.4980392156862745	 0 0 384
 3891707	 0.5	 20739 69435 449951	 1 0.4980392156862745	 0 0 384
 3892313	 0.105932206	 20751 69502 450047	 1 0.4980392156862745	 0 0 384
 3892761	 0.033103812	 20772 69547 450092	 1 0.4980392156862745	 0 0 384
 3893761	 0.033103812	 20810 69649 450194	 1 0.4980392156862745	 0 0 384
 3894265	 0.033103812	 20840 69697 450242	 1 0.4980392156862745	 0 0 384
 3894722	 0.033103812	 20856 69744 450289	 1 0.4980392156862745	 0 0 384
 3895251	 0.033103812	 20874 69795 450340	 1 0.4980392156862745	 0 0 384
 3895759	 0.033103812	 20893 69847 450392	 1 0.4980392156862745	 0 0 384
 3896254	 0.033103812	 20920 69895 450440	 1 0.4980392156862745	 0 0 384
 3897248	 0.033103812	 20974 69999 450544	 1 0.4980392156862745	 0 0 384
 3898259	 0.033103812	 20995 70096 450641	 1 0.4980392156862745	 0 0 384
 3898747	 0.033103812	 21013 70144 450689	 1 0.4980392156862745	 0 0 384
 3899257	 0.033103812	 21028 70196 450741	 1 0.4980392156862745	 0 0 384
 3899739	 0.033103812	 21043 70246 450791	 1 0.4980392156862745	 0 0 384
 3900244	 0.033103812	 21062 70295 450840	 1 0.4980392156862745	 0 0 384
 3900751	 0.033103812	 21082 70347 450892	 1 0.4980392156862745	 0 0 384
 3901259	 0.033103812	 21098 70396 450941	 1 0.4980392156862745	 0 0 384
 3901726	 0.033103812	 21118 70442 450987	 1 0.4980392156862745	 0 0 384
 3902227	 0.033103812	 21139 70492 451037	 1 0.4980392156862745	 0 0 384
 3902759	 0.033103812	 21158 70547 451092	 1 0.4980392156862745	 0 0 384
 3903280	 0.033103812	 21175 70598 451143	 1 0.4980392156862745	 0 0 384
 3903751	 0.033103812	 21193 70646 451191	 1 0.4980392156862745	 0 0 384
 3904262	 0.033103812	 21207 70699 451244	 1 0.4980392156862745	 0 0 384
 3904759	 0.033103812	 21229 70746 451291	 1 0.4980392156862745	 0 0 384
 3905223	 0.033103812	 21248 70793 451338	 1 0.4980392156862745	 0 0 384
 3905771	 0.033103812	 21276 70851 451396	 1 0.4980392156862745	 0 0 384
 3906751	 0.033103812	 21335 70947 451492	 1 0.4980392156862745	 0 0 384
 3907244	 0.033103812	 21348 70995 451540	 1 0.4980392156862745	 0 0 384
 3907751	 0.033103812	 21371 71047 451592	 1 0.4980392156862745	 0 0 384
 3908252	 0.033103812	 21392 71096 451641	 1 0.4980392156862745	 0 0 384
 3908739	 0.033103812	 21414 71145 451690	 1 0.4980392156862745	 0 0 384
 3909251	 0.033103812	 21437 71196 451741	 1 0.4980392156862745	 0 0 384
 3909723	 0.033103812	 21455 71241 451786	 1 0.4980392156862745	 0 0 384
 3910244	 0.033103812	 21471 71294 451839	 1 0.4980392156862745	 0 0 384
 3910751	 0.033103812	 21490 71346 451891	 1 0.4980392156862745	 0 0 384
 3911401	 0.033103812	 21523 71411 451956	 1 0.4980392156862745	 0 0 384
 3912259	 0.033103812	 21546 71496 452041	 1 0.4980392156862745	 0 0 384
 3912749	 0.033103812	 21569 71545 452090	 1 0.4980392156862745	 0 0 384
 3913259	 0.033103812	 21588 71596 452141	 1 0.4980392156862745	 0 0 384
 3913744	 0.033103812	 21610 71645 452190	 1 0.4980392156862745	 0 0 384
 3914259	 0.033103812	 21625 71696 452241	 1 0.4980392156862745	 0 0 384
 3914752	 0.033103812	 21646 71746 452291	 1 0.4980392156862745	 0 0 384
 3915757	 0.033103812	 21690 71848 452393	 1 0.4980392156862745	 0 0 384
 3916225	 0.033103812	 21709 71895 452440	 1 0.4980392156862745	 0 0 384
 3916759	 0.105932206	 21728 71946 452491	 1 0.4980392156862745	 0 0 384
 3917250	 0.033103812	 21748 71996 452541	 1 0.4980392156862745	 0 0 384
 3917751	 0.033103812	 21771 72045 452590	 1 0.4980392156862745	 0 0 384
 3918251	 0.033103812	 21786 72095 452640	 1 0.4980392156862745	 0 0 384
 3918729	 0.033103812	 21808 72142 452687	 1 0.4980392156862745	 0 0 384
 3919251	 0.033103812	 21824 72195 452740	 1 0.4980392156862745	 0 0 384
 3919754	 0.033103812	 21844 72248 452793	 1 0.4980392156862745	 0 0 384
 3920253	 0.033103812	 21859 72296 452841	 1 0.4980392156862745	 0 0 384
 3921230	 0.033103812	 21897 72393 452938	 1 0.4980392156862745	 0 0 384
 3921753	 0.033103812	 21915 72446 452991	 1 0.4980392156862745	 0 0 384
 3922252	 0.033103812	 21932 72496 453041	 1 0.4980392156862745	 0 0 384
 3922749	 0.033103812	 21954 72546 453091	 1 0.4980392156862745	 0 0 384
 3923250	 0.033103812	 21978 72597 453142	 1 0.4980392156862745	 0 0 384
 3923748	 0.033103812	 21995 72647 453192	 1 0.4980392156862745	 0 0 384
 3924239	 0.033103812	 22010 72697 453242	 1 0.4980392156862745	 0 0 384
 3925253	 0.033103812	 22068 72797 453342	 1 0.4980392156862745	 0 0 384
 3925754	 0.033103812	 22086 72846 453391	 1 0.4980392156862745	 0 0 384
 3926228	 0.033103812	 22098 72892 453437	 1 0.4980392156862745	 0 0 384
 3926744	 0.033103812	 22120 72945 453490	 1 0.4980392156862745	 0 0 384
 3927250	 0.033103812	 22136 72996 453541	 1 0.4980392156862745	 0 0 384
 3927753	 0.033103812	 22155 73046 453591	 1 0.4980392156862745	 0 0 384
 3928250	 0.033103812	 22177 73097 453642	 1 0.4980392156862745	 0 0 384
 3928740	 0.033103812	 22194 73145 453690	 1 0.4980392156862745	 0 0 384
 3929250	 0.033103812	 22215 73195 453740	 1 0.4980392156862745	 0 0 384
 3929750	 0.033103812	 22233 73246 453791	 1 0.4980392156862745	 0 0 384
 3930770	 0.033103812	 22288 73347 453892	 1 0.4980392156862745	 0 0 384
 3931253	 0.033103812	 22306 73396 453941	 1 0.4980392156862745	 0 0 384
 3931759	 0.033103812	 22323 73447 453992	 1 0.4980392156862745	 0 0 384
 3932254	 0.033103812	 22342 73496 454041	 1 0.4980392156862745	 0 0 384
 3932750	 0.033103812	 22361 73548 454093	 1 0.4980392156862745	 0 0 384
 3933251	 0.033103812	 22380 73596 454141	 1 0.4980392156862745	 0 0 384
 3933749	 0.033103812	 22404 73652 454197	 1 0.4980392156862745	 0 0 384
 3934754	 0.033103812	 22454 73746 454291	 1 0.4980392156862745	 0 0 384
 3935226	 0.033103812	 22471 73793 454338	 1 0.4980392156862745	 0 0 384
 3935744	 0.033103812	 22491 73845 454390	 1 0.4980392156862745	 0 0 384
 3936251	 0.033103812	 22507 73895 454440	 1 0.4980392156862745	 0 0 384
 3937253	 0.033103812	 22570 73999 454544	 1 0.4980392156862745	 0 0 384
 3937751	 0.033103812	 22590 74046 454591	 1 0.4980392156862745	 0 0 384
 3938259	 0.033103812	 22604 74096 454641	 1 0.4980392156862745	 0 0 384
 3938762	 0.033103812	 22623 74147 454692	 1 0.4980392156862745	 0 0 384
 3939399	 0.033103812	 22654 74211 454756	 1 0.4980392156862745	 0 0 384
 3940244	 0.033103812	 22678 74295 454840	 1 0.4980392156862745	 0 0 384
 3940744	 0.033103812	 22695 74345 454890	 1 0.4980392156862745	 0 0 384
 3941244	 0.033103812	 22712 74395 454940	 1 0.4980392156862745	 0 0 384
 3941759	 0.033103812	 22732 74449 454994	 1 0.4980392156862745	 0 0 384
 3942749	 0.033103812	 22783 74546 455091	 1 0.4980392156862745	 0 0 384
 3943248	 0.033103812	 22802 74596 455141	 1 0.4980392156862745	 0 0 384
 3943752	 0.033103812	 22821 74645 455190	 1 0.4980392156862745	 0 0 384
 3944755	 0.033103812	 22880 74746 455291	 1 0.4980392156862745	 0 0 384
 3945244	 0.033103812	 22899 74795 455340	 1 0.4980392156862745	 0 0 384
 3945751	 0.033103812	 22920 74845 455390	 1 0.4980392156862745	 0 0 384
 3946244	 0.033103812	 22936 74897 455442	 1 0.4980392156862745	 0 0 384
 3946751	 0.033103812	 22956 74946 455491	 1 0.4980392156862745	 0 0 384
 3947251	 0.033103812	 22975 74996 455541	 1 0.4980392156862745	 0 0 384
 3947752	 0.033103812	 22993 75045 455590	 1 0.4980392156862745	 0 0 384
 3948262	 0.033103812	 23009 75097 455642	 1 0.4980392156862745	 0 0 384
 3948759	 0.033103812	 23027 75146 455691	 1 0.4980392156862745	 0 0 384
 3949259	 0.033103812	 23042 75196 455741	 1 0.4980392156862745	 0 0 384
 3950243	 0.033103812	 23081 75295 455840	 1 0.4980392156862745	 0 0 384
 3950762	 0.033103812	 23102 75349 455894	 1 0.4980392156862745	 0 0 384
 3951251	 0.033103812	 23123 75395 455940	 1 0.4980392156862745	 0 0 384
 3951728	 0.033103812	 23138 75443 455988	 1 0.4980392156862745	 0 0 384
 3952294	 0.033103812	 23160 75503 456048	 1 0.4980392156862745	 0 0 384
 3953231	 0.033103812	 23184 75593 456138	 1 0.4980392156862745	 0 0 384
 3953751	 0.033103812	 23205 75647 456192	 1 0.4980392156862745	 0 0 384
 3954752	 0.033103812	 23252 75746 456291	 1 0.4980392156862745	 0 0 384
 3955252	 0.033103812	 23273 75798 456343	 1 0.4980392156862745	 0 0 384
 3955750	 0.033103812	 23295 75846 456391	 1 0.4980392156862745	 0 0 384
 3956766	 0.033103812	 23322 75947 456492	 1 0.4980392156862745	 0 0 384
 3957251	 0.033103812	 23342 75995 456540	 1 0.4980392156862745	 0 0 384
 3957751	 0.033103812	 23370 76045 456590	 1 0.4980392156862745	 0 0 384
 3958250	 0.033103812	 23387 76096 456641	 1 0.4980392156862745	 0 0 384
 3958750	 0.033103812	 23407 76146 456691	 1 0.4980392156862745	 0 0 384
 3959253	 0.033103812	 23426 76196 456741	 1 0.4980392156862745	 0 0 384
 3960237	 0.033103812	 23460 76295 456840	 1 0.4980392156862745	 0 0 384
 3960750	 0.033103812	 23480 76346 456891	 1 0.4980392156862745	 0 0 384
 3961250	 0.033103812	 23496 76396 456941	 1 0.4980392156862745	 0 0 384
 3961751	 0.033103812	 23513 76445 456990	 1 0.4980392156862745	 0 0 384
 3962246	 0.033103812	 23533 76495 457040	 1 0.4980392156862745	 0 0 384
 3962749	 0.033103812	 23550 76545 457090	 1 0.4980392156862745	 0 0 384
 3963251	 0.033103812	 23572 76596 457141	 1 0.4980392156862745	 0 0 384
 3963753	 0.033103812	 23589 76649 457194	 1 0.4980392156862745	 0 0 384
 3964759	 0.033103812	 23631 76746 457291	 1 0.4980392156862745	 0 0 384
 3965244	 0.033103812	 23652 76797 457342	 1 0.4980392156862745	 0 0 384
 3965750	 0.033103812	 23675 76846 457391	 1 0.4980392156862745	 0 0 384
 3966253	 0.033103812	 23690 76896 457441	 1 0.4980392156862745	 0 0 384
 3966748	 0.033103812	 23708 76945 457490	 1 0.4980392156862745	 0 0 384
 3967253	 0.033103812	 23722 76996 457541	 1 0.4980392156862745	 0 0 384
 3967750	 0.033103812	 23744 77046 457591	 1 0.4980392156862745	 0 0 384
 3968224	 0.033103812	 23759 77092 457637	 1 0.4980392156862745	 0 0 384
 3968731	 0.033103812	 23774 77143 457688	 1 0.4980392156862745	 0 0 384
 3969226	 0.033103812	 23796 77194 457739	 1 0.4980392156862745	 0 0 384
 3969783	 0.033103812	 23818 77248 457793	 1 0.4980392156862745	 0 0 384
 3970227	 0.033103812	 23839 77296 457841	 1 0.4980392156862745	 0 0 384
 3970744	 0.033103812	 23858 77345 457890	 1 0.4980392156862745	 0 0 384
 3971244	 0.033103812	 23873 77396 457941	 1 0.4980392156862745	 0 0 384
 3971734	 0.033103812	 23889 77445 457990	 1 0.4980392156862745	 0 0 384
 3972248	 0.033103812	 23906 77496 458041	 1 0.4980392156862745	 0 0 384
 3972759	 0.033103812	 23938 77549 458094	 1 0.4980392156862745	 0 0 384
 3973760	 0.033103812	 23980 77646 458191	 1 0.4980392156862745	 0 0 384
 3974253	 0.033103812	 24002 77695 458240	 1 0.4980392156862745	 0 0 384
 3974750	 0.033103812	 24025 77746 458291	 1 0.4980392156862745	 0 0 384
 3975250	 0.033103812	 24044 77797 458342	 1 0.4980392156862745	 0 0 384
 3975749	 0.033103812	 24068 77845 458390	 1 0.4980392156862745	 0 0 384
 3976234	 0.033103812	 24086 77895 458440	 1 0.4980392156862745	 0 0 384
 3976769	 0.033103812	 24104 77948 458493	 1 0.4980392156862745	 0 0 384
 3977250	 0.033103812	 24127 77996 458541	 1 0.4980392156862745	 0 0 384
 3977753	 0.033103812	 24142 78047 458592	 1 0.4980392156862745	 0 0 384
 3978739	 0.033103812	 24170 78145 458690	 1 0.4980392156862745	 0 0 384
 3979252	 0.033103812	 24187 78197 458742	 1 0.4980392156862745	 0 0 384
 3979739	 0.033103812	 24206 78246 458791	 1 0.4980392156862745	 0 0 384
 3980248	 0.033103812	 24226 78298 458843	 1 0.4980392156862745	 0 0 384
 3980751	 0.033103812	 24236 78346 458891	 1 0.4980392156862745	 0 0 384
 3981254	 0.033103812	 24249 78396 458941	 1 0.4980392156862745	 0 0 384
 3981751	 0.033103812	 24265 78445 458990	 1 0.4980392156862745	 0 0 384
 3982759	 0.033103812	 24325 78547 459092	 1 0.4980392156862745	 0 0 384
 3983236	 0.033103812	 24347 78595 459140	 1 0.4980392156862745	 0 0 384
 3983743	 0.033103812	 24363 78645 459190	 1 0.4980392156862745	 0 0 384
 3984250	 0.033103812	 24382 78696 459241	 1 0.4980392156862745	 0 0 384
 3984751	 0.033103812	 24396 78745 459290	 1 0.4980392156862745	 0 0 384
 3985236	 0.033103812	 24414 78794 459339	 1 0.4980392156862745	 0 0 384
 3985732	 0.033103812	 24432 78843 459388	 1 0.4980392156862745	 0 0 384
 3986253	 0.033103812	 24449 78896 459441	 1 0.4980392156862745	 0 0 384
 3986744	 0.033103812	 24473 78947 459492	 1 0.4980392156862745	 0 0 384
 3987234	 0.033103812	 24491 78995 459540	 1 0.4980392156862745	 0 0 384
 3988246	 0.033103812	 24522 79096 459641	 1 0.4980392156862745	 0 0 384
 3988751	 0.033103812	 24541 79146 459691	 1 0.4980392156862745	 0 0 384
 3989262	 0.033103812	 24563 79197 459742	 1 0.4980392156862745	 0 0 384
 3989750	 0.033103812	 24576 79247 459792	 1 0.4980392156862745	 0 0 384
 3990253	 0.033103812	 24591 79299 459844	 1 0.4980392156862745	 0 0 384
 3990750	 0.033103812	 24608 79346 459891	 1 0.4980392156862745	 0 0 384
 3991224	 0.033103812	 24628 79393 459938	 1 0.4980392156862745	 0 0 384
 3992228	 0.033103812	 24689 79493 460038	 1 0.4980392156862745	 0 0 384
 3992751	 0.033103812	 24709 79547 460092	 1 0.4980392156862745	 0 0 384
 3993252	 0.033103812	 24730 79596 460141	 1 0.4980392156862745	 0 0 384
 3993743	 0.033103812	 24750 79645 460190	 1 0.4980392156862745	 0 0 384
 3994250	 0.033103812	 24766 79696 460241	 1 0.4980392156862745	 0 0 384
 3994742	 0.033103812	 24784 79744 460289	 1 0.4980392156862745	 0 0 384
 3995244	 0.033103812	 24804 79797 460342	 1 0.4980392156862745	 0 0 384
 3995750	 0.033103812	 24825 79846 460391	 1 0.4980392156862745	 0 0 384
 3996250	 0.033103812	 24845 79897 460442	 1 0.4980392156862745	 0 0 384
 3996739	 0.033103812	 24866 79945 460490	 1 0.4980392156862745	 0 0 384
 3997252	 0.033103812	 24886 79995 460540	 1 0.4980392156862745	 0 0 384
 3997752	 0.033103812	 24903 80046 460591	 1 0.4980392156862745	 0 0 384
 3998232	 0.033103812	 24926 80094 460639	 1 0.4980392156862745	 0 0 384
 3998748	 0.033103812	 24940 80145 460690	 1 0.4980392156862745	 0 0 384
 3999261	 0.033103812	 24957 80197 460742	 1 0.4980392156862745	 0 0 384
 3999752	 0.033103812	 24978 80247 460792	 1 0.4980392156862745	 0 0 384
 4000250	 0.033103812	 25000 80297 460842	 1 0.4980392156862745	 0 0 384
 4001267	 0.033103812	 25052 80398 460943	 1 0.4980392156862745	 0 0 384
 4001728	 0.033103812	 25060 80442 460987	 1 0.4980392156862745	 0 0 384
 4002231	 0.033103812	 25077 80495 461040	 1 0.4980392156862745	 0 0 384
 4002750	 0.033103812	 25090 80546 461091	 1 0.4980392156862745	 0 0 384
 4003232	 0.033103812	 25110 80594 461139	 1 0.4980392156862745	 0 0 384
 4003751	 0.033103812	 25131 80645 461190	 1 0.4980392156862745	 0 0 384
 4004226	 0.033103812	 25143 80693 461238	 1 0.4980392156862745	 0 0 384
 4004750	 0.033103812	 25163 80746 461291	 1 0.4980392156862745	 0 0 384
 4005240	 0.033103812	 25178 80795 461340	 1 0.4980392156862745	 0 0 384
 4005750	 0.033103812	 25199 80847 461392	 1 0.4980392156862745	 0 0 384
 4006748	 0.033103812	 25238 80946 461491	 1 0.4980392156862745	 0 0 384
 4007250	 0.033103812	 25258 80996 461541	 1 0.4980392156862745	 0 0 384
 4007732	 0.033103812	 25274 81044 461589	 1 0.4980392156862745	 0 0 384
 4008250	 0.033103812	 25289 81096 461641	 1 0.4980392156862745	 0 0 384
 4008746	 0.033103812	 25309 81145 461690	 1 0.4980392156862745	 0 0 384
 4009258	 0.033103812	 25323 81197 461742	 1 0.4980392156862745	 0 0 384
 4009715	 1.0	 25350 81262 461811	 1 0.4980392156862745	 0 0 384
 4010198	 0.86440676	 25389 81379 461993	 1 0.4980392156862745	 0 0 384
 4010699	 0.4618644	 25427 81497 462220	 1 0.4980392156862745	 0 0 384
 4011199	 0.6059322	 25464 81601 462376	 1 0.4980392156862745	 0 0 384
 4011699	 0.529661	 25497 81692 462543	 1 0.4980392156862745	 0 0 384
