

3413358 + Lcom/fsck/k9/activity/MessageList; onItemClick android.widget.ListView@462e3528
3413407 - Lcom/fsck/k9/activity/MessageList; onItemClick
3413456 + Lcom/fsck/k9/activity/MessageList; onSaveInstanceState
3413457 - Lcom/fsck/k9/activity/MessageList; onSaveInstanceState
3413457 + Lcom/fsck/k9/activity/MessageList; onPause
3413458 - Lcom/fsck/k9/activity/MessageList; onPause
3413486 + Lcom/fsck/k9/activity/MessageView; onCreate
3413487 + Lcom/fsck/k9/K9Activity; onCreate
3413489 - Lcom/fsck/k9/K9Activity; onCreate
3413539 - Lcom/fsck/k9/activity/MessageView; onCreate
3413540 + Lcom/fsck/k9/activity/MessageView; onResume
3413541 + Lcom/fsck/k9/K9Activity; onResume
3413542 - Lcom/fsck/k9/K9Activity; onResume
3413543 - Lcom/fsck/k9/activity/MessageView; onResume
3414949 + Lcom/fsck/k9/activity/MessageView; onClick android.widget.Button@466c6b08
3414961 - Lcom/fsck/k9/activity/MessageView; onClick
3416725 + Lcom/fsck/k9/activity/MessageList; onResume
3416725 + Lcom/fsck/k9/K9Activity; onResume
3416727 - Lcom/fsck/k9/K9Activity; onResume
3416895 - Lcom/fsck/k9/activity/MessageList; onResume
3421099 + Lcom/fsck/k9/activity/MessageList$1; onTouch android.widget.ListView@462e3528
3421101 - Lcom/fsck/k9/activity/MessageList$1; onTouch
3421110 + Lcom/fsck/k9/activity/MessageList$1; onTouch android.widget.ListView@462e3528
3421110 - Lcom/fsck/k9/activity/MessageList$1; onTouch
3421138 + Lcom/fsck/k9/activity/MessageList$1; onTouch android.widget.ListView@462e3528
3421138 - Lcom/fsck/k9/activity/MessageList$1; onTouch
3421166 + Lcom/fsck/k9/activity/MessageList$1; onTouch android.widget.ListView@462e3528
3421166 - Lcom/fsck/k9/activity/MessageList$1; onTouch
3421378 + Lcom/fsck/k9/activity/MessageList$1; onTouch android.widget.ListView@462e3528
3421381 - Lcom/fsck/k9/activity/MessageList$1; onTouch
3421416 + Lcom/fsck/k9/activity/MessageList$1; onTouch android.widget.ListView@462e3528
3421418 - Lcom/fsck/k9/activity/MessageList$1; onTouch
3421702 + Lcom/fsck/k9/activity/MessageList$1; onTouch android.widget.ListView@462e3528
3421703 - Lcom/fsck/k9/activity/MessageList$1; onTouch
3421719 + Lcom/fsck/k9/activity/MessageList$1; onTouch android.widget.ListView@462e3528
3421722 - Lcom/fsck/k9/activity/MessageList$1; onTouch
3421742 + Lcom/fsck/k9/activity/MessageList$1; onTouch android.widget.ListView@462e3528
3421743 - Lcom/fsck/k9/activity/MessageList$1; onTouch
3421765 + Lcom/fsck/k9/activity/MessageList$1; onTouch android.widget.ListView@462e3528
3421766 - Lcom/fsck/k9/activity/MessageList$1; onTouch
3421792 + Lcom/fsck/k9/activity/MessageList$1; onTouch android.widget.ListView@462e3528
3421793 - Lcom/fsck/k9/activity/MessageList$1; onTouch
3421820 + Lcom/fsck/k9/activity/MessageList$1; onTouch android.widget.ListView@462e3528
3421820 - Lcom/fsck/k9/activity/MessageList$1; onTouch
3421848 + Lcom/fsck/k9/activity/MessageList$1; onTouch android.widget.ListView@462e3528
3421849 - Lcom/fsck/k9/activity/MessageList$1; onTouch
3421877 + Lcom/fsck/k9/activity/MessageList$1; onTouch android.widget.ListView@462e3528
3421877 - Lcom/fsck/k9/activity/MessageList$1; onTouch
3421905 + Lcom/fsck/k9/activity/MessageList$1; onTouch android.widget.ListView@462e3528
3421907 - Lcom/fsck/k9/activity/MessageList$1; onTouch
3421912 + Lcom/fsck/k9/activity/MessageList$1; onTouch android.widget.ListView@462e3528
3421914 - Lcom/fsck/k9/activity/MessageList$1; onTouch
Ljava/net/Socket;->connectV
Ljava/net/Socket;->connectV
Ljava/net/Socket;->closeV
Ljava/net/Socket;->closeV
Ljava/net/Socket;->connectV
Ljava/net/Socket;->connectV
Ljava/net/Socket;->connectV
Ljava/net/Socket;->connectV
Ljava/net/Socket;->connectV
Ljava/net/Socket;->connectV
Ljava/net/Socket;->connectV
Ljava/net/Socket;->closeV
Ljava/net/Socket;->closeV
Ljava/net/Socket;->connectV
Ljava/net/Socket;->closeV
Ljava/net/Socket;->closeV
Ljava/net/Socket;->closeV
Ljava/net/Socket;->closeV
Ljava/net/Socket;->closeV
Ljava/net/Socket;->closeV
Ljava/net/Socket;->connectV
Ljava/net/Socket;->closeV
Ljava/net/Socket;->connectV
Ljava/net/Socket;->closeV
Ljava/net/Socket;->connectV
Ljava/net/Socket;->closeV
Ljava/net/Socket;->connectV
Ljava/net/Socket;->connectV
Ljava/net/Socket;->connectV
Ljava/net/Socket;->closeV
Ljava/net/Socket;->closeV
Ljava/net/Socket;->closeV
3436983 + Lcom/fsck/k9/activity/MessageList$1; onTouch android.widget.ListView@462e3528
3436984 - Lcom/fsck/k9/activity/MessageList$1; onTouch
3437012 + Lcom/fsck/k9/activity/MessageList$1; onTouch android.widget.ListView@462e3528
3437012 - Lcom/fsck/k9/activity/MessageList$1; onTouch
3437023 + Lcom/fsck/k9/activity/MessageList$1; onTouch android.widget.ListView@462e3528
3437024 - Lcom/fsck/k9/activity/MessageList$1; onTouch
3437052 + Lcom/fsck/k9/activity/MessageList$1; onTouch android.widget.ListView@462e3528
3437053 - Lcom/fsck/k9/activity/MessageList$1; onTouch
3437080 + Lcom/fsck/k9/activity/MessageList$1; onTouch android.widget.ListView@462e3528
3437084 - Lcom/fsck/k9/activity/MessageList$1; onTouch
3437442 + Lcom/fsck/k9/activity/MessageList$1; onTouch android.widget.ListView@462e3528
3437443 - Lcom/fsck/k9/activity/MessageList$1; onTouch
Ljava/net/Socket;->connectV
Ljava/net/Socket;->connectV
3437476 + Lcom/fsck/k9/activity/MessageList$1; onTouch android.widget.ListView@462e3528
3437477 - Lcom/fsck/k9/activity/MessageList$1; onTouch
Ljava/net/Socket;->connectV
Ljava/net/Socket;->connectV
3437843 + Lcom/fsck/k9/activity/MessageList$1; onTouch android.widget.ListView@462e3528
3437843 - Lcom/fsck/k9/activity/MessageList$1; onTouch
3437894 + Lcom/fsck/k9/activity/MessageList$1; onTouch android.widget.ListView@462e3528
3437894 - Lcom/fsck/k9/activity/MessageList$1; onTouch
3437959 + Lcom/fsck/k9/activity/MessageList$1; onTouch android.widget.ListView@462e3528
3437961 - Lcom/fsck/k9/activity/MessageList$1; onTouch
3437995 + Lcom/fsck/k9/activity/MessageList$1; onTouch android.widget.ListView@462e3528
3437996 - Lcom/fsck/k9/activity/MessageList$1; onTouch
3438052 + Lcom/fsck/k9/activity/MessageList$1; onTouch android.widget.ListView@462e3528
3438054 - Lcom/fsck/k9/activity/MessageList$1; onTouch
3438134 + Lcom/fsck/k9/activity/MessageList$1; onTouch android.widget.ListView@462e3528
3438135 - Lcom/fsck/k9/activity/MessageList$1; onTouch
3438148 + Lcom/fsck/k9/activity/MessageList$1; onTouch android.widget.ListView@462e3528
3438150 - Lcom/fsck/k9/activity/MessageList$1; onTouch
Ljava/net/Socket;->closeV
3438195 + Lcom/fsck/k9/activity/MessageList$1; onTouch android.widget.ListView@462e3528
3438197 - Lcom/fsck/k9/activity/MessageList$1; onTouch
Ljava/net/Socket;->closeV
3438245 + Lcom/fsck/k9/activity/MessageList$1; onTouch android.widget.ListView@462e3528
3438246 - Lcom/fsck/k9/activity/MessageList$1; onTouch
Ljava/net/Socket;->closeV
3438311 + Lcom/fsck/k9/activity/MessageList$1; onTouch android.widget.ListView@462e3528
3438316 - Lcom/fsck/k9/activity/MessageList$1; onTouch
3438361 + Lcom/fsck/k9/activity/MessageList$1; onTouch android.widget.ListView@462e3528
3438362 - Lcom/fsck/k9/activity/MessageList$1; onTouch
Ljava/net/Socket;->closeV
3438481 + Lcom/fsck/k9/activity/MessageList$1; onTouch android.widget.ListView@462e3528
3438491 - Lcom/fsck/k9/activity/MessageList$1; onTouch
Ljava/net/Socket;->connectV
Ljava/net/Socket;->connectV
Ljava/net/Socket;->closeV
Ljava/net/Socket;->connectV
Ljava/net/Socket;->connectV
Ljava/net/Socket;->connectV
Ljava/net/Socket;->connectV
Ljava/net/Socket;->connectV
Ljava/net/Socket;->connectV
Ljava/net/Socket;->connectV
Ljava/net/Socket;->connectV
Ljava/net/Socket;->connectV
Ljava/net/Socket;->closeV
Ljava/net/Socket;->connectV
Ljava/net/Socket;->connectV
Ljava/net/Socket;->connectV
Ljava/net/Socket;->connectV
3440049 + Lcom/fsck/k9/activity/MessageList$1; onTouch android.widget.ListView@462e3528
3440050 - Lcom/fsck/k9/activity/MessageList$1; onTouch
3440063 + Lcom/fsck/k9/activity/MessageList$1; onTouch android.widget.ListView@462e3528
3440066 - Lcom/fsck/k9/activity/MessageList$1; onTouch
3440161 + Lcom/fsck/k9/activity/MessageList$1; onTouch android.widget.ListView@462e3528
3440161 - Lcom/fsck/k9/activity/MessageList$1; onTouch
3440164 + Lcom/fsck/k9/activity/MessageList$1; onTouch android.widget.ListView@462e3528
3440165 - Lcom/fsck/k9/activity/MessageList$1; onTouch
3440280 + Lcom/fsck/k9/activity/MessageList$1; onTouch android.widget.ListView@462e3528
3440284 - Lcom/fsck/k9/activity/MessageList$1; onTouch
3440470 + Lcom/fsck/k9/activity/MessageList$1; onTouch android.widget.ListView@462e3528
3440471 - Lcom/fsck/k9/activity/MessageList$1; onTouch
3440513 + Lcom/fsck/k9/activity/MessageList$1; onTouch android.widget.ListView@462e3528
3440519 - Lcom/fsck/k9/activity/MessageList$1; onTouch
3440544 + Lcom/fsck/k9/activity/MessageList$1; onTouch android.widget.ListView@462e3528
3440548 - Lcom/fsck/k9/activity/MessageList$1; onTouch
3440604 + Lcom/fsck/k9/activity/MessageList$1; onTouch android.widget.ListView@462e3528
3440606 - Lcom/fsck/k9/activity/MessageList$1; onTouch
3440698 + Lcom/fsck/k9/activity/MessageList$1; onTouch android.widget.ListView@462e3528
3440699 - Lcom/fsck/k9/activity/MessageList$1; onTouch
3440788 + Lcom/fsck/k9/activity/MessageList$1; onTouch android.widget.ListView@462e3528
3440788 - Lcom/fsck/k9/activity/MessageList$1; onTouch
3440789 + Lcom/fsck/k9/activity/MessageList; onCreateContextMenu com.android.internal.view.menu.ContextMenuBuilder@46686b60
3440840 - Lcom/fsck/k9/activity/MessageList; onCreateContextMenu
Ljava/net/Socket;->closeV
Ljava/net/Socket;->closeV
Ljava/net/Socket;->closeV
3441272 + Lcom/fsck/k9/activity/MessageList$1; onTouch android.widget.ListView@462e3528
3441272 - Lcom/fsck/k9/activity/MessageList$1; onTouch
Ljava/net/Socket;->closeV
Ljava/net/Socket;->closeV
Ljava/net/Socket;->closeV
Ljava/net/Socket;->closeV
3442046 + Lcom/fsck/k9/activity/MessageList$1; onTouch android.widget.ListView@462e3528
3442047 - Lcom/fsck/k9/activity/MessageList$1; onTouch
Ljava/net/Socket;->closeV
Ljava/net/Socket;->closeV
Ljava/net/Socket;->closeV
Ljava/net/Socket;->closeV
Ljava/net/Socket;->closeV
Ljava/net/Socket;->closeV
3442160 + Lcom/fsck/k9/activity/MessageList$1; onTouch android.widget.ListView@462e3528
3442164 - Lcom/fsck/k9/activity/MessageList$1; onTouch
3443285 + Lcom/fsck/k9/activity/MessageList; onContextItemSelected Select
3443287 - Lcom/fsck/k9/activity/MessageList; onContextItemSelected
3444085 + Lcom/fsck/k9/activity/MessageList$1; onTouch android.widget.ListView@462e3528
3444085 - Lcom/fsck/k9/activity/MessageList$1; onTouch
3444096 + Lcom/fsck/k9/activity/MessageList$1; onTouch android.widget.ListView@462e3528
3444097 - Lcom/fsck/k9/activity/MessageList$1; onTouch
3444119 + Lcom/fsck/k9/activity/MessageList$1; onTouch android.widget.ListView@462e3528
3444120 - Lcom/fsck/k9/activity/MessageList$1; onTouch
3444148 + Lcom/fsck/k9/activity/MessageList$1; onTouch android.widget.ListView@462e3528
3444148 - Lcom/fsck/k9/activity/MessageList$1; onTouch
3444276 + Lcom/fsck/k9/activity/MessageList$1; onTouch android.widget.ListView@462e3528
3444276 - Lcom/fsck/k9/activity/MessageList$1; onTouch
3444278 + Lcom/fsck/k9/activity/MessageList$1; onTouch android.widget.ListView@462e3528
3444281 - Lcom/fsck/k9/activity/MessageList$1; onTouch
3444630 + Lcom/fsck/k9/activity/MessageList; onItemClick android.widget.ListView@462e3528
3444632 - Lcom/fsck/k9/activity/MessageList; onItemClick
3444727 + Lcom/fsck/k9/activity/MessageList$1; onTouch android.widget.ListView@462e3528
3444729 - Lcom/fsck/k9/activity/MessageList$1; onTouch
3444733 + Lcom/fsck/k9/activity/MessageList$1; onTouch android.widget.ListView@462e3528
3444734 - Lcom/fsck/k9/activity/MessageList$1; onTouch
3444760 + Lcom/fsck/k9/activity/MessageList$1; onTouch android.widget.ListView@462e3528
3444761 - Lcom/fsck/k9/activity/MessageList$1; onTouch
3444789 + Lcom/fsck/k9/activity/MessageList$1; onTouch android.widget.ListView@462e3528
3444790 - Lcom/fsck/k9/activity/MessageList$1; onTouch
3444792 + Lcom/fsck/k9/activity/MessageList$1; onTouch android.widget.ListView@462e3528
3444793 - Lcom/fsck/k9/activity/MessageList$1; onTouch
3444936 + Lcom/fsck/k9/activity/MessageList; onItemClick android.widget.ListView@462e3528
3444940 - Lcom/fsck/k9/activity/MessageList; onItemClick
3445224 + Lcom/fsck/k9/activity/MessageList$1; onTouch android.widget.ListView@462e3528
3445227 - Lcom/fsck/k9/activity/MessageList$1; onTouch
3445238 + Lcom/fsck/k9/activity/MessageList$1; onTouch android.widget.ListView@462e3528
3445243 - Lcom/fsck/k9/activity/MessageList$1; onTouch
3445263 + Lcom/fsck/k9/activity/MessageList$1; onTouch android.widget.ListView@462e3528
3445264 - Lcom/fsck/k9/activity/MessageList$1; onTouch
3445292 + Lcom/fsck/k9/activity/MessageList$1; onTouch android.widget.ListView@462e3528
3445292 - Lcom/fsck/k9/activity/MessageList$1; onTouch
3445320 + Lcom/fsck/k9/activity/MessageList$1; onTouch android.widget.ListView@462e3528
3445322 - Lcom/fsck/k9/activity/MessageList$1; onTouch
3445364 + Lcom/fsck/k9/activity/MessageList$1; onTouch android.widget.ListView@462e3528
3445365 - Lcom/fsck/k9/activity/MessageList$1; onTouch
3445370 + Lcom/fsck/k9/activity/MessageList$1; onTouch android.widget.ListView@462e3528
3445374 - Lcom/fsck/k9/activity/MessageList$1; onTouch
3445631 + Lcom/fsck/k9/activity/MessageList; onItemClick android.widget.ListView@462e3528
3445632 - Lcom/fsck/k9/activity/MessageList; onItemClick
3446249 + Lcom/fsck/k9/activity/MessageList; onClick android.widget.Button@46696158
3446265 - Lcom/fsck/k9/activity/MessageList; onClick
3449058 + Lcom/fsck/k9/activity/MessageList$1; onTouch android.widget.ListView@462e3528
3449058 - Lcom/fsck/k9/activity/MessageList$1; onTouch
3449070 + Lcom/fsck/k9/activity/MessageList$1; onTouch android.widget.ListView@462e3528
3449089 - Lcom/fsck/k9/activity/MessageList$1; onTouch
3449099 + Lcom/fsck/k9/activity/MessageList$1; onTouch android.widget.ListView@462e3528
3449100 - Lcom/fsck/k9/activity/MessageList$1; onTouch
3449127 + Lcom/fsck/k9/activity/MessageList$1; onTouch android.widget.ListView@462e3528
3449128 - Lcom/fsck/k9/activity/MessageList$1; onTouch
3449154 + Lcom/fsck/k9/activity/MessageList$1; onTouch android.widget.ListView@462e3528
3449155 - Lcom/fsck/k9/activity/MessageList$1; onTouch
3449338 + Lcom/fsck/k9/activity/MessageList$1; onTouch android.widget.ListView@462e3528
3449339 - Lcom/fsck/k9/activity/MessageList$1; onTouch
3449354 + Lcom/fsck/k9/activity/MessageList$1; onTouch android.widget.ListView@462e3528
3449355 - Lcom/fsck/k9/activity/MessageList$1; onTouch
3449376 + Lcom/fsck/k9/activity/MessageList$1; onTouch android.widget.ListView@462e3528
3449377 - Lcom/fsck/k9/activity/MessageList$1; onTouch
3449394 + Lcom/fsck/k9/activity/MessageList$1; onTouch android.widget.ListView@462e3528
3449395 - Lcom/fsck/k9/activity/MessageList$1; onTouch
3449422 + Lcom/fsck/k9/activity/MessageList$1; onTouch android.widget.ListView@462e3528
3449423 - Lcom/fsck/k9/activity/MessageList$1; onTouch
3449450 + Lcom/fsck/k9/activity/MessageList$1; onTouch android.widget.ListView@462e3528
3449450 - Lcom/fsck/k9/activity/MessageList$1; onTouch
3449463 + Lcom/fsck/k9/activity/MessageList$1; onTouch android.widget.ListView@462e3528
3449465 - Lcom/fsck/k9/activity/MessageList$1; onTouch
3449933 + Lcom/fsck/k9/activity/MessageList$1; onTouch android.widget.ListView@462e3528
3449934 - Lcom/fsck/k9/activity/MessageList$1; onTouch
3449942 + Lcom/fsck/k9/activity/MessageList$1; onTouch android.widget.ListView@462e3528
3449943 - Lcom/fsck/k9/activity/MessageList$1; onTouch
3449966 + Lcom/fsck/k9/activity/MessageList$1; onTouch android.widget.ListView@462e3528
3449967 - Lcom/fsck/k9/activity/MessageList$1; onTouch
3449992 + Lcom/fsck/k9/activity/MessageList$1; onTouch android.widget.ListView@462e3528
3449992 - Lcom/fsck/k9/activity/MessageList$1; onTouch
3450020 + Lcom/fsck/k9/activity/MessageList$1; onTouch android.widget.ListView@462e3528
3450021 - Lcom/fsck/k9/activity/MessageList$1; onTouch
3450048 + Lcom/fsck/k9/activity/MessageList$1; onTouch android.widget.ListView@462e3528
3450048 - Lcom/fsck/k9/activity/MessageList$1; onTouch
3450085 + Lcom/fsck/k9/activity/MessageList$1; onTouch android.widget.ListView@462e3528
3450086 - Lcom/fsck/k9/activity/MessageList$1; onTouch
3450112 + Lcom/fsck/k9/activity/MessageList$1; onTouch android.widget.ListView@462e3528
3450113 - Lcom/fsck/k9/activity/MessageList$1; onTouch
3450131 + Lcom/fsck/k9/activity/MessageList$1; onTouch android.widget.ListView@462e3528
3450132 - Lcom/fsck/k9/activity/MessageList$1; onTouch
3450160 + Lcom/fsck/k9/activity/MessageList$1; onTouch android.widget.ListView@462e3528
3450161 - Lcom/fsck/k9/activity/MessageList$1; onTouch
3450188 + Lcom/fsck/k9/activity/MessageList$1; onTouch android.widget.ListView@462e3528
3450189 - Lcom/fsck/k9/activity/MessageList$1; onTouch
3450216 + Lcom/fsck/k9/activity/MessageList$1; onTouch android.widget.ListView@462e3528
3450216 - Lcom/fsck/k9/activity/MessageList$1; onTouch
3450227 + Lcom/fsck/k9/activity/MessageList$1; onTouch android.widget.ListView@462e3528
3450228 - Lcom/fsck/k9/activity/MessageList$1; onTouch
3453110 + Lcom/fsck/k9/activity/MessageList$1; onTouch android.widget.ListView@462e3528
3453111 - Lcom/fsck/k9/activity/MessageList$1; onTouch
3453149 + Lcom/fsck/k9/activity/MessageList$1; onTouch android.widget.ListView@462e3528
3453152 - Lcom/fsck/k9/activity/MessageList$1; onTouch
3453158 + Lcom/fsck/k9/activity/MessageList$1; onTouch android.widget.ListView@462e3528
3453159 - Lcom/fsck/k9/activity/MessageList$1; onTouch
3453184 + Lcom/fsck/k9/activity/MessageList$1; onTouch android.widget.ListView@462e3528
3453184 - Lcom/fsck/k9/activity/MessageList$1; onTouch
3453213 + Lcom/fsck/k9/activity/MessageList$1; onTouch android.widget.ListView@462e3528
3453214 - Lcom/fsck/k9/activity/MessageList$1; onTouch
3453214 + Lcom/fsck/k9/activity/MessageList$1; onTouch android.widget.ListView@462e3528
3453215 - Lcom/fsck/k9/activity/MessageList$1; onTouch
3453349 + Lcom/fsck/k9/activity/MessageList; onItemClick android.widget.ListView@462e3528
3453390 - Lcom/fsck/k9/activity/MessageList; onItemClick
3453393 + Lcom/fsck/k9/activity/MessageList; onSaveInstanceState
3453396 - Lcom/fsck/k9/activity/MessageList; onSaveInstanceState
3453396 + Lcom/fsck/k9/activity/MessageList; onPause
3453398 - Lcom/fsck/k9/activity/MessageList; onPause
3453415 + Lcom/fsck/k9/activity/MessageView; onCreate
3453416 + Lcom/fsck/k9/K9Activity; onCreate
3453419 - Lcom/fsck/k9/K9Activity; onCreate
3453520 - Lcom/fsck/k9/activity/MessageView; onCreate
3453520 + Lcom/fsck/k9/activity/MessageView; onResume
3453522 + Lcom/fsck/k9/K9Activity; onResume
3453523 - Lcom/fsck/k9/K9Activity; onResume
3453529 - Lcom/fsck/k9/activity/MessageView; onResume
3455165 + Lcom/fsck/k9/activity/MessageView; onClick android.widget.Button@46812378
3455200 - Lcom/fsck/k9/activity/MessageView; onClick
3455221 + Lcom/fsck/k9/activity/MessageCompose; onCreate
3455222 + Lcom/fsck/k9/K9Activity; onCreate
3455225 - Lcom/fsck/k9/K9Activity; onCreate
3455339 - Lcom/fsck/k9/activity/MessageCompose; onCreate
3455340 + Lcom/fsck/k9/activity/MessageCompose; onResume
3455341 + Lcom/fsck/k9/K9Activity; onResume
3455342 - Lcom/fsck/k9/K9Activity; onResume
3455344 - Lcom/fsck/k9/activity/MessageCompose; onResume
Ljava/net/Socket;->connectV
Ljava/net/Socket;->closeV
Ljava/net/Socket;->connectV
Ljava/net/Socket;->closeV
Ljava/net/Socket;->connectV
Ljava/net/Socket;->closeV
Ljava/net/Socket;->connectV
Ljava/net/Socket;->closeV
3464701 + Lcom/fsck/k9/activity/MessageCompose; onCreateOptionsMenu com.android.internal.view.menu.MenuBuilder@468d9310
3464708 - Lcom/fsck/k9/activity/MessageCompose; onCreateOptionsMenu
Ljava/net/Socket;->connectV
Ljava/net/Socket;->closeV
Ljava/net/Socket;->connectV
3466756 + Lcom/fsck/k9/activity/MessageCompose; onOptionsItemSelected Send
3466960 - Lcom/fsck/k9/activity/MessageCompose; onOptionsItemSelected
3466983 + Lcom/fsck/k9/activity/MessageCompose; onPause
3466984 - Lcom/fsck/k9/activity/MessageCompose; onPause
3466999 + Lcom/fsck/k9/activity/MessageList; onResume
3467000 + Lcom/fsck/k9/K9Activity; onResume
3467003 - Lcom/fsck/k9/K9Activity; onResume
Ljava/net/Socket;->closeV
3467253 - Lcom/fsck/k9/activity/MessageList; onResume
Ljava/net/Socket;->connectV
Ljava/net/Socket;->closeV
Ljava/net/Socket;->connectV
Ljava/net/Socket;->closeV
Ljava/net/Socket;->connectV
3470441 + Lcom/fsck/k9/activity/MessageList$1; onTouch android.widget.ListView@462e3528
3470446 - Lcom/fsck/k9/activity/MessageList$1; onTouch
3470456 + Lcom/fsck/k9/activity/MessageList$1; onTouch android.widget.ListView@462e3528
3470457 - Lcom/fsck/k9/activity/MessageList$1; onTouch
3470486 + Lcom/fsck/k9/activity/MessageList$1; onTouch android.widget.ListView@462e3528
3470489 - Lcom/fsck/k9/activity/MessageList$1; onTouch
3470511 + Lcom/fsck/k9/activity/MessageList$1; onTouch android.widget.ListView@462e3528
3470512 - Lcom/fsck/k9/activity/MessageList$1; onTouch
3470543 + Lcom/fsck/k9/activity/MessageList$1; onTouch android.widget.ListView@462e3528
3470544 - Lcom/fsck/k9/activity/MessageList$1; onTouch
3470785 + Lcom/fsck/k9/activity/MessageList$1; onTouch android.widget.ListView@462e3528
3470786 - Lcom/fsck/k9/activity/MessageList$1; onTouch
3470808 + Lcom/fsck/k9/activity/MessageList$1; onTouch android.widget.ListView@462e3528
3470808 - Lcom/fsck/k9/activity/MessageList$1; onTouch
Ljava/net/Socket;->closeV
3470825 + Lcom/fsck/k9/activity/MessageList$1; onTouch android.widget.ListView@462e3528
3470826 - Lcom/fsck/k9/activity/MessageList$1; onTouch
3470856 + Lcom/fsck/k9/activity/MessageList$1; onTouch android.widget.ListView@462e3528
3470856 - Lcom/fsck/k9/activity/MessageList$1; onTouch
3470861 + Lcom/fsck/k9/activity/MessageList$1; onTouch android.widget.ListView@462e3528
3470862 - Lcom/fsck/k9/activity/MessageList$1; onTouch
Ljava/net/Socket;->connectV
3471448 + Lcom/fsck/k9/activity/MessageList$1; onTouch android.widget.ListView@462e3528
3471450 - Lcom/fsck/k9/activity/MessageList$1; onTouch
3471457 + Lcom/fsck/k9/activity/MessageList$1; onTouch android.widget.ListView@462e3528
3471459 - Lcom/fsck/k9/activity/MessageList$1; onTouch
3471509 + Lcom/fsck/k9/activity/MessageList$1; onTouch android.widget.ListView@462e3528
3471509 - Lcom/fsck/k9/activity/MessageList$1; onTouch
3471512 + Lcom/fsck/k9/activity/MessageList$1; onTouch android.widget.ListView@462e3528
3471513 - Lcom/fsck/k9/activity/MessageList$1; onTouch
3471540 + Lcom/fsck/k9/activity/MessageList$1; onTouch android.widget.ListView@462e3528
3471540 - Lcom/fsck/k9/activity/MessageList$1; onTouch
3471569 + Lcom/fsck/k9/activity/MessageList$1; onTouch android.widget.ListView@462e3528
3471570 - Lcom/fsck/k9/activity/MessageList$1; onTouch
3471580 + Lcom/fsck/k9/activity/MessageList$1; onTouch android.widget.ListView@462e3528
3471580 - Lcom/fsck/k9/activity/MessageList$1; onTouch
3471718 + Lcom/fsck/k9/activity/MessageList; onItemClick android.widget.ListView@462e3528
3471758 - Lcom/fsck/k9/activity/MessageList; onItemClick
3471760 + Lcom/fsck/k9/activity/MessageList; onSaveInstanceState
3471762 - Lcom/fsck/k9/activity/MessageList; onSaveInstanceState
3471763 + Lcom/fsck/k9/activity/MessageList; onPause
3471763 - Lcom/fsck/k9/activity/MessageList; onPause
3471802 + Lcom/fsck/k9/activity/MessageView; onCreate
3471803 + Lcom/fsck/k9/K9Activity; onCreate
3471805 - Lcom/fsck/k9/K9Activity; onCreate
3471873 - Lcom/fsck/k9/activity/MessageView; onCreate
3471874 + Lcom/fsck/k9/activity/MessageView; onResume
3471875 + Lcom/fsck/k9/K9Activity; onResume
3471882 - Lcom/fsck/k9/K9Activity; onResume
3471882 - Lcom/fsck/k9/activity/MessageView; onResume
Ljava/net/Socket;->closeV
Ljava/net/Socket;->connectV
3473418 + Lcom/fsck/k9/activity/MessageView; onClick android.widget.Button@46636b10
3473426 - Lcom/fsck/k9/activity/MessageView; onClick
Ljava/net/Socket;->closeV
Ljava/net/Socket;->connectV
Ljava/net/Socket;->connectV
Ljava/net/Socket;->closeV
Ljava/net/Socket;->connectV
Ljava/net/Socket;->closeV
Ljava/net/Socket;->closeV
Ljava/net/Socket;->connectV
Ljava/net/Socket;->closeV
3477383 + Lcom/fsck/k9/activity/MessageView; onClick android.widget.Button@468414f8
3477389 - Lcom/fsck/k9/activity/MessageView; onClick
Ljava/net/Socket;->connectV
Ljava/net/Socket;->connectV
Ljava/net/Socket;->connectV
Ljava/net/Socket;->connectV
Ljava/net/Socket;->connectV
Ljava/net/Socket;->connectV
Ljava/net/Socket;->connectV
Ljava/net/Socket;->connectV
Ljava/net/Socket;->connectV
Ljava/net/Socket;->closeV
3478665 + Lcom/fsck/k9/activity/MessageView; onClick android.widget.Button@468414f8
3478669 - Lcom/fsck/k9/activity/MessageView; onClick
Ljava/net/Socket;->closeV
Ljava/net/Socket;->closeV
Ljava/net/Socket;->closeV
Ljava/net/Socket;->closeV
Ljava/net/Socket;->closeV
Ljava/net/Socket;->closeV
Ljava/net/Socket;->closeV
3480260 + Lcom/fsck/k9/activity/MessageList; onResume
3480260 + Lcom/fsck/k9/K9Activity; onResume
3480262 - Lcom/fsck/k9/K9Activity; onResume
3480478 - Lcom/fsck/k9/activity/MessageList; onResume
Ljava/net/Socket;->connectV
Ljava/net/Socket;->closeV
Ljava/net/Socket;->connectV
Ljava/net/Socket;->closeV
Ljava/net/Socket;->closeV
Ljava/net/Socket;->connectV
Ljava/net/Socket;->closeV
Ljava/net/Socket;->connectV
Ljava/net/Socket;->connectV
3486894 + Lcom/fsck/k9/activity/MessageList; onSaveInstanceState
3486896 - Lcom/fsck/k9/activity/MessageList; onSaveInstanceState
3486897 + Lcom/fsck/k9/activity/MessageList; onPause
3486897 - Lcom/fsck/k9/activity/MessageList; onPause
Ljava/net/Socket;->connectV
Ljava/net/Socket;->closeV
Ljava/net/Socket;->closeV
Ljava/net/Socket;->closeV
Ljava/net/Socket;->connectV
Ljava/net/Socket;->connectV
Ljava/net/Socket;->connectV
Ljava/net/Socket;->connectV
Ljava/net/Socket;->closeV
Ljava/net/Socket;->closeV
Ljava/net/Socket;->closeV
Ljava/net/Socket;->connectV
Ljava/net/Socket;->closeV
Ljava/net/Socket;->closeV
Ljava/net/Socket;->connectV
Ljava/net/Socket;->connectV
Ljava/net/Socket;->connectV
Ljava/net/Socket;->connectV
Ljava/net/Socket;->connectV
Ljava/net/Socket;->connectV
Ljava/net/Socket;->connectV
Ljava/net/Socket;->connectV
Ljava/net/Socket;->connectV
Ljava/net/Socket;->connectV
Ljava/net/Socket;->connectV
Ljava/net/Socket;->connectV
Ljava/net/Socket;->connectV
Ljava/net/Socket;->connectV
Ljava/net/Socket;->closeV
Ljava/net/Socket;->closeV
Ljava/net/Socket;->closeV
Ljava/net/Socket;->closeV
Ljava/net/Socket;->closeV
Ljava/net/Socket;->closeV
Ljava/net/Socket;->closeV
Ljava/net/Socket;->closeV
Ljava/net/Socket;->closeV
Ljava/net/Socket;->closeV
Ljava/net/Socket;->closeV
Ljava/net/Socket;->closeV
Ljava/net/Socket;->closeV
Ljava/net/Socket;->closeV
Ljava/net/Socket;->connectV
Ljava/net/Socket;->connectV
Ljava/net/Socket;->closeV
Ljava/net/Socket;->closeV
Ljava/net/Socket;->connectV
Ljava/net/Socket;->connectV
Ljava/net/Socket;->connectV
Ljava/net/Socket;->connectV
Ljava/net/Socket;->connectV
Ljava/net/Socket;->connectV
Ljava/net/Socket;->closeV
Ljava/net/Socket;->connectV
Ljava/net/Socket;->connectV
Ljava/net/Socket;->closeV
Ljava/net/Socket;->closeV
Ljava/net/Socket;->closeV
Ljava/net/Socket;->closeV
Ljava/net/Socket;->closeV
Ljava/net/Socket;->connectV
Ljava/net/Socket;->closeV
Ljava/net/Socket;->closeV
Ljava/net/Socket;->connectV
Ljava/net/Socket;->closeV
Ljava/net/Socket;->closeV
Ljava/net/Socket;->connectV
Ljava/net/Socket;->closeV
Ljava/net/Socket;->connectV
Ljava/net/Socket;->connectV
Ljava/net/Socket;->connectV
Ljava/net/Socket;->closeV
Ljava/net/Socket;->closeV
Ljava/net/Socket;->closeV
Ljava/net/Socket;->connectV
Ljava/net/Socket;->connectV
Ljava/net/Socket;->connectV
Ljava/net/Socket;->connectV
Ljava/net/Socket;->connectV
Ljava/net/Socket;->closeV
Ljava/net/Socket;->closeV
Ljava/net/Socket;->closeV
Ljava/net/Socket;->closeV
Ljava/net/Socket;->closeV
Ljava/net/Socket;->connectV
Ljava/net/Socket;->connectV
Ljava/net/Socket;->connectV
Ljava/net/Socket;->closeV
Ljava/net/Socket;->closeV
Ljava/net/Socket;->closeV
Ljava/net/Socket;->connectV
Ljava/net/Socket;->connectV
Ljava/net/Socket;->connectV
Ljava/net/Socket;->connectV
Ljava/net/Socket;->connectV
Ljava/net/Socket;->connectV
Ljava/net/Socket;->connectV
Ljava/net/Socket;->connectV
Ljava/net/Socket;->connectV
Ljava/net/Socket;->connectV
Ljava/net/Socket;->connectV
Ljava/net/Socket;->closeV
Ljava/net/Socket;->closeV
Ljava/net/Socket;->closeV
Ljava/net/Socket;->closeV
Ljava/net/Socket;->closeV
Ljava/net/Socket;->closeV
Ljava/net/Socket;->closeV
Ljava/net/Socket;->closeV
Ljava/net/Socket;->closeV
Ljava/net/Socket;->closeV
Ljava/net/Socket;->closeV
Ljava/net/Socket;->connectV
Ljava/net/Socket;->connectV
Ljava/net/Socket;->closeV
Ljava/net/Socket;->closeV
Ljava/net/Socket;->connectV
3581246 + Lcom/fsck/k9/activity/MessageList; onResume
3581247 + Lcom/fsck/k9/K9Activity; onResume
3581248 - Lcom/fsck/k9/K9Activity; onResume
Ljava/net/Socket;->connectV
Ljava/net/Socket;->connectV
Ljava/net/Socket;->connectV
3581483 - Lcom/fsck/k9/activity/MessageList; onResume
Ljava/net/Socket;->connectV
Ljava/net/Socket;->connectV
Ljava/net/Socket;->connectV
Ljava/net/Socket;->connectV
Ljava/net/Socket;->closeV
Ljava/net/Socket;->closeV
Ljava/net/Socket;->closeV
Ljava/net/Socket;->closeV
Ljava/net/Socket;->connectV
Ljava/net/Socket;->closeV
Ljava/net/Socket;->closeV
Ljava/net/Socket;->closeV
Ljava/net/Socket;->connectV
Ljava/net/Socket;->closeV
Ljava/net/Socket;->closeV
Ljava/net/Socket;->closeV
3583772 + Lcom/fsck/k9/activity/MessageList$1; onTouch android.widget.ListView@462e3528
3583775 - Lcom/fsck/k9/activity/MessageList$1; onTouch
3583794 + Lcom/fsck/k9/activity/MessageList$1; onTouch android.widget.ListView@462e3528
3583795 - Lcom/fsck/k9/activity/MessageList$1; onTouch
3583817 + Lcom/fsck/k9/activity/MessageList$1; onTouch android.widget.ListView@462e3528
3583817 - Lcom/fsck/k9/activity/MessageList$1; onTouch
3583844 + Lcom/fsck/k9/activity/MessageList$1; onTouch android.widget.ListView@462e3528
3583845 - Lcom/fsck/k9/activity/MessageList$1; onTouch
3583873 + Lcom/fsck/k9/activity/MessageList$1; onTouch android.widget.ListView@462e3528
3583874 - Lcom/fsck/k9/activity/MessageList$1; onTouch
3583885 + Lcom/fsck/k9/activity/MessageList$1; onTouch android.widget.ListView@462e3528
3583886 - Lcom/fsck/k9/activity/MessageList$1; onTouch
3584022 + Lcom/fsck/k9/activity/MessageList; onItemClick android.widget.ListView@462e3528
3584107 - Lcom/fsck/k9/activity/MessageList; onItemClick
3584113 + Lcom/fsck/k9/activity/MessageList; onSaveInstanceState
3584114 - Lcom/fsck/k9/activity/MessageList; onSaveInstanceState
3584115 + Lcom/fsck/k9/activity/MessageList; onPause
3584116 - Lcom/fsck/k9/activity/MessageList; onPause
3584193 + Lcom/fsck/k9/activity/MessageView; onCreate
3584193 + Lcom/fsck/k9/K9Activity; onCreate
3584195 - Lcom/fsck/k9/K9Activity; onCreate
Ljava/net/Socket;->connectV
3584268 - Lcom/fsck/k9/activity/MessageView; onCreate
3584269 + Lcom/fsck/k9/activity/MessageView; onResume
3584269 + Lcom/fsck/k9/K9Activity; onResume
3584272 - Lcom/fsck/k9/K9Activity; onResume
3584274 - Lcom/fsck/k9/activity/MessageView; onResume
Ljava/net/Socket;->closeV
Ljava/net/Socket;->connectV
Ljava/net/Socket;->closeV
Ljava/net/Socket;->connectV
Ljava/net/Socket;->closeV
Ljava/net/Socket;->connectV
Ljava/net/Socket;->connectV
Ljava/net/Socket;->connectV
Ljava/net/Socket;->closeV
Ljava/net/Socket;->closeV
Ljava/net/Socket;->closeV
Ljava/net/Socket;->connectV
Ljava/net/Socket;->connectV
Ljava/net/Socket;->connectV
Ljava/net/Socket;->connectV
Ljava/net/Socket;->connectV
Ljava/net/Socket;->closeV
Ljava/net/Socket;->closeV
Ljava/net/Socket;->closeV
Ljava/net/Socket;->closeV
Ljava/net/Socket;->closeV
3592251 + Lcom/fsck/k9/activity/MessageList; onResume
3592252 + Lcom/fsck/k9/K9Activity; onResume
3592254 - Lcom/fsck/k9/K9Activity; onResume
3592564 - Lcom/fsck/k9/activity/MessageList; onResume
Ljava/net/Socket;->connectV
Ljava/net/Socket;->connectV
Ljava/net/Socket;->connectV
3594395 + Lcom/fsck/k9/activity/MessageList$1; onTouch android.widget.ListView@462e3528
3594396 - Lcom/fsck/k9/activity/MessageList$1; onTouch
3594421 + Lcom/fsck/k9/activity/MessageList$1; onTouch android.widget.ListView@462e3528
3594426 - Lcom/fsck/k9/activity/MessageList$1; onTouch
3594446 + Lcom/fsck/k9/activity/MessageList$1; onTouch android.widget.ListView@462e3528
3594453 - Lcom/fsck/k9/activity/MessageList$1; onTouch
3594479 + Lcom/fsck/k9/activity/MessageList$1; onTouch android.widget.ListView@462e3528
3594481 - Lcom/fsck/k9/activity/MessageList$1; onTouch
Ljava/net/Socket;->closeV
3594500 + Lcom/fsck/k9/activity/MessageList$1; onTouch android.widget.ListView@462e3528
3594501 - Lcom/fsck/k9/activity/MessageList$1; onTouch
3594502 + Lcom/fsck/k9/activity/MessageList$1; onTouch android.widget.ListView@462e3528
3594504 - Lcom/fsck/k9/activity/MessageList$1; onTouch
Ljava/net/Socket;->closeV
Ljava/net/Socket;->closeV
3594661 + Lcom/fsck/k9/activity/MessageList; onItemClick android.widget.ListView@462e3528
3594773 - Lcom/fsck/k9/activity/MessageList; onItemClick
3594773 + Lcom/fsck/k9/activity/MessageList; onSaveInstanceState
3594774 - Lcom/fsck/k9/activity/MessageList; onSaveInstanceState
3594775 + Lcom/fsck/k9/activity/MessageList; onPause
3594775 - Lcom/fsck/k9/activity/MessageList; onPause
3594894 + Lcom/fsck/k9/activity/MessageView; onCreate
3594894 + Lcom/fsck/k9/K9Activity; onCreate
3594897 - Lcom/fsck/k9/K9Activity; onCreate
3594980 - Lcom/fsck/k9/activity/MessageView; onCreate
3594981 + Lcom/fsck/k9/activity/MessageView; onResume
3594981 + Lcom/fsck/k9/K9Activity; onResume
3594987 - Lcom/fsck/k9/K9Activity; onResume
3594988 - Lcom/fsck/k9/activity/MessageView; onResume
Ljava/net/Socket;->connectV
Ljava/net/Socket;->connectV
Ljava/net/Socket;->connectV
Ljava/net/Socket;->connectV
Ljava/net/Socket;->closeV
Ljava/net/Socket;->connectV
Ljava/net/Socket;->connectV
Ljava/net/Socket;->connectV
Ljava/net/Socket;->connectV
Ljava/net/Socket;->connectV
Ljava/net/Socket;->closeV
Ljava/net/Socket;->connectV
Ljava/net/Socket;->connectV
Ljava/net/Socket;->connectV
Ljava/net/Socket;->closeV
3597450 + Lcom/fsck/k9/activity/MessageView; onClick android.widget.Button@467b8b18
3597458 - Lcom/fsck/k9/activity/MessageView; onClick
Ljava/net/Socket;->closeV
Ljava/net/Socket;->closeV
Ljava/net/Socket;->closeV
Ljava/net/Socket;->closeV
Ljava/net/Socket;->closeV
Ljava/net/Socket;->closeV
Ljava/net/Socket;->closeV
Ljava/net/Socket;->closeV
Ljava/net/Socket;->closeV
Ljava/net/Socket;->connectV
Ljava/net/Socket;->closeV
Ljava/net/Socket;->connectV
3601519 + Lcom/fsck/k9/activity/MessageList; onResume
3601522 + Lcom/fsck/k9/K9Activity; onResume
3601527 - Lcom/fsck/k9/K9Activity; onResume
3601817 - Lcom/fsck/k9/activity/MessageList; onResume
Ljava/net/Socket;->closeV
3607654 + Lcom/fsck/k9/activity/MessageList; onSaveInstanceState
3607654 - Lcom/fsck/k9/activity/MessageList; onSaveInstanceState
3607655 + Lcom/fsck/k9/activity/MessageList; onPause
3607655 - Lcom/fsck/k9/activity/MessageList; onPause
