

Ljava/net/Socket;->connectV
Ljava/net/Socket;->connectV
Ljava/net/Socket;->connectV
Ljava/net/Socket;->connectV
Ljava/net/Socket;->connectV
Ljava/net/Socket;->connectV
Ljava/net/Socket;->connectV
Ljava/net/Socket;->connectV
Ljava/net/Socket;->closeV
Ljava/net/Socket;->closeV
Ljava/net/Socket;->closeV
Ljava/net/Socket;->closeV
Ljava/net/Socket;->closeV
Ljava/net/Socket;->closeV
Ljava/net/Socket;->closeV
Ljava/net/Socket;->closeV
Ljava/net/Socket;->connectV
Ljava/net/Socket;->closeV
Ljava/net/Socket;->connectV
Ljava/net/Socket;->closeV
Ljava/net/Socket;->connectV
Ljava/net/Socket;->connectV
Ljava/net/Socket;->connectV
Ljava/net/Socket;->connectV
Ljava/net/Socket;->closeV
Ljava/net/Socket;->closeV
Ljava/net/Socket;->closeV
Ljava/net/Socket;->closeV
Ljava/net/Socket;->connectV
Ljava/net/Socket;->closeV
Ljava/net/Socket;->connectV
Ljava/net/Socket;->closeV
Ljava/net/Socket;->connectV
Ljava/net/Socket;->closeV
Ljava/net/Socket;->connectV
Ljava/net/Socket;->connectV
Ljava/net/Socket;->closeV
Ljava/net/Socket;->closeV
Ljava/net/Socket;->connectV
Ljava/net/Socket;->closeV
Ljava/net/Socket;->connectV
Ljava/net/Socket;->connectV
Ljava/net/Socket;->closeV
Ljava/net/Socket;->closeV
Ljava/net/Socket;->connectV
Ljava/net/Socket;->connectV
Ljava/net/Socket;->connectV
Ljava/net/Socket;->connectV
Ljava/net/Socket;->connectV
Ljava/net/Socket;->closeV
Ljava/net/Socket;->closeV
Ljava/net/Socket;->closeV
Ljava/net/Socket;->closeV
Ljava/net/Socket;->closeV
Ljava/net/Socket;->connectV
Ljava/net/Socket;->closeV
Ljava/net/Socket;->connectV
Ljava/net/Socket;->connectV
Ljava/net/Socket;->connectV
Ljava/net/Socket;->closeV
Ljava/net/Socket;->closeV
Ljava/net/Socket;->closeV
Ljava/net/Socket;->connectV
Ljava/net/Socket;->connectV
Ljava/net/Socket;->closeV
Ljava/net/Socket;->closeV
Ljava/net/Socket;->connectV
Ljava/net/Socket;->connectV
Ljava/net/Socket;->closeV
Ljava/net/Socket;->closeV
Ljava/net/Socket;->connectV
Ljava/net/Socket;->connectV
Ljava/net/Socket;->connectV
Ljava/net/Socket;->connectV
Ljava/net/Socket;->connectV
Ljava/net/Socket;->connectV
Ljava/net/Socket;->connectV
Ljava/net/Socket;->connectV
Ljava/net/Socket;->connectV
Ljava/net/Socket;->closeV
Ljava/net/Socket;->closeV
Ljava/net/Socket;->closeV
Ljava/net/Socket;->closeV
Ljava/net/Socket;->closeV
Ljava/net/Socket;->closeV
Ljava/net/Socket;->closeV
Ljava/net/Socket;->closeV
Ljava/net/Socket;->closeV
Ljava/net/Socket;->connectV
Ljava/net/Socket;->connectV
Ljava/net/Socket;->closeV
Ljava/net/Socket;->connectV
Ljava/net/Socket;->connectV
Ljava/net/Socket;->closeV
Ljava/net/Socket;->connectV
Ljava/net/Socket;->closeV
Ljava/net/Socket;->closeV
Ljava/net/Socket;->closeV
Ljava/net/Socket;->connectV
Ljava/net/Socket;->closeV
4422952 + Lcom/fsck/k9/activity/MessageList; onResume
4422953 + Lcom/fsck/k9/K9Activity; onResume
4422959 - Lcom/fsck/k9/K9Activity; onResume
4423088 - Lcom/fsck/k9/activity/MessageList; onResume
4426155 + Lcom/fsck/k9/activity/MessageList; onCreateOptionsMenu com.android.internal.view.menu.MenuBuilder@467e3158
4426198 - Lcom/fsck/k9/activity/MessageList; onCreateOptionsMenu
4427983 + Lcom/fsck/k9/activity/MessageList; onOptionsItemSelected Check mail
4427986 - Lcom/fsck/k9/activity/MessageList; onOptionsItemSelected
Ljava/net/Socket;->connectV
Ljava/net/Socket;->closeV
Ljava/net/Socket;->connectV
Ljava/net/Socket;->closeV
4435627 + Lcom/fsck/k9/activity/MessageList$1; onTouch android.widget.ListView@462e3528
4435633 - Lcom/fsck/k9/activity/MessageList$1; onTouch
4435664 + Lcom/fsck/k9/activity/MessageList$1; onTouch android.widget.ListView@462e3528
4435669 - Lcom/fsck/k9/activity/MessageList$1; onTouch
4435680 + Lcom/fsck/k9/activity/MessageList$1; onTouch android.widget.ListView@462e3528
4435682 - Lcom/fsck/k9/activity/MessageList$1; onTouch
4435695 + Lcom/fsck/k9/activity/MessageList$1; onTouch android.widget.ListView@462e3528
4435696 - Lcom/fsck/k9/activity/MessageList$1; onTouch
4435725 + Lcom/fsck/k9/activity/MessageList$1; onTouch android.widget.ListView@462e3528
4435725 - Lcom/fsck/k9/activity/MessageList$1; onTouch
4435752 + Lcom/fsck/k9/activity/MessageList$1; onTouch android.widget.ListView@462e3528
4435753 - Lcom/fsck/k9/activity/MessageList$1; onTouch
4435753 + Lcom/fsck/k9/activity/MessageList$1; onTouch android.widget.ListView@462e3528
4435754 - Lcom/fsck/k9/activity/MessageList$1; onTouch
4435895 + Lcom/fsck/k9/activity/MessageList; onItemClick android.widget.ListView@462e3528
4435970 - Lcom/fsck/k9/activity/MessageList; onItemClick
4435971 + Lcom/fsck/k9/activity/MessageList; onSaveInstanceState
4435972 - Lcom/fsck/k9/activity/MessageList; onSaveInstanceState
4435973 + Lcom/fsck/k9/activity/MessageList; onPause
4435973 - Lcom/fsck/k9/activity/MessageList; onPause
4436010 + Lcom/fsck/k9/activity/MessageView; onCreate
4436011 + Lcom/fsck/k9/K9Activity; onCreate
4436013 - Lcom/fsck/k9/K9Activity; onCreate
4436097 - Lcom/fsck/k9/activity/MessageView; onCreate
4436098 + Lcom/fsck/k9/activity/MessageView; onResume
4436099 + Lcom/fsck/k9/K9Activity; onResume
4436103 - Lcom/fsck/k9/K9Activity; onResume
4436108 - Lcom/fsck/k9/activity/MessageView; onResume
Ljava/net/Socket;->connectV
Ljava/net/Socket;->closeV
4437528 + Lcom/fsck/k9/activity/MessageView; onClick android.widget.Button@468f0080
4437540 - Lcom/fsck/k9/activity/MessageView; onClick
Ljava/net/Socket;->connectV
Ljava/net/Socket;->closeV
Ljava/net/Socket;->connectV
Ljava/net/Socket;->closeV
Ljava/net/Socket;->connectV
Ljava/net/Socket;->closeV
4445360 + Lcom/fsck/k9/activity/MessageView; onClick android.widget.Button@467798c8
4445370 - Lcom/fsck/k9/activity/MessageView; onClick
Ljava/net/Socket;->connectV
Ljava/net/Socket;->closeV
Ljava/net/Socket;->connectV
Ljava/net/Socket;->connectV
Ljava/net/Socket;->closeV
Ljava/net/Socket;->closeV
4447841 + Lcom/fsck/k9/activity/MessageView; onClick android.widget.Button@467798c8
4447846 - Lcom/fsck/k9/activity/MessageView; onClick
Ljava/net/Socket;->connectV
Ljava/net/Socket;->closeV
Ljava/net/Socket;->connectV
Ljava/net/Socket;->closeV
4449607 + Lcom/fsck/k9/activity/MessageView; onClick android.widget.Button@467798c8
Ljava/net/Socket;->connectV
4449625 - Lcom/fsck/k9/activity/MessageView; onClick
Ljava/net/Socket;->connectV
Ljava/net/Socket;->connectV
Ljava/net/Socket;->closeV
Ljava/net/Socket;->closeV
Ljava/net/Socket;->connectV
Ljava/net/Socket;->connectV
Ljava/net/Socket;->closeV
Ljava/net/Socket;->connectV
Ljava/net/Socket;->connectV
Ljava/net/Socket;->connectV
Ljava/net/Socket;->closeV
Ljava/net/Socket;->closeV
Ljava/net/Socket;->closeV
Ljava/net/Socket;->closeV
Ljava/net/Socket;->closeV
Ljava/net/Socket;->connectV
Ljava/net/Socket;->connectV
4453224 + Lcom/fsck/k9/activity/MessageList; onResume
4453225 + Lcom/fsck/k9/K9Activity; onResume
4453228 - Lcom/fsck/k9/K9Activity; onResume
Ljava/net/Socket;->closeV
4453398 - Lcom/fsck/k9/activity/MessageList; onResume
Ljava/net/Socket;->closeV
Ljava/net/Socket;->connectV
Ljava/net/Socket;->connectV
Ljava/net/Socket;->connectV
Ljava/net/Socket;->connectV
Ljava/net/Socket;->closeV
Ljava/net/Socket;->closeV
Ljava/net/Socket;->closeV
Ljava/net/Socket;->closeV
Ljava/net/Socket;->connectV
Ljava/net/Socket;->connectV
Ljava/net/Socket;->closeV
Ljava/net/Socket;->closeV
Ljava/net/Socket;->connectV
Ljava/net/Socket;->connectV
Ljava/net/Socket;->closeV
Ljava/net/Socket;->closeV
4461739 + Lcom/fsck/k9/activity/MessageList; onOptionsItemSelected Compose
4461779 - Lcom/fsck/k9/activity/MessageList; onOptionsItemSelected
4461799 + Lcom/fsck/k9/activity/MessageList; onSaveInstanceState
4461800 - Lcom/fsck/k9/activity/MessageList; onSaveInstanceState
4461801 + Lcom/fsck/k9/activity/MessageList; onPause
4461801 - Lcom/fsck/k9/activity/MessageList; onPause
4461816 + Lcom/fsck/k9/activity/MessageCompose; onCreate
4461817 + Lcom/fsck/k9/K9Activity; onCreate
4461818 - Lcom/fsck/k9/K9Activity; onCreate
4461881 - Lcom/fsck/k9/activity/MessageCompose; onCreate
4461881 + Lcom/fsck/k9/activity/MessageCompose; onResume
4461882 + Lcom/fsck/k9/K9Activity; onResume
4461883 - Lcom/fsck/k9/K9Activity; onResume
4461884 - Lcom/fsck/k9/activity/MessageCompose; onResume
Ljava/net/Socket;->connectV
Ljava/net/Socket;->connectV
Ljava/net/Socket;->connectV
Ljava/net/Socket;->connectV
Ljava/net/Socket;->connectV
Ljava/net/Socket;->connectV
Ljava/net/Socket;->connectV
Ljava/net/Socket;->connectV
Ljava/net/Socket;->connectV
Ljava/net/Socket;->closeV
Ljava/net/Socket;->closeV
Ljava/net/Socket;->closeV
Ljava/net/Socket;->closeV
Ljava/net/Socket;->closeV
Ljava/net/Socket;->closeV
Ljava/net/Socket;->closeV
Ljava/net/Socket;->closeV
Ljava/net/Socket;->closeV
Ljava/net/Socket;->connectV
Ljava/net/Socket;->connectV
Ljava/net/Socket;->closeV
Ljava/net/Socket;->connectV
Ljava/net/Socket;->connectV
Ljava/net/Socket;->connectV
Ljava/net/Socket;->closeV
Ljava/net/Socket;->closeV
Ljava/net/Socket;->closeV
Ljava/net/Socket;->closeV
4470342 + Lcom/fsck/k9/activity/MessageCompose; onFocusChange android.widget.EditText@464afd00
4470347 - Lcom/fsck/k9/activity/MessageCompose; onFocusChange
Ljava/net/Socket;->connectV
Ljava/net/Socket;->closeV
4489591 + Lcom/fsck/k9/activity/MessageCompose; onFocusChange android.widget.EditText@464afd00
4489595 - Lcom/fsck/k9/activity/MessageCompose; onFocusChange
Ljava/net/Socket;->connectV
Ljava/net/Socket;->closeV
Ljava/net/Socket;->connectV
Ljava/net/Socket;->closeV
Ljava/net/Socket;->connectV
Ljava/net/Socket;->connectV
Ljava/net/Socket;->closeV
Ljava/net/Socket;->closeV
4499413 + Lcom/fsck/k9/activity/MessageCompose; onCreateOptionsMenu com.android.internal.view.menu.MenuBuilder@46842470
4499432 - Lcom/fsck/k9/activity/MessageCompose; onCreateOptionsMenu
Ljava/net/Socket;->connectV
Ljava/net/Socket;->closeV
4500411 + Lcom/fsck/k9/activity/MessageCompose; onOptionsItemSelected Send
4500541 - Lcom/fsck/k9/activity/MessageCompose; onOptionsItemSelected
4500592 + Lcom/fsck/k9/activity/MessageCompose; onPause
4500592 - Lcom/fsck/k9/activity/MessageCompose; onPause
Ljava/net/Socket;->connectV
4500638 + Lcom/fsck/k9/activity/MessageList; onResume
4500641 + Lcom/fsck/k9/K9Activity; onResume
4500650 - Lcom/fsck/k9/K9Activity; onResume
Ljava/net/Socket;->closeV
Ljava/net/Socket;->connectV
4501300 - Lcom/fsck/k9/activity/MessageList; onResume
Ljava/net/Socket;->closeV
Ljava/net/Socket;->connectV
Ljava/net/Socket;->connectV
Ljava/net/Socket;->connectV
Ljava/net/Socket;->connectV
Ljava/net/Socket;->connectV
Ljava/net/Socket;->connectV
Ljava/net/Socket;->closeV
Ljava/net/Socket;->closeV
Ljava/net/Socket;->closeV
Ljava/net/Socket;->closeV
Ljava/net/Socket;->closeV
4504063 + Lcom/fsck/k9/activity/MessageList$1; onTouch android.widget.ListView@462e3528
4504064 - Lcom/fsck/k9/activity/MessageList$1; onTouch
4504076 + Lcom/fsck/k9/activity/MessageList$1; onTouch android.widget.ListView@462e3528
Ljava/net/Socket;->connectV
4504082 - Lcom/fsck/k9/activity/MessageList$1; onTouch
4504105 + Lcom/fsck/k9/activity/MessageList$1; onTouch android.widget.ListView@462e3528
4504108 - Lcom/fsck/k9/activity/MessageList$1; onTouch
4504146 + Lcom/fsck/k9/activity/MessageList$1; onTouch android.widget.ListView@462e3528
4504154 - Lcom/fsck/k9/activity/MessageList$1; onTouch
4504181 + Lcom/fsck/k9/activity/MessageList$1; onTouch android.widget.ListView@462e3528
4504182 - Lcom/fsck/k9/activity/MessageList$1; onTouch
4504436 + Lcom/fsck/k9/activity/MessageList$1; onTouch android.widget.ListView@462e3528
4504442 - Lcom/fsck/k9/activity/MessageList$1; onTouch
4504492 + Lcom/fsck/k9/activity/MessageList$1; onTouch android.widget.ListView@462e3528
4504493 - Lcom/fsck/k9/activity/MessageList$1; onTouch
4504523 + Lcom/fsck/k9/activity/MessageList$1; onTouch android.widget.ListView@462e3528
4504524 - Lcom/fsck/k9/activity/MessageList$1; onTouch
4504536 + Lcom/fsck/k9/activity/MessageList$1; onTouch android.widget.ListView@462e3528
4504537 - Lcom/fsck/k9/activity/MessageList$1; onTouch
4504561 + Lcom/fsck/k9/activity/MessageList$1; onTouch android.widget.ListView@462e3528
4504561 - Lcom/fsck/k9/activity/MessageList$1; onTouch
4504587 + Lcom/fsck/k9/activity/MessageList$1; onTouch android.widget.ListView@462e3528
4504587 - Lcom/fsck/k9/activity/MessageList$1; onTouch
4504636 + Lcom/fsck/k9/activity/MessageList$1; onTouch android.widget.ListView@462e3528
4504637 - Lcom/fsck/k9/activity/MessageList$1; onTouch
4504642 + Lcom/fsck/k9/activity/MessageList$1; onTouch android.widget.ListView@462e3528
4504646 - Lcom/fsck/k9/activity/MessageList$1; onTouch
Ljava/net/Socket;->closeV
4504998 + Lcom/fsck/k9/activity/MessageList$1; onTouch android.widget.ListView@462e3528
4505000 - Lcom/fsck/k9/activity/MessageList$1; onTouch
4505004 + Lcom/fsck/k9/activity/MessageList$1; onTouch android.widget.ListView@462e3528
4505004 - Lcom/fsck/k9/activity/MessageList$1; onTouch
4505030 + Lcom/fsck/k9/activity/MessageList$1; onTouch android.widget.ListView@462e3528
4505031 - Lcom/fsck/k9/activity/MessageList$1; onTouch
4505061 + Lcom/fsck/k9/activity/MessageList$1; onTouch android.widget.ListView@462e3528
4505062 - Lcom/fsck/k9/activity/MessageList$1; onTouch
4505088 + Lcom/fsck/k9/activity/MessageList$1; onTouch android.widget.ListView@462e3528
4505088 - Lcom/fsck/k9/activity/MessageList$1; onTouch
4505129 + Lcom/fsck/k9/activity/MessageList$1; onTouch android.widget.ListView@462e3528
4505132 - Lcom/fsck/k9/activity/MessageList$1; onTouch
4505148 + Lcom/fsck/k9/activity/MessageList$1; onTouch android.widget.ListView@462e3528
4505148 - Lcom/fsck/k9/activity/MessageList$1; onTouch
4505178 + Lcom/fsck/k9/activity/MessageList$1; onTouch android.widget.ListView@462e3528
4505179 - Lcom/fsck/k9/activity/MessageList$1; onTouch
4505212 + Lcom/fsck/k9/activity/MessageList$1; onTouch android.widget.ListView@462e3528
4505213 - Lcom/fsck/k9/activity/MessageList$1; onTouch
4505243 + Lcom/fsck/k9/activity/MessageList$1; onTouch android.widget.ListView@462e3528
4505244 - Lcom/fsck/k9/activity/MessageList$1; onTouch
4505264 + Lcom/fsck/k9/activity/MessageList$1; onTouch android.widget.ListView@462e3528
4505265 - Lcom/fsck/k9/activity/MessageList$1; onTouch
4505283 + Lcom/fsck/k9/activity/MessageList$1; onTouch android.widget.ListView@462e3528
4505284 - Lcom/fsck/k9/activity/MessageList$1; onTouch
4505315 + Lcom/fsck/k9/activity/MessageList$1; onTouch android.widget.ListView@462e3528
4505316 - Lcom/fsck/k9/activity/MessageList$1; onTouch
4505351 + Lcom/fsck/k9/activity/MessageList$1; onTouch android.widget.ListView@462e3528
4505352 - Lcom/fsck/k9/activity/MessageList$1; onTouch
4505369 + Lcom/fsck/k9/activity/MessageList$1; onTouch android.widget.ListView@462e3528
4505370 - Lcom/fsck/k9/activity/MessageList$1; onTouch
4505395 + Lcom/fsck/k9/activity/MessageList$1; onTouch android.widget.ListView@462e3528
4505395 - Lcom/fsck/k9/activity/MessageList$1; onTouch
4505425 + Lcom/fsck/k9/activity/MessageList$1; onTouch android.widget.ListView@462e3528
4505425 - Lcom/fsck/k9/activity/MessageList$1; onTouch
4505427 + Lcom/fsck/k9/activity/MessageList$1; onTouch android.widget.ListView@462e3528
4505430 - Lcom/fsck/k9/activity/MessageList$1; onTouch
Ljava/net/Socket;->closeV
4505973 + Lcom/fsck/k9/activity/MessageList$1; onTouch android.widget.ListView@462e3528
4505975 - Lcom/fsck/k9/activity/MessageList$1; onTouch
4505984 + Lcom/fsck/k9/activity/MessageList$1; onTouch android.widget.ListView@462e3528
4505985 - Lcom/fsck/k9/activity/MessageList$1; onTouch
4506014 + Lcom/fsck/k9/activity/MessageList$1; onTouch android.widget.ListView@462e3528
4506015 - Lcom/fsck/k9/activity/MessageList$1; onTouch
4506037 + Lcom/fsck/k9/activity/MessageList$1; onTouch android.widget.ListView@462e3528
4506037 - Lcom/fsck/k9/activity/MessageList$1; onTouch
4506055 + Lcom/fsck/k9/activity/MessageList$1; onTouch android.widget.ListView@462e3528
4506061 - Lcom/fsck/k9/activity/MessageList$1; onTouch
Ljava/net/Socket;->connectV
4506202 + Lcom/fsck/k9/activity/MessageList; onItemClick android.widget.ListView@462e3528
4506245 - Lcom/fsck/k9/activity/MessageList; onItemClick
4506246 + Lcom/fsck/k9/activity/MessageList; onSaveInstanceState
4506248 - Lcom/fsck/k9/activity/MessageList; onSaveInstanceState
4506248 + Lcom/fsck/k9/activity/MessageList; onPause
4506249 - Lcom/fsck/k9/activity/MessageList; onPause
4506369 + Lcom/fsck/k9/activity/MessageView; onCreate
4506370 + Lcom/fsck/k9/K9Activity; onCreate
4506373 - Lcom/fsck/k9/K9Activity; onCreate
Ljava/net/Socket;->connectV
Ljava/net/Socket;->connectV
4506497 - Lcom/fsck/k9/activity/MessageView; onCreate
4506498 + Lcom/fsck/k9/activity/MessageView; onResume
4506498 + Lcom/fsck/k9/K9Activity; onResume
4506501 - Lcom/fsck/k9/K9Activity; onResume
4506502 - Lcom/fsck/k9/activity/MessageView; onResume
Ljava/net/Socket;->closeV
Ljava/net/Socket;->closeV
Ljava/net/Socket;->closeV
Ljava/net/Socket;->connectV
Ljava/net/Socket;->connectV
Ljava/net/Socket;->connectV
Ljava/net/Socket;->closeV
Ljava/net/Socket;->closeV
Ljava/net/Socket;->closeV
Ljava/net/Socket;->connectV
Ljava/net/Socket;->connectV
4509722 + Lcom/fsck/k9/activity/MessageView; onClick android.widget.Button@465b83c0
4509731 - Lcom/fsck/k9/activity/MessageView; onClick
Ljava/net/Socket;->connectV
Ljava/net/Socket;->closeV
Ljava/net/Socket;->closeV
Ljava/net/Socket;->closeV
Ljava/net/Socket;->connectV
Ljava/net/Socket;->closeV
Ljava/net/Socket;->connectV
4514916 + Lcom/fsck/k9/activity/MessageView; onClick android.widget.Button@4669cb10
4514927 - Lcom/fsck/k9/activity/MessageView; onClick
Ljava/net/Socket;->connectV
Ljava/net/Socket;->connectV
Ljava/net/Socket;->connectV
Ljava/net/Socket;->connectV
Ljava/net/Socket;->connectV
Ljava/net/Socket;->connectV
Ljava/net/Socket;->connectV
Ljava/net/Socket;->closeV
Ljava/net/Socket;->closeV
Ljava/net/Socket;->connectV
Ljava/net/Socket;->closeV
Ljava/net/Socket;->closeV
Ljava/net/Socket;->closeV
Ljava/net/Socket;->closeV
Ljava/net/Socket;->closeV
Ljava/net/Socket;->closeV
Ljava/net/Socket;->closeV
Ljava/net/Socket;->connectV
4518074 + Lcom/fsck/k9/activity/MessageView; onClick android.widget.Button@4669cb10
4518079 - Lcom/fsck/k9/activity/MessageView; onClick
Ljava/net/Socket;->closeV
Ljava/net/Socket;->connectV
Ljava/net/Socket;->connectV
Ljava/net/Socket;->connectV
Ljava/net/Socket;->connectV
Ljava/net/Socket;->connectV
4520152 + Lcom/fsck/k9/activity/MessageView; onClick android.widget.Button@465b83c0
4520153 - Lcom/fsck/k9/activity/MessageView; onClick
Ljava/net/Socket;->closeV
Ljava/net/Socket;->closeV
Ljava/net/Socket;->closeV
Ljava/net/Socket;->closeV
Ljava/net/Socket;->closeV
Ljava/net/Socket;->connectV
Ljava/net/Socket;->connectV
Ljava/net/Socket;->closeV
4522770 + Lcom/fsck/k9/activity/MessageList; onResume
4522770 + Lcom/fsck/k9/K9Activity; onResume
4522772 - Lcom/fsck/k9/K9Activity; onResume
4523104 - Lcom/fsck/k9/activity/MessageList; onResume
Ljava/net/Socket;->closeV
Ljava/net/Socket;->connectV
Ljava/net/Socket;->closeV
Ljava/net/Socket;->connectV
Ljava/net/Socket;->closeV
4526549 + Lcom/fsck/k9/activity/MessageList; onSaveInstanceState
4526550 - Lcom/fsck/k9/activity/MessageList; onSaveInstanceState
4526551 + Lcom/fsck/k9/activity/MessageList; onPause
4526551 - Lcom/fsck/k9/activity/MessageList; onPause
4531490 + Lcom/fsck/k9/service/MailService; onCreate
4531491 - Lcom/fsck/k9/service/MailService; onCreate
4531562 + Lcom/fsck/k9/service/MailService; onDestroy
4531562 - Lcom/fsck/k9/service/MailService; onDestroy
Ljava/net/Socket;->connectV
Ljava/net/Socket;->connectV
Ljava/net/Socket;->closeV
Ljava/net/Socket;->closeV
Ljava/net/Socket;->connectV
Ljava/net/Socket;->connectV
Ljava/net/Socket;->closeV
Ljava/net/Socket;->closeV
Ljava/net/Socket;->connectV
Ljava/net/Socket;->closeV
Ljava/net/Socket;->connectV
Ljava/net/Socket;->connectV
Ljava/net/Socket;->closeV
Ljava/net/Socket;->closeV
Ljava/net/Socket;->connectV
Ljava/net/Socket;->connectV
Ljava/net/Socket;->connectV
Ljava/net/Socket;->connectV
Ljava/net/Socket;->connectV
Ljava/net/Socket;->closeV
Ljava/net/Socket;->closeV
Ljava/net/Socket;->closeV
Ljava/net/Socket;->closeV
Ljava/net/Socket;->closeV
Ljava/net/Socket;->connectV
Ljava/net/Socket;->closeV
Ljava/net/Socket;->connectV
Ljava/net/Socket;->connectV
Ljava/net/Socket;->connectV
Ljava/net/Socket;->closeV
Ljava/net/Socket;->closeV
Ljava/net/Socket;->closeV
Ljava/net/Socket;->connectV
Ljava/net/Socket;->closeV
Ljava/net/Socket;->connectV
Ljava/net/Socket;->connectV
Ljava/net/Socket;->closeV
Ljava/net/Socket;->closeV
Ljava/net/Socket;->connectV
Ljava/net/Socket;->closeV
Ljava/net/Socket;->connectV
4565799 + Lcom/fsck/k9/activity/MessageList; onResume
4565800 + Lcom/fsck/k9/K9Activity; onResume
4565805 - Lcom/fsck/k9/K9Activity; onResume
Ljava/net/Socket;->connectV
4566223 - Lcom/fsck/k9/activity/MessageList; onResume
Ljava/net/Socket;->closeV
Ljava/net/Socket;->closeV
Ljava/net/Socket;->connectV
Ljava/net/Socket;->connectV
Ljava/net/Socket;->connectV
Ljava/net/Socket;->connectV
Ljava/net/Socket;->connectV
Ljava/net/Socket;->connectV
Ljava/net/Socket;->connectV
Ljava/net/Socket;->closeV
Ljava/net/Socket;->closeV
Ljava/net/Socket;->closeV
Ljava/net/Socket;->closeV
Ljava/net/Socket;->closeV
Ljava/net/Socket;->closeV
Ljava/net/Socket;->closeV
4568672 + Lcom/fsck/k9/activity/MessageList$1; onTouch android.widget.ListView@462e3528
4568673 - Lcom/fsck/k9/activity/MessageList$1; onTouch
4568684 + Lcom/fsck/k9/activity/MessageList$1; onTouch android.widget.ListView@462e3528
4568685 - Lcom/fsck/k9/activity/MessageList$1; onTouch
4568712 + Lcom/fsck/k9/activity/MessageList$1; onTouch android.widget.ListView@462e3528
4568712 - Lcom/fsck/k9/activity/MessageList$1; onTouch
4568740 + Lcom/fsck/k9/activity/MessageList$1; onTouch android.widget.ListView@462e3528
4568740 - Lcom/fsck/k9/activity/MessageList$1; onTouch
4568768 + Lcom/fsck/k9/activity/MessageList$1; onTouch android.widget.ListView@462e3528
4568769 - Lcom/fsck/k9/activity/MessageList$1; onTouch
4569083 + Lcom/fsck/k9/activity/MessageList$1; onTouch android.widget.ListView@462e3528
4569087 - Lcom/fsck/k9/activity/MessageList$1; onTouch
4569145 + Lcom/fsck/k9/activity/MessageList$1; onTouch android.widget.ListView@462e3528
4569146 - Lcom/fsck/k9/activity/MessageList$1; onTouch
4569979 + Lcom/fsck/k9/activity/MessageList$1; onTouch android.widget.ListView@462e3528
4569981 - Lcom/fsck/k9/activity/MessageList$1; onTouch
4569994 + Lcom/fsck/k9/activity/MessageList$1; onTouch android.widget.ListView@462e3528
4569998 - Lcom/fsck/k9/activity/MessageList$1; onTouch
4570022 + Lcom/fsck/k9/activity/MessageList$1; onTouch android.widget.ListView@462e3528
4570023 - Lcom/fsck/k9/activity/MessageList$1; onTouch
4570047 + Lcom/fsck/k9/activity/MessageList$1; onTouch android.widget.ListView@462e3528
4570049 - Lcom/fsck/k9/activity/MessageList$1; onTouch
4570076 + Lcom/fsck/k9/activity/MessageList$1; onTouch android.widget.ListView@462e3528
4570080 - Lcom/fsck/k9/activity/MessageList$1; onTouch
4570107 + Lcom/fsck/k9/activity/MessageList$1; onTouch android.widget.ListView@462e3528
4570134 - Lcom/fsck/k9/activity/MessageList$1; onTouch
4570142 + Lcom/fsck/k9/activity/MessageList$1; onTouch android.widget.ListView@462e3528
4570161 - Lcom/fsck/k9/activity/MessageList$1; onTouch
Ljava/net/Socket;->connectV
Ljava/net/Socket;->connectV
Ljava/net/Socket;->connectV
Ljava/net/Socket;->connectV
4570334 + Lcom/fsck/k9/activity/MessageList; onItemClick android.widget.ListView@462e3528
4570392 - Lcom/fsck/k9/activity/MessageList; onItemClick
4570409 + Lcom/fsck/k9/activity/MessageList; onSaveInstanceState
4570410 - Lcom/fsck/k9/activity/MessageList; onSaveInstanceState
4570411 + Lcom/fsck/k9/activity/MessageList; onPause
4570411 - Lcom/fsck/k9/activity/MessageList; onPause
4570495 + Lcom/fsck/k9/activity/MessageView; onCreate
4570496 + Lcom/fsck/k9/K9Activity; onCreate
4570498 - Lcom/fsck/k9/K9Activity; onCreate
4570689 - Lcom/fsck/k9/activity/MessageView; onCreate
4570690 + Lcom/fsck/k9/activity/MessageView; onResume
4570690 + Lcom/fsck/k9/K9Activity; onResume
4570692 - Lcom/fsck/k9/K9Activity; onResume
4570692 - Lcom/fsck/k9/activity/MessageView; onResume
Ljava/net/Socket;->closeV
Ljava/net/Socket;->closeV
Ljava/net/Socket;->closeV
Ljava/net/Socket;->closeV
Ljava/net/Socket;->connectV
Ljava/net/Socket;->connectV
4572211 + Lcom/fsck/k9/activity/MessageView; onClick android.widget.Button@467c1670
Ljava/net/Socket;->closeV
4572226 - Lcom/fsck/k9/activity/MessageView; onClick
Ljava/net/Socket;->connectV
Ljava/net/Socket;->closeV
Ljava/net/Socket;->closeV
4575831 + Lcom/fsck/k9/activity/MessageView; onClick android.widget.Button@46908a40
4575840 - Lcom/fsck/k9/activity/MessageView; onClick
Ljava/net/Socket;->connectV
Ljava/net/Socket;->closeV
Ljava/net/Socket;->connectV
Ljava/net/Socket;->closeV
4580074 + Lcom/fsck/k9/activity/MessageView; onClick android.widget.Button@46733ae8
4580080 - Lcom/fsck/k9/activity/MessageView; onClick
Ljava/net/Socket;->connectV
Ljava/net/Socket;->closeV
Ljava/net/Socket;->connectV
Ljava/net/Socket;->closeV
4587240 + Lcom/fsck/k9/activity/MessageView; onSaveInstanceState
4587240 - Lcom/fsck/k9/activity/MessageView; onSaveInstanceState
