phone-service power-off
signal -1
phone-call idle
data disconnected
battery_status, 1633377, 0.82, 4.03, 28.3
batt_current 2.0099999999999998E-4
batt_temp 26.3
batt_charge 4014.72
setting_brightness 1
setting_screen_timeout 60000
time 1347915482173
localtime_offset -14400000
model passion
associate 10048 edu.umich.PowerTutor@13
begin, 1633918, 748206
display, 10048, 1, 0.00392156862745098, PowerTutor
cpu_freq, 0.79310346
cpu_total, 5237, 5751, 2726, 61033, 40, 0, 4, 0, 0, 0
cpu, 10022, 248, 25, 7, service, 200, Android keyboard
cpu, 1001, 256, 35, 16, service, 100, Radio Subsystem
cpu, 1000, 164, 2285, 1106, service, 100, System
cpu, 10048, 415, 618, 243, service, 100, PowerTutor
cpu, 10000, 259, 529, 92, app, 400, Contacts
cpu, 10044, 422, 531, 124, app, 400, SetCPU
cpu, 10051, 490, 5813, 60, app, 400, PowerModelTest
cpu, 10036, 470, 28, 5, app, 400, Superuser
cpu, 10016, 311, 30, 20, app, 400, DRM Protected Content Storage
cpu, 10020, 451, 18, 6, app, 400, Gallery
cpu, 1000, 444, 13, 6, app, 400, System
cpu, 10040, 394, 2, 3, app, 400, Voice Dialer
cpu, 10032, 437, 5, 3, app, 400, Search
cpu, 10047, 401, 38, 13, app, 400, Dropbox
cpu, 10030, 429, 4, 4, app, 400, Home screen tips
cpu, 10033, 381, 230, 33, app, 400, ROM Manager
cpu, 10026, 361, 7, 7, app, 100, Messaging
cpu, 10017, 350, 10, 5, app, 400, Email
cpu, 10014, 341, 5, 3, app, 400, Clock
cpu, 10009, 328, 5, 6, app, 400, Calendar Storage
cpu, 0, 128, 0, 1, kernel, kernel, Kernel
cpu, 1008, 125, 19, 1216, kernel, kernel, Compass Device (e.g. akmd)
cpu, 1017, 124, 1, 0, kernel, kernel, sys_1017
cpu, 1002, 122, 1, 2, kernel, kernel, Bluetooth Subsystem
cpu, 1013, 121, 59, 17, kernel, kernel, Media Server
cpu, 0, 120, 447, 95, kernel, kernel, Kernel
cpu, 1001, 119, 1, 9, kernel, kernel, Radio Subsystem
cpu, 0, 117, 2, 0, kernel, kernel, Kernel
cpu, 0, 116, 0, 3, kernel, kernel, Kernel
cpu, 1000, 115, 0, 4, kernel, kernel, System
cpu, 0, 66, 6, 0, kernel, kernel, Kernel
cpu, 0, 65, 29, 0, kernel, kernel, Kernel
cpu, 0, 63, 3, 0, kernel, kernel, Kernel
cpu, 0, 62, 0, 65, kernel, kernel, Kernel
cpu, 0, 61, 0, 36, kernel, kernel, Kernel
cpu, 0, 51, 0, 11, kernel, kernel, Kernel
cpu, 0, 50, 0, 82, kernel, kernel, Kernel
cpu, 0, 34, 6, 0, kernel, kernel, Kernel
cpu, 0, 15, 1, 0, kernel, kernel, Kernel
cpu, 0, 13, 73, 38, kernel, kernel, Kernel
cpu, 0, 12, 0, 1, kernel, kernel, Kernel
cpu, 0, 9, 2, 0, kernel, kernel, Kernel
cpu, 0, 8, 0, 96, kernel, kernel, Kernel
cpu, 0, 5, 0, 312, kernel, kernel, Kernel
cpu, 0, 3, 0, 6, kernel, kernel, Kernel
cpu, 0, 1, 7, 172, kernel, kernel, Kernel
network_total, 0, 0, 0, 0
network, 10047, -1, -1
network, 10014, -1, -1
network, 10044, -1, -1
network, 10009, -1, -1
network, 10040, -1, -1
network, 10036, -1, -1
network, 10000, -1, -1
network, 10033, -1, -1
network, 10032, -1, -1
network, 10030, -1, -1
network, 1001, -1, -1
network, 1000, -1, -1
network, 10026, -1, -1
network, 10048, -1, -1
network, 10022, -1, -1
network, 10020, -1, -1
network, 10051, -1, -1
network, 10016, -1, -1
network, 10017, -1, -1
mobile_total, 0, 0
associate 10000 android.uid.shared:10000@32
associate 10009 android.uid.calendar:10009@8
associate 10014 com.android.deskclock@8
associate 10016 android.media:10016@8
associate 10017 com.android.email@8
associate 10020 com.cooliris.media@30682
associate 10022 com.android.inputmethod.latin@8
associate 10026 com.android.mms@8
associate 10030 com.android.protips@1
associate 10032 com.android.quicksearchbox@110
associate 10033 com.koushikdutta.rommanager@2506
associate 10036 com.noshufou.android.su@24
associate 10040 com.android.voicedialer@8
associate 10044 com.mhuang.overclocking@69
associate 10047 com.dropbox.android@21800
associate 10051 edu.osu.cse.powermodeltest@1
begin, 1634425, 748712
display, 10048, 1, 0.00392156862745098, PowerTutor
cpu_freq, 0.79310346
cpu_total, 5242, 5751, 2731, 61073, 40, 0, 4, 0, 0, 0
cpu, 10022, 248, 25, 7, service, 200, Android keyboard
cpu, 1001, 256, 35, 16, service, 100, Radio Subsystem
cpu, 1000, 164, 2286, 1106, service, 100, System
cpu, 10048, 415, 621, 249, service, 100, PowerTutor
cpu, 10000, 259, 529, 92, app, 400, Contacts
cpu, 10044, 422, 531, 124, app, 400, SetCPU
cpu, 10051, 490, 5813, 60, app, 400, PowerModelTest
cpu, 10036, 470, 28, 5, app, 400, Superuser
cpu, 10016, 311, 30, 20, app, 400, DRM Protected Content Storage
cpu, 10020, 451, 18, 6, app, 400, Gallery
cpu, 1000, 444, 13, 6, app, 400, System
cpu, 10040, 394, 2, 3, app, 400, Voice Dialer
cpu, 10032, 437, 5, 3, app, 400, Search
cpu, 10047, 401, 38, 13, app, 400, Dropbox
cpu, 10030, 429, 4, 4, app, 400, Home screen tips
cpu, 10033, 381, 230, 33, app, 400, ROM Manager
cpu, 10026, 361, 7, 7, app, 100, Messaging
cpu, 10017, 350, 10, 5, app, 400, Email
cpu, 10014, 341, 5, 3, app, 400, Clock
cpu, 10009, 328, 5, 6, app, 400, Calendar Storage
cpu, 0, 128, 0, 1, kernel, kernel, Kernel
cpu, 1008, 125, 19, 1217, kernel, kernel, Compass Device (e.g. akmd)
cpu, 1017, 124, 1, 0, kernel, kernel, sys_1017
cpu, 1002, 122, 1, 2, kernel, kernel, Bluetooth Subsystem
cpu, 1013, 121, 59, 17, kernel, kernel, Media Server
cpu, 0, 120, 447, 95, kernel, kernel, Kernel
cpu, 1001, 119, 1, 9, kernel, kernel, Radio Subsystem
cpu, 0, 117, 2, 0, kernel, kernel, Kernel
cpu, 0, 116, 0, 3, kernel, kernel, Kernel
cpu, 1000, 115, 0, 5, kernel, kernel, System
cpu, 0, 66, 6, 0, kernel, kernel, Kernel
cpu, 0, 65, 29, 0, kernel, kernel, Kernel
cpu, 0, 63, 3, 0, kernel, kernel, Kernel
cpu, 0, 62, 0, 65, kernel, kernel, Kernel
cpu, 0, 61, 0, 36, kernel, kernel, Kernel
cpu, 0, 51, 0, 11, kernel, kernel, Kernel
cpu, 0, 50, 0, 82, kernel, kernel, Kernel
cpu, 0, 34, 6, 0, kernel, kernel, Kernel
cpu, 0, 15, 1, 0, kernel, kernel, Kernel
cpu, 0, 13, 73, 38, kernel, kernel, Kernel
cpu, 0, 12, 0, 1, kernel, kernel, Kernel
cpu, 0, 9, 2, 0, kernel, kernel, Kernel
cpu, 0, 8, 0, 96, kernel, kernel, Kernel
cpu, 0, 5, 0, 312, kernel, kernel, Kernel
cpu, 0, 3, 0, 6, kernel, kernel, Kernel
cpu, 0, 1, 7, 172, kernel, kernel, Kernel
network_total, 0, 0, 0, 0
network, 10047, -1, -1
network, 10014, -1, -1
network, 10044, -1, -1
network, 10009, -1, -1
network, 10040, -1, -1
network, 10036, -1, -1
network, 10000, -1, -1
network, 10033, -1, -1
network, 10032, -1, -1
network, 10030, -1, -1
network, 1001, -1, -1
network, 1000, -1, -1
network, 10026, -1, -1
network, 10048, -1, -1
network, 10022, -1, -1
network, 10020, -1, -1
network, 10051, -1, -1
network, 10016, -1, -1
network, 10017, -1, -1
mobile_total, 0, 0
begin, 1634890, 749178
display, 10000, 1, 0.00392156862745098, Contacts
cpu_freq, 0.79310346
cpu_total, 5257, 5751, 2744, 61098, 40, 0, 4, 0, 0, 0
cpu, 10022, 248, 25, 7, service, 200, Android keyboard
cpu, 1001, 256, 35, 16, service, 100, Radio Subsystem
cpu, 1000, 164, 2292, 1112, service, 100, System
cpu, 10000, 259, 532, 92, app, 100, Contacts
cpu, 10048, 415, 627, 254, service, 200, PowerTutor
cpu, 10044, 422, 531, 124, app, 400, SetCPU
cpu, 10051, 490, 5813, 60, app, 400, PowerModelTest
cpu, 10036, 470, 28, 5, app, 400, Superuser
cpu, 10016, 311, 30, 20, app, 400, DRM Protected Content Storage
cpu, 10020, 451, 18, 6, app, 400, Gallery
cpu, 1000, 444, 13, 6, app, 400, System
cpu, 10040, 394, 2, 3, app, 400, Voice Dialer
cpu, 10032, 437, 5, 3, app, 400, Search
cpu, 10047, 401, 38, 13, app, 400, Dropbox
cpu, 10030, 429, 4, 4, app, 400, Home screen tips
cpu, 10033, 381, 230, 33, app, 400, ROM Manager
cpu, 10026, 361, 7, 7, app, 100, Messaging
cpu, 10017, 350, 10, 5, app, 400, Email
cpu, 10014, 341, 5, 3, app, 400, Clock
cpu, 10009, 328, 5, 6, app, 400, Calendar Storage
cpu, 0, 128, 0, 1, kernel, kernel, Kernel
cpu, 1008, 125, 19, 1218, kernel, kernel, Compass Device (e.g. akmd)
cpu, 1017, 124, 1, 0, kernel, kernel, sys_1017
cpu, 1002, 122, 1, 2, kernel, kernel, Bluetooth Subsystem
cpu, 1013, 121, 59, 17, kernel, kernel, Media Server
cpu, 0, 120, 447, 95, kernel, kernel, Kernel
cpu, 1001, 119, 1, 9, kernel, kernel, Radio Subsystem
cpu, 0, 117, 2, 0, kernel, kernel, Kernel
cpu, 0, 116, 0, 3, kernel, kernel, Kernel
cpu, 1000, 115, 0, 5, kernel, kernel, System
cpu, 0, 66, 6, 0, kernel, kernel, Kernel
cpu, 0, 65, 29, 0, kernel, kernel, Kernel
cpu, 0, 63, 3, 0, kernel, kernel, Kernel
cpu, 0, 62, 0, 65, kernel, kernel, Kernel
cpu, 0, 61, 0, 36, kernel, kernel, Kernel
cpu, 0, 51, 0, 11, kernel, kernel, Kernel
cpu, 0, 50, 0, 83, kernel, kernel, Kernel
cpu, 0, 34, 6, 0, kernel, kernel, Kernel
cpu, 0, 15, 1, 0, kernel, kernel, Kernel
cpu, 0, 13, 73, 39, kernel, kernel, Kernel
cpu, 0, 12, 0, 1, kernel, kernel, Kernel
cpu, 0, 9, 2, 0, kernel, kernel, Kernel
cpu, 0, 8, 0, 96, kernel, kernel, Kernel
cpu, 0, 5, 0, 313, kernel, kernel, Kernel
cpu, 0, 3, 0, 6, kernel, kernel, Kernel
cpu, 0, 1, 7, 172, kernel, kernel, Kernel
network_total, 0, 0, 0, 0
network, 10047, -1, -1
network, 10014, -1, -1
network, 10044, -1, -1
network, 10009, -1, -1
network, 10040, -1, -1
network, 10036, -1, -1
network, 10000, -1, -1
network, 10033, -1, -1
network, 10032, -1, -1
network, 10030, -1, -1
network, 1001, -1, -1
network, 1000, -1, -1
network, 10026, -1, -1
network, 10048, -1, -1
network, 10022, -1, -1
network, 10020, -1, -1
network, 10051, -1, -1
network, 10016, -1, -1
network, 10017, -1, -1
mobile_total, 0, 0
begin, 1635398, 749685
display, 10000, 1, 0.00392156862745098, Contacts
cpu_freq, 0.79310346
cpu_total, 5268, 5751, 2751, 61126, 40, 0, 4, 0, 0, 0
cpu, 10022, 248, 25, 7, service, 200, Android keyboard
cpu, 1001, 256, 35, 16, service, 100, Radio Subsystem
cpu, 1000, 164, 2297, 1117, service, 100, System
cpu, 10000, 259, 533, 92, app, 100, Contacts
cpu, 10048, 415, 635, 256, service, 200, PowerTutor
cpu, 10044, 422, 531, 124, app, 400, SetCPU
cpu, 10051, 490, 5813, 60, app, 400, PowerModelTest
cpu, 10036, 470, 28, 5, app, 400, Superuser
cpu, 10016, 311, 30, 20, app, 400, DRM Protected Content Storage
cpu, 10020, 451, 18, 6, app, 400, Gallery
cpu, 1000, 444, 13, 6, app, 400, System
cpu, 10040, 394, 2, 3, app, 400, Voice Dialer
cpu, 10032, 437, 5, 3, app, 400, Search
cpu, 10047, 401, 38, 13, app, 400, Dropbox
cpu, 10030, 429, 4, 4, app, 400, Home screen tips
cpu, 10033, 381, 230, 33, app, 400, ROM Manager
cpu, 10026, 361, 7, 7, app, 100, Messaging
cpu, 10017, 350, 10, 5, app, 400, Email
cpu, 10014, 341, 5, 3, app, 400, Clock
cpu, 10009, 328, 5, 6, app, 400, Calendar Storage
cpu, 0, 128, 0, 1, kernel, kernel, Kernel
cpu, 1008, 125, 19, 1219, kernel, kernel, Compass Device (e.g. akmd)
cpu, 1017, 124, 1, 0, kernel, kernel, sys_1017
cpu, 1002, 122, 1, 2, kernel, kernel, Bluetooth Subsystem
cpu, 1013, 121, 59, 17, kernel, kernel, Media Server
cpu, 0, 120, 447, 95, kernel, kernel, Kernel
cpu, 1001, 119, 1, 9, kernel, kernel, Radio Subsystem
cpu, 0, 117, 2, 0, kernel, kernel, Kernel
cpu, 0, 116, 0, 3, kernel, kernel, Kernel
cpu, 1000, 115, 0, 5, kernel, kernel, System
cpu, 0, 66, 6, 0, kernel, kernel, Kernel
cpu, 0, 65, 29, 0, kernel, kernel, Kernel
cpu, 0, 63, 3, 0, kernel, kernel, Kernel
cpu, 0, 62, 0, 65, kernel, kernel, Kernel
cpu, 0, 61, 0, 36, kernel, kernel, Kernel
cpu, 0, 51, 0, 11, kernel, kernel, Kernel
cpu, 0, 50, 0, 83, kernel, kernel, Kernel
cpu, 0, 34, 6, 0, kernel, kernel, Kernel
cpu, 0, 15, 1, 0, kernel, kernel, Kernel
cpu, 0, 13, 73, 39, kernel, kernel, Kernel
cpu, 0, 12, 0, 1, kernel, kernel, Kernel
cpu, 0, 9, 2, 0, kernel, kernel, Kernel
cpu, 0, 8, 0, 96, kernel, kernel, Kernel
cpu, 0, 5, 0, 313, kernel, kernel, Kernel
cpu, 0, 3, 0, 6, kernel, kernel, Kernel
cpu, 0, 1, 7, 172, kernel, kernel, Kernel
network_total, 0, 0, 0, 0
network, 10047, -1, -1
network, 10014, -1, -1
network, 10044, -1, -1
network, 10009, -1, -1
network, 10040, -1, -1
network, 10036, -1, -1
network, 10000, -1, -1
network, 10033, -1, -1
network, 10032, -1, -1
network, 10030, -1, -1
network, 1001, -1, -1
network, 1000, -1, -1
network, 10026, -1, -1
network, 10048, -1, -1
network, 10022, -1, -1
network, 10020, -1, -1
network, 10051, -1, -1
network, 10016, -1, -1
network, 10017, -1, -1
mobile_total, 0, 0
begin, 1635881, 750168
display, 10051, 1, 0.00392156862745098, PowerModelTest
cpu_freq, 0.79310346
cpu_total, 5282, 5751, 2765, 61147, 40, 0, 4, 0, 0, 0
cpu, 10022, 248, 26, 7, service, 200, Android keyboard
cpu, 1001, 256, 35, 16, service, 100, Radio Subsystem
cpu, 1000, 164, 2302, 1124, service, 100, System
cpu, 10051, 490, 5815, 60, app, 100, PowerModelTest
cpu, 10000, 259, 537, 93, app, 400, Contacts
cpu, 10048, 415, 638, 259, service, 200, PowerTutor
cpu, 10044, 422, 531, 124, app, 400, SetCPU
cpu, 10036, 470, 28, 5, app, 400, Superuser
cpu, 10016, 311, 30, 20, app, 400, DRM Protected Content Storage
cpu, 10020, 451, 18, 6, app, 400, Gallery
cpu, 1000, 444, 13, 6, app, 400, System
cpu, 10040, 394, 2, 3, app, 400, Voice Dialer
cpu, 10032, 437, 5, 3, app, 400, Search
cpu, 10047, 401, 38, 13, app, 400, Dropbox
cpu, 10030, 429, 4, 4, app, 400, Home screen tips
cpu, 10033, 381, 230, 33, app, 400, ROM Manager
cpu, 10026, 361, 7, 7, app, 100, Messaging
cpu, 10017, 350, 10, 5, app, 400, Email
cpu, 10014, 341, 5, 3, app, 400, Clock
cpu, 10009, 328, 5, 6, app, 400, Calendar Storage
cpu, 0, 128, 0, 1, kernel, kernel, Kernel
cpu, 1008, 125, 19, 1220, kernel, kernel, Compass Device (e.g. akmd)
cpu, 1017, 124, 1, 0, kernel, kernel, sys_1017
cpu, 1002, 122, 1, 2, kernel, kernel, Bluetooth Subsystem
cpu, 1013, 121, 59, 17, kernel, kernel, Media Server
cpu, 0, 120, 447, 95, kernel, kernel, Kernel
cpu, 1001, 119, 1, 9, kernel, kernel, Radio Subsystem
cpu, 0, 117, 2, 0, kernel, kernel, Kernel
cpu, 0, 116, 0, 3, kernel, kernel, Kernel
cpu, 1000, 115, 0, 5, kernel, kernel, System
cpu, 0, 66, 6, 0, kernel, kernel, Kernel
cpu, 0, 65, 29, 0, kernel, kernel, Kernel
cpu, 0, 63, 3, 0, kernel, kernel, Kernel
cpu, 0, 62, 0, 65, kernel, kernel, Kernel
cpu, 0, 61, 0, 36, kernel, kernel, Kernel
cpu, 0, 51, 0, 11, kernel, kernel, Kernel
cpu, 0, 50, 0, 84, kernel, kernel, Kernel
cpu, 0, 34, 6, 0, kernel, kernel, Kernel
cpu, 0, 15, 1, 0, kernel, kernel, Kernel
cpu, 0, 13, 73, 39, kernel, kernel, Kernel
cpu, 0, 12, 0, 1, kernel, kernel, Kernel
cpu, 0, 9, 2, 0, kernel, kernel, Kernel
cpu, 0, 8, 0, 96, kernel, kernel, Kernel
cpu, 0, 5, 0, 318, kernel, kernel, Kernel
cpu, 0, 3, 0, 6, kernel, kernel, Kernel
cpu, 0, 1, 7, 172, kernel, kernel, Kernel
network_total, 0, 0, 0, 0
network, 10047, -1, -1
network, 10014, -1, -1
network, 10044, -1, -1
network, 10009, -1, -1
network, 10040, -1, -1
network, 10036, -1, -1
network, 10000, -1, -1
network, 10033, -1, -1
network, 10032, -1, -1
network, 10030, -1, -1
network, 1001, -1, -1
network, 1000, -1, -1
network, 10026, -1, -1
network, 10048, -1, -1
network, 10022, -1, -1
network, 10020, -1, -1
network, 10051, -1, -1
network, 10016, -1, -1
network, 10017, -1, -1
mobile_total, 0, 0
begin, 1636406, 750694
display, 10051, 1, 0.00392156862745098, PowerModelTest
cpu_freq, 0.79310346
cpu_total, 5298, 5751, 2774, 61174, 40, 0, 4, 0, 0, 0
cpu, 10022, 248, 26, 7, service, 200, Android keyboard
cpu, 1001, 256, 35, 16, service, 100, Radio Subsystem
cpu, 1000, 164, 2308, 1128, service, 100, System
cpu, 10051, 490, 5816, 60, app, 100, PowerModelTest
cpu, 10000, 259, 537, 93, app, 400, Contacts
cpu, 10048, 415, 644, 260, service, 200, PowerTutor
cpu, 10044, 422, 531, 124, app, 400, SetCPU
cpu, 10036, 470, 28, 5, app, 400, Superuser
cpu, 10016, 311, 30, 20, app, 400, DRM Protected Content Storage
cpu, 10020, 451, 18, 6, app, 400, Gallery
cpu, 1000, 444, 13, 6, app, 400, System
cpu, 10040, 394, 2, 3, app, 400, Voice Dialer
cpu, 10032, 437, 5, 3, app, 400, Search
cpu, 10047, 401, 38, 13, app, 400, Dropbox
cpu, 10030, 429, 4, 4, app, 400, Home screen tips
cpu, 10033, 381, 230, 33, app, 400, ROM Manager
cpu, 10026, 361, 7, 7, app, 100, Messaging
cpu, 10017, 350, 10, 5, app, 400, Email
cpu, 10014, 341, 5, 3, app, 400, Clock
cpu, 10009, 328, 5, 6, app, 400, Calendar Storage
cpu, 0, 128, 0, 1, kernel, kernel, Kernel
cpu, 1008, 125, 19, 1220, kernel, kernel, Compass Device (e.g. akmd)
cpu, 1017, 124, 1, 0, kernel, kernel, sys_1017
cpu, 1002, 122, 1, 2, kernel, kernel, Bluetooth Subsystem
cpu, 1013, 121, 59, 17, kernel, kernel, Media Server
cpu, 0, 120, 447, 95, kernel, kernel, Kernel
cpu, 1001, 119, 1, 9, kernel, kernel, Radio Subsystem
cpu, 0, 117, 2, 0, kernel, kernel, Kernel
cpu, 0, 116, 0, 3, kernel, kernel, Kernel
cpu, 1000, 115, 0, 5, kernel, kernel, System
cpu, 0, 66, 6, 0, kernel, kernel, Kernel
cpu, 0, 65, 29, 0, kernel, kernel, Kernel
cpu, 0, 63, 3, 0, kernel, kernel, Kernel
cpu, 0, 62, 0, 65, kernel, kernel, Kernel
cpu, 0, 61, 0, 36, kernel, kernel, Kernel
cpu, 0, 51, 0, 11, kernel, kernel, Kernel
cpu, 0, 50, 0, 84, kernel, kernel, Kernel
cpu, 0, 34, 6, 0, kernel, kernel, Kernel
cpu, 0, 15, 1, 0, kernel, kernel, Kernel
cpu, 0, 13, 73, 39, kernel, kernel, Kernel
cpu, 0, 12, 0, 1, kernel, kernel, Kernel
cpu, 0, 9, 2, 0, kernel, kernel, Kernel
cpu, 0, 8, 0, 96, kernel, kernel, Kernel
cpu, 0, 5, 0, 319, kernel, kernel, Kernel
cpu, 0, 3, 0, 6, kernel, kernel, Kernel
cpu, 0, 1, 7, 172, kernel, kernel, Kernel
network_total, 0, 0, 0, 0
network, 10047, -1, -1
network, 10014, -1, -1
network, 10044, -1, -1
network, 10009, -1, -1
network, 10040, -1, -1
network, 10036, -1, -1
network, 10000, -1, -1
network, 10033, -1, -1
network, 10032, -1, -1
network, 10030, -1, -1
network, 1001, -1, -1
network, 1000, -1, -1
network, 10026, -1, -1
network, 10048, -1, -1
network, 10022, -1, -1
network, 10020, -1, -1
network, 10051, -1, -1
network, 10016, -1, -1
network, 10017, -1, -1
mobile_total, 0, 0
begin, 1636905, 751192
display, 10051, 1, 0.00392156862745098, PowerModelTest
cpu_freq, 0.79310346
cpu_total, 5325, 5751, 2780, 61190, 40, 0, 4, 0, 0, 0
cpu, 10022, 248, 26, 7, service, 200, Android keyboard
cpu, 1001, 256, 35, 16, service, 100, Radio Subsystem
cpu, 1000, 164, 2329, 1131, service, 100, System
cpu, 10051, 490, 5816, 60, app, 100, PowerModelTest
cpu, 10000, 259, 537, 93, app, 400, Contacts
cpu, 10048, 415, 648, 264, service, 200, PowerTutor
cpu, 10044, 422, 531, 124, app, 400, SetCPU
cpu, 10036, 470, 28, 5, app, 400, Superuser
cpu, 10016, 311, 30, 20, app, 400, DRM Protected Content Storage
cpu, 10020, 451, 18, 6, app, 400, Gallery
cpu, 1000, 444, 13, 6, app, 400, System
cpu, 10040, 394, 2, 3, app, 400, Voice Dialer
cpu, 10032, 437, 5, 3, app, 400, Search
cpu, 10047, 401, 38, 13, app, 400, Dropbox
cpu, 10030, 429, 4, 4, app, 400, Home screen tips
cpu, 10033, 381, 230, 33, app, 400, ROM Manager
cpu, 10026, 361, 7, 7, app, 100, Messaging
cpu, 10017, 350, 10, 5, app, 400, Email
cpu, 10014, 341, 5, 3, app, 400, Clock
cpu, 10009, 328, 5, 6, app, 400, Calendar Storage
cpu, 0, 128, 0, 1, kernel, kernel, Kernel
cpu, 1008, 125, 19, 1221, kernel, kernel, Compass Device (e.g. akmd)
cpu, 1017, 124, 1, 0, kernel, kernel, sys_1017
cpu, 1002, 122, 1, 2, kernel, kernel, Bluetooth Subsystem
cpu, 1013, 121, 60, 17, kernel, kernel, Media Server
cpu, 0, 120, 447, 95, kernel, kernel, Kernel
cpu, 1001, 119, 1, 9, kernel, kernel, Radio Subsystem
cpu, 0, 117, 2, 0, kernel, kernel, Kernel
cpu, 0, 116, 0, 3, kernel, kernel, Kernel
cpu, 1000, 115, 0, 5, kernel, kernel, System
cpu, 0, 66, 6, 0, kernel, kernel, Kernel
cpu, 0, 65, 29, 0, kernel, kernel, Kernel
cpu, 0, 63, 3, 0, kernel, kernel, Kernel
cpu, 0, 62, 0, 65, kernel, kernel, Kernel
cpu, 0, 61, 0, 36, kernel, kernel, Kernel
cpu, 0, 51, 0, 11, kernel, kernel, Kernel
cpu, 0, 50, 0, 84, kernel, kernel, Kernel
cpu, 0, 34, 6, 0, kernel, kernel, Kernel
cpu, 0, 15, 1, 0, kernel, kernel, Kernel
cpu, 0, 13, 73, 40, kernel, kernel, Kernel
cpu, 0, 12, 0, 1, kernel, kernel, Kernel
cpu, 0, 9, 2, 0, kernel, kernel, Kernel
cpu, 0, 8, 0, 96, kernel, kernel, Kernel
cpu, 0, 5, 0, 319, kernel, kernel, Kernel
cpu, 0, 3, 0, 6, kernel, kernel, Kernel
cpu, 0, 1, 7, 172, kernel, kernel, Kernel
network_total, 0, 0, 0, 0
network, 10047, -1, -1
network, 10014, -1, -1
network, 10044, -1, -1
network, 10009, -1, -1
network, 10040, -1, -1
network, 10036, -1, -1
network, 10000, -1, -1
network, 10033, -1, -1
network, 10032, -1, -1
network, 10030, -1, -1
network, 1001, -1, -1
network, 1000, -1, -1
network, 10026, -1, -1
network, 10048, -1, -1
network, 10022, -1, -1
network, 10020, -1, -1
network, 10051, -1, -1
network, 10016, -1, -1
network, 10017, -1, -1
mobile_total, 0, 0
begin, 1637421, 751708
display, 10051, 1, 0.00392156862745098, PowerModelTest
cpu_freq, 0.79310346
cpu_total, 5338, 5751, 2783, 61227, 40, 0, 4, 0, 0, 0
cpu, 10022, 248, 26, 7, service, 200, Android keyboard
cpu, 1001, 256, 35, 16, service, 100, Radio Subsystem
cpu, 1000, 164, 2332, 1131, service, 100, System
cpu, 10051, 490, 5816, 60, app, 100, PowerModelTest
cpu, 10000, 259, 537, 93, app, 400, Contacts
cpu, 10048, 415, 659, 266, service, 200, PowerTutor
cpu, 10044, 422, 531, 124, app, 400, SetCPU
cpu, 10036, 470, 28, 5, app, 400, Superuser
cpu, 10016, 311, 30, 20, app, 400, DRM Protected Content Storage
cpu, 10020, 451, 18, 6, app, 400, Gallery
cpu, 1000, 444, 13, 6, app, 400, System
cpu, 10040, 394, 2, 3, app, 400, Voice Dialer
cpu, 10032, 437, 5, 3, app, 400, Search
cpu, 10047, 401, 38, 13, app, 400, Dropbox
cpu, 10030, 429, 4, 4, app, 400, Home screen tips
cpu, 10033, 381, 230, 33, app, 400, ROM Manager
cpu, 10026, 361, 7, 7, app, 100, Messaging
cpu, 10017, 350, 10, 5, app, 400, Email
cpu, 10014, 341, 5, 3, app, 400, Clock
cpu, 10009, 328, 5, 6, app, 400, Calendar Storage
cpu, 0, 128, 0, 1, kernel, kernel, Kernel
cpu, 1008, 125, 19, 1222, kernel, kernel, Compass Device (e.g. akmd)
cpu, 1017, 124, 1, 0, kernel, kernel, sys_1017
cpu, 1002, 122, 1, 2, kernel, kernel, Bluetooth Subsystem
cpu, 1013, 121, 60, 17, kernel, kernel, Media Server
cpu, 0, 120, 447, 95, kernel, kernel, Kernel
cpu, 1001, 119, 1, 9, kernel, kernel, Radio Subsystem
cpu, 0, 117, 2, 0, kernel, kernel, Kernel
cpu, 0, 116, 0, 3, kernel, kernel, Kernel
cpu, 1000, 115, 0, 5, kernel, kernel, System
cpu, 0, 66, 6, 0, kernel, kernel, Kernel
cpu, 0, 65, 29, 0, kernel, kernel, Kernel
cpu, 0, 63, 3, 0, kernel, kernel, Kernel
cpu, 0, 62, 0, 65, kernel, kernel, Kernel
cpu, 0, 61, 0, 36, kernel, kernel, Kernel
cpu, 0, 51, 0, 11, kernel, kernel, Kernel
cpu, 0, 50, 0, 84, kernel, kernel, Kernel
cpu, 0, 34, 6, 0, kernel, kernel, Kernel
cpu, 0, 15, 1, 0, kernel, kernel, Kernel
cpu, 0, 13, 73, 40, kernel, kernel, Kernel
cpu, 0, 12, 0, 1, kernel, kernel, Kernel
cpu, 0, 9, 2, 0, kernel, kernel, Kernel
cpu, 0, 8, 0, 96, kernel, kernel, Kernel
cpu, 0, 5, 0, 319, kernel, kernel, Kernel
cpu, 0, 3, 0, 6, kernel, kernel, Kernel
cpu, 0, 1, 7, 172, kernel, kernel, Kernel
network_total, 0, 0, 0, 0
network, 10047, -1, -1
network, 10014, -1, -1
network, 10044, -1, -1
network, 10009, -1, -1
network, 10040, -1, -1
network, 10036, -1, -1
network, 10000, -1, -1
network, 10033, -1, -1
network, 10032, -1, -1
network, 10030, -1, -1
network, 1001, -1, -1
network, 1000, -1, -1
network, 10026, -1, -1
network, 10048, -1, -1
network, 10022, -1, -1
network, 10020, -1, -1
network, 10051, -1, -1
network, 10016, -1, -1
network, 10017, -1, -1
mobile_total, 0, 0
begin, 1637880, 752168
display, 10051, 1, 0.00392156862745098, PowerModelTest
cpu_freq, 0.79310346
cpu_total, 5350, 5770, 2793, 61231, 40, 0, 4, 0, 0, 0
cpu, 10022, 248, 26, 7, service, 200, Android keyboard
cpu, 1001, 256, 35, 16, service, 100, Radio Subsystem
cpu, 1000, 164, 2335, 1131, service, 100, System
cpu, 10051, 490, 5839, 61, app, 100, PowerModelTest
cpu, 10000, 259, 537, 93, app, 400, Contacts
cpu, 10048, 415, 665, 266, service, 200, PowerTutor
cpu, 10044, 422, 531, 124, app, 400, SetCPU
cpu, 10036, 470, 28, 5, app, 400, Superuser
cpu, 10016, 311, 30, 20, app, 400, DRM Protected Content Storage
cpu, 10020, 451, 18, 6, app, 400, Gallery
cpu, 1000, 444, 13, 6, app, 400, System
cpu, 10040, 394, 2, 3, app, 400, Voice Dialer
cpu, 10032, 437, 5, 3, app, 400, Search
cpu, 10047, 401, 38, 13, app, 400, Dropbox
cpu, 10030, 429, 4, 4, app, 400, Home screen tips
cpu, 10033, 381, 230, 33, app, 400, ROM Manager
cpu, 10026, 361, 7, 7, app, 100, Messaging
cpu, 10017, 350, 10, 5, app, 400, Email
cpu, 10014, 341, 5, 3, app, 400, Clock
cpu, 10009, 328, 5, 6, app, 400, Calendar Storage
cpu, 0, 128, 0, 1, kernel, kernel, Kernel
cpu, 1008, 125, 19, 1223, kernel, kernel, Compass Device (e.g. akmd)
cpu, 1017, 124, 1, 0, kernel, kernel, sys_1017
cpu, 1002, 122, 1, 2, kernel, kernel, Bluetooth Subsystem
cpu, 1013, 121, 60, 17, kernel, kernel, Media Server
cpu, 0, 120, 447, 95, kernel, kernel, Kernel
cpu, 1001, 119, 1, 9, kernel, kernel, Radio Subsystem
cpu, 0, 117, 2, 0, kernel, kernel, Kernel
cpu, 0, 116, 0, 3, kernel, kernel, Kernel
cpu, 1000, 115, 0, 5, kernel, kernel, System
cpu, 0, 66, 6, 0, kernel, kernel, Kernel
cpu, 0, 65, 29, 0, kernel, kernel, Kernel
cpu, 0, 63, 3, 0, kernel, kernel, Kernel
cpu, 0, 62, 0, 65, kernel, kernel, Kernel
cpu, 0, 61, 0, 36, kernel, kernel, Kernel
cpu, 0, 51, 0, 11, kernel, kernel, Kernel
cpu, 0, 50, 0, 85, kernel, kernel, Kernel
cpu, 0, 34, 6, 0, kernel, kernel, Kernel
cpu, 0, 15, 1, 0, kernel, kernel, Kernel
cpu, 0, 13, 73, 40, kernel, kernel, Kernel
cpu, 0, 12, 0, 1, kernel, kernel, Kernel
cpu, 0, 9, 2, 0, kernel, kernel, Kernel
cpu, 0, 8, 0, 96, kernel, kernel, Kernel
cpu, 0, 5, 0, 326, kernel, kernel, Kernel
cpu, 0, 3, 0, 6, kernel, kernel, Kernel
cpu, 0, 1, 7, 172, kernel, kernel, Kernel
network_total, 0, 0, 0, 0
network, 10047, -1, -1
network, 10014, -1, -1
network, 10044, -1, -1
network, 10009, -1, -1
network, 10040, -1, -1
network, 10036, -1, -1
network, 10000, -1, -1
network, 10033, -1, -1
network, 10032, -1, -1
network, 10030, -1, -1
network, 1001, -1, -1
network, 1000, -1, -1
network, 10026, -1, -1
network, 10048, -1, -1
network, 10022, -1, -1
network, 10020, -1, -1
network, 10051, -1, -1
network, 10016, -1, -1
network, 10017, -1, -1
mobile_total, 0, 0
begin, 1638384, 752671
display, 10051, 1, 0.00392156862745098, PowerModelTest
cpu_freq, 0.79310346
cpu_total, 5355, 5814, 2794, 61231, 40, 0, 4, 0, 0, 0
cpu, 10022, 248, 26, 7, service, 200, Android keyboard
cpu, 1001, 256, 35, 16, service, 100, Radio Subsystem
cpu, 1000, 164, 2336, 1131, service, 100, System
cpu, 10051, 490, 5882, 61, app, 100, PowerModelTest
cpu, 10000, 259, 537, 93, app, 400, Contacts
cpu, 10048, 415, 669, 267, service, 200, PowerTutor
cpu, 10044, 422, 531, 124, app, 400, SetCPU
cpu, 10036, 470, 28, 5, app, 400, Superuser
cpu, 10016, 311, 30, 20, app, 400, DRM Protected Content Storage
cpu, 10020, 451, 18, 6, app, 400, Gallery
cpu, 1000, 444, 13, 6, app, 400, System
cpu, 10040, 394, 2, 3, app, 400, Voice Dialer
cpu, 10032, 437, 5, 3, app, 400, Search
cpu, 10047, 401, 38, 13, app, 400, Dropbox
cpu, 10030, 429, 4, 4, app, 400, Home screen tips
cpu, 10033, 381, 230, 33, app, 400, ROM Manager
cpu, 10026, 361, 7, 7, app, 100, Messaging
cpu, 10017, 350, 10, 5, app, 400, Email
cpu, 10014, 341, 5, 3, app, 400, Clock
cpu, 10009, 328, 5, 6, app, 400, Calendar Storage
cpu, 0, 128, 0, 1, kernel, kernel, Kernel
cpu, 1008, 125, 19, 1223, kernel, kernel, Compass Device (e.g. akmd)
cpu, 1017, 124, 1, 0, kernel, kernel, sys_1017
cpu, 1002, 122, 1, 2, kernel, kernel, Bluetooth Subsystem
cpu, 1013, 121, 60, 17, kernel, kernel, Media Server
cpu, 0, 120, 447, 95, kernel, kernel, Kernel
cpu, 1001, 119, 1, 9, kernel, kernel, Radio Subsystem
cpu, 0, 117, 2, 0, kernel, kernel, Kernel
cpu, 0, 116, 0, 3, kernel, kernel, Kernel
cpu, 1000, 115, 0, 5, kernel, kernel, System
cpu, 0, 66, 6, 0, kernel, kernel, Kernel
cpu, 0, 65, 29, 0, kernel, kernel, Kernel
cpu, 0, 63, 3, 0, kernel, kernel, Kernel
cpu, 0, 62, 0, 65, kernel, kernel, Kernel
cpu, 0, 61, 0, 36, kernel, kernel, Kernel
cpu, 0, 51, 0, 11, kernel, kernel, Kernel
cpu, 0, 50, 0, 85, kernel, kernel, Kernel
cpu, 0, 34, 6, 0, kernel, kernel, Kernel
cpu, 0, 15, 1, 0, kernel, kernel, Kernel
cpu, 0, 13, 73, 40, kernel, kernel, Kernel
cpu, 0, 12, 0, 1, kernel, kernel, Kernel
cpu, 0, 9, 2, 0, kernel, kernel, Kernel
cpu, 0, 8, 0, 96, kernel, kernel, Kernel
cpu, 0, 5, 0, 326, kernel, kernel, Kernel
cpu, 0, 3, 0, 6, kernel, kernel, Kernel
cpu, 0, 1, 7, 172, kernel, kernel, Kernel
network_total, 0, 0, 0, 0
network, 10047, -1, -1
network, 10014, -1, -1
network, 10044, -1, -1
network, 10009, -1, -1
network, 10040, -1, -1
network, 10036, -1, -1
network, 10000, -1, -1
network, 10033, -1, -1
network, 10032, -1, -1
network, 10030, -1, -1
network, 1001, -1, -1
network, 1000, -1, -1
network, 10026, -1, -1
network, 10048, -1, -1
network, 10022, -1, -1
network, 10020, -1, -1
network, 10051, -1, -1
network, 10016, -1, -1
network, 10017, -1, -1
mobile_total, 0, 0
begin, 1638884, 753171
display, 10051, 1, 0.00392156862745098, PowerModelTest
cpu_freq, 0.79310346
cpu_total, 5360, 5858, 2795, 61231, 40, 0, 4, 0, 0, 0
cpu, 10022, 248, 26, 7, service, 200, Android keyboard
cpu, 1001, 256, 36, 16, service, 100, Radio Subsystem
cpu, 1000, 164, 2336, 1131, service, 100, System
cpu, 10051, 490, 5925, 61, app, 100, PowerModelTest
cpu, 10000, 259, 537, 93, app, 400, Contacts
cpu, 10048, 415, 674, 268, service, 200, PowerTutor
cpu, 10044, 422, 531, 124, app, 400, SetCPU
cpu, 10036, 470, 28, 5, app, 400, Superuser
cpu, 10016, 311, 30, 20, app, 400, DRM Protected Content Storage
cpu, 10020, 451, 18, 6, app, 400, Gallery
cpu, 1000, 444, 13, 6, app, 400, System
cpu, 10040, 394, 2, 3, app, 400, Voice Dialer
cpu, 10032, 437, 5, 3, app, 400, Search
cpu, 10047, 401, 38, 13, app, 400, Dropbox
cpu, 10030, 429, 4, 4, app, 400, Home screen tips
cpu, 10033, 381, 230, 33, app, 400, ROM Manager
cpu, 10026, 361, 7, 7, app, 100, Messaging
cpu, 10017, 350, 10, 5, app, 400, Email
cpu, 10014, 341, 5, 3, app, 400, Clock
cpu, 10009, 328, 5, 6, app, 400, Calendar Storage
cpu, 0, 128, 0, 1, kernel, kernel, Kernel
cpu, 1008, 125, 19, 1224, kernel, kernel, Compass Device (e.g. akmd)
cpu, 1017, 124, 1, 0, kernel, kernel, sys_1017
cpu, 1002, 122, 1, 2, kernel, kernel, Bluetooth Subsystem
cpu, 1013, 121, 60, 17, kernel, kernel, Media Server
cpu, 0, 120, 447, 95, kernel, kernel, Kernel
cpu, 1001, 119, 1, 9, kernel, kernel, Radio Subsystem
cpu, 0, 117, 2, 0, kernel, kernel, Kernel
cpu, 0, 116, 0, 3, kernel, kernel, Kernel
cpu, 1000, 115, 0, 5, kernel, kernel, System
cpu, 0, 66, 6, 0, kernel, kernel, Kernel
cpu, 0, 65, 29, 0, kernel, kernel, Kernel
cpu, 0, 63, 3, 0, kernel, kernel, Kernel
cpu, 0, 62, 0, 65, kernel, kernel, Kernel
cpu, 0, 61, 0, 36, kernel, kernel, Kernel
cpu, 0, 51, 0, 11, kernel, kernel, Kernel
cpu, 0, 50, 0, 85, kernel, kernel, Kernel
cpu, 0, 34, 6, 0, kernel, kernel, Kernel
cpu, 0, 15, 1, 0, kernel, kernel, Kernel
cpu, 0, 13, 73, 40, kernel, kernel, Kernel
cpu, 0, 12, 0, 1, kernel, kernel, Kernel
cpu, 0, 9, 2, 0, kernel, kernel, Kernel
cpu, 0, 8, 0, 96, kernel, kernel, Kernel
cpu, 0, 5, 0, 326, kernel, kernel, Kernel
cpu, 0, 3, 0, 6, kernel, kernel, Kernel
cpu, 0, 1, 7, 172, kernel, kernel, Kernel
network_total, 0, 0, 0, 0
network, 10047, -1, -1
network, 10014, -1, -1
network, 10044, -1, -1
network, 10009, -1, -1
network, 10040, -1, -1
network, 10036, -1, -1
network, 10000, -1, -1
network, 10033, -1, -1
network, 10032, -1, -1
network, 10030, -1, -1
network, 1001, -1, -1
network, 1000, -1, -1
network, 10026, -1, -1
network, 10048, -1, -1
network, 10022, -1, -1
network, 10020, -1, -1
network, 10051, -1, -1
network, 10016, -1, -1
network, 10017, -1, -1
mobile_total, 0, 0
begin, 1639389, 753676
display, 10051, 1, 0.00392156862745098, PowerModelTest
cpu_freq, 0.79310346
cpu_total, 5367, 5898, 2798, 61231, 40, 0, 4, 0, 0, 0
cpu, 10022, 248, 26, 7, service, 200, Android keyboard
cpu, 1001, 256, 36, 16, service, 100, Radio Subsystem
cpu, 1000, 164, 2336, 1131, service, 100, System
cpu, 10051, 490, 5964, 61, app, 100, PowerModelTest
cpu, 10000, 259, 537, 93, app, 400, Contacts
cpu, 10048, 415, 680, 271, service, 200, PowerTutor
cpu, 10044, 422, 531, 124, app, 400, SetCPU
cpu, 10036, 470, 28, 5, app, 400, Superuser
cpu, 10016, 311, 30, 20, app, 400, DRM Protected Content Storage
cpu, 10020, 451, 18, 6, app, 400, Gallery
cpu, 1000, 444, 13, 6, app, 400, System
cpu, 10040, 394, 2, 3, app, 400, Voice Dialer
cpu, 10032, 437, 5, 3, app, 400, Search
cpu, 10047, 401, 38, 13, app, 400, Dropbox
cpu, 10030, 429, 4, 4, app, 400, Home screen tips
cpu, 10033, 381, 230, 33, app, 400, ROM Manager
cpu, 10026, 361, 7, 7, app, 100, Messaging
cpu, 10017, 350, 10, 5, app, 400, Email
cpu, 10014, 341, 5, 3, app, 400, Clock
cpu, 10009, 328, 5, 6, app, 400, Calendar Storage
cpu, 0, 128, 0, 1, kernel, kernel, Kernel
cpu, 1008, 125, 19, 1225, kernel, kernel, Compass Device (e.g. akmd)
cpu, 1017, 124, 1, 0, kernel, kernel, sys_1017
cpu, 1002, 122, 1, 2, kernel, kernel, Bluetooth Subsystem
cpu, 1013, 121, 60, 17, kernel, kernel, Media Server
cpu, 0, 120, 447, 95, kernel, kernel, Kernel
cpu, 1001, 119, 1, 9, kernel, kernel, Radio Subsystem
cpu, 0, 117, 2, 0, kernel, kernel, Kernel
cpu, 0, 116, 0, 3, kernel, kernel, Kernel
cpu, 1000, 115, 0, 5, kernel, kernel, System
cpu, 0, 66, 6, 0, kernel, kernel, Kernel
cpu, 0, 65, 29, 0, kernel, kernel, Kernel
cpu, 0, 63, 3, 0, kernel, kernel, Kernel
cpu, 0, 62, 0, 65, kernel, kernel, Kernel
cpu, 0, 61, 0, 36, kernel, kernel, Kernel
cpu, 0, 51, 0, 11, kernel, kernel, Kernel
cpu, 0, 50, 0, 85, kernel, kernel, Kernel
cpu, 0, 34, 6, 0, kernel, kernel, Kernel
cpu, 0, 15, 1, 0, kernel, kernel, Kernel
cpu, 0, 13, 73, 40, kernel, kernel, Kernel
cpu, 0, 12, 0, 1, kernel, kernel, Kernel
cpu, 0, 9, 2, 0, kernel, kernel, Kernel
cpu, 0, 8, 0, 96, kernel, kernel, Kernel
cpu, 0, 5, 0, 326, kernel, kernel, Kernel
cpu, 0, 3, 0, 6, kernel, kernel, Kernel
cpu, 0, 1, 7, 172, kernel, kernel, Kernel
network_total, 0, 0, 0, 0
network, 10047, -1, -1
network, 10014, -1, -1
network, 10044, -1, -1
network, 10009, -1, -1
network, 10040, -1, -1
network, 10036, -1, -1
network, 10000, -1, -1
network, 10033, -1, -1
network, 10032, -1, -1
network, 10030, -1, -1
network, 1001, -1, -1
network, 1000, -1, -1
network, 10026, -1, -1
network, 10048, -1, -1
network, 10022, -1, -1
network, 10020, -1, -1
network, 10051, -1, -1
network, 10016, -1, -1
network, 10017, -1, -1
mobile_total, 0, 0
begin, 1639891, 754179
display, 10051, 1, 0.00392156862745098, PowerModelTest
cpu_freq, 0.79310346
cpu_total, 5374, 5942, 2798, 61231, 40, 0, 4, 0, 0, 0
cpu, 10022, 248, 26, 7, service, 200, Android keyboard
cpu, 1001, 256, 36, 16, service, 100, Radio Subsystem
cpu, 1000, 164, 2337, 1131, service, 100, System
cpu, 10051, 490, 6007, 61, app, 100, PowerModelTest
cpu, 10000, 259, 537, 93, app, 400, Contacts
cpu, 10048, 415, 687, 271, service, 200, PowerTutor
cpu, 10044, 422, 531, 124, app, 400, SetCPU
cpu, 10036, 470, 28, 5, app, 400, Superuser
cpu, 10016, 311, 30, 20, app, 400, DRM Protected Content Storage
cpu, 10020, 451, 18, 6, app, 400, Gallery
cpu, 1000, 444, 13, 6, app, 400, System
cpu, 10040, 394, 2, 3, app, 400, Voice Dialer
cpu, 10032, 437, 5, 3, app, 400, Search
cpu, 10047, 401, 38, 13, app, 400, Dropbox
cpu, 10030, 429, 4, 4, app, 400, Home screen tips
cpu, 10033, 381, 230, 33, app, 400, ROM Manager
cpu, 10026, 361, 7, 7, app, 100, Messaging
cpu, 10017, 350, 10, 5, app, 400, Email
cpu, 10014, 341, 5, 3, app, 400, Clock
cpu, 10009, 328, 5, 6, app, 400, Calendar Storage
cpu, 0, 128, 0, 1, kernel, kernel, Kernel
cpu, 1008, 125, 19, 1226, kernel, kernel, Compass Device (e.g. akmd)
cpu, 1017, 124, 1, 0, kernel, kernel, sys_1017
cpu, 1002, 122, 1, 2, kernel, kernel, Bluetooth Subsystem
cpu, 1013, 121, 60, 17, kernel, kernel, Media Server
cpu, 0, 120, 447, 95, kernel, kernel, Kernel
cpu, 1001, 119, 1, 9, kernel, kernel, Radio Subsystem
cpu, 0, 117, 2, 0, kernel, kernel, Kernel
cpu, 0, 116, 0, 3, kernel, kernel, Kernel
cpu, 1000, 115, 0, 5, kernel, kernel, System
cpu, 0, 66, 6, 0, kernel, kernel, Kernel
cpu, 0, 65, 29, 0, kernel, kernel, Kernel
cpu, 0, 63, 3, 0, kernel, kernel, Kernel
cpu, 0, 62, 0, 65, kernel, kernel, Kernel
cpu, 0, 61, 0, 36, kernel, kernel, Kernel
cpu, 0, 51, 0, 11, kernel, kernel, Kernel
cpu, 0, 50, 0, 85, kernel, kernel, Kernel
cpu, 0, 34, 6, 0, kernel, kernel, Kernel
cpu, 0, 15, 1, 0, kernel, kernel, Kernel
cpu, 0, 13, 73, 40, kernel, kernel, Kernel
cpu, 0, 12, 0, 1, kernel, kernel, Kernel
cpu, 0, 9, 2, 0, kernel, kernel, Kernel
cpu, 0, 8, 0, 96, kernel, kernel, Kernel
cpu, 0, 5, 0, 326, kernel, kernel, Kernel
cpu, 0, 3, 0, 6, kernel, kernel, Kernel
cpu, 0, 1, 7, 172, kernel, kernel, Kernel
network_total, 0, 0, 0, 0
network, 10047, -1, -1
network, 10014, -1, -1
network, 10044, -1, -1
network, 10009, -1, -1
network, 10040, -1, -1
network, 10036, -1, -1
network, 10000, -1, -1
network, 10033, -1, -1
network, 10032, -1, -1
network, 10030, -1, -1
network, 1001, -1, -1
network, 1000, -1, -1
network, 10026, -1, -1
network, 10048, -1, -1
network, 10022, -1, -1
network, 10020, -1, -1
network, 10051, -1, -1
network, 10016, -1, -1
network, 10017, -1, -1
mobile_total, 0, 0
begin, 1640388, 754675
display, 10051, 1, 0.00392156862745098, PowerModelTest
cpu_freq, 0.79310346
cpu_total, 5378, 5984, 2801, 61231, 40, 0, 4, 0, 0, 0
cpu, 10022, 248, 26, 7, service, 200, Android keyboard
cpu, 1001, 256, 36, 16, service, 100, Radio Subsystem
cpu, 1000, 164, 2337, 1131, service, 100, System
cpu, 10051, 490, 6049, 61, app, 100, PowerModelTest
cpu, 10000, 259, 537, 93, app, 400, Contacts
cpu, 10048, 415, 689, 274, service, 200, PowerTutor
cpu, 10044, 422, 531, 124, app, 400, SetCPU
cpu, 10036, 470, 28, 5, app, 400, Superuser
cpu, 10016, 311, 30, 20, app, 400, DRM Protected Content Storage
cpu, 10020, 451, 18, 6, app, 400, Gallery
cpu, 1000, 444, 13, 6, app, 400, System
cpu, 10040, 394, 2, 3, app, 400, Voice Dialer
cpu, 10032, 437, 5, 3, app, 400, Search
cpu, 10047, 401, 38, 13, app, 400, Dropbox
cpu, 10030, 429, 4, 4, app, 400, Home screen tips
cpu, 10033, 381, 230, 33, app, 400, ROM Manager
cpu, 10026, 361, 7, 7, app, 100, Messaging
cpu, 10017, 350, 10, 5, app, 400, Email
cpu, 10014, 341, 5, 3, app, 400, Clock
cpu, 10009, 328, 5, 6, app, 400, Calendar Storage
cpu, 0, 128, 0, 1, kernel, kernel, Kernel
cpu, 1008, 125, 19, 1226, kernel, kernel, Compass Device (e.g. akmd)
cpu, 1017, 124, 1, 0, kernel, kernel, sys_1017
cpu, 1002, 122, 1, 2, kernel, kernel, Bluetooth Subsystem
cpu, 1013, 121, 60, 17, kernel, kernel, Media Server
cpu, 0, 120, 447, 95, kernel, kernel, Kernel
cpu, 1001, 119, 1, 9, kernel, kernel, Radio Subsystem
cpu, 0, 117, 2, 0, kernel, kernel, Kernel
cpu, 0, 116, 0, 3, kernel, kernel, Kernel
cpu, 1000, 115, 0, 5, kernel, kernel, System
cpu, 0, 66, 6, 0, kernel, kernel, Kernel
cpu, 0, 65, 29, 0, kernel, kernel, Kernel
cpu, 0, 63, 3, 0, kernel, kernel, Kernel
cpu, 0, 62, 0, 65, kernel, kernel, Kernel
cpu, 0, 61, 0, 36, kernel, kernel, Kernel
cpu, 0, 51, 0, 11, kernel, kernel, Kernel
cpu, 0, 50, 0, 85, kernel, kernel, Kernel
cpu, 0, 34, 6, 0, kernel, kernel, Kernel
cpu, 0, 15, 1, 0, kernel, kernel, Kernel
cpu, 0, 13, 73, 40, kernel, kernel, Kernel
cpu, 0, 12, 0, 1, kernel, kernel, Kernel
cpu, 0, 9, 2, 0, kernel, kernel, Kernel
cpu, 0, 8, 0, 96, kernel, kernel, Kernel
cpu, 0, 5, 0, 326, kernel, kernel, Kernel
cpu, 0, 3, 0, 6, kernel, kernel, Kernel
cpu, 0, 1, 7, 172, kernel, kernel, Kernel
network_total, 0, 0, 0, 0
network, 10047, -1, -1
network, 10014, -1, -1
network, 10044, -1, -1
network, 10009, -1, -1
network, 10040, -1, -1
network, 10036, -1, -1
network, 10000, -1, -1
network, 10033, -1, -1
network, 10032, -1, -1
network, 10030, -1, -1
network, 1001, -1, -1
network, 1000, -1, -1
network, 10026, -1, -1
network, 10048, -1, -1
network, 10022, -1, -1
network, 10020, -1, -1
network, 10051, -1, -1
network, 10016, -1, -1
network, 10017, -1, -1
mobile_total, 0, 0
begin, 1640884, 755171
display, 10051, 1, 0.00392156862745098, PowerModelTest
cpu_freq, 0.79310346
cpu_total, 5381, 6028, 2804, 61231, 40, 0, 4, 0, 0, 0
cpu, 10022, 248, 26, 7, service, 200, Android keyboard
cpu, 1001, 256, 36, 16, service, 100, Radio Subsystem
cpu, 1000, 164, 2338, 1131, service, 100, System
cpu, 10051, 490, 6093, 61, app, 100, PowerModelTest
cpu, 10000, 259, 537, 93, app, 400, Contacts
cpu, 10048, 415, 693, 276, service, 200, PowerTutor
cpu, 10044, 422, 531, 124, app, 400, SetCPU
cpu, 10036, 470, 28, 5, app, 400, Superuser
cpu, 10016, 311, 30, 20, app, 400, DRM Protected Content Storage
cpu, 10020, 451, 18, 6, app, 400, Gallery
cpu, 1000, 444, 13, 6, app, 400, System
cpu, 10040, 394, 2, 3, app, 400, Voice Dialer
cpu, 10032, 437, 5, 3, app, 400, Search
cpu, 10047, 401, 38, 13, app, 400, Dropbox
cpu, 10030, 429, 4, 4, app, 400, Home screen tips
cpu, 10033, 381, 230, 33, app, 400, ROM Manager
cpu, 10026, 361, 7, 7, app, 100, Messaging
cpu, 10017, 350, 10, 5, app, 400, Email
cpu, 10014, 341, 5, 3, app, 400, Clock
cpu, 10009, 328, 5, 6, app, 400, Calendar Storage
cpu, 0, 128, 0, 1, kernel, kernel, Kernel
cpu, 1008, 125, 19, 1227, kernel, kernel, Compass Device (e.g. akmd)
cpu, 1017, 124, 1, 0, kernel, kernel, sys_1017
cpu, 1002, 122, 1, 2, kernel, kernel, Bluetooth Subsystem
cpu, 1013, 121, 60, 17, kernel, kernel, Media Server
cpu, 0, 120, 447, 95, kernel, kernel, Kernel
cpu, 1001, 119, 1, 9, kernel, kernel, Radio Subsystem
cpu, 0, 117, 2, 0, kernel, kernel, Kernel
cpu, 0, 116, 0, 3, kernel, kernel, Kernel
cpu, 1000, 115, 0, 5, kernel, kernel, System
cpu, 0, 66, 6, 0, kernel, kernel, Kernel
cpu, 0, 65, 29, 0, kernel, kernel, Kernel
cpu, 0, 63, 3, 0, kernel, kernel, Kernel
cpu, 0, 62, 0, 65, kernel, kernel, Kernel
cpu, 0, 61, 0, 36, kernel, kernel, Kernel
cpu, 0, 51, 0, 11, kernel, kernel, Kernel
cpu, 0, 50, 0, 85, kernel, kernel, Kernel
cpu, 0, 34, 6, 0, kernel, kernel, Kernel
cpu, 0, 15, 1, 0, kernel, kernel, Kernel
cpu, 0, 13, 73, 40, kernel, kernel, Kernel
cpu, 0, 12, 0, 1, kernel, kernel, Kernel
cpu, 0, 9, 2, 0, kernel, kernel, Kernel
cpu, 0, 8, 0, 96, kernel, kernel, Kernel
cpu, 0, 5, 0, 326, kernel, kernel, Kernel
cpu, 0, 3, 0, 6, kernel, kernel, Kernel
cpu, 0, 1, 7, 172, kernel, kernel, Kernel
network_total, 0, 0, 0, 0
network, 10047, -1, -1
network, 10014, -1, -1
network, 10044, -1, -1
network, 10009, -1, -1
network, 10040, -1, -1
network, 10036, -1, -1
network, 10000, -1, -1
network, 10033, -1, -1
network, 10032, -1, -1
network, 10030, -1, -1
network, 1001, -1, -1
network, 1000, -1, -1
network, 10026, -1, -1
network, 10048, -1, -1
network, 10022, -1, -1
network, 10020, -1, -1
network, 10051, -1, -1
network, 10016, -1, -1
network, 10017, -1, -1
mobile_total, 0, 0
begin, 1641383, 755671
display, 10051, 1, 0.00392156862745098, PowerModelTest
cpu_freq, 0.79310346
cpu_total, 5393, 6065, 2805, 61231, 40, 0, 4, 0, 0, 0
cpu, 10022, 248, 26, 7, service, 200, Android keyboard
cpu, 1001, 256, 36, 16, service, 100, Radio Subsystem
cpu, 1000, 164, 2338, 1131, service, 100, System
cpu, 10051, 490, 6128, 61, app, 100, PowerModelTest
cpu, 10000, 259, 537, 93, app, 400, Contacts
cpu, 10048, 415, 700, 278, service, 200, PowerTutor
cpu, 10044, 422, 534, 124, app, 400, SetCPU
cpu, 10036, 470, 28, 5, app, 400, Superuser
cpu, 10016, 311, 30, 20, app, 400, DRM Protected Content Storage
cpu, 10020, 451, 18, 6, app, 400, Gallery
cpu, 1000, 444, 13, 6, app, 400, System
cpu, 10040, 394, 2, 3, app, 400, Voice Dialer
cpu, 10032, 437, 5, 3, app, 400, Search
cpu, 10047, 401, 38, 13, app, 400, Dropbox
cpu, 10030, 429, 4, 4, app, 400, Home screen tips
cpu, 10033, 381, 230, 33, app, 400, ROM Manager
cpu, 10026, 361, 7, 7, app, 100, Messaging
cpu, 10017, 350, 10, 5, app, 400, Email
cpu, 10014, 341, 5, 3, app, 400, Clock
cpu, 10009, 328, 5, 6, app, 400, Calendar Storage
cpu, 0, 128, 0, 1, kernel, kernel, Kernel
cpu, 1008, 125, 19, 1228, kernel, kernel, Compass Device (e.g. akmd)
cpu, 1017, 124, 1, 0, kernel, kernel, sys_1017
cpu, 1002, 122, 1, 2, kernel, kernel, Bluetooth Subsystem
cpu, 1013, 121, 60, 17, kernel, kernel, Media Server
cpu, 0, 120, 447, 95, kernel, kernel, Kernel
cpu, 1001, 119, 1, 9, kernel, kernel, Radio Subsystem
cpu, 0, 117, 2, 0, kernel, kernel, Kernel
cpu, 0, 116, 0, 3, kernel, kernel, Kernel
cpu, 1000, 115, 0, 5, kernel, kernel, System
cpu, 0, 66, 6, 0, kernel, kernel, Kernel
cpu, 0, 65, 29, 0, kernel, kernel, Kernel
cpu, 0, 63, 3, 0, kernel, kernel, Kernel
cpu, 0, 62, 0, 65, kernel, kernel, Kernel
cpu, 0, 61, 0, 36, kernel, kernel, Kernel
cpu, 0, 51, 0, 11, kernel, kernel, Kernel
cpu, 0, 50, 0, 85, kernel, kernel, Kernel
cpu, 0, 34, 6, 0, kernel, kernel, Kernel
cpu, 0, 15, 1, 0, kernel, kernel, Kernel
cpu, 0, 13, 73, 40, kernel, kernel, Kernel
cpu, 0, 12, 0, 1, kernel, kernel, Kernel
cpu, 0, 9, 2, 0, kernel, kernel, Kernel
cpu, 0, 8, 0, 96, kernel, kernel, Kernel
cpu, 0, 5, 0, 326, kernel, kernel, Kernel
cpu, 0, 3, 0, 6, kernel, kernel, Kernel
cpu, 0, 1, 7, 172, kernel, kernel, Kernel
network_total, 0, 0, 0, 0
network, 10047, -1, -1
network, 10014, -1, -1
network, 10044, -1, -1
network, 10009, -1, -1
network, 10040, -1, -1
network, 10036, -1, -1
network, 10000, -1, -1
network, 10033, -1, -1
network, 10032, -1, -1
network, 10030, -1, -1
network, 1001, -1, -1
network, 1000, -1, -1
network, 10026, -1, -1
network, 10048, -1, -1
network, 10022, -1, -1
network, 10020, -1, -1
network, 10051, -1, -1
network, 10016, -1, -1
network, 10017, -1, -1
mobile_total, 0, 0
begin, 1641886, 756177
display, 10051, 1, 0.00392156862745098, PowerModelTest
cpu_freq, 0.79310346
cpu_total, 5399, 6109, 2805, 61231, 40, 0, 4, 0, 0, 0
cpu, 10022, 248, 26, 7, service, 200, Android keyboard
cpu, 1001, 256, 36, 16, service, 100, Radio Subsystem
cpu, 1000, 164, 2339, 1131, service, 100, System
cpu, 10051, 490, 6171, 61, app, 100, PowerModelTest
cpu, 10000, 259, 537, 93, app, 400, Contacts
cpu, 10048, 415, 706, 278, service, 200, PowerTutor
cpu, 10044, 422, 534, 124, app, 400, SetCPU
cpu, 10036, 470, 28, 5, app, 400, Superuser
cpu, 10016, 311, 30, 20, app, 400, DRM Protected Content Storage
cpu, 10020, 451, 18, 6, app, 400, Gallery
cpu, 1000, 444, 13, 6, app, 400, System
cpu, 10040, 394, 2, 3, app, 400, Voice Dialer
cpu, 10032, 437, 5, 3, app, 400, Search
cpu, 10047, 401, 38, 13, app, 400, Dropbox
cpu, 10030, 429, 4, 4, app, 400, Home screen tips
cpu, 10033, 381, 230, 33, app, 400, ROM Manager
cpu, 10026, 361, 7, 7, app, 100, Messaging
cpu, 10017, 350, 10, 5, app, 400, Email
cpu, 10014, 341, 5, 3, app, 400, Clock
cpu, 10009, 328, 5, 6, app, 400, Calendar Storage
cpu, 0, 128, 0, 1, kernel, kernel, Kernel
cpu, 1008, 125, 19, 1229, kernel, kernel, Compass Device (e.g. akmd)
cpu, 1017, 124, 1, 0, kernel, kernel, sys_1017
cpu, 1002, 122, 1, 2, kernel, kernel, Bluetooth Subsystem
cpu, 1013, 121, 60, 17, kernel, kernel, Media Server
cpu, 0, 120, 447, 95, kernel, kernel, Kernel
cpu, 1001, 119, 1, 9, kernel, kernel, Radio Subsystem
cpu, 0, 117, 2, 0, kernel, kernel, Kernel
cpu, 0, 116, 0, 3, kernel, kernel, Kernel
cpu, 1000, 115, 0, 5, kernel, kernel, System
cpu, 0, 66, 6, 0, kernel, kernel, Kernel
cpu, 0, 65, 29, 0, kernel, kernel, Kernel
cpu, 0, 63, 3, 0, kernel, kernel, Kernel
cpu, 0, 62, 0, 65, kernel, kernel, Kernel
cpu, 0, 61, 0, 36, kernel, kernel, Kernel
cpu, 0, 51, 0, 11, kernel, kernel, Kernel
cpu, 0, 50, 0, 85, kernel, kernel, Kernel
cpu, 0, 34, 6, 0, kernel, kernel, Kernel
cpu, 0, 15, 1, 0, kernel, kernel, Kernel
cpu, 0, 13, 73, 40, kernel, kernel, Kernel
cpu, 0, 12, 0, 1, kernel, kernel, Kernel
cpu, 0, 9, 2, 0, kernel, kernel, Kernel
cpu, 0, 8, 0, 96, kernel, kernel, Kernel
cpu, 0, 5, 0, 326, kernel, kernel, Kernel
cpu, 0, 3, 0, 6, kernel, kernel, Kernel
cpu, 0, 1, 7, 172, kernel, kernel, Kernel
network_total, 0, 0, 0, 0
network, 10047, -1, -1
network, 10014, -1, -1
network, 10044, -1, -1
network, 10009, -1, -1
network, 10040, -1, -1
network, 10036, -1, -1
network, 10000, -1, -1
network, 10033, -1, -1
network, 10032, -1, -1
network, 10030, -1, -1
network, 1001, -1, -1
network, 1000, -1, -1
network, 10026, -1, -1
network, 10048, -1, -1
network, 10022, -1, -1
network, 10020, -1, -1
network, 10051, -1, -1
network, 10016, -1, -1
network, 10017, -1, -1
mobile_total, 0, 0
begin, 1642393, 756681
display, 10051, 1, 0.00392156862745098, PowerModelTest
cpu_freq, 0.79310346
cpu_total, 5404, 6153, 2807, 61231, 40, 0, 4, 0, 0, 0
cpu, 10022, 248, 26, 7, service, 200, Android keyboard
cpu, 1001, 256, 36, 16, service, 100, Radio Subsystem
cpu, 1000, 164, 2339, 1131, service, 100, System
cpu, 10051, 490, 6214, 61, app, 100, PowerModelTest
cpu, 10000, 259, 537, 93, app, 400, Contacts
cpu, 10048, 415, 710, 280, service, 200, PowerTutor
cpu, 10044, 422, 534, 124, app, 400, SetCPU
cpu, 10036, 470, 28, 5, app, 400, Superuser
cpu, 10016, 311, 30, 20, app, 400, DRM Protected Content Storage
cpu, 10020, 451, 18, 6, app, 400, Gallery
cpu, 1000, 444, 13, 6, app, 400, System
cpu, 10040, 394, 2, 3, app, 400, Voice Dialer
cpu, 10032, 437, 5, 3, app, 400, Search
cpu, 10047, 401, 38, 13, app, 400, Dropbox
cpu, 10030, 429, 4, 4, app, 400, Home screen tips
cpu, 10033, 381, 231, 33, app, 400, ROM Manager
cpu, 10026, 361, 7, 7, app, 100, Messaging
cpu, 10017, 350, 10, 5, app, 400, Email
cpu, 10014, 341, 5, 3, app, 400, Clock
cpu, 10009, 328, 5, 6, app, 400, Calendar Storage
cpu, 0, 128, 0, 1, kernel, kernel, Kernel
cpu, 1008, 125, 19, 1229, kernel, kernel, Compass Device (e.g. akmd)
cpu, 1017, 124, 1, 0, kernel, kernel, sys_1017
cpu, 1002, 122, 1, 2, kernel, kernel, Bluetooth Subsystem
cpu, 1013, 121, 60, 17, kernel, kernel, Media Server
cpu, 0, 120, 447, 95, kernel, kernel, Kernel
cpu, 1001, 119, 1, 9, kernel, kernel, Radio Subsystem
cpu, 0, 117, 2, 0, kernel, kernel, Kernel
cpu, 0, 116, 0, 3, kernel, kernel, Kernel
cpu, 1000, 115, 0, 5, kernel, kernel, System
cpu, 0, 66, 6, 0, kernel, kernel, Kernel
cpu, 0, 65, 29, 0, kernel, kernel, Kernel
cpu, 0, 63, 3, 0, kernel, kernel, Kernel
cpu, 0, 62, 0, 65, kernel, kernel, Kernel
cpu, 0, 61, 0, 36, kernel, kernel, Kernel
cpu, 0, 51, 0, 11, kernel, kernel, Kernel
cpu, 0, 50, 0, 85, kernel, kernel, Kernel
cpu, 0, 34, 6, 0, kernel, kernel, Kernel
cpu, 0, 15, 1, 0, kernel, kernel, Kernel
cpu, 0, 13, 73, 40, kernel, kernel, Kernel
cpu, 0, 12, 0, 1, kernel, kernel, Kernel
cpu, 0, 9, 2, 0, kernel, kernel, Kernel
cpu, 0, 8, 0, 96, kernel, kernel, Kernel
cpu, 0, 5, 0, 326, kernel, kernel, Kernel
cpu, 0, 3, 0, 6, kernel, kernel, Kernel
cpu, 0, 1, 7, 172, kernel, kernel, Kernel
network_total, 0, 0, 0, 0
network, 10047, -1, -1
network, 10014, -1, -1
network, 10044, -1, -1
network, 10009, -1, -1
network, 10040, -1, -1
network, 10036, -1, -1
network, 10000, -1, -1
network, 10033, -1, -1
network, 10032, -1, -1
network, 10030, -1, -1
network, 1001, -1, -1
network, 1000, -1, -1
network, 10026, -1, -1
network, 10048, -1, -1
network, 10022, -1, -1
network, 10020, -1, -1
network, 10051, -1, -1
network, 10016, -1, -1
network, 10017, -1, -1
mobile_total, 0, 0
begin, 1642886, 757174
display, 10051, 1, 0.00392156862745098, PowerModelTest
cpu_freq, 0.79310346
cpu_total, 5410, 6195, 2808, 61231, 40, 0, 4, 0, 0, 0
cpu, 10022, 248, 26, 7, service, 200, Android keyboard
cpu, 1001, 256, 36, 16, service, 100, Radio Subsystem
cpu, 1000, 164, 2340, 1131, service, 100, System
cpu, 10051, 490, 6257, 61, app, 100, PowerModelTest
cpu, 10000, 259, 537, 93, app, 400, Contacts
cpu, 10048, 415, 715, 281, service, 200, PowerTutor
cpu, 10044, 422, 534, 124, app, 400, SetCPU
cpu, 10036, 470, 28, 5, app, 400, Superuser
cpu, 10016, 311, 30, 20, app, 400, DRM Protected Content Storage
cpu, 10020, 451, 18, 6, app, 400, Gallery
cpu, 1000, 444, 13, 6, app, 400, System
cpu, 10040, 394, 2, 3, app, 400, Voice Dialer
cpu, 10032, 437, 5, 3, app, 400, Search
cpu, 10047, 401, 38, 13, app, 400, Dropbox
cpu, 10030, 429, 4, 4, app, 400, Home screen tips
cpu, 10033, 381, 231, 33, app, 400, ROM Manager
cpu, 10026, 361, 7, 7, app, 100, Messaging
cpu, 10017, 350, 10, 5, app, 400, Email
cpu, 10014, 341, 5, 3, app, 400, Clock
cpu, 10009, 328, 5, 6, app, 400, Calendar Storage
cpu, 0, 128, 0, 1, kernel, kernel, Kernel
cpu, 1008, 125, 19, 1230, kernel, kernel, Compass Device (e.g. akmd)
cpu, 1017, 124, 1, 0, kernel, kernel, sys_1017
cpu, 1002, 122, 1, 2, kernel, kernel, Bluetooth Subsystem
cpu, 1013, 121, 60, 17, kernel, kernel, Media Server
cpu, 0, 120, 447, 95, kernel, kernel, Kernel
cpu, 1001, 119, 1, 9, kernel, kernel, Radio Subsystem
cpu, 0, 117, 2, 0, kernel, kernel, Kernel
cpu, 0, 116, 0, 3, kernel, kernel, Kernel
cpu, 1000, 115, 0, 5, kernel, kernel, System
cpu, 0, 66, 6, 0, kernel, kernel, Kernel
cpu, 0, 65, 29, 0, kernel, kernel, Kernel
cpu, 0, 63, 3, 0, kernel, kernel, Kernel
cpu, 0, 62, 0, 65, kernel, kernel, Kernel
cpu, 0, 61, 0, 36, kernel, kernel, Kernel
cpu, 0, 51, 0, 11, kernel, kernel, Kernel
cpu, 0, 50, 0, 85, kernel, kernel, Kernel
cpu, 0, 34, 6, 0, kernel, kernel, Kernel
cpu, 0, 15, 1, 0, kernel, kernel, Kernel
cpu, 0, 13, 73, 40, kernel, kernel, Kernel
cpu, 0, 12, 0, 1, kernel, kernel, Kernel
cpu, 0, 9, 2, 0, kernel, kernel, Kernel
cpu, 0, 8, 0, 96, kernel, kernel, Kernel
cpu, 0, 5, 0, 326, kernel, kernel, Kernel
cpu, 0, 3, 0, 6, kernel, kernel, Kernel
cpu, 0, 1, 7, 172, kernel, kernel, Kernel
network_total, 0, 0, 0, 0
network, 10047, -1, -1
network, 10014, -1, -1
network, 10044, -1, -1
network, 10009, -1, -1
network, 10040, -1, -1
network, 10036, -1, -1
network, 10000, -1, -1
network, 10033, -1, -1
network, 10032, -1, -1
network, 10030, -1, -1
network, 1001, -1, -1
network, 1000, -1, -1
network, 10026, -1, -1
network, 10048, -1, -1
network, 10022, -1, -1
network, 10020, -1, -1
network, 10051, -1, -1
network, 10016, -1, -1
network, 10017, -1, -1
mobile_total, 0, 0
begin, 1643384, 757671
display, 10051, 1, 0.00392156862745098, PowerModelTest
cpu_freq, 0.79310346
cpu_total, 5420, 6239, 2808, 61231, 40, 0, 4, 0, 0, 0
cpu, 10022, 248, 26, 7, service, 200, Android keyboard
cpu, 1001, 256, 36, 16, service, 100, Radio Subsystem
cpu, 1000, 164, 2342, 1131, service, 100, System
cpu, 10051, 490, 6300, 61, app, 100, PowerModelTest
cpu, 10000, 259, 537, 93, app, 400, Contacts
cpu, 10048, 415, 724, 281, service, 200, PowerTutor
cpu, 10044, 422, 534, 124, app, 400, SetCPU
cpu, 10036, 470, 28, 5, app, 400, Superuser
cpu, 10016, 311, 30, 20, app, 400, DRM Protected Content Storage
cpu, 10020, 451, 18, 6, app, 400, Gallery
cpu, 1000, 444, 13, 6, app, 400, System
cpu, 10040, 394, 2, 3, app, 400, Voice Dialer
cpu, 10032, 437, 5, 3, app, 400, Search
cpu, 10047, 401, 38, 13, app, 400, Dropbox
cpu, 10030, 429, 4, 4, app, 400, Home screen tips
cpu, 10033, 381, 231, 33, app, 400, ROM Manager
cpu, 10026, 361, 7, 7, app, 100, Messaging
cpu, 10017, 350, 10, 5, app, 400, Email
cpu, 10014, 341, 5, 3, app, 400, Clock
cpu, 10009, 328, 5, 6, app, 400, Calendar Storage
cpu, 0, 128, 0, 1, kernel, kernel, Kernel
cpu, 1008, 125, 19, 1231, kernel, kernel, Compass Device (e.g. akmd)
cpu, 1017, 124, 1, 0, kernel, kernel, sys_1017
cpu, 1002, 122, 1, 2, kernel, kernel, Bluetooth Subsystem
cpu, 1013, 121, 60, 17, kernel, kernel, Media Server
cpu, 0, 120, 447, 95, kernel, kernel, Kernel
cpu, 1001, 119, 1, 9, kernel, kernel, Radio Subsystem
cpu, 0, 117, 2, 0, kernel, kernel, Kernel
cpu, 0, 116, 0, 3, kernel, kernel, Kernel
cpu, 1000, 115, 0, 5, kernel, kernel, System
cpu, 0, 66, 6, 0, kernel, kernel, Kernel
cpu, 0, 65, 29, 0, kernel, kernel, Kernel
cpu, 0, 63, 3, 0, kernel, kernel, Kernel
cpu, 0, 62, 0, 65, kernel, kernel, Kernel
cpu, 0, 61, 0, 36, kernel, kernel, Kernel
cpu, 0, 51, 0, 11, kernel, kernel, Kernel
cpu, 0, 50, 0, 85, kernel, kernel, Kernel
cpu, 0, 34, 6, 0, kernel, kernel, Kernel
cpu, 0, 15, 1, 0, kernel, kernel, Kernel
cpu, 0, 13, 73, 40, kernel, kernel, Kernel
cpu, 0, 12, 0, 1, kernel, kernel, Kernel
cpu, 0, 9, 2, 0, kernel, kernel, Kernel
cpu, 0, 8, 0, 96, kernel, kernel, Kernel
cpu, 0, 5, 0, 326, kernel, kernel, Kernel
cpu, 0, 3, 0, 6, kernel, kernel, Kernel
cpu, 0, 1, 7, 172, kernel, kernel, Kernel
network_total, 0, 0, 0, 0
network, 10047, -1, -1
network, 10014, -1, -1
network, 10044, -1, -1
network, 10009, -1, -1
network, 10040, -1, -1
network, 10036, -1, -1
network, 10000, -1, -1
network, 10033, -1, -1
network, 10032, -1, -1
network, 10030, -1, -1
network, 1001, -1, -1
network, 1000, -1, -1
network, 10026, -1, -1
network, 10048, -1, -1
network, 10022, -1, -1
network, 10020, -1, -1
network, 10051, -1, -1
network, 10016, -1, -1
network, 10017, -1, -1
mobile_total, 0, 0
begin, 1643889, 758177
display, 10051, 1, 0.00392156862745098, PowerModelTest
cpu_freq, 0.79310346
cpu_total, 5425, 6279, 2809, 61231, 40, 0, 4, 0, 0, 0
cpu, 10022, 248, 26, 7, service, 200, Android keyboard
cpu, 1001, 256, 36, 16, service, 100, Radio Subsystem
cpu, 1000, 164, 2342, 1131, service, 100, System
cpu, 10051, 490, 6339, 61, app, 100, PowerModelTest
cpu, 10000, 259, 537, 93, app, 400, Contacts
cpu, 10048, 415, 729, 281, service, 200, PowerTutor
cpu, 10044, 422, 534, 124, app, 400, SetCPU
cpu, 10036, 470, 28, 5, app, 400, Superuser
cpu, 10016, 311, 30, 20, app, 400, DRM Protected Content Storage
cpu, 10020, 451, 18, 6, app, 400, Gallery
cpu, 1000, 444, 13, 6, app, 400, System
cpu, 10040, 394, 2, 3, app, 400, Voice Dialer
cpu, 10032, 437, 5, 3, app, 400, Search
cpu, 10047, 401, 38, 13, app, 400, Dropbox
cpu, 10030, 429, 4, 4, app, 400, Home screen tips
cpu, 10033, 381, 231, 33, app, 400, ROM Manager
cpu, 10026, 361, 7, 7, app, 100, Messaging
cpu, 10017, 350, 10, 5, app, 400, Email
cpu, 10014, 341, 5, 3, app, 400, Clock
cpu, 10009, 328, 5, 6, app, 400, Calendar Storage
cpu, 0, 128, 0, 1, kernel, kernel, Kernel
cpu, 1008, 125, 19, 1231, kernel, kernel, Compass Device (e.g. akmd)
cpu, 1017, 124, 1, 0, kernel, kernel, sys_1017
cpu, 1002, 122, 1, 2, kernel, kernel, Bluetooth Subsystem
cpu, 1013, 121, 60, 17, kernel, kernel, Media Server
cpu, 0, 120, 447, 95, kernel, kernel, Kernel
cpu, 1001, 119, 1, 9, kernel, kernel, Radio Subsystem
cpu, 0, 117, 2, 0, kernel, kernel, Kernel
cpu, 0, 116, 0, 3, kernel, kernel, Kernel
cpu, 1000, 115, 0, 5, kernel, kernel, System
cpu, 0, 66, 6, 0, kernel, kernel, Kernel
cpu, 0, 65, 29, 0, kernel, kernel, Kernel
cpu, 0, 63, 3, 0, kernel, kernel, Kernel
cpu, 0, 62, 0, 65, kernel, kernel, Kernel
cpu, 0, 61, 0, 36, kernel, kernel, Kernel
cpu, 0, 51, 0, 11, kernel, kernel, Kernel
cpu, 0, 50, 0, 85, kernel, kernel, Kernel
cpu, 0, 34, 6, 0, kernel, kernel, Kernel
cpu, 0, 15, 1, 0, kernel, kernel, Kernel
cpu, 0, 13, 73, 40, kernel, kernel, Kernel
cpu, 0, 12, 0, 1, kernel, kernel, Kernel
cpu, 0, 9, 2, 0, kernel, kernel, Kernel
cpu, 0, 8, 0, 96, kernel, kernel, Kernel
cpu, 0, 5, 0, 326, kernel, kernel, Kernel
cpu, 0, 3, 0, 6, kernel, kernel, Kernel
cpu, 0, 1, 7, 172, kernel, kernel, Kernel
network_total, 0, 0, 0, 0
network, 10047, -1, -1
network, 10014, -1, -1
network, 10044, -1, -1
network, 10009, -1, -1
network, 10040, -1, -1
network, 10036, -1, -1
network, 10000, -1, -1
network, 10033, -1, -1
network, 10032, -1, -1
network, 10030, -1, -1
network, 1001, -1, -1
network, 1000, -1, -1
network, 10026, -1, -1
network, 10048, -1, -1
network, 10022, -1, -1
network, 10020, -1, -1
network, 10051, -1, -1
network, 10016, -1, -1
network, 10017, -1, -1
mobile_total, 0, 0
begin, 1644388, 758676
display, 10051, 1, 0.00392156862745098, PowerModelTest
cpu_freq, 0.79310346
cpu_total, 5428, 6323, 2812, 61231, 40, 0, 4, 0, 0, 0
cpu, 10022, 248, 26, 7, service, 200, Android keyboard
cpu, 1001, 256, 36, 16, service, 100, Radio Subsystem
cpu, 1000, 164, 2342, 1131, service, 100, System
cpu, 10051, 490, 6382, 61, app, 100, PowerModelTest
cpu, 10000, 259, 537, 93, app, 400, Contacts
cpu, 10048, 415, 733, 284, service, 200, PowerTutor
cpu, 10044, 422, 534, 124, app, 400, SetCPU
cpu, 10036, 470, 28, 5, app, 400, Superuser
cpu, 10016, 311, 30, 20, app, 400, DRM Protected Content Storage
cpu, 10020, 451, 18, 6, app, 400, Gallery
cpu, 1000, 444, 13, 6, app, 400, System
cpu, 10040, 394, 2, 3, app, 400, Voice Dialer
cpu, 10032, 437, 5, 3, app, 400, Search
cpu, 10047, 401, 38, 13, app, 400, Dropbox
cpu, 10030, 429, 4, 4, app, 400, Home screen tips
cpu, 10033, 381, 231, 33, app, 400, ROM Manager
cpu, 10026, 361, 7, 7, app, 100, Messaging
cpu, 10017, 350, 10, 5, app, 400, Email
cpu, 10014, 341, 5, 3, app, 400, Clock
cpu, 10009, 328, 5, 6, app, 400, Calendar Storage
cpu, 0, 128, 0, 1, kernel, kernel, Kernel
cpu, 1008, 125, 19, 1232, kernel, kernel, Compass Device (e.g. akmd)
cpu, 1017, 124, 1, 0, kernel, kernel, sys_1017
cpu, 1002, 122, 1, 2, kernel, kernel, Bluetooth Subsystem
cpu, 1013, 121, 60, 17, kernel, kernel, Media Server
cpu, 0, 120, 447, 95, kernel, kernel, Kernel
cpu, 1001, 119, 1, 9, kernel, kernel, Radio Subsystem
cpu, 0, 117, 2, 0, kernel, kernel, Kernel
cpu, 0, 116, 0, 3, kernel, kernel, Kernel
cpu, 1000, 115, 0, 5, kernel, kernel, System
cpu, 0, 66, 6, 0, kernel, kernel, Kernel
cpu, 0, 65, 29, 0, kernel, kernel, Kernel
cpu, 0, 63, 3, 0, kernel, kernel, Kernel
cpu, 0, 62, 0, 65, kernel, kernel, Kernel
cpu, 0, 61, 0, 37, kernel, kernel, Kernel
cpu, 0, 51, 0, 11, kernel, kernel, Kernel
cpu, 0, 50, 0, 85, kernel, kernel, Kernel
cpu, 0, 34, 6, 0, kernel, kernel, Kernel
cpu, 0, 15, 1, 0, kernel, kernel, Kernel
cpu, 0, 13, 73, 40, kernel, kernel, Kernel
cpu, 0, 12, 0, 1, kernel, kernel, Kernel
cpu, 0, 9, 2, 0, kernel, kernel, Kernel
cpu, 0, 8, 0, 96, kernel, kernel, Kernel
cpu, 0, 5, 0, 326, kernel, kernel, Kernel
cpu, 0, 3, 0, 6, kernel, kernel, Kernel
cpu, 0, 1, 7, 172, kernel, kernel, Kernel
network_total, 0, 0, 0, 0
network, 10047, -1, -1
network, 10014, -1, -1
network, 10044, -1, -1
network, 10009, -1, -1
network, 10040, -1, -1
network, 10036, -1, -1
network, 10000, -1, -1
network, 10033, -1, -1
network, 10032, -1, -1
network, 10030, -1, -1
network, 1001, -1, -1
network, 1000, -1, -1
network, 10026, -1, -1
network, 10048, -1, -1
network, 10022, -1, -1
network, 10020, -1, -1
network, 10051, -1, -1
network, 10016, -1, -1
network, 10017, -1, -1
mobile_total, 0, 0
begin, 1644881, 759168
display, 10051, 1, 0.00392156862745098, PowerModelTest
cpu_freq, 0.79310346
cpu_total, 5434, 6365, 2814, 61231, 40, 0, 4, 0, 0, 0
cpu, 10022, 248, 26, 7, service, 200, Android keyboard
cpu, 1001, 256, 36, 16, service, 100, Radio Subsystem
cpu, 1000, 164, 2342, 1131, service, 100, System
cpu, 10051, 490, 6423, 61, app, 100, PowerModelTest
cpu, 10000, 259, 537, 93, app, 400, Contacts
cpu, 10048, 415, 737, 285, service, 200, PowerTutor
cpu, 10044, 422, 534, 124, app, 400, SetCPU
cpu, 10036, 470, 28, 5, app, 400, Superuser
cpu, 10016, 311, 30, 20, app, 400, DRM Protected Content Storage
cpu, 10020, 451, 18, 6, app, 400, Gallery
cpu, 1000, 444, 13, 6, app, 400, System
cpu, 10040, 394, 2, 3, app, 400, Voice Dialer
cpu, 10032, 437, 5, 3, app, 400, Search
cpu, 10047, 401, 38, 13, app, 400, Dropbox
cpu, 10030, 429, 4, 4, app, 400, Home screen tips
cpu, 10033, 381, 231, 33, app, 400, ROM Manager
cpu, 10026, 361, 7, 7, app, 100, Messaging
cpu, 10017, 350, 10, 5, app, 400, Email
cpu, 10014, 341, 5, 3, app, 400, Clock
cpu, 10009, 328, 5, 6, app, 400, Calendar Storage
cpu, 0, 128, 0, 1, kernel, kernel, Kernel
cpu, 1008, 125, 19, 1233, kernel, kernel, Compass Device (e.g. akmd)
cpu, 1017, 124, 1, 0, kernel, kernel, sys_1017
cpu, 1002, 122, 1, 2, kernel, kernel, Bluetooth Subsystem
cpu, 1013, 121, 60, 17, kernel, kernel, Media Server
cpu, 0, 120, 447, 95, kernel, kernel, Kernel
cpu, 1001, 119, 1, 9, kernel, kernel, Radio Subsystem
cpu, 0, 117, 2, 0, kernel, kernel, Kernel
cpu, 0, 116, 0, 3, kernel, kernel, Kernel
cpu, 1000, 115, 0, 5, kernel, kernel, System
cpu, 0, 66, 6, 0, kernel, kernel, Kernel
cpu, 0, 65, 29, 0, kernel, kernel, Kernel
cpu, 0, 63, 3, 0, kernel, kernel, Kernel
cpu, 0, 62, 0, 65, kernel, kernel, Kernel
cpu, 0, 61, 0, 37, kernel, kernel, Kernel
cpu, 0, 51, 0, 11, kernel, kernel, Kernel
cpu, 0, 50, 0, 85, kernel, kernel, Kernel
cpu, 0, 34, 6, 0, kernel, kernel, Kernel
cpu, 0, 15, 1, 0, kernel, kernel, Kernel
cpu, 0, 13, 73, 40, kernel, kernel, Kernel
cpu, 0, 12, 0, 1, kernel, kernel, Kernel
cpu, 0, 9, 2, 0, kernel, kernel, Kernel
cpu, 0, 8, 0, 96, kernel, kernel, Kernel
cpu, 0, 5, 0, 326, kernel, kernel, Kernel
cpu, 0, 3, 0, 6, kernel, kernel, Kernel
cpu, 0, 1, 7, 172, kernel, kernel, Kernel
network_total, 0, 0, 0, 0
network, 10047, -1, -1
network, 10014, -1, -1
network, 10044, -1, -1
network, 10009, -1, -1
network, 10040, -1, -1
network, 10036, -1, -1
network, 10000, -1, -1
network, 10033, -1, -1
network, 10032, -1, -1
network, 10030, -1, -1
network, 1001, -1, -1
network, 1000, -1, -1
network, 10026, -1, -1
network, 10048, -1, -1
network, 10022, -1, -1
network, 10020, -1, -1
network, 10051, -1, -1
network, 10016, -1, -1
network, 10017, -1, -1
mobile_total, 0, 0
begin, 1645389, 759676
display, 10051, 1, 0.00392156862745098, PowerModelTest
cpu_freq, 0.79310346
cpu_total, 5441, 6410, 2818, 61231, 40, 0, 4, 0, 0, 0
cpu, 10022, 248, 26, 7, service, 200, Android keyboard
cpu, 1001, 256, 36, 16, service, 100, Radio Subsystem
cpu, 1000, 164, 2342, 1132, service, 100, System
cpu, 10051, 490, 6468, 61, app, 100, PowerModelTest
cpu, 10000, 259, 537, 93, app, 400, Contacts
cpu, 10048, 415, 744, 288, service, 200, PowerTutor
cpu, 10044, 422, 534, 124, app, 400, SetCPU
cpu, 10036, 470, 28, 5, app, 400, Superuser
cpu, 10016, 311, 30, 20, app, 400, DRM Protected Content Storage
cpu, 10020, 451, 18, 6, app, 400, Gallery
cpu, 1000, 444, 13, 6, app, 400, System
cpu, 10040, 394, 2, 3, app, 400, Voice Dialer
cpu, 10032, 437, 5, 3, app, 400, Search
cpu, 10047, 401, 38, 13, app, 400, Dropbox
cpu, 10030, 429, 4, 4, app, 400, Home screen tips
cpu, 10033, 381, 231, 33, app, 400, ROM Manager
cpu, 10026, 361, 7, 7, app, 100, Messaging
cpu, 10017, 350, 10, 5, app, 400, Email
cpu, 10014, 341, 5, 3, app, 400, Clock
cpu, 10009, 328, 5, 6, app, 400, Calendar Storage
cpu, 0, 128, 0, 1, kernel, kernel, Kernel
cpu, 1008, 125, 19, 1234, kernel, kernel, Compass Device (e.g. akmd)
cpu, 1017, 124, 1, 0, kernel, kernel, sys_1017
cpu, 1002, 122, 1, 2, kernel, kernel, Bluetooth Subsystem
cpu, 1013, 121, 60, 17, kernel, kernel, Media Server
cpu, 0, 120, 447, 95, kernel, kernel, Kernel
cpu, 1001, 119, 1, 9, kernel, kernel, Radio Subsystem
cpu, 0, 117, 2, 0, kernel, kernel, Kernel
cpu, 0, 116, 0, 3, kernel, kernel, Kernel
cpu, 1000, 115, 0, 5, kernel, kernel, System
cpu, 0, 66, 6, 0, kernel, kernel, Kernel
cpu, 0, 65, 29, 0, kernel, kernel, Kernel
cpu, 0, 63, 3, 0, kernel, kernel, Kernel
cpu, 0, 62, 0, 65, kernel, kernel, Kernel
cpu, 0, 61, 0, 37, kernel, kernel, Kernel
cpu, 0, 51, 0, 11, kernel, kernel, Kernel
cpu, 0, 50, 0, 85, kernel, kernel, Kernel
cpu, 0, 34, 6, 0, kernel, kernel, Kernel
cpu, 0, 15, 1, 0, kernel, kernel, Kernel
cpu, 0, 13, 73, 40, kernel, kernel, Kernel
cpu, 0, 12, 0, 1, kernel, kernel, Kernel
cpu, 0, 9, 2, 0, kernel, kernel, Kernel
cpu, 0, 8, 0, 96, kernel, kernel, Kernel
cpu, 0, 5, 0, 326, kernel, kernel, Kernel
cpu, 0, 3, 0, 6, kernel, kernel, Kernel
cpu, 0, 1, 7, 172, kernel, kernel, Kernel
network_total, 0, 0, 0, 0
network, 10047, -1, -1
network, 10014, -1, -1
network, 10044, -1, -1
network, 10009, -1, -1
network, 10040, -1, -1
network, 10036, -1, -1
network, 10000, -1, -1
network, 10033, -1, -1
network, 10032, -1, -1
network, 10030, -1, -1
network, 1001, -1, -1
network, 1000, -1, -1
network, 10026, -1, -1
network, 10048, -1, -1
network, 10022, -1, -1
network, 10020, -1, -1
network, 10051, -1, -1
network, 10016, -1, -1
network, 10017, -1, -1
mobile_total, 0, 0
begin, 1645884, 760171
display, 10051, 1, 0.00392156862745098, PowerModelTest
cpu_freq, 0.79310346
cpu_total, 5444, 6448, 2821, 61231, 40, 0, 4, 0, 0, 0
cpu, 10022, 248, 26, 7, service, 200, Android keyboard
cpu, 1001, 256, 36, 16, service, 100, Radio Subsystem
cpu, 1000, 164, 2342, 1132, service, 100, System
cpu, 10051, 490, 6505, 61, app, 100, PowerModelTest
cpu, 10000, 259, 537, 93, app, 400, Contacts
cpu, 10048, 415, 747, 291, service, 200, PowerTutor
cpu, 10044, 422, 534, 124, app, 400, SetCPU
cpu, 10036, 470, 28, 5, app, 400, Superuser
cpu, 10016, 311, 30, 20, app, 400, DRM Protected Content Storage
cpu, 10020, 451, 18, 6, app, 400, Gallery
cpu, 1000, 444, 13, 6, app, 400, System
cpu, 10040, 394, 2, 3, app, 400, Voice Dialer
cpu, 10032, 437, 5, 3, app, 400, Search
cpu, 10047, 401, 38, 13, app, 400, Dropbox
cpu, 10030, 429, 4, 4, app, 400, Home screen tips
cpu, 10033, 381, 231, 33, app, 400, ROM Manager
cpu, 10026, 361, 7, 7, app, 100, Messaging
cpu, 10017, 350, 10, 5, app, 400, Email
cpu, 10014, 341, 5, 3, app, 400, Clock
cpu, 10009, 328, 5, 6, app, 400, Calendar Storage
cpu, 0, 128, 0, 1, kernel, kernel, Kernel
cpu, 1008, 125, 19, 1235, kernel, kernel, Compass Device (e.g. akmd)
cpu, 1017, 124, 1, 0, kernel, kernel, sys_1017
cpu, 1002, 122, 1, 2, kernel, kernel, Bluetooth Subsystem
cpu, 1013, 121, 60, 17, kernel, kernel, Media Server
cpu, 0, 120, 447, 95, kernel, kernel, Kernel
cpu, 1001, 119, 1, 9, kernel, kernel, Radio Subsystem
cpu, 0, 117, 2, 0, kernel, kernel, Kernel
cpu, 0, 116, 0, 3, kernel, kernel, Kernel
cpu, 1000, 115, 0, 5, kernel, kernel, System
cpu, 0, 66, 6, 0, kernel, kernel, Kernel
cpu, 0, 65, 29, 0, kernel, kernel, Kernel
cpu, 0, 63, 3, 0, kernel, kernel, Kernel
cpu, 0, 62, 0, 65, kernel, kernel, Kernel
cpu, 0, 61, 0, 37, kernel, kernel, Kernel
cpu, 0, 51, 0, 11, kernel, kernel, Kernel
cpu, 0, 50, 0, 85, kernel, kernel, Kernel
cpu, 0, 34, 6, 0, kernel, kernel, Kernel
cpu, 0, 15, 1, 0, kernel, kernel, Kernel
cpu, 0, 13, 73, 40, kernel, kernel, Kernel
cpu, 0, 12, 0, 1, kernel, kernel, Kernel
cpu, 0, 9, 2, 0, kernel, kernel, Kernel
cpu, 0, 8, 0, 96, kernel, kernel, Kernel
cpu, 0, 5, 0, 326, kernel, kernel, Kernel
cpu, 0, 3, 0, 6, kernel, kernel, Kernel
cpu, 0, 1, 7, 172, kernel, kernel, Kernel
network_total, 0, 0, 0, 0
network, 10047, -1, -1
network, 10014, -1, -1
network, 10044, -1, -1
network, 10009, -1, -1
network, 10040, -1, -1
network, 10036, -1, -1
network, 10000, -1, -1
network, 10033, -1, -1
network, 10032, -1, -1
network, 10030, -1, -1
network, 1001, -1, -1
network, 1000, -1, -1
network, 10026, -1, -1
network, 10048, -1, -1
network, 10022, -1, -1
network, 10020, -1, -1
network, 10051, -1, -1
network, 10016, -1, -1
network, 10017, -1, -1
mobile_total, 0, 0
begin, 1646387, 760674
display, 10051, 1, 0.00392156862745098, PowerModelTest
cpu_freq, 0.79310346
cpu_total, 5454, 6487, 2822, 61231, 40, 0, 4, 0, 0, 0
cpu, 10022, 248, 26, 7, service, 200, Android keyboard
cpu, 1001, 256, 36, 16, service, 100, Radio Subsystem
cpu, 1000, 164, 2342, 1133, service, 100, System
cpu, 10051, 490, 6543, 61, app, 100, PowerModelTest
cpu, 10000, 259, 541, 93, app, 400, Contacts
cpu, 10048, 415, 752, 292, service, 200, PowerTutor
cpu, 10044, 422, 535, 124, app, 400, SetCPU
cpu, 10036, 470, 28, 5, app, 400, Superuser
cpu, 10016, 311, 30, 20, app, 400, DRM Protected Content Storage
cpu, 10020, 451, 18, 6, app, 400, Gallery
cpu, 1000, 444, 13, 6, app, 400, System
cpu, 10040, 394, 2, 3, app, 400, Voice Dialer
cpu, 10032, 437, 5, 3, app, 400, Search
cpu, 10047, 401, 38, 13, app, 400, Dropbox
cpu, 10030, 429, 4, 4, app, 400, Home screen tips
cpu, 10033, 381, 231, 33, app, 400, ROM Manager
cpu, 10026, 361, 7, 7, app, 100, Messaging
cpu, 10017, 350, 10, 5, app, 400, Email
cpu, 10014, 341, 5, 3, app, 400, Clock
cpu, 10009, 328, 5, 6, app, 400, Calendar Storage
cpu, 0, 128, 0, 1, kernel, kernel, Kernel
cpu, 1008, 125, 19, 1235, kernel, kernel, Compass Device (e.g. akmd)
cpu, 1017, 124, 1, 0, kernel, kernel, sys_1017
cpu, 1002, 122, 1, 2, kernel, kernel, Bluetooth Subsystem
cpu, 1013, 121, 60, 17, kernel, kernel, Media Server
cpu, 0, 120, 447, 95, kernel, kernel, Kernel
cpu, 1001, 119, 1, 9, kernel, kernel, Radio Subsystem
cpu, 0, 117, 2, 0, kernel, kernel, Kernel
cpu, 0, 116, 0, 3, kernel, kernel, Kernel
cpu, 1000, 115, 0, 5, kernel, kernel, System
cpu, 0, 66, 6, 0, kernel, kernel, Kernel
cpu, 0, 65, 29, 0, kernel, kernel, Kernel
cpu, 0, 63, 3, 0, kernel, kernel, Kernel
cpu, 0, 62, 0, 65, kernel, kernel, Kernel
cpu, 0, 61, 0, 37, kernel, kernel, Kernel
cpu, 0, 51, 0, 11, kernel, kernel, Kernel
cpu, 0, 50, 0, 85, kernel, kernel, Kernel
cpu, 0, 34, 6, 0, kernel, kernel, Kernel
cpu, 0, 15, 1, 0, kernel, kernel, Kernel
cpu, 0, 13, 73, 40, kernel, kernel, Kernel
cpu, 0, 12, 0, 1, kernel, kernel, Kernel
cpu, 0, 9, 2, 0, kernel, kernel, Kernel
cpu, 0, 8, 0, 96, kernel, kernel, Kernel
cpu, 0, 5, 0, 326, kernel, kernel, Kernel
cpu, 0, 3, 0, 6, kernel, kernel, Kernel
cpu, 0, 1, 7, 172, kernel, kernel, Kernel
network_total, 0, 0, 0, 0
network, 10047, -1, -1
network, 10014, -1, -1
network, 10044, -1, -1
network, 10009, -1, -1
network, 10040, -1, -1
network, 10036, -1, -1
network, 10000, -1, -1
network, 10033, -1, -1
network, 10032, -1, -1
network, 10030, -1, -1
network, 1001, -1, -1
network, 1000, -1, -1
network, 10026, -1, -1
network, 10048, -1, -1
network, 10022, -1, -1
network, 10020, -1, -1
network, 10051, -1, -1
network, 10016, -1, -1
network, 10017, -1, -1
mobile_total, 0, 0
begin, 1646905, 761193
display, 10051, 1, 0.00392156862745098, PowerModelTest
cpu_freq, 0.79310346
cpu_total, 5475, 6487, 2834, 61250, 40, 0, 4, 0, 0, 0
cpu, 10022, 248, 26, 7, service, 200, Android keyboard
cpu, 1001, 256, 36, 16, service, 100, Radio Subsystem
cpu, 1000, 164, 2355, 1136, service, 100, System
cpu, 10051, 490, 6547, 61, app, 100, PowerModelTest
cpu, 10000, 259, 541, 93, app, 400, Contacts
cpu, 10048, 415, 759, 292, service, 200, PowerTutor
cpu, 10044, 422, 535, 124, app, 400, SetCPU
cpu, 10036, 470, 28, 5, app, 400, Superuser
cpu, 10016, 311, 30, 20, app, 400, DRM Protected Content Storage
cpu, 10020, 451, 18, 6, app, 400, Gallery
cpu, 1000, 444, 13, 6, app, 400, System
cpu, 10040, 394, 2, 3, app, 400, Voice Dialer
cpu, 10032, 437, 5, 3, app, 400, Search
cpu, 10047, 401, 38, 13, app, 400, Dropbox
cpu, 10030, 429, 4, 4, app, 400, Home screen tips
cpu, 10033, 381, 231, 33, app, 400, ROM Manager
cpu, 10026, 361, 7, 7, app, 100, Messaging
cpu, 10017, 350, 10, 5, app, 400, Email
cpu, 10014, 341, 5, 3, app, 400, Clock
cpu, 10009, 328, 5, 6, app, 400, Calendar Storage
cpu, 0, 128, 0, 1, kernel, kernel, Kernel
cpu, 1008, 125, 19, 1236, kernel, kernel, Compass Device (e.g. akmd)
cpu, 1017, 124, 1, 0, kernel, kernel, sys_1017
cpu, 1002, 122, 1, 2, kernel, kernel, Bluetooth Subsystem
cpu, 1013, 121, 60, 17, kernel, kernel, Media Server
cpu, 0, 120, 447, 95, kernel, kernel, Kernel
cpu, 1001, 119, 1, 9, kernel, kernel, Radio Subsystem
cpu, 0, 117, 2, 0, kernel, kernel, Kernel
cpu, 0, 116, 0, 3, kernel, kernel, Kernel
cpu, 1000, 115, 0, 5, kernel, kernel, System
cpu, 0, 66, 6, 0, kernel, kernel, Kernel
cpu, 0, 65, 29, 0, kernel, kernel, Kernel
cpu, 0, 63, 3, 0, kernel, kernel, Kernel
cpu, 0, 62, 0, 65, kernel, kernel, Kernel
cpu, 0, 61, 0, 37, kernel, kernel, Kernel
cpu, 0, 51, 0, 11, kernel, kernel, Kernel
cpu, 0, 50, 0, 85, kernel, kernel, Kernel
cpu, 0, 34, 6, 0, kernel, kernel, Kernel
cpu, 0, 15, 1, 0, kernel, kernel, Kernel
cpu, 0, 13, 73, 41, kernel, kernel, Kernel
cpu, 0, 12, 0, 1, kernel, kernel, Kernel
cpu, 0, 9, 2, 0, kernel, kernel, Kernel
cpu, 0, 8, 0, 96, kernel, kernel, Kernel
cpu, 0, 5, 0, 333, kernel, kernel, Kernel
cpu, 0, 3, 0, 6, kernel, kernel, Kernel
cpu, 0, 1, 7, 172, kernel, kernel, Kernel
network_total, 0, 0, 0, 0
network, 10047, -1, -1
network, 10014, -1, -1
network, 10044, -1, -1
network, 10009, -1, -1
network, 10040, -1, -1
network, 10036, -1, -1
network, 10000, -1, -1
network, 10033, -1, -1
network, 10032, -1, -1
network, 10030, -1, -1
network, 1001, -1, -1
network, 1000, -1, -1
network, 10026, -1, -1
network, 10048, -1, -1
network, 10022, -1, -1
network, 10020, -1, -1
network, 10051, -1, -1
network, 10016, -1, -1
network, 10017, -1, -1
mobile_total, 0, 0
begin, 1647386, 761674
display, 10051, 1, 0.00392156862745098, PowerModelTest
cpu_freq, 0.79310346
cpu_total, 5490, 6487, 2845, 61274, 40, 0, 4, 0, 0, 0
cpu, 10022, 248, 26, 7, service, 200, Android keyboard
cpu, 1001, 256, 36, 17, service, 100, Radio Subsystem
cpu, 1000, 164, 2364, 1143, service, 100, System
cpu, 10051, 490, 6547, 61, app, 100, PowerModelTest
cpu, 10000, 259, 541, 93, app, 400, Contacts
cpu, 10048, 415, 762, 296, service, 200, PowerTutor
cpu, 10044, 422, 535, 124, app, 400, SetCPU
cpu, 10036, 470, 28, 5, app, 400, Superuser
cpu, 10016, 311, 30, 20, app, 400, DRM Protected Content Storage
cpu, 10020, 451, 18, 6, app, 400, Gallery
cpu, 1000, 444, 13, 6, app, 400, System
cpu, 10040, 394, 2, 3, app, 400, Voice Dialer
cpu, 10032, 437, 5, 3, app, 400, Search
cpu, 10047, 401, 38, 13, app, 400, Dropbox
cpu, 10030, 429, 4, 4, app, 400, Home screen tips
cpu, 10033, 381, 231, 33, app, 400, ROM Manager
cpu, 10026, 361, 7, 7, app, 100, Messaging
cpu, 10017, 350, 10, 5, app, 400, Email
cpu, 10014, 341, 5, 3, app, 400, Clock
cpu, 10009, 328, 5, 6, app, 400, Calendar Storage
cpu, 0, 128, 0, 1, kernel, kernel, Kernel
cpu, 1008, 125, 19, 1237, kernel, kernel, Compass Device (e.g. akmd)
cpu, 1017, 124, 1, 0, kernel, kernel, sys_1017
cpu, 1002, 122, 1, 2, kernel, kernel, Bluetooth Subsystem
cpu, 1013, 121, 60, 17, kernel, kernel, Media Server
cpu, 0, 120, 447, 95, kernel, kernel, Kernel
cpu, 1001, 119, 1, 9, kernel, kernel, Radio Subsystem
cpu, 0, 117, 2, 0, kernel, kernel, Kernel
cpu, 0, 116, 0, 3, kernel, kernel, Kernel
cpu, 1000, 115, 0, 5, kernel, kernel, System
cpu, 0, 66, 6, 0, kernel, kernel, Kernel
cpu, 0, 65, 29, 0, kernel, kernel, Kernel
cpu, 0, 63, 3, 0, kernel, kernel, Kernel
cpu, 0, 62, 0, 65, kernel, kernel, Kernel
cpu, 0, 61, 0, 37, kernel, kernel, Kernel
cpu, 0, 51, 0, 11, kernel, kernel, Kernel
cpu, 0, 50, 0, 85, kernel, kernel, Kernel
cpu, 0, 34, 6, 0, kernel, kernel, Kernel
cpu, 0, 15, 1, 0, kernel, kernel, Kernel
cpu, 0, 13, 73, 41, kernel, kernel, Kernel
cpu, 0, 12, 0, 1, kernel, kernel, Kernel
cpu, 0, 9, 2, 0, kernel, kernel, Kernel
cpu, 0, 8, 0, 96, kernel, kernel, Kernel
cpu, 0, 5, 0, 333, kernel, kernel, Kernel
cpu, 0, 3, 0, 6, kernel, kernel, Kernel
cpu, 0, 1, 7, 172, kernel, kernel, Kernel
network_total, 0, 0, 0, 0
network, 10047, -1, -1
network, 10014, -1, -1
network, 10044, -1, -1
network, 10009, -1, -1
network, 10040, -1, -1
network, 10036, -1, -1
network, 10000, -1, -1
network, 10033, -1, -1
network, 10032, -1, -1
network, 10030, -1, -1
network, 1001, -1, -1
network, 1000, -1, -1
network, 10026, -1, -1
network, 10048, -1, -1
network, 10022, -1, -1
network, 10020, -1, -1
network, 10051, -1, -1
network, 10016, -1, -1
network, 10017, -1, -1
mobile_total, 0, 0
begin, 1647896, 762184
display, 10051, 1, 0.00392156862745098, PowerModelTest
cpu_freq, 0.79310346
cpu_total, 5510, 6487, 2852, 61298, 40, 0, 4, 0, 0, 0
cpu, 10022, 248, 26, 7, service, 200, Android keyboard
cpu, 1001, 256, 36, 17, service, 100, Radio Subsystem
cpu, 1000, 164, 2368, 1146, service, 100, System
cpu, 10051, 490, 6553, 62, app, 100, PowerModelTest
cpu, 10000, 259, 541, 93, app, 400, Contacts
cpu, 10048, 415, 770, 300, service, 200, PowerTutor
cpu, 10044, 422, 535, 124, app, 400, SetCPU
cpu, 10036, 470, 28, 5, app, 400, Superuser
cpu, 10016, 311, 30, 20, app, 400, DRM Protected Content Storage
cpu, 10020, 451, 18, 6, app, 400, Gallery
cpu, 1000, 444, 13, 6, app, 400, System
cpu, 10040, 394, 2, 3, app, 400, Voice Dialer
cpu, 10032, 437, 5, 3, app, 400, Search
cpu, 10047, 401, 38, 13, app, 400, Dropbox
cpu, 10030, 429, 4, 4, app, 400, Home screen tips
cpu, 10033, 381, 231, 33, app, 400, ROM Manager
cpu, 10026, 361, 7, 7, app, 100, Messaging
cpu, 10017, 350, 10, 5, app, 400, Email
cpu, 10014, 341, 5, 3, app, 400, Clock
cpu, 10009, 328, 5, 6, app, 400, Calendar Storage
cpu, 0, 128, 0, 1, kernel, kernel, Kernel
cpu, 1008, 125, 19, 1238, kernel, kernel, Compass Device (e.g. akmd)
cpu, 1017, 124, 1, 0, kernel, kernel, sys_1017
cpu, 1002, 122, 1, 2, kernel, kernel, Bluetooth Subsystem
cpu, 1013, 121, 60, 17, kernel, kernel, Media Server
cpu, 0, 120, 447, 95, kernel, kernel, Kernel
cpu, 1001, 119, 1, 9, kernel, kernel, Radio Subsystem
cpu, 0, 117, 2, 0, kernel, kernel, Kernel
cpu, 0, 116, 0, 3, kernel, kernel, Kernel
cpu, 1000, 115, 0, 5, kernel, kernel, System
cpu, 0, 66, 6, 0, kernel, kernel, Kernel
cpu, 0, 65, 29, 0, kernel, kernel, Kernel
cpu, 0, 63, 3, 0, kernel, kernel, Kernel
cpu, 0, 62, 0, 65, kernel, kernel, Kernel
cpu, 0, 61, 0, 37, kernel, kernel, Kernel
cpu, 0, 51, 0, 11, kernel, kernel, Kernel
cpu, 0, 50, 0, 85, kernel, kernel, Kernel
cpu, 0, 34, 6, 0, kernel, kernel, Kernel
cpu, 0, 15, 1, 0, kernel, kernel, Kernel
cpu, 0, 13, 73, 41, kernel, kernel, Kernel
cpu, 0, 12, 0, 1, kernel, kernel, Kernel
cpu, 0, 9, 2, 0, kernel, kernel, Kernel
cpu, 0, 8, 0, 96, kernel, kernel, Kernel
cpu, 0, 5, 0, 333, kernel, kernel, Kernel
cpu, 0, 3, 0, 6, kernel, kernel, Kernel
cpu, 0, 1, 7, 172, kernel, kernel, Kernel
network_total, 0, 0, 0, 0
network, 10047, -1, -1
network, 10014, -1, -1
network, 10044, -1, -1
network, 10009, -1, -1
network, 10040, -1, -1
network, 10036, -1, -1
network, 10000, -1, -1
network, 10033, -1, -1
network, 10032, -1, -1
network, 10030, -1, -1
network, 1001, -1, -1
network, 1000, -1, -1
network, 10026, -1, -1
network, 10048, -1, -1
network, 10022, -1, -1
network, 10020, -1, -1
network, 10051, -1, -1
network, 10016, -1, -1
network, 10017, -1, -1
mobile_total, 0, 0
begin, 1648407, 762694
display, 10051, 1, 0.00392156862745098, PowerModelTest
cpu_freq, 0.79310346
cpu_total, 5517, 6487, 2859, 61335, 40, 0, 4, 0, 0, 0
cpu, 10022, 248, 26, 7, service, 200, Android keyboard
cpu, 1001, 256, 36, 17, service, 100, Radio Subsystem
cpu, 1000, 164, 2369, 1148, service, 100, System
cpu, 10051, 490, 6553, 62, app, 100, PowerModelTest
cpu, 10000, 259, 541, 93, app, 400, Contacts
cpu, 10048, 415, 776, 302, service, 200, PowerTutor
cpu, 10044, 422, 535, 124, app, 400, SetCPU
cpu, 10036, 470, 28, 5, app, 400, Superuser
cpu, 10016, 311, 30, 20, app, 400, DRM Protected Content Storage
cpu, 10020, 451, 18, 6, app, 400, Gallery
cpu, 1000, 444, 13, 6, app, 400, System
cpu, 10040, 394, 2, 3, app, 400, Voice Dialer
cpu, 10032, 437, 5, 3, app, 400, Search
cpu, 10047, 401, 38, 13, app, 400, Dropbox
cpu, 10030, 429, 4, 4, app, 400, Home screen tips
cpu, 10033, 381, 231, 33, app, 400, ROM Manager
cpu, 10026, 361, 7, 7, app, 100, Messaging
cpu, 10017, 350, 10, 5, app, 400, Email
cpu, 10014, 341, 5, 3, app, 400, Clock
cpu, 10009, 328, 5, 6, app, 400, Calendar Storage
cpu, 0, 128, 0, 1, kernel, kernel, Kernel
cpu, 1008, 125, 19, 1239, kernel, kernel, Compass Device (e.g. akmd)
cpu, 1017, 124, 1, 0, kernel, kernel, sys_1017
cpu, 1002, 122, 1, 2, kernel, kernel, Bluetooth Subsystem
cpu, 1013, 121, 60, 17, kernel, kernel, Media Server
cpu, 0, 120, 447, 95, kernel, kernel, Kernel
cpu, 1001, 119, 1, 9, kernel, kernel, Radio Subsystem
cpu, 0, 117, 2, 0, kernel, kernel, Kernel
cpu, 0, 116, 0, 3, kernel, kernel, Kernel
cpu, 1000, 115, 0, 5, kernel, kernel, System
cpu, 0, 66, 6, 0, kernel, kernel, Kernel
cpu, 0, 65, 30, 0, kernel, kernel, Kernel
cpu, 0, 63, 3, 0, kernel, kernel, Kernel
cpu, 0, 62, 0, 65, kernel, kernel, Kernel
cpu, 0, 61, 0, 37, kernel, kernel, Kernel
cpu, 0, 51, 0, 11, kernel, kernel, Kernel
cpu, 0, 50, 0, 85, kernel, kernel, Kernel
cpu, 0, 34, 6, 0, kernel, kernel, Kernel
cpu, 0, 15, 1, 0, kernel, kernel, Kernel
cpu, 0, 13, 73, 41, kernel, kernel, Kernel
cpu, 0, 12, 0, 1, kernel, kernel, Kernel
cpu, 0, 9, 2, 0, kernel, kernel, Kernel
cpu, 0, 8, 0, 96, kernel, kernel, Kernel
cpu, 0, 5, 0, 333, kernel, kernel, Kernel
cpu, 0, 3, 0, 6, kernel, kernel, Kernel
cpu, 0, 1, 7, 172, kernel, kernel, Kernel
network_total, 0, 0, 0, 0
network, 10047, -1, -1
network, 10014, -1, -1
network, 10044, -1, -1
network, 10009, -1, -1
network, 10040, -1, -1
network, 10036, -1, -1
network, 10000, -1, -1
network, 10033, -1, -1
network, 10032, -1, -1
network, 10030, -1, -1
network, 1001, -1, -1
network, 1000, -1, -1
network, 10026, -1, -1
network, 10048, -1, -1
network, 10022, -1, -1
network, 10020, -1, -1
network, 10051, -1, -1
network, 10016, -1, -1
network, 10017, -1, -1
mobile_total, 0, 0
begin, 1648887, 763175
display, 10051, 1, 0.00392156862745098, PowerModelTest
cpu_freq, 0.79310346
cpu_total, 5529, 6487, 2864, 61366, 40, 0, 4, 0, 0, 0
cpu, 10022, 248, 26, 7, service, 200, Android keyboard
cpu, 1001, 256, 36, 17, service, 100, Radio Subsystem
cpu, 1000, 164, 2375, 1150, service, 100, System
cpu, 10051, 490, 6553, 63, app, 100, PowerModelTest
cpu, 10000, 259, 541, 93, app, 400, Contacts
cpu, 10048, 415, 782, 304, service, 200, PowerTutor
cpu, 10044, 422, 535, 124, app, 400, SetCPU
cpu, 10036, 470, 28, 5, app, 400, Superuser
cpu, 10016, 311, 30, 20, app, 400, DRM Protected Content Storage
cpu, 10020, 451, 18, 6, app, 400, Gallery
cpu, 1000, 444, 13, 6, app, 400, System
cpu, 10040, 394, 2, 3, app, 400, Voice Dialer
cpu, 10032, 437, 5, 3, app, 400, Search
cpu, 10047, 401, 38, 13, app, 400, Dropbox
cpu, 10030, 429, 4, 4, app, 400, Home screen tips
cpu, 10033, 381, 231, 33, app, 400, ROM Manager
cpu, 10026, 361, 7, 7, app, 100, Messaging
cpu, 10017, 350, 10, 5, app, 400, Email
cpu, 10014, 341, 5, 3, app, 400, Clock
cpu, 10009, 328, 5, 6, app, 400, Calendar Storage
cpu, 0, 128, 0, 1, kernel, kernel, Kernel
cpu, 1008, 125, 19, 1239, kernel, kernel, Compass Device (e.g. akmd)
cpu, 1017, 124, 1, 0, kernel, kernel, sys_1017
cpu, 1002, 122, 1, 2, kernel, kernel, Bluetooth Subsystem
cpu, 1013, 121, 60, 17, kernel, kernel, Media Server
cpu, 0, 120, 447, 95, kernel, kernel, Kernel
cpu, 1001, 119, 1, 9, kernel, kernel, Radio Subsystem
cpu, 0, 117, 2, 0, kernel, kernel, Kernel
cpu, 0, 116, 0, 3, kernel, kernel, Kernel
cpu, 1000, 115, 0, 5, kernel, kernel, System
cpu, 0, 66, 6, 0, kernel, kernel, Kernel
cpu, 0, 65, 30, 0, kernel, kernel, Kernel
cpu, 0, 63, 3, 0, kernel, kernel, Kernel
cpu, 0, 62, 0, 65, kernel, kernel, Kernel
cpu, 0, 61, 0, 37, kernel, kernel, Kernel
cpu, 0, 51, 0, 11, kernel, kernel, Kernel
cpu, 0, 50, 0, 86, kernel, kernel, Kernel
cpu, 0, 34, 6, 0, kernel, kernel, Kernel
cpu, 0, 15, 1, 0, kernel, kernel, Kernel
cpu, 0, 13, 73, 42, kernel, kernel, Kernel
cpu, 0, 12, 0, 1, kernel, kernel, Kernel
cpu, 0, 9, 2, 0, kernel, kernel, Kernel
cpu, 0, 8, 0, 96, kernel, kernel, Kernel
cpu, 0, 5, 0, 333, kernel, kernel, Kernel
cpu, 0, 3, 0, 6, kernel, kernel, Kernel
cpu, 0, 1, 7, 172, kernel, kernel, Kernel
network_total, 0, 0, 0, 0
network, 10047, -1, -1
network, 10014, -1, -1
network, 10044, -1, -1
network, 10009, -1, -1
network, 10040, -1, -1
network, 10036, -1, -1
network, 10000, -1, -1
network, 10033, -1, -1
network, 10032, -1, -1
network, 10030, -1, -1
network, 1001, -1, -1
network, 1000, -1, -1
network, 10026, -1, -1
network, 10048, -1, -1
network, 10022, -1, -1
network, 10020, -1, -1
network, 10051, -1, -1
network, 10016, -1, -1
network, 10017, -1, -1
mobile_total, 0, 0
begin, 1649396, 763684
display, 10000, 1, 0.00392156862745098, Contacts
cpu_freq, 0.79310346
cpu_total, 5550, 6487, 2875, 61384, 40, 0, 4, 0, 0, 0
cpu, 10022, 248, 26, 7, service, 200, Android keyboard
cpu, 1001, 256, 36, 17, service, 100, Radio Subsystem
cpu, 1000, 164, 2383, 1157, service, 100, System
cpu, 10000, 259, 545, 93, app, 100, Contacts
cpu, 10051, 490, 6556, 64, app, 400, PowerModelTest
cpu, 10048, 415, 786, 308, service, 200, PowerTutor
cpu, 10044, 422, 535, 124, app, 400, SetCPU
cpu, 10036, 470, 28, 5, app, 400, Superuser
cpu, 10016, 311, 30, 20, app, 400, DRM Protected Content Storage
cpu, 10020, 451, 18, 6, app, 400, Gallery
cpu, 1000, 444, 13, 6, app, 400, System
cpu, 10040, 394, 2, 3, app, 400, Voice Dialer
cpu, 10032, 437, 5, 3, app, 400, Search
cpu, 10047, 401, 38, 13, app, 400, Dropbox
cpu, 10030, 429, 4, 4, app, 400, Home screen tips
cpu, 10033, 381, 231, 33, app, 400, ROM Manager
cpu, 10026, 361, 7, 7, app, 100, Messaging
cpu, 10017, 350, 10, 5, app, 400, Email
cpu, 10014, 341, 5, 3, app, 400, Clock
cpu, 10009, 328, 5, 6, app, 400, Calendar Storage
cpu, 0, 128, 0, 1, kernel, kernel, Kernel
cpu, 1008, 125, 19, 1240, kernel, kernel, Compass Device (e.g. akmd)
cpu, 1017, 124, 1, 0, kernel, kernel, sys_1017
cpu, 1002, 122, 1, 2, kernel, kernel, Bluetooth Subsystem
cpu, 1013, 121, 60, 17, kernel, kernel, Media Server
cpu, 0, 120, 447, 95, kernel, kernel, Kernel
cpu, 1001, 119, 1, 9, kernel, kernel, Radio Subsystem
cpu, 0, 117, 2, 0, kernel, kernel, Kernel
cpu, 0, 116, 0, 3, kernel, kernel, Kernel
cpu, 1000, 115, 0, 5, kernel, kernel, System
cpu, 0, 66, 6, 0, kernel, kernel, Kernel
cpu, 0, 65, 30, 0, kernel, kernel, Kernel
cpu, 0, 63, 3, 0, kernel, kernel, Kernel
cpu, 0, 62, 0, 65, kernel, kernel, Kernel
cpu, 0, 61, 0, 37, kernel, kernel, Kernel
cpu, 0, 51, 0, 11, kernel, kernel, Kernel
cpu, 0, 50, 0, 87, kernel, kernel, Kernel
cpu, 0, 34, 6, 0, kernel, kernel, Kernel
cpu, 0, 15, 1, 0, kernel, kernel, Kernel
cpu, 0, 13, 73, 42, kernel, kernel, Kernel
cpu, 0, 12, 0, 1, kernel, kernel, Kernel
cpu, 0, 9, 2, 0, kernel, kernel, Kernel
cpu, 0, 8, 0, 96, kernel, kernel, Kernel
cpu, 0, 5, 0, 333, kernel, kernel, Kernel
cpu, 0, 3, 0, 7, kernel, kernel, Kernel
cpu, 0, 1, 7, 172, kernel, kernel, Kernel
network_total, 0, 0, 0, 0
network, 10047, -1, -1
network, 10014, -1, -1
network, 10044, -1, -1
network, 10009, -1, -1
network, 10040, -1, -1
network, 10036, -1, -1
network, 10000, -1, -1
network, 10033, -1, -1
network, 10032, -1, -1
network, 10030, -1, -1
network, 1001, -1, -1
network, 1000, -1, -1
network, 10026, -1, -1
network, 10048, -1, -1
network, 10022, -1, -1
network, 10020, -1, -1
network, 10051, -1, -1
network, 10016, -1, -1
network, 10017, -1, -1
mobile_total, 0, 0
begin, 1649887, 764174
display, 10000, 1, 0.00392156862745098, Contacts
cpu_freq, 0.79310346
cpu_total, 5563, 6487, 2887, 61409, 40, 0, 4, 0, 0, 0
cpu, 10022, 248, 26, 7, service, 200, Android keyboard
cpu, 1001, 256, 36, 17, service, 100, Radio Subsystem
cpu, 1000, 164, 2386, 1159, service, 100, System
cpu, 10000, 259, 545, 93, app, 100, Contacts
cpu, 10051, 490, 6557, 64, app, 400, PowerModelTest
cpu, 10048, 415, 796, 310, service, 200, PowerTutor
cpu, 10044, 422, 535, 124, app, 400, SetCPU
cpu, 10036, 470, 28, 5, app, 400, Superuser
cpu, 10016, 311, 30, 20, app, 400, DRM Protected Content Storage
cpu, 10020, 451, 18, 6, app, 400, Gallery
cpu, 1000, 444, 13, 6, app, 400, System
cpu, 10040, 394, 2, 3, app, 400, Voice Dialer
cpu, 10032, 437, 5, 3, app, 400, Search
cpu, 10047, 401, 38, 13, app, 400, Dropbox
cpu, 10030, 429, 4, 4, app, 400, Home screen tips
cpu, 10033, 381, 231, 33, app, 400, ROM Manager
cpu, 10026, 361, 7, 7, app, 100, Messaging
cpu, 10017, 350, 10, 5, app, 400, Email
cpu, 10014, 341, 5, 3, app, 400, Clock
cpu, 10009, 328, 5, 6, app, 400, Calendar Storage
cpu, 0, 128, 0, 1, kernel, kernel, Kernel
cpu, 1008, 125, 19, 1241, kernel, kernel, Compass Device (e.g. akmd)
cpu, 1017, 124, 1, 0, kernel, kernel, sys_1017
cpu, 1002, 122, 1, 2, kernel, kernel, Bluetooth Subsystem
cpu, 1013, 121, 60, 17, kernel, kernel, Media Server
cpu, 0, 120, 447, 95, kernel, kernel, Kernel
cpu, 1001, 119, 1, 9, kernel, kernel, Radio Subsystem
cpu, 0, 117, 2, 0, kernel, kernel, Kernel
cpu, 0, 116, 0, 3, kernel, kernel, Kernel
cpu, 1000, 115, 0, 5, kernel, kernel, System
cpu, 0, 66, 6, 0, kernel, kernel, Kernel
cpu, 0, 65, 30, 0, kernel, kernel, Kernel
cpu, 0, 63, 3, 0, kernel, kernel, Kernel
cpu, 0, 62, 0, 65, kernel, kernel, Kernel
cpu, 0, 61, 0, 37, kernel, kernel, Kernel
cpu, 0, 51, 0, 11, kernel, kernel, Kernel
cpu, 0, 50, 0, 87, kernel, kernel, Kernel
cpu, 0, 34, 6, 0, kernel, kernel, Kernel
cpu, 0, 15, 1, 0, kernel, kernel, Kernel
cpu, 0, 13, 73, 42, kernel, kernel, Kernel
cpu, 0, 12, 0, 1, kernel, kernel, Kernel
cpu, 0, 9, 2, 0, kernel, kernel, Kernel
cpu, 0, 8, 0, 96, kernel, kernel, Kernel
cpu, 0, 5, 0, 340, kernel, kernel, Kernel
cpu, 0, 3, 0, 7, kernel, kernel, Kernel
cpu, 0, 1, 7, 172, kernel, kernel, Kernel
network_total, 0, 0, 0, 0
network, 10047, -1, -1
network, 10014, -1, -1
network, 10044, -1, -1
network, 10009, -1, -1
network, 10040, -1, -1
network, 10036, -1, -1
network, 10000, -1, -1
network, 10033, -1, -1
network, 10032, -1, -1
network, 10030, -1, -1
network, 1001, -1, -1
network, 1000, -1, -1
network, 10026, -1, -1
network, 10048, -1, -1
network, 10022, -1, -1
network, 10020, -1, -1
network, 10051, -1, -1
network, 10016, -1, -1
network, 10017, -1, -1
mobile_total, 0, 0
begin, 1650409, 764697
display, 10048, 1, 0.00392156862745098, PowerTutor
cpu_freq, 0.79310346
cpu_total, 5588, 6487, 2895, 61427, 40, 0, 4, 0, 0, 0
cpu, 10022, 248, 26, 7, service, 200, Android keyboard
cpu, 1001, 256, 36, 17, service, 100, Radio Subsystem
cpu, 1000, 164, 2395, 1163, service, 100, System
cpu, 10048, 415, 806, 314, service, 100, PowerTutor
cpu, 10000, 259, 550, 93, app, 400, Contacts
cpu, 10051, 490, 6557, 64, app, 400, PowerModelTest
cpu, 10044, 422, 535, 124, app, 400, SetCPU
cpu, 10036, 470, 28, 5, app, 400, Superuser
cpu, 10016, 311, 30, 20, app, 400, DRM Protected Content Storage
cpu, 10020, 451, 18, 6, app, 400, Gallery
cpu, 1000, 444, 13, 6, app, 400, System
cpu, 10040, 394, 2, 3, app, 400, Voice Dialer
cpu, 10032, 437, 5, 3, app, 400, Search
cpu, 10047, 401, 38, 13, app, 400, Dropbox
cpu, 10030, 429, 4, 4, app, 400, Home screen tips
cpu, 10033, 381, 231, 33, app, 400, ROM Manager
cpu, 10026, 361, 7, 7, app, 100, Messaging
cpu, 10017, 350, 10, 5, app, 400, Email
cpu, 10014, 341, 5, 3, app, 400, Clock
cpu, 10009, 328, 5, 6, app, 400, Calendar Storage
cpu, 0, 128, 0, 1, kernel, kernel, Kernel
cpu, 1008, 125, 19, 1242, kernel, kernel, Compass Device (e.g. akmd)
cpu, 1017, 124, 1, 0, kernel, kernel, sys_1017
cpu, 1002, 122, 1, 2, kernel, kernel, Bluetooth Subsystem
cpu, 1013, 121, 60, 17, kernel, kernel, Media Server
cpu, 0, 120, 447, 95, kernel, kernel, Kernel
cpu, 1001, 119, 1, 9, kernel, kernel, Radio Subsystem
cpu, 0, 117, 2, 0, kernel, kernel, Kernel
cpu, 0, 116, 0, 3, kernel, kernel, Kernel
cpu, 1000, 115, 0, 5, kernel, kernel, System
cpu, 0, 66, 6, 0, kernel, kernel, Kernel
cpu, 0, 65, 30, 0, kernel, kernel, Kernel
cpu, 0, 63, 3, 0, kernel, kernel, Kernel
cpu, 0, 62, 0, 65, kernel, kernel, Kernel
cpu, 0, 61, 0, 37, kernel, kernel, Kernel
cpu, 0, 51, 0, 11, kernel, kernel, Kernel
cpu, 0, 50, 0, 87, kernel, kernel, Kernel
cpu, 0, 34, 6, 0, kernel, kernel, Kernel
cpu, 0, 15, 1, 0, kernel, kernel, Kernel
cpu, 0, 13, 73, 43, kernel, kernel, Kernel
cpu, 0, 12, 0, 1, kernel, kernel, Kernel
cpu, 0, 9, 2, 0, kernel, kernel, Kernel
cpu, 0, 8, 0, 96, kernel, kernel, Kernel
cpu, 0, 5, 0, 340, kernel, kernel, Kernel
cpu, 0, 3, 0, 7, kernel, kernel, Kernel
cpu, 0, 1, 7, 172, kernel, kernel, Kernel
network_total, 0, 0, 0, 0
network, 10047, -1, -1
network, 10014, -1, -1
network, 10044, -1, -1
network, 10009, -1, -1
network, 10040, -1, -1
network, 10036, -1, -1
network, 10000, -1, -1
network, 10033, -1, -1
network, 10032, -1, -1
network, 10030, -1, -1
network, 1001, -1, -1
network, 1000, -1, -1
network, 10026, -1, -1
network, 10048, -1, -1
network, 10022, -1, -1
network, 10020, -1, -1
network, 10051, -1, -1
network, 10016, -1, -1
network, 10017, -1, -1
mobile_total, 0, 0
begin, 1650900, 765187
display, 10048, 1, 0.00392156862745098, PowerTutor
cpu_freq, 0.79310346
cpu_total, 5607, 6487, 2904, 61455, 40, 0, 4, 0, 0, 0
cpu, 10022, 248, 26, 7, service, 200, Android keyboard
cpu, 1001, 256, 37, 17, service, 100, Radio Subsystem
cpu, 1000, 164, 2406, 1167, service, 100, System
cpu, 10048, 415, 810, 319, service, 100, PowerTutor
cpu, 10000, 259, 550, 93, app, 400, Contacts
cpu, 10051, 490, 6557, 64, app, 400, PowerModelTest
cpu, 10044, 422, 535, 124, app, 400, SetCPU
cpu, 10036, 470, 28, 5, app, 400, Superuser
cpu, 10016, 311, 30, 20, app, 400, DRM Protected Content Storage
cpu, 10020, 451, 18, 6, app, 400, Gallery
cpu, 1000, 444, 13, 6, app, 400, System
cpu, 10040, 394, 2, 3, app, 400, Voice Dialer
cpu, 10032, 437, 5, 3, app, 400, Search
cpu, 10047, 401, 38, 13, app, 400, Dropbox
cpu, 10030, 429, 4, 4, app, 400, Home screen tips
cpu, 10033, 381, 231, 33, app, 400, ROM Manager
cpu, 10026, 361, 7, 7, app, 100, Messaging
cpu, 10017, 350, 10, 5, app, 400, Email
cpu, 10014, 341, 5, 3, app, 400, Clock
cpu, 10009, 328, 5, 6, app, 400, Calendar Storage
cpu, 0, 128, 0, 1, kernel, kernel, Kernel
cpu, 1008, 125, 19, 1243, kernel, kernel, Compass Device (e.g. akmd)
cpu, 1017, 124, 1, 0, kernel, kernel, sys_1017
cpu, 1002, 122, 1, 2, kernel, kernel, Bluetooth Subsystem
cpu, 1013, 121, 60, 17, kernel, kernel, Media Server
cpu, 0, 120, 447, 95, kernel, kernel, Kernel
cpu, 1001, 119, 1, 9, kernel, kernel, Radio Subsystem
cpu, 0, 117, 2, 0, kernel, kernel, Kernel
cpu, 0, 116, 0, 3, kernel, kernel, Kernel
cpu, 1000, 115, 0, 5, kernel, kernel, System
cpu, 0, 66, 6, 0, kernel, kernel, Kernel
cpu, 0, 65, 30, 0, kernel, kernel, Kernel
cpu, 0, 63, 3, 0, kernel, kernel, Kernel
cpu, 0, 62, 0, 65, kernel, kernel, Kernel
cpu, 0, 61, 0, 37, kernel, kernel, Kernel
cpu, 0, 51, 0, 11, kernel, kernel, Kernel
cpu, 0, 50, 0, 88, kernel, kernel, Kernel
cpu, 0, 34, 6, 0, kernel, kernel, Kernel
cpu, 0, 15, 1, 0, kernel, kernel, Kernel
cpu, 0, 13, 73, 43, kernel, kernel, Kernel
cpu, 0, 12, 0, 1, kernel, kernel, Kernel
cpu, 0, 9, 2, 0, kernel, kernel, Kernel
cpu, 0, 8, 0, 96, kernel, kernel, Kernel
cpu, 0, 5, 0, 340, kernel, kernel, Kernel
cpu, 0, 3, 0, 7, kernel, kernel, Kernel
cpu, 0, 1, 7, 172, kernel, kernel, Kernel
network_total, 0, 0, 0, 0
network, 10047, -1, -1
network, 10014, -1, -1
network, 10044, -1, -1
network, 10009, -1, -1
network, 10040, -1, -1
network, 10036, -1, -1
network, 10000, -1, -1
network, 10033, -1, -1
network, 10032, -1, -1
network, 10030, -1, -1
network, 1001, -1, -1
network, 1000, -1, -1
network, 10026, -1, -1
network, 10048, -1, -1
network, 10022, -1, -1
network, 10020, -1, -1
network, 10051, -1, -1
network, 10016, -1, -1
network, 10017, -1, -1
mobile_total, 0, 0
begin, 1651400, 765688
display, 10048, 1, 0.00392156862745098, PowerTutor
cpu_freq, 0.79310346
cpu_total, 5615, 6487, 2909, 61485, 40, 0, 4, 0, 0, 0
cpu, 10022, 248, 26, 7, service, 200, Android keyboard
cpu, 1001, 256, 37, 17, service, 100, Radio Subsystem
cpu, 1000, 164, 2407, 1168, service, 100, System
cpu, 10048, 415, 815, 322, service, 100, PowerTutor
cpu, 10000, 259, 552, 94, app, 400, Contacts
cpu, 10051, 490, 6557, 64, app, 400, PowerModelTest
cpu, 10044, 422, 535, 124, app, 400, SetCPU
cpu, 10036, 470, 28, 5, app, 400, Superuser
cpu, 10016, 311, 30, 20, app, 400, DRM Protected Content Storage
cpu, 10020, 451, 18, 6, app, 400, Gallery
cpu, 1000, 444, 13, 6, app, 400, System
cpu, 10040, 394, 2, 3, app, 400, Voice Dialer
cpu, 10032, 437, 5, 3, app, 400, Search
cpu, 10047, 401, 38, 13, app, 400, Dropbox
cpu, 10030, 429, 4, 4, app, 400, Home screen tips
cpu, 10033, 381, 231, 33, app, 400, ROM Manager
cpu, 10026, 361, 7, 7, app, 100, Messaging
cpu, 10017, 350, 10, 5, app, 400, Email
cpu, 10014, 341, 5, 3, app, 400, Clock
cpu, 10009, 328, 5, 6, app, 400, Calendar Storage
cpu, 0, 128, 0, 1, kernel, kernel, Kernel
cpu, 1008, 125, 19, 1243, kernel, kernel, Compass Device (e.g. akmd)
cpu, 1017, 124, 1, 0, kernel, kernel, sys_1017
cpu, 1002, 122, 1, 2, kernel, kernel, Bluetooth Subsystem
cpu, 1013, 121, 60, 17, kernel, kernel, Media Server
cpu, 0, 120, 447, 95, kernel, kernel, Kernel
cpu, 1001, 119, 1, 9, kernel, kernel, Radio Subsystem
cpu, 0, 117, 2, 0, kernel, kernel, Kernel
cpu, 0, 116, 0, 3, kernel, kernel, Kernel
cpu, 1000, 115, 0, 5, kernel, kernel, System
cpu, 0, 66, 6, 0, kernel, kernel, Kernel
cpu, 0, 65, 30, 0, kernel, kernel, Kernel
cpu, 0, 63, 3, 0, kernel, kernel, Kernel
cpu, 0, 62, 0, 65, kernel, kernel, Kernel
cpu, 0, 61, 0, 37, kernel, kernel, Kernel
cpu, 0, 51, 0, 11, kernel, kernel, Kernel
cpu, 0, 50, 0, 88, kernel, kernel, Kernel
cpu, 0, 34, 6, 0, kernel, kernel, Kernel
cpu, 0, 15, 1, 0, kernel, kernel, Kernel
cpu, 0, 13, 73, 43, kernel, kernel, Kernel
cpu, 0, 12, 0, 1, kernel, kernel, Kernel
cpu, 0, 9, 2, 0, kernel, kernel, Kernel
cpu, 0, 8, 0, 96, kernel, kernel, Kernel
cpu, 0, 5, 0, 340, kernel, kernel, Kernel
cpu, 0, 3, 0, 7, kernel, kernel, Kernel
cpu, 0, 1, 7, 172, kernel, kernel, Kernel
network_total, 0, 0, 0, 0
network, 10047, -1, -1
network, 10014, -1, -1
network, 10044, -1, -1
network, 10009, -1, -1
network, 10040, -1, -1
network, 10036, -1, -1
network, 10000, -1, -1
network, 10033, -1, -1
network, 10032, -1, -1
network, 10030, -1, -1
network, 1001, -1, -1
network, 1000, -1, -1
network, 10026, -1, -1
network, 10048, -1, -1
network, 10022, -1, -1
network, 10020, -1, -1
network, 10051, -1, -1
network, 10016, -1, -1
network, 10017, -1, -1
mobile_total, 0, 0
