

164667 + Lcom/example/cwac_test/MainActivity; onCreate
164672 + Landroid/support/v7/app/ActionBarActivity; onCreate
164696 + Landroid/support/v4/app/FragmentActivity; onCreate
164696 - Landroid/support/v4/app/FragmentActivity; onCreate
164705 - Landroid/support/v7/app/ActionBarActivity; onCreate
164913 - Lcom/example/cwac_test/MainActivity; onCreate
164914 + Landroid/support/v4/app/FragmentActivity; onStart
164920 - Landroid/support/v4/app/FragmentActivity; onStart
164921 + Landroid/support/v4/app/FragmentActivity; onResume
164922 - Landroid/support/v4/app/FragmentActivity; onResume
164966 + Lcom/example/cwac_test/MainActivity; onCreateOptionsMenu android.support.v7.internal.view.menu.MenuBuilder@460716c0
164975 - Lcom/example/cwac_test/MainActivity; onCreateOptionsMenu
168960 + Lcom/example/cwac_test/MainActivity$1; onClick android.widget.Button@4605db40
169041 - Lcom/example/cwac_test/MainActivity$1; onClick
170971 + Lcom/example/cwac_test/MainActivity$1; onClick android.widget.Button@4605e440
171101 - Lcom/example/cwac_test/MainActivity$1; onClick
172439 + Lcom/example/cwac_test/MainActivity$1; onClick android.widget.Button@4605ed00
172452 - Lcom/example/cwac_test/MainActivity$1; onClick
174290 + Lcom/example/cwac_test/MainActivity$1; onClick android.widget.Button@4605db40
174325 - Lcom/example/cwac_test/MainActivity$1; onClick
176677 + Lcom/example/cwac_test/MainActivity$1; onClick android.widget.Button@4605ed00
176690 - Lcom/example/cwac_test/MainActivity$1; onClick
181222 + Landroid/support/v4/app/FragmentActivity; onPause
181224 - Landroid/support/v4/app/FragmentActivity; onPause
181689 + Landroid/support/v7/app/ActionBarActivity; onStop
181691 + Landroid/support/v4/app/FragmentActivity; onStop
181693 - Landroid/support/v4/app/FragmentActivity; onStop
181694 + Landroid/support/v7/app/ActionBarActivityDelegateBase; onStop
181698 - Landroid/support/v7/app/ActionBarActivityDelegateBase; onStop
181702 - Landroid/support/v7/app/ActionBarActivity; onStop
181703 + Landroid/support/v4/app/FragmentActivity; onDestroy
181706 - Landroid/support/v4/app/FragmentActivity; onDestroy
184156 + Lcom/example/cwac_test/MainActivity; onCreate
184157 + Landroid/support/v7/app/ActionBarActivity; onCreate
184158 + Landroid/support/v4/app/FragmentActivity; onCreate
184159 - Landroid/support/v4/app/FragmentActivity; onCreate
184161 - Landroid/support/v7/app/ActionBarActivity; onCreate
184230 - Lcom/example/cwac_test/MainActivity; onCreate
184231 + Landroid/support/v4/app/FragmentActivity; onStart
184233 - Landroid/support/v4/app/FragmentActivity; onStart
184234 + Landroid/support/v4/app/FragmentActivity; onResume
184235 - Landroid/support/v4/app/FragmentActivity; onResume
184265 + Lcom/example/cwac_test/MainActivity; onCreateOptionsMenu android.support.v7.internal.view.menu.MenuBuilder@46014e48
184267 - Lcom/example/cwac_test/MainActivity; onCreateOptionsMenu
185763 + Lcom/example/cwac_test/MainActivity$1; onClick android.widget.Button@4604e540
185780 - Lcom/example/cwac_test/MainActivity$1; onClick
190619 + Landroid/support/v4/app/FragmentActivity; onSaveInstanceState
190620 + Landroid/support/v7/internal/widget/ActionBarView; onSaveInstanceState
190621 - Landroid/support/v7/internal/widget/ActionBarView; onSaveInstanceState
190624 - Landroid/support/v4/app/FragmentActivity; onSaveInstanceState
190625 + Landroid/support/v4/app/FragmentActivity; onPause
190626 - Landroid/support/v4/app/FragmentActivity; onPause
191055 + Landroid/support/v7/app/ActionBarActivity; onStop
191070 + Landroid/support/v4/app/FragmentActivity; onStop
191080 - Landroid/support/v4/app/FragmentActivity; onStop
191100 + Landroid/support/v7/app/ActionBarActivityDelegateBase; onStop
191101 - Landroid/support/v7/app/ActionBarActivityDelegateBase; onStop
191102 - Landroid/support/v7/app/ActionBarActivity; onStop
240000 + BootSequence
240001 - BootSequence
242972 + Lcom/example/cwac_test/MainActivity; onCreate
242973 + Landroid/support/v7/app/ActionBarActivity; onCreate
242991 + Landroid/support/v4/app/FragmentActivity; onCreate
242992 - Landroid/support/v4/app/FragmentActivity; onCreate
242999 - Landroid/support/v7/app/ActionBarActivity; onCreate
243176 - Lcom/example/cwac_test/MainActivity; onCreate
243177 + Landroid/support/v4/app/FragmentActivity; onStart
243185 - Landroid/support/v4/app/FragmentActivity; onStart
243186 + Landroid/support/v4/app/FragmentActivity; onResume
243186 - Landroid/support/v4/app/FragmentActivity; onResume
243270 + Lcom/example/cwac_test/MainActivity; onCreateOptionsMenu android.support.v7.internal.view.menu.MenuBuilder@46082110
243290 - Lcom/example/cwac_test/MainActivity; onCreateOptionsMenu
246884 + Lcom/example/cwac_test/MainActivity$1; onClick android.widget.Button@460bbba0
246920 - Lcom/example/cwac_test/MainActivity$1; onClick
249253 + Lcom/example/cwac_test/MainActivity$1; onClick android.widget.Button@4601af38
249313 - Lcom/example/cwac_test/MainActivity$1; onClick
252463 + Lcom/example/cwac_test/MainActivity$1; onClick android.widget.Button@460b5ab8
252479 - Lcom/example/cwac_test/MainActivity$1; onClick
256084 + Lcom/example/cwac_test/MainActivity$1; onClick android.widget.Button@4601af38
256115 - Lcom/example/cwac_test/MainActivity$1; onClick
258757 + Lcom/example/cwac_test/MainActivity$1; onClick android.widget.Button@460b5ab8
258777 - Lcom/example/cwac_test/MainActivity$1; onClick
261651 + Landroid/support/v4/app/FragmentActivity; onSaveInstanceState
261654 + Landroid/support/v7/internal/widget/ActionBarView; onSaveInstanceState
261666 - Landroid/support/v7/internal/widget/ActionBarView; onSaveInstanceState
261669 - Landroid/support/v4/app/FragmentActivity; onSaveInstanceState
261673 + Landroid/support/v4/app/FragmentActivity; onPause
261677 - Landroid/support/v4/app/FragmentActivity; onPause
262143 + Landroid/support/v7/app/ActionBarActivity; onStop
262145 + Landroid/support/v4/app/FragmentActivity; onStop
262148 - Landroid/support/v4/app/FragmentActivity; onStop
262153 + Landroid/support/v7/app/ActionBarActivityDelegateBase; onStop
262155 - Landroid/support/v7/app/ActionBarActivityDelegateBase; onStop
262158 - Landroid/support/v7/app/ActionBarActivity; onStop
265349 + Landroid/support/v4/app/FragmentActivity; onStart
265350 - Landroid/support/v4/app/FragmentActivity; onStart
265350 + Landroid/support/v4/app/FragmentActivity; onResume
265350 - Landroid/support/v4/app/FragmentActivity; onResume
266905 + Lcom/example/cwac_test/MainActivity$1; onClick android.widget.Button@460bbba0
266928 - Lcom/example/cwac_test/MainActivity$1; onClick
268779 + Lcom/example/cwac_test/MainActivity$1; onClick android.widget.Button@460b5ab8
268793 - Lcom/example/cwac_test/MainActivity$1; onClick
271163 + Lcom/example/cwac_test/MainActivity$1; onClick android.widget.Button@4601af38
271210 - Lcom/example/cwac_test/MainActivity$1; onClick
273618 + Lcom/example/cwac_test/MainActivity$1; onClick android.widget.Button@460b5ab8
273646 - Lcom/example/cwac_test/MainActivity$1; onClick
276797 + Lcom/example/cwac_test/MainActivity$1; onClick android.widget.Button@460b5ab8
276805 - Lcom/example/cwac_test/MainActivity$1; onClick
281005 + Lcom/example/cwac_test/MainActivity$1; onClick android.widget.Button@4601af38
281037 - Lcom/example/cwac_test/MainActivity$1; onClick
283626 + Landroid/support/v4/app/FragmentActivity; onSaveInstanceState
283628 + Landroid/support/v7/internal/widget/ActionBarView; onSaveInstanceState
283640 - Landroid/support/v7/internal/widget/ActionBarView; onSaveInstanceState
283643 - Landroid/support/v4/app/FragmentActivity; onSaveInstanceState
283645 + Landroid/support/v4/app/FragmentActivity; onPause
283648 - Landroid/support/v4/app/FragmentActivity; onPause
284123 + Landroid/support/v7/app/ActionBarActivity; onStop
284124 + Landroid/support/v4/app/FragmentActivity; onStop
284128 - Landroid/support/v4/app/FragmentActivity; onStop
284134 + Landroid/support/v7/app/ActionBarActivityDelegateBase; onStop
284136 - Landroid/support/v7/app/ActionBarActivityDelegateBase; onStop
284137 - Landroid/support/v7/app/ActionBarActivity; onStop
288052 + Landroid/support/v4/app/FragmentActivity; onStart
288053 - Landroid/support/v4/app/FragmentActivity; onStart
288053 + Landroid/support/v4/app/FragmentActivity; onResume
288054 - Landroid/support/v4/app/FragmentActivity; onResume
293685 + Landroid/support/v4/app/FragmentActivity; onSaveInstanceState
293686 + Landroid/support/v7/internal/widget/ActionBarView; onSaveInstanceState
293690 - Landroid/support/v7/internal/widget/ActionBarView; onSaveInstanceState
293703 - Landroid/support/v4/app/FragmentActivity; onSaveInstanceState
293704 + Landroid/support/v4/app/FragmentActivity; onPause
293705 - Landroid/support/v4/app/FragmentActivity; onPause
294155 + Landroid/support/v7/app/ActionBarActivity; onStop
294156 + Landroid/support/v4/app/FragmentActivity; onStop
294159 - Landroid/support/v4/app/FragmentActivity; onStop
294160 + Landroid/support/v7/app/ActionBarActivityDelegateBase; onStop
294167 - Landroid/support/v7/app/ActionBarActivityDelegateBase; onStop
294168 - Landroid/support/v7/app/ActionBarActivity; onStop
297360 + Landroid/support/v4/app/FragmentActivity; onStart
297360 - Landroid/support/v4/app/FragmentActivity; onStart
297360 + Landroid/support/v4/app/FragmentActivity; onResume
297361 - Landroid/support/v4/app/FragmentActivity; onResume
299530 + Lcom/example/cwac_test/MainActivity$1; onClick android.widget.Button@460bbba0
299562 - Lcom/example/cwac_test/MainActivity$1; onClick
305643 + Landroid/support/v7/internal/view/menu/ListMenuPresenter; onItemClick android.support.v7.internal.view.menu.ExpandedMenuView@460d0680
305645 + Lcom/example/cwac_test/MainActivity; onOptionsItemSelected Settings
305646 - Lcom/example/cwac_test/MainActivity; onOptionsItemSelected
305650 - Landroid/support/v7/internal/view/menu/ListMenuPresenter; onItemClick
307368 + Lcom/example/cwac_test/MainActivity$1; onClick android.widget.Button@460b5ab8
307372 - Lcom/example/cwac_test/MainActivity$1; onClick
311789 + Landroid/support/v4/app/FragmentActivity; onSaveInstanceState
311790 + Landroid/support/v7/internal/widget/ActionBarView; onSaveInstanceState
311790 - Landroid/support/v7/internal/widget/ActionBarView; onSaveInstanceState
311790 - Landroid/support/v4/app/FragmentActivity; onSaveInstanceState
311791 + Landroid/support/v4/app/FragmentActivity; onPause
311791 - Landroid/support/v4/app/FragmentActivity; onPause
312255 + Landroid/support/v7/app/ActionBarActivity; onStop
312303 + Landroid/support/v4/app/FragmentActivity; onStop
312309 - Landroid/support/v4/app/FragmentActivity; onStop
312323 + Landroid/support/v7/app/ActionBarActivityDelegateBase; onStop
312339 - Landroid/support/v7/app/ActionBarActivityDelegateBase; onStop
312343 - Landroid/support/v7/app/ActionBarActivity; onStop
