--------- beginning of /dev/log/main
--------- beginning of /dev/log/system
V/DBox    (  584): 102809 + Lcom/facebook/katana/provider/LoggingProvider; onCreate
V/DBox    (  584): 102861 - Lcom/facebook/katana/provider/LoggingProvider; onCreate
V/DBox    (  584): 102876 + Lcom/facebook/katana/provider/NotificationsProvider; onCreate
V/DBox    (  584): 102876 - Lcom/facebook/katana/provider/NotificationsProvider; onCreate
V/DBox    (  584): 102880 + Lcom/facebook/katana/provider/KeyValueProvider; onCreate
V/DBox    (  584): 102881 - Lcom/facebook/katana/provider/KeyValueProvider; onCreate
V/DBox    (  584): 102887 + Lcom/facebook/katana/provider/UserValuesProvider; onCreate
V/DBox    (  584): 102888 - Lcom/facebook/katana/provider/UserValuesProvider; onCreate
V/DBox    (  584): 102902 + Lcom/facebook/katana/provider/FriendsProvider; onCreate
V/DBox    (  584): 102903 - Lcom/facebook/katana/provider/FriendsProvider; onCreate
V/DBox    (  584): 102908 + Lcom/facebook/katana/provider/MailboxProvider; onCreate
V/DBox    (  584): 102912 - Lcom/facebook/katana/provider/MailboxProvider; onCreate
V/DBox    (  584): 102914 + Lcom/facebook/katana/provider/UserStatusesProvider; onCreate
V/DBox    (  584): 102918 - Lcom/facebook/katana/provider/UserStatusesProvider; onCreate
V/DBox    (  584): 102923 + Lcom/facebook/katana/provider/PhotosProvider; onCreate
V/DBox    (  584): 102923 - Lcom/facebook/katana/provider/PhotosProvider; onCreate
V/DBox    (  584): 102927 + Lcom/facebook/katana/provider/EventsProvider; onCreate
V/DBox    (  584): 102929 - Lcom/facebook/katana/provider/EventsProvider; onCreate
V/DBox    (  584): 102949 + Lcom/facebook/katana/LoginActivity; onCreate
V/DBox    (  584): 103105 - Lcom/facebook/katana/LoginActivity; onCreate
V/DBox    (  584): 103106 + Lcom/facebook/katana/LoginActivity; onResume
V/DBox    (  584): 103106 + Lcom/facebook/katana/FacebookActivity; onResume
V/DBox    (  584): 103123 - Lcom/facebook/katana/FacebookActivity; onResume
V/DBox    (  584): 103129 - Lcom/facebook/katana/LoginActivity; onResume
V/DBox    (  584): 126451 + Lcom/facebook/katana/LoginActivity; onClick android.widget.Button@43f3b9e8
V/DBox    (  584): 126529 - Lcom/facebook/katana/LoginActivity; onClick
V/DBox    (  584): 126556 + Lcom/facebook/katana/service/FacebookService; onCreate
V/DBox    (  584): 126558 - Lcom/facebook/katana/service/FacebookService; onCreate
V/DBox    (  584): 126560 + Lcom/facebook/katana/service/FacebookService; onStart
V/DBox    (  584): 126634 - Lcom/facebook/katana/service/FacebookService; onStart
V/DBox    (  584): 129196 < Lcom/facebook/katana/binding/AppSession; releaseWakeLock
V/DBox    (  584): 129203 + Lcom/facebook/katana/LoginActivity; onPause
V/DBox    (  584): 129206 + Lcom/facebook/katana/FacebookActivity; onPause
V/DBox    (  584): 129207 - Lcom/facebook/katana/FacebookActivity; onPause
V/DBox    (  584): 129207 - Lcom/facebook/katana/LoginActivity; onPause
V/DBox    (  584): 129221 + Lcom/facebook/katana/SyncContactsSetupActivity; onCreate
V/DBox    (  584): 129438 - Lcom/facebook/katana/SyncContactsSetupActivity; onCreate
V/DBox    (  584): 129439 + Lcom/facebook/katana/FacebookActivity; onResume
V/DBox    (  584): 129439 - Lcom/facebook/katana/FacebookActivity; onResume
V/DBox    (  584): 129629 + Lcom/facebook/katana/LoginActivity; onDestroy
V/DBox    (  584): 129631 - Lcom/facebook/katana/LoginActivity; onDestroy
V/DBox    (  584): 130162 + Lcom/facebook/katana/service/FacebookService; onCreate
V/DBox    (  584): 130163 - Lcom/facebook/katana/service/FacebookService; onCreate
V/DBox    (  584): 130168 + Lcom/facebook/katana/service/FacebookService; onStart
V/DBox    (  584): 130187 > Lcom/facebook/katana/binding/AppSession; acquireWakeLock
V/DBox    (  584): 130190 - Lcom/facebook/katana/service/FacebookService; onStart
V/DBox    (  584): 130192 + Lcom/facebook/katana/service/FacebookService; onStart
V/DBox    (  584): 130221 - Lcom/facebook/katana/service/FacebookService; onStart
V/DBox    (  584): 130982 + Lcom/facebook/katana/service/FacebookService; onStart
V/DBox    (  584): 130986 - Lcom/facebook/katana/service/FacebookService; onStart
V/DBox    (  584): 130986 + Lcom/facebook/katana/service/FacebookService; onStart
V/DBox    (  584): 130987 - Lcom/facebook/katana/service/FacebookService; onStart
V/DBox    (  584): 130988 + Lcom/facebook/katana/service/FacebookService; onStart
V/DBox    (  584): 130988 - Lcom/facebook/katana/service/FacebookService; onStart
V/DBox    (  584): 130988 + Lcom/facebook/katana/service/FacebookService; onStart
V/DBox    (  584): 130989 - Lcom/facebook/katana/service/FacebookService; onStart
V/DBox    (  584): 130992 + Lcom/facebook/katana/service/FacebookService; onStart
V/DBox    (  584): 130992 - Lcom/facebook/katana/service/FacebookService; onStart
V/DBox    (  584): 130993 + Lcom/facebook/katana/service/FacebookService; onStart
V/DBox    (  584): 130994 - Lcom/facebook/katana/service/FacebookService; onStart
V/DBox    (  584): 130995 + Lcom/facebook/katana/service/FacebookService; onStart
V/DBox    (  584): 130996 - Lcom/facebook/katana/service/FacebookService; onStart
V/DBox    (  584): 131471 + Lcom/facebook/katana/SyncContactsSetupActivity; onClick android.widget.RelativeLayout@43f7ae38
V/DBox    (  584): 131473 - Lcom/facebook/katana/SyncContactsSetupActivity; onClick
V/DBox    (  584): 131980 + Lcom/facebook/katana/SyncContactsSetupActivity; onClick android.widget.Button@43fcbea0
V/DBox    (  584): 132029 - Lcom/facebook/katana/SyncContactsSetupActivity; onClick
V/DBox    (  584): 132036 + Lcom/facebook/katana/service/FacebookService; onStart
V/DBox    (  584): 132037 > Lcom/facebook/katana/binding/AppSession; acquireWakeLock
V/DBox    (  584): 132045 - Lcom/facebook/katana/service/FacebookService; onStart
V/DBox    (  584): 132047 + Lcom/facebook/katana/FacebookActivity; onPause
V/DBox    (  584): 132048 - Lcom/facebook/katana/FacebookActivity; onPause
V/DBox    (  584): 132065 + Lcom/facebook/katana/service/FacebookService; onStart
V/DBox    (  584): 132083 - Lcom/facebook/katana/service/FacebookService; onStart
V/DBox    (  584): 132086 + Lcom/facebook/katana/HelpfulHintsActivity; onCreate
V/DBox    (  584): 132147 - Lcom/facebook/katana/HelpfulHintsActivity; onCreate
V/DBox    (  584): 132148 + Lcom/facebook/katana/FacebookActivity; onResume
V/DBox    (  584): 132148 - Lcom/facebook/katana/FacebookActivity; onResume
V/DBox    (  584): 134191 + Lcom/facebook/katana/HelpfulHintsActivity; onClick android.widget.Button@43fc1820
V/DBox    (  584): 134264 - Lcom/facebook/katana/HelpfulHintsActivity; onClick
V/DBox    (  584): 134275 + Lcom/facebook/katana/FacebookActivity; onPause
V/DBox    (  584): 134276 - Lcom/facebook/katana/FacebookActivity; onPause
V/DBox    (  584): 134292 + Lcom/facebook/katana/StreamActivity; onCreate
V/DBox    (  584): 134536 - Lcom/facebook/katana/StreamActivity; onCreate
V/DBox    (  584): 134537 + Lcom/facebook/katana/StreamActivity; onResume
V/DBox    (  584): 134537 + Lcom/facebook/katana/FacebookListActivity; onResume
V/DBox    (  584): 134537 - Lcom/facebook/katana/FacebookListActivity; onResume
V/DBox    (  584): 134742 - Lcom/facebook/katana/StreamActivity; onResume
V/DBox    (  584): 134840 + Lcom/facebook/katana/service/FacebookService; onStart
V/DBox    (  584): 134932 - Lcom/facebook/katana/service/FacebookService; onStart
V/DBox    (  584): 135610 + Lcom/facebook/katana/platform/FacebookSyncAdapterService; onCreate
V/DBox    (  584): 135611 - Lcom/facebook/katana/platform/FacebookSyncAdapterService; onCreate
V/DBox    (  584): 135794 + Lcom/facebook/katana/service/FacebookService; onStart
V/DBox    (  584): 135814 - Lcom/facebook/katana/service/FacebookService; onStart
V/DBox    (  584): 136807 < Lcom/facebook/katana/binding/AppSession; releaseWakeLock
V/DBox    (  584): 136948 + Lcom/facebook/katana/service/FacebookService; onCreate
V/DBox    (  584): 136949 - Lcom/facebook/katana/service/FacebookService; onCreate
V/DBox    (  584): 136950 + Lcom/facebook/katana/service/FacebookService; onStart
V/DBox    (  584): 136956 - Lcom/facebook/katana/service/FacebookService; onStart
V/DBox    (  584): 136956 + Lcom/facebook/katana/service/FacebookService; onStart
V/DBox    (  584): 136957 - Lcom/facebook/katana/service/FacebookService; onStart
V/DBox    (  584): 136958 + Lcom/facebook/katana/service/FacebookService; onStart
V/DBox    (  584): 136959 - Lcom/facebook/katana/service/FacebookService; onStart
V/DBox    (  584): 137222 + Lcom/facebook/katana/service/FacebookService; onStart
V/DBox    (  584): 137223 > Lcom/facebook/katana/binding/AppSession; acquireWakeLock
V/DBox    (  584): 137244 - Lcom/facebook/katana/service/FacebookService; onStart
V/DBox    (  584): 137245 + Lcom/facebook/katana/service/FacebookService; onStart
V/DBox    (  584): 137272 - Lcom/facebook/katana/service/FacebookService; onStart
V/DBox    (  584): 138956 < Lcom/facebook/katana/binding/AppSession; releaseWakeLock
V/DBox    (  584): 139171 + Lcom/facebook/katana/service/FacebookService; onCreate
V/DBox    (  584): 139171 - Lcom/facebook/katana/service/FacebookService; onCreate
V/DBox    (  584): 139173 + Lcom/facebook/katana/service/FacebookService; onStart
V/DBox    (  584): 139175 > Lcom/facebook/katana/binding/AppSession; acquireWakeLock
V/DBox    (  584): 139178 - Lcom/facebook/katana/service/FacebookService; onStart
V/DBox    (  584): 139179 + Lcom/facebook/katana/service/FacebookService; onStart
V/DBox    (  584): 139188 - Lcom/facebook/katana/service/FacebookService; onStart
V/DBox    (  584): 139432 < Lcom/facebook/katana/binding/AppSession; releaseWakeLock
V/DBox    (  584): 161802 + Lcom/facebook/katana/StreamActivity; onPause
V/DBox    (  584): 161803 + Lcom/facebook/katana/FacebookListActivity; onPause
V/DBox    (  584): 161805 - Lcom/facebook/katana/FacebookListActivity; onPause
V/DBox    (  584): 161823 - Lcom/facebook/katana/StreamActivity; onPause
V/DBox    (  584): 161850 + Lcom/facebook/katana/HomeActivity; onCreate
V/DBox    (  584): 161954 - Lcom/facebook/katana/HomeActivity; onCreate
V/DBox    (  584): 161954 + Lcom/facebook/katana/HomeActivity; onResume
V/DBox    (  584): 161955 + Lcom/facebook/katana/FacebookListActivity; onResume
V/DBox    (  584): 161955 - Lcom/facebook/katana/FacebookListActivity; onResume
V/DBox    (  584): 161964 - Lcom/facebook/katana/HomeActivity; onResume
V/DBox    (  584): 161967 + Lcom/facebook/katana/service/FacebookService; onCreate
V/DBox    (  584): 161968 - Lcom/facebook/katana/service/FacebookService; onCreate
V/DBox    (  584): 161968 + Lcom/facebook/katana/service/FacebookService; onStart
V/DBox    (  584): 161975 - Lcom/facebook/katana/service/FacebookService; onStart
V/DBox    (  584): 161976 + Lcom/facebook/katana/service/FacebookService; onStart
V/DBox    (  584): 161985 - Lcom/facebook/katana/service/FacebookService; onStart
V/DBox    (  584): 161986 + Lcom/facebook/katana/service/FacebookService; onStart
V/DBox    (  584): 161999 - Lcom/facebook/katana/service/FacebookService; onStart
V/DBox    (  584): 162392 + Lcom/facebook/katana/StreamActivity; onStop
V/DBox    (  584): 162393 - Lcom/facebook/katana/StreamActivity; onStop
V/DBox    (  584): 162393 + Lcom/facebook/katana/StreamActivity; onDestroy
V/DBox    (  584): 162394 - Lcom/facebook/katana/StreamActivity; onDestroy
V/DBox    (  584): 164277 + Lcom/facebook/katana/HomeActivity; onClick android.widget.LinearLayout@44038318
V/DBox    (  584): 164285 - Lcom/facebook/katana/HomeActivity; onClick
V/DBox    (  584): 164292 + Lcom/facebook/katana/HomeActivity; onPause
V/DBox    (  584): 164293 + Lcom/facebook/katana/FacebookListActivity; onPause
V/DBox    (  584): 164297 - Lcom/facebook/katana/FacebookListActivity; onPause
V/DBox    (  584): 164297 - Lcom/facebook/katana/HomeActivity; onPause
V/DBox    (  584): 164313 + Lcom/facebook/katana/StreamActivity; onCreate
V/DBox    (  584): 164353 - Lcom/facebook/katana/StreamActivity; onCreate
V/DBox    (  584): 164354 + Lcom/facebook/katana/StreamActivity; onResume
V/DBox    (  584): 164354 + Lcom/facebook/katana/FacebookListActivity; onResume
V/DBox    (  584): 164355 - Lcom/facebook/katana/FacebookListActivity; onResume
V/DBox    (  584): 164359 - Lcom/facebook/katana/StreamActivity; onResume
V/DBox    (  584): 167204 + Lcom/facebook/katana/StreamActivity; onPause
V/DBox    (  584): 167205 + Lcom/facebook/katana/FacebookListActivity; onPause
V/DBox    (  584): 167206 - Lcom/facebook/katana/FacebookListActivity; onPause
V/DBox    (  584): 167242 - Lcom/facebook/katana/StreamActivity; onPause
V/DBox    (  584): 167260 + Lcom/facebook/katana/HomeActivity; onResume
V/DBox    (  584): 167260 + Lcom/facebook/katana/FacebookListActivity; onResume
V/DBox    (  584): 167261 - Lcom/facebook/katana/FacebookListActivity; onResume
V/DBox    (  584): 167273 - Lcom/facebook/katana/HomeActivity; onResume
V/DBox    (  584): 167290 + Lcom/facebook/katana/service/FacebookService; onStart
V/DBox    (  584): 167310 - Lcom/facebook/katana/service/FacebookService; onStart
V/DBox    (  584): 167311 + Lcom/facebook/katana/service/FacebookService; onStart
V/DBox    (  584): 167333 - Lcom/facebook/katana/service/FacebookService; onStart
V/DBox    (  584): 167582 + Lcom/facebook/katana/StreamActivity; onStop
V/DBox    (  584): 167584 - Lcom/facebook/katana/StreamActivity; onStop
V/DBox    (  584): 167585 + Lcom/facebook/katana/StreamActivity; onDestroy
V/DBox    (  584): 167585 - Lcom/facebook/katana/StreamActivity; onDestroy
V/DBox    (  584): 168630 + Lcom/facebook/katana/HomeActivity; onClick android.widget.LinearLayout@43ecdea0
V/DBox    (  584): 168649 - Lcom/facebook/katana/HomeActivity; onClick
V/DBox    (  584): 168655 + Lcom/facebook/katana/HomeActivity; onPause
V/DBox    (  584): 168658 + Lcom/facebook/katana/FacebookListActivity; onPause
V/DBox    (  584): 168659 - Lcom/facebook/katana/FacebookListActivity; onPause
V/DBox    (  584): 168662 - Lcom/facebook/katana/HomeActivity; onPause
V/DBox    (  584): 168679 + Lcom/facebook/katana/ProfileTabHostActivity; onCreate
V/DBox    (  584): 168725 + Lcom/facebook/katana/StreamActivity; onCreate
V/DBox    (  584): 168793 - Lcom/facebook/katana/StreamActivity; onCreate
V/DBox    (  584): 168811 - Lcom/facebook/katana/ProfileTabHostActivity; onCreate
V/DBox    (  584): 168812 + Lcom/facebook/katana/ProfileTabHostActivity; onResume
V/DBox    (  584): 168812 + Lcom/facebook/katana/FacebookTabActivity; onResume
V/DBox    (  584): 168813 + Lcom/facebook/katana/StreamActivity; onResume
V/DBox    (  584): 168813 + Lcom/facebook/katana/FacebookListActivity; onResume
V/DBox    (  584): 168814 - Lcom/facebook/katana/FacebookListActivity; onResume
V/DBox    (  584): 168830 - Lcom/facebook/katana/StreamActivity; onResume
V/DBox    (  584): 168830 - Lcom/facebook/katana/FacebookTabActivity; onResume
V/DBox    (  584): 168833 - Lcom/facebook/katana/ProfileTabHostActivity; onResume
V/DBox    (  584): 168842 + Lcom/facebook/katana/service/FacebookService; onStart
V/DBox    (  584): 168902 - Lcom/facebook/katana/service/FacebookService; onStart
V/DBox    (  584): 168960 + Lcom/facebook/katana/service/FacebookService; onStart
V/DBox    (  584): 168963 - Lcom/facebook/katana/service/FacebookService; onStart
V/DBox    (  584): 169427 + Lcom/facebook/katana/service/FacebookService; onStart
V/DBox    (  584): 169428 - Lcom/facebook/katana/service/FacebookService; onStart
V/DBox    (  584): 173552 + Lcom/facebook/katana/MyTabWidget$TabClickListener; onClick android.widget.LinearLayout@43fded20
V/DBox    (  584): 173564 + Lcom/facebook/katana/StreamActivity; onPause
V/DBox    (  584): 173566 + Lcom/facebook/katana/FacebookListActivity; onPause
V/DBox    (  584): 173567 - Lcom/facebook/katana/FacebookListActivity; onPause
V/DBox    (  584): 173568 - Lcom/facebook/katana/StreamActivity; onPause
V/DBox    (  584): 173572 + Lcom/facebook/katana/AlbumsActivity; onCreate
V/DBox    (  584): 173607 - Lcom/facebook/katana/AlbumsActivity; onCreate
V/DBox    (  584): 173607 + Lcom/facebook/katana/AlbumsActivity; onResume
V/DBox    (  584): 173607 + Lcom/facebook/katana/FacebookListActivity; onResume
V/DBox    (  584): 173608 - Lcom/facebook/katana/FacebookListActivity; onResume
V/DBox    (  584): 173611 - Lcom/facebook/katana/AlbumsActivity; onResume
V/DBox    (  584): 173614 - Lcom/facebook/katana/MyTabWidget$TabClickListener; onClick
V/DBox    (  584): 173641 + Lcom/facebook/katana/service/FacebookService; onStart
V/DBox    (  584): 173658 - Lcom/facebook/katana/service/FacebookService; onStart
V/DBox    (  584): 174515 + Lcom/facebook/katana/service/FacebookService; onStart
V/DBox    (  584): 174518 - Lcom/facebook/katana/service/FacebookService; onStart
V/DBox    (  584): 176690 + Lcom/facebook/katana/MyTabWidget$TabClickListener; onClick android.widget.LinearLayout@43f457e0
V/DBox    (  584): 176693 + Lcom/facebook/katana/AlbumsActivity; onSaveInstanceState
V/DBox    (  584): 176695 - Lcom/facebook/katana/AlbumsActivity; onSaveInstanceState
V/DBox    (  584): 176697 + Lcom/facebook/katana/AlbumsActivity; onPause
V/DBox    (  584): 176698 + Lcom/facebook/katana/FacebookListActivity; onPause
V/DBox    (  584): 176699 - Lcom/facebook/katana/FacebookListActivity; onPause
V/DBox    (  584): 176702 - Lcom/facebook/katana/AlbumsActivity; onPause
V/DBox    (  584): 176703 + Lcom/facebook/katana/StreamActivity; onResume
V/DBox    (  584): 176704 + Lcom/facebook/katana/FacebookListActivity; onResume
V/DBox    (  584): 176706 - Lcom/facebook/katana/FacebookListActivity; onResume
V/DBox    (  584): 176708 - Lcom/facebook/katana/StreamActivity; onResume
V/DBox    (  584): 176716 - Lcom/facebook/katana/MyTabWidget$TabClickListener; onClick
V/DBox    (  584): 177670 + Lcom/facebook/katana/ProfileTabHostActivity; onPause
V/DBox    (  584): 177671 + Lcom/facebook/katana/FacebookTabActivity; onPause
V/DBox    (  584): 177673 + Lcom/facebook/katana/StreamActivity; onPause
V/DBox    (  584): 177674 + Lcom/facebook/katana/FacebookListActivity; onPause
V/DBox    (  584): 177675 - Lcom/facebook/katana/FacebookListActivity; onPause
V/DBox    (  584): 177676 - Lcom/facebook/katana/StreamActivity; onPause
V/DBox    (  584): 177677 - Lcom/facebook/katana/FacebookTabActivity; onPause
V/DBox    (  584): 177679 - Lcom/facebook/katana/ProfileTabHostActivity; onPause
V/DBox    (  584): 177702 + Lcom/facebook/katana/HomeActivity; onResume
V/DBox    (  584): 177703 + Lcom/facebook/katana/FacebookListActivity; onResume
V/DBox    (  584): 177703 - Lcom/facebook/katana/FacebookListActivity; onResume
V/DBox    (  584): 177713 - Lcom/facebook/katana/HomeActivity; onResume
V/DBox    (  584): 177723 + Lcom/facebook/katana/service/FacebookService; onStart
V/DBox    (  584): 177748 - Lcom/facebook/katana/service/FacebookService; onStart
V/DBox    (  584): 177750 + Lcom/facebook/katana/service/FacebookService; onStart
V/DBox    (  584): 177774 - Lcom/facebook/katana/service/FacebookService; onStart
V/DBox    (  584): 178007 + Lcom/facebook/katana/StreamActivity; onStop
V/DBox    (  584): 178008 - Lcom/facebook/katana/StreamActivity; onStop
V/DBox    (  584): 178012 + Lcom/facebook/katana/ProfileTabHostActivity; onDestroy
V/DBox    (  584): 178013 + Lcom/facebook/katana/StreamActivity; onDestroy
V/DBox    (  584): 178013 - Lcom/facebook/katana/StreamActivity; onDestroy
V/DBox    (  584): 178014 - Lcom/facebook/katana/ProfileTabHostActivity; onDestroy
V/DBox    (  584): 178987 + Lcom/facebook/katana/HomeActivity; onCreateOptionsMenu com.android.internal.view.menu.MenuBuilder@44037ce8
V/DBox    (  584): 178995 - Lcom/facebook/katana/HomeActivity; onCreateOptionsMenu
V/DBox    (  584): 183340 + Lcom/facebook/katana/HomeActivity; onOptionsItemSelected Logout
V/DBox    (  584): 183403 - Lcom/facebook/katana/HomeActivity; onOptionsItemSelected
V/DBox    (  584): 184708 + Lcom/facebook/katana/HomeActivity$5; onClick android.app.AlertDialog@43f51968
V/DBox    (  584): 184761 - Lcom/facebook/katana/HomeActivity$5; onClick
V/DBox    (  584): 184765 + Lcom/facebook/katana/service/FacebookService; onStart
V/DBox    (  584): 184773 - Lcom/facebook/katana/service/FacebookService; onStart
V/DBox    (  584): 185895 + Lcom/facebook/katana/platform/FacebookAuthenticationService; onCreate
V/DBox    (  584): 185896 - Lcom/facebook/katana/platform/FacebookAuthenticationService; onCreate
V/DBox    (  584): 186019 < Lcom/facebook/katana/binding/AppSession; releaseWakeLock
V/DBox    (  584): 186029 < Lcom/facebook/katana/binding/AppSession; releaseWakeLock
V/DBox    (  584): 186039 + Lcom/facebook/katana/HomeActivity; onPause
V/DBox    (  584): 186040 + Lcom/facebook/katana/FacebookListActivity; onPause
V/DBox    (  584): 186041 - Lcom/facebook/katana/FacebookListActivity; onPause
V/DBox    (  584): 186041 - Lcom/facebook/katana/HomeActivity; onPause
V/DBox    (  584): 186055 + Lcom/facebook/katana/LoginActivity; onCreate
V/DBox    (  584): 186114 - Lcom/facebook/katana/LoginActivity; onCreate
V/DBox    (  584): 186115 + Lcom/facebook/katana/LoginActivity; onResume
V/DBox    (  584): 186115 + Lcom/facebook/katana/FacebookActivity; onResume
V/DBox    (  584): 186115 - Lcom/facebook/katana/FacebookActivity; onResume
V/DBox    (  584): 186123 - Lcom/facebook/katana/LoginActivity; onResume
V/DBox    (  584): 187568 + Lcom/facebook/katana/LoginActivity; onSaveInstanceState
V/DBox    (  584): 187598 - Lcom/facebook/katana/LoginActivity; onSaveInstanceState
V/DBox    (  584): 187616 + Lcom/facebook/katana/LoginActivity; onPause
V/DBox    (  584): 187617 + Lcom/facebook/katana/FacebookActivity; onPause
V/DBox    (  584): 187656 - Lcom/facebook/katana/FacebookActivity; onPause
V/DBox    (  584): 187656 - Lcom/facebook/katana/LoginActivity; onPause
