--------- beginning of /dev/log/main
--------- beginning of /dev/log/system
V/DBox    (  568): 110771 + Lcom/facebook/katana/provider/LoggingProvider; onCreate
V/DBox    (  568): 110805 - Lcom/facebook/katana/provider/LoggingProvider; onCreate
V/DBox    (  568): 110810 + Lcom/facebook/katana/provider/NotificationsProvider; onCreate
V/DBox    (  568): 110811 - Lcom/facebook/katana/provider/NotificationsProvider; onCreate
V/DBox    (  568): 110815 + Lcom/facebook/katana/provider/KeyValueProvider; onCreate
V/DBox    (  568): 110815 - Lcom/facebook/katana/provider/KeyValueProvider; onCreate
V/DBox    (  568): 110819 + Lcom/facebook/katana/provider/UserValuesProvider; onCreate
V/DBox    (  568): 110820 - Lcom/facebook/katana/provider/UserValuesProvider; onCreate
V/DBox    (  568): 110827 + Lcom/facebook/katana/provider/FriendsProvider; onCreate
V/DBox    (  568): 110828 - Lcom/facebook/katana/provider/FriendsProvider; onCreate
V/DBox    (  568): 110837 + Lcom/facebook/katana/provider/MailboxProvider; onCreate
V/DBox    (  568): 110837 - Lcom/facebook/katana/provider/MailboxProvider; onCreate
V/DBox    (  568): 110839 + Lcom/facebook/katana/provider/UserStatusesProvider; onCreate
V/DBox    (  568): 110839 - Lcom/facebook/katana/provider/UserStatusesProvider; onCreate
V/DBox    (  568): 110846 + Lcom/facebook/katana/provider/PhotosProvider; onCreate
V/DBox    (  568): 110846 - Lcom/facebook/katana/provider/PhotosProvider; onCreate
V/DBox    (  568): 110853 + Lcom/facebook/katana/provider/EventsProvider; onCreate
V/DBox    (  568): 110853 - Lcom/facebook/katana/provider/EventsProvider; onCreate
V/DBox    (  568): 110872 + Lcom/facebook/katana/LoginActivity; onCreate
V/DBox    (  568): 111352 < Lcom/facebook/katana/binding/AppSession; releaseWakeLock
V/DBox    (  568): 111365 - Lcom/facebook/katana/LoginActivity; onCreate
V/DBox    (  568): 111373 + Lcom/facebook/katana/HomeActivity; onCreate
V/DBox    (  568): 111501 - Lcom/facebook/katana/HomeActivity; onCreate
V/DBox    (  568): 111501 + Lcom/facebook/katana/HomeActivity; onResume
V/DBox    (  568): 111502 + Lcom/facebook/katana/FacebookListActivity; onResume
V/DBox    (  568): 111520 - Lcom/facebook/katana/FacebookListActivity; onResume
V/DBox    (  568): 111532 - Lcom/facebook/katana/HomeActivity; onResume
V/DBox    (  568): 111543 + Lcom/facebook/katana/service/FacebookService; onCreate
V/DBox    (  568): 111548 - Lcom/facebook/katana/service/FacebookService; onCreate
V/DBox    (  568): 111549 + Lcom/facebook/katana/service/FacebookService; onStart
V/DBox    (  568): 111570 - Lcom/facebook/katana/service/FacebookService; onStart
V/DBox    (  568): 111597 + Lcom/facebook/katana/service/FacebookService; onStart
V/DBox    (  568): 111628 - Lcom/facebook/katana/service/FacebookService; onStart
V/DBox    (  568): 111629 + Lcom/facebook/katana/service/FacebookService; onStart
V/DBox    (  568): 111648 - Lcom/facebook/katana/service/FacebookService; onStart
V/DBox    (  568): 111649 + Lcom/facebook/katana/service/FacebookService; onStart
V/DBox    (  568): 111668 - Lcom/facebook/katana/service/FacebookService; onStart
V/DBox    (  568): 111828 + Lcom/facebook/katana/LoginActivity; onDestroy
V/DBox    (  568): 111829 - Lcom/facebook/katana/LoginActivity; onDestroy
V/DBox    (  568): 112302 + Lcom/facebook/katana/service/FacebookService; onStart
V/DBox    (  568): 112309 > Lcom/facebook/katana/binding/AppSession; acquireWakeLock
V/DBox    (  568): 112309 - Lcom/facebook/katana/service/FacebookService; onStart
V/DBox    (  568): 112310 + Lcom/facebook/katana/service/FacebookService; onStart
V/DBox    (  568): 112321 - Lcom/facebook/katana/service/FacebookService; onStart
V/DBox    (  568): 113016 + Lcom/facebook/katana/HomeActivity; onCreateOptionsMenu com.android.internal.view.menu.MenuBuilder@43f255c0
V/DBox    (  568): 113020 - Lcom/facebook/katana/HomeActivity; onCreateOptionsMenu
V/DBox    (  568): 113196 + Lcom/facebook/katana/service/FacebookService; onStart
V/DBox    (  568): 113260 - Lcom/facebook/katana/service/FacebookService; onStart
V/DBox    (  568): 113675 + Lcom/facebook/katana/service/FacebookService; onStart
V/DBox    (  568): 113676 > Lcom/facebook/katana/binding/AppSession; acquireWakeLock
V/DBox    (  568): 113679 - Lcom/facebook/katana/service/FacebookService; onStart
V/DBox    (  568): 113687 + Lcom/facebook/katana/service/FacebookService; onStart
V/DBox    (  568): 113731 - Lcom/facebook/katana/service/FacebookService; onStart
V/DBox    (  568): 114451 + Lcom/facebook/katana/service/FacebookService; onStart
V/DBox    (  568): 114530 - Lcom/facebook/katana/service/FacebookService; onStart
V/DBox    (  568): 114531 + Lcom/facebook/katana/service/FacebookService; onStart
V/DBox    (  568): 114540 - Lcom/facebook/katana/service/FacebookService; onStart
V/DBox    (  568): 114541 + Lcom/facebook/katana/service/FacebookService; onStart
V/DBox    (  568): 114542 - Lcom/facebook/katana/service/FacebookService; onStart
V/DBox    (  568): 114543 + Lcom/facebook/katana/service/FacebookService; onStart
V/DBox    (  568): 114544 - Lcom/facebook/katana/service/FacebookService; onStart
V/DBox    (  568): 114551 + Lcom/facebook/katana/service/FacebookService; onStart
V/DBox    (  568): 114553 - Lcom/facebook/katana/service/FacebookService; onStart
V/DBox    (  568): 114555 + Lcom/facebook/katana/HomeActivity$ReelListener; onItemSelected android.widget.Gallery@43f166c0
V/DBox    (  568): 114555 - Lcom/facebook/katana/HomeActivity$ReelListener; onItemSelected
V/DBox    (  568): 116091 + Lcom/facebook/katana/HomeActivity; onOptionsItemSelected Logout
V/DBox    (  568): 116119 - Lcom/facebook/katana/HomeActivity; onOptionsItemSelected
V/DBox    (  568): 118274 + Lcom/facebook/katana/HomeActivity$5; onClick android.app.AlertDialog@4406b9e0
V/DBox    (  568): 118327 - Lcom/facebook/katana/HomeActivity$5; onClick
V/DBox    (  568): 118327 + Lcom/facebook/katana/service/FacebookService; onStart
V/DBox    (  568): 118335 - Lcom/facebook/katana/service/FacebookService; onStart
V/DBox    (  568): 119553 + Lcom/facebook/katana/platform/FacebookAuthenticationService; onCreate
V/DBox    (  568): 119636 - Lcom/facebook/katana/platform/FacebookAuthenticationService; onCreate
V/DBox    (  568): 119849 < Lcom/facebook/katana/binding/AppSession; releaseWakeLock
V/DBox    (  568): 119870 < Lcom/facebook/katana/binding/AppSession; releaseWakeLock
V/DBox    (  568): 119885 + Lcom/facebook/katana/HomeActivity; onPause
V/DBox    (  568): 119886 + Lcom/facebook/katana/FacebookListActivity; onPause
V/DBox    (  568): 119886 - Lcom/facebook/katana/FacebookListActivity; onPause
V/DBox    (  568): 119887 - Lcom/facebook/katana/HomeActivity; onPause
V/DBox    (  568): 119897 + Lcom/facebook/katana/LoginActivity; onCreate
V/DBox    (  568): 119979 - Lcom/facebook/katana/LoginActivity; onCreate
V/DBox    (  568): 119979 + Lcom/facebook/katana/LoginActivity; onResume
V/DBox    (  568): 119980 + Lcom/facebook/katana/FacebookActivity; onResume
V/DBox    (  568): 119983 - Lcom/facebook/katana/FacebookActivity; onResume
V/DBox    (  568): 120016 - Lcom/facebook/katana/LoginActivity; onResume
V/DBox    (  568): 137026 + Lcom/facebook/katana/LoginActivity; onClick android.widget.Button@43f7f9f0
V/DBox    (  568): 137096 - Lcom/facebook/katana/LoginActivity; onClick
V/DBox    (  568): 137121 + Lcom/facebook/katana/service/FacebookService; onCreate
V/DBox    (  568): 137123 - Lcom/facebook/katana/service/FacebookService; onCreate
V/DBox    (  568): 137124 + Lcom/facebook/katana/service/FacebookService; onStart
V/DBox    (  568): 137139 - Lcom/facebook/katana/service/FacebookService; onStart
V/DBox    (  568): 139097 < Lcom/facebook/katana/binding/AppSession; releaseWakeLock
V/DBox    (  568): 139106 + Lcom/facebook/katana/LoginActivity; onPause
V/DBox    (  568): 139107 + Lcom/facebook/katana/FacebookActivity; onPause
V/DBox    (  568): 139107 - Lcom/facebook/katana/FacebookActivity; onPause
V/DBox    (  568): 139108 - Lcom/facebook/katana/LoginActivity; onPause
V/DBox    (  568): 139126 + Lcom/facebook/katana/SyncContactsSetupActivity; onCreate
V/DBox    (  568): 139218 - Lcom/facebook/katana/SyncContactsSetupActivity; onCreate
V/DBox    (  568): 139220 + Lcom/facebook/katana/FacebookActivity; onResume
V/DBox    (  568): 139221 - Lcom/facebook/katana/FacebookActivity; onResume
V/DBox    (  568): 139404 + Lcom/facebook/katana/LoginActivity; onDestroy
V/DBox    (  568): 139406 - Lcom/facebook/katana/LoginActivity; onDestroy
V/DBox    (  568): 140056 + Lcom/facebook/katana/service/FacebookService; onCreate
V/DBox    (  568): 140057 - Lcom/facebook/katana/service/FacebookService; onCreate
V/DBox    (  568): 140061 + Lcom/facebook/katana/service/FacebookService; onStart
V/DBox    (  568): 140065 > Lcom/facebook/katana/binding/AppSession; acquireWakeLock
V/DBox    (  568): 140066 - Lcom/facebook/katana/service/FacebookService; onStart
V/DBox    (  568): 140068 + Lcom/facebook/katana/service/FacebookService; onStart
V/DBox    (  568): 140091 - Lcom/facebook/katana/service/FacebookService; onStart
V/DBox    (  568): 140917 + Lcom/facebook/katana/service/FacebookService; onStart
V/DBox    (  568): 140919 - Lcom/facebook/katana/service/FacebookService; onStart
V/DBox    (  568): 140920 + Lcom/facebook/katana/service/FacebookService; onStart
V/DBox    (  568): 140921 - Lcom/facebook/katana/service/FacebookService; onStart
V/DBox    (  568): 140922 + Lcom/facebook/katana/service/FacebookService; onStart
V/DBox    (  568): 140923 - Lcom/facebook/katana/service/FacebookService; onStart
V/DBox    (  568): 140924 + Lcom/facebook/katana/service/FacebookService; onStart
V/DBox    (  568): 140925 - Lcom/facebook/katana/service/FacebookService; onStart
V/DBox    (  568): 140926 + Lcom/facebook/katana/service/FacebookService; onStart
V/DBox    (  568): 140926 - Lcom/facebook/katana/service/FacebookService; onStart
V/DBox    (  568): 140927 + Lcom/facebook/katana/service/FacebookService; onStart
V/DBox    (  568): 140928 - Lcom/facebook/katana/service/FacebookService; onStart
V/DBox    (  568): 140929 + Lcom/facebook/katana/service/FacebookService; onStart
V/DBox    (  568): 140929 - Lcom/facebook/katana/service/FacebookService; onStart
V/DBox    (  568): 141346 + Lcom/facebook/katana/SyncContactsSetupActivity; onClick android.widget.RelativeLayout@43f2e6e0
V/DBox    (  568): 141347 - Lcom/facebook/katana/SyncContactsSetupActivity; onClick
V/DBox    (  568): 141918 + Lcom/facebook/katana/service/FacebookService; onStart
V/DBox    (  568): 141919 > Lcom/facebook/katana/binding/AppSession; acquireWakeLock
V/DBox    (  568): 141924 - Lcom/facebook/katana/service/FacebookService; onStart
V/DBox    (  568): 141925 + Lcom/facebook/katana/service/FacebookService; onStart
V/DBox    (  568): 141947 - Lcom/facebook/katana/service/FacebookService; onStart
V/DBox    (  568): 142473 + Lcom/facebook/katana/SyncContactsSetupActivity; onClick android.widget.Button@43f538a0
V/DBox    (  568): 142521 - Lcom/facebook/katana/SyncContactsSetupActivity; onClick
V/DBox    (  568): 142521 + Lcom/facebook/katana/FacebookActivity; onPause
V/DBox    (  568): 142522 - Lcom/facebook/katana/FacebookActivity; onPause
V/DBox    (  568): 142546 + Lcom/facebook/katana/HelpfulHintsActivity; onCreate
V/DBox    (  568): 142642 - Lcom/facebook/katana/HelpfulHintsActivity; onCreate
V/DBox    (  568): 142642 + Lcom/facebook/katana/FacebookActivity; onResume
V/DBox    (  568): 142643 - Lcom/facebook/katana/FacebookActivity; onResume
V/DBox    (  568): 143613 + Lcom/facebook/katana/HelpfulHintsActivity; onClick android.widget.Button@44073f18
V/DBox    (  568): 143642 - Lcom/facebook/katana/HelpfulHintsActivity; onClick
V/DBox    (  568): 143659 + Lcom/facebook/katana/FacebookActivity; onPause
V/DBox    (  568): 143660 - Lcom/facebook/katana/FacebookActivity; onPause
V/DBox    (  568): 143675 + Lcom/facebook/katana/StreamActivity; onCreate
V/DBox    (  568): 143780 - Lcom/facebook/katana/StreamActivity; onCreate
V/DBox    (  568): 143785 + Lcom/facebook/katana/StreamActivity; onResume
V/DBox    (  568): 143785 + Lcom/facebook/katana/FacebookListActivity; onResume
V/DBox    (  568): 143785 - Lcom/facebook/katana/FacebookListActivity; onResume
V/DBox    (  568): 143803 - Lcom/facebook/katana/StreamActivity; onResume
V/DBox    (  568): 143883 + Lcom/facebook/katana/service/FacebookService; onStart
V/DBox    (  568): 143915 - Lcom/facebook/katana/service/FacebookService; onStart
V/DBox    (  568): 144369 + Lcom/facebook/katana/service/FacebookService; onStart
V/DBox    (  568): 144383 - Lcom/facebook/katana/service/FacebookService; onStart
V/DBox    (  568): 144438 + Lcom/facebook/katana/platform/FacebookSyncAdapterService; onCreate
V/DBox    (  568): 144439 - Lcom/facebook/katana/platform/FacebookSyncAdapterService; onCreate
V/DBox    (  568): 145375 < Lcom/facebook/katana/binding/AppSession; releaseWakeLock
V/DBox    (  568): 145469 + Lcom/facebook/katana/service/FacebookService; onCreate
V/DBox    (  568): 145470 - Lcom/facebook/katana/service/FacebookService; onCreate
V/DBox    (  568): 145471 + Lcom/facebook/katana/service/FacebookService; onStart
V/DBox    (  568): 145475 - Lcom/facebook/katana/service/FacebookService; onStart
V/DBox    (  568): 145818 < Lcom/facebook/katana/binding/AppSession; releaseWakeLock
V/DBox    (  568): 145866 + Lcom/facebook/katana/service/FacebookService; onCreate
V/DBox    (  568): 145866 - Lcom/facebook/katana/service/FacebookService; onCreate
V/DBox    (  568): 145868 + Lcom/facebook/katana/service/FacebookService; onStart
V/DBox    (  568): 145869 > Lcom/facebook/katana/binding/AppSession; acquireWakeLock
V/DBox    (  568): 145874 - Lcom/facebook/katana/service/FacebookService; onStart
V/DBox    (  568): 145875 + Lcom/facebook/katana/service/FacebookService; onStart
V/DBox    (  568): 145885 - Lcom/facebook/katana/service/FacebookService; onStart
V/DBox    (  568): 146735 < Lcom/facebook/katana/binding/AppSession; releaseWakeLock
V/DBox    (  568): 149070 + Lcom/facebook/katana/service/FacebookService; onCreate
V/DBox    (  568): 149071 - Lcom/facebook/katana/service/FacebookService; onCreate
V/DBox    (  568): 149073 + Lcom/facebook/katana/service/FacebookService; onStart
V/DBox    (  568): 149075 > Lcom/facebook/katana/binding/AppSession; acquireWakeLock
V/DBox    (  568): 149078 - Lcom/facebook/katana/service/FacebookService; onStart
V/DBox    (  568): 149081 + Lcom/facebook/katana/service/FacebookService; onStart
V/DBox    (  568): 149088 - Lcom/facebook/katana/service/FacebookService; onStart
V/DBox    (  568): 149246 < Lcom/facebook/katana/binding/AppSession; releaseWakeLock
V/DBox    (  568): 150308 + Lcom/facebook/katana/StreamActivity; onPause
V/DBox    (  568): 150308 + Lcom/facebook/katana/FacebookListActivity; onPause
V/DBox    (  568): 150309 - Lcom/facebook/katana/FacebookListActivity; onPause
V/DBox    (  568): 150331 - Lcom/facebook/katana/StreamActivity; onPause
V/DBox    (  568): 150343 + Lcom/facebook/katana/HomeActivity; onCreate
V/DBox    (  568): 150411 - Lcom/facebook/katana/HomeActivity; onCreate
V/DBox    (  568): 150412 + Lcom/facebook/katana/HomeActivity; onResume
V/DBox    (  568): 150412 + Lcom/facebook/katana/FacebookListActivity; onResume
V/DBox    (  568): 150413 - Lcom/facebook/katana/FacebookListActivity; onResume
V/DBox    (  568): 150421 - Lcom/facebook/katana/HomeActivity; onResume
V/DBox    (  568): 150430 + Lcom/facebook/katana/service/FacebookService; onCreate
V/DBox    (  568): 150430 - Lcom/facebook/katana/service/FacebookService; onCreate
V/DBox    (  568): 150432 + Lcom/facebook/katana/service/FacebookService; onStart
V/DBox    (  568): 150439 - Lcom/facebook/katana/service/FacebookService; onStart
V/DBox    (  568): 150440 + Lcom/facebook/katana/service/FacebookService; onStart
V/DBox    (  568): 150447 - Lcom/facebook/katana/service/FacebookService; onStart
V/DBox    (  568): 150448 + Lcom/facebook/katana/service/FacebookService; onStart
V/DBox    (  568): 150460 - Lcom/facebook/katana/service/FacebookService; onStart
V/DBox    (  568): 150904 + Lcom/facebook/katana/StreamActivity; onStop
V/DBox    (  568): 150905 - Lcom/facebook/katana/StreamActivity; onStop
V/DBox    (  568): 150905 + Lcom/facebook/katana/StreamActivity; onDestroy
V/DBox    (  568): 150906 - Lcom/facebook/katana/StreamActivity; onDestroy
V/DBox    (  568): 156060 + Lcom/facebook/katana/HomeActivity; onClick android.widget.LinearLayout@43f12c48
V/DBox    (  568): 156071 - Lcom/facebook/katana/HomeActivity; onClick
V/DBox    (  568): 156081 + Lcom/facebook/katana/HomeActivity; onPause
V/DBox    (  568): 156082 + Lcom/facebook/katana/FacebookListActivity; onPause
V/DBox    (  568): 156082 - Lcom/facebook/katana/FacebookListActivity; onPause
V/DBox    (  568): 156083 - Lcom/facebook/katana/HomeActivity; onPause
V/DBox    (  568): 156098 + Lcom/facebook/katana/ProfileTabHostActivity; onCreate
V/DBox    (  568): 156183 + Lcom/facebook/katana/StreamActivity; onCreate
V/DBox    (  568): 156219 - Lcom/facebook/katana/StreamActivity; onCreate
V/DBox    (  568): 156232 - Lcom/facebook/katana/ProfileTabHostActivity; onCreate
V/DBox    (  568): 156232 + Lcom/facebook/katana/ProfileTabHostActivity; onResume
V/DBox    (  568): 156233 + Lcom/facebook/katana/FacebookTabActivity; onResume
V/DBox    (  568): 156233 + Lcom/facebook/katana/StreamActivity; onResume
V/DBox    (  568): 156233 + Lcom/facebook/katana/FacebookListActivity; onResume
V/DBox    (  568): 156234 - Lcom/facebook/katana/FacebookListActivity; onResume
V/DBox    (  568): 156239 - Lcom/facebook/katana/StreamActivity; onResume
V/DBox    (  568): 156239 - Lcom/facebook/katana/FacebookTabActivity; onResume
V/DBox    (  568): 156242 - Lcom/facebook/katana/ProfileTabHostActivity; onResume
V/DBox    (  568): 156246 + Lcom/facebook/katana/service/FacebookService; onStart
V/DBox    (  568): 156277 - Lcom/facebook/katana/service/FacebookService; onStart
V/DBox    (  568): 156344 + Lcom/facebook/katana/service/FacebookService; onStart
V/DBox    (  568): 156348 - Lcom/facebook/katana/service/FacebookService; onStart
V/DBox    (  568): 156708 + Lcom/facebook/katana/service/FacebookService; onStart
V/DBox    (  568): 156708 - Lcom/facebook/katana/service/FacebookService; onStart
V/DBox    (  568): 161670 + Lcom/facebook/katana/ProfileTabHostActivity; onPause
V/DBox    (  568): 161670 + Lcom/facebook/katana/FacebookTabActivity; onPause
V/DBox    (  568): 161671 + Lcom/facebook/katana/StreamActivity; onPause
V/DBox    (  568): 161671 + Lcom/facebook/katana/FacebookListActivity; onPause
V/DBox    (  568): 161672 - Lcom/facebook/katana/FacebookListActivity; onPause
V/DBox    (  568): 161672 - Lcom/facebook/katana/StreamActivity; onPause
V/DBox    (  568): 161673 - Lcom/facebook/katana/FacebookTabActivity; onPause
V/DBox    (  568): 161673 - Lcom/facebook/katana/ProfileTabHostActivity; onPause
V/DBox    (  568): 161683 + Lcom/facebook/katana/HomeActivity; onResume
V/DBox    (  568): 161683 + Lcom/facebook/katana/FacebookListActivity; onResume
V/DBox    (  568): 161684 - Lcom/facebook/katana/FacebookListActivity; onResume
V/DBox    (  568): 161693 - Lcom/facebook/katana/HomeActivity; onResume
V/DBox    (  568): 161703 + Lcom/facebook/katana/service/FacebookService; onStart
V/DBox    (  568): 161710 - Lcom/facebook/katana/service/FacebookService; onStart
V/DBox    (  568): 161711 + Lcom/facebook/katana/service/FacebookService; onStart
V/DBox    (  568): 161721 - Lcom/facebook/katana/service/FacebookService; onStart
V/DBox    (  568): 161980 + Lcom/facebook/katana/StreamActivity; onStop
V/DBox    (  568): 161981 - Lcom/facebook/katana/StreamActivity; onStop
V/DBox    (  568): 161981 + Lcom/facebook/katana/ProfileTabHostActivity; onDestroy
V/DBox    (  568): 161982 + Lcom/facebook/katana/StreamActivity; onDestroy
V/DBox    (  568): 161982 - Lcom/facebook/katana/StreamActivity; onDestroy
V/DBox    (  568): 161983 - Lcom/facebook/katana/ProfileTabHostActivity; onDestroy
V/DBox    (  568): 169192 + Lcom/facebook/katana/HomeActivity; onClick android.widget.LinearLayout@43f12c48
V/DBox    (  568): 169212 - Lcom/facebook/katana/HomeActivity; onClick
V/DBox    (  568): 169222 + Lcom/facebook/katana/HomeActivity; onPause
V/DBox    (  568): 169223 + Lcom/facebook/katana/FacebookListActivity; onPause
V/DBox    (  568): 169230 - Lcom/facebook/katana/FacebookListActivity; onPause
V/DBox    (  568): 169232 - Lcom/facebook/katana/HomeActivity; onPause
V/DBox    (  568): 169253 + Lcom/facebook/katana/ProfileTabHostActivity; onCreate
V/DBox    (  568): 169273 + Lcom/facebook/katana/StreamActivity; onCreate
V/DBox    (  568): 169295 - Lcom/facebook/katana/StreamActivity; onCreate
V/DBox    (  568): 169301 - Lcom/facebook/katana/ProfileTabHostActivity; onCreate
V/DBox    (  568): 169302 + Lcom/facebook/katana/ProfileTabHostActivity; onResume
V/DBox    (  568): 169303 + Lcom/facebook/katana/FacebookTabActivity; onResume
V/DBox    (  568): 169303 + Lcom/facebook/katana/StreamActivity; onResume
V/DBox    (  568): 169304 + Lcom/facebook/katana/FacebookListActivity; onResume
V/DBox    (  568): 169304 - Lcom/facebook/katana/FacebookListActivity; onResume
V/DBox    (  568): 169309 - Lcom/facebook/katana/StreamActivity; onResume
V/DBox    (  568): 169309 - Lcom/facebook/katana/FacebookTabActivity; onResume
V/DBox    (  568): 169310 - Lcom/facebook/katana/ProfileTabHostActivity; onResume
V/DBox    (  568): 175526 + Lcom/facebook/katana/ProfileTabHostActivity; onPause
V/DBox    (  568): 175527 + Lcom/facebook/katana/FacebookTabActivity; onPause
V/DBox    (  568): 175527 + Lcom/facebook/katana/StreamActivity; onPause
V/DBox    (  568): 175528 + Lcom/facebook/katana/FacebookListActivity; onPause
V/DBox    (  568): 175528 - Lcom/facebook/katana/FacebookListActivity; onPause
V/DBox    (  568): 175529 - Lcom/facebook/katana/StreamActivity; onPause
V/DBox    (  568): 175529 - Lcom/facebook/katana/FacebookTabActivity; onPause
V/DBox    (  568): 175532 - Lcom/facebook/katana/ProfileTabHostActivity; onPause
V/DBox    (  568): 175542 + Lcom/facebook/katana/HomeActivity; onResume
V/DBox    (  568): 175550 + Lcom/facebook/katana/FacebookListActivity; onResume
V/DBox    (  568): 175551 - Lcom/facebook/katana/FacebookListActivity; onResume
V/DBox    (  568): 175559 - Lcom/facebook/katana/HomeActivity; onResume
V/DBox    (  568): 175569 + Lcom/facebook/katana/service/FacebookService; onStart
V/DBox    (  568): 175591 - Lcom/facebook/katana/service/FacebookService; onStart
V/DBox    (  568): 175592 + Lcom/facebook/katana/service/FacebookService; onStart
V/DBox    (  568): 175611 - Lcom/facebook/katana/service/FacebookService; onStart
V/DBox    (  568): 175939 + Lcom/facebook/katana/StreamActivity; onStop
V/DBox    (  568): 175941 - Lcom/facebook/katana/StreamActivity; onStop
V/DBox    (  568): 175943 + Lcom/facebook/katana/ProfileTabHostActivity; onDestroy
V/DBox    (  568): 175944 + Lcom/facebook/katana/StreamActivity; onDestroy
V/DBox    (  568): 175944 - Lcom/facebook/katana/StreamActivity; onDestroy
V/DBox    (  568): 175945 - Lcom/facebook/katana/ProfileTabHostActivity; onDestroy
V/DBox    (  568): 182795 + Lcom/facebook/katana/HomeActivity; onClick android.widget.LinearLayout@43f12c48
V/DBox    (  568): 182813 - Lcom/facebook/katana/HomeActivity; onClick
V/DBox    (  568): 182822 + Lcom/facebook/katana/HomeActivity; onPause
V/DBox    (  568): 182824 + Lcom/facebook/katana/FacebookListActivity; onPause
V/DBox    (  568): 182831 - Lcom/facebook/katana/FacebookListActivity; onPause
V/DBox    (  568): 182833 - Lcom/facebook/katana/HomeActivity; onPause
V/DBox    (  568): 182853 + Lcom/facebook/katana/ProfileTabHostActivity; onCreate
V/DBox    (  568): 182879 + Lcom/facebook/katana/StreamActivity; onCreate
V/DBox    (  568): 182897 - Lcom/facebook/katana/StreamActivity; onCreate
V/DBox    (  568): 182948 - Lcom/facebook/katana/ProfileTabHostActivity; onCreate
V/DBox    (  568): 182948 + Lcom/facebook/katana/ProfileTabHostActivity; onResume
V/DBox    (  568): 182949 + Lcom/facebook/katana/FacebookTabActivity; onResume
V/DBox    (  568): 182949 + Lcom/facebook/katana/StreamActivity; onResume
V/DBox    (  568): 182950 + Lcom/facebook/katana/FacebookListActivity; onResume
V/DBox    (  568): 182950 - Lcom/facebook/katana/FacebookListActivity; onResume
V/DBox    (  568): 182955 - Lcom/facebook/katana/StreamActivity; onResume
V/DBox    (  568): 182956 - Lcom/facebook/katana/FacebookTabActivity; onResume
V/DBox    (  568): 182956 - Lcom/facebook/katana/ProfileTabHostActivity; onResume
V/DBox    (  568): 192833 + Lcom/facebook/katana/ProfileTabHostActivity; onPause
V/DBox    (  568): 192834 + Lcom/facebook/katana/FacebookTabActivity; onPause
V/DBox    (  568): 192835 + Lcom/facebook/katana/StreamActivity; onPause
V/DBox    (  568): 192837 + Lcom/facebook/katana/FacebookListActivity; onPause
V/DBox    (  568): 192838 - Lcom/facebook/katana/FacebookListActivity; onPause
V/DBox    (  568): 192839 - Lcom/facebook/katana/StreamActivity; onPause
V/DBox    (  568): 192842 - Lcom/facebook/katana/FacebookTabActivity; onPause
V/DBox    (  568): 192845 - Lcom/facebook/katana/ProfileTabHostActivity; onPause
V/DBox    (  568): 192868 + Lcom/facebook/katana/HomeActivity; onResume
V/DBox    (  568): 192869 + Lcom/facebook/katana/FacebookListActivity; onResume
V/DBox    (  568): 192869 - Lcom/facebook/katana/FacebookListActivity; onResume
V/DBox    (  568): 192879 - Lcom/facebook/katana/HomeActivity; onResume
V/DBox    (  568): 192888 + Lcom/facebook/katana/service/FacebookService; onStart
V/DBox    (  568): 192894 - Lcom/facebook/katana/service/FacebookService; onStart
V/DBox    (  568): 192894 + Lcom/facebook/katana/service/FacebookService; onStart
V/DBox    (  568): 192906 - Lcom/facebook/katana/service/FacebookService; onStart
V/DBox    (  568): 193190 + Lcom/facebook/katana/StreamActivity; onStop
V/DBox    (  568): 193191 - Lcom/facebook/katana/StreamActivity; onStop
V/DBox    (  568): 193192 + Lcom/facebook/katana/ProfileTabHostActivity; onDestroy
V/DBox    (  568): 193192 + Lcom/facebook/katana/StreamActivity; onDestroy
V/DBox    (  568): 193193 - Lcom/facebook/katana/StreamActivity; onDestroy
V/DBox    (  568): 193194 - Lcom/facebook/katana/ProfileTabHostActivity; onDestroy
V/DBox    (  568): 203221 + Lcom/facebook/katana/HomeActivity; onClick android.widget.LinearLayout@43f12c48
V/DBox    (  568): 203235 - Lcom/facebook/katana/HomeActivity; onClick
V/DBox    (  568): 203238 + Lcom/facebook/katana/HomeActivity; onPause
V/DBox    (  568): 203245 + Lcom/facebook/katana/FacebookListActivity; onPause
V/DBox    (  568): 203245 - Lcom/facebook/katana/FacebookListActivity; onPause
V/DBox    (  568): 203246 - Lcom/facebook/katana/HomeActivity; onPause
V/DBox    (  568): 203257 + Lcom/facebook/katana/ProfileTabHostActivity; onCreate
V/DBox    (  568): 203276 + Lcom/facebook/katana/StreamActivity; onCreate
V/DBox    (  568): 203299 - Lcom/facebook/katana/StreamActivity; onCreate
V/DBox    (  568): 203305 - Lcom/facebook/katana/ProfileTabHostActivity; onCreate
V/DBox    (  568): 203306 + Lcom/facebook/katana/ProfileTabHostActivity; onResume
V/DBox    (  568): 203306 + Lcom/facebook/katana/FacebookTabActivity; onResume
V/DBox    (  568): 203307 + Lcom/facebook/katana/StreamActivity; onResume
V/DBox    (  568): 203308 + Lcom/facebook/katana/FacebookListActivity; onResume
V/DBox    (  568): 203308 - Lcom/facebook/katana/FacebookListActivity; onResume
V/DBox    (  568): 203313 - Lcom/facebook/katana/StreamActivity; onResume
V/DBox    (  568): 203314 - Lcom/facebook/katana/FacebookTabActivity; onResume
V/DBox    (  568): 203315 - Lcom/facebook/katana/ProfileTabHostActivity; onResume
V/DBox    (  568): 206844 + Lcom/facebook/katana/StreamActivity; onCreateOptionsMenu com.android.internal.view.menu.MenuBuilder@44016260
V/DBox    (  568): 206847 + Lcom/facebook/katana/ProfileTabHostActivity; onCreateOptionsMenu com.android.internal.view.menu.MenuBuilder@44016260
V/DBox    (  568): 206848 - Lcom/facebook/katana/ProfileTabHostActivity; onCreateOptionsMenu
V/DBox    (  568): 206849 - Lcom/facebook/katana/StreamActivity; onCreateOptionsMenu
V/DBox    (  568): 211904 + Lcom/facebook/katana/ProfileTabHostActivity; onPause
V/DBox    (  568): 211910 + Lcom/facebook/katana/FacebookTabActivity; onPause
V/DBox    (  568): 211911 + Lcom/facebook/katana/StreamActivity; onPause
V/DBox    (  568): 211912 + Lcom/facebook/katana/FacebookListActivity; onPause
V/DBox    (  568): 211914 - Lcom/facebook/katana/FacebookListActivity; onPause
V/DBox    (  568): 211915 - Lcom/facebook/katana/StreamActivity; onPause
V/DBox    (  568): 211919 - Lcom/facebook/katana/FacebookTabActivity; onPause
V/DBox    (  568): 211929 - Lcom/facebook/katana/ProfileTabHostActivity; onPause
V/DBox    (  568): 211943 + Lcom/facebook/katana/HomeActivity; onResume
V/DBox    (  568): 211943 + Lcom/facebook/katana/FacebookListActivity; onResume
V/DBox    (  568): 211943 - Lcom/facebook/katana/FacebookListActivity; onResume
V/DBox    (  568): 211953 - Lcom/facebook/katana/HomeActivity; onResume
V/DBox    (  568): 211963 + Lcom/facebook/katana/service/FacebookService; onStart
V/DBox    (  568): 211970 - Lcom/facebook/katana/service/FacebookService; onStart
V/DBox    (  568): 211971 + Lcom/facebook/katana/service/FacebookService; onStart
V/DBox    (  568): 211983 - Lcom/facebook/katana/service/FacebookService; onStart
V/DBox    (  568): 212072 + Lcom/facebook/katana/StreamActivity; onStop
V/DBox    (  568): 212075 - Lcom/facebook/katana/StreamActivity; onStop
V/DBox    (  568): 212076 + Lcom/facebook/katana/ProfileTabHostActivity; onDestroy
V/DBox    (  568): 212080 + Lcom/facebook/katana/StreamActivity; onDestroy
V/DBox    (  568): 212081 - Lcom/facebook/katana/StreamActivity; onDestroy
V/DBox    (  568): 212082 - Lcom/facebook/katana/ProfileTabHostActivity; onDestroy
V/DBox    (  568): 216553 + Lcom/facebook/katana/HomeActivity; onClick android.widget.LinearLayout@43f12c48
V/DBox    (  568): 216562 - Lcom/facebook/katana/HomeActivity; onClick
V/DBox    (  568): 216564 + Lcom/facebook/katana/HomeActivity; onPause
V/DBox    (  568): 216564 + Lcom/facebook/katana/FacebookListActivity; onPause
V/DBox    (  568): 216565 - Lcom/facebook/katana/FacebookListActivity; onPause
V/DBox    (  568): 216565 - Lcom/facebook/katana/HomeActivity; onPause
V/DBox    (  568): 216577 + Lcom/facebook/katana/ProfileTabHostActivity; onCreate
V/DBox    (  568): 216650 + Lcom/facebook/katana/StreamActivity; onCreate
V/DBox    (  568): 216680 - Lcom/facebook/katana/StreamActivity; onCreate
V/DBox    (  568): 216744 - Lcom/facebook/katana/ProfileTabHostActivity; onCreate
V/DBox    (  568): 216745 + Lcom/facebook/katana/ProfileTabHostActivity; onResume
V/DBox    (  568): 216746 + Lcom/facebook/katana/FacebookTabActivity; onResume
V/DBox    (  568): 216746 + Lcom/facebook/katana/StreamActivity; onResume
V/DBox    (  568): 216747 + Lcom/facebook/katana/FacebookListActivity; onResume
V/DBox    (  568): 216747 - Lcom/facebook/katana/FacebookListActivity; onResume
V/DBox    (  568): 216752 - Lcom/facebook/katana/StreamActivity; onResume
V/DBox    (  568): 216752 - Lcom/facebook/katana/FacebookTabActivity; onResume
V/DBox    (  568): 216753 - Lcom/facebook/katana/ProfileTabHostActivity; onResume
V/DBox    (  568): 226773 + Lcom/facebook/katana/ProfileTabHostActivity; onPause
V/DBox    (  568): 226774 + Lcom/facebook/katana/FacebookTabActivity; onPause
V/DBox    (  568): 226776 + Lcom/facebook/katana/StreamActivity; onPause
V/DBox    (  568): 226777 + Lcom/facebook/katana/FacebookListActivity; onPause
V/DBox    (  568): 226778 - Lcom/facebook/katana/FacebookListActivity; onPause
V/DBox    (  568): 226780 - Lcom/facebook/katana/StreamActivity; onPause
V/DBox    (  568): 226782 - Lcom/facebook/katana/FacebookTabActivity; onPause
V/DBox    (  568): 226786 - Lcom/facebook/katana/ProfileTabHostActivity; onPause
V/DBox    (  568): 226811 + Lcom/facebook/katana/HomeActivity; onResume
V/DBox    (  568): 226811 + Lcom/facebook/katana/FacebookListActivity; onResume
V/DBox    (  568): 226811 - Lcom/facebook/katana/FacebookListActivity; onResume
V/DBox    (  568): 226819 - Lcom/facebook/katana/HomeActivity; onResume
V/DBox    (  568): 226828 + Lcom/facebook/katana/service/FacebookService; onStart
V/DBox    (  568): 226834 - Lcom/facebook/katana/service/FacebookService; onStart
V/DBox    (  568): 226835 + Lcom/facebook/katana/service/FacebookService; onStart
V/DBox    (  568): 226847 - Lcom/facebook/katana/service/FacebookService; onStart
V/DBox    (  568): 227131 + Lcom/facebook/katana/StreamActivity; onStop
V/DBox    (  568): 227132 - Lcom/facebook/katana/StreamActivity; onStop
V/DBox    (  568): 227133 + Lcom/facebook/katana/ProfileTabHostActivity; onDestroy
V/DBox    (  568): 227134 + Lcom/facebook/katana/StreamActivity; onDestroy
V/DBox    (  568): 227134 - Lcom/facebook/katana/StreamActivity; onDestroy
V/DBox    (  568): 227135 - Lcom/facebook/katana/ProfileTabHostActivity; onDestroy
V/DBox    (  568): 234902 + Lcom/facebook/katana/HomeActivity; onClick android.widget.LinearLayout@43f12c48
V/DBox    (  568): 234923 - Lcom/facebook/katana/HomeActivity; onClick
V/DBox    (  568): 234926 + Lcom/facebook/katana/HomeActivity; onPause
V/DBox    (  568): 234927 + Lcom/facebook/katana/FacebookListActivity; onPause
V/DBox    (  568): 234929 - Lcom/facebook/katana/FacebookListActivity; onPause
V/DBox    (  568): 234931 - Lcom/facebook/katana/HomeActivity; onPause
V/DBox    (  568): 234946 + Lcom/facebook/katana/ProfileTabHostActivity; onCreate
V/DBox    (  568): 234964 + Lcom/facebook/katana/StreamActivity; onCreate
V/DBox    (  568): 234982 - Lcom/facebook/katana/StreamActivity; onCreate
V/DBox    (  568): 235007 - Lcom/facebook/katana/ProfileTabHostActivity; onCreate
V/DBox    (  568): 235010 + Lcom/facebook/katana/ProfileTabHostActivity; onResume
V/DBox    (  568): 235010 + Lcom/facebook/katana/FacebookTabActivity; onResume
V/DBox    (  568): 235011 + Lcom/facebook/katana/StreamActivity; onResume
V/DBox    (  568): 235016 + Lcom/facebook/katana/FacebookListActivity; onResume
V/DBox    (  568): 235017 - Lcom/facebook/katana/FacebookListActivity; onResume
V/DBox    (  568): 235022 - Lcom/facebook/katana/StreamActivity; onResume
V/DBox    (  568): 235022 - Lcom/facebook/katana/FacebookTabActivity; onResume
V/DBox    (  568): 235023 - Lcom/facebook/katana/ProfileTabHostActivity; onResume
V/DBox    (  568): 245803 + Lcom/facebook/katana/ProfileTabHostActivity; onPause
V/DBox    (  568): 245810 + Lcom/facebook/katana/FacebookTabActivity; onPause
V/DBox    (  568): 245812 + Lcom/facebook/katana/StreamActivity; onPause
V/DBox    (  568): 245814 + Lcom/facebook/katana/FacebookListActivity; onPause
V/DBox    (  568): 245815 - Lcom/facebook/katana/FacebookListActivity; onPause
V/DBox    (  568): 245825 - Lcom/facebook/katana/StreamActivity; onPause
V/DBox    (  568): 245826 - Lcom/facebook/katana/FacebookTabActivity; onPause
V/DBox    (  568): 245827 - Lcom/facebook/katana/ProfileTabHostActivity; onPause
V/DBox    (  568): 245851 + Lcom/facebook/katana/HomeActivity; onResume
V/DBox    (  568): 245851 + Lcom/facebook/katana/FacebookListActivity; onResume
V/DBox    (  568): 245852 - Lcom/facebook/katana/FacebookListActivity; onResume
V/DBox    (  568): 245859 - Lcom/facebook/katana/HomeActivity; onResume
V/DBox    (  568): 245868 + Lcom/facebook/katana/service/FacebookService; onStart
V/DBox    (  568): 245875 - Lcom/facebook/katana/service/FacebookService; onStart
V/DBox    (  568): 245876 + Lcom/facebook/katana/service/FacebookService; onStart
V/DBox    (  568): 245891 - Lcom/facebook/katana/service/FacebookService; onStart
V/DBox    (  568): 246105 + Lcom/facebook/katana/StreamActivity; onStop
V/DBox    (  568): 246106 - Lcom/facebook/katana/StreamActivity; onStop
V/DBox    (  568): 246106 + Lcom/facebook/katana/ProfileTabHostActivity; onDestroy
V/DBox    (  568): 246106 + Lcom/facebook/katana/StreamActivity; onDestroy
V/DBox    (  568): 246107 - Lcom/facebook/katana/StreamActivity; onDestroy
V/DBox    (  568): 246107 - Lcom/facebook/katana/ProfileTabHostActivity; onDestroy
V/DBox    (  568): 254106 + Lcom/facebook/katana/HomeActivity; onClick android.widget.LinearLayout@43f12c48
V/DBox    (  568): 254117 - Lcom/facebook/katana/HomeActivity; onClick
V/DBox    (  568): 254118 + Lcom/facebook/katana/HomeActivity; onPause
V/DBox    (  568): 254118 + Lcom/facebook/katana/FacebookListActivity; onPause
V/DBox    (  568): 254119 - Lcom/facebook/katana/FacebookListActivity; onPause
V/DBox    (  568): 254123 - Lcom/facebook/katana/HomeActivity; onPause
V/DBox    (  568): 254137 + Lcom/facebook/katana/ProfileTabHostActivity; onCreate
V/DBox    (  568): 254177 + Lcom/facebook/katana/StreamActivity; onCreate
V/DBox    (  568): 254202 - Lcom/facebook/katana/StreamActivity; onCreate
V/DBox    (  568): 254208 - Lcom/facebook/katana/ProfileTabHostActivity; onCreate
V/DBox    (  568): 254209 + Lcom/facebook/katana/ProfileTabHostActivity; onResume
V/DBox    (  568): 254209 + Lcom/facebook/katana/FacebookTabActivity; onResume
V/DBox    (  568): 254210 + Lcom/facebook/katana/StreamActivity; onResume
V/DBox    (  568): 254210 + Lcom/facebook/katana/FacebookListActivity; onResume
V/DBox    (  568): 254211 - Lcom/facebook/katana/FacebookListActivity; onResume
V/DBox    (  568): 254216 - Lcom/facebook/katana/StreamActivity; onResume
V/DBox    (  568): 254216 - Lcom/facebook/katana/FacebookTabActivity; onResume
V/DBox    (  568): 254217 - Lcom/facebook/katana/ProfileTabHostActivity; onResume
V/DBox    (  568): 276972 + Lcom/facebook/katana/ProfileTabHostActivity; onPause
V/DBox    (  568): 276974 + Lcom/facebook/katana/FacebookTabActivity; onPause
V/DBox    (  568): 276975 + Lcom/facebook/katana/StreamActivity; onPause
V/DBox    (  568): 276976 + Lcom/facebook/katana/FacebookListActivity; onPause
V/DBox    (  568): 276980 - Lcom/facebook/katana/FacebookListActivity; onPause
V/DBox    (  568): 276982 - Lcom/facebook/katana/StreamActivity; onPause
V/DBox    (  568): 276984 - Lcom/facebook/katana/FacebookTabActivity; onPause
V/DBox    (  568): 277006 - Lcom/facebook/katana/ProfileTabHostActivity; onPause
V/DBox    (  568): 277016 + Lcom/facebook/katana/HomeActivity; onResume
V/DBox    (  568): 277017 + Lcom/facebook/katana/FacebookListActivity; onResume
V/DBox    (  568): 277017 - Lcom/facebook/katana/FacebookListActivity; onResume
V/DBox    (  568): 277034 - Lcom/facebook/katana/HomeActivity; onResume
V/DBox    (  568): 277055 + Lcom/facebook/katana/service/FacebookService; onStart
V/DBox    (  568): 277070 - Lcom/facebook/katana/service/FacebookService; onStart
V/DBox    (  568): 277071 + Lcom/facebook/katana/service/FacebookService; onStart
V/DBox    (  568): 277087 - Lcom/facebook/katana/service/FacebookService; onStart
V/DBox    (  568): 277325 + Lcom/facebook/katana/StreamActivity; onStop
V/DBox    (  568): 277328 - Lcom/facebook/katana/StreamActivity; onStop
V/DBox    (  568): 277328 + Lcom/facebook/katana/ProfileTabHostActivity; onDestroy
V/DBox    (  568): 277329 + Lcom/facebook/katana/StreamActivity; onDestroy
V/DBox    (  568): 277329 - Lcom/facebook/katana/StreamActivity; onDestroy
V/DBox    (  568): 277330 - Lcom/facebook/katana/ProfileTabHostActivity; onDestroy
V/DBox    (  568): 283562 + Lcom/facebook/katana/HomeActivity; onClick android.widget.LinearLayout@43f12c48
V/DBox    (  568): 283577 - Lcom/facebook/katana/HomeActivity; onClick
V/DBox    (  568): 283578 + Lcom/facebook/katana/HomeActivity; onPause
V/DBox    (  568): 283578 + Lcom/facebook/katana/FacebookListActivity; onPause
V/DBox    (  568): 283579 - Lcom/facebook/katana/FacebookListActivity; onPause
V/DBox    (  568): 283579 - Lcom/facebook/katana/HomeActivity; onPause
V/DBox    (  568): 283592 + Lcom/facebook/katana/ProfileTabHostActivity; onCreate
V/DBox    (  568): 283652 + Lcom/facebook/katana/StreamActivity; onCreate
V/DBox    (  568): 283672 - Lcom/facebook/katana/StreamActivity; onCreate
V/DBox    (  568): 283677 - Lcom/facebook/katana/ProfileTabHostActivity; onCreate
V/DBox    (  568): 283678 + Lcom/facebook/katana/ProfileTabHostActivity; onResume
V/DBox    (  568): 283678 + Lcom/facebook/katana/FacebookTabActivity; onResume
V/DBox    (  568): 283679 + Lcom/facebook/katana/StreamActivity; onResume
V/DBox    (  568): 283679 + Lcom/facebook/katana/FacebookListActivity; onResume
V/DBox    (  568): 283680 - Lcom/facebook/katana/FacebookListActivity; onResume
V/DBox    (  568): 283685 - Lcom/facebook/katana/StreamActivity; onResume
V/DBox    (  568): 283686 - Lcom/facebook/katana/FacebookTabActivity; onResume
V/DBox    (  568): 283686 - Lcom/facebook/katana/ProfileTabHostActivity; onResume
V/DBox    (  568): 291069 + Lcom/facebook/katana/ProfileTabHostActivity; onPause
V/DBox    (  568): 291069 + Lcom/facebook/katana/FacebookTabActivity; onPause
V/DBox    (  568): 291070 + Lcom/facebook/katana/StreamActivity; onPause
V/DBox    (  568): 291070 + Lcom/facebook/katana/FacebookListActivity; onPause
V/DBox    (  568): 291071 - Lcom/facebook/katana/FacebookListActivity; onPause
V/DBox    (  568): 291076 - Lcom/facebook/katana/StreamActivity; onPause
V/DBox    (  568): 291077 - Lcom/facebook/katana/FacebookTabActivity; onPause
V/DBox    (  568): 291077 - Lcom/facebook/katana/ProfileTabHostActivity; onPause
V/DBox    (  568): 291089 + Lcom/facebook/katana/HomeActivity; onResume
V/DBox    (  568): 291089 + Lcom/facebook/katana/FacebookListActivity; onResume
V/DBox    (  568): 291090 - Lcom/facebook/katana/FacebookListActivity; onResume
V/DBox    (  568): 291104 - Lcom/facebook/katana/HomeActivity; onResume
V/DBox    (  568): 291111 + Lcom/facebook/katana/service/FacebookService; onStart
V/DBox    (  568): 291123 - Lcom/facebook/katana/service/FacebookService; onStart
V/DBox    (  568): 291129 + Lcom/facebook/katana/service/FacebookService; onStart
V/DBox    (  568): 291151 - Lcom/facebook/katana/service/FacebookService; onStart
V/DBox    (  568): 291379 + Lcom/facebook/katana/StreamActivity; onStop
V/DBox    (  568): 291380 - Lcom/facebook/katana/StreamActivity; onStop
V/DBox    (  568): 291381 + Lcom/facebook/katana/ProfileTabHostActivity; onDestroy
V/DBox    (  568): 291383 + Lcom/facebook/katana/StreamActivity; onDestroy
V/DBox    (  568): 291384 - Lcom/facebook/katana/StreamActivity; onDestroy
V/DBox    (  568): 291384 - Lcom/facebook/katana/ProfileTabHostActivity; onDestroy
V/DBox    (  568): 297046 + Lcom/facebook/katana/HomeActivity; onClick android.widget.LinearLayout@43f12c48
V/DBox    (  568): 297055 - Lcom/facebook/katana/HomeActivity; onClick
V/DBox    (  568): 297056 + Lcom/facebook/katana/HomeActivity; onPause
V/DBox    (  568): 297057 + Lcom/facebook/katana/FacebookListActivity; onPause
V/DBox    (  568): 297060 - Lcom/facebook/katana/FacebookListActivity; onPause
V/DBox    (  568): 297061 - Lcom/facebook/katana/HomeActivity; onPause
V/DBox    (  568): 297088 + Lcom/facebook/katana/ProfileTabHostActivity; onCreate
V/DBox    (  568): 297116 + Lcom/facebook/katana/StreamActivity; onCreate
V/DBox    (  568): 297143 - Lcom/facebook/katana/StreamActivity; onCreate
V/DBox    (  568): 297160 - Lcom/facebook/katana/ProfileTabHostActivity; onCreate
V/DBox    (  568): 297161 + Lcom/facebook/katana/ProfileTabHostActivity; onResume
V/DBox    (  568): 297162 + Lcom/facebook/katana/FacebookTabActivity; onResume
V/DBox    (  568): 297162 + Lcom/facebook/katana/StreamActivity; onResume
V/DBox    (  568): 297162 + Lcom/facebook/katana/FacebookListActivity; onResume
V/DBox    (  568): 297163 - Lcom/facebook/katana/FacebookListActivity; onResume
V/DBox    (  568): 297166 - Lcom/facebook/katana/StreamActivity; onResume
V/DBox    (  568): 297167 - Lcom/facebook/katana/FacebookTabActivity; onResume
V/DBox    (  568): 297168 - Lcom/facebook/katana/ProfileTabHostActivity; onResume
V/DBox    (  568): 305843 + Lcom/facebook/katana/ProfileTabHostActivity; onPause
V/DBox    (  568): 305844 + Lcom/facebook/katana/FacebookTabActivity; onPause
V/DBox    (  568): 305845 + Lcom/facebook/katana/StreamActivity; onPause
V/DBox    (  568): 305847 + Lcom/facebook/katana/FacebookListActivity; onPause
V/DBox    (  568): 305850 - Lcom/facebook/katana/FacebookListActivity; onPause
V/DBox    (  568): 305852 - Lcom/facebook/katana/StreamActivity; onPause
V/DBox    (  568): 305859 - Lcom/facebook/katana/FacebookTabActivity; onPause
V/DBox    (  568): 305861 - Lcom/facebook/katana/ProfileTabHostActivity; onPause
V/DBox    (  568): 305880 + Lcom/facebook/katana/HomeActivity; onResume
V/DBox    (  568): 305880 + Lcom/facebook/katana/FacebookListActivity; onResume
V/DBox    (  568): 305881 - Lcom/facebook/katana/FacebookListActivity; onResume
V/DBox    (  568): 305888 - Lcom/facebook/katana/HomeActivity; onResume
V/DBox    (  568): 305896 + Lcom/facebook/katana/service/FacebookService; onStart
V/DBox    (  568): 305903 - Lcom/facebook/katana/service/FacebookService; onStart
V/DBox    (  568): 305904 + Lcom/facebook/katana/service/FacebookService; onStart
V/DBox    (  568): 305917 - Lcom/facebook/katana/service/FacebookService; onStart
V/DBox    (  568): 306137 + Lcom/facebook/katana/StreamActivity; onStop
V/DBox    (  568): 306138 - Lcom/facebook/katana/StreamActivity; onStop
V/DBox    (  568): 306138 + Lcom/facebook/katana/ProfileTabHostActivity; onDestroy
V/DBox    (  568): 306139 + Lcom/facebook/katana/StreamActivity; onDestroy
V/DBox    (  568): 306139 - Lcom/facebook/katana/StreamActivity; onDestroy
V/DBox    (  568): 306140 - Lcom/facebook/katana/ProfileTabHostActivity; onDestroy
V/DBox    (  568): 312540 + Lcom/facebook/katana/HomeActivity; onClick android.widget.LinearLayout@43f12c48
V/DBox    (  568): 312552 - Lcom/facebook/katana/HomeActivity; onClick
V/DBox    (  568): 312561 + Lcom/facebook/katana/HomeActivity; onPause
V/DBox    (  568): 312561 + Lcom/facebook/katana/FacebookListActivity; onPause
V/DBox    (  568): 312562 - Lcom/facebook/katana/FacebookListActivity; onPause
V/DBox    (  568): 312562 - Lcom/facebook/katana/HomeActivity; onPause
V/DBox    (  568): 312574 + Lcom/facebook/katana/ProfileTabHostActivity; onCreate
V/DBox    (  568): 312612 + Lcom/facebook/katana/StreamActivity; onCreate
V/DBox    (  568): 312644 - Lcom/facebook/katana/StreamActivity; onCreate
V/DBox    (  568): 312692 - Lcom/facebook/katana/ProfileTabHostActivity; onCreate
V/DBox    (  568): 312693 + Lcom/facebook/katana/ProfileTabHostActivity; onResume
V/DBox    (  568): 312693 + Lcom/facebook/katana/FacebookTabActivity; onResume
V/DBox    (  568): 312694 + Lcom/facebook/katana/StreamActivity; onResume
V/DBox    (  568): 312694 + Lcom/facebook/katana/FacebookListActivity; onResume
V/DBox    (  568): 312695 - Lcom/facebook/katana/FacebookListActivity; onResume
V/DBox    (  568): 312698 - Lcom/facebook/katana/StreamActivity; onResume
V/DBox    (  568): 312699 - Lcom/facebook/katana/FacebookTabActivity; onResume
V/DBox    (  568): 312700 - Lcom/facebook/katana/ProfileTabHostActivity; onResume
V/DBox    (  568): 318621 + Lcom/facebook/katana/ProfileTabHostActivity; onPause
V/DBox    (  568): 318621 + Lcom/facebook/katana/FacebookTabActivity; onPause
V/DBox    (  568): 318622 + Lcom/facebook/katana/StreamActivity; onPause
V/DBox    (  568): 318623 + Lcom/facebook/katana/FacebookListActivity; onPause
V/DBox    (  568): 318623 - Lcom/facebook/katana/FacebookListActivity; onPause
V/DBox    (  568): 318629 - Lcom/facebook/katana/StreamActivity; onPause
V/DBox    (  568): 318630 - Lcom/facebook/katana/FacebookTabActivity; onPause
V/DBox    (  568): 318631 - Lcom/facebook/katana/ProfileTabHostActivity; onPause
V/DBox    (  568): 318645 + Lcom/facebook/katana/HomeActivity; onResume
V/DBox    (  568): 318646 + Lcom/facebook/katana/FacebookListActivity; onResume
V/DBox    (  568): 318647 - Lcom/facebook/katana/FacebookListActivity; onResume
V/DBox    (  568): 318657 - Lcom/facebook/katana/HomeActivity; onResume
V/DBox    (  568): 318665 + Lcom/facebook/katana/service/FacebookService; onStart
V/DBox    (  568): 318673 - Lcom/facebook/katana/service/FacebookService; onStart
V/DBox    (  568): 318673 + Lcom/facebook/katana/service/FacebookService; onStart
V/DBox    (  568): 318684 - Lcom/facebook/katana/service/FacebookService; onStart
V/DBox    (  568): 318929 + Lcom/facebook/katana/StreamActivity; onStop
V/DBox    (  568): 318930 - Lcom/facebook/katana/StreamActivity; onStop
V/DBox    (  568): 318931 + Lcom/facebook/katana/ProfileTabHostActivity; onDestroy
V/DBox    (  568): 318931 + Lcom/facebook/katana/StreamActivity; onDestroy
V/DBox    (  568): 318931 - Lcom/facebook/katana/StreamActivity; onDestroy
V/DBox    (  568): 318932 - Lcom/facebook/katana/ProfileTabHostActivity; onDestroy
V/DBox    (  568): 323472 + Lcom/facebook/katana/HomeActivity; onClick android.widget.LinearLayout@43f12c48
V/DBox    (  568): 323481 - Lcom/facebook/katana/HomeActivity; onClick
V/DBox    (  568): 323502 + Lcom/facebook/katana/HomeActivity; onPause
V/DBox    (  568): 323502 + Lcom/facebook/katana/FacebookListActivity; onPause
V/DBox    (  568): 323503 - Lcom/facebook/katana/FacebookListActivity; onPause
V/DBox    (  568): 323503 - Lcom/facebook/katana/HomeActivity; onPause
V/DBox    (  568): 323512 + Lcom/facebook/katana/ProfileTabHostActivity; onCreate
V/DBox    (  568): 323564 + Lcom/facebook/katana/StreamActivity; onCreate
V/DBox    (  568): 323591 - Lcom/facebook/katana/StreamActivity; onCreate
V/DBox    (  568): 323600 - Lcom/facebook/katana/ProfileTabHostActivity; onCreate
V/DBox    (  568): 323610 + Lcom/facebook/katana/ProfileTabHostActivity; onResume
V/DBox    (  568): 323610 + Lcom/facebook/katana/FacebookTabActivity; onResume
V/DBox    (  568): 323611 + Lcom/facebook/katana/StreamActivity; onResume
V/DBox    (  568): 323611 + Lcom/facebook/katana/FacebookListActivity; onResume
V/DBox    (  568): 323612 - Lcom/facebook/katana/FacebookListActivity; onResume
V/DBox    (  568): 323615 - Lcom/facebook/katana/StreamActivity; onResume
V/DBox    (  568): 323616 - Lcom/facebook/katana/FacebookTabActivity; onResume
V/DBox    (  568): 323616 - Lcom/facebook/katana/ProfileTabHostActivity; onResume
V/DBox    (  568): 330012 + Lcom/facebook/katana/ProfileTabHostActivity; onPause
V/DBox    (  568): 330020 + Lcom/facebook/katana/FacebookTabActivity; onPause
V/DBox    (  568): 330022 + Lcom/facebook/katana/StreamActivity; onPause
V/DBox    (  568): 330034 + Lcom/facebook/katana/FacebookListActivity; onPause
V/DBox    (  568): 330035 - Lcom/facebook/katana/FacebookListActivity; onPause
V/DBox    (  568): 330035 - Lcom/facebook/katana/StreamActivity; onPause
V/DBox    (  568): 330038 - Lcom/facebook/katana/FacebookTabActivity; onPause
V/DBox    (  568): 330041 - Lcom/facebook/katana/ProfileTabHostActivity; onPause
V/DBox    (  568): 330066 + Lcom/facebook/katana/HomeActivity; onResume
V/DBox    (  568): 330067 + Lcom/facebook/katana/FacebookListActivity; onResume
V/DBox    (  568): 330067 - Lcom/facebook/katana/FacebookListActivity; onResume
V/DBox    (  568): 330075 - Lcom/facebook/katana/HomeActivity; onResume
V/DBox    (  568): 330084 + Lcom/facebook/katana/service/FacebookService; onStart
V/DBox    (  568): 330105 - Lcom/facebook/katana/service/FacebookService; onStart
V/DBox    (  568): 330108 + Lcom/facebook/katana/service/FacebookService; onStart
V/DBox    (  568): 330129 - Lcom/facebook/katana/service/FacebookService; onStart
V/DBox    (  568): 330373 + Lcom/facebook/katana/StreamActivity; onStop
V/DBox    (  568): 330377 - Lcom/facebook/katana/StreamActivity; onStop
V/DBox    (  568): 330378 + Lcom/facebook/katana/ProfileTabHostActivity; onDestroy
V/DBox    (  568): 330378 + Lcom/facebook/katana/StreamActivity; onDestroy
V/DBox    (  568): 330382 - Lcom/facebook/katana/StreamActivity; onDestroy
V/DBox    (  568): 330383 - Lcom/facebook/katana/ProfileTabHostActivity; onDestroy
V/DBox    (  568): 338051 + Lcom/facebook/katana/HomeActivity; onClick android.widget.LinearLayout@43f12c48
V/DBox    (  568): 338055 - Lcom/facebook/katana/HomeActivity; onClick
V/DBox    (  568): 338057 + Lcom/facebook/katana/HomeActivity; onPause
V/DBox    (  568): 338060 + Lcom/facebook/katana/FacebookListActivity; onPause
V/DBox    (  568): 338060 - Lcom/facebook/katana/FacebookListActivity; onPause
V/DBox    (  568): 338061 - Lcom/facebook/katana/HomeActivity; onPause
V/DBox    (  568): 338075 + Lcom/facebook/katana/ProfileTabHostActivity; onCreate
V/DBox    (  568): 338138 + Lcom/facebook/katana/StreamActivity; onCreate
V/DBox    (  568): 338163 - Lcom/facebook/katana/StreamActivity; onCreate
V/DBox    (  568): 338170 - Lcom/facebook/katana/ProfileTabHostActivity; onCreate
V/DBox    (  568): 338171 + Lcom/facebook/katana/ProfileTabHostActivity; onResume
V/DBox    (  568): 338172 + Lcom/facebook/katana/FacebookTabActivity; onResume
V/DBox    (  568): 338172 + Lcom/facebook/katana/StreamActivity; onResume
V/DBox    (  568): 338172 + Lcom/facebook/katana/FacebookListActivity; onResume
V/DBox    (  568): 338173 - Lcom/facebook/katana/FacebookListActivity; onResume
V/DBox    (  568): 338176 - Lcom/facebook/katana/StreamActivity; onResume
V/DBox    (  568): 338177 - Lcom/facebook/katana/FacebookTabActivity; onResume
V/DBox    (  568): 338178 - Lcom/facebook/katana/ProfileTabHostActivity; onResume
V/DBox    (  568): 346047 + Lcom/facebook/katana/ProfileTabHostActivity; onPause
V/DBox    (  568): 346047 + Lcom/facebook/katana/FacebookTabActivity; onPause
V/DBox    (  568): 346048 + Lcom/facebook/katana/StreamActivity; onPause
V/DBox    (  568): 346048 + Lcom/facebook/katana/FacebookListActivity; onPause
V/DBox    (  568): 346049 - Lcom/facebook/katana/FacebookListActivity; onPause
V/DBox    (  568): 346050 - Lcom/facebook/katana/StreamActivity; onPause
V/DBox    (  568): 346051 - Lcom/facebook/katana/FacebookTabActivity; onPause
V/DBox    (  568): 346053 - Lcom/facebook/katana/ProfileTabHostActivity; onPause
V/DBox    (  568): 346066 + Lcom/facebook/katana/HomeActivity; onResume
V/DBox    (  568): 346070 + Lcom/facebook/katana/FacebookListActivity; onResume
V/DBox    (  568): 346070 - Lcom/facebook/katana/FacebookListActivity; onResume
V/DBox    (  568): 346077 - Lcom/facebook/katana/HomeActivity; onResume
V/DBox    (  568): 346088 + Lcom/facebook/katana/service/FacebookService; onStart
V/DBox    (  568): 346104 - Lcom/facebook/katana/service/FacebookService; onStart
V/DBox    (  568): 346105 + Lcom/facebook/katana/service/FacebookService; onStart
V/DBox    (  568): 346130 - Lcom/facebook/katana/service/FacebookService; onStart
V/DBox    (  568): 346395 + Lcom/facebook/katana/StreamActivity; onStop
V/DBox    (  568): 346395 - Lcom/facebook/katana/StreamActivity; onStop
V/DBox    (  568): 346396 + Lcom/facebook/katana/ProfileTabHostActivity; onDestroy
V/DBox    (  568): 346397 + Lcom/facebook/katana/StreamActivity; onDestroy
V/DBox    (  568): 346397 - Lcom/facebook/katana/StreamActivity; onDestroy
V/DBox    (  568): 346397 - Lcom/facebook/katana/ProfileTabHostActivity; onDestroy
V/DBox    (  568): 354646 + Lcom/facebook/katana/HomeActivity; onClick android.widget.LinearLayout@43f12c48
V/DBox    (  568): 354654 - Lcom/facebook/katana/HomeActivity; onClick
V/DBox    (  568): 354661 + Lcom/facebook/katana/HomeActivity; onPause
V/DBox    (  568): 354662 + Lcom/facebook/katana/FacebookListActivity; onPause
V/DBox    (  568): 354663 - Lcom/facebook/katana/FacebookListActivity; onPause
V/DBox    (  568): 354663 - Lcom/facebook/katana/HomeActivity; onPause
V/DBox    (  568): 354681 + Lcom/facebook/katana/ProfileTabHostActivity; onCreate
V/DBox    (  568): 354702 + Lcom/facebook/katana/StreamActivity; onCreate
V/DBox    (  568): 354719 - Lcom/facebook/katana/StreamActivity; onCreate
V/DBox    (  568): 354724 - Lcom/facebook/katana/ProfileTabHostActivity; onCreate
V/DBox    (  568): 354725 + Lcom/facebook/katana/ProfileTabHostActivity; onResume
V/DBox    (  568): 354725 + Lcom/facebook/katana/FacebookTabActivity; onResume
V/DBox    (  568): 354726 + Lcom/facebook/katana/StreamActivity; onResume
V/DBox    (  568): 354727 + Lcom/facebook/katana/FacebookListActivity; onResume
V/DBox    (  568): 354727 - Lcom/facebook/katana/FacebookListActivity; onResume
V/DBox    (  568): 354732 - Lcom/facebook/katana/StreamActivity; onResume
V/DBox    (  568): 354733 - Lcom/facebook/katana/FacebookTabActivity; onResume
V/DBox    (  568): 354733 - Lcom/facebook/katana/ProfileTabHostActivity; onResume
V/DBox    (  568): 361832 + Lcom/facebook/katana/ProfileTabHostActivity; onPause
V/DBox    (  568): 361834 + Lcom/facebook/katana/FacebookTabActivity; onPause
V/DBox    (  568): 361835 + Lcom/facebook/katana/StreamActivity; onPause
V/DBox    (  568): 361837 + Lcom/facebook/katana/FacebookListActivity; onPause
V/DBox    (  568): 361840 - Lcom/facebook/katana/FacebookListActivity; onPause
V/DBox    (  568): 361844 - Lcom/facebook/katana/StreamActivity; onPause
V/DBox    (  568): 361846 - Lcom/facebook/katana/FacebookTabActivity; onPause
V/DBox    (  568): 361850 - Lcom/facebook/katana/ProfileTabHostActivity; onPause
V/DBox    (  568): 361884 + Lcom/facebook/katana/HomeActivity; onResume
V/DBox    (  568): 361884 + Lcom/facebook/katana/FacebookListActivity; onResume
V/DBox    (  568): 361885 - Lcom/facebook/katana/FacebookListActivity; onResume
V/DBox    (  568): 361893 - Lcom/facebook/katana/HomeActivity; onResume
V/DBox    (  568): 361900 + Lcom/facebook/katana/service/FacebookService; onStart
V/DBox    (  568): 361908 - Lcom/facebook/katana/service/FacebookService; onStart
V/DBox    (  568): 361908 + Lcom/facebook/katana/service/FacebookService; onStart
V/DBox    (  568): 361918 - Lcom/facebook/katana/service/FacebookService; onStart
V/DBox    (  568): 362163 + Lcom/facebook/katana/StreamActivity; onStop
V/DBox    (  568): 362166 - Lcom/facebook/katana/StreamActivity; onStop
V/DBox    (  568): 362166 + Lcom/facebook/katana/ProfileTabHostActivity; onDestroy
V/DBox    (  568): 362166 + Lcom/facebook/katana/StreamActivity; onDestroy
V/DBox    (  568): 362167 - Lcom/facebook/katana/StreamActivity; onDestroy
V/DBox    (  568): 362167 - Lcom/facebook/katana/ProfileTabHostActivity; onDestroy
V/DBox    (  568): 368975 + Lcom/facebook/katana/HomeActivity; onClick android.widget.LinearLayout@43f12c48
V/DBox    (  568): 369016 - Lcom/facebook/katana/HomeActivity; onClick
V/DBox    (  568): 369017 + Lcom/facebook/katana/HomeActivity; onPause
V/DBox    (  568): 369020 + Lcom/facebook/katana/FacebookListActivity; onPause
V/DBox    (  568): 369024 - Lcom/facebook/katana/FacebookListActivity; onPause
V/DBox    (  568): 369025 - Lcom/facebook/katana/HomeActivity; onPause
V/DBox    (  568): 369045 + Lcom/facebook/katana/ProfileTabHostActivity; onCreate
V/DBox    (  568): 369085 + Lcom/facebook/katana/StreamActivity; onCreate
V/DBox    (  568): 369112 - Lcom/facebook/katana/StreamActivity; onCreate
V/DBox    (  568): 369131 - Lcom/facebook/katana/ProfileTabHostActivity; onCreate
V/DBox    (  568): 369132 + Lcom/facebook/katana/ProfileTabHostActivity; onResume
V/DBox    (  568): 369132 + Lcom/facebook/katana/FacebookTabActivity; onResume
V/DBox    (  568): 369133 + Lcom/facebook/katana/StreamActivity; onResume
V/DBox    (  568): 369133 + Lcom/facebook/katana/FacebookListActivity; onResume
V/DBox    (  568): 369134 - Lcom/facebook/katana/FacebookListActivity; onResume
V/DBox    (  568): 369137 - Lcom/facebook/katana/StreamActivity; onResume
V/DBox    (  568): 369140 - Lcom/facebook/katana/FacebookTabActivity; onResume
V/DBox    (  568): 369141 - Lcom/facebook/katana/ProfileTabHostActivity; onResume
V/DBox    (  568): 378333 + Lcom/facebook/katana/ProfileTabHostActivity; onPause
V/DBox    (  568): 378334 + Lcom/facebook/katana/FacebookTabActivity; onPause
V/DBox    (  568): 378335 + Lcom/facebook/katana/StreamActivity; onPause
V/DBox    (  568): 378337 + Lcom/facebook/katana/FacebookListActivity; onPause
V/DBox    (  568): 378338 - Lcom/facebook/katana/FacebookListActivity; onPause
V/DBox    (  568): 378339 - Lcom/facebook/katana/StreamActivity; onPause
V/DBox    (  568): 378348 - Lcom/facebook/katana/FacebookTabActivity; onPause
V/DBox    (  568): 378349 - Lcom/facebook/katana/ProfileTabHostActivity; onPause
V/DBox    (  568): 378370 + Lcom/facebook/katana/HomeActivity; onResume
V/DBox    (  568): 378370 + Lcom/facebook/katana/FacebookListActivity; onResume
V/DBox    (  568): 378371 - Lcom/facebook/katana/FacebookListActivity; onResume
V/DBox    (  568): 378377 - Lcom/facebook/katana/HomeActivity; onResume
V/DBox    (  568): 378385 + Lcom/facebook/katana/service/FacebookService; onStart
V/DBox    (  568): 378395 - Lcom/facebook/katana/service/FacebookService; onStart
V/DBox    (  568): 378398 + Lcom/facebook/katana/service/FacebookService; onStart
V/DBox    (  568): 378407 - Lcom/facebook/katana/service/FacebookService; onStart
V/DBox    (  568): 378653 + Lcom/facebook/katana/StreamActivity; onStop
V/DBox    (  568): 378653 - Lcom/facebook/katana/StreamActivity; onStop
V/DBox    (  568): 378654 + Lcom/facebook/katana/ProfileTabHostActivity; onDestroy
V/DBox    (  568): 378655 + Lcom/facebook/katana/StreamActivity; onDestroy
V/DBox    (  568): 378655 - Lcom/facebook/katana/StreamActivity; onDestroy
V/DBox    (  568): 378656 - Lcom/facebook/katana/ProfileTabHostActivity; onDestroy
V/DBox    (  568): 386157 + Lcom/facebook/katana/HomeActivity; onClick android.widget.LinearLayout@43f12c48
V/DBox    (  568): 386163 - Lcom/facebook/katana/HomeActivity; onClick
V/DBox    (  568): 386165 + Lcom/facebook/katana/HomeActivity; onPause
V/DBox    (  568): 386166 + Lcom/facebook/katana/FacebookListActivity; onPause
V/DBox    (  568): 386167 - Lcom/facebook/katana/FacebookListActivity; onPause
V/DBox    (  568): 386168 - Lcom/facebook/katana/HomeActivity; onPause
V/DBox    (  568): 386184 + Lcom/facebook/katana/ProfileTabHostActivity; onCreate
V/DBox    (  568): 386199 + Lcom/facebook/katana/StreamActivity; onCreate
V/DBox    (  568): 386215 - Lcom/facebook/katana/StreamActivity; onCreate
V/DBox    (  568): 386220 - Lcom/facebook/katana/ProfileTabHostActivity; onCreate
V/DBox    (  568): 386221 + Lcom/facebook/katana/ProfileTabHostActivity; onResume
V/DBox    (  568): 386221 + Lcom/facebook/katana/FacebookTabActivity; onResume
V/DBox    (  568): 386221 + Lcom/facebook/katana/StreamActivity; onResume
V/DBox    (  568): 386222 + Lcom/facebook/katana/FacebookListActivity; onResume
V/DBox    (  568): 386222 - Lcom/facebook/katana/FacebookListActivity; onResume
V/DBox    (  568): 386270 - Lcom/facebook/katana/StreamActivity; onResume
V/DBox    (  568): 386271 - Lcom/facebook/katana/FacebookTabActivity; onResume
V/DBox    (  568): 386271 - Lcom/facebook/katana/ProfileTabHostActivity; onResume
V/DBox    (  568): 398953 + Lcom/facebook/katana/ProfileTabHostActivity; onPause
V/DBox    (  568): 398954 + Lcom/facebook/katana/FacebookTabActivity; onPause
V/DBox    (  568): 398956 + Lcom/facebook/katana/StreamActivity; onPause
V/DBox    (  568): 398960 + Lcom/facebook/katana/FacebookListActivity; onPause
V/DBox    (  568): 398962 - Lcom/facebook/katana/FacebookListActivity; onPause
V/DBox    (  568): 398969 - Lcom/facebook/katana/StreamActivity; onPause
V/DBox    (  568): 398971 - Lcom/facebook/katana/FacebookTabActivity; onPause
V/DBox    (  568): 398972 - Lcom/facebook/katana/ProfileTabHostActivity; onPause
V/DBox    (  568): 399008 + Lcom/facebook/katana/HomeActivity; onResume
V/DBox    (  568): 399009 + Lcom/facebook/katana/FacebookListActivity; onResume
V/DBox    (  568): 399009 - Lcom/facebook/katana/FacebookListActivity; onResume
V/DBox    (  568): 399033 - Lcom/facebook/katana/HomeActivity; onResume
V/DBox    (  568): 399040 + Lcom/facebook/katana/service/FacebookService; onStart
V/DBox    (  568): 399050 - Lcom/facebook/katana/service/FacebookService; onStart
V/DBox    (  568): 399051 + Lcom/facebook/katana/service/FacebookService; onStart
V/DBox    (  568): 399080 - Lcom/facebook/katana/service/FacebookService; onStart
V/DBox    (  568): 399312 + Lcom/facebook/katana/StreamActivity; onStop
V/DBox    (  568): 399314 - Lcom/facebook/katana/StreamActivity; onStop
V/DBox    (  568): 399315 + Lcom/facebook/katana/ProfileTabHostActivity; onDestroy
V/DBox    (  568): 399315 + Lcom/facebook/katana/StreamActivity; onDestroy
V/DBox    (  568): 399316 - Lcom/facebook/katana/StreamActivity; onDestroy
V/DBox    (  568): 399316 - Lcom/facebook/katana/ProfileTabHostActivity; onDestroy
V/DBox    (  568): 403292 + Lcom/facebook/katana/HomeActivity; onClick android.widget.LinearLayout@43f12c48
V/DBox    (  568): 403302 - Lcom/facebook/katana/HomeActivity; onClick
V/DBox    (  568): 403304 + Lcom/facebook/katana/HomeActivity; onPause
V/DBox    (  568): 403306 + Lcom/facebook/katana/FacebookListActivity; onPause
V/DBox    (  568): 403307 - Lcom/facebook/katana/FacebookListActivity; onPause
V/DBox    (  568): 403308 - Lcom/facebook/katana/HomeActivity; onPause
V/DBox    (  568): 403331 + Lcom/facebook/katana/ProfileTabHostActivity; onCreate
V/DBox    (  568): 403362 + Lcom/facebook/katana/StreamActivity; onCreate
V/DBox    (  568): 403379 - Lcom/facebook/katana/StreamActivity; onCreate
V/DBox    (  568): 403384 - Lcom/facebook/katana/ProfileTabHostActivity; onCreate
V/DBox    (  568): 403385 + Lcom/facebook/katana/ProfileTabHostActivity; onResume
V/DBox    (  568): 403385 + Lcom/facebook/katana/FacebookTabActivity; onResume
V/DBox    (  568): 403386 + Lcom/facebook/katana/StreamActivity; onResume
V/DBox    (  568): 403386 + Lcom/facebook/katana/FacebookListActivity; onResume
V/DBox    (  568): 403386 - Lcom/facebook/katana/FacebookListActivity; onResume
V/DBox    (  568): 403391 - Lcom/facebook/katana/StreamActivity; onResume
V/DBox    (  568): 403392 - Lcom/facebook/katana/FacebookTabActivity; onResume
V/DBox    (  568): 403393 - Lcom/facebook/katana/ProfileTabHostActivity; onResume
V/DBox    (  568): 413172 + Lcom/facebook/katana/ProfileTabHostActivity; onPause
V/DBox    (  568): 413173 + Lcom/facebook/katana/FacebookTabActivity; onPause
V/DBox    (  568): 413174 + Lcom/facebook/katana/StreamActivity; onPause
V/DBox    (  568): 413180 + Lcom/facebook/katana/FacebookListActivity; onPause
V/DBox    (  568): 413182 - Lcom/facebook/katana/FacebookListActivity; onPause
V/DBox    (  568): 413183 - Lcom/facebook/katana/StreamActivity; onPause
V/DBox    (  568): 413184 - Lcom/facebook/katana/FacebookTabActivity; onPause
V/DBox    (  568): 413185 - Lcom/facebook/katana/ProfileTabHostActivity; onPause
V/DBox    (  568): 413205 + Lcom/facebook/katana/HomeActivity; onResume
V/DBox    (  568): 413206 + Lcom/facebook/katana/FacebookListActivity; onResume
V/DBox    (  568): 413206 - Lcom/facebook/katana/FacebookListActivity; onResume
V/DBox    (  568): 413214 - Lcom/facebook/katana/HomeActivity; onResume
V/DBox    (  568): 413222 + Lcom/facebook/katana/service/FacebookService; onStart
V/DBox    (  568): 413229 - Lcom/facebook/katana/service/FacebookService; onStart
V/DBox    (  568): 413229 + Lcom/facebook/katana/service/FacebookService; onStart
V/DBox    (  568): 413244 - Lcom/facebook/katana/service/FacebookService; onStart
V/DBox    (  568): 413465 + Lcom/facebook/katana/StreamActivity; onStop
V/DBox    (  568): 413469 - Lcom/facebook/katana/StreamActivity; onStop
V/DBox    (  568): 413470 + Lcom/facebook/katana/ProfileTabHostActivity; onDestroy
V/DBox    (  568): 413471 + Lcom/facebook/katana/StreamActivity; onDestroy
V/DBox    (  568): 413471 - Lcom/facebook/katana/StreamActivity; onDestroy
V/DBox    (  568): 413471 - Lcom/facebook/katana/ProfileTabHostActivity; onDestroy
V/DBox    (  568): 420884 + Lcom/facebook/katana/HomeActivity; onClick android.widget.LinearLayout@43f12c48
V/DBox    (  568): 420903 - Lcom/facebook/katana/HomeActivity; onClick
V/DBox    (  568): 420906 + Lcom/facebook/katana/HomeActivity; onPause
V/DBox    (  568): 420907 + Lcom/facebook/katana/FacebookListActivity; onPause
V/DBox    (  568): 420909 - Lcom/facebook/katana/FacebookListActivity; onPause
V/DBox    (  568): 420914 - Lcom/facebook/katana/HomeActivity; onPause
V/DBox    (  568): 420926 + Lcom/facebook/katana/ProfileTabHostActivity; onCreate
V/DBox    (  568): 420943 + Lcom/facebook/katana/StreamActivity; onCreate
V/DBox    (  568): 420957 - Lcom/facebook/katana/StreamActivity; onCreate
V/DBox    (  568): 420963 - Lcom/facebook/katana/ProfileTabHostActivity; onCreate
V/DBox    (  568): 420964 + Lcom/facebook/katana/ProfileTabHostActivity; onResume
V/DBox    (  568): 420964 + Lcom/facebook/katana/FacebookTabActivity; onResume
V/DBox    (  568): 420964 + Lcom/facebook/katana/StreamActivity; onResume
V/DBox    (  568): 420965 + Lcom/facebook/katana/FacebookListActivity; onResume
V/DBox    (  568): 420965 - Lcom/facebook/katana/FacebookListActivity; onResume
V/DBox    (  568): 420969 - Lcom/facebook/katana/StreamActivity; onResume
V/DBox    (  568): 420970 - Lcom/facebook/katana/FacebookTabActivity; onResume
V/DBox    (  568): 420971 - Lcom/facebook/katana/ProfileTabHostActivity; onResume
V/DBox    (  568): 431534 + Lcom/facebook/katana/ProfileTabHostActivity; onPause
V/DBox    (  568): 431543 + Lcom/facebook/katana/FacebookTabActivity; onPause
V/DBox    (  568): 431544 + Lcom/facebook/katana/StreamActivity; onPause
V/DBox    (  568): 431544 + Lcom/facebook/katana/FacebookListActivity; onPause
V/DBox    (  568): 431545 - Lcom/facebook/katana/FacebookListActivity; onPause
V/DBox    (  568): 431548 - Lcom/facebook/katana/StreamActivity; onPause
V/DBox    (  568): 431548 - Lcom/facebook/katana/FacebookTabActivity; onPause
V/DBox    (  568): 431549 - Lcom/facebook/katana/ProfileTabHostActivity; onPause
V/DBox    (  568): 431652 + Lcom/facebook/katana/HomeActivity; onResume
V/DBox    (  568): 431652 + Lcom/facebook/katana/FacebookListActivity; onResume
V/DBox    (  568): 431653 - Lcom/facebook/katana/FacebookListActivity; onResume
V/DBox    (  568): 431737 - Lcom/facebook/katana/HomeActivity; onResume
V/DBox    (  568): 431749 + Lcom/facebook/katana/service/FacebookService; onStart
V/DBox    (  568): 431756 - Lcom/facebook/katana/service/FacebookService; onStart
V/DBox    (  568): 431756 + Lcom/facebook/katana/service/FacebookService; onStart
V/DBox    (  568): 431767 - Lcom/facebook/katana/service/FacebookService; onStart
V/DBox    (  568): 432019 + Lcom/facebook/katana/StreamActivity; onStop
V/DBox    (  568): 432021 - Lcom/facebook/katana/StreamActivity; onStop
V/DBox    (  568): 432024 + Lcom/facebook/katana/ProfileTabHostActivity; onDestroy
V/DBox    (  568): 432026 + Lcom/facebook/katana/StreamActivity; onDestroy
V/DBox    (  568): 432030 - Lcom/facebook/katana/StreamActivity; onDestroy
V/DBox    (  568): 432032 - Lcom/facebook/katana/ProfileTabHostActivity; onDestroy
V/DBox    (  568): 439455 + Lcom/facebook/katana/HomeActivity; onClick android.widget.LinearLayout@43f12c48
V/DBox    (  568): 439473 - Lcom/facebook/katana/HomeActivity; onClick
V/DBox    (  568): 439476 + Lcom/facebook/katana/HomeActivity; onPause
V/DBox    (  568): 439477 + Lcom/facebook/katana/FacebookListActivity; onPause
V/DBox    (  568): 439481 - Lcom/facebook/katana/FacebookListActivity; onPause
V/DBox    (  568): 439484 - Lcom/facebook/katana/HomeActivity; onPause
V/DBox    (  568): 439598 + Lcom/facebook/katana/ProfileTabHostActivity; onCreate
V/DBox    (  568): 439632 + Lcom/facebook/katana/StreamActivity; onCreate
V/DBox    (  568): 439651 - Lcom/facebook/katana/StreamActivity; onCreate
V/DBox    (  568): 439658 - Lcom/facebook/katana/ProfileTabHostActivity; onCreate
V/DBox    (  568): 439658 + Lcom/facebook/katana/ProfileTabHostActivity; onResume
V/DBox    (  568): 439659 + Lcom/facebook/katana/FacebookTabActivity; onResume
V/DBox    (  568): 439659 + Lcom/facebook/katana/StreamActivity; onResume
V/DBox    (  568): 439659 + Lcom/facebook/katana/FacebookListActivity; onResume
V/DBox    (  568): 439660 - Lcom/facebook/katana/FacebookListActivity; onResume
V/DBox    (  568): 439664 - Lcom/facebook/katana/StreamActivity; onResume
V/DBox    (  568): 439665 - Lcom/facebook/katana/FacebookTabActivity; onResume
V/DBox    (  568): 439666 - Lcom/facebook/katana/ProfileTabHostActivity; onResume
V/DBox    (  568): 448829 + Lcom/facebook/katana/ProfileTabHostActivity; onPause
V/DBox    (  568): 448831 + Lcom/facebook/katana/FacebookTabActivity; onPause
V/DBox    (  568): 448832 + Lcom/facebook/katana/StreamActivity; onPause
V/DBox    (  568): 448833 + Lcom/facebook/katana/FacebookListActivity; onPause
V/DBox    (  568): 448834 - Lcom/facebook/katana/FacebookListActivity; onPause
V/DBox    (  568): 448836 - Lcom/facebook/katana/StreamActivity; onPause
V/DBox    (  568): 448837 - Lcom/facebook/katana/FacebookTabActivity; onPause
V/DBox    (  568): 448838 - Lcom/facebook/katana/ProfileTabHostActivity; onPause
V/DBox    (  568): 448860 + Lcom/facebook/katana/HomeActivity; onResume
V/DBox    (  568): 448861 + Lcom/facebook/katana/FacebookListActivity; onResume
V/DBox    (  568): 448863 - Lcom/facebook/katana/FacebookListActivity; onResume
V/DBox    (  568): 448880 - Lcom/facebook/katana/HomeActivity; onResume
V/DBox    (  568): 448889 + Lcom/facebook/katana/service/FacebookService; onStart
V/DBox    (  568): 448898 - Lcom/facebook/katana/service/FacebookService; onStart
V/DBox    (  568): 448899 + Lcom/facebook/katana/service/FacebookService; onStart
V/DBox    (  568): 448914 - Lcom/facebook/katana/service/FacebookService; onStart
V/DBox    (  568): 449167 + Lcom/facebook/katana/StreamActivity; onStop
V/DBox    (  568): 449170 - Lcom/facebook/katana/StreamActivity; onStop
V/DBox    (  568): 449171 + Lcom/facebook/katana/ProfileTabHostActivity; onDestroy
V/DBox    (  568): 449171 + Lcom/facebook/katana/StreamActivity; onDestroy
V/DBox    (  568): 449172 - Lcom/facebook/katana/StreamActivity; onDestroy
V/DBox    (  568): 449177 - Lcom/facebook/katana/ProfileTabHostActivity; onDestroy
V/DBox    (  568): 454778 + Lcom/facebook/katana/HomeActivity; onClick android.widget.LinearLayout@43f12c48
V/DBox    (  568): 454796 - Lcom/facebook/katana/HomeActivity; onClick
V/DBox    (  568): 454799 + Lcom/facebook/katana/HomeActivity; onPause
V/DBox    (  568): 454800 + Lcom/facebook/katana/FacebookListActivity; onPause
V/DBox    (  568): 454807 - Lcom/facebook/katana/FacebookListActivity; onPause
V/DBox    (  568): 454808 - Lcom/facebook/katana/HomeActivity; onPause
V/DBox    (  568): 454824 + Lcom/facebook/katana/ProfileTabHostActivity; onCreate
V/DBox    (  568): 454838 + Lcom/facebook/katana/StreamActivity; onCreate
V/DBox    (  568): 454851 - Lcom/facebook/katana/StreamActivity; onCreate
V/DBox    (  568): 454856 - Lcom/facebook/katana/ProfileTabHostActivity; onCreate
V/DBox    (  568): 454857 + Lcom/facebook/katana/ProfileTabHostActivity; onResume
V/DBox    (  568): 454857 + Lcom/facebook/katana/FacebookTabActivity; onResume
V/DBox    (  568): 454858 + Lcom/facebook/katana/StreamActivity; onResume
V/DBox    (  568): 454858 + Lcom/facebook/katana/FacebookListActivity; onResume
V/DBox    (  568): 454859 - Lcom/facebook/katana/FacebookListActivity; onResume
V/DBox    (  568): 454863 - Lcom/facebook/katana/StreamActivity; onResume
V/DBox    (  568): 454863 - Lcom/facebook/katana/FacebookTabActivity; onResume
V/DBox    (  568): 454864 - Lcom/facebook/katana/ProfileTabHostActivity; onResume
V/DBox    (  568): 463030 + Lcom/facebook/katana/ProfileTabHostActivity; onPause
V/DBox    (  568): 463031 + Lcom/facebook/katana/FacebookTabActivity; onPause
V/DBox    (  568): 463031 + Lcom/facebook/katana/StreamActivity; onPause
V/DBox    (  568): 463032 + Lcom/facebook/katana/FacebookListActivity; onPause
V/DBox    (  568): 463032 - Lcom/facebook/katana/FacebookListActivity; onPause
V/DBox    (  568): 463035 - Lcom/facebook/katana/StreamActivity; onPause
V/DBox    (  568): 463036 - Lcom/facebook/katana/FacebookTabActivity; onPause
V/DBox    (  568): 463036 - Lcom/facebook/katana/ProfileTabHostActivity; onPause
V/DBox    (  568): 463052 + Lcom/facebook/katana/HomeActivity; onResume
V/DBox    (  568): 463052 + Lcom/facebook/katana/FacebookListActivity; onResume
V/DBox    (  568): 463057 - Lcom/facebook/katana/FacebookListActivity; onResume
V/DBox    (  568): 463066 - Lcom/facebook/katana/HomeActivity; onResume
V/DBox    (  568): 463084 + Lcom/facebook/katana/service/FacebookService; onStart
V/DBox    (  568): 463100 - Lcom/facebook/katana/service/FacebookService; onStart
V/DBox    (  568): 463101 + Lcom/facebook/katana/service/FacebookService; onStart
V/DBox    (  568): 463120 - Lcom/facebook/katana/service/FacebookService; onStart
V/DBox    (  568): 463415 + Lcom/facebook/katana/StreamActivity; onStop
V/DBox    (  568): 463419 - Lcom/facebook/katana/StreamActivity; onStop
V/DBox    (  568): 463419 + Lcom/facebook/katana/ProfileTabHostActivity; onDestroy
V/DBox    (  568): 463422 + Lcom/facebook/katana/StreamActivity; onDestroy
V/DBox    (  568): 463423 - Lcom/facebook/katana/StreamActivity; onDestroy
V/DBox    (  568): 463423 - Lcom/facebook/katana/ProfileTabHostActivity; onDestroy
V/DBox    (  568): 471538 + Lcom/facebook/katana/HomeActivity; onClick android.widget.LinearLayout@43f12c48
V/DBox    (  568): 471547 - Lcom/facebook/katana/HomeActivity; onClick
V/DBox    (  568): 471548 + Lcom/facebook/katana/HomeActivity; onPause
V/DBox    (  568): 471556 + Lcom/facebook/katana/FacebookListActivity; onPause
V/DBox    (  568): 471559 - Lcom/facebook/katana/FacebookListActivity; onPause
V/DBox    (  568): 471559 - Lcom/facebook/katana/HomeActivity; onPause
V/DBox    (  568): 471575 + Lcom/facebook/katana/ProfileTabHostActivity; onCreate
V/DBox    (  568): 471613 + Lcom/facebook/katana/StreamActivity; onCreate
V/DBox    (  568): 471642 - Lcom/facebook/katana/StreamActivity; onCreate
V/DBox    (  568): 471648 - Lcom/facebook/katana/ProfileTabHostActivity; onCreate
V/DBox    (  568): 471649 + Lcom/facebook/katana/ProfileTabHostActivity; onResume
V/DBox    (  568): 471692 + Lcom/facebook/katana/FacebookTabActivity; onResume
V/DBox    (  568): 471693 + Lcom/facebook/katana/StreamActivity; onResume
V/DBox    (  568): 471695 + Lcom/facebook/katana/FacebookListActivity; onResume
V/DBox    (  568): 471695 - Lcom/facebook/katana/FacebookListActivity; onResume
V/DBox    (  568): 471699 - Lcom/facebook/katana/StreamActivity; onResume
V/DBox    (  568): 471699 - Lcom/facebook/katana/FacebookTabActivity; onResume
V/DBox    (  568): 471700 - Lcom/facebook/katana/ProfileTabHostActivity; onResume
V/DBox    (  568): 482847 + Lcom/facebook/katana/ProfileTabHostActivity; onPause
V/DBox    (  568): 482849 + Lcom/facebook/katana/FacebookTabActivity; onPause
V/DBox    (  568): 482850 + Lcom/facebook/katana/StreamActivity; onPause
V/DBox    (  568): 482857 + Lcom/facebook/katana/FacebookListActivity; onPause
V/DBox    (  568): 482858 - Lcom/facebook/katana/FacebookListActivity; onPause
V/DBox    (  568): 482860 - Lcom/facebook/katana/StreamActivity; onPause
V/DBox    (  568): 482863 - Lcom/facebook/katana/FacebookTabActivity; onPause
V/DBox    (  568): 482866 - Lcom/facebook/katana/ProfileTabHostActivity; onPause
V/DBox    (  568): 482900 + Lcom/facebook/katana/HomeActivity; onResume
V/DBox    (  568): 482901 + Lcom/facebook/katana/FacebookListActivity; onResume
V/DBox    (  568): 482901 - Lcom/facebook/katana/FacebookListActivity; onResume
V/DBox    (  568): 482908 - Lcom/facebook/katana/HomeActivity; onResume
V/DBox    (  568): 482916 + Lcom/facebook/katana/service/FacebookService; onStart
V/DBox    (  568): 482923 - Lcom/facebook/katana/service/FacebookService; onStart
V/DBox    (  568): 482924 + Lcom/facebook/katana/service/FacebookService; onStart
V/DBox    (  568): 482935 - Lcom/facebook/katana/service/FacebookService; onStart
V/DBox    (  568): 483149 + Lcom/facebook/katana/StreamActivity; onStop
V/DBox    (  568): 483151 - Lcom/facebook/katana/StreamActivity; onStop
V/DBox    (  568): 483152 + Lcom/facebook/katana/ProfileTabHostActivity; onDestroy
V/DBox    (  568): 483152 + Lcom/facebook/katana/StreamActivity; onDestroy
V/DBox    (  568): 483153 - Lcom/facebook/katana/StreamActivity; onDestroy
V/DBox    (  568): 483154 - Lcom/facebook/katana/ProfileTabHostActivity; onDestroy
V/DBox    (  568): 493305 + Lcom/facebook/katana/HomeActivity; onClick android.widget.LinearLayout@43f12c48
V/DBox    (  568): 493322 - Lcom/facebook/katana/HomeActivity; onClick
V/DBox    (  568): 493325 + Lcom/facebook/katana/HomeActivity; onPause
V/DBox    (  568): 493326 + Lcom/facebook/katana/FacebookListActivity; onPause
V/DBox    (  568): 493331 - Lcom/facebook/katana/FacebookListActivity; onPause
V/DBox    (  568): 493333 - Lcom/facebook/katana/HomeActivity; onPause
V/DBox    (  568): 493352 + Lcom/facebook/katana/ProfileTabHostActivity; onCreate
V/DBox    (  568): 493382 + Lcom/facebook/katana/StreamActivity; onCreate
V/DBox    (  568): 493401 - Lcom/facebook/katana/StreamActivity; onCreate
V/DBox    (  568): 493406 - Lcom/facebook/katana/ProfileTabHostActivity; onCreate
V/DBox    (  568): 493407 + Lcom/facebook/katana/ProfileTabHostActivity; onResume
V/DBox    (  568): 493407 + Lcom/facebook/katana/FacebookTabActivity; onResume
V/DBox    (  568): 493408 + Lcom/facebook/katana/StreamActivity; onResume
V/DBox    (  568): 493408 + Lcom/facebook/katana/FacebookListActivity; onResume
V/DBox    (  568): 493409 - Lcom/facebook/katana/FacebookListActivity; onResume
V/DBox    (  568): 493413 - Lcom/facebook/katana/StreamActivity; onResume
V/DBox    (  568): 493414 - Lcom/facebook/katana/FacebookTabActivity; onResume
V/DBox    (  568): 493414 - Lcom/facebook/katana/ProfileTabHostActivity; onResume
V/DBox    (  568): 499732 + Lcom/facebook/katana/ProfileTabHostActivity; onPause
V/DBox    (  568): 499734 + Lcom/facebook/katana/FacebookTabActivity; onPause
V/DBox    (  568): 499735 + Lcom/facebook/katana/StreamActivity; onPause
V/DBox    (  568): 499736 + Lcom/facebook/katana/FacebookListActivity; onPause
V/DBox    (  568): 499738 - Lcom/facebook/katana/FacebookListActivity; onPause
V/DBox    (  568): 499740 - Lcom/facebook/katana/StreamActivity; onPause
V/DBox    (  568): 499745 - Lcom/facebook/katana/FacebookTabActivity; onPause
V/DBox    (  568): 499746 - Lcom/facebook/katana/ProfileTabHostActivity; onPause
V/DBox    (  568): 499769 + Lcom/facebook/katana/HomeActivity; onResume
V/DBox    (  568): 499770 + Lcom/facebook/katana/FacebookListActivity; onResume
V/DBox    (  568): 499770 - Lcom/facebook/katana/FacebookListActivity; onResume
V/DBox    (  568): 499778 - Lcom/facebook/katana/HomeActivity; onResume
V/DBox    (  568): 499786 + Lcom/facebook/katana/service/FacebookService; onStart
V/DBox    (  568): 499795 - Lcom/facebook/katana/service/FacebookService; onStart
V/DBox    (  568): 499796 + Lcom/facebook/katana/service/FacebookService; onStart
V/DBox    (  568): 499806 - Lcom/facebook/katana/service/FacebookService; onStart
V/DBox    (  568): 500059 + Lcom/facebook/katana/StreamActivity; onStop
V/DBox    (  568): 500066 - Lcom/facebook/katana/StreamActivity; onStop
V/DBox    (  568): 500067 + Lcom/facebook/katana/ProfileTabHostActivity; onDestroy
V/DBox    (  568): 500067 + Lcom/facebook/katana/StreamActivity; onDestroy
V/DBox    (  568): 500068 - Lcom/facebook/katana/StreamActivity; onDestroy
V/DBox    (  568): 500069 - Lcom/facebook/katana/ProfileTabHostActivity; onDestroy
V/DBox    (  568): 503198 + Lcom/facebook/katana/HomeActivity; onClick android.widget.LinearLayout@43f12c48
V/DBox    (  568): 503202 - Lcom/facebook/katana/HomeActivity; onClick
V/DBox    (  568): 503205 + Lcom/facebook/katana/HomeActivity; onPause
V/DBox    (  568): 503206 + Lcom/facebook/katana/FacebookListActivity; onPause
V/DBox    (  568): 503207 - Lcom/facebook/katana/FacebookListActivity; onPause
V/DBox    (  568): 503208 - Lcom/facebook/katana/HomeActivity; onPause
V/DBox    (  568): 503224 + Lcom/facebook/katana/ProfileTabHostActivity; onCreate
V/DBox    (  568): 503247 + Lcom/facebook/katana/StreamActivity; onCreate
V/DBox    (  568): 503263 - Lcom/facebook/katana/StreamActivity; onCreate
V/DBox    (  568): 503268 - Lcom/facebook/katana/ProfileTabHostActivity; onCreate
V/DBox    (  568): 503269 + Lcom/facebook/katana/ProfileTabHostActivity; onResume
V/DBox    (  568): 503270 + Lcom/facebook/katana/FacebookTabActivity; onResume
V/DBox    (  568): 503270 + Lcom/facebook/katana/StreamActivity; onResume
V/DBox    (  568): 503271 + Lcom/facebook/katana/FacebookListActivity; onResume
V/DBox    (  568): 503272 - Lcom/facebook/katana/FacebookListActivity; onResume
V/DBox    (  568): 503276 - Lcom/facebook/katana/StreamActivity; onResume
V/DBox    (  568): 503276 - Lcom/facebook/katana/FacebookTabActivity; onResume
V/DBox    (  568): 503277 - Lcom/facebook/katana/ProfileTabHostActivity; onResume
V/DBox    (  568): 507869 + Lcom/facebook/katana/ProfileTabHostActivity; onPause
V/DBox    (  568): 507870 + Lcom/facebook/katana/FacebookTabActivity; onPause
V/DBox    (  568): 507872 + Lcom/facebook/katana/StreamActivity; onPause
V/DBox    (  568): 507873 + Lcom/facebook/katana/FacebookListActivity; onPause
V/DBox    (  568): 507876 - Lcom/facebook/katana/FacebookListActivity; onPause
V/DBox    (  568): 507877 - Lcom/facebook/katana/StreamActivity; onPause
V/DBox    (  568): 507878 - Lcom/facebook/katana/FacebookTabActivity; onPause
V/DBox    (  568): 507880 - Lcom/facebook/katana/ProfileTabHostActivity; onPause
V/DBox    (  568): 507904 + Lcom/facebook/katana/HomeActivity; onResume
V/DBox    (  568): 507905 + Lcom/facebook/katana/FacebookListActivity; onResume
V/DBox    (  568): 507906 - Lcom/facebook/katana/FacebookListActivity; onResume
V/DBox    (  568): 507926 - Lcom/facebook/katana/HomeActivity; onResume
V/DBox    (  568): 507934 + Lcom/facebook/katana/service/FacebookService; onStart
V/DBox    (  568): 507939 - Lcom/facebook/katana/service/FacebookService; onStart
V/DBox    (  568): 507941 + Lcom/facebook/katana/service/FacebookService; onStart
V/DBox    (  568): 507952 - Lcom/facebook/katana/service/FacebookService; onStart
V/DBox    (  568): 508156 + Lcom/facebook/katana/StreamActivity; onStop
V/DBox    (  568): 508158 - Lcom/facebook/katana/StreamActivity; onStop
V/DBox    (  568): 508159 + Lcom/facebook/katana/ProfileTabHostActivity; onDestroy
V/DBox    (  568): 508161 + Lcom/facebook/katana/StreamActivity; onDestroy
V/DBox    (  568): 508163 - Lcom/facebook/katana/StreamActivity; onDestroy
V/DBox    (  568): 508165 - Lcom/facebook/katana/ProfileTabHostActivity; onDestroy
V/DBox    (  568): 514702 + Lcom/facebook/katana/HomeActivity; onClick android.widget.LinearLayout@43f12c48
V/DBox    (  568): 514719 - Lcom/facebook/katana/HomeActivity; onClick
V/DBox    (  568): 514723 + Lcom/facebook/katana/HomeActivity; onPause
V/DBox    (  568): 514731 + Lcom/facebook/katana/FacebookListActivity; onPause
V/DBox    (  568): 514734 - Lcom/facebook/katana/FacebookListActivity; onPause
V/DBox    (  568): 514735 - Lcom/facebook/katana/HomeActivity; onPause
V/DBox    (  568): 514752 + Lcom/facebook/katana/ProfileTabHostActivity; onCreate
V/DBox    (  568): 514782 + Lcom/facebook/katana/StreamActivity; onCreate
V/DBox    (  568): 514801 - Lcom/facebook/katana/StreamActivity; onCreate
V/DBox    (  568): 514806 - Lcom/facebook/katana/ProfileTabHostActivity; onCreate
V/DBox    (  568): 514806 + Lcom/facebook/katana/ProfileTabHostActivity; onResume
V/DBox    (  568): 514807 + Lcom/facebook/katana/FacebookTabActivity; onResume
V/DBox    (  568): 514807 + Lcom/facebook/katana/StreamActivity; onResume
V/DBox    (  568): 514808 + Lcom/facebook/katana/FacebookListActivity; onResume
V/DBox    (  568): 514808 - Lcom/facebook/katana/FacebookListActivity; onResume
V/DBox    (  568): 514813 - Lcom/facebook/katana/StreamActivity; onResume
V/DBox    (  568): 514813 - Lcom/facebook/katana/FacebookTabActivity; onResume
V/DBox    (  568): 514814 - Lcom/facebook/katana/ProfileTabHostActivity; onResume
V/DBox    (  568): 521138 + Lcom/facebook/katana/ProfileTabHostActivity; onPause
V/DBox    (  568): 521139 + Lcom/facebook/katana/FacebookTabActivity; onPause
V/DBox    (  568): 521139 + Lcom/facebook/katana/StreamActivity; onPause
V/DBox    (  568): 521139 + Lcom/facebook/katana/FacebookListActivity; onPause
V/DBox    (  568): 521141 - Lcom/facebook/katana/FacebookListActivity; onPause
V/DBox    (  568): 521143 - Lcom/facebook/katana/StreamActivity; onPause
V/DBox    (  568): 521144 - Lcom/facebook/katana/FacebookTabActivity; onPause
V/DBox    (  568): 521145 - Lcom/facebook/katana/ProfileTabHostActivity; onPause
V/DBox    (  568): 521157 + Lcom/facebook/katana/HomeActivity; onResume
V/DBox    (  568): 521158 + Lcom/facebook/katana/FacebookListActivity; onResume
V/DBox    (  568): 521158 - Lcom/facebook/katana/FacebookListActivity; onResume
V/DBox    (  568): 521167 - Lcom/facebook/katana/HomeActivity; onResume
V/DBox    (  568): 521174 + Lcom/facebook/katana/service/FacebookService; onStart
V/DBox    (  568): 521179 - Lcom/facebook/katana/service/FacebookService; onStart
V/DBox    (  568): 521181 + Lcom/facebook/katana/service/FacebookService; onStart
V/DBox    (  568): 521195 - Lcom/facebook/katana/service/FacebookService; onStart
V/DBox    (  568): 521409 + Lcom/facebook/katana/StreamActivity; onStop
V/DBox    (  568): 521410 - Lcom/facebook/katana/StreamActivity; onStop
V/DBox    (  568): 521411 + Lcom/facebook/katana/ProfileTabHostActivity; onDestroy
V/DBox    (  568): 521411 + Lcom/facebook/katana/StreamActivity; onDestroy
V/DBox    (  568): 521411 - Lcom/facebook/katana/StreamActivity; onDestroy
V/DBox    (  568): 521411 - Lcom/facebook/katana/ProfileTabHostActivity; onDestroy
V/DBox    (  568): 525389 + Lcom/facebook/katana/HomeActivity; onClick android.widget.LinearLayout@43f12c48
V/DBox    (  568): 525398 - Lcom/facebook/katana/HomeActivity; onClick
V/DBox    (  568): 525402 + Lcom/facebook/katana/HomeActivity; onPause
V/DBox    (  568): 525403 + Lcom/facebook/katana/FacebookListActivity; onPause
V/DBox    (  568): 525405 - Lcom/facebook/katana/FacebookListActivity; onPause
V/DBox    (  568): 525407 - Lcom/facebook/katana/HomeActivity; onPause
V/DBox    (  568): 525428 + Lcom/facebook/katana/ProfileTabHostActivity; onCreate
V/DBox    (  568): 525453 + Lcom/facebook/katana/StreamActivity; onCreate
V/DBox    (  568): 525468 - Lcom/facebook/katana/StreamActivity; onCreate
V/DBox    (  568): 525474 - Lcom/facebook/katana/ProfileTabHostActivity; onCreate
V/DBox    (  568): 525475 + Lcom/facebook/katana/ProfileTabHostActivity; onResume
V/DBox    (  568): 525475 + Lcom/facebook/katana/FacebookTabActivity; onResume
V/DBox    (  568): 525476 + Lcom/facebook/katana/StreamActivity; onResume
V/DBox    (  568): 525476 + Lcom/facebook/katana/FacebookListActivity; onResume
V/DBox    (  568): 525476 - Lcom/facebook/katana/FacebookListActivity; onResume
V/DBox    (  568): 525481 - Lcom/facebook/katana/StreamActivity; onResume
V/DBox    (  568): 525482 - Lcom/facebook/katana/FacebookTabActivity; onResume
V/DBox    (  568): 525482 - Lcom/facebook/katana/ProfileTabHostActivity; onResume
V/DBox    (  568): 530533 + Lcom/facebook/katana/ProfileTabHostActivity; onPause
V/DBox    (  568): 530534 + Lcom/facebook/katana/FacebookTabActivity; onPause
V/DBox    (  568): 530541 + Lcom/facebook/katana/StreamActivity; onPause
V/DBox    (  568): 530542 + Lcom/facebook/katana/FacebookListActivity; onPause
V/DBox    (  568): 530542 - Lcom/facebook/katana/FacebookListActivity; onPause
V/DBox    (  568): 530543 - Lcom/facebook/katana/StreamActivity; onPause
V/DBox    (  568): 530543 - Lcom/facebook/katana/FacebookTabActivity; onPause
V/DBox    (  568): 530544 - Lcom/facebook/katana/ProfileTabHostActivity; onPause
V/DBox    (  568): 530566 + Lcom/facebook/katana/HomeActivity; onResume
V/DBox    (  568): 530567 + Lcom/facebook/katana/FacebookListActivity; onResume
V/DBox    (  568): 530570 - Lcom/facebook/katana/FacebookListActivity; onResume
V/DBox    (  568): 530579 - Lcom/facebook/katana/HomeActivity; onResume
V/DBox    (  568): 530591 + Lcom/facebook/katana/service/FacebookService; onStart
V/DBox    (  568): 530611 - Lcom/facebook/katana/service/FacebookService; onStart
V/DBox    (  568): 530612 + Lcom/facebook/katana/service/FacebookService; onStart
V/DBox    (  568): 530627 - Lcom/facebook/katana/service/FacebookService; onStart
V/DBox    (  568): 530846 + Lcom/facebook/katana/StreamActivity; onStop
V/DBox    (  568): 530847 - Lcom/facebook/katana/StreamActivity; onStop
V/DBox    (  568): 530847 + Lcom/facebook/katana/ProfileTabHostActivity; onDestroy
V/DBox    (  568): 530848 + Lcom/facebook/katana/StreamActivity; onDestroy
V/DBox    (  568): 530848 - Lcom/facebook/katana/StreamActivity; onDestroy
V/DBox    (  568): 530848 - Lcom/facebook/katana/ProfileTabHostActivity; onDestroy
