--------- beginning of /dev/log/system
--------- beginning of /dev/log/main
V/DBox    (  985): 875030 + Lcom/facebook/katana/provider/LoggingProvider; onCreate
V/DBox    (  985): 875063 - Lcom/facebook/katana/provider/LoggingProvider; onCreate
V/DBox    (  985): 875070 + Lcom/facebook/katana/provider/NotificationsProvider; onCreate
V/DBox    (  985): 875071 - Lcom/facebook/katana/provider/NotificationsProvider; onCreate
V/DBox    (  985): 875078 + Lcom/facebook/katana/provider/KeyValueProvider; onCreate
V/DBox    (  985): 875079 - Lcom/facebook/katana/provider/KeyValueProvider; onCreate
V/DBox    (  985): 875083 + Lcom/facebook/katana/provider/UserValuesProvider; onCreate
V/DBox    (  985): 875083 - Lcom/facebook/katana/provider/UserValuesProvider; onCreate
V/DBox    (  985): 875091 + Lcom/facebook/katana/provider/FriendsProvider; onCreate
V/DBox    (  985): 875091 - Lcom/facebook/katana/provider/FriendsProvider; onCreate
V/DBox    (  985): 875099 + Lcom/facebook/katana/provider/MailboxProvider; onCreate
V/DBox    (  985): 875100 - Lcom/facebook/katana/provider/MailboxProvider; onCreate
V/DBox    (  985): 875103 + Lcom/facebook/katana/provider/UserStatusesProvider; onCreate
V/DBox    (  985): 875103 - Lcom/facebook/katana/provider/UserStatusesProvider; onCreate
V/DBox    (  985): 875112 + Lcom/facebook/katana/provider/PhotosProvider; onCreate
V/DBox    (  985): 875113 - Lcom/facebook/katana/provider/PhotosProvider; onCreate
V/DBox    (  985): 875118 + Lcom/facebook/katana/provider/EventsProvider; onCreate
V/DBox    (  985): 875119 - Lcom/facebook/katana/provider/EventsProvider; onCreate
V/DBox    (  985): 875139 + Lcom/facebook/katana/LoginActivity; onCreate
V/DBox    (  985): 875710 < Lcom/facebook/katana/binding/AppSession; releaseWakeLock
V/DBox    (  985): 875745 - Lcom/facebook/katana/LoginActivity; onCreate
V/DBox    (  985): 875757 + Lcom/facebook/katana/HomeActivity; onCreate
V/DBox    (  985): 875920 - Lcom/facebook/katana/HomeActivity; onCreate
V/DBox    (  985): 875920 + Lcom/facebook/katana/HomeActivity; onResume
V/DBox    (  985): 875921 + Lcom/facebook/katana/FacebookListActivity; onResume
V/DBox    (  985): 875927 - Lcom/facebook/katana/FacebookListActivity; onResume
V/DBox    (  985): 875938 - Lcom/facebook/katana/HomeActivity; onResume
V/DBox    (  985): 875944 + Lcom/facebook/katana/service/FacebookService; onCreate
V/DBox    (  985): 875945 - Lcom/facebook/katana/service/FacebookService; onCreate
V/DBox    (  985): 875945 + Lcom/facebook/katana/service/FacebookService; onStart
V/DBox    (  985): 875963 - Lcom/facebook/katana/service/FacebookService; onStart
V/DBox    (  985): 875979 + Lcom/facebook/katana/service/FacebookService; onStart
V/DBox    (  985): 876027 - Lcom/facebook/katana/service/FacebookService; onStart
V/DBox    (  985): 876028 + Lcom/facebook/katana/service/FacebookService; onStart
V/DBox    (  985): 876050 - Lcom/facebook/katana/service/FacebookService; onStart
V/DBox    (  985): 876051 + Lcom/facebook/katana/service/FacebookService; onStart
V/DBox    (  985): 876068 - Lcom/facebook/katana/service/FacebookService; onStart
V/DBox    (  985): 876593 + Lcom/facebook/katana/service/FacebookService; onStart
V/DBox    (  985): 876605 > Lcom/facebook/katana/binding/AppSession; acquireWakeLock
V/DBox    (  985): 876605 - Lcom/facebook/katana/service/FacebookService; onStart
V/DBox    (  985): 876606 + Lcom/facebook/katana/LoginActivity; onDestroy
V/DBox    (  985): 876608 - Lcom/facebook/katana/LoginActivity; onDestroy
V/DBox    (  985): 876610 + Lcom/facebook/katana/service/FacebookService; onStart
V/DBox    (  985): 876649 - Lcom/facebook/katana/service/FacebookService; onStart
V/DBox    (  985): 878512 + Lcom/facebook/katana/service/FacebookService; onStart
V/DBox    (  985): 878534 - Lcom/facebook/katana/service/FacebookService; onStart
V/DBox    (  985): 878535 + Lcom/facebook/katana/service/FacebookService; onStart
V/DBox    (  985): 878542 - Lcom/facebook/katana/service/FacebookService; onStart
V/DBox    (  985): 878543 + Lcom/facebook/katana/HomeActivity$ReelListener; onItemSelected android.widget.Gallery@43f1a748
V/DBox    (  985): 878548 - Lcom/facebook/katana/HomeActivity$ReelListener; onItemSelected
V/DBox    (  985): 886371 + Lcom/facebook/katana/HomeActivity$4; onItemClick android.widget.ListView@43f559c8
V/DBox    (  985): 886436 - Lcom/facebook/katana/HomeActivity$4; onItemClick
V/DBox    (  985): 886492 + Lcom/facebook/katana/HomeActivity; onPause
V/DBox    (  985): 886493 + Lcom/facebook/katana/FacebookListActivity; onPause
V/DBox    (  985): 886512 - Lcom/facebook/katana/FacebookListActivity; onPause
V/DBox    (  985): 886513 - Lcom/facebook/katana/HomeActivity; onPause
V/DBox    (  985): 902107 + Lcom/facebook/katana/service/FacebookService; onStart
V/DBox    (  985): 902113 - Lcom/facebook/katana/service/FacebookService; onStart
V/DBox    (  985): 902114 + Lcom/facebook/katana/service/FacebookService; onStart
V/DBox    (  985): 902114 - Lcom/facebook/katana/service/FacebookService; onStart
V/DBox    (  985): 902115 + Lcom/facebook/katana/service/FacebookService; onStart
V/DBox    (  985): 902115 - Lcom/facebook/katana/service/FacebookService; onStart
V/DBox    (  985): 902115 + Lcom/facebook/katana/service/FacebookService; onStart
V/DBox    (  985): 902116 - Lcom/facebook/katana/service/FacebookService; onStart
V/DBox    (  985): 902116 + Lcom/facebook/katana/service/FacebookService; onStart
V/DBox    (  985): 902117 - Lcom/facebook/katana/service/FacebookService; onStart
V/DBox    (  985): 902117 + Lcom/facebook/katana/service/FacebookService; onStart
V/DBox    (  985): 902118 - Lcom/facebook/katana/service/FacebookService; onStart
V/DBox    (  985): 902118 + Lcom/facebook/katana/service/FacebookService; onStart
V/DBox    (  985): 902119 - Lcom/facebook/katana/service/FacebookService; onStart
V/DBox    (  985): 902119 + Lcom/facebook/katana/service/FacebookService; onStart
V/DBox    (  985): 902120 - Lcom/facebook/katana/service/FacebookService; onStart
V/DBox    (  985): 902131 + Lcom/facebook/katana/service/FacebookService; onStart
V/DBox    (  985): 902133 - Lcom/facebook/katana/service/FacebookService; onStart
V/DBox    (  985): 902135 + Lcom/facebook/katana/service/FacebookService; onStart
V/DBox    (  985): 902140 - Lcom/facebook/katana/service/FacebookService; onStart
V/DBox    (  985): 902142 + Lcom/facebook/katana/service/FacebookService; onStart
V/DBox    (  985): 902144 - Lcom/facebook/katana/service/FacebookService; onStart
V/DBox    (  985): 902147 + Lcom/facebook/katana/service/FacebookService; onStart
V/DBox    (  985): 902148 - Lcom/facebook/katana/service/FacebookService; onStart
V/DBox    (  985): 902152 + Lcom/facebook/katana/service/FacebookService; onStart
V/DBox    (  985): 902153 - Lcom/facebook/katana/service/FacebookService; onStart
V/DBox    (  985): 902155 + Lcom/facebook/katana/service/FacebookService; onStart
V/DBox    (  985): 902156 - Lcom/facebook/katana/service/FacebookService; onStart
V/DBox    (  985): 902157 + Lcom/facebook/katana/service/FacebookService; onStart
V/DBox    (  985): 902158 - Lcom/facebook/katana/service/FacebookService; onStart
V/DBox    (  985): 902159 + Lcom/facebook/katana/service/FacebookService; onStart
V/DBox    (  985): 902161 - Lcom/facebook/katana/service/FacebookService; onStart
V/DBox    (  985): 902163 + Lcom/facebook/katana/service/FacebookService; onStart
V/DBox    (  985): 902164 - Lcom/facebook/katana/service/FacebookService; onStart
V/DBox    (  985): 902165 + Lcom/facebook/katana/service/FacebookService; onStart
V/DBox    (  985): 902167 - Lcom/facebook/katana/service/FacebookService; onStart
V/DBox    (  985): 902169 + Lcom/facebook/katana/service/FacebookService; onStart
V/DBox    (  985): 902172 - Lcom/facebook/katana/service/FacebookService; onStart
V/DBox    (  985): 902179 + Lcom/facebook/katana/service/FacebookService; onStart
V/DBox    (  985): 902181 - Lcom/facebook/katana/service/FacebookService; onStart
V/DBox    (  985): 902183 + Lcom/facebook/katana/service/FacebookService; onStart
V/DBox    (  985): 902185 - Lcom/facebook/katana/service/FacebookService; onStart
V/DBox    (  985): 902187 + Lcom/facebook/katana/service/FacebookService; onStart
V/DBox    (  985): 902189 - Lcom/facebook/katana/service/FacebookService; onStart
V/DBox    (  985): 902190 + Lcom/facebook/katana/service/FacebookService; onStart
V/DBox    (  985): 902191 - Lcom/facebook/katana/service/FacebookService; onStart
V/DBox    (  985): 902192 + Lcom/facebook/katana/service/FacebookService; onStart
V/DBox    (  985): 902193 - Lcom/facebook/katana/service/FacebookService; onStart
V/DBox    (  985): 902196 + Lcom/facebook/katana/service/FacebookService; onStart
V/DBox    (  985): 902199 - Lcom/facebook/katana/service/FacebookService; onStart
V/DBox    (  985): 902201 + Lcom/facebook/katana/service/FacebookService; onStart
V/DBox    (  985): 902202 - Lcom/facebook/katana/service/FacebookService; onStart
V/DBox    (  985): 902203 + Lcom/facebook/katana/service/FacebookService; onStart
V/DBox    (  985): 902203 - Lcom/facebook/katana/service/FacebookService; onStart
V/DBox    (  985): 902205 + Lcom/facebook/katana/service/FacebookService; onStart
V/DBox    (  985): 902205 - Lcom/facebook/katana/service/FacebookService; onStart
V/DBox    (  985): 902206 + Lcom/facebook/katana/service/FacebookService; onStart
V/DBox    (  985): 902207 - Lcom/facebook/katana/service/FacebookService; onStart
V/DBox    (  985): 902208 + Lcom/facebook/katana/service/FacebookService; onStart
V/DBox    (  985): 902209 - Lcom/facebook/katana/service/FacebookService; onStart
V/DBox    (  985): 902211 + Lcom/facebook/katana/service/FacebookService; onStart
V/DBox    (  985): 902211 - Lcom/facebook/katana/service/FacebookService; onStart
V/DBox    (  985): 902233 + Lcom/facebook/katana/service/FacebookService; onStart
V/DBox    (  985): 902234 - Lcom/facebook/katana/service/FacebookService; onStart
V/DBox    (  985): 902235 + Lcom/facebook/katana/service/FacebookService; onStart
V/DBox    (  985): 902238 - Lcom/facebook/katana/service/FacebookService; onStart
V/DBox    (  985): 902244 + Lcom/facebook/katana/service/FacebookService; onStart
V/DBox    (  985): 902245 - Lcom/facebook/katana/service/FacebookService; onStart
V/DBox    (  985): 902251 + Lcom/facebook/katana/service/FacebookService; onStart
V/DBox    (  985): 902253 - Lcom/facebook/katana/service/FacebookService; onStart
V/DBox    (  985): 902255 + Lcom/facebook/katana/service/FacebookService; onStart
V/DBox    (  985): 902257 - Lcom/facebook/katana/service/FacebookService; onStart
V/DBox    (  985): 902259 + Lcom/facebook/katana/service/FacebookService; onStart
V/DBox    (  985): 902259 - Lcom/facebook/katana/service/FacebookService; onStart
V/DBox    (  985): 902263 + Lcom/facebook/katana/service/FacebookService; onStart
V/DBox    (  985): 902269 - Lcom/facebook/katana/service/FacebookService; onStart
V/DBox    (  985): 902273 + Lcom/facebook/katana/service/FacebookService; onStart
V/DBox    (  985): 902274 - Lcom/facebook/katana/service/FacebookService; onStart
V/DBox    (  985): 902275 + Lcom/facebook/katana/service/FacebookService; onStart
V/DBox    (  985): 902276 - Lcom/facebook/katana/service/FacebookService; onStart
V/DBox    (  985): 902277 + Lcom/facebook/katana/service/FacebookService; onStart
V/DBox    (  985): 902278 - Lcom/facebook/katana/service/FacebookService; onStart
V/DBox    (  985): 902281 + Lcom/facebook/katana/service/FacebookService; onStart
V/DBox    (  985): 902283 - Lcom/facebook/katana/service/FacebookService; onStart
V/DBox    (  985): 902289 + Lcom/facebook/katana/service/FacebookService; onStart
V/DBox    (  985): 902291 - Lcom/facebook/katana/service/FacebookService; onStart
V/DBox    (  985): 902293 + Lcom/facebook/katana/service/FacebookService; onStart
V/DBox    (  985): 902294 - Lcom/facebook/katana/service/FacebookService; onStart
V/DBox    (  985): 902295 + Lcom/facebook/katana/service/FacebookService; onStart
V/DBox    (  985): 902297 - Lcom/facebook/katana/service/FacebookService; onStart
V/DBox    (  985): 902299 + Lcom/facebook/katana/service/FacebookService; onStart
V/DBox    (  985): 902307 - Lcom/facebook/katana/service/FacebookService; onStart
V/DBox    (  985): 902308 + Lcom/facebook/katana/service/FacebookService; onStart
V/DBox    (  985): 902309 - Lcom/facebook/katana/service/FacebookService; onStart
V/DBox    (  985): 902311 + Lcom/facebook/katana/service/FacebookService; onStart
V/DBox    (  985): 902312 - Lcom/facebook/katana/service/FacebookService; onStart
V/DBox    (  985): 902314 + Lcom/facebook/katana/service/FacebookService; onStart
V/DBox    (  985): 902316 - Lcom/facebook/katana/service/FacebookService; onStart
V/DBox    (  985): 902322 + Lcom/facebook/katana/service/FacebookService; onStart
V/DBox    (  985): 902324 - Lcom/facebook/katana/service/FacebookService; onStart
V/DBox    (  985): 902326 + Lcom/facebook/katana/service/FacebookService; onStart
V/DBox    (  985): 902328 - Lcom/facebook/katana/service/FacebookService; onStart
V/DBox    (  985): 902328 + Lcom/facebook/katana/service/FacebookService; onStart
V/DBox    (  985): 902329 - Lcom/facebook/katana/service/FacebookService; onStart
V/DBox    (  985): 902333 + Lcom/facebook/katana/service/FacebookService; onStart
V/DBox    (  985): 902338 - Lcom/facebook/katana/service/FacebookService; onStart
V/DBox    (  985): 902340 + Lcom/facebook/katana/service/FacebookService; onStart
V/DBox    (  985): 902341 - Lcom/facebook/katana/service/FacebookService; onStart
V/DBox    (  985): 902341 + Lcom/facebook/katana/service/FacebookService; onStart
V/DBox    (  985): 902342 - Lcom/facebook/katana/service/FacebookService; onStart
V/DBox    (  985): 902342 + Lcom/facebook/katana/service/FacebookService; onStart
V/DBox    (  985): 902343 - Lcom/facebook/katana/service/FacebookService; onStart
V/DBox    (  985): 902343 + Lcom/facebook/katana/service/FacebookService; onStart
V/DBox    (  985): 902344 - Lcom/facebook/katana/service/FacebookService; onStart
V/DBox    (  985): 902344 + Lcom/facebook/katana/service/FacebookService; onStart
V/DBox    (  985): 902345 - Lcom/facebook/katana/service/FacebookService; onStart
V/DBox    (  985): 902345 + Lcom/facebook/katana/service/FacebookService; onStart
V/DBox    (  985): 902346 - Lcom/facebook/katana/service/FacebookService; onStart
V/DBox    (  985): 902346 + Lcom/facebook/katana/service/FacebookService; onStart
V/DBox    (  985): 902347 - Lcom/facebook/katana/service/FacebookService; onStart
V/DBox    (  985): 902347 + Lcom/facebook/katana/service/FacebookService; onStart
V/DBox    (  985): 902348 - Lcom/facebook/katana/service/FacebookService; onStart
V/DBox    (  985): 902348 + Lcom/facebook/katana/service/FacebookService; onStart
V/DBox    (  985): 902349 - Lcom/facebook/katana/service/FacebookService; onStart
V/DBox    (  985): 902349 + Lcom/facebook/katana/service/FacebookService; onStart
V/DBox    (  985): 902349 - Lcom/facebook/katana/service/FacebookService; onStart
V/DBox    (  985): 902367 + Lcom/facebook/katana/service/FacebookService; onStart
V/DBox    (  985): 902367 - Lcom/facebook/katana/service/FacebookService; onStart
V/DBox    (  985): 902369 + Lcom/facebook/katana/service/FacebookService; onStart
V/DBox    (  985): 902370 - Lcom/facebook/katana/service/FacebookService; onStart
V/DBox    (  985): 902372 + Lcom/facebook/katana/service/FacebookService; onStart
V/DBox    (  985): 902374 - Lcom/facebook/katana/service/FacebookService; onStart
V/DBox    (  985): 902377 + Lcom/facebook/katana/service/FacebookService; onStart
V/DBox    (  985): 902378 - Lcom/facebook/katana/service/FacebookService; onStart
V/DBox    (  985): 902382 + Lcom/facebook/katana/service/FacebookService; onStart
V/DBox    (  985): 902383 - Lcom/facebook/katana/service/FacebookService; onStart
V/DBox    (  985): 902384 + Lcom/facebook/katana/service/FacebookService; onStart
V/DBox    (  985): 902385 - Lcom/facebook/katana/service/FacebookService; onStart
V/DBox    (  985): 902386 + Lcom/facebook/katana/service/FacebookService; onStart
V/DBox    (  985): 902387 - Lcom/facebook/katana/service/FacebookService; onStart
V/DBox    (  985): 902388 + Lcom/facebook/katana/service/FacebookService; onStart
V/DBox    (  985): 902389 - Lcom/facebook/katana/service/FacebookService; onStart
V/DBox    (  985): 902391 + Lcom/facebook/katana/service/FacebookService; onStart
V/DBox    (  985): 902393 - Lcom/facebook/katana/service/FacebookService; onStart
V/DBox    (  985): 902394 + Lcom/facebook/katana/service/FacebookService; onStart
V/DBox    (  985): 902395 - Lcom/facebook/katana/service/FacebookService; onStart
V/DBox    (  985): 902396 + Lcom/facebook/katana/service/FacebookService; onStart
V/DBox    (  985): 902397 - Lcom/facebook/katana/service/FacebookService; onStart
V/DBox    (  985): 902398 + Lcom/facebook/katana/service/FacebookService; onStart
V/DBox    (  985): 902399 - Lcom/facebook/katana/service/FacebookService; onStart
V/DBox    (  985): 902401 + Lcom/facebook/katana/service/FacebookService; onStart
V/DBox    (  985): 902401 - Lcom/facebook/katana/service/FacebookService; onStart
V/DBox    (  985): 902403 + Lcom/facebook/katana/service/FacebookService; onStart
V/DBox    (  985): 902405 - Lcom/facebook/katana/service/FacebookService; onStart
V/DBox    (  985): 902406 + Lcom/facebook/katana/service/FacebookService; onStart
V/DBox    (  985): 902407 - Lcom/facebook/katana/service/FacebookService; onStart
V/DBox    (  985): 902410 + Lcom/facebook/katana/service/FacebookService; onStart
V/DBox    (  985): 902411 - Lcom/facebook/katana/service/FacebookService; onStart
V/DBox    (  985): 902413 + Lcom/facebook/katana/service/FacebookService; onStart
V/DBox    (  985): 902415 - Lcom/facebook/katana/service/FacebookService; onStart
V/DBox    (  985): 902417 + Lcom/facebook/katana/service/FacebookService; onStart
V/DBox    (  985): 902419 - Lcom/facebook/katana/service/FacebookService; onStart
V/DBox    (  985): 902420 + Lcom/facebook/katana/service/FacebookService; onStart
V/DBox    (  985): 902421 - Lcom/facebook/katana/service/FacebookService; onStart
V/DBox    (  985): 902422 + Lcom/facebook/katana/service/FacebookService; onStart
V/DBox    (  985): 902424 - Lcom/facebook/katana/service/FacebookService; onStart
V/DBox    (  985): 902425 + Lcom/facebook/katana/service/FacebookService; onStart
V/DBox    (  985): 902426 - Lcom/facebook/katana/service/FacebookService; onStart
V/DBox    (  985): 902426 + Lcom/facebook/katana/service/FacebookService; onStart
V/DBox    (  985): 902427 - Lcom/facebook/katana/service/FacebookService; onStart
V/DBox    (  985): 902428 + Lcom/facebook/katana/service/FacebookService; onStart
V/DBox    (  985): 902429 - Lcom/facebook/katana/service/FacebookService; onStart
V/DBox    (  985): 902430 + Lcom/facebook/katana/service/FacebookService; onStart
V/DBox    (  985): 902431 - Lcom/facebook/katana/service/FacebookService; onStart
V/DBox    (  985): 902433 + Lcom/facebook/katana/service/FacebookService; onStart
V/DBox    (  985): 902492 - Lcom/facebook/katana/service/FacebookService; onStart
V/DBox    (  985): 902493 + Lcom/facebook/katana/service/FacebookService; onStart
V/DBox    (  985): 902494 - Lcom/facebook/katana/service/FacebookService; onStart
V/DBox    (  985): 902495 + Lcom/facebook/katana/service/FacebookService; onStart
V/DBox    (  985): 902496 - Lcom/facebook/katana/service/FacebookService; onStart
V/DBox    (  985): 902497 + Lcom/facebook/katana/service/FacebookService; onStart
V/DBox    (  985): 902498 - Lcom/facebook/katana/service/FacebookService; onStart
V/DBox    (  985): 902505 + Lcom/facebook/katana/service/FacebookService; onStart
V/DBox    (  985): 902506 - Lcom/facebook/katana/service/FacebookService; onStart
V/DBox    (  985): 902506 + Lcom/facebook/katana/service/FacebookService; onStart
V/DBox    (  985): 902507 - Lcom/facebook/katana/service/FacebookService; onStart
V/DBox    (  985): 902508 + Lcom/facebook/katana/service/FacebookService; onStart
V/DBox    (  985): 902509 - Lcom/facebook/katana/service/FacebookService; onStart
V/DBox    (  985): 902510 + Lcom/facebook/katana/service/FacebookService; onStart
V/DBox    (  985): 902511 - Lcom/facebook/katana/service/FacebookService; onStart
V/DBox    (  985): 902516 + Lcom/facebook/katana/service/FacebookService; onStart
V/DBox    (  985): 902516 - Lcom/facebook/katana/service/FacebookService; onStart
V/DBox    (  985): 902517 + Lcom/facebook/katana/service/FacebookService; onStart
V/DBox    (  985): 902518 - Lcom/facebook/katana/service/FacebookService; onStart
V/DBox    (  985): 902521 + Lcom/facebook/katana/service/FacebookService; onStart
V/DBox    (  985): 902522 - Lcom/facebook/katana/service/FacebookService; onStart
V/DBox    (  985): 902523 + Lcom/facebook/katana/service/FacebookService; onStart
V/DBox    (  985): 902524 - Lcom/facebook/katana/service/FacebookService; onStart
V/DBox    (  985): 902527 + Lcom/facebook/katana/service/FacebookService; onStart
V/DBox    (  985): 902528 - Lcom/facebook/katana/service/FacebookService; onStart
V/DBox    (  985): 902530 + Lcom/facebook/katana/service/FacebookService; onStart
V/DBox    (  985): 902532 - Lcom/facebook/katana/service/FacebookService; onStart
V/DBox    (  985): 902532 + Lcom/facebook/katana/service/FacebookService; onStart
V/DBox    (  985): 902534 - Lcom/facebook/katana/service/FacebookService; onStart
V/DBox    (  985): 902536 + Lcom/facebook/katana/service/FacebookService; onStart
V/DBox    (  985): 902538 - Lcom/facebook/katana/service/FacebookService; onStart
V/DBox    (  985): 902540 + Lcom/facebook/katana/service/FacebookService; onStart
V/DBox    (  985): 902541 - Lcom/facebook/katana/service/FacebookService; onStart
V/DBox    (  985): 902542 + Lcom/facebook/katana/service/FacebookService; onStart
V/DBox    (  985): 902544 - Lcom/facebook/katana/service/FacebookService; onStart
V/DBox    (  985): 902545 + Lcom/facebook/katana/service/FacebookService; onStart
V/DBox    (  985): 902546 - Lcom/facebook/katana/service/FacebookService; onStart
V/DBox    (  985): 902549 + Lcom/facebook/katana/service/FacebookService; onStart
V/DBox    (  985): 902550 - Lcom/facebook/katana/service/FacebookService; onStart
V/DBox    (  985): 902552 + Lcom/facebook/katana/service/FacebookService; onStart
V/DBox    (  985): 902554 - Lcom/facebook/katana/service/FacebookService; onStart
V/DBox    (  985): 902555 + Lcom/facebook/katana/service/FacebookService; onStart
V/DBox    (  985): 902555 - Lcom/facebook/katana/service/FacebookService; onStart
V/DBox    (  985): 902556 + Lcom/facebook/katana/service/FacebookService; onStart
V/DBox    (  985): 902558 - Lcom/facebook/katana/service/FacebookService; onStart
V/DBox    (  985): 902559 + Lcom/facebook/katana/service/FacebookService; onStart
V/DBox    (  985): 902560 - Lcom/facebook/katana/service/FacebookService; onStart
V/DBox    (  985): 902561 + Lcom/facebook/katana/service/FacebookService; onStart
V/DBox    (  985): 902561 - Lcom/facebook/katana/service/FacebookService; onStart
V/DBox    (  985): 902563 + Lcom/facebook/katana/service/FacebookService; onStart
V/DBox    (  985): 902564 - Lcom/facebook/katana/service/FacebookService; onStart
V/DBox    (  985): 902565 + Lcom/facebook/katana/service/FacebookService; onStart
V/DBox    (  985): 902566 - Lcom/facebook/katana/service/FacebookService; onStart
V/DBox    (  985): 902567 + Lcom/facebook/katana/service/FacebookService; onStart
V/DBox    (  985): 902568 - Lcom/facebook/katana/service/FacebookService; onStart
V/DBox    (  985): 902569 + Lcom/facebook/katana/service/FacebookService; onStart
V/DBox    (  985): 902569 - Lcom/facebook/katana/service/FacebookService; onStart
V/DBox    (  985): 902570 + Lcom/facebook/katana/service/FacebookService; onStart
V/DBox    (  985): 902571 - Lcom/facebook/katana/service/FacebookService; onStart
V/DBox    (  985): 902572 + Lcom/facebook/katana/service/FacebookService; onStart
V/DBox    (  985): 902573 - Lcom/facebook/katana/service/FacebookService; onStart
V/DBox    (  985): 902573 + Lcom/facebook/katana/service/FacebookService; onStart
V/DBox    (  985): 902574 - Lcom/facebook/katana/service/FacebookService; onStart
V/DBox    (  985): 902575 + Lcom/facebook/katana/service/FacebookService; onStart
V/DBox    (  985): 902576 - Lcom/facebook/katana/service/FacebookService; onStart
V/DBox    (  985): 902577 + Lcom/facebook/katana/service/FacebookService; onStart
V/DBox    (  985): 902578 - Lcom/facebook/katana/service/FacebookService; onStart
V/DBox    (  985): 902579 + Lcom/facebook/katana/service/FacebookService; onStart
V/DBox    (  985): 902580 - Lcom/facebook/katana/service/FacebookService; onStart
V/DBox    (  985): 902581 + Lcom/facebook/katana/service/FacebookService; onStart
V/DBox    (  985): 902582 - Lcom/facebook/katana/service/FacebookService; onStart
V/DBox    (  985): 902582 + Lcom/facebook/katana/service/FacebookService; onStart
V/DBox    (  985): 902583 - Lcom/facebook/katana/service/FacebookService; onStart
V/DBox    (  985): 902584 + Lcom/facebook/katana/service/FacebookService; onStart
V/DBox    (  985): 902585 - Lcom/facebook/katana/service/FacebookService; onStart
V/DBox    (  985): 902586 + Lcom/facebook/katana/service/FacebookService; onStart
V/DBox    (  985): 902586 - Lcom/facebook/katana/service/FacebookService; onStart
V/DBox    (  985): 902587 + Lcom/facebook/katana/service/FacebookService; onStart
V/DBox    (  985): 902588 - Lcom/facebook/katana/service/FacebookService; onStart
V/DBox    (  985): 902589 + Lcom/facebook/katana/service/FacebookService; onStart
V/DBox    (  985): 902590 - Lcom/facebook/katana/service/FacebookService; onStart
V/DBox    (  985): 902591 + Lcom/facebook/katana/service/FacebookService; onStart
V/DBox    (  985): 902591 - Lcom/facebook/katana/service/FacebookService; onStart
V/DBox    (  985): 902592 + Lcom/facebook/katana/service/FacebookService; onStart
V/DBox    (  985): 902593 - Lcom/facebook/katana/service/FacebookService; onStart
V/DBox    (  985): 902594 + Lcom/facebook/katana/service/FacebookService; onStart
V/DBox    (  985): 902595 - Lcom/facebook/katana/service/FacebookService; onStart
V/DBox    (  985): 902596 + Lcom/facebook/katana/service/FacebookService; onStart
V/DBox    (  985): 902597 - Lcom/facebook/katana/service/FacebookService; onStart
V/DBox    (  985): 902597 + Lcom/facebook/katana/service/FacebookService; onStart
V/DBox    (  985): 902598 - Lcom/facebook/katana/service/FacebookService; onStart
V/DBox    (  985): 902600 + Lcom/facebook/katana/service/FacebookService; onStart
V/DBox    (  985): 902601 - Lcom/facebook/katana/service/FacebookService; onStart
V/DBox    (  985): 902601 + Lcom/facebook/katana/service/FacebookService; onStart
V/DBox    (  985): 902602 - Lcom/facebook/katana/service/FacebookService; onStart
V/DBox    (  985): 902603 + Lcom/facebook/katana/service/FacebookService; onStart
V/DBox    (  985): 902604 - Lcom/facebook/katana/service/FacebookService; onStart
V/DBox    (  985): 902605 + Lcom/facebook/katana/service/FacebookService; onStart
V/DBox    (  985): 902606 - Lcom/facebook/katana/service/FacebookService; onStart
V/DBox    (  985): 902607 + Lcom/facebook/katana/service/FacebookService; onStart
V/DBox    (  985): 902608 - Lcom/facebook/katana/service/FacebookService; onStart
V/DBox    (  985): 902609 + Lcom/facebook/katana/service/FacebookService; onStart
V/DBox    (  985): 902609 - Lcom/facebook/katana/service/FacebookService; onStart
V/DBox    (  985): 902610 + Lcom/facebook/katana/service/FacebookService; onStart
V/DBox    (  985): 902611 - Lcom/facebook/katana/service/FacebookService; onStart
V/DBox    (  985): 902612 + Lcom/facebook/katana/service/FacebookService; onStart
V/DBox    (  985): 902612 - Lcom/facebook/katana/service/FacebookService; onStart
V/DBox    (  985): 902614 + Lcom/facebook/katana/service/FacebookService; onStart
V/DBox    (  985): 902614 - Lcom/facebook/katana/service/FacebookService; onStart
V/DBox    (  985): 902615 + Lcom/facebook/katana/service/FacebookService; onStart
V/DBox    (  985): 902616 - Lcom/facebook/katana/service/FacebookService; onStart
V/DBox    (  985): 902617 + Lcom/facebook/katana/service/FacebookService; onStart
V/DBox    (  985): 902617 - Lcom/facebook/katana/service/FacebookService; onStart
V/DBox    (  985): 902619 + Lcom/facebook/katana/service/FacebookService; onStart
V/DBox    (  985): 902619 - Lcom/facebook/katana/service/FacebookService; onStart
V/DBox    (  985): 902620 + Lcom/facebook/katana/service/FacebookService; onStart
V/DBox    (  985): 902621 - Lcom/facebook/katana/service/FacebookService; onStart
V/DBox    (  985): 902622 + Lcom/facebook/katana/service/FacebookService; onStart
V/DBox    (  985): 902623 - Lcom/facebook/katana/service/FacebookService; onStart
V/DBox    (  985): 902624 + Lcom/facebook/katana/service/FacebookService; onStart
V/DBox    (  985): 902624 - Lcom/facebook/katana/service/FacebookService; onStart
V/DBox    (  985): 902625 + Lcom/facebook/katana/service/FacebookService; onStart
V/DBox    (  985): 902626 - Lcom/facebook/katana/service/FacebookService; onStart
V/DBox    (  985): 902626 + Lcom/facebook/katana/service/FacebookService; onStart
V/DBox    (  985): 902627 - Lcom/facebook/katana/service/FacebookService; onStart
V/DBox    (  985): 902628 + Lcom/facebook/katana/service/FacebookService; onStart
V/DBox    (  985): 902628 - Lcom/facebook/katana/service/FacebookService; onStart
V/DBox    (  985): 902629 + Lcom/facebook/katana/service/FacebookService; onStart
V/DBox    (  985): 902630 - Lcom/facebook/katana/service/FacebookService; onStart
V/DBox    (  985): 902631 + Lcom/facebook/katana/service/FacebookService; onStart
V/DBox    (  985): 902631 - Lcom/facebook/katana/service/FacebookService; onStart
V/DBox    (  985): 902632 + Lcom/facebook/katana/service/FacebookService; onStart
V/DBox    (  985): 902633 - Lcom/facebook/katana/service/FacebookService; onStart
V/DBox    (  985): 902634 + Lcom/facebook/katana/service/FacebookService; onStart
V/DBox    (  985): 902634 - Lcom/facebook/katana/service/FacebookService; onStart
V/DBox    (  985): 902635 + Lcom/facebook/katana/service/FacebookService; onStart
V/DBox    (  985): 902636 - Lcom/facebook/katana/service/FacebookService; onStart
V/DBox    (  985): 902636 + Lcom/facebook/katana/service/FacebookService; onStart
V/DBox    (  985): 902637 - Lcom/facebook/katana/service/FacebookService; onStart
V/DBox    (  985): 902638 + Lcom/facebook/katana/service/FacebookService; onStart
V/DBox    (  985): 902638 - Lcom/facebook/katana/service/FacebookService; onStart
V/DBox    (  985): 902639 + Lcom/facebook/katana/service/FacebookService; onStart
V/DBox    (  985): 902640 - Lcom/facebook/katana/service/FacebookService; onStart
V/DBox    (  985): 902641 + Lcom/facebook/katana/service/FacebookService; onStart
V/DBox    (  985): 902641 - Lcom/facebook/katana/service/FacebookService; onStart
V/DBox    (  985): 902642 + Lcom/facebook/katana/service/FacebookService; onStart
V/DBox    (  985): 902643 - Lcom/facebook/katana/service/FacebookService; onStart
V/DBox    (  985): 902644 + Lcom/facebook/katana/service/FacebookService; onStart
V/DBox    (  985): 902644 - Lcom/facebook/katana/service/FacebookService; onStart
V/DBox    (  985): 902645 + Lcom/facebook/katana/service/FacebookService; onStart
V/DBox    (  985): 902646 - Lcom/facebook/katana/service/FacebookService; onStart
V/DBox    (  985): 902646 + Lcom/facebook/katana/service/FacebookService; onStart
V/DBox    (  985): 902647 - Lcom/facebook/katana/service/FacebookService; onStart
V/DBox    (  985): 902648 + Lcom/facebook/katana/service/FacebookService; onStart
V/DBox    (  985): 902648 - Lcom/facebook/katana/service/FacebookService; onStart
V/DBox    (  985): 902649 + Lcom/facebook/katana/service/FacebookService; onStart
V/DBox    (  985): 902652 - Lcom/facebook/katana/service/FacebookService; onStart
V/DBox    (  985): 902652 + Lcom/facebook/katana/service/FacebookService; onStart
V/DBox    (  985): 902653 - Lcom/facebook/katana/service/FacebookService; onStart
V/DBox    (  985): 902654 + Lcom/facebook/katana/service/FacebookService; onStart
V/DBox    (  985): 902656 - Lcom/facebook/katana/service/FacebookService; onStart
V/DBox    (  985): 902657 + Lcom/facebook/katana/service/FacebookService; onStart
V/DBox    (  985): 902658 - Lcom/facebook/katana/service/FacebookService; onStart
V/DBox    (  985): 902659 + Lcom/facebook/katana/service/FacebookService; onStart
V/DBox    (  985): 902659 - Lcom/facebook/katana/service/FacebookService; onStart
V/DBox    (  985): 902660 + Lcom/facebook/katana/service/FacebookService; onStart
V/DBox    (  985): 902661 - Lcom/facebook/katana/service/FacebookService; onStart
V/DBox    (  985): 902666 + Lcom/facebook/katana/service/FacebookService; onStart
V/DBox    (  985): 902666 - Lcom/facebook/katana/service/FacebookService; onStart
V/DBox    (  985): 902667 + Lcom/facebook/katana/service/FacebookService; onStart
V/DBox    (  985): 902669 - Lcom/facebook/katana/service/FacebookService; onStart
V/DBox    (  985): 902671 + Lcom/facebook/katana/service/FacebookService; onStart
V/DBox    (  985): 902672 - Lcom/facebook/katana/service/FacebookService; onStart
V/DBox    (  985): 902674 + Lcom/facebook/katana/service/FacebookService; onStart
V/DBox    (  985): 902676 - Lcom/facebook/katana/service/FacebookService; onStart
V/DBox    (  985): 902677 + Lcom/facebook/katana/service/FacebookService; onStart
V/DBox    (  985): 902677 - Lcom/facebook/katana/service/FacebookService; onStart
V/DBox    (  985): 902679 + Lcom/facebook/katana/service/FacebookService; onStart
V/DBox    (  985): 902682 - Lcom/facebook/katana/service/FacebookService; onStart
V/DBox    (  985): 902684 + Lcom/facebook/katana/service/FacebookService; onStart
V/DBox    (  985): 902685 - Lcom/facebook/katana/service/FacebookService; onStart
V/DBox    (  985): 902686 + Lcom/facebook/katana/service/FacebookService; onStart
V/DBox    (  985): 902687 - Lcom/facebook/katana/service/FacebookService; onStart
V/DBox    (  985): 902688 + Lcom/facebook/katana/service/FacebookService; onStart
V/DBox    (  985): 902689 - Lcom/facebook/katana/service/FacebookService; onStart
V/DBox    (  985): 902690 + Lcom/facebook/katana/service/FacebookService; onStart
V/DBox    (  985): 902691 - Lcom/facebook/katana/service/FacebookService; onStart
V/DBox    (  985): 902693 + Lcom/facebook/katana/service/FacebookService; onStart
V/DBox    (  985): 902694 - Lcom/facebook/katana/service/FacebookService; onStart
V/DBox    (  985): 902694 + Lcom/facebook/katana/service/FacebookService; onStart
V/DBox    (  985): 902695 - Lcom/facebook/katana/service/FacebookService; onStart
V/DBox    (  985): 902696 + Lcom/facebook/katana/service/FacebookService; onStart
V/DBox    (  985): 902696 - Lcom/facebook/katana/service/FacebookService; onStart
V/DBox    (  985): 902697 + Lcom/facebook/katana/service/FacebookService; onStart
V/DBox    (  985): 902698 - Lcom/facebook/katana/service/FacebookService; onStart
V/DBox    (  985): 902698 + Lcom/facebook/katana/service/FacebookService; onStart
V/DBox    (  985): 902699 - Lcom/facebook/katana/service/FacebookService; onStart
V/DBox    (  985): 902700 + Lcom/facebook/katana/service/FacebookService; onStart
V/DBox    (  985): 902700 - Lcom/facebook/katana/service/FacebookService; onStart
V/DBox    (  985): 902701 + Lcom/facebook/katana/service/FacebookService; onStart
V/DBox    (  985): 902702 - Lcom/facebook/katana/service/FacebookService; onStart
V/DBox    (  985): 902702 + Lcom/facebook/katana/service/FacebookService; onStart
V/DBox    (  985): 902703 - Lcom/facebook/katana/service/FacebookService; onStart
V/DBox    (  985): 902704 + Lcom/facebook/katana/service/FacebookService; onStart
V/DBox    (  985): 902704 - Lcom/facebook/katana/service/FacebookService; onStart
V/DBox    (  985): 902705 + Lcom/facebook/katana/service/FacebookService; onStart
V/DBox    (  985): 902706 - Lcom/facebook/katana/service/FacebookService; onStart
V/DBox    (  985): 902706 + Lcom/facebook/katana/service/FacebookService; onStart
V/DBox    (  985): 902707 - Lcom/facebook/katana/service/FacebookService; onStart
V/DBox    (  985): 902708 + Lcom/facebook/katana/service/FacebookService; onStart
V/DBox    (  985): 902708 - Lcom/facebook/katana/service/FacebookService; onStart
V/DBox    (  985): 902709 + Lcom/facebook/katana/service/FacebookService; onStart
V/DBox    (  985): 902710 - Lcom/facebook/katana/service/FacebookService; onStart
V/DBox    (  985): 902710 + Lcom/facebook/katana/service/FacebookService; onStart
V/DBox    (  985): 902711 - Lcom/facebook/katana/service/FacebookService; onStart
V/DBox    (  985): 902725 + Lcom/facebook/katana/service/FacebookService; onStart
V/DBox    (  985): 902726 - Lcom/facebook/katana/service/FacebookService; onStart
V/DBox    (  985): 902728 + Lcom/facebook/katana/service/FacebookService; onStart
V/DBox    (  985): 902729 - Lcom/facebook/katana/service/FacebookService; onStart
V/DBox    (  985): 902734 + Lcom/facebook/katana/service/FacebookService; onStart
V/DBox    (  985): 902740 - Lcom/facebook/katana/service/FacebookService; onStart
V/DBox    (  985): 902741 + Lcom/facebook/katana/service/FacebookService; onStart
V/DBox    (  985): 902741 - Lcom/facebook/katana/service/FacebookService; onStart
V/DBox    (  985): 902742 + Lcom/facebook/katana/service/FacebookService; onStart
V/DBox    (  985): 902743 - Lcom/facebook/katana/service/FacebookService; onStart
V/DBox    (  985): 902743 + Lcom/facebook/katana/service/FacebookService; onStart
V/DBox    (  985): 902744 - Lcom/facebook/katana/service/FacebookService; onStart
V/DBox    (  985): 902745 + Lcom/facebook/katana/service/FacebookService; onStart
V/DBox    (  985): 902745 - Lcom/facebook/katana/service/FacebookService; onStart
V/DBox    (  985): 902746 + Lcom/facebook/katana/service/FacebookService; onStart
V/DBox    (  985): 902747 - Lcom/facebook/katana/service/FacebookService; onStart
V/DBox    (  985): 902750 + Lcom/facebook/katana/service/FacebookService; onStart
V/DBox    (  985): 902751 - Lcom/facebook/katana/service/FacebookService; onStart
V/DBox    (  985): 902752 + Lcom/facebook/katana/service/FacebookService; onStart
V/DBox    (  985): 902753 - Lcom/facebook/katana/service/FacebookService; onStart
V/DBox    (  985): 902753 + Lcom/facebook/katana/service/FacebookService; onStart
V/DBox    (  985): 902754 - Lcom/facebook/katana/service/FacebookService; onStart
V/DBox    (  985): 902760 + Lcom/facebook/katana/service/FacebookService; onStart
V/DBox    (  985): 902761 - Lcom/facebook/katana/service/FacebookService; onStart
V/DBox    (  985): 902762 + Lcom/facebook/katana/service/FacebookService; onStart
V/DBox    (  985): 902762 - Lcom/facebook/katana/service/FacebookService; onStart
V/DBox    (  985): 902763 + Lcom/facebook/katana/service/FacebookService; onStart
V/DBox    (  985): 902764 - Lcom/facebook/katana/service/FacebookService; onStart
V/DBox    (  985): 902765 + Lcom/facebook/katana/service/FacebookService; onStart
V/DBox    (  985): 902766 - Lcom/facebook/katana/service/FacebookService; onStart
V/DBox    (  985): 902766 + Lcom/facebook/katana/service/FacebookService; onStart
V/DBox    (  985): 902767 - Lcom/facebook/katana/service/FacebookService; onStart
V/DBox    (  985): 902773 + Lcom/facebook/katana/service/FacebookService; onStart
V/DBox    (  985): 902773 - Lcom/facebook/katana/service/FacebookService; onStart
V/DBox    (  985): 902774 + Lcom/facebook/katana/service/FacebookService; onStart
V/DBox    (  985): 902775 - Lcom/facebook/katana/service/FacebookService; onStart
V/DBox    (  985): 902775 + Lcom/facebook/katana/service/FacebookService; onStart
V/DBox    (  985): 902780 - Lcom/facebook/katana/service/FacebookService; onStart
V/DBox    (  985): 902781 + Lcom/facebook/katana/service/FacebookService; onStart
V/DBox    (  985): 902782 - Lcom/facebook/katana/service/FacebookService; onStart
V/DBox    (  985): 902782 + Lcom/facebook/katana/service/FacebookService; onStart
V/DBox    (  985): 902783 - Lcom/facebook/katana/service/FacebookService; onStart
V/DBox    (  985): 902784 + Lcom/facebook/katana/service/FacebookService; onStart
V/DBox    (  985): 902786 - Lcom/facebook/katana/service/FacebookService; onStart
V/DBox    (  985): 902787 + Lcom/facebook/katana/service/FacebookService; onStart
V/DBox    (  985): 902790 - Lcom/facebook/katana/service/FacebookService; onStart
V/DBox    (  985): 902791 + Lcom/facebook/katana/service/FacebookService; onStart
V/DBox    (  985): 902794 - Lcom/facebook/katana/service/FacebookService; onStart
V/DBox    (  985): 902795 + Lcom/facebook/katana/service/FacebookService; onStart
V/DBox    (  985): 902797 - Lcom/facebook/katana/service/FacebookService; onStart
V/DBox    (  985): 902801 + Lcom/facebook/katana/service/FacebookService; onStart
V/DBox    (  985): 902801 - Lcom/facebook/katana/service/FacebookService; onStart
V/DBox    (  985): 902807 + Lcom/facebook/katana/service/FacebookService; onStart
V/DBox    (  985): 902808 - Lcom/facebook/katana/service/FacebookService; onStart
V/DBox    (  985): 902809 + Lcom/facebook/katana/service/FacebookService; onStart
V/DBox    (  985): 902809 - Lcom/facebook/katana/service/FacebookService; onStart
V/DBox    (  985): 902811 + Lcom/facebook/katana/service/FacebookService; onStart
V/DBox    (  985): 902811 - Lcom/facebook/katana/service/FacebookService; onStart
V/DBox    (  985): 902813 + Lcom/facebook/katana/service/FacebookService; onStart
V/DBox    (  985): 902814 - Lcom/facebook/katana/service/FacebookService; onStart
V/DBox    (  985): 902816 + Lcom/facebook/katana/service/FacebookService; onStart
V/DBox    (  985): 902817 - Lcom/facebook/katana/service/FacebookService; onStart
V/DBox    (  985): 902820 + Lcom/facebook/katana/service/FacebookService; onStart
V/DBox    (  985): 902824 - Lcom/facebook/katana/service/FacebookService; onStart
V/DBox    (  985): 902826 + Lcom/facebook/katana/service/FacebookService; onStart
V/DBox    (  985): 902826 - Lcom/facebook/katana/service/FacebookService; onStart
V/DBox    (  985): 903161 + Lcom/facebook/katana/service/FacebookService; onStart
V/DBox    (  985): 903161 > Lcom/facebook/katana/binding/AppSession; acquireWakeLock
V/DBox    (  985): 903163 - Lcom/facebook/katana/service/FacebookService; onStart
V/DBox    (  985): 903164 + Lcom/facebook/katana/service/FacebookService; onStart
V/DBox    (  985): 903184 - Lcom/facebook/katana/service/FacebookService; onStart
V/DBox    (  985): 904186 + Lcom/facebook/katana/HomeActivity; onResume
V/DBox    (  985): 904186 + Lcom/facebook/katana/FacebookListActivity; onResume
V/DBox    (  985): 904189 - Lcom/facebook/katana/FacebookListActivity; onResume
V/DBox    (  985): 904197 - Lcom/facebook/katana/HomeActivity; onResume
V/DBox    (  985): 904372 + Lcom/facebook/katana/service/FacebookService; onStart
V/DBox    (  985): 904377 - Lcom/facebook/katana/service/FacebookService; onStart
V/DBox    (  985): 904378 + Lcom/facebook/katana/service/FacebookService; onStart
V/DBox    (  985): 904395 - Lcom/facebook/katana/service/FacebookService; onStart
V/DBox    (  985): 907157 + Lcom/facebook/katana/service/FacebookService; onStart
V/DBox    (  985): 907164 - Lcom/facebook/katana/service/FacebookService; onStart
V/DBox    (  985): 908238 + Lcom/facebook/katana/HomeActivity; onClick android.widget.LinearLayout@43f12c00
V/DBox    (  985): 908278 - Lcom/facebook/katana/HomeActivity; onClick
V/DBox    (  985): 908280 + Lcom/facebook/katana/HomeActivity; onPause
V/DBox    (  985): 908286 + Lcom/facebook/katana/FacebookListActivity; onPause
V/DBox    (  985): 908287 - Lcom/facebook/katana/FacebookListActivity; onPause
V/DBox    (  985): 908287 - Lcom/facebook/katana/HomeActivity; onPause
V/DBox    (  985): 908306 + Lcom/facebook/katana/UsersTabHostActivity; onCreate
V/DBox    (  985): 908393 + Lcom/facebook/katana/FriendsActivity; onCreate
V/DBox    (  985): 908422 - Lcom/facebook/katana/FriendsActivity; onCreate
V/DBox    (  985): 908432 - Lcom/facebook/katana/UsersTabHostActivity; onCreate
V/DBox    (  985): 908433 + Lcom/facebook/katana/FacebookTabActivity; onResume
V/DBox    (  985): 908435 + Lcom/facebook/katana/FriendsActivity; onResume
V/DBox    (  985): 908441 - Lcom/facebook/katana/FriendsActivity; onResume
V/DBox    (  985): 908443 - Lcom/facebook/katana/FacebookTabActivity; onResume
V/DBox    (  985): 912948 + Lcom/facebook/katana/FacebookTabActivity; onPause
V/DBox    (  985): 912971 + Lcom/facebook/katana/FriendsActivity; onPause
V/DBox    (  985): 912971 - Lcom/facebook/katana/FriendsActivity; onPause
V/DBox    (  985): 912972 - Lcom/facebook/katana/FacebookTabActivity; onPause
V/DBox    (  985): 980510 + Lcom/facebook/katana/FacebookTabActivity; onResume
V/DBox    (  985): 980533 + Lcom/facebook/katana/FriendsActivity; onResume
V/DBox    (  985): 980534 - Lcom/facebook/katana/FriendsActivity; onResume
V/DBox    (  985): 980534 - Lcom/facebook/katana/FacebookTabActivity; onResume
V/DBox    (  985): 985054 + Lcom/facebook/katana/FacebookTabActivity; onPause
V/DBox    (  985): 985056 + Lcom/facebook/katana/FriendsActivity; onPause
V/DBox    (  985): 985057 - Lcom/facebook/katana/FriendsActivity; onPause
V/DBox    (  985): 985058 - Lcom/facebook/katana/FacebookTabActivity; onPause
V/DBox    (  985): 985092 + Lcom/facebook/katana/HomeActivity; onResume
V/DBox    (  985): 985093 + Lcom/facebook/katana/FacebookListActivity; onResume
V/DBox    (  985): 985093 - Lcom/facebook/katana/FacebookListActivity; onResume
V/DBox    (  985): 985105 - Lcom/facebook/katana/HomeActivity; onResume
V/DBox    (  985): 985194 + Lcom/facebook/katana/service/FacebookService; onStart
V/DBox    (  985): 985199 - Lcom/facebook/katana/service/FacebookService; onStart
V/DBox    (  985): 985201 + Lcom/facebook/katana/service/FacebookService; onStart
V/DBox    (  985): 985240 - Lcom/facebook/katana/service/FacebookService; onStart
V/DBox    (  985): 985571 + Lcom/facebook/katana/UsersTabHostActivity; onDestroy
V/DBox    (  985): 985572 - Lcom/facebook/katana/UsersTabHostActivity; onDestroy
V/DBox    (  985): 992288 + Lcom/facebook/katana/HomeActivity; onClick android.widget.LinearLayout@43f264d8
V/DBox    (  985): 992302 - Lcom/facebook/katana/HomeActivity; onClick
V/DBox    (  985): 992309 + Lcom/facebook/katana/HomeActivity; onPause
V/DBox    (  985): 992313 + Lcom/facebook/katana/FacebookListActivity; onPause
V/DBox    (  985): 992313 - Lcom/facebook/katana/FacebookListActivity; onPause
V/DBox    (  985): 992314 - Lcom/facebook/katana/HomeActivity; onPause
V/DBox    (  985): 992330 + Lcom/facebook/katana/RequestsActivity; onCreate
V/DBox    (  985): 992358 - Lcom/facebook/katana/RequestsActivity; onCreate
V/DBox    (  985): 992358 + Lcom/facebook/katana/FacebookListActivity; onResume
V/DBox    (  985): 992358 - Lcom/facebook/katana/FacebookListActivity; onResume
V/DBox    (  985): 992363 + Lcom/facebook/katana/service/FacebookService; onStart
V/DBox    (  985): 992374 - Lcom/facebook/katana/service/FacebookService; onStart
V/DBox    (  985): 993596 + Lcom/facebook/katana/FacebookListActivity; onPause
V/DBox    (  985): 993597 - Lcom/facebook/katana/FacebookListActivity; onPause
V/DBox    (  985): 993611 + Lcom/facebook/katana/HomeActivity; onResume
V/DBox    (  985): 993612 + Lcom/facebook/katana/FacebookListActivity; onResume
V/DBox    (  985): 993612 - Lcom/facebook/katana/FacebookListActivity; onResume
V/DBox    (  985): 993624 - Lcom/facebook/katana/HomeActivity; onResume
V/DBox    (  985): 993699 + Lcom/facebook/katana/service/FacebookService; onStart
V/DBox    (  985): 993704 - Lcom/facebook/katana/service/FacebookService; onStart
V/DBox    (  985): 993705 + Lcom/facebook/katana/service/FacebookService; onStart
V/DBox    (  985): 993780 - Lcom/facebook/katana/service/FacebookService; onStart
V/DBox    (  985): 994088 + Lcom/facebook/katana/RequestsActivity; onDestroy
V/DBox    (  985): 994089 - Lcom/facebook/katana/RequestsActivity; onDestroy
V/DBox    (  985): 994576 + Lcom/facebook/katana/HomeActivity; onPause
V/DBox    (  985): 994577 + Lcom/facebook/katana/FacebookListActivity; onPause
V/DBox    (  985): 994594 - Lcom/facebook/katana/FacebookListActivity; onPause
V/DBox    (  985): 994595 - Lcom/facebook/katana/HomeActivity; onPause
